Attaching to load-k6-1
load-k6-1  | 
load-k6-1  |           /\      |‾‾| /‾‾/   /‾‾/   
load-k6-1  |      /\  /  \     |  |/  /   /  /    
load-k6-1  |     /  \/    \    |     (   /   ‾‾\  
load-k6-1  |    /          \   |  |\  \ |  (‾)  | 
load-k6-1  |   / __________ \  |__| \__\ \_____/ .io
load-k6-1  | 
load-k6-1  |   execution: local
load-k6-1  |      script: /scripts/index.js
load-k6-1  |      output: Prometheus remote write (http://prometheus:9090/api/v1/write)
load-k6-1  | 
load-k6-1  |   scenarios: (100.00%) 1 scenario, 30 max VUs, 6m0s max duration (incl. graceful stop):
load-k6-1  |            * fspiopE2E: Up to 30 looping VUs for 5m30s over 2 stages (gracefulRampDown: 30s, exec: fspiopE2EScenarios, gracefulStop: 30s)
load-k6-1  | 
load-k6-1  | 
load-k6-1  | running (0m01.0s), 01/30 VUs, 0 complete and 0 interrupted iterations
load-k6-1  | fspiopE2E   [   0% ] 01/30 VUs  0m01.0s/5m30.0s
load-k6-1  | 
load-k6-1  | running (0m02.0s), 02/30 VUs, 0 complete and 0 interrupted iterations
load-k6-1  | fspiopE2E   [   1% ] 02/30 VUs  0m02.0s/5m30.0s
load-k6-1  | 
load-k6-1  | running (0m03.0s), 03/30 VUs, 0 complete and 0 interrupted iterations
load-k6-1  | fspiopE2E   [   1% ] 03/30 VUs  0m03.0s/5m30.0s
load-k6-1  | 
load-k6-1  | running (0m04.0s), 04/30 VUs, 0 complete and 0 interrupted iterations
load-k6-1  | fspiopE2E   [   1% ] 04/30 VUs  0m04.0s/5m30.0s
load-k6-1  | 
load-k6-1  | running (0m05.0s), 05/30 VUs, 6 complete and 0 interrupted iterations
load-k6-1  | fspiopE2E   [   2% ] 05/30 VUs  0m05.0s/5m30.0s
load-k6-1  | 
load-k6-1  | running (0m06.0s), 06/30 VUs, 16 complete and 0 interrupted iterations
load-k6-1  | fspiopE2E   [   2% ] 06/30 VUs  0m06.0s/5m30.0s
load-k6-1  | 
load-k6-1  | running (0m07.0s), 07/30 VUs, 25 complete and 0 interrupted iterations
load-k6-1  | fspiopE2E   [   2% ] 07/30 VUs  0m07.0s/5m30.0s
load-k6-1  | 
load-k6-1  | running (0m08.0s), 08/30 VUs, 74 complete and 0 interrupted iterations
load-k6-1  | fspiopE2E   [   2% ] 08/30 VUs  0m08.0s/5m30.0s
load-k6-1  | 
load-k6-1  | running (0m09.0s), 09/30 VUs, 126 complete and 0 interrupted iterations
load-k6-1  | fspiopE2E   [   3% ] 09/30 VUs  0m09.0s/5m30.0s
load-k6-1  | 
load-k6-1  | running (0m10.0s), 10/30 VUs, 189 complete and 0 interrupted iterations
load-k6-1  | fspiopE2E   [   3% ] 10/30 VUs  0m10.0s/5m30.0s
load-k6-1  | 
load-k6-1  | running (0m11.0s), 11/30 VUs, 250 complete and 0 interrupted iterations
load-k6-1  | fspiopE2E   [   3% ] 11/30 VUs  0m11.0s/5m30.0s
load-k6-1  | 
load-k6-1  | running (0m12.0s), 12/30 VUs, 317 complete and 0 interrupted iterations
load-k6-1  | fspiopE2E   [   4% ] 12/30 VUs  0m12.0s/5m30.0s
load-k6-1  | 
load-k6-1  | running (0m13.0s), 13/30 VUs, 389 complete and 0 interrupted iterations
load-k6-1  | fspiopE2E   [   4% ] 13/30 VUs  0m13.0s/5m30.0s
load-k6-1  | 
load-k6-1  | running (0m14.0s), 14/30 VUs, 470 complete and 0 interrupted iterations
load-k6-1  | fspiopE2E   [   4% ] 14/30 VUs  0m14.0s/5m30.0s
load-k6-1  | 
load-k6-1  | running (0m15.0s), 15/30 VUs, 553 complete and 0 interrupted iterations
load-k6-1  | fspiopE2E   [   5% ] 15/30 VUs  0m15.0s/5m30.0s
load-k6-1  | 
load-k6-1  | running (0m16.0s), 16/30 VUs, 647 complete and 0 interrupted iterations
load-k6-1  | fspiopE2E   [   5% ] 16/30 VUs  0m16.0s/5m30.0s
load-k6-1  | 
load-k6-1  | running (0m17.0s), 17/30 VUs, 732 complete and 0 interrupted iterations
load-k6-1  | fspiopE2E   [   5% ] 17/30 VUs  0m17.0s/5m30.0s
load-k6-1  | 
load-k6-1  | running (0m18.0s), 18/30 VUs, 833 complete and 0 interrupted iterations
load-k6-1  | fspiopE2E   [   5% ] 18/30 VUs  0m18.0s/5m30.0s
load-k6-1  | 
load-k6-1  | running (0m19.0s), 19/30 VUs, 930 complete and 0 interrupted iterations
load-k6-1  | fspiopE2E   [   6% ] 19/30 VUs  0m19.0s/5m30.0s
load-k6-1  | 
load-k6-1  | running (0m20.0s), 20/30 VUs, 1035 complete and 0 interrupted iterations
load-k6-1  | fspiopE2E   [   6% ] 20/30 VUs  0m20.0s/5m30.0s
load-k6-1  | 
load-k6-1  | running (0m21.0s), 21/30 VUs, 1132 complete and 0 interrupted iterations
load-k6-1  | fspiopE2E   [   6% ] 21/30 VUs  0m21.0s/5m30.0s
load-k6-1  | 
load-k6-1  | running (0m22.0s), 22/30 VUs, 1236 complete and 0 interrupted iterations
load-k6-1  | fspiopE2E   [   7% ] 22/30 VUs  0m22.0s/5m30.0s
load-k6-1  | 
load-k6-1  | running (0m23.0s), 23/30 VUs, 1355 complete and 0 interrupted iterations
load-k6-1  | fspiopE2E   [   7% ] 23/30 VUs  0m23.0s/5m30.0s
load-k6-1  | 
load-k6-1  | running (0m24.0s), 24/30 VUs, 1474 complete and 0 interrupted iterations
load-k6-1  | fspiopE2E   [   7% ] 24/30 VUs  0m24.0s/5m30.0s
load-k6-1  | 
load-k6-1  | running (0m25.0s), 25/30 VUs, 1585 complete and 0 interrupted iterations
load-k6-1  | fspiopE2E   [   8% ] 25/30 VUs  0m25.0s/5m30.0s
load-k6-1  | 
load-k6-1  | running (0m26.0s), 26/30 VUs, 1713 complete and 0 interrupted iterations
load-k6-1  | fspiopE2E   [   8% ] 26/30 VUs  0m26.0s/5m30.0s
load-k6-1  | 
load-k6-1  | running (0m27.0s), 27/30 VUs, 1835 complete and 0 interrupted iterations
load-k6-1  | fspiopE2E   [   8% ] 27/30 VUs  0m27.0s/5m30.0s
load-k6-1  | 
load-k6-1  | running (0m28.0s), 28/30 VUs, 1966 complete and 0 interrupted iterations
load-k6-1  | fspiopE2E   [   8% ] 28/30 VUs  0m28.0s/5m30.0s
load-k6-1  | 
load-k6-1  | running (0m29.0s), 29/30 VUs, 2092 complete and 0 interrupted iterations
load-k6-1  | fspiopE2E   [   9% ] 29/30 VUs  0m29.0s/5m30.0s
load-k6-1  | 
load-k6-1  | running (0m30.0s), 29/30 VUs, 2224 complete and 0 interrupted iterations
load-k6-1  | fspiopE2E   [   9% ] 29/30 VUs  0m30.0s/5m30.0s
load-k6-1  | 
load-k6-1  | running (0m31.0s), 30/30 VUs, 2349 complete and 0 interrupted iterations
load-k6-1  | fspiopE2E   [   9% ] 30/30 VUs  0m31.0s/5m30.0s
load-k6-1  | 
load-k6-1  | running (0m32.0s), 30/30 VUs, 2490 complete and 0 interrupted iterations
load-k6-1  | fspiopE2E   [  10% ] 30/30 VUs  0m32.0s/5m30.0s
load-k6-1  | 
load-k6-1  | running (0m33.0s), 30/30 VUs, 2615 complete and 0 interrupted iterations
load-k6-1  | fspiopE2E   [  10% ] 30/30 VUs  0m33.0s/5m30.0s
load-k6-1  | 
load-k6-1  | running (0m34.0s), 30/30 VUs, 2759 complete and 0 interrupted iterations
load-k6-1  | fspiopE2E   [  10% ] 30/30 VUs  0m34.0s/5m30.0s
load-k6-1  | 
load-k6-1  | running (0m35.0s), 30/30 VUs, 2891 complete and 0 interrupted iterations
load-k6-1  | fspiopE2E   [  11% ] 30/30 VUs  0m35.0s/5m30.0s
load-k6-1  | 
load-k6-1  | running (0m36.0s), 30/30 VUs, 3030 complete and 0 interrupted iterations
load-k6-1  | fspiopE2E   [  11% ] 30/30 VUs  0m36.0s/5m30.0s
load-k6-1  | 
load-k6-1  | running (0m37.0s), 30/30 VUs, 3159 complete and 0 interrupted iterations
load-k6-1  | fspiopE2E   [  11% ] 30/30 VUs  0m37.0s/5m30.0s
load-k6-1  | 
load-k6-1  | running (0m38.0s), 30/30 VUs, 3297 complete and 0 interrupted iterations
load-k6-1  | fspiopE2E   [  12% ] 30/30 VUs  0m38.0s/5m30.0s
load-k6-1  | 
load-k6-1  | running (0m39.0s), 30/30 VUs, 3427 complete and 0 interrupted iterations
load-k6-1  | fspiopE2E   [  12% ] 30/30 VUs  0m39.0s/5m30.0s
load-k6-1  | 
load-k6-1  | running (0m40.0s), 30/30 VUs, 3569 complete and 0 interrupted iterations
load-k6-1  | fspiopE2E   [  12% ] 30/30 VUs  0m40.0s/5m30.0s
load-k6-1  | 
load-k6-1  | running (0m41.0s), 30/30 VUs, 3707 complete and 0 interrupted iterations
load-k6-1  | fspiopE2E   [  12% ] 30/30 VUs  0m41.0s/5m30.0s
load-k6-1  | 
load-k6-1  | running (0m42.0s), 30/30 VUs, 3849 complete and 0 interrupted iterations
load-k6-1  | fspiopE2E   [  13% ] 30/30 VUs  0m42.0s/5m30.0s
load-k6-1  | 
load-k6-1  | running (0m43.0s), 30/30 VUs, 3980 complete and 0 interrupted iterations
load-k6-1  | fspiopE2E   [  13% ] 30/30 VUs  0m43.0s/5m30.0s
load-k6-1  | 
load-k6-1  | running (0m44.0s), 30/30 VUs, 4125 complete and 0 interrupted iterations
load-k6-1  | fspiopE2E   [  13% ] 30/30 VUs  0m44.0s/5m30.0s
load-k6-1  | 
load-k6-1  | running (0m45.0s), 30/30 VUs, 4264 complete and 0 interrupted iterations
load-k6-1  | fspiopE2E   [  14% ] 30/30 VUs  0m45.0s/5m30.0s
load-k6-1  | 
load-k6-1  | running (0m46.0s), 30/30 VUs, 4410 complete and 0 interrupted iterations
load-k6-1  | fspiopE2E   [  14% ] 30/30 VUs  0m46.0s/5m30.0s
load-k6-1  | 
load-k6-1  | running (0m47.0s), 30/30 VUs, 4554 complete and 0 interrupted iterations
load-k6-1  | fspiopE2E   [  14% ] 30/30 VUs  0m47.0s/5m30.0s
load-k6-1  | 
load-k6-1  | running (0m48.0s), 30/30 VUs, 4683 complete and 0 interrupted iterations
load-k6-1  | fspiopE2E   [  15% ] 30/30 VUs  0m48.0s/5m30.0s
load-k6-1  | 
load-k6-1  | running (0m49.0s), 30/30 VUs, 4812 complete and 0 interrupted iterations
load-k6-1  | fspiopE2E   [  15% ] 30/30 VUs  0m49.0s/5m30.0s
load-k6-1  | 
load-k6-1  | running (0m50.0s), 30/30 VUs, 4946 complete and 0 interrupted iterations
load-k6-1  | fspiopE2E   [  15% ] 30/30 VUs  0m50.0s/5m30.0s
load-k6-1  | 
load-k6-1  | running (0m51.0s), 30/30 VUs, 5085 complete and 0 interrupted iterations
load-k6-1  | fspiopE2E   [  15% ] 30/30 VUs  0m51.0s/5m30.0s
load-k6-1  | 
load-k6-1  | running (0m52.0s), 30/30 VUs, 5223 complete and 0 interrupted iterations
load-k6-1  | fspiopE2E   [  16% ] 30/30 VUs  0m52.0s/5m30.0s
load-k6-1  | 
load-k6-1  | running (0m53.0s), 30/30 VUs, 5369 complete and 0 interrupted iterations
load-k6-1  | fspiopE2E   [  16% ] 30/30 VUs  0m53.0s/5m30.0s
load-k6-1  | 
load-k6-1  | running (0m54.0s), 30/30 VUs, 5501 complete and 0 interrupted iterations
load-k6-1  | fspiopE2E   [  16% ] 30/30 VUs  0m54.0s/5m30.0s
load-k6-1  | 
load-k6-1  | running (0m55.0s), 30/30 VUs, 5631 complete and 0 interrupted iterations
load-k6-1  | fspiopE2E   [  17% ] 30/30 VUs  0m55.0s/5m30.0s
load-k6-1  | 
load-k6-1  | running (0m56.0s), 30/30 VUs, 5770 complete and 0 interrupted iterations
load-k6-1  | fspiopE2E   [  17% ] 30/30 VUs  0m56.0s/5m30.0s
load-k6-1  | 
load-k6-1  | running (0m57.0s), 30/30 VUs, 5923 complete and 0 interrupted iterations
load-k6-1  | fspiopE2E   [  17% ] 30/30 VUs  0m57.0s/5m30.0s
load-k6-1  | 
load-k6-1  | running (0m58.0s), 30/30 VUs, 6069 complete and 0 interrupted iterations
load-k6-1  | fspiopE2E   [  18% ] 30/30 VUs  0m58.0s/5m30.0s
load-k6-1  | 
load-k6-1  | running (0m59.0s), 30/30 VUs, 6207 complete and 0 interrupted iterations
load-k6-1  | fspiopE2E   [  18% ] 30/30 VUs  0m59.0s/5m30.0s
load-k6-1  | 
load-k6-1  | running (1m00.0s), 30/30 VUs, 6350 complete and 0 interrupted iterations
load-k6-1  | fspiopE2E   [  18% ] 30/30 VUs  1m00.0s/5m30.0s
load-k6-1  | 
load-k6-1  | running (1m01.0s), 30/30 VUs, 6493 complete and 0 interrupted iterations
load-k6-1  | fspiopE2E   [  18% ] 30/30 VUs  1m01.0s/5m30.0s
load-k6-1  | 
load-k6-1  | running (1m02.0s), 30/30 VUs, 6634 complete and 0 interrupted iterations
load-k6-1  | fspiopE2E   [  19% ] 30/30 VUs  1m02.0s/5m30.0s
load-k6-1  | 
load-k6-1  | running (1m03.0s), 30/30 VUs, 6780 complete and 0 interrupted iterations
load-k6-1  | fspiopE2E   [  19% ] 30/30 VUs  1m03.0s/5m30.0s
load-k6-1  | 
load-k6-1  | running (1m04.0s), 30/30 VUs, 6924 complete and 0 interrupted iterations
load-k6-1  | fspiopE2E   [  19% ] 30/30 VUs  1m04.0s/5m30.0s
load-k6-1  | 
load-k6-1  | running (1m05.0s), 30/30 VUs, 7074 complete and 0 interrupted iterations
load-k6-1  | fspiopE2E   [  20% ] 30/30 VUs  1m05.0s/5m30.0s
load-k6-1  | 
load-k6-1  | running (1m06.0s), 30/30 VUs, 7223 complete and 0 interrupted iterations
load-k6-1  | fspiopE2E   [  20% ] 30/30 VUs  1m06.0s/5m30.0s
load-k6-1  | 
load-k6-1  | running (1m07.0s), 30/30 VUs, 7381 complete and 0 interrupted iterations
load-k6-1  | fspiopE2E   [  20% ] 30/30 VUs  1m07.0s/5m30.0s
load-k6-1  | 
load-k6-1  | running (1m08.0s), 30/30 VUs, 7532 complete and 0 interrupted iterations
load-k6-1  | fspiopE2E   [  21% ] 30/30 VUs  1m08.0s/5m30.0s
load-k6-1  | 
load-k6-1  | running (1m09.0s), 30/30 VUs, 7679 complete and 0 interrupted iterations
load-k6-1  | fspiopE2E   [  21% ] 30/30 VUs  1m09.0s/5m30.0s
load-k6-1  | 
load-k6-1  | running (1m10.0s), 30/30 VUs, 7815 complete and 0 interrupted iterations
load-k6-1  | fspiopE2E   [  21% ] 30/30 VUs  1m10.0s/5m30.0s
load-k6-1  | 
load-k6-1  | running (1m11.0s), 30/30 VUs, 7964 complete and 0 interrupted iterations
load-k6-1  | fspiopE2E   [  22% ] 30/30 VUs  1m11.0s/5m30.0s
load-k6-1  | 
load-k6-1  | running (1m12.0s), 30/30 VUs, 8120 complete and 0 interrupted iterations
load-k6-1  | fspiopE2E   [  22% ] 30/30 VUs  1m12.0s/5m30.0s
load-k6-1  | 
load-k6-1  | running (1m13.0s), 30/30 VUs, 8255 complete and 0 interrupted iterations
load-k6-1  | fspiopE2E   [  22% ] 30/30 VUs  1m13.0s/5m30.0s
load-k6-1  | 
load-k6-1  | running (1m14.0s), 30/30 VUs, 8405 complete and 0 interrupted iterations
load-k6-1  | fspiopE2E   [  22% ] 30/30 VUs  1m14.0s/5m30.0s
load-k6-1  | 
load-k6-1  | running (1m15.0s), 30/30 VUs, 8547 complete and 0 interrupted iterations
load-k6-1  | fspiopE2E   [  23% ] 30/30 VUs  1m15.0s/5m30.0s
load-k6-1  | 
load-k6-1  | running (1m16.0s), 30/30 VUs, 8693 complete and 0 interrupted iterations
load-k6-1  | fspiopE2E   [  23% ] 30/30 VUs  1m16.0s/5m30.0s
load-k6-1  | 
load-k6-1  | running (1m17.0s), 30/30 VUs, 8843 complete and 0 interrupted iterations
load-k6-1  | fspiopE2E   [  23% ] 30/30 VUs  1m17.0s/5m30.0s
load-k6-1  | 
load-k6-1  | running (1m18.0s), 30/30 VUs, 8979 complete and 0 interrupted iterations
load-k6-1  | fspiopE2E   [  24% ] 30/30 VUs  1m18.0s/5m30.0s
load-k6-1  | 
load-k6-1  | running (1m19.0s), 30/30 VUs, 9124 complete and 0 interrupted iterations
load-k6-1  | fspiopE2E   [  24% ] 30/30 VUs  1m19.0s/5m30.0s
load-k6-1  | 
load-k6-1  | running (1m20.0s), 30/30 VUs, 9270 complete and 0 interrupted iterations
load-k6-1  | fspiopE2E   [  24% ] 30/30 VUs  1m20.0s/5m30.0s
load-k6-1  | 
load-k6-1  | running (1m21.0s), 30/30 VUs, 9405 complete and 0 interrupted iterations
load-k6-1  | fspiopE2E   [  25% ] 30/30 VUs  1m21.0s/5m30.0s
load-k6-1  | 
load-k6-1  | running (1m22.0s), 30/30 VUs, 9553 complete and 0 interrupted iterations
load-k6-1  | fspiopE2E   [  25% ] 30/30 VUs  1m22.0s/5m30.0s
load-k6-1  | 
load-k6-1  | running (1m23.0s), 30/30 VUs, 9694 complete and 0 interrupted iterations
load-k6-1  | fspiopE2E   [  25% ] 30/30 VUs  1m23.0s/5m30.0s
load-k6-1  | 
load-k6-1  | running (1m24.0s), 30/30 VUs, 9830 complete and 0 interrupted iterations
load-k6-1  | fspiopE2E   [  25% ] 30/30 VUs  1m24.0s/5m30.0s
load-k6-1  | 
load-k6-1  | running (1m25.0s), 30/30 VUs, 9962 complete and 0 interrupted iterations
load-k6-1  | fspiopE2E   [  26% ] 30/30 VUs  1m25.0s/5m30.0s
load-k6-1  | 
load-k6-1  | running (1m26.0s), 30/30 VUs, 10109 complete and 0 interrupted iterations
load-k6-1  | fspiopE2E   [  26% ] 30/30 VUs  1m26.0s/5m30.0s
load-k6-1  | 
load-k6-1  | running (1m27.0s), 30/30 VUs, 10240 complete and 0 interrupted iterations
load-k6-1  | fspiopE2E   [  26% ] 30/30 VUs  1m27.0s/5m30.0s
load-k6-1  | 
load-k6-1  | running (1m28.0s), 30/30 VUs, 10391 complete and 0 interrupted iterations
load-k6-1  | fspiopE2E   [  27% ] 30/30 VUs  1m28.0s/5m30.0s
load-k6-1  | 
load-k6-1  | running (1m29.0s), 30/30 VUs, 10538 complete and 0 interrupted iterations
load-k6-1  | fspiopE2E   [  27% ] 30/30 VUs  1m29.0s/5m30.0s
load-k6-1  | 
load-k6-1  | running (1m30.0s), 30/30 VUs, 10680 complete and 0 interrupted iterations
load-k6-1  | fspiopE2E   [  27% ] 30/30 VUs  1m30.0s/5m30.0s
load-k6-1  | 
load-k6-1  | running (1m31.0s), 30/30 VUs, 10817 complete and 0 interrupted iterations
load-k6-1  | fspiopE2E   [  28% ] 30/30 VUs  1m31.0s/5m30.0s
load-k6-1  | 
load-k6-1  | running (1m32.0s), 30/30 VUs, 10963 complete and 0 interrupted iterations
load-k6-1  | fspiopE2E   [  28% ] 30/30 VUs  1m32.0s/5m30.0s
load-k6-1  | 
load-k6-1  | running (1m33.0s), 30/30 VUs, 11108 complete and 0 interrupted iterations
load-k6-1  | fspiopE2E   [  28% ] 30/30 VUs  1m33.0s/5m30.0s
load-k6-1  | 
load-k6-1  | running (1m34.0s), 30/30 VUs, 11260 complete and 0 interrupted iterations
load-k6-1  | fspiopE2E   [  28% ] 30/30 VUs  1m34.0s/5m30.0s
load-k6-1  | 
load-k6-1  | running (1m35.0s), 30/30 VUs, 11402 complete and 0 interrupted iterations
load-k6-1  | fspiopE2E   [  29% ] 30/30 VUs  1m35.0s/5m30.0s
load-k6-1  | 
load-k6-1  | running (1m36.0s), 30/30 VUs, 11545 complete and 0 interrupted iterations
load-k6-1  | fspiopE2E   [  29% ] 30/30 VUs  1m36.0s/5m30.0s
load-k6-1  | 
load-k6-1  | running (1m37.0s), 30/30 VUs, 11677 complete and 0 interrupted iterations
load-k6-1  | fspiopE2E   [  29% ] 30/30 VUs  1m37.0s/5m30.0s
load-k6-1  | 
load-k6-1  | running (1m38.0s), 30/30 VUs, 11811 complete and 0 interrupted iterations
load-k6-1  | fspiopE2E   [  30% ] 30/30 VUs  1m38.0s/5m30.0s
load-k6-1  | 
load-k6-1  | running (1m39.0s), 30/30 VUs, 11958 complete and 0 interrupted iterations
load-k6-1  | fspiopE2E   [  30% ] 30/30 VUs  1m39.0s/5m30.0s
load-k6-1  | 
load-k6-1  | running (1m40.0s), 30/30 VUs, 12108 complete and 0 interrupted iterations
load-k6-1  | fspiopE2E   [  30% ] 30/30 VUs  1m40.0s/5m30.0s
load-k6-1  | 
load-k6-1  | running (1m41.0s), 30/30 VUs, 12246 complete and 0 interrupted iterations
load-k6-1  | fspiopE2E   [  31% ] 30/30 VUs  1m41.0s/5m30.0s
load-k6-1  | 
load-k6-1  | running (1m42.0s), 30/30 VUs, 12386 complete and 0 interrupted iterations
load-k6-1  | fspiopE2E   [  31% ] 30/30 VUs  1m42.0s/5m30.0s
load-k6-1  | 
load-k6-1  | running (1m43.0s), 30/30 VUs, 12516 complete and 0 interrupted iterations
load-k6-1  | fspiopE2E   [  31% ] 30/30 VUs  1m43.0s/5m30.0s
load-k6-1  | 
load-k6-1  | running (1m44.0s), 30/30 VUs, 12658 complete and 0 interrupted iterations
load-k6-1  | fspiopE2E   [  32% ] 30/30 VUs  1m44.0s/5m30.0s
load-k6-1  | 
load-k6-1  | running (1m45.0s), 30/30 VUs, 12805 complete and 0 interrupted iterations
load-k6-1  | fspiopE2E   [  32% ] 30/30 VUs  1m45.0s/5m30.0s
load-k6-1  | 
load-k6-1  | running (1m46.0s), 30/30 VUs, 12950 complete and 0 interrupted iterations
load-k6-1  | fspiopE2E   [  32% ] 30/30 VUs  1m46.0s/5m30.0s
load-k6-1  | 
load-k6-1  | running (1m47.0s), 30/30 VUs, 13103 complete and 0 interrupted iterations
load-k6-1  | fspiopE2E   [  32% ] 30/30 VUs  1m47.0s/5m30.0s
load-k6-1  | 
load-k6-1  | running (1m48.0s), 30/30 VUs, 13243 complete and 0 interrupted iterations
load-k6-1  | fspiopE2E   [  33% ] 30/30 VUs  1m48.0s/5m30.0s
load-k6-1  | 
load-k6-1  | running (1m49.0s), 30/30 VUs, 13396 complete and 0 interrupted iterations
load-k6-1  | fspiopE2E   [  33% ] 30/30 VUs  1m49.0s/5m30.0s
load-k6-1  | 
load-k6-1  | running (1m50.0s), 30/30 VUs, 13533 complete and 0 interrupted iterations
load-k6-1  | fspiopE2E   [  33% ] 30/30 VUs  1m50.0s/5m30.0s
load-k6-1  | 
load-k6-1  | running (1m51.0s), 30/30 VUs, 13667 complete and 0 interrupted iterations
load-k6-1  | fspiopE2E   [  34% ] 30/30 VUs  1m51.0s/5m30.0s
load-k6-1  | 
load-k6-1  | running (1m52.0s), 30/30 VUs, 13808 complete and 0 interrupted iterations
load-k6-1  | fspiopE2E   [  34% ] 30/30 VUs  1m52.0s/5m30.0s
load-k6-1  | 
load-k6-1  | running (1m53.0s), 30/30 VUs, 13952 complete and 0 interrupted iterations
load-k6-1  | fspiopE2E   [  34% ] 30/30 VUs  1m53.0s/5m30.0s
load-k6-1  | 
load-k6-1  | running (1m54.0s), 30/30 VUs, 14100 complete and 0 interrupted iterations
load-k6-1  | fspiopE2E   [  35% ] 30/30 VUs  1m54.0s/5m30.0s
load-k6-1  | 
load-k6-1  | running (1m55.0s), 30/30 VUs, 14250 complete and 0 interrupted iterations
load-k6-1  | fspiopE2E   [  35% ] 30/30 VUs  1m55.0s/5m30.0s
load-k6-1  | 
load-k6-1  | running (1m56.0s), 30/30 VUs, 14389 complete and 0 interrupted iterations
load-k6-1  | fspiopE2E   [  35% ] 30/30 VUs  1m56.0s/5m30.0s
load-k6-1  | 
load-k6-1  | running (1m57.0s), 30/30 VUs, 14537 complete and 0 interrupted iterations
load-k6-1  | fspiopE2E   [  35% ] 30/30 VUs  1m57.0s/5m30.0s
load-k6-1  | 
load-k6-1  | running (1m58.0s), 30/30 VUs, 14686 complete and 0 interrupted iterations
load-k6-1  | fspiopE2E   [  36% ] 30/30 VUs  1m58.0s/5m30.0s
load-k6-1  | 
load-k6-1  | running (1m59.0s), 30/30 VUs, 14835 complete and 0 interrupted iterations
load-k6-1  | fspiopE2E   [  36% ] 30/30 VUs  1m59.0s/5m30.0s
load-k6-1  | 
load-k6-1  | running (2m00.0s), 30/30 VUs, 14981 complete and 0 interrupted iterations
load-k6-1  | fspiopE2E   [  36% ] 30/30 VUs  2m00.0s/5m30.0s
load-k6-1  | 
load-k6-1  | running (2m01.0s), 30/30 VUs, 15109 complete and 0 interrupted iterations
load-k6-1  | fspiopE2E   [  37% ] 30/30 VUs  2m01.0s/5m30.0s
load-k6-1  | 
load-k6-1  | running (2m02.0s), 30/30 VUs, 15256 complete and 0 interrupted iterations
load-k6-1  | fspiopE2E   [  37% ] 30/30 VUs  2m02.0s/5m30.0s
load-k6-1  | 
load-k6-1  | running (2m03.0s), 30/30 VUs, 15403 complete and 0 interrupted iterations
load-k6-1  | fspiopE2E   [  37% ] 30/30 VUs  2m03.0s/5m30.0s
load-k6-1  | 
load-k6-1  | running (2m04.0s), 30/30 VUs, 15554 complete and 0 interrupted iterations
load-k6-1  | fspiopE2E   [  38% ] 30/30 VUs  2m04.0s/5m30.0s
load-k6-1  | 
load-k6-1  | running (2m05.0s), 30/30 VUs, 15713 complete and 0 interrupted iterations
load-k6-1  | fspiopE2E   [  38% ] 30/30 VUs  2m05.0s/5m30.0s
load-k6-1  | 
load-k6-1  | running (2m06.0s), 30/30 VUs, 15866 complete and 0 interrupted iterations
load-k6-1  | fspiopE2E   [  38% ] 30/30 VUs  2m06.0s/5m30.0s
load-k6-1  | 
load-k6-1  | running (2m07.0s), 30/30 VUs, 16020 complete and 0 interrupted iterations
load-k6-1  | fspiopE2E   [  38% ] 30/30 VUs  2m07.0s/5m30.0s
load-k6-1  | 
load-k6-1  | running (2m08.0s), 30/30 VUs, 16159 complete and 0 interrupted iterations
load-k6-1  | fspiopE2E   [  39% ] 30/30 VUs  2m08.0s/5m30.0s
load-k6-1  | 
load-k6-1  | running (2m09.0s), 30/30 VUs, 16311 complete and 0 interrupted iterations
load-k6-1  | fspiopE2E   [  39% ] 30/30 VUs  2m09.0s/5m30.0s
load-k6-1  | 
load-k6-1  | running (2m10.0s), 30/30 VUs, 16464 complete and 0 interrupted iterations
load-k6-1  | fspiopE2E   [  39% ] 30/30 VUs  2m10.0s/5m30.0s
load-k6-1  | 
load-k6-1  | running (2m11.0s), 30/30 VUs, 16593 complete and 0 interrupted iterations
load-k6-1  | fspiopE2E   [  40% ] 30/30 VUs  2m11.0s/5m30.0s
load-k6-1  | 
load-k6-1  | running (2m12.0s), 30/30 VUs, 16741 complete and 0 interrupted iterations
load-k6-1  | fspiopE2E   [  40% ] 30/30 VUs  2m12.0s/5m30.0s
load-k6-1  | 
load-k6-1  | running (2m13.0s), 30/30 VUs, 16878 complete and 0 interrupted iterations
load-k6-1  | fspiopE2E   [  40% ] 30/30 VUs  2m13.0s/5m30.0s
load-k6-1  | 
load-k6-1  | running (2m14.0s), 30/30 VUs, 17027 complete and 0 interrupted iterations
load-k6-1  | fspiopE2E   [  41% ] 30/30 VUs  2m14.0s/5m30.0s
load-k6-1  | 
load-k6-1  | running (2m15.0s), 30/30 VUs, 17158 complete and 0 interrupted iterations
load-k6-1  | fspiopE2E   [  41% ] 30/30 VUs  2m15.0s/5m30.0s
load-k6-1  | 
load-k6-1  | running (2m16.0s), 30/30 VUs, 17276 complete and 0 interrupted iterations
load-k6-1  | fspiopE2E   [  41% ] 30/30 VUs  2m16.0s/5m30.0s
load-k6-1  | 
load-k6-1  | running (2m17.0s), 30/30 VUs, 17408 complete and 0 interrupted iterations
load-k6-1  | fspiopE2E   [  42% ] 30/30 VUs  2m17.0s/5m30.0s
load-k6-1  | 
load-k6-1  | running (2m18.0s), 30/30 VUs, 17550 complete and 0 interrupted iterations
load-k6-1  | fspiopE2E   [  42% ] 30/30 VUs  2m18.0s/5m30.0s
load-k6-1  | 
load-k6-1  | running (2m19.0s), 30/30 VUs, 17699 complete and 0 interrupted iterations
load-k6-1  | fspiopE2E   [  42% ] 30/30 VUs  2m19.0s/5m30.0s
load-k6-1  | 
load-k6-1  | running (2m20.0s), 30/30 VUs, 17848 complete and 0 interrupted iterations
load-k6-1  | fspiopE2E   [  42% ] 30/30 VUs  2m20.0s/5m30.0s
load-k6-1  | 
load-k6-1  | running (2m21.0s), 30/30 VUs, 17974 complete and 0 interrupted iterations
load-k6-1  | fspiopE2E   [  43% ] 30/30 VUs  2m21.0s/5m30.0s
load-k6-1  | 
load-k6-1  | running (2m22.0s), 30/30 VUs, 18114 complete and 0 interrupted iterations
load-k6-1  | fspiopE2E   [  43% ] 30/30 VUs  2m22.0s/5m30.0s
load-k6-1  | 
load-k6-1  | running (2m23.0s), 30/30 VUs, 18257 complete and 0 interrupted iterations
load-k6-1  | fspiopE2E   [  43% ] 30/30 VUs  2m23.0s/5m30.0s
load-k6-1  | 
load-k6-1  | running (2m24.0s), 30/30 VUs, 18365 complete and 0 interrupted iterations
load-k6-1  | fspiopE2E   [  44% ] 30/30 VUs  2m24.0s/5m30.0s
load-k6-1  | 
load-k6-1  | running (2m25.0s), 30/30 VUs, 18496 complete and 0 interrupted iterations
load-k6-1  | fspiopE2E   [  44% ] 30/30 VUs  2m25.0s/5m30.0s
load-k6-1  | 
load-k6-1  | running (2m26.0s), 30/30 VUs, 18635 complete and 0 interrupted iterations
load-k6-1  | fspiopE2E   [  44% ] 30/30 VUs  2m26.0s/5m30.0s
load-k6-1  | 
load-k6-1  | running (2m27.0s), 30/30 VUs, 18753 complete and 0 interrupted iterations
load-k6-1  | fspiopE2E   [  45% ] 30/30 VUs  2m27.0s/5m30.0s
load-k6-1  | 
load-k6-1  | running (2m28.0s), 30/30 VUs, 18900 complete and 0 interrupted iterations
load-k6-1  | fspiopE2E   [  45% ] 30/30 VUs  2m28.0s/5m30.0s
load-k6-1  | 
load-k6-1  | running (2m29.0s), 30/30 VUs, 19018 complete and 0 interrupted iterations
load-k6-1  | fspiopE2E   [  45% ] 30/30 VUs  2m29.0s/5m30.0s
load-k6-1  | 
load-k6-1  | running (2m30.0s), 30/30 VUs, 19138 complete and 0 interrupted iterations
load-k6-1  | fspiopE2E   [  45% ] 30/30 VUs  2m30.0s/5m30.0s
load-k6-1  | 
load-k6-1  | running (2m31.0s), 30/30 VUs, 19278 complete and 0 interrupted iterations
load-k6-1  | fspiopE2E   [  46% ] 30/30 VUs  2m31.0s/5m30.0s
load-k6-1  | 
load-k6-1  | running (2m32.0s), 30/30 VUs, 19412 complete and 0 interrupted iterations
load-k6-1  | fspiopE2E   [  46% ] 30/30 VUs  2m32.0s/5m30.0s
load-k6-1  | 
load-k6-1  | running (2m33.0s), 30/30 VUs, 19542 complete and 0 interrupted iterations
load-k6-1  | fspiopE2E   [  46% ] 30/30 VUs  2m33.0s/5m30.0s
load-k6-1  | 
load-k6-1  | running (2m34.0s), 30/30 VUs, 19677 complete and 0 interrupted iterations
load-k6-1  | fspiopE2E   [  47% ] 30/30 VUs  2m34.0s/5m30.0s
load-k6-1  | 
load-k6-1  | running (2m35.0s), 30/30 VUs, 19815 complete and 0 interrupted iterations
load-k6-1  | fspiopE2E   [  47% ] 30/30 VUs  2m35.0s/5m30.0s
load-k6-1  | 
load-k6-1  | running (2m36.0s), 30/30 VUs, 19948 complete and 0 interrupted iterations
load-k6-1  | fspiopE2E   [  47% ] 30/30 VUs  2m36.0s/5m30.0s
load-k6-1  | 
load-k6-1  | running (2m37.0s), 30/30 VUs, 20084 complete and 0 interrupted iterations
load-k6-1  | fspiopE2E   [  48% ] 30/30 VUs  2m37.0s/5m30.0s
load-k6-1  | 
load-k6-1  | running (2m38.0s), 30/30 VUs, 20202 complete and 0 interrupted iterations
load-k6-1  | fspiopE2E   [  48% ] 30/30 VUs  2m38.0s/5m30.0s
load-k6-1  | 
load-k6-1  | running (2m39.0s), 30/30 VUs, 20327 complete and 0 interrupted iterations
load-k6-1  | fspiopE2E   [  48% ] 30/30 VUs  2m39.0s/5m30.0s
load-k6-1  | 
load-k6-1  | running (2m40.0s), 30/30 VUs, 20473 complete and 0 interrupted iterations
load-k6-1  | fspiopE2E   [  48% ] 30/30 VUs  2m40.0s/5m30.0s
load-k6-1  | 
load-k6-1  | running (2m41.0s), 30/30 VUs, 20616 complete and 0 interrupted iterations
load-k6-1  | fspiopE2E   [  49% ] 30/30 VUs  2m41.0s/5m30.0s
load-k6-1  | 
load-k6-1  | running (2m42.0s), 30/30 VUs, 20767 complete and 0 interrupted iterations
load-k6-1  | fspiopE2E   [  49% ] 30/30 VUs  2m42.0s/5m30.0s
load-k6-1  | 
load-k6-1  | running (2m43.0s), 30/30 VUs, 20911 complete and 0 interrupted iterations
load-k6-1  | fspiopE2E   [  49% ] 30/30 VUs  2m43.0s/5m30.0s
load-k6-1  | 
load-k6-1  | running (2m44.0s), 30/30 VUs, 21058 complete and 0 interrupted iterations
load-k6-1  | fspiopE2E   [  50% ] 30/30 VUs  2m44.0s/5m30.0s
load-k6-1  | 
load-k6-1  | running (2m45.0s), 30/30 VUs, 21204 complete and 0 interrupted iterations
load-k6-1  | fspiopE2E   [  50% ] 30/30 VUs  2m45.0s/5m30.0s
load-k6-1  | 
load-k6-1  | running (2m46.0s), 30/30 VUs, 21348 complete and 0 interrupted iterations
load-k6-1  | fspiopE2E   [  50% ] 30/30 VUs  2m46.0s/5m30.0s
load-k6-1  | 
load-k6-1  | running (2m47.0s), 30/30 VUs, 21493 complete and 0 interrupted iterations
load-k6-1  | fspiopE2E   [  51% ] 30/30 VUs  2m47.0s/5m30.0s
load-k6-1  | 
load-k6-1  | running (2m48.0s), 30/30 VUs, 21631 complete and 0 interrupted iterations
load-k6-1  | fspiopE2E   [  51% ] 30/30 VUs  2m48.0s/5m30.0s
load-k6-1  | 
load-k6-1  | running (2m49.0s), 30/30 VUs, 21781 complete and 0 interrupted iterations
load-k6-1  | fspiopE2E   [  51% ] 30/30 VUs  2m49.0s/5m30.0s
load-k6-1  | 
load-k6-1  | running (2m50.0s), 30/30 VUs, 21931 complete and 0 interrupted iterations
load-k6-1  | fspiopE2E   [  52% ] 30/30 VUs  2m50.0s/5m30.0s
load-k6-1  | 
load-k6-1  | running (2m51.0s), 30/30 VUs, 22052 complete and 0 interrupted iterations
load-k6-1  | fspiopE2E   [  52% ] 30/30 VUs  2m51.0s/5m30.0s
load-k6-1  | 
load-k6-1  | running (2m52.0s), 30/30 VUs, 22200 complete and 0 interrupted iterations
load-k6-1  | fspiopE2E   [  52% ] 30/30 VUs  2m52.0s/5m30.0s
load-k6-1  | 
load-k6-1  | running (2m53.0s), 30/30 VUs, 22349 complete and 0 interrupted iterations
load-k6-1  | fspiopE2E   [  52% ] 30/30 VUs  2m53.0s/5m30.0s
load-k6-1  | 
load-k6-1  | running (2m54.0s), 30/30 VUs, 22486 complete and 0 interrupted iterations
load-k6-1  | fspiopE2E   [  53% ] 30/30 VUs  2m54.0s/5m30.0s
load-k6-1  | 
load-k6-1  | running (2m55.0s), 30/30 VUs, 22622 complete and 0 interrupted iterations
load-k6-1  | fspiopE2E   [  53% ] 30/30 VUs  2m55.0s/5m30.0s
load-k6-1  | 
load-k6-1  | running (2m56.0s), 30/30 VUs, 22764 complete and 0 interrupted iterations
load-k6-1  | fspiopE2E   [  53% ] 30/30 VUs  2m56.0s/5m30.0s
load-k6-1  | 
load-k6-1  | running (2m57.0s), 30/30 VUs, 22910 complete and 0 interrupted iterations
load-k6-1  | fspiopE2E   [  54% ] 30/30 VUs  2m57.0s/5m30.0s
load-k6-1  | 
load-k6-1  | running (2m58.0s), 30/30 VUs, 23042 complete and 0 interrupted iterations
load-k6-1  | fspiopE2E   [  54% ] 30/30 VUs  2m58.0s/5m30.0s
load-k6-1  | 
load-k6-1  | running (2m59.0s), 30/30 VUs, 23189 complete and 0 interrupted iterations
load-k6-1  | fspiopE2E   [  54% ] 30/30 VUs  2m59.0s/5m30.0s
load-k6-1  | 
load-k6-1  | running (3m00.0s), 30/30 VUs, 23337 complete and 0 interrupted iterations
load-k6-1  | fspiopE2E   [  55% ] 30/30 VUs  3m00.0s/5m30.0s
load-k6-1  | 
load-k6-1  | running (3m01.0s), 30/30 VUs, 23479 complete and 0 interrupted iterations
load-k6-1  | fspiopE2E   [  55% ] 30/30 VUs  3m01.0s/5m30.0s
load-k6-1  | 
load-k6-1  | running (3m02.0s), 30/30 VUs, 23624 complete and 0 interrupted iterations
load-k6-1  | fspiopE2E   [  55% ] 30/30 VUs  3m02.0s/5m30.0s
load-k6-1  | 
load-k6-1  | running (3m03.0s), 30/30 VUs, 23771 complete and 0 interrupted iterations
load-k6-1  | fspiopE2E   [  55% ] 30/30 VUs  3m03.0s/5m30.0s
load-k6-1  | 
load-k6-1  | running (3m04.0s), 30/30 VUs, 23916 complete and 0 interrupted iterations
load-k6-1  | fspiopE2E   [  56% ] 30/30 VUs  3m04.0s/5m30.0s
load-k6-1  | 
load-k6-1  | running (3m05.0s), 30/30 VUs, 24065 complete and 0 interrupted iterations
load-k6-1  | fspiopE2E   [  56% ] 30/30 VUs  3m05.0s/5m30.0s
load-k6-1  | 
load-k6-1  | running (3m06.0s), 30/30 VUs, 24204 complete and 0 interrupted iterations
load-k6-1  | fspiopE2E   [  56% ] 30/30 VUs  3m06.0s/5m30.0s
load-k6-1  | 
load-k6-1  | running (3m07.0s), 30/30 VUs, 24366 complete and 0 interrupted iterations
load-k6-1  | fspiopE2E   [  57% ] 30/30 VUs  3m07.0s/5m30.0s
load-k6-1  | 
load-k6-1  | running (3m08.0s), 30/30 VUs, 24507 complete and 0 interrupted iterations
load-k6-1  | fspiopE2E   [  57% ] 30/30 VUs  3m08.0s/5m30.0s
load-k6-1  | 
load-k6-1  | running (3m09.0s), 30/30 VUs, 24652 complete and 0 interrupted iterations
load-k6-1  | fspiopE2E   [  57% ] 30/30 VUs  3m09.0s/5m30.0s
load-k6-1  | 
load-k6-1  | running (3m10.0s), 30/30 VUs, 24805 complete and 0 interrupted iterations
load-k6-1  | fspiopE2E   [  58% ] 30/30 VUs  3m10.0s/5m30.0s
load-k6-1  | 
load-k6-1  | running (3m11.0s), 30/30 VUs, 24934 complete and 0 interrupted iterations
load-k6-1  | fspiopE2E   [  58% ] 30/30 VUs  3m11.0s/5m30.0s
load-k6-1  | 
load-k6-1  | running (3m12.0s), 30/30 VUs, 25084 complete and 0 interrupted iterations
load-k6-1  | fspiopE2E   [  58% ] 30/30 VUs  3m12.0s/5m30.0s
load-k6-1  | 
load-k6-1  | running (3m13.0s), 30/30 VUs, 25242 complete and 0 interrupted iterations
load-k6-1  | fspiopE2E   [  58% ] 30/30 VUs  3m13.0s/5m30.0s
load-k6-1  | 
load-k6-1  | running (3m14.0s), 30/30 VUs, 25394 complete and 0 interrupted iterations
load-k6-1  | fspiopE2E   [  59% ] 30/30 VUs  3m14.0s/5m30.0s
load-k6-1  | 
load-k6-1  | running (3m15.0s), 30/30 VUs, 25525 complete and 0 interrupted iterations
load-k6-1  | fspiopE2E   [  59% ] 30/30 VUs  3m15.0s/5m30.0s
load-k6-1  | 
load-k6-1  | running (3m16.0s), 30/30 VUs, 25668 complete and 0 interrupted iterations
load-k6-1  | fspiopE2E   [  59% ] 30/30 VUs  3m16.0s/5m30.0s
load-k6-1  | 
load-k6-1  | running (3m17.0s), 30/30 VUs, 25817 complete and 0 interrupted iterations
load-k6-1  | fspiopE2E   [  60% ] 30/30 VUs  3m17.0s/5m30.0s
load-k6-1  | 
load-k6-1  | running (3m18.0s), 30/30 VUs, 25956 complete and 0 interrupted iterations
load-k6-1  | fspiopE2E   [  60% ] 30/30 VUs  3m18.0s/5m30.0s
load-k6-1  | 
load-k6-1  | running (3m19.0s), 30/30 VUs, 26106 complete and 0 interrupted iterations
load-k6-1  | fspiopE2E   [  60% ] 30/30 VUs  3m19.0s/5m30.0s
load-k6-1  | 
load-k6-1  | running (3m20.0s), 30/30 VUs, 26246 complete and 0 interrupted iterations
load-k6-1  | fspiopE2E   [  61% ] 30/30 VUs  3m20.0s/5m30.0s
load-k6-1  | 
load-k6-1  | running (3m21.0s), 30/30 VUs, 26389 complete and 0 interrupted iterations
load-k6-1  | fspiopE2E   [  61% ] 30/30 VUs  3m21.0s/5m30.0s
load-k6-1  | 
load-k6-1  | running (3m22.0s), 30/30 VUs, 26534 complete and 0 interrupted iterations
load-k6-1  | fspiopE2E   [  61% ] 30/30 VUs  3m22.0s/5m30.0s
load-k6-1  | 
load-k6-1  | running (3m23.0s), 30/30 VUs, 26677 complete and 0 interrupted iterations
load-k6-1  | fspiopE2E   [  62% ] 30/30 VUs  3m23.0s/5m30.0s
load-k6-1  | 
load-k6-1  | running (3m24.0s), 30/30 VUs, 26838 complete and 0 interrupted iterations
load-k6-1  | fspiopE2E   [  62% ] 30/30 VUs  3m24.0s/5m30.0s
load-k6-1  | 
load-k6-1  | running (3m25.0s), 30/30 VUs, 26984 complete and 0 interrupted iterations
load-k6-1  | fspiopE2E   [  62% ] 30/30 VUs  3m25.0s/5m30.0s
load-k6-1  | 
load-k6-1  | running (3m26.0s), 30/30 VUs, 27136 complete and 0 interrupted iterations
load-k6-1  | fspiopE2E   [  62% ] 30/30 VUs  3m26.0s/5m30.0s
load-k6-1  | 
load-k6-1  | running (3m27.0s), 30/30 VUs, 27278 complete and 0 interrupted iterations
load-k6-1  | fspiopE2E   [  63% ] 30/30 VUs  3m27.0s/5m30.0s
load-k6-1  | 
load-k6-1  | running (3m28.0s), 30/30 VUs, 27408 complete and 0 interrupted iterations
load-k6-1  | fspiopE2E   [  63% ] 30/30 VUs  3m28.0s/5m30.0s
load-k6-1  | 
load-k6-1  | running (3m29.0s), 30/30 VUs, 27554 complete and 0 interrupted iterations
load-k6-1  | fspiopE2E   [  63% ] 30/30 VUs  3m29.0s/5m30.0s
load-k6-1  | 
load-k6-1  | running (3m30.0s), 30/30 VUs, 27701 complete and 0 interrupted iterations
load-k6-1  | fspiopE2E   [  64% ] 30/30 VUs  3m30.0s/5m30.0s
load-k6-1  | 
load-k6-1  | running (3m31.0s), 30/30 VUs, 27843 complete and 0 interrupted iterations
load-k6-1  | fspiopE2E   [  64% ] 30/30 VUs  3m31.0s/5m30.0s
load-k6-1  | 
load-k6-1  | running (3m32.0s), 30/30 VUs, 27982 complete and 0 interrupted iterations
load-k6-1  | fspiopE2E   [  64% ] 30/30 VUs  3m32.0s/5m30.0s
load-k6-1  | 
load-k6-1  | running (3m33.0s), 30/30 VUs, 28138 complete and 0 interrupted iterations
load-k6-1  | fspiopE2E   [  65% ] 30/30 VUs  3m33.0s/5m30.0s
load-k6-1  | 
load-k6-1  | running (3m34.0s), 30/30 VUs, 28288 complete and 0 interrupted iterations
load-k6-1  | fspiopE2E   [  65% ] 30/30 VUs  3m34.0s/5m30.0s
load-k6-1  | 
load-k6-1  | running (3m35.0s), 30/30 VUs, 28441 complete and 0 interrupted iterations
load-k6-1  | fspiopE2E   [  65% ] 30/30 VUs  3m35.0s/5m30.0s
load-k6-1  | 
load-k6-1  | running (3m36.0s), 30/30 VUs, 28582 complete and 0 interrupted iterations
load-k6-1  | fspiopE2E   [  65% ] 30/30 VUs  3m36.0s/5m30.0s
load-k6-1  | 
load-k6-1  | running (3m37.0s), 30/30 VUs, 28722 complete and 0 interrupted iterations
load-k6-1  | fspiopE2E   [  66% ] 30/30 VUs  3m37.0s/5m30.0s
load-k6-1  | 
load-k6-1  | running (3m38.0s), 30/30 VUs, 28859 complete and 0 interrupted iterations
load-k6-1  | fspiopE2E   [  66% ] 30/30 VUs  3m38.0s/5m30.0s
load-k6-1  | 
load-k6-1  | running (3m39.0s), 30/30 VUs, 29011 complete and 0 interrupted iterations
load-k6-1  | fspiopE2E   [  66% ] 30/30 VUs  3m39.0s/5m30.0s
load-k6-1  | 
load-k6-1  | running (3m40.0s), 30/30 VUs, 29147 complete and 0 interrupted iterations
load-k6-1  | fspiopE2E   [  67% ] 30/30 VUs  3m40.0s/5m30.0s
load-k6-1  | 
load-k6-1  | running (3m41.0s), 30/30 VUs, 29299 complete and 0 interrupted iterations
load-k6-1  | fspiopE2E   [  67% ] 30/30 VUs  3m41.0s/5m30.0s
load-k6-1  | 
load-k6-1  | running (3m42.0s), 30/30 VUs, 29450 complete and 0 interrupted iterations
load-k6-1  | fspiopE2E   [  67% ] 30/30 VUs  3m42.0s/5m30.0s
load-k6-1  | 
load-k6-1  | running (3m43.0s), 30/30 VUs, 29594 complete and 0 interrupted iterations
load-k6-1  | fspiopE2E   [  68% ] 30/30 VUs  3m43.0s/5m30.0s
load-k6-1  | 
load-k6-1  | running (3m44.0s), 30/30 VUs, 29737 complete and 0 interrupted iterations
load-k6-1  | fspiopE2E   [  68% ] 30/30 VUs  3m44.0s/5m30.0s
load-k6-1  | 
load-k6-1  | running (3m45.0s), 30/30 VUs, 29880 complete and 0 interrupted iterations
load-k6-1  | fspiopE2E   [  68% ] 30/30 VUs  3m45.0s/5m30.0s
load-k6-1  | 
load-k6-1  | running (3m46.0s), 30/30 VUs, 30020 complete and 0 interrupted iterations
load-k6-1  | fspiopE2E   [  68% ] 30/30 VUs  3m46.0s/5m30.0s
load-k6-1  | 
load-k6-1  | running (3m47.0s), 30/30 VUs, 30167 complete and 0 interrupted iterations
load-k6-1  | fspiopE2E   [  69% ] 30/30 VUs  3m47.0s/5m30.0s
load-k6-1  | 
load-k6-1  | running (3m48.0s), 30/30 VUs, 30309 complete and 0 interrupted iterations
load-k6-1  | fspiopE2E   [  69% ] 30/30 VUs  3m48.0s/5m30.0s
load-k6-1  | 
load-k6-1  | running (3m49.0s), 30/30 VUs, 30446 complete and 0 interrupted iterations
load-k6-1  | fspiopE2E   [  69% ] 30/30 VUs  3m49.0s/5m30.0s
load-k6-1  | 
load-k6-1  | running (3m50.0s), 30/30 VUs, 30591 complete and 0 interrupted iterations
load-k6-1  | fspiopE2E   [  70% ] 30/30 VUs  3m50.0s/5m30.0s
load-k6-1  | 
load-k6-1  | running (3m51.0s), 30/30 VUs, 30744 complete and 0 interrupted iterations
load-k6-1  | fspiopE2E   [  70% ] 30/30 VUs  3m51.0s/5m30.0s
load-k6-1  | 
load-k6-1  | running (3m52.0s), 30/30 VUs, 30897 complete and 0 interrupted iterations
load-k6-1  | fspiopE2E   [  70% ] 30/30 VUs  3m52.0s/5m30.0s
load-k6-1  | 
load-k6-1  | running (3m53.0s), 30/30 VUs, 31041 complete and 0 interrupted iterations
load-k6-1  | fspiopE2E   [  71% ] 30/30 VUs  3m53.0s/5m30.0s
load-k6-1  | 
load-k6-1  | running (3m54.0s), 30/30 VUs, 31170 complete and 0 interrupted iterations
load-k6-1  | fspiopE2E   [  71% ] 30/30 VUs  3m54.0s/5m30.0s
load-k6-1  | 
load-k6-1  | running (3m55.0s), 30/30 VUs, 31327 complete and 0 interrupted iterations
load-k6-1  | fspiopE2E   [  71% ] 30/30 VUs  3m55.0s/5m30.0s
load-k6-1  | 
load-k6-1  | running (3m56.0s), 30/30 VUs, 31481 complete and 0 interrupted iterations
load-k6-1  | fspiopE2E   [  72% ] 30/30 VUs  3m56.0s/5m30.0s
load-k6-1  | 
load-k6-1  | running (3m57.0s), 30/30 VUs, 31621 complete and 0 interrupted iterations
load-k6-1  | fspiopE2E   [  72% ] 30/30 VUs  3m57.0s/5m30.0s
load-k6-1  | 
load-k6-1  | running (3m58.0s), 30/30 VUs, 31781 complete and 0 interrupted iterations
load-k6-1  | fspiopE2E   [  72% ] 30/30 VUs  3m58.0s/5m30.0s
load-k6-1  | 
load-k6-1  | running (3m59.0s), 30/30 VUs, 31907 complete and 0 interrupted iterations
load-k6-1  | fspiopE2E   [  72% ] 30/30 VUs  3m59.0s/5m30.0s
load-k6-1  | 
load-k6-1  | running (4m00.0s), 30/30 VUs, 32050 complete and 0 interrupted iterations
load-k6-1  | fspiopE2E   [  73% ] 30/30 VUs  4m00.0s/5m30.0s
load-k6-1  | 
load-k6-1  | running (4m01.0s), 30/30 VUs, 32188 complete and 0 interrupted iterations
load-k6-1  | fspiopE2E   [  73% ] 30/30 VUs  4m01.0s/5m30.0s
load-k6-1  | 
load-k6-1  | running (4m02.0s), 30/30 VUs, 32335 complete and 0 interrupted iterations
load-k6-1  | fspiopE2E   [  73% ] 30/30 VUs  4m02.0s/5m30.0s
load-k6-1  | 
load-k6-1  | running (4m03.0s), 30/30 VUs, 32474 complete and 0 interrupted iterations
load-k6-1  | fspiopE2E   [  74% ] 30/30 VUs  4m03.0s/5m30.0s
load-k6-1  | 
load-k6-1  | running (4m04.0s), 30/30 VUs, 32623 complete and 0 interrupted iterations
load-k6-1  | fspiopE2E   [  74% ] 30/30 VUs  4m04.0s/5m30.0s
load-k6-1  | 
load-k6-1  | running (4m05.0s), 30/30 VUs, 32751 complete and 0 interrupted iterations
load-k6-1  | fspiopE2E   [  74% ] 30/30 VUs  4m05.0s/5m30.0s
load-k6-1  | 
load-k6-1  | running (4m06.0s), 30/30 VUs, 32884 complete and 0 interrupted iterations
load-k6-1  | fspiopE2E   [  75% ] 30/30 VUs  4m06.0s/5m30.0s
load-k6-1  | 
load-k6-1  | running (4m07.0s), 30/30 VUs, 33027 complete and 0 interrupted iterations
load-k6-1  | fspiopE2E   [  75% ] 30/30 VUs  4m07.0s/5m30.0s
load-k6-1  | 
load-k6-1  | running (4m08.0s), 30/30 VUs, 33178 complete and 0 interrupted iterations
load-k6-1  | fspiopE2E   [  75% ] 30/30 VUs  4m08.0s/5m30.0s
load-k6-1  | 
load-k6-1  | running (4m09.0s), 30/30 VUs, 33319 complete and 0 interrupted iterations
load-k6-1  | fspiopE2E   [  75% ] 30/30 VUs  4m09.0s/5m30.0s
load-k6-1  | 
load-k6-1  | running (4m10.0s), 30/30 VUs, 33453 complete and 0 interrupted iterations
load-k6-1  | fspiopE2E   [  76% ] 30/30 VUs  4m10.0s/5m30.0s
load-k6-1  | 
load-k6-1  | running (4m11.0s), 30/30 VUs, 33601 complete and 0 interrupted iterations
load-k6-1  | fspiopE2E   [  76% ] 30/30 VUs  4m11.0s/5m30.0s
load-k6-1  | 
load-k6-1  | running (4m12.0s), 30/30 VUs, 33755 complete and 0 interrupted iterations
load-k6-1  | fspiopE2E   [  76% ] 30/30 VUs  4m12.0s/5m30.0s
load-k6-1  | 
load-k6-1  | running (4m13.0s), 30/30 VUs, 33906 complete and 0 interrupted iterations
load-k6-1  | fspiopE2E   [  77% ] 30/30 VUs  4m13.0s/5m30.0s
load-k6-1  | 
load-k6-1  | running (4m14.0s), 30/30 VUs, 34038 complete and 0 interrupted iterations
load-k6-1  | fspiopE2E   [  77% ] 30/30 VUs  4m14.0s/5m30.0s
load-k6-1  | 
load-k6-1  | running (4m15.0s), 30/30 VUs, 34188 complete and 0 interrupted iterations
load-k6-1  | fspiopE2E   [  77% ] 30/30 VUs  4m15.0s/5m30.0s
load-k6-1  | 
load-k6-1  | running (4m16.0s), 30/30 VUs, 34334 complete and 0 interrupted iterations
load-k6-1  | fspiopE2E   [  78% ] 30/30 VUs  4m16.0s/5m30.0s
load-k6-1  | 
load-k6-1  | running (4m17.0s), 30/30 VUs, 34471 complete and 0 interrupted iterations
load-k6-1  | fspiopE2E   [  78% ] 30/30 VUs  4m17.0s/5m30.0s
load-k6-1  | 
load-k6-1  | running (4m18.0s), 30/30 VUs, 34622 complete and 0 interrupted iterations
load-k6-1  | fspiopE2E   [  78% ] 30/30 VUs  4m18.0s/5m30.0s
load-k6-1  | 
load-k6-1  | running (4m19.0s), 30/30 VUs, 34762 complete and 0 interrupted iterations
load-k6-1  | fspiopE2E   [  78% ] 30/30 VUs  4m19.0s/5m30.0s
load-k6-1  | 
load-k6-1  | running (4m20.0s), 30/30 VUs, 34911 complete and 0 interrupted iterations
load-k6-1  | fspiopE2E   [  79% ] 30/30 VUs  4m20.0s/5m30.0s
load-k6-1  | 
load-k6-1  | running (4m21.0s), 30/30 VUs, 35055 complete and 0 interrupted iterations
load-k6-1  | fspiopE2E   [  79% ] 30/30 VUs  4m21.0s/5m30.0s
load-k6-1  | 
load-k6-1  | running (4m22.0s), 30/30 VUs, 35207 complete and 0 interrupted iterations
load-k6-1  | fspiopE2E   [  79% ] 30/30 VUs  4m22.0s/5m30.0s
load-k6-1  | 
load-k6-1  | running (4m23.0s), 30/30 VUs, 35351 complete and 0 interrupted iterations
load-k6-1  | fspiopE2E   [  80% ] 30/30 VUs  4m23.0s/5m30.0s
load-k6-1  | 
load-k6-1  | running (4m24.0s), 30/30 VUs, 35484 complete and 0 interrupted iterations
load-k6-1  | fspiopE2E   [  80% ] 30/30 VUs  4m24.0s/5m30.0s
load-k6-1  | 
load-k6-1  | running (4m25.0s), 30/30 VUs, 35630 complete and 0 interrupted iterations
load-k6-1  | fspiopE2E   [  80% ] 30/30 VUs  4m25.0s/5m30.0s
load-k6-1  | 
load-k6-1  | running (4m26.0s), 30/30 VUs, 35754 complete and 0 interrupted iterations
load-k6-1  | fspiopE2E   [  81% ] 30/30 VUs  4m26.0s/5m30.0s
load-k6-1  | 
load-k6-1  | running (4m27.0s), 30/30 VUs, 35900 complete and 0 interrupted iterations
load-k6-1  | fspiopE2E   [  81% ] 30/30 VUs  4m27.0s/5m30.0s
load-k6-1  | 
load-k6-1  | running (4m28.0s), 30/30 VUs, 36043 complete and 0 interrupted iterations
load-k6-1  | fspiopE2E   [  81% ] 30/30 VUs  4m28.0s/5m30.0s
load-k6-1  | 
load-k6-1  | running (4m29.0s), 30/30 VUs, 36174 complete and 0 interrupted iterations
load-k6-1  | fspiopE2E   [  82% ] 30/30 VUs  4m29.0s/5m30.0s
load-k6-1  | 
load-k6-1  | running (4m30.0s), 30/30 VUs, 36322 complete and 0 interrupted iterations
load-k6-1  | fspiopE2E   [  82% ] 30/30 VUs  4m30.0s/5m30.0s
load-k6-1  | 
load-k6-1  | running (4m31.0s), 30/30 VUs, 36467 complete and 0 interrupted iterations
load-k6-1  | fspiopE2E   [  82% ] 30/30 VUs  4m31.0s/5m30.0s
load-k6-1  | 
load-k6-1  | running (4m32.0s), 30/30 VUs, 36622 complete and 0 interrupted iterations
load-k6-1  | fspiopE2E   [  82% ] 30/30 VUs  4m32.0s/5m30.0s
load-k6-1  | 
load-k6-1  | running (4m33.0s), 30/30 VUs, 36772 complete and 0 interrupted iterations
load-k6-1  | fspiopE2E   [  83% ] 30/30 VUs  4m33.0s/5m30.0s
load-k6-1  | 
load-k6-1  | running (4m34.0s), 30/30 VUs, 36925 complete and 0 interrupted iterations
load-k6-1  | fspiopE2E   [  83% ] 30/30 VUs  4m34.0s/5m30.0s
load-k6-1  | 
load-k6-1  | running (4m35.0s), 30/30 VUs, 37064 complete and 0 interrupted iterations
load-k6-1  | fspiopE2E   [  83% ] 30/30 VUs  4m35.0s/5m30.0s
load-k6-1  | 
load-k6-1  | running (4m36.0s), 30/30 VUs, 37212 complete and 0 interrupted iterations
load-k6-1  | fspiopE2E   [  84% ] 30/30 VUs  4m36.0s/5m30.0s
load-k6-1  | 
load-k6-1  | running (4m37.0s), 30/30 VUs, 37357 complete and 0 interrupted iterations
load-k6-1  | fspiopE2E   [  84% ] 30/30 VUs  4m37.0s/5m30.0s
load-k6-1  | 
load-k6-1  | running (4m38.0s), 30/30 VUs, 37496 complete and 0 interrupted iterations
load-k6-1  | fspiopE2E   [  84% ] 30/30 VUs  4m38.0s/5m30.0s
load-k6-1  | 
load-k6-1  | running (4m39.0s), 30/30 VUs, 37625 complete and 0 interrupted iterations
load-k6-1  | fspiopE2E   [  85% ] 30/30 VUs  4m39.0s/5m30.0s
load-k6-1  | 
load-k6-1  | running (4m40.0s), 30/30 VUs, 37768 complete and 0 interrupted iterations
load-k6-1  | fspiopE2E   [  85% ] 30/30 VUs  4m40.0s/5m30.0s
load-k6-1  | 
load-k6-1  | running (4m41.0s), 30/30 VUs, 37893 complete and 0 interrupted iterations
load-k6-1  | fspiopE2E   [  85% ] 30/30 VUs  4m41.0s/5m30.0s
load-k6-1  | 
load-k6-1  | running (4m42.0s), 30/30 VUs, 38037 complete and 0 interrupted iterations
load-k6-1  | fspiopE2E   [  85% ] 30/30 VUs  4m42.0s/5m30.0s
load-k6-1  | 
load-k6-1  | running (4m43.0s), 30/30 VUs, 38165 complete and 0 interrupted iterations
load-k6-1  | fspiopE2E   [  86% ] 30/30 VUs  4m43.0s/5m30.0s
load-k6-1  | 
load-k6-1  | running (4m44.0s), 30/30 VUs, 38313 complete and 0 interrupted iterations
load-k6-1  | fspiopE2E   [  86% ] 30/30 VUs  4m44.0s/5m30.0s
load-k6-1  | 
load-k6-1  | running (4m45.0s), 30/30 VUs, 38449 complete and 0 interrupted iterations
load-k6-1  | fspiopE2E   [  86% ] 30/30 VUs  4m45.0s/5m30.0s
load-k6-1  | 
load-k6-1  | running (4m46.0s), 30/30 VUs, 38595 complete and 0 interrupted iterations
load-k6-1  | fspiopE2E   [  87% ] 30/30 VUs  4m46.0s/5m30.0s
load-k6-1  | 
load-k6-1  | running (4m47.0s), 30/30 VUs, 38740 complete and 0 interrupted iterations
load-k6-1  | fspiopE2E   [  87% ] 30/30 VUs  4m47.0s/5m30.0s
load-k6-1  | 
load-k6-1  | running (4m48.0s), 30/30 VUs, 38876 complete and 0 interrupted iterations
load-k6-1  | fspiopE2E   [  87% ] 30/30 VUs  4m48.0s/5m30.0s
load-k6-1  | 
load-k6-1  | running (4m49.0s), 30/30 VUs, 39010 complete and 0 interrupted iterations
load-k6-1  | fspiopE2E   [  88% ] 30/30 VUs  4m49.0s/5m30.0s
load-k6-1  | 
load-k6-1  | running (4m50.0s), 30/30 VUs, 39157 complete and 0 interrupted iterations
load-k6-1  | fspiopE2E   [  88% ] 30/30 VUs  4m50.0s/5m30.0s
load-k6-1  | 
load-k6-1  | running (4m51.0s), 30/30 VUs, 39308 complete and 0 interrupted iterations
load-k6-1  | fspiopE2E   [  88% ] 30/30 VUs  4m51.0s/5m30.0s
load-k6-1  | 
load-k6-1  | running (4m52.0s), 30/30 VUs, 39431 complete and 0 interrupted iterations
load-k6-1  | fspiopE2E   [  88% ] 30/30 VUs  4m52.0s/5m30.0s
load-k6-1  | 
load-k6-1  | running (4m53.0s), 30/30 VUs, 39573 complete and 0 interrupted iterations
load-k6-1  | fspiopE2E   [  89% ] 30/30 VUs  4m53.0s/5m30.0s
load-k6-1  | 
load-k6-1  | running (4m54.0s), 30/30 VUs, 39724 complete and 0 interrupted iterations
load-k6-1  | fspiopE2E   [  89% ] 30/30 VUs  4m54.0s/5m30.0s
load-k6-1  | 
load-k6-1  | running (4m55.0s), 30/30 VUs, 39875 complete and 0 interrupted iterations
load-k6-1  | fspiopE2E   [  89% ] 30/30 VUs  4m55.0s/5m30.0s
load-k6-1  | 
load-k6-1  | running (4m56.0s), 30/30 VUs, 40001 complete and 0 interrupted iterations
load-k6-1  | fspiopE2E   [  90% ] 30/30 VUs  4m56.0s/5m30.0s
load-k6-1  | 
load-k6-1  | running (4m57.0s), 30/30 VUs, 40148 complete and 0 interrupted iterations
load-k6-1  | fspiopE2E   [  90% ] 30/30 VUs  4m57.0s/5m30.0s
load-k6-1  | 
load-k6-1  | running (4m58.0s), 30/30 VUs, 40281 complete and 0 interrupted iterations
load-k6-1  | fspiopE2E   [  90% ] 30/30 VUs  4m58.0s/5m30.0s
load-k6-1  | 
load-k6-1  | running (4m59.0s), 30/30 VUs, 40423 complete and 0 interrupted iterations
load-k6-1  | fspiopE2E   [  91% ] 30/30 VUs  4m59.0s/5m30.0s
load-k6-1  | 
load-k6-1  | running (5m00.0s), 30/30 VUs, 40574 complete and 0 interrupted iterations
load-k6-1  | fspiopE2E   [  91% ] 30/30 VUs  5m00.0s/5m30.0s
load-k6-1  | 
load-k6-1  | running (5m01.0s), 30/30 VUs, 40716 complete and 0 interrupted iterations
load-k6-1  | fspiopE2E   [  91% ] 30/30 VUs  5m01.0s/5m30.0s
load-k6-1  | 
load-k6-1  | running (5m02.0s), 30/30 VUs, 40851 complete and 0 interrupted iterations
load-k6-1  | fspiopE2E   [  92% ] 30/30 VUs  5m02.0s/5m30.0s
load-k6-1  | 
load-k6-1  | running (5m03.0s), 30/30 VUs, 40995 complete and 0 interrupted iterations
load-k6-1  | fspiopE2E   [  92% ] 30/30 VUs  5m03.0s/5m30.0s
load-k6-1  | 
load-k6-1  | running (5m04.0s), 30/30 VUs, 41142 complete and 0 interrupted iterations
load-k6-1  | fspiopE2E   [  92% ] 30/30 VUs  5m04.0s/5m30.0s
load-k6-1  | 
load-k6-1  | running (5m05.0s), 30/30 VUs, 41283 complete and 0 interrupted iterations
load-k6-1  | fspiopE2E   [  92% ] 30/30 VUs  5m05.0s/5m30.0s
load-k6-1  | 
load-k6-1  | running (5m06.0s), 30/30 VUs, 41433 complete and 0 interrupted iterations
load-k6-1  | fspiopE2E   [  93% ] 30/30 VUs  5m06.0s/5m30.0s
load-k6-1  | 
load-k6-1  | running (5m07.0s), 30/30 VUs, 41585 complete and 0 interrupted iterations
load-k6-1  | fspiopE2E   [  93% ] 30/30 VUs  5m07.0s/5m30.0s
load-k6-1  | 
load-k6-1  | running (5m08.0s), 30/30 VUs, 41732 complete and 0 interrupted iterations
load-k6-1  | fspiopE2E   [  93% ] 30/30 VUs  5m08.0s/5m30.0s
load-k6-1  | 
load-k6-1  | running (5m09.0s), 30/30 VUs, 41887 complete and 0 interrupted iterations
load-k6-1  | fspiopE2E   [  94% ] 30/30 VUs  5m09.0s/5m30.0s
load-k6-1  | 
load-k6-1  | running (5m10.0s), 30/30 VUs, 42030 complete and 0 interrupted iterations
load-k6-1  | fspiopE2E   [  94% ] 30/30 VUs  5m10.0s/5m30.0s
load-k6-1  | 
load-k6-1  | running (5m11.0s), 30/30 VUs, 42178 complete and 0 interrupted iterations
load-k6-1  | fspiopE2E   [  94% ] 30/30 VUs  5m11.0s/5m30.0s
load-k6-1  | 
load-k6-1  | running (5m12.0s), 30/30 VUs, 42330 complete and 0 interrupted iterations
load-k6-1  | fspiopE2E   [  95% ] 30/30 VUs  5m12.0s/5m30.0s
load-k6-1  | 
load-k6-1  | running (5m13.0s), 30/30 VUs, 42480 complete and 0 interrupted iterations
load-k6-1  | fspiopE2E   [  95% ] 30/30 VUs  5m13.0s/5m30.0s
load-k6-1  | 
load-k6-1  | running (5m14.0s), 30/30 VUs, 42633 complete and 0 interrupted iterations
load-k6-1  | fspiopE2E   [  95% ] 30/30 VUs  5m14.0s/5m30.0s
load-k6-1  | 
load-k6-1  | running (5m15.0s), 30/30 VUs, 42775 complete and 0 interrupted iterations
load-k6-1  | fspiopE2E   [  95% ] 30/30 VUs  5m15.0s/5m30.0s
load-k6-1  | 
load-k6-1  | running (5m16.0s), 30/30 VUs, 42921 complete and 0 interrupted iterations
load-k6-1  | fspiopE2E   [  96% ] 30/30 VUs  5m16.0s/5m30.0s
load-k6-1  | 
load-k6-1  | running (5m17.0s), 30/30 VUs, 43065 complete and 0 interrupted iterations
load-k6-1  | fspiopE2E   [  96% ] 30/30 VUs  5m17.0s/5m30.0s
load-k6-1  | 
load-k6-1  | running (5m18.0s), 30/30 VUs, 43206 complete and 0 interrupted iterations
load-k6-1  | fspiopE2E   [  96% ] 30/30 VUs  5m18.0s/5m30.0s
load-k6-1  | 
load-k6-1  | running (5m19.0s), 30/30 VUs, 43350 complete and 0 interrupted iterations
load-k6-1  | fspiopE2E   [  97% ] 30/30 VUs  5m19.0s/5m30.0s
load-k6-1  | 
load-k6-1  | running (5m20.0s), 30/30 VUs, 43505 complete and 0 interrupted iterations
load-k6-1  | fspiopE2E   [  97% ] 30/30 VUs  5m20.0s/5m30.0s
load-k6-1  | 
load-k6-1  | running (5m21.0s), 30/30 VUs, 43636 complete and 0 interrupted iterations
load-k6-1  | fspiopE2E   [  97% ] 30/30 VUs  5m21.0s/5m30.0s
load-k6-1  | 
load-k6-1  | running (5m22.0s), 30/30 VUs, 43769 complete and 0 interrupted iterations
load-k6-1  | fspiopE2E   [  98% ] 30/30 VUs  5m22.0s/5m30.0s
load-k6-1  | 
load-k6-1  | running (5m23.0s), 30/30 VUs, 43907 complete and 0 interrupted iterations
load-k6-1  | fspiopE2E   [  98% ] 30/30 VUs  5m23.0s/5m30.0s
load-k6-1  | 
load-k6-1  | running (5m24.0s), 30/30 VUs, 44048 complete and 0 interrupted iterations
load-k6-1  | fspiopE2E   [  98% ] 30/30 VUs  5m24.0s/5m30.0s
load-k6-1  | 
load-k6-1  | running (5m25.0s), 30/30 VUs, 44190 complete and 0 interrupted iterations
load-k6-1  | fspiopE2E   [  98% ] 30/30 VUs  5m25.0s/5m30.0s
load-k6-1  | 
load-k6-1  | running (5m26.0s), 30/30 VUs, 44340 complete and 0 interrupted iterations
load-k6-1  | fspiopE2E   [  99% ] 30/30 VUs  5m26.0s/5m30.0s
load-k6-1  | 
load-k6-1  | running (5m27.0s), 30/30 VUs, 44489 complete and 0 interrupted iterations
load-k6-1  | fspiopE2E   [  99% ] 30/30 VUs  5m27.0s/5m30.0s
load-k6-1  | 
load-k6-1  | running (5m28.0s), 30/30 VUs, 44642 complete and 0 interrupted iterations
load-k6-1  | fspiopE2E   [  99% ] 30/30 VUs  5m28.0s/5m30.0s
load-k6-1  | 
load-k6-1  | running (5m29.0s), 30/30 VUs, 44776 complete and 0 interrupted iterations
load-k6-1  | fspiopE2E   [ 100% ] 30/30 VUs  5m29.0s/5m30.0s
load-k6-1  | 
load-k6-1  | running (5m30.0s), 30/30 VUs, 44917 complete and 0 interrupted iterations
load-k6-1  | fspiopE2E   [ 100% ] 30/30 VUs  5m30.0s/5m30.0s
load-k6-1  | 
load-k6-1  |      ✓ ALS_FSPIOP_GET_PARTIES_RESPONSE_IS_202
load-k6-1  |      ✗ ALS_E2E_FSPIOP_GET_PARTIES_SUCCESS
load-k6-1  |       ↳  99% — ✓ 44950 / ✗ 1
load-k6-1  |      ✓ QUOTES_FSPIOP_POST_QUOTES_RESPONSE_IS_202
load-k6-1  |      ✓ QUOTES_E2E_FSPIOP_POST_QUOTES_SUCCESS
load-k6-1  |      ✓ TRANSFERS_FSPIOP_POST_TRANSFERS_RESPONSE_IS_202
load-k6-1  |      ✗ TRANSFERS_E2E_FSPIOP_POST_TRANSFERS_SUCCESS
load-k6-1  |       ↳  99% — ✓ 44949 / ✗ 1
load-k6-1  | 
load-k6-1  |      █ E2E
load-k6-1  | 
load-k6-1  |      checks.........................: 99.99% ✓ 269700     ✗ 2     
load-k6-1  |      data_received..................: 42 MB  128 kB/s
load-k6-1  |      data_sent......................: 179 MB 541 kB/s
load-k6-1  |      group_duration.................: avg=306.99µs min=168.15µs med=286.24µs max=36.06ms  p(90)=362.9µs  p(95)=396.27µs
load-k6-1  |      http_req_blocked...............: avg=7.65µs   min=2.62µs   med=6.55µs   max=5.96ms   p(90)=9.07µs   p(95)=9.75µs  
load-k6-1  |      http_req_connecting............: avg=149ns    min=0s       med=0s       max=911.93µs p(90)=0s       p(95)=0s      
load-k6-1  |    ✓ http_req_duration..............: avg=3.64ms   min=839.51µs med=2.71ms   max=91.97ms  p(90)=7.06ms   p(95)=9.29ms  
load-k6-1  |        { expected_response:true }...: avg=3.64ms   min=839.51µs med=2.71ms   max=91.97ms  p(90)=7.06ms   p(95)=9.29ms  
load-k6-1  |    ✓ http_req_failed................: 0.00%  ✓ 0          ✗ 134851
load-k6-1  |      http_req_receiving.............: avg=48.88µs  min=8.02µs   med=38.95µs  max=17.15ms  p(90)=76.9µs   p(95)=87.39µs 
load-k6-1  |      http_req_sending...............: avg=28.68µs  min=9.76µs   med=24.95µs  max=11.15ms  p(90)=38.94µs  p(95)=43.83µs 
load-k6-1  |      http_req_tls_handshaking.......: avg=0s       min=0s       med=0s       max=0s       p(90)=0s       p(95)=0s      
load-k6-1  |      http_req_waiting...............: avg=3.56ms   min=793.58µs med=2.63ms   max=91.89ms  p(90)=6.98ms   p(95)=9.21ms  
load-k6-1  |      http_reqs......................: 134851 408.454929/s
load-k6-1  |    ✓ iteration_duration.............: avg=210.25ms min=99.99ms  med=200.58ms max=5.1s     p(90)=280.35ms p(95)=310.82ms
load-k6-1  |      iterations.....................: 44951  136.153662/s
load-k6-1  |      vus............................: 30     min=1        max=30  
load-k6-1  |      vus_max........................: 30     min=30       max=30  
load-k6-1  |      ws_connecting..................: avg=955.38µs min=261.48µs med=763.37µs max=41.87ms  p(90)=1.55ms   p(95)=2ms     
load-k6-1  |      ws_msgs_received...............: 134849 408.448871/s
load-k6-1  |      ws_msgs_sent...................: 134851 408.454929/s
load-k6-1  |      ws_session_duration............: avg=70.36ms  min=10.51ms  med=70.86ms  max=5s       p(90)=116.99ms p(95)=132.59ms
load-k6-1  |      ws_sessions....................: 134851 408.454929/s
load-k6-1  | 
load-k6-1  | 
load-k6-1  | running (5m30.1s), 00/30 VUs, 44951 complete and 0 interrupted iterations
load-k6-1  | fspiopE2E ✓ [ 100% ] 00/30 VUs  5m30s
load-k6-1 exited with code 0
