Attaching to load-k6-1
load-k6-1  | 
load-k6-1  |           /\      |‾‾| /‾‾/   /‾‾/   
load-k6-1  |      /\  /  \     |  |/  /   /  /    
load-k6-1  |     /  \/    \    |     (   /   ‾‾\  
load-k6-1  |    /          \   |  |\  \ |  (‾)  | 
load-k6-1  |   / __________ \  |__| \__\ \_____/ .io
load-k6-1  | 
load-k6-1  |   execution: local
load-k6-1  |      script: /scripts/index.js
load-k6-1  |      output: Prometheus remote write (http://prometheus:9090/api/v1/write)
load-k6-1  | 
load-k6-1  |   scenarios: (100.00%) 1 scenario, 30 max VUs, 6m0s max duration (incl. graceful stop):
load-k6-1  |            * fspiopE2E: Up to 30 looping VUs for 5m30s over 2 stages (gracefulRampDown: 30s, exec: fspiopE2EScenarios, gracefulStop: 30s)
load-k6-1  | 
load-k6-1  | 
load-k6-1  | running (0m01.0s), 01/30 VUs, 0 complete and 0 interrupted iterations
load-k6-1  | fspiopE2E   [   0% ] 01/30 VUs  0m01.0s/5m30.0s
load-k6-1  | 
load-k6-1  | running (0m02.0s), 02/30 VUs, 0 complete and 0 interrupted iterations
load-k6-1  | fspiopE2E   [   1% ] 02/30 VUs  0m02.0s/5m30.0s
load-k6-1  | 
load-k6-1  | running (0m03.0s), 03/30 VUs, 0 complete and 0 interrupted iterations
load-k6-1  | fspiopE2E   [   1% ] 03/30 VUs  0m03.0s/5m30.0s
load-k6-1  | 
load-k6-1  | running (0m04.0s), 04/30 VUs, 14 complete and 0 interrupted iterations
load-k6-1  | fspiopE2E   [   1% ] 04/30 VUs  0m04.0s/5m30.0s
load-k6-1  | 
load-k6-1  | running (0m05.0s), 05/30 VUs, 41 complete and 0 interrupted iterations
load-k6-1  | fspiopE2E   [   2% ] 05/30 VUs  0m05.0s/5m30.0s
load-k6-1  | 
load-k6-1  | running (0m06.0s), 06/30 VUs, 80 complete and 0 interrupted iterations
load-k6-1  | fspiopE2E   [   2% ] 06/30 VUs  0m06.0s/5m30.0s
load-k6-1  | 
load-k6-1  | running (0m07.0s), 07/30 VUs, 119 complete and 0 interrupted iterations
load-k6-1  | fspiopE2E   [   2% ] 07/30 VUs  0m07.0s/5m30.0s
load-k6-1  | 
load-k6-1  | running (0m08.0s), 08/30 VUs, 165 complete and 0 interrupted iterations
load-k6-1  | fspiopE2E   [   2% ] 08/30 VUs  0m08.0s/5m30.0s
load-k6-1  | 
load-k6-1  | running (0m09.0s), 09/30 VUs, 216 complete and 0 interrupted iterations
load-k6-1  | fspiopE2E   [   3% ] 09/30 VUs  0m09.0s/5m30.0s
load-k6-1  | 
load-k6-1  | running (0m10.0s), 10/30 VUs, 267 complete and 0 interrupted iterations
load-k6-1  | fspiopE2E   [   3% ] 10/30 VUs  0m10.0s/5m30.0s
load-k6-1  | 
load-k6-1  | running (0m11.0s), 11/30 VUs, 322 complete and 0 interrupted iterations
load-k6-1  | fspiopE2E   [   3% ] 11/30 VUs  0m11.0s/5m30.0s
load-k6-1  | 
load-k6-1  | running (0m12.0s), 12/30 VUs, 378 complete and 0 interrupted iterations
load-k6-1  | fspiopE2E   [   4% ] 12/30 VUs  0m12.0s/5m30.0s
load-k6-1  | 
load-k6-1  | running (0m13.0s), 13/30 VUs, 446 complete and 0 interrupted iterations
load-k6-1  | fspiopE2E   [   4% ] 13/30 VUs  0m13.0s/5m30.0s
load-k6-1  | 
load-k6-1  | running (0m14.0s), 14/30 VUs, 509 complete and 0 interrupted iterations
load-k6-1  | fspiopE2E   [   4% ] 14/30 VUs  0m14.0s/5m30.0s
load-k6-1  | 
load-k6-1  | running (0m15.0s), 15/30 VUs, 587 complete and 0 interrupted iterations
load-k6-1  | fspiopE2E   [   5% ] 15/30 VUs  0m15.0s/5m30.0s
load-k6-1  | 
load-k6-1  | running (0m16.0s), 16/30 VUs, 665 complete and 0 interrupted iterations
load-k6-1  | fspiopE2E   [   5% ] 16/30 VUs  0m16.0s/5m30.0s
load-k6-1  | 
load-k6-1  | running (0m17.0s), 17/30 VUs, 743 complete and 0 interrupted iterations
load-k6-1  | fspiopE2E   [   5% ] 17/30 VUs  0m17.0s/5m30.0s
load-k6-1  | 
load-k6-1  | running (0m18.0s), 18/30 VUs, 819 complete and 0 interrupted iterations
load-k6-1  | fspiopE2E   [   5% ] 18/30 VUs  0m18.0s/5m30.0s
load-k6-1  | 
load-k6-1  | running (0m19.0s), 19/30 VUs, 901 complete and 0 interrupted iterations
load-k6-1  | fspiopE2E   [   6% ] 19/30 VUs  0m19.0s/5m30.0s
load-k6-1  | 
load-k6-1  | running (0m20.0s), 20/30 VUs, 980 complete and 0 interrupted iterations
load-k6-1  | fspiopE2E   [   6% ] 20/30 VUs  0m20.0s/5m30.0s
load-k6-1  | 
load-k6-1  | running (0m21.0s), 21/30 VUs, 1054 complete and 0 interrupted iterations
load-k6-1  | fspiopE2E   [   6% ] 21/30 VUs  0m21.0s/5m30.0s
load-k6-1  | 
load-k6-1  | running (0m22.0s), 22/30 VUs, 1144 complete and 0 interrupted iterations
load-k6-1  | fspiopE2E   [   7% ] 22/30 VUs  0m22.0s/5m30.0s
load-k6-1  | 
load-k6-1  | running (0m23.0s), 23/30 VUs, 1233 complete and 0 interrupted iterations
load-k6-1  | fspiopE2E   [   7% ] 23/30 VUs  0m23.0s/5m30.0s
load-k6-1  | 
load-k6-1  | running (0m24.0s), 24/30 VUs, 1318 complete and 0 interrupted iterations
load-k6-1  | fspiopE2E   [   7% ] 24/30 VUs  0m24.0s/5m30.0s
load-k6-1  | 
load-k6-1  | running (0m25.0s), 25/30 VUs, 1403 complete and 0 interrupted iterations
load-k6-1  | fspiopE2E   [   8% ] 25/30 VUs  0m25.0s/5m30.0s
load-k6-1  | 
load-k6-1  | running (0m26.0s), 26/30 VUs, 1478 complete and 0 interrupted iterations
load-k6-1  | fspiopE2E   [   8% ] 26/30 VUs  0m26.0s/5m30.0s
load-k6-1  | 
load-k6-1  | running (0m27.0s), 27/30 VUs, 1562 complete and 0 interrupted iterations
load-k6-1  | fspiopE2E   [   8% ] 27/30 VUs  0m27.0s/5m30.0s
load-k6-1  | 
load-k6-1  | running (0m28.0s), 28/30 VUs, 1649 complete and 0 interrupted iterations
load-k6-1  | fspiopE2E   [   8% ] 28/30 VUs  0m28.0s/5m30.0s
load-k6-1  | 
load-k6-1  | running (0m29.0s), 29/30 VUs, 1734 complete and 0 interrupted iterations
load-k6-1  | fspiopE2E   [   9% ] 29/30 VUs  0m29.0s/5m30.0s
load-k6-1  | 
load-k6-1  | running (0m30.0s), 29/30 VUs, 1819 complete and 0 interrupted iterations
load-k6-1  | fspiopE2E   [   9% ] 29/30 VUs  0m30.0s/5m30.0s
load-k6-1  | 
load-k6-1  | running (0m31.0s), 30/30 VUs, 1906 complete and 0 interrupted iterations
load-k6-1  | fspiopE2E   [   9% ] 30/30 VUs  0m31.0s/5m30.0s
load-k6-1  | 
load-k6-1  | running (0m32.0s), 30/30 VUs, 1987 complete and 0 interrupted iterations
load-k6-1  | fspiopE2E   [  10% ] 30/30 VUs  0m32.0s/5m30.0s
load-k6-1  | 
load-k6-1  | running (0m33.0s), 30/30 VUs, 2067 complete and 0 interrupted iterations
load-k6-1  | fspiopE2E   [  10% ] 30/30 VUs  0m33.0s/5m30.0s
load-k6-1  | 
load-k6-1  | running (0m34.0s), 30/30 VUs, 2162 complete and 0 interrupted iterations
load-k6-1  | fspiopE2E   [  10% ] 30/30 VUs  0m34.0s/5m30.0s
load-k6-1  | 
load-k6-1  | running (0m35.0s), 30/30 VUs, 2242 complete and 0 interrupted iterations
load-k6-1  | fspiopE2E   [  11% ] 30/30 VUs  0m35.0s/5m30.0s
load-k6-1  | 
load-k6-1  | running (0m36.0s), 30/30 VUs, 2330 complete and 0 interrupted iterations
load-k6-1  | fspiopE2E   [  11% ] 30/30 VUs  0m36.0s/5m30.0s
load-k6-1  | 
load-k6-1  | running (0m37.0s), 30/30 VUs, 2419 complete and 0 interrupted iterations
load-k6-1  | fspiopE2E   [  11% ] 30/30 VUs  0m37.0s/5m30.0s
load-k6-1  | 
load-k6-1  | running (0m38.0s), 30/30 VUs, 2508 complete and 0 interrupted iterations
load-k6-1  | fspiopE2E   [  12% ] 30/30 VUs  0m38.0s/5m30.0s
load-k6-1  | 
load-k6-1  | running (0m39.0s), 30/30 VUs, 2595 complete and 0 interrupted iterations
load-k6-1  | fspiopE2E   [  12% ] 30/30 VUs  0m39.0s/5m30.0s
load-k6-1  | 
load-k6-1  | running (0m40.0s), 30/30 VUs, 2683 complete and 0 interrupted iterations
load-k6-1  | fspiopE2E   [  12% ] 30/30 VUs  0m40.0s/5m30.0s
load-k6-1  | 
load-k6-1  | running (0m41.0s), 30/30 VUs, 2763 complete and 0 interrupted iterations
load-k6-1  | fspiopE2E   [  12% ] 30/30 VUs  0m41.0s/5m30.0s
load-k6-1  | 
load-k6-1  | running (0m42.0s), 30/30 VUs, 2853 complete and 0 interrupted iterations
load-k6-1  | fspiopE2E   [  13% ] 30/30 VUs  0m42.0s/5m30.0s
load-k6-1  | 
load-k6-1  | running (0m43.0s), 30/30 VUs, 2934 complete and 0 interrupted iterations
load-k6-1  | fspiopE2E   [  13% ] 30/30 VUs  0m43.0s/5m30.0s
load-k6-1  | 
load-k6-1  | running (0m44.0s), 30/30 VUs, 3019 complete and 0 interrupted iterations
load-k6-1  | fspiopE2E   [  13% ] 30/30 VUs  0m44.0s/5m30.0s
load-k6-1  | 
load-k6-1  | running (0m45.0s), 30/30 VUs, 3108 complete and 0 interrupted iterations
load-k6-1  | fspiopE2E   [  14% ] 30/30 VUs  0m45.0s/5m30.0s
load-k6-1  | 
load-k6-1  | running (0m46.0s), 30/30 VUs, 3195 complete and 0 interrupted iterations
load-k6-1  | fspiopE2E   [  14% ] 30/30 VUs  0m46.0s/5m30.0s
load-k6-1  | 
load-k6-1  | running (0m47.0s), 30/30 VUs, 3281 complete and 0 interrupted iterations
load-k6-1  | fspiopE2E   [  14% ] 30/30 VUs  0m47.0s/5m30.0s
load-k6-1  | 
load-k6-1  | running (0m48.0s), 30/30 VUs, 3374 complete and 0 interrupted iterations
load-k6-1  | fspiopE2E   [  15% ] 30/30 VUs  0m48.0s/5m30.0s
load-k6-1  | 
load-k6-1  | running (0m49.0s), 30/30 VUs, 3458 complete and 0 interrupted iterations
load-k6-1  | fspiopE2E   [  15% ] 30/30 VUs  0m49.0s/5m30.0s
load-k6-1  | 
load-k6-1  | running (0m50.0s), 30/30 VUs, 3544 complete and 0 interrupted iterations
load-k6-1  | fspiopE2E   [  15% ] 30/30 VUs  0m50.0s/5m30.0s
load-k6-1  | 
load-k6-1  | running (0m51.0s), 30/30 VUs, 3625 complete and 0 interrupted iterations
load-k6-1  | fspiopE2E   [  15% ] 30/30 VUs  0m51.0s/5m30.0s
load-k6-1  | 
load-k6-1  | running (0m52.0s), 30/30 VUs, 3717 complete and 0 interrupted iterations
load-k6-1  | fspiopE2E   [  16% ] 30/30 VUs  0m52.0s/5m30.0s
load-k6-1  | 
load-k6-1  | running (0m53.0s), 30/30 VUs, 3806 complete and 0 interrupted iterations
load-k6-1  | fspiopE2E   [  16% ] 30/30 VUs  0m53.0s/5m30.0s
load-k6-1  | 
load-k6-1  | running (0m54.0s), 30/30 VUs, 3893 complete and 0 interrupted iterations
load-k6-1  | fspiopE2E   [  16% ] 30/30 VUs  0m54.0s/5m30.0s
load-k6-1  | 
load-k6-1  | running (0m55.0s), 30/30 VUs, 3983 complete and 0 interrupted iterations
load-k6-1  | fspiopE2E   [  17% ] 30/30 VUs  0m55.0s/5m30.0s
load-k6-1  | 
load-k6-1  | running (0m56.0s), 30/30 VUs, 4069 complete and 0 interrupted iterations
load-k6-1  | fspiopE2E   [  17% ] 30/30 VUs  0m56.0s/5m30.0s
load-k6-1  | 
load-k6-1  | running (0m57.0s), 30/30 VUs, 4155 complete and 0 interrupted iterations
load-k6-1  | fspiopE2E   [  17% ] 30/30 VUs  0m57.0s/5m30.0s
load-k6-1  | 
load-k6-1  | running (0m58.0s), 30/30 VUs, 4248 complete and 0 interrupted iterations
load-k6-1  | fspiopE2E   [  18% ] 30/30 VUs  0m58.0s/5m30.0s
load-k6-1  | 
load-k6-1  | running (0m59.0s), 30/30 VUs, 4332 complete and 0 interrupted iterations
load-k6-1  | fspiopE2E   [  18% ] 30/30 VUs  0m59.0s/5m30.0s
load-k6-1  | 
load-k6-1  | running (1m00.0s), 30/30 VUs, 4420 complete and 0 interrupted iterations
load-k6-1  | fspiopE2E   [  18% ] 30/30 VUs  1m00.0s/5m30.0s
load-k6-1  | 
load-k6-1  | running (1m01.0s), 30/30 VUs, 4507 complete and 0 interrupted iterations
load-k6-1  | fspiopE2E   [  18% ] 30/30 VUs  1m01.0s/5m30.0s
load-k6-1  | 
load-k6-1  | running (1m02.0s), 30/30 VUs, 4600 complete and 0 interrupted iterations
load-k6-1  | fspiopE2E   [  19% ] 30/30 VUs  1m02.0s/5m30.0s
load-k6-1  | 
load-k6-1  | running (1m03.0s), 30/30 VUs, 4683 complete and 0 interrupted iterations
load-k6-1  | fspiopE2E   [  19% ] 30/30 VUs  1m03.0s/5m30.0s
load-k6-1  | 
load-k6-1  | running (1m04.0s), 30/30 VUs, 4773 complete and 0 interrupted iterations
load-k6-1  | fspiopE2E   [  19% ] 30/30 VUs  1m04.0s/5m30.0s
load-k6-1  | 
load-k6-1  | running (1m05.0s), 30/30 VUs, 4858 complete and 0 interrupted iterations
load-k6-1  | fspiopE2E   [  20% ] 30/30 VUs  1m05.0s/5m30.0s
load-k6-1  | 
load-k6-1  | running (1m06.0s), 30/30 VUs, 4950 complete and 0 interrupted iterations
load-k6-1  | fspiopE2E   [  20% ] 30/30 VUs  1m06.0s/5m30.0s
load-k6-1  | 
load-k6-1  | running (1m07.0s), 30/30 VUs, 5038 complete and 0 interrupted iterations
load-k6-1  | fspiopE2E   [  20% ] 30/30 VUs  1m07.0s/5m30.0s
load-k6-1  | 
load-k6-1  | running (1m08.0s), 30/30 VUs, 5129 complete and 0 interrupted iterations
load-k6-1  | fspiopE2E   [  21% ] 30/30 VUs  1m08.0s/5m30.0s
load-k6-1  | 
load-k6-1  | running (1m09.0s), 30/30 VUs, 5216 complete and 0 interrupted iterations
load-k6-1  | fspiopE2E   [  21% ] 30/30 VUs  1m09.0s/5m30.0s
load-k6-1  | 
load-k6-1  | running (1m10.0s), 30/30 VUs, 5302 complete and 0 interrupted iterations
load-k6-1  | fspiopE2E   [  21% ] 30/30 VUs  1m10.0s/5m30.0s
load-k6-1  | 
load-k6-1  | running (1m11.0s), 30/30 VUs, 5379 complete and 0 interrupted iterations
load-k6-1  | fspiopE2E   [  22% ] 30/30 VUs  1m11.0s/5m30.0s
load-k6-1  | 
load-k6-1  | running (1m12.0s), 30/30 VUs, 5470 complete and 0 interrupted iterations
load-k6-1  | fspiopE2E   [  22% ] 30/30 VUs  1m12.0s/5m30.0s
load-k6-1  | 
load-k6-1  | running (1m13.0s), 30/30 VUs, 5559 complete and 0 interrupted iterations
load-k6-1  | fspiopE2E   [  22% ] 30/30 VUs  1m13.0s/5m30.0s
load-k6-1  | 
load-k6-1  | running (1m14.0s), 30/30 VUs, 5645 complete and 0 interrupted iterations
load-k6-1  | fspiopE2E   [  22% ] 30/30 VUs  1m14.0s/5m30.0s
load-k6-1  | 
load-k6-1  | running (1m15.0s), 30/30 VUs, 5734 complete and 0 interrupted iterations
load-k6-1  | fspiopE2E   [  23% ] 30/30 VUs  1m15.0s/5m30.0s
load-k6-1  | 
load-k6-1  | running (1m16.0s), 30/30 VUs, 5818 complete and 0 interrupted iterations
load-k6-1  | fspiopE2E   [  23% ] 30/30 VUs  1m16.0s/5m30.0s
load-k6-1  | 
load-k6-1  | running (1m17.0s), 30/30 VUs, 5906 complete and 0 interrupted iterations
load-k6-1  | fspiopE2E   [  23% ] 30/30 VUs  1m17.0s/5m30.0s
load-k6-1  | 
load-k6-1  | running (1m18.0s), 30/30 VUs, 5995 complete and 0 interrupted iterations
load-k6-1  | fspiopE2E   [  24% ] 30/30 VUs  1m18.0s/5m30.0s
load-k6-1  | 
load-k6-1  | running (1m19.0s), 30/30 VUs, 6084 complete and 0 interrupted iterations
load-k6-1  | fspiopE2E   [  24% ] 30/30 VUs  1m19.0s/5m30.0s
load-k6-1  | 
load-k6-1  | running (1m20.0s), 30/30 VUs, 6172 complete and 0 interrupted iterations
load-k6-1  | fspiopE2E   [  24% ] 30/30 VUs  1m20.0s/5m30.0s
load-k6-1  | 
load-k6-1  | running (1m21.0s), 30/30 VUs, 6266 complete and 0 interrupted iterations
load-k6-1  | fspiopE2E   [  25% ] 30/30 VUs  1m21.0s/5m30.0s
load-k6-1  | 
load-k6-1  | running (1m22.0s), 30/30 VUs, 6346 complete and 0 interrupted iterations
load-k6-1  | fspiopE2E   [  25% ] 30/30 VUs  1m22.0s/5m30.0s
load-k6-1  | 
load-k6-1  | running (1m23.0s), 30/30 VUs, 6436 complete and 0 interrupted iterations
load-k6-1  | fspiopE2E   [  25% ] 30/30 VUs  1m23.0s/5m30.0s
load-k6-1  | 
load-k6-1  | running (1m24.0s), 30/30 VUs, 6521 complete and 0 interrupted iterations
load-k6-1  | fspiopE2E   [  25% ] 30/30 VUs  1m24.0s/5m30.0s
load-k6-1  | 
load-k6-1  | running (1m25.0s), 30/30 VUs, 6609 complete and 0 interrupted iterations
load-k6-1  | fspiopE2E   [  26% ] 30/30 VUs  1m25.0s/5m30.0s
load-k6-1  | 
load-k6-1  | running (1m26.0s), 30/30 VUs, 6699 complete and 0 interrupted iterations
load-k6-1  | fspiopE2E   [  26% ] 30/30 VUs  1m26.0s/5m30.0s
load-k6-1  | 
load-k6-1  | running (1m27.0s), 30/30 VUs, 6786 complete and 0 interrupted iterations
load-k6-1  | fspiopE2E   [  26% ] 30/30 VUs  1m27.0s/5m30.0s
load-k6-1  | 
load-k6-1  | running (1m28.0s), 30/30 VUs, 6882 complete and 0 interrupted iterations
load-k6-1  | fspiopE2E   [  27% ] 30/30 VUs  1m28.0s/5m30.0s
load-k6-1  | 
load-k6-1  | running (1m29.0s), 30/30 VUs, 6957 complete and 0 interrupted iterations
load-k6-1  | fspiopE2E   [  27% ] 30/30 VUs  1m29.0s/5m30.0s
load-k6-1  | 
load-k6-1  | running (1m30.0s), 30/30 VUs, 7039 complete and 0 interrupted iterations
load-k6-1  | fspiopE2E   [  27% ] 30/30 VUs  1m30.0s/5m30.0s
load-k6-1  | 
load-k6-1  | running (1m31.0s), 30/30 VUs, 7130 complete and 0 interrupted iterations
load-k6-1  | fspiopE2E   [  28% ] 30/30 VUs  1m31.0s/5m30.0s
load-k6-1  | 
load-k6-1  | running (1m32.0s), 30/30 VUs, 7214 complete and 0 interrupted iterations
load-k6-1  | fspiopE2E   [  28% ] 30/30 VUs  1m32.0s/5m30.0s
load-k6-1  | 
load-k6-1  | running (1m33.0s), 30/30 VUs, 7307 complete and 0 interrupted iterations
load-k6-1  | fspiopE2E   [  28% ] 30/30 VUs  1m33.0s/5m30.0s
load-k6-1  | 
load-k6-1  | running (1m34.0s), 30/30 VUs, 7395 complete and 0 interrupted iterations
load-k6-1  | fspiopE2E   [  28% ] 30/30 VUs  1m34.0s/5m30.0s
load-k6-1  | 
load-k6-1  | running (1m35.0s), 30/30 VUs, 7482 complete and 0 interrupted iterations
load-k6-1  | fspiopE2E   [  29% ] 30/30 VUs  1m35.0s/5m30.0s
load-k6-1  | 
load-k6-1  | running (1m36.0s), 30/30 VUs, 7566 complete and 0 interrupted iterations
load-k6-1  | fspiopE2E   [  29% ] 30/30 VUs  1m36.0s/5m30.0s
load-k6-1  | 
load-k6-1  | running (1m37.0s), 30/30 VUs, 7660 complete and 0 interrupted iterations
load-k6-1  | fspiopE2E   [  29% ] 30/30 VUs  1m37.0s/5m30.0s
load-k6-1  | 
load-k6-1  | running (1m38.0s), 30/30 VUs, 7746 complete and 0 interrupted iterations
load-k6-1  | fspiopE2E   [  30% ] 30/30 VUs  1m38.0s/5m30.0s
load-k6-1  | 
load-k6-1  | running (1m39.0s), 30/30 VUs, 7834 complete and 0 interrupted iterations
load-k6-1  | fspiopE2E   [  30% ] 30/30 VUs  1m39.0s/5m30.0s
load-k6-1  | 
load-k6-1  | running (1m40.0s), 30/30 VUs, 7923 complete and 0 interrupted iterations
load-k6-1  | fspiopE2E   [  30% ] 30/30 VUs  1m40.0s/5m30.0s
load-k6-1  | 
load-k6-1  | running (1m41.0s), 30/30 VUs, 8013 complete and 0 interrupted iterations
load-k6-1  | fspiopE2E   [  31% ] 30/30 VUs  1m41.0s/5m30.0s
load-k6-1  | 
load-k6-1  | running (1m42.0s), 30/30 VUs, 8102 complete and 0 interrupted iterations
load-k6-1  | fspiopE2E   [  31% ] 30/30 VUs  1m42.0s/5m30.0s
load-k6-1  | 
load-k6-1  | running (1m43.0s), 30/30 VUs, 8190 complete and 0 interrupted iterations
load-k6-1  | fspiopE2E   [  31% ] 30/30 VUs  1m43.0s/5m30.0s
load-k6-1  | 
load-k6-1  | running (1m44.0s), 30/30 VUs, 8276 complete and 0 interrupted iterations
load-k6-1  | fspiopE2E   [  32% ] 30/30 VUs  1m44.0s/5m30.0s
load-k6-1  | 
load-k6-1  | running (1m45.0s), 30/30 VUs, 8368 complete and 0 interrupted iterations
load-k6-1  | fspiopE2E   [  32% ] 30/30 VUs  1m45.0s/5m30.0s
load-k6-1  | 
load-k6-1  | running (1m46.0s), 30/30 VUs, 8456 complete and 0 interrupted iterations
load-k6-1  | fspiopE2E   [  32% ] 30/30 VUs  1m46.0s/5m30.0s
load-k6-1  | 
load-k6-1  | running (1m47.0s), 30/30 VUs, 8546 complete and 0 interrupted iterations
load-k6-1  | fspiopE2E   [  32% ] 30/30 VUs  1m47.0s/5m30.0s
load-k6-1  | 
load-k6-1  | running (1m48.0s), 30/30 VUs, 8640 complete and 0 interrupted iterations
load-k6-1  | fspiopE2E   [  33% ] 30/30 VUs  1m48.0s/5m30.0s
load-k6-1  | 
load-k6-1  | running (1m49.0s), 30/30 VUs, 8725 complete and 0 interrupted iterations
load-k6-1  | fspiopE2E   [  33% ] 30/30 VUs  1m49.0s/5m30.0s
load-k6-1  | 
load-k6-1  | running (1m50.0s), 30/30 VUs, 8816 complete and 0 interrupted iterations
load-k6-1  | fspiopE2E   [  33% ] 30/30 VUs  1m50.0s/5m30.0s
load-k6-1  | 
load-k6-1  | running (1m51.0s), 30/30 VUs, 8906 complete and 0 interrupted iterations
load-k6-1  | fspiopE2E   [  34% ] 30/30 VUs  1m51.0s/5m30.0s
load-k6-1  | 
load-k6-1  | running (1m52.0s), 30/30 VUs, 8992 complete and 0 interrupted iterations
load-k6-1  | fspiopE2E   [  34% ] 30/30 VUs  1m52.0s/5m30.0s
load-k6-1  | 
load-k6-1  | running (1m53.0s), 30/30 VUs, 9082 complete and 0 interrupted iterations
load-k6-1  | fspiopE2E   [  34% ] 30/30 VUs  1m53.0s/5m30.0s
load-k6-1  | 
load-k6-1  | running (1m54.0s), 30/30 VUs, 9168 complete and 0 interrupted iterations
load-k6-1  | fspiopE2E   [  35% ] 30/30 VUs  1m54.0s/5m30.0s
load-k6-1  | 
load-k6-1  | running (1m55.0s), 30/30 VUs, 9258 complete and 0 interrupted iterations
load-k6-1  | fspiopE2E   [  35% ] 30/30 VUs  1m55.0s/5m30.0s
load-k6-1  | 
load-k6-1  | running (1m56.0s), 30/30 VUs, 9347 complete and 0 interrupted iterations
load-k6-1  | fspiopE2E   [  35% ] 30/30 VUs  1m56.0s/5m30.0s
load-k6-1  | 
load-k6-1  | running (1m57.0s), 30/30 VUs, 9437 complete and 0 interrupted iterations
load-k6-1  | fspiopE2E   [  35% ] 30/30 VUs  1m57.0s/5m30.0s
load-k6-1  | 
load-k6-1  | running (1m58.0s), 30/30 VUs, 9524 complete and 0 interrupted iterations
load-k6-1  | fspiopE2E   [  36% ] 30/30 VUs  1m58.0s/5m30.0s
load-k6-1  | 
load-k6-1  | running (1m59.0s), 30/30 VUs, 9612 complete and 0 interrupted iterations
load-k6-1  | fspiopE2E   [  36% ] 30/30 VUs  1m59.0s/5m30.0s
load-k6-1  | 
load-k6-1  | running (2m00.0s), 30/30 VUs, 9701 complete and 0 interrupted iterations
load-k6-1  | fspiopE2E   [  36% ] 30/30 VUs  2m00.0s/5m30.0s
load-k6-1  | 
load-k6-1  | running (2m01.0s), 30/30 VUs, 9790 complete and 0 interrupted iterations
load-k6-1  | fspiopE2E   [  37% ] 30/30 VUs  2m01.0s/5m30.0s
load-k6-1  | 
load-k6-1  | running (2m02.0s), 30/30 VUs, 9878 complete and 0 interrupted iterations
load-k6-1  | fspiopE2E   [  37% ] 30/30 VUs  2m02.0s/5m30.0s
load-k6-1  | 
load-k6-1  | running (2m03.0s), 30/30 VUs, 9960 complete and 0 interrupted iterations
load-k6-1  | fspiopE2E   [  37% ] 30/30 VUs  2m03.0s/5m30.0s
load-k6-1  | 
load-k6-1  | running (2m04.0s), 30/30 VUs, 10054 complete and 0 interrupted iterations
load-k6-1  | fspiopE2E   [  38% ] 30/30 VUs  2m04.0s/5m30.0s
load-k6-1  | 
load-k6-1  | running (2m05.0s), 30/30 VUs, 10144 complete and 0 interrupted iterations
load-k6-1  | fspiopE2E   [  38% ] 30/30 VUs  2m05.0s/5m30.0s
load-k6-1  | 
load-k6-1  | running (2m06.0s), 30/30 VUs, 10234 complete and 0 interrupted iterations
load-k6-1  | fspiopE2E   [  38% ] 30/30 VUs  2m06.0s/5m30.0s
load-k6-1  | 
load-k6-1  | running (2m07.0s), 30/30 VUs, 10323 complete and 0 interrupted iterations
load-k6-1  | fspiopE2E   [  38% ] 30/30 VUs  2m07.0s/5m30.0s
load-k6-1  | 
load-k6-1  | running (2m08.0s), 30/30 VUs, 10407 complete and 0 interrupted iterations
load-k6-1  | fspiopE2E   [  39% ] 30/30 VUs  2m08.0s/5m30.0s
load-k6-1  | 
load-k6-1  | running (2m09.0s), 30/30 VUs, 10494 complete and 0 interrupted iterations
load-k6-1  | fspiopE2E   [  39% ] 30/30 VUs  2m09.0s/5m30.0s
load-k6-1  | 
load-k6-1  | running (2m10.0s), 30/30 VUs, 10586 complete and 0 interrupted iterations
load-k6-1  | fspiopE2E   [  39% ] 30/30 VUs  2m10.0s/5m30.0s
load-k6-1  | 
load-k6-1  | running (2m11.0s), 30/30 VUs, 10674 complete and 0 interrupted iterations
load-k6-1  | fspiopE2E   [  40% ] 30/30 VUs  2m11.0s/5m30.0s
load-k6-1  | 
load-k6-1  | running (2m12.0s), 30/30 VUs, 10763 complete and 0 interrupted iterations
load-k6-1  | fspiopE2E   [  40% ] 30/30 VUs  2m12.0s/5m30.0s
load-k6-1  | 
load-k6-1  | running (2m13.0s), 30/30 VUs, 10852 complete and 0 interrupted iterations
load-k6-1  | fspiopE2E   [  40% ] 30/30 VUs  2m13.0s/5m30.0s
load-k6-1  | 
load-k6-1  | running (2m14.0s), 30/30 VUs, 10941 complete and 0 interrupted iterations
load-k6-1  | fspiopE2E   [  41% ] 30/30 VUs  2m14.0s/5m30.0s
load-k6-1  | 
load-k6-1  | running (2m15.0s), 30/30 VUs, 11030 complete and 0 interrupted iterations
load-k6-1  | fspiopE2E   [  41% ] 30/30 VUs  2m15.0s/5m30.0s
load-k6-1  | 
load-k6-1  | running (2m16.0s), 30/30 VUs, 11117 complete and 0 interrupted iterations
load-k6-1  | fspiopE2E   [  41% ] 30/30 VUs  2m16.0s/5m30.0s
load-k6-1  | 
load-k6-1  | running (2m17.0s), 30/30 VUs, 11208 complete and 0 interrupted iterations
load-k6-1  | fspiopE2E   [  42% ] 30/30 VUs  2m17.0s/5m30.0s
load-k6-1  | 
load-k6-1  | running (2m18.0s), 30/30 VUs, 11289 complete and 0 interrupted iterations
load-k6-1  | fspiopE2E   [  42% ] 30/30 VUs  2m18.0s/5m30.0s
load-k6-1  | 
load-k6-1  | running (2m19.0s), 30/30 VUs, 11378 complete and 0 interrupted iterations
load-k6-1  | fspiopE2E   [  42% ] 30/30 VUs  2m19.0s/5m30.0s
load-k6-1  | 
load-k6-1  | running (2m20.0s), 30/30 VUs, 11465 complete and 0 interrupted iterations
load-k6-1  | fspiopE2E   [  42% ] 30/30 VUs  2m20.0s/5m30.0s
load-k6-1  | 
load-k6-1  | running (2m21.0s), 30/30 VUs, 11555 complete and 0 interrupted iterations
load-k6-1  | fspiopE2E   [  43% ] 30/30 VUs  2m21.0s/5m30.0s
load-k6-1  | 
load-k6-1  | running (2m22.0s), 30/30 VUs, 11644 complete and 0 interrupted iterations
load-k6-1  | fspiopE2E   [  43% ] 30/30 VUs  2m22.0s/5m30.0s
load-k6-1  | 
load-k6-1  | running (2m23.0s), 30/30 VUs, 11731 complete and 0 interrupted iterations
load-k6-1  | fspiopE2E   [  43% ] 30/30 VUs  2m23.0s/5m30.0s
load-k6-1  | 
load-k6-1  | running (2m24.0s), 30/30 VUs, 11821 complete and 0 interrupted iterations
load-k6-1  | fspiopE2E   [  44% ] 30/30 VUs  2m24.0s/5m30.0s
load-k6-1  | 
load-k6-1  | running (2m25.0s), 30/30 VUs, 11907 complete and 0 interrupted iterations
load-k6-1  | fspiopE2E   [  44% ] 30/30 VUs  2m25.0s/5m30.0s
load-k6-1  | 
load-k6-1  | running (2m26.0s), 30/30 VUs, 11999 complete and 0 interrupted iterations
load-k6-1  | fspiopE2E   [  44% ] 30/30 VUs  2m26.0s/5m30.0s
load-k6-1  | 
load-k6-1  | running (2m27.0s), 30/30 VUs, 12084 complete and 0 interrupted iterations
load-k6-1  | fspiopE2E   [  45% ] 30/30 VUs  2m27.0s/5m30.0s
load-k6-1  | 
load-k6-1  | running (2m28.0s), 30/30 VUs, 12168 complete and 0 interrupted iterations
load-k6-1  | fspiopE2E   [  45% ] 30/30 VUs  2m28.0s/5m30.0s
load-k6-1  | 
load-k6-1  | running (2m29.0s), 30/30 VUs, 12256 complete and 0 interrupted iterations
load-k6-1  | fspiopE2E   [  45% ] 30/30 VUs  2m29.0s/5m30.0s
load-k6-1  | 
load-k6-1  | running (2m30.0s), 30/30 VUs, 12340 complete and 0 interrupted iterations
load-k6-1  | fspiopE2E   [  45% ] 30/30 VUs  2m30.0s/5m30.0s
load-k6-1  | 
load-k6-1  | running (2m31.0s), 30/30 VUs, 12427 complete and 0 interrupted iterations
load-k6-1  | fspiopE2E   [  46% ] 30/30 VUs  2m31.0s/5m30.0s
load-k6-1  | 
load-k6-1  | running (2m32.0s), 30/30 VUs, 12524 complete and 0 interrupted iterations
load-k6-1  | fspiopE2E   [  46% ] 30/30 VUs  2m32.0s/5m30.0s
load-k6-1  | 
load-k6-1  | running (2m33.0s), 30/30 VUs, 12616 complete and 0 interrupted iterations
load-k6-1  | fspiopE2E   [  46% ] 30/30 VUs  2m33.0s/5m30.0s
load-k6-1  | 
load-k6-1  | running (2m34.0s), 30/30 VUs, 12705 complete and 0 interrupted iterations
load-k6-1  | fspiopE2E   [  47% ] 30/30 VUs  2m34.0s/5m30.0s
load-k6-1  | 
load-k6-1  | running (2m35.0s), 30/30 VUs, 12792 complete and 0 interrupted iterations
load-k6-1  | fspiopE2E   [  47% ] 30/30 VUs  2m35.0s/5m30.0s
load-k6-1  | 
load-k6-1  | running (2m36.0s), 30/30 VUs, 12887 complete and 0 interrupted iterations
load-k6-1  | fspiopE2E   [  47% ] 30/30 VUs  2m36.0s/5m30.0s
load-k6-1  | 
load-k6-1  | running (2m37.0s), 30/30 VUs, 12975 complete and 0 interrupted iterations
load-k6-1  | fspiopE2E   [  48% ] 30/30 VUs  2m37.0s/5m30.0s
load-k6-1  | 
load-k6-1  | running (2m38.0s), 30/30 VUs, 13054 complete and 0 interrupted iterations
load-k6-1  | fspiopE2E   [  48% ] 30/30 VUs  2m38.0s/5m30.0s
load-k6-1  | 
load-k6-1  | running (2m39.0s), 30/30 VUs, 13142 complete and 0 interrupted iterations
load-k6-1  | fspiopE2E   [  48% ] 30/30 VUs  2m39.0s/5m30.0s
load-k6-1  | 
load-k6-1  | running (2m40.0s), 30/30 VUs, 13229 complete and 0 interrupted iterations
load-k6-1  | fspiopE2E   [  48% ] 30/30 VUs  2m40.0s/5m30.0s
load-k6-1  | 
load-k6-1  | running (2m41.0s), 30/30 VUs, 13317 complete and 0 interrupted iterations
load-k6-1  | fspiopE2E   [  49% ] 30/30 VUs  2m41.0s/5m30.0s
load-k6-1  | 
load-k6-1  | running (2m42.0s), 30/30 VUs, 13407 complete and 0 interrupted iterations
load-k6-1  | fspiopE2E   [  49% ] 30/30 VUs  2m42.0s/5m30.0s
load-k6-1  | 
load-k6-1  | running (2m43.0s), 30/30 VUs, 13497 complete and 0 interrupted iterations
load-k6-1  | fspiopE2E   [  49% ] 30/30 VUs  2m43.0s/5m30.0s
load-k6-1  | 
load-k6-1  | running (2m44.0s), 30/30 VUs, 13584 complete and 0 interrupted iterations
load-k6-1  | fspiopE2E   [  50% ] 30/30 VUs  2m44.0s/5m30.0s
load-k6-1  | 
load-k6-1  | running (2m45.0s), 30/30 VUs, 13670 complete and 0 interrupted iterations
load-k6-1  | fspiopE2E   [  50% ] 30/30 VUs  2m45.0s/5m30.0s
load-k6-1  | 
load-k6-1  | running (2m46.0s), 30/30 VUs, 13759 complete and 0 interrupted iterations
load-k6-1  | fspiopE2E   [  50% ] 30/30 VUs  2m46.0s/5m30.0s
load-k6-1  | 
load-k6-1  | running (2m47.0s), 30/30 VUs, 13846 complete and 0 interrupted iterations
load-k6-1  | fspiopE2E   [  51% ] 30/30 VUs  2m47.0s/5m30.0s
load-k6-1  | 
load-k6-1  | running (2m48.0s), 30/30 VUs, 13933 complete and 0 interrupted iterations
load-k6-1  | fspiopE2E   [  51% ] 30/30 VUs  2m48.0s/5m30.0s
load-k6-1  | 
load-k6-1  | running (2m49.0s), 30/30 VUs, 14023 complete and 0 interrupted iterations
load-k6-1  | fspiopE2E   [  51% ] 30/30 VUs  2m49.0s/5m30.0s
load-k6-1  | 
load-k6-1  | running (2m50.0s), 30/30 VUs, 14114 complete and 0 interrupted iterations
load-k6-1  | fspiopE2E   [  52% ] 30/30 VUs  2m50.0s/5m30.0s
load-k6-1  | 
load-k6-1  | running (2m51.0s), 30/30 VUs, 14205 complete and 0 interrupted iterations
load-k6-1  | fspiopE2E   [  52% ] 30/30 VUs  2m51.0s/5m30.0s
load-k6-1  | 
load-k6-1  | running (2m52.0s), 30/30 VUs, 14291 complete and 0 interrupted iterations
load-k6-1  | fspiopE2E   [  52% ] 30/30 VUs  2m52.0s/5m30.0s
load-k6-1  | 
load-k6-1  | running (2m53.0s), 30/30 VUs, 14386 complete and 0 interrupted iterations
load-k6-1  | fspiopE2E   [  52% ] 30/30 VUs  2m53.0s/5m30.0s
load-k6-1  | 
load-k6-1  | running (2m54.0s), 30/30 VUs, 14472 complete and 0 interrupted iterations
load-k6-1  | fspiopE2E   [  53% ] 30/30 VUs  2m54.0s/5m30.0s
load-k6-1  | 
load-k6-1  | running (2m55.0s), 30/30 VUs, 14560 complete and 0 interrupted iterations
load-k6-1  | fspiopE2E   [  53% ] 30/30 VUs  2m55.0s/5m30.0s
load-k6-1  | 
load-k6-1  | running (2m56.0s), 30/30 VUs, 14654 complete and 0 interrupted iterations
load-k6-1  | fspiopE2E   [  53% ] 30/30 VUs  2m56.0s/5m30.0s
load-k6-1  | 
load-k6-1  | running (2m57.0s), 30/30 VUs, 14738 complete and 0 interrupted iterations
load-k6-1  | fspiopE2E   [  54% ] 30/30 VUs  2m57.0s/5m30.0s
load-k6-1  | 
load-k6-1  | running (2m58.0s), 30/30 VUs, 14826 complete and 0 interrupted iterations
load-k6-1  | fspiopE2E   [  54% ] 30/30 VUs  2m58.0s/5m30.0s
load-k6-1  | 
load-k6-1  | running (2m59.0s), 30/30 VUs, 14917 complete and 0 interrupted iterations
load-k6-1  | fspiopE2E   [  54% ] 30/30 VUs  2m59.0s/5m30.0s
load-k6-1  | 
load-k6-1  | running (3m00.0s), 30/30 VUs, 15010 complete and 0 interrupted iterations
load-k6-1  | fspiopE2E   [  55% ] 30/30 VUs  3m00.0s/5m30.0s
load-k6-1  | 
load-k6-1  | running (3m01.0s), 30/30 VUs, 15091 complete and 0 interrupted iterations
load-k6-1  | fspiopE2E   [  55% ] 30/30 VUs  3m01.0s/5m30.0s
load-k6-1  | 
load-k6-1  | running (3m02.0s), 30/30 VUs, 15180 complete and 0 interrupted iterations
load-k6-1  | fspiopE2E   [  55% ] 30/30 VUs  3m02.0s/5m30.0s
load-k6-1  | 
load-k6-1  | running (3m03.0s), 30/30 VUs, 15272 complete and 0 interrupted iterations
load-k6-1  | fspiopE2E   [  55% ] 30/30 VUs  3m03.0s/5m30.0s
load-k6-1  | 
load-k6-1  | running (3m04.0s), 30/30 VUs, 15359 complete and 0 interrupted iterations
load-k6-1  | fspiopE2E   [  56% ] 30/30 VUs  3m04.0s/5m30.0s
load-k6-1  | 
load-k6-1  | running (3m05.0s), 30/30 VUs, 15443 complete and 0 interrupted iterations
load-k6-1  | fspiopE2E   [  56% ] 30/30 VUs  3m05.0s/5m30.0s
load-k6-1  | 
load-k6-1  | running (3m06.0s), 30/30 VUs, 15532 complete and 0 interrupted iterations
load-k6-1  | fspiopE2E   [  56% ] 30/30 VUs  3m06.0s/5m30.0s
load-k6-1  | 
load-k6-1  | running (3m07.0s), 30/30 VUs, 15607 complete and 0 interrupted iterations
load-k6-1  | fspiopE2E   [  57% ] 30/30 VUs  3m07.0s/5m30.0s
load-k6-1  | 
load-k6-1  | running (3m08.0s), 30/30 VUs, 15697 complete and 0 interrupted iterations
load-k6-1  | fspiopE2E   [  57% ] 30/30 VUs  3m08.0s/5m30.0s
load-k6-1  | 
load-k6-1  | running (3m09.0s), 30/30 VUs, 15789 complete and 0 interrupted iterations
load-k6-1  | fspiopE2E   [  57% ] 30/30 VUs  3m09.0s/5m30.0s
load-k6-1  | 
load-k6-1  | running (3m10.0s), 30/30 VUs, 15878 complete and 0 interrupted iterations
load-k6-1  | fspiopE2E   [  58% ] 30/30 VUs  3m10.0s/5m30.0s
load-k6-1  | 
load-k6-1  | running (3m11.0s), 30/30 VUs, 15966 complete and 0 interrupted iterations
load-k6-1  | fspiopE2E   [  58% ] 30/30 VUs  3m11.0s/5m30.0s
load-k6-1  | 
load-k6-1  | running (3m12.0s), 30/30 VUs, 16054 complete and 0 interrupted iterations
load-k6-1  | fspiopE2E   [  58% ] 30/30 VUs  3m12.0s/5m30.0s
load-k6-1  | 
load-k6-1  | running (3m13.0s), 30/30 VUs, 16142 complete and 0 interrupted iterations
load-k6-1  | fspiopE2E   [  58% ] 30/30 VUs  3m13.0s/5m30.0s
load-k6-1  | 
load-k6-1  | running (3m14.0s), 30/30 VUs, 16230 complete and 0 interrupted iterations
load-k6-1  | fspiopE2E   [  59% ] 30/30 VUs  3m14.0s/5m30.0s
load-k6-1  | 
load-k6-1  | running (3m15.0s), 30/30 VUs, 16324 complete and 0 interrupted iterations
load-k6-1  | fspiopE2E   [  59% ] 30/30 VUs  3m15.0s/5m30.0s
load-k6-1  | 
load-k6-1  | running (3m16.0s), 30/30 VUs, 16401 complete and 0 interrupted iterations
load-k6-1  | fspiopE2E   [  59% ] 30/30 VUs  3m16.0s/5m30.0s
load-k6-1  | 
load-k6-1  | running (3m17.0s), 30/30 VUs, 16492 complete and 0 interrupted iterations
load-k6-1  | fspiopE2E   [  60% ] 30/30 VUs  3m17.0s/5m30.0s
load-k6-1  | 
load-k6-1  | running (3m18.0s), 30/30 VUs, 16585 complete and 0 interrupted iterations
load-k6-1  | fspiopE2E   [  60% ] 30/30 VUs  3m18.0s/5m30.0s
load-k6-1  | 
load-k6-1  | running (3m19.0s), 30/30 VUs, 16680 complete and 0 interrupted iterations
load-k6-1  | fspiopE2E   [  60% ] 30/30 VUs  3m19.0s/5m30.0s
load-k6-1  | 
load-k6-1  | running (3m20.0s), 30/30 VUs, 16768 complete and 0 interrupted iterations
load-k6-1  | fspiopE2E   [  61% ] 30/30 VUs  3m20.0s/5m30.0s
load-k6-1  | 
load-k6-1  | running (3m21.0s), 30/30 VUs, 16854 complete and 0 interrupted iterations
load-k6-1  | fspiopE2E   [  61% ] 30/30 VUs  3m21.0s/5m30.0s
load-k6-1  | 
load-k6-1  | running (3m22.0s), 30/30 VUs, 16942 complete and 0 interrupted iterations
load-k6-1  | fspiopE2E   [  61% ] 30/30 VUs  3m22.0s/5m30.0s
load-k6-1  | 
load-k6-1  | running (3m23.0s), 30/30 VUs, 17031 complete and 0 interrupted iterations
load-k6-1  | fspiopE2E   [  62% ] 30/30 VUs  3m23.0s/5m30.0s
load-k6-1  | 
load-k6-1  | running (3m24.0s), 30/30 VUs, 17119 complete and 0 interrupted iterations
load-k6-1  | fspiopE2E   [  62% ] 30/30 VUs  3m24.0s/5m30.0s
load-k6-1  | 
load-k6-1  | running (3m25.0s), 30/30 VUs, 17209 complete and 0 interrupted iterations
load-k6-1  | fspiopE2E   [  62% ] 30/30 VUs  3m25.0s/5m30.0s
load-k6-1  | 
load-k6-1  | running (3m26.0s), 30/30 VUs, 17295 complete and 0 interrupted iterations
load-k6-1  | fspiopE2E   [  62% ] 30/30 VUs  3m26.0s/5m30.0s
load-k6-1  | 
load-k6-1  | running (3m27.0s), 30/30 VUs, 17383 complete and 0 interrupted iterations
load-k6-1  | fspiopE2E   [  63% ] 30/30 VUs  3m27.0s/5m30.0s
load-k6-1  | 
load-k6-1  | running (3m28.0s), 30/30 VUs, 17471 complete and 0 interrupted iterations
load-k6-1  | fspiopE2E   [  63% ] 30/30 VUs  3m28.0s/5m30.0s
load-k6-1  | 
load-k6-1  | running (3m29.0s), 30/30 VUs, 17559 complete and 0 interrupted iterations
load-k6-1  | fspiopE2E   [  63% ] 30/30 VUs  3m29.0s/5m30.0s
load-k6-1  | 
load-k6-1  | running (3m30.0s), 30/30 VUs, 17656 complete and 0 interrupted iterations
load-k6-1  | fspiopE2E   [  64% ] 30/30 VUs  3m30.0s/5m30.0s
load-k6-1  | 
load-k6-1  | running (3m31.0s), 30/30 VUs, 17741 complete and 0 interrupted iterations
load-k6-1  | fspiopE2E   [  64% ] 30/30 VUs  3m31.0s/5m30.0s
load-k6-1  | 
load-k6-1  | running (3m32.0s), 30/30 VUs, 17828 complete and 0 interrupted iterations
load-k6-1  | fspiopE2E   [  64% ] 30/30 VUs  3m32.0s/5m30.0s
load-k6-1  | 
load-k6-1  | running (3m33.0s), 30/30 VUs, 17919 complete and 0 interrupted iterations
load-k6-1  | fspiopE2E   [  65% ] 30/30 VUs  3m33.0s/5m30.0s
load-k6-1  | 
load-k6-1  | running (3m34.0s), 30/30 VUs, 18007 complete and 0 interrupted iterations
load-k6-1  | fspiopE2E   [  65% ] 30/30 VUs  3m34.0s/5m30.0s
load-k6-1  | 
load-k6-1  | running (3m35.0s), 30/30 VUs, 18101 complete and 0 interrupted iterations
load-k6-1  | fspiopE2E   [  65% ] 30/30 VUs  3m35.0s/5m30.0s
load-k6-1  | 
load-k6-1  | running (3m36.0s), 30/30 VUs, 18177 complete and 0 interrupted iterations
load-k6-1  | fspiopE2E   [  65% ] 30/30 VUs  3m36.0s/5m30.0s
load-k6-1  | 
load-k6-1  | running (3m37.0s), 30/30 VUs, 18268 complete and 0 interrupted iterations
load-k6-1  | fspiopE2E   [  66% ] 30/30 VUs  3m37.0s/5m30.0s
load-k6-1  | 
load-k6-1  | running (3m38.0s), 30/30 VUs, 18357 complete and 0 interrupted iterations
load-k6-1  | fspiopE2E   [  66% ] 30/30 VUs  3m38.0s/5m30.0s
load-k6-1  | 
load-k6-1  | running (3m39.0s), 30/30 VUs, 18444 complete and 0 interrupted iterations
load-k6-1  | fspiopE2E   [  66% ] 30/30 VUs  3m39.0s/5m30.0s
load-k6-1  | 
load-k6-1  | running (3m40.0s), 30/30 VUs, 18535 complete and 0 interrupted iterations
load-k6-1  | fspiopE2E   [  67% ] 30/30 VUs  3m40.0s/5m30.0s
load-k6-1  | 
load-k6-1  | running (3m41.0s), 30/30 VUs, 18623 complete and 0 interrupted iterations
load-k6-1  | fspiopE2E   [  67% ] 30/30 VUs  3m41.0s/5m30.0s
load-k6-1  | 
load-k6-1  | running (3m42.0s), 30/30 VUs, 18708 complete and 0 interrupted iterations
load-k6-1  | fspiopE2E   [  67% ] 30/30 VUs  3m42.0s/5m30.0s
load-k6-1  | 
load-k6-1  | running (3m43.0s), 30/30 VUs, 18799 complete and 0 interrupted iterations
load-k6-1  | fspiopE2E   [  68% ] 30/30 VUs  3m43.0s/5m30.0s
load-k6-1  | 
load-k6-1  | running (3m44.0s), 30/30 VUs, 18892 complete and 0 interrupted iterations
load-k6-1  | fspiopE2E   [  68% ] 30/30 VUs  3m44.0s/5m30.0s
load-k6-1  | 
load-k6-1  | running (3m45.0s), 30/30 VUs, 18975 complete and 0 interrupted iterations
load-k6-1  | fspiopE2E   [  68% ] 30/30 VUs  3m45.0s/5m30.0s
load-k6-1  | 
load-k6-1  | running (3m46.0s), 30/30 VUs, 19067 complete and 0 interrupted iterations
load-k6-1  | fspiopE2E   [  68% ] 30/30 VUs  3m46.0s/5m30.0s
load-k6-1  | 
load-k6-1  | running (3m47.0s), 30/30 VUs, 19158 complete and 0 interrupted iterations
load-k6-1  | fspiopE2E   [  69% ] 30/30 VUs  3m47.0s/5m30.0s
load-k6-1  | 
load-k6-1  | running (3m48.0s), 30/30 VUs, 19247 complete and 0 interrupted iterations
load-k6-1  | fspiopE2E   [  69% ] 30/30 VUs  3m48.0s/5m30.0s
load-k6-1  | 
load-k6-1  | running (3m49.0s), 30/30 VUs, 19335 complete and 0 interrupted iterations
load-k6-1  | fspiopE2E   [  69% ] 30/30 VUs  3m49.0s/5m30.0s
load-k6-1  | 
load-k6-1  | running (3m50.0s), 30/30 VUs, 19429 complete and 0 interrupted iterations
load-k6-1  | fspiopE2E   [  70% ] 30/30 VUs  3m50.0s/5m30.0s
load-k6-1  | 
load-k6-1  | running (3m51.0s), 30/30 VUs, 19521 complete and 0 interrupted iterations
load-k6-1  | fspiopE2E   [  70% ] 30/30 VUs  3m51.0s/5m30.0s
load-k6-1  | 
load-k6-1  | running (3m52.0s), 30/30 VUs, 19604 complete and 0 interrupted iterations
load-k6-1  | fspiopE2E   [  70% ] 30/30 VUs  3m52.0s/5m30.0s
load-k6-1  | 
load-k6-1  | running (3m53.0s), 30/30 VUs, 19691 complete and 0 interrupted iterations
load-k6-1  | fspiopE2E   [  71% ] 30/30 VUs  3m53.0s/5m30.0s
load-k6-1  | 
load-k6-1  | running (3m54.0s), 30/30 VUs, 19787 complete and 0 interrupted iterations
load-k6-1  | fspiopE2E   [  71% ] 30/30 VUs  3m54.0s/5m30.0s
load-k6-1  | 
load-k6-1  | running (3m55.0s), 30/30 VUs, 19863 complete and 0 interrupted iterations
load-k6-1  | fspiopE2E   [  71% ] 30/30 VUs  3m55.0s/5m30.0s
load-k6-1  | 
load-k6-1  | running (3m56.0s), 30/30 VUs, 19954 complete and 0 interrupted iterations
load-k6-1  | fspiopE2E   [  72% ] 30/30 VUs  3m56.0s/5m30.0s
load-k6-1  | 
load-k6-1  | running (3m57.0s), 30/30 VUs, 20043 complete and 0 interrupted iterations
load-k6-1  | fspiopE2E   [  72% ] 30/30 VUs  3m57.0s/5m30.0s
load-k6-1  | 
load-k6-1  | running (3m58.0s), 30/30 VUs, 20129 complete and 0 interrupted iterations
load-k6-1  | fspiopE2E   [  72% ] 30/30 VUs  3m58.0s/5m30.0s
load-k6-1  | 
load-k6-1  | running (3m59.0s), 30/30 VUs, 20216 complete and 0 interrupted iterations
load-k6-1  | fspiopE2E   [  72% ] 30/30 VUs  3m59.0s/5m30.0s
load-k6-1  | 
load-k6-1  | running (4m00.0s), 30/30 VUs, 20304 complete and 0 interrupted iterations
load-k6-1  | fspiopE2E   [  73% ] 30/30 VUs  4m00.0s/5m30.0s
load-k6-1  | 
load-k6-1  | running (4m01.0s), 30/30 VUs, 20394 complete and 0 interrupted iterations
load-k6-1  | fspiopE2E   [  73% ] 30/30 VUs  4m01.0s/5m30.0s
load-k6-1  | 
load-k6-1  | running (4m02.0s), 30/30 VUs, 20485 complete and 0 interrupted iterations
load-k6-1  | fspiopE2E   [  73% ] 30/30 VUs  4m02.0s/5m30.0s
load-k6-1  | 
load-k6-1  | running (4m03.0s), 30/30 VUs, 20573 complete and 0 interrupted iterations
load-k6-1  | fspiopE2E   [  74% ] 30/30 VUs  4m03.0s/5m30.0s
load-k6-1  | 
load-k6-1  | running (4m04.0s), 30/30 VUs, 20664 complete and 0 interrupted iterations
load-k6-1  | fspiopE2E   [  74% ] 30/30 VUs  4m04.0s/5m30.0s
load-k6-1  | 
load-k6-1  | running (4m05.0s), 30/30 VUs, 20748 complete and 0 interrupted iterations
load-k6-1  | fspiopE2E   [  74% ] 30/30 VUs  4m05.0s/5m30.0s
load-k6-1  | 
load-k6-1  | running (4m06.0s), 30/30 VUs, 20835 complete and 0 interrupted iterations
load-k6-1  | fspiopE2E   [  75% ] 30/30 VUs  4m06.0s/5m30.0s
load-k6-1  | 
load-k6-1  | running (4m07.0s), 30/30 VUs, 20926 complete and 0 interrupted iterations
load-k6-1  | fspiopE2E   [  75% ] 30/30 VUs  4m07.0s/5m30.0s
load-k6-1  | 
load-k6-1  | running (4m08.0s), 30/30 VUs, 21018 complete and 0 interrupted iterations
load-k6-1  | fspiopE2E   [  75% ] 30/30 VUs  4m08.0s/5m30.0s
load-k6-1  | 
load-k6-1  | running (4m09.0s), 30/30 VUs, 21106 complete and 0 interrupted iterations
load-k6-1  | fspiopE2E   [  75% ] 30/30 VUs  4m09.0s/5m30.0s
load-k6-1  | 
load-k6-1  | running (4m10.0s), 30/30 VUs, 21196 complete and 0 interrupted iterations
load-k6-1  | fspiopE2E   [  76% ] 30/30 VUs  4m10.0s/5m30.0s
load-k6-1  | 
load-k6-1  | running (4m11.0s), 30/30 VUs, 21285 complete and 0 interrupted iterations
load-k6-1  | fspiopE2E   [  76% ] 30/30 VUs  4m11.0s/5m30.0s
load-k6-1  | 
load-k6-1  | running (4m12.0s), 30/30 VUs, 21372 complete and 0 interrupted iterations
load-k6-1  | fspiopE2E   [  76% ] 30/30 VUs  4m12.0s/5m30.0s
load-k6-1  | 
load-k6-1  | running (4m13.0s), 30/30 VUs, 21466 complete and 0 interrupted iterations
load-k6-1  | fspiopE2E   [  77% ] 30/30 VUs  4m13.0s/5m30.0s
load-k6-1  | 
load-k6-1  | running (4m14.0s), 30/30 VUs, 21547 complete and 0 interrupted iterations
load-k6-1  | fspiopE2E   [  77% ] 30/30 VUs  4m14.0s/5m30.0s
load-k6-1  | 
load-k6-1  | running (4m15.0s), 30/30 VUs, 21631 complete and 0 interrupted iterations
load-k6-1  | fspiopE2E   [  77% ] 30/30 VUs  4m15.0s/5m30.0s
load-k6-1  | 
load-k6-1  | running (4m16.0s), 30/30 VUs, 21718 complete and 0 interrupted iterations
load-k6-1  | fspiopE2E   [  78% ] 30/30 VUs  4m16.0s/5m30.0s
load-k6-1  | 
load-k6-1  | running (4m17.0s), 30/30 VUs, 21805 complete and 0 interrupted iterations
load-k6-1  | fspiopE2E   [  78% ] 30/30 VUs  4m17.0s/5m30.0s
load-k6-1  | 
load-k6-1  | running (4m18.0s), 30/30 VUs, 21899 complete and 0 interrupted iterations
load-k6-1  | fspiopE2E   [  78% ] 30/30 VUs  4m18.0s/5m30.0s
load-k6-1  | 
load-k6-1  | running (4m19.0s), 30/30 VUs, 21989 complete and 0 interrupted iterations
load-k6-1  | fspiopE2E   [  78% ] 30/30 VUs  4m19.0s/5m30.0s
load-k6-1  | 
load-k6-1  | running (4m20.0s), 30/30 VUs, 22082 complete and 0 interrupted iterations
load-k6-1  | fspiopE2E   [  79% ] 30/30 VUs  4m20.0s/5m30.0s
load-k6-1  | 
load-k6-1  | running (4m21.0s), 30/30 VUs, 22172 complete and 0 interrupted iterations
load-k6-1  | fspiopE2E   [  79% ] 30/30 VUs  4m21.0s/5m30.0s
load-k6-1  | 
load-k6-1  | running (4m22.0s), 30/30 VUs, 22260 complete and 0 interrupted iterations
load-k6-1  | fspiopE2E   [  79% ] 30/30 VUs  4m22.0s/5m30.0s
load-k6-1  | 
load-k6-1  | running (4m23.0s), 30/30 VUs, 22354 complete and 0 interrupted iterations
load-k6-1  | fspiopE2E   [  80% ] 30/30 VUs  4m23.0s/5m30.0s
load-k6-1  | 
load-k6-1  | running (4m24.0s), 30/30 VUs, 22434 complete and 0 interrupted iterations
load-k6-1  | fspiopE2E   [  80% ] 30/30 VUs  4m24.0s/5m30.0s
load-k6-1  | 
load-k6-1  | running (4m25.0s), 30/30 VUs, 22525 complete and 0 interrupted iterations
load-k6-1  | fspiopE2E   [  80% ] 30/30 VUs  4m25.0s/5m30.0s
load-k6-1  | 
load-k6-1  | running (4m26.0s), 30/30 VUs, 22611 complete and 0 interrupted iterations
load-k6-1  | fspiopE2E   [  81% ] 30/30 VUs  4m26.0s/5m30.0s
load-k6-1  | 
load-k6-1  | running (4m27.0s), 30/30 VUs, 22701 complete and 0 interrupted iterations
load-k6-1  | fspiopE2E   [  81% ] 30/30 VUs  4m27.0s/5m30.0s
load-k6-1  | 
load-k6-1  | running (4m28.0s), 30/30 VUs, 22794 complete and 0 interrupted iterations
load-k6-1  | fspiopE2E   [  81% ] 30/30 VUs  4m28.0s/5m30.0s
load-k6-1  | 
load-k6-1  | running (4m29.0s), 30/30 VUs, 22882 complete and 0 interrupted iterations
load-k6-1  | fspiopE2E   [  82% ] 30/30 VUs  4m29.0s/5m30.0s
load-k6-1  | 
load-k6-1  | running (4m30.0s), 30/30 VUs, 22969 complete and 0 interrupted iterations
load-k6-1  | fspiopE2E   [  82% ] 30/30 VUs  4m30.0s/5m30.0s
load-k6-1  | 
load-k6-1  | running (4m31.0s), 30/30 VUs, 23058 complete and 0 interrupted iterations
load-k6-1  | fspiopE2E   [  82% ] 30/30 VUs  4m31.0s/5m30.0s
load-k6-1  | 
load-k6-1  | running (4m32.0s), 30/30 VUs, 23149 complete and 0 interrupted iterations
load-k6-1  | fspiopE2E   [  82% ] 30/30 VUs  4m32.0s/5m30.0s
load-k6-1  | 
load-k6-1  | running (4m33.0s), 30/30 VUs, 23230 complete and 0 interrupted iterations
load-k6-1  | fspiopE2E   [  83% ] 30/30 VUs  4m33.0s/5m30.0s
load-k6-1  | 
load-k6-1  | running (4m34.0s), 30/30 VUs, 23323 complete and 0 interrupted iterations
load-k6-1  | fspiopE2E   [  83% ] 30/30 VUs  4m34.0s/5m30.0s
load-k6-1  | 
load-k6-1  | running (4m35.0s), 30/30 VUs, 23402 complete and 0 interrupted iterations
load-k6-1  | fspiopE2E   [  83% ] 30/30 VUs  4m35.0s/5m30.0s
load-k6-1  | 
load-k6-1  | running (4m36.0s), 30/30 VUs, 23493 complete and 0 interrupted iterations
load-k6-1  | fspiopE2E   [  84% ] 30/30 VUs  4m36.0s/5m30.0s
load-k6-1  | 
load-k6-1  | running (4m37.0s), 30/30 VUs, 23579 complete and 0 interrupted iterations
load-k6-1  | fspiopE2E   [  84% ] 30/30 VUs  4m37.0s/5m30.0s
load-k6-1  | 
load-k6-1  | running (4m38.0s), 30/30 VUs, 23666 complete and 0 interrupted iterations
load-k6-1  | fspiopE2E   [  84% ] 30/30 VUs  4m38.0s/5m30.0s
load-k6-1  | 
load-k6-1  | running (4m39.0s), 30/30 VUs, 23757 complete and 0 interrupted iterations
load-k6-1  | fspiopE2E   [  85% ] 30/30 VUs  4m39.0s/5m30.0s
load-k6-1  | 
load-k6-1  | running (4m40.0s), 30/30 VUs, 23846 complete and 0 interrupted iterations
load-k6-1  | fspiopE2E   [  85% ] 30/30 VUs  4m40.0s/5m30.0s
load-k6-1  | 
load-k6-1  | running (4m41.0s), 30/30 VUs, 23936 complete and 0 interrupted iterations
load-k6-1  | fspiopE2E   [  85% ] 30/30 VUs  4m41.0s/5m30.0s
load-k6-1  | 
load-k6-1  | running (4m42.0s), 30/30 VUs, 24026 complete and 0 interrupted iterations
load-k6-1  | fspiopE2E   [  85% ] 30/30 VUs  4m42.0s/5m30.0s
load-k6-1  | 
load-k6-1  | running (4m43.0s), 30/30 VUs, 24099 complete and 0 interrupted iterations
load-k6-1  | fspiopE2E   [  86% ] 30/30 VUs  4m43.0s/5m30.0s
load-k6-1  | 
load-k6-1  | running (4m44.0s), 30/30 VUs, 24193 complete and 0 interrupted iterations
load-k6-1  | fspiopE2E   [  86% ] 30/30 VUs  4m44.0s/5m30.0s
load-k6-1  | 
load-k6-1  | running (4m45.0s), 30/30 VUs, 24275 complete and 0 interrupted iterations
load-k6-1  | fspiopE2E   [  86% ] 30/30 VUs  4m45.0s/5m30.0s
load-k6-1  | 
load-k6-1  | running (4m46.0s), 30/30 VUs, 24364 complete and 0 interrupted iterations
load-k6-1  | fspiopE2E   [  87% ] 30/30 VUs  4m46.0s/5m30.0s
load-k6-1  | 
load-k6-1  | running (4m47.0s), 30/30 VUs, 24452 complete and 0 interrupted iterations
load-k6-1  | fspiopE2E   [  87% ] 30/30 VUs  4m47.0s/5m30.0s
load-k6-1  | 
load-k6-1  | running (4m48.0s), 30/30 VUs, 24541 complete and 0 interrupted iterations
load-k6-1  | fspiopE2E   [  87% ] 30/30 VUs  4m48.0s/5m30.0s
load-k6-1  | 
load-k6-1  | running (4m49.0s), 30/30 VUs, 24633 complete and 0 interrupted iterations
load-k6-1  | fspiopE2E   [  88% ] 30/30 VUs  4m49.0s/5m30.0s
load-k6-1  | 
load-k6-1  | running (4m50.0s), 30/30 VUs, 24723 complete and 0 interrupted iterations
load-k6-1  | fspiopE2E   [  88% ] 30/30 VUs  4m50.0s/5m30.0s
load-k6-1  | 
load-k6-1  | running (4m51.0s), 30/30 VUs, 24806 complete and 0 interrupted iterations
load-k6-1  | fspiopE2E   [  88% ] 30/30 VUs  4m51.0s/5m30.0s
load-k6-1  | 
load-k6-1  | running (4m52.0s), 30/30 VUs, 24898 complete and 0 interrupted iterations
load-k6-1  | fspiopE2E   [  88% ] 30/30 VUs  4m52.0s/5m30.0s
load-k6-1  | 
load-k6-1  | running (4m53.0s), 30/30 VUs, 24978 complete and 0 interrupted iterations
load-k6-1  | fspiopE2E   [  89% ] 30/30 VUs  4m53.0s/5m30.0s
load-k6-1  | 
load-k6-1  | running (4m54.0s), 30/30 VUs, 25060 complete and 0 interrupted iterations
load-k6-1  | fspiopE2E   [  89% ] 30/30 VUs  4m54.0s/5m30.0s
load-k6-1  | 
load-k6-1  | running (4m55.0s), 30/30 VUs, 25147 complete and 0 interrupted iterations
load-k6-1  | fspiopE2E   [  89% ] 30/30 VUs  4m55.0s/5m30.0s
load-k6-1  | 
load-k6-1  | running (4m56.0s), 30/30 VUs, 25233 complete and 0 interrupted iterations
load-k6-1  | fspiopE2E   [  90% ] 30/30 VUs  4m56.0s/5m30.0s
load-k6-1  | 
load-k6-1  | running (4m57.0s), 30/30 VUs, 25317 complete and 0 interrupted iterations
load-k6-1  | fspiopE2E   [  90% ] 30/30 VUs  4m57.0s/5m30.0s
load-k6-1  | 
load-k6-1  | running (4m58.0s), 30/30 VUs, 25412 complete and 0 interrupted iterations
load-k6-1  | fspiopE2E   [  90% ] 30/30 VUs  4m58.0s/5m30.0s
load-k6-1  | 
load-k6-1  | running (4m59.0s), 30/30 VUs, 25500 complete and 0 interrupted iterations
load-k6-1  | fspiopE2E   [  91% ] 30/30 VUs  4m59.0s/5m30.0s
load-k6-1  | 
load-k6-1  | running (5m00.0s), 30/30 VUs, 25589 complete and 0 interrupted iterations
load-k6-1  | fspiopE2E   [  91% ] 30/30 VUs  5m00.0s/5m30.0s
load-k6-1  | 
load-k6-1  | running (5m01.0s), 30/30 VUs, 25675 complete and 0 interrupted iterations
load-k6-1  | fspiopE2E   [  91% ] 30/30 VUs  5m01.0s/5m30.0s
load-k6-1  | 
load-k6-1  | running (5m02.0s), 30/30 VUs, 25767 complete and 0 interrupted iterations
load-k6-1  | fspiopE2E   [  92% ] 30/30 VUs  5m02.0s/5m30.0s
load-k6-1  | 
load-k6-1  | running (5m03.0s), 30/30 VUs, 25845 complete and 0 interrupted iterations
load-k6-1  | fspiopE2E   [  92% ] 30/30 VUs  5m03.0s/5m30.0s
load-k6-1  | 
load-k6-1  | running (5m04.0s), 30/30 VUs, 25937 complete and 0 interrupted iterations
load-k6-1  | fspiopE2E   [  92% ] 30/30 VUs  5m04.0s/5m30.0s
load-k6-1  | 
load-k6-1  | running (5m05.0s), 30/30 VUs, 26027 complete and 0 interrupted iterations
load-k6-1  | fspiopE2E   [  92% ] 30/30 VUs  5m05.0s/5m30.0s
load-k6-1  | 
load-k6-1  | running (5m06.0s), 30/30 VUs, 26116 complete and 0 interrupted iterations
load-k6-1  | fspiopE2E   [  93% ] 30/30 VUs  5m06.0s/5m30.0s
load-k6-1  | 
load-k6-1  | running (5m07.0s), 30/30 VUs, 26197 complete and 0 interrupted iterations
load-k6-1  | fspiopE2E   [  93% ] 30/30 VUs  5m07.0s/5m30.0s
load-k6-1  | 
load-k6-1  | running (5m08.0s), 30/30 VUs, 26284 complete and 0 interrupted iterations
load-k6-1  | fspiopE2E   [  93% ] 30/30 VUs  5m08.0s/5m30.0s
load-k6-1  | 
load-k6-1  | running (5m09.0s), 30/30 VUs, 26375 complete and 0 interrupted iterations
load-k6-1  | fspiopE2E   [  94% ] 30/30 VUs  5m09.0s/5m30.0s
load-k6-1  | 
load-k6-1  | running (5m10.0s), 30/30 VUs, 26465 complete and 0 interrupted iterations
load-k6-1  | fspiopE2E   [  94% ] 30/30 VUs  5m10.0s/5m30.0s
load-k6-1  | 
load-k6-1  | running (5m11.0s), 30/30 VUs, 26554 complete and 0 interrupted iterations
load-k6-1  | fspiopE2E   [  94% ] 30/30 VUs  5m11.0s/5m30.0s
load-k6-1  | 
load-k6-1  | running (5m12.0s), 30/30 VUs, 26636 complete and 0 interrupted iterations
load-k6-1  | fspiopE2E   [  95% ] 30/30 VUs  5m12.0s/5m30.0s
load-k6-1  | 
load-k6-1  | running (5m13.0s), 30/30 VUs, 26725 complete and 0 interrupted iterations
load-k6-1  | fspiopE2E   [  95% ] 30/30 VUs  5m13.0s/5m30.0s
load-k6-1  | 
load-k6-1  | running (5m14.0s), 30/30 VUs, 26814 complete and 0 interrupted iterations
load-k6-1  | fspiopE2E   [  95% ] 30/30 VUs  5m14.0s/5m30.0s
load-k6-1  | 
load-k6-1  | running (5m15.0s), 30/30 VUs, 26906 complete and 0 interrupted iterations
load-k6-1  | fspiopE2E   [  95% ] 30/30 VUs  5m15.0s/5m30.0s
load-k6-1  | 
load-k6-1  | running (5m16.0s), 30/30 VUs, 26996 complete and 0 interrupted iterations
load-k6-1  | fspiopE2E   [  96% ] 30/30 VUs  5m16.0s/5m30.0s
load-k6-1  | 
load-k6-1  | running (5m17.0s), 30/30 VUs, 27081 complete and 0 interrupted iterations
load-k6-1  | fspiopE2E   [  96% ] 30/30 VUs  5m17.0s/5m30.0s
load-k6-1  | 
load-k6-1  | running (5m18.0s), 30/30 VUs, 27168 complete and 0 interrupted iterations
load-k6-1  | fspiopE2E   [  96% ] 30/30 VUs  5m18.0s/5m30.0s
load-k6-1  | 
load-k6-1  | running (5m19.0s), 30/30 VUs, 27260 complete and 0 interrupted iterations
load-k6-1  | fspiopE2E   [  97% ] 30/30 VUs  5m19.0s/5m30.0s
load-k6-1  | 
load-k6-1  | running (5m20.0s), 30/30 VUs, 27346 complete and 0 interrupted iterations
load-k6-1  | fspiopE2E   [  97% ] 30/30 VUs  5m20.0s/5m30.0s
load-k6-1  | 
load-k6-1  | running (5m21.0s), 30/30 VUs, 27434 complete and 0 interrupted iterations
load-k6-1  | fspiopE2E   [  97% ] 30/30 VUs  5m21.0s/5m30.0s
load-k6-1  | 
load-k6-1  | running (5m22.0s), 30/30 VUs, 27513 complete and 0 interrupted iterations
load-k6-1  | fspiopE2E   [  98% ] 30/30 VUs  5m22.0s/5m30.0s
load-k6-1  | 
load-k6-1  | running (5m23.0s), 30/30 VUs, 27597 complete and 0 interrupted iterations
load-k6-1  | fspiopE2E   [  98% ] 30/30 VUs  5m23.0s/5m30.0s
load-k6-1  | 
load-k6-1  | running (5m24.0s), 30/30 VUs, 27690 complete and 0 interrupted iterations
load-k6-1  | fspiopE2E   [  98% ] 30/30 VUs  5m24.0s/5m30.0s
load-k6-1  | 
load-k6-1  | running (5m25.0s), 30/30 VUs, 27781 complete and 0 interrupted iterations
load-k6-1  | fspiopE2E   [  98% ] 30/30 VUs  5m25.0s/5m30.0s
load-k6-1  | 
load-k6-1  | running (5m26.0s), 30/30 VUs, 27872 complete and 0 interrupted iterations
load-k6-1  | fspiopE2E   [  99% ] 30/30 VUs  5m26.0s/5m30.0s
load-k6-1  | 
load-k6-1  | running (5m27.0s), 30/30 VUs, 27964 complete and 0 interrupted iterations
load-k6-1  | fspiopE2E   [  99% ] 30/30 VUs  5m27.0s/5m30.0s
load-k6-1  | 
load-k6-1  | running (5m28.0s), 30/30 VUs, 28052 complete and 0 interrupted iterations
load-k6-1  | fspiopE2E   [  99% ] 30/30 VUs  5m28.0s/5m30.0s
load-k6-1  | 
load-k6-1  | running (5m29.0s), 30/30 VUs, 28137 complete and 0 interrupted iterations
load-k6-1  | fspiopE2E   [ 100% ] 30/30 VUs  5m29.0s/5m30.0s
load-k6-1  | 
load-k6-1  | running (5m30.0s), 30/30 VUs, 28230 complete and 0 interrupted iterations
load-k6-1  | fspiopE2E   [ 100% ] 30/30 VUs  5m30.0s/5m30.0s
load-k6-1  | 
load-k6-1  |      ✓ ALS_FSPIOP_GET_PARTIES_RESPONSE_IS_202
load-k6-1  |      ✓ ALS_E2E_FSPIOP_GET_PARTIES_SUCCESS
load-k6-1  |      ✓ QUOTES_FSPIOP_POST_QUOTES_RESPONSE_IS_202
load-k6-1  |      ✓ QUOTES_E2E_FSPIOP_POST_QUOTES_SUCCESS
load-k6-1  |      ✓ TRANSFERS_FSPIOP_POST_TRANSFERS_RESPONSE_IS_202
load-k6-1  |      ✓ TRANSFERS_E2E_FSPIOP_POST_TRANSFERS_SUCCESS
load-k6-1  | 
load-k6-1  |      █ E2E
load-k6-1  | 
load-k6-1  |      checks.........................: 100.00% ✓ 169566     ✗ 0    
load-k6-1  |      data_received..................: 27 MB   80 kB/s
load-k6-1  |      data_sent......................: 112 MB  340 kB/s
load-k6-1  |      group_duration.................: avg=276.69µs min=179.58µs med=270.72µs max=24.68ms  p(90)=331.75µs p(95)=351.96µs
load-k6-1  |      http_req_blocked...............: avg=6.52µs   min=2.23µs   med=5.88µs   max=915.59µs p(90)=8.24µs   p(95)=8.88µs  
load-k6-1  |      http_req_connecting............: avg=168ns    min=0s       med=0s       max=822.92µs p(90)=0s       p(95)=0s      
load-k6-1  |    ✓ http_req_duration..............: avg=2.93ms   min=803.71µs med=2.34ms   max=64.18ms  p(90)=5.35ms   p(95)=7.03ms  
load-k6-1  |        { expected_response:true }...: avg=2.93ms   min=803.71µs med=2.34ms   max=64.18ms  p(90)=5.35ms   p(95)=7.03ms  
load-k6-1  |    ✓ http_req_failed................: 0.00%   ✓ 0          ✗ 84783
load-k6-1  |      http_req_receiving.............: avg=43.97µs  min=9.94µs   med=38.66µs  max=32.46ms  p(90)=62.52µs  p(95)=74.37µs 
load-k6-1  |      http_req_sending...............: avg=27.63µs  min=10.94µs  med=26.12µs  max=1.38ms   p(90)=36.55µs  p(95)=40.3µs  
load-k6-1  |      http_req_tls_handshaking.......: avg=0s       min=0s       med=0s       max=0s       p(90)=0s       p(95)=0s      
load-k6-1  |      http_req_waiting...............: avg=2.86ms   min=753.3µs  med=2.28ms   max=64.11ms  p(90)=5.29ms   p(95)=6.95ms  
load-k6-1  |      http_reqs......................: 84783   256.735184/s
load-k6-1  |    ✓ iteration_duration.............: avg=334.5ms  min=102ms    med=336.01ms max=3.39s    p(90)=381.99ms p(95)=404.65ms
load-k6-1  |      iterations.....................: 28261   85.578395/s
load-k6-1  |      vus............................: 30      min=1        max=30 
load-k6-1  |      vus_max........................: 30      min=30       max=30 
load-k6-1  |      ws_connecting..................: avg=700.82µs min=263.82µs med=612.62µs max=46.19ms  p(90)=1.06ms   p(95)=1.29ms  
load-k6-1  |      ws_msgs_received...............: 84783   256.735184/s
load-k6-1  |      ws_msgs_sent...................: 84783   256.735184/s
load-k6-1  |      ws_session_duration............: avg=111.56ms min=10.64ms  med=49.86ms  max=3.2s     p(90)=282.8ms  p(95)=298.2ms 
load-k6-1  |      ws_sessions....................: 84783   256.735184/s
load-k6-1  | 
load-k6-1  | 
load-k6-1  | running (5m30.2s), 00/30 VUs, 28261 complete and 0 interrupted iterations
load-k6-1  | fspiopE2E ✓ [ 100% ] 00/30 VUs  5m30s
load-k6-1 exited with code 0
