Attaching to load-k6-1
load-k6-1  | 
load-k6-1  |           /\      |‾‾| /‾‾/   /‾‾/   
load-k6-1  |      /\  /  \     |  |/  /   /  /    
load-k6-1  |     /  \/    \    |     (   /   ‾‾\  
load-k6-1  |    /          \   |  |\  \ |  (‾)  | 
load-k6-1  |   / __________ \  |__| \__\ \_____/ .io
load-k6-1  | 
load-k6-1  |   execution: local
load-k6-1  |      script: /scripts/index.js
load-k6-1  |      output: Prometheus remote write (http://prometheus:9090/api/v1/write)
load-k6-1  | 
load-k6-1  |   scenarios: (100.00%) 1 scenario, 30 max VUs, 6m0s max duration (incl. graceful stop):
load-k6-1  |            * fspiopE2E: Up to 30 looping VUs for 5m30s over 2 stages (gracefulRampDown: 30s, exec: fspiopE2EScenarios, gracefulStop: 30s)
load-k6-1  | 
load-k6-1  | 
load-k6-1  | running (0m01.0s), 01/30 VUs, 0 complete and 0 interrupted iterations
load-k6-1  | fspiopE2E   [   0% ] 01/30 VUs  0m01.0s/5m30.0s
load-k6-1  | 
load-k6-1  | running (0m02.0s), 02/30 VUs, 0 complete and 0 interrupted iterations
load-k6-1  | fspiopE2E   [   1% ] 02/30 VUs  0m02.0s/5m30.0s
load-k6-1  | 
load-k6-1  | running (0m03.0s), 03/30 VUs, 0 complete and 0 interrupted iterations
load-k6-1  | fspiopE2E   [   1% ] 03/30 VUs  0m03.0s/5m30.0s
load-k6-1  | 
load-k6-1  | running (0m04.0s), 04/30 VUs, 14 complete and 0 interrupted iterations
load-k6-1  | fspiopE2E   [   1% ] 04/30 VUs  0m04.0s/5m30.0s
load-k6-1  | 
load-k6-1  | running (0m05.0s), 05/30 VUs, 44 complete and 0 interrupted iterations
load-k6-1  | fspiopE2E   [   2% ] 05/30 VUs  0m05.0s/5m30.0s
load-k6-1  | 
load-k6-1  | running (0m06.0s), 06/30 VUs, 85 complete and 0 interrupted iterations
load-k6-1  | fspiopE2E   [   2% ] 06/30 VUs  0m06.0s/5m30.0s
load-k6-1  | 
load-k6-1  | running (0m07.0s), 07/30 VUs, 129 complete and 0 interrupted iterations
load-k6-1  | fspiopE2E   [   2% ] 07/30 VUs  0m07.0s/5m30.0s
load-k6-1  | 
load-k6-1  | running (0m08.0s), 08/30 VUs, 180 complete and 0 interrupted iterations
load-k6-1  | fspiopE2E   [   2% ] 08/30 VUs  0m08.0s/5m30.0s
load-k6-1  | 
load-k6-1  | running (0m09.0s), 09/30 VUs, 237 complete and 0 interrupted iterations
load-k6-1  | fspiopE2E   [   3% ] 09/30 VUs  0m09.0s/5m30.0s
load-k6-1  | 
load-k6-1  | running (0m10.0s), 10/30 VUs, 299 complete and 0 interrupted iterations
load-k6-1  | fspiopE2E   [   3% ] 10/30 VUs  0m10.0s/5m30.0s
load-k6-1  | 
load-k6-1  | running (0m11.0s), 11/30 VUs, 372 complete and 0 interrupted iterations
load-k6-1  | fspiopE2E   [   3% ] 11/30 VUs  0m11.0s/5m30.0s
load-k6-1  | 
load-k6-1  | running (0m12.0s), 12/30 VUs, 445 complete and 0 interrupted iterations
load-k6-1  | fspiopE2E   [   4% ] 12/30 VUs  0m12.0s/5m30.0s
load-k6-1  | 
load-k6-1  | running (0m13.0s), 13/30 VUs, 523 complete and 0 interrupted iterations
load-k6-1  | fspiopE2E   [   4% ] 13/30 VUs  0m13.0s/5m30.0s
load-k6-1  | 
load-k6-1  | running (0m14.0s), 14/30 VUs, 600 complete and 0 interrupted iterations
load-k6-1  | fspiopE2E   [   4% ] 14/30 VUs  0m14.0s/5m30.0s
load-k6-1  | 
load-k6-1  | running (0m15.0s), 15/30 VUs, 679 complete and 0 interrupted iterations
load-k6-1  | fspiopE2E   [   5% ] 15/30 VUs  0m15.0s/5m30.0s
load-k6-1  | 
load-k6-1  | running (0m16.0s), 16/30 VUs, 761 complete and 0 interrupted iterations
load-k6-1  | fspiopE2E   [   5% ] 16/30 VUs  0m16.0s/5m30.0s
load-k6-1  | 
load-k6-1  | running (0m17.0s), 17/30 VUs, 840 complete and 0 interrupted iterations
load-k6-1  | fspiopE2E   [   5% ] 17/30 VUs  0m17.0s/5m30.0s
load-k6-1  | 
load-k6-1  | running (0m18.0s), 18/30 VUs, 924 complete and 0 interrupted iterations
load-k6-1  | fspiopE2E   [   5% ] 18/30 VUs  0m18.0s/5m30.0s
load-k6-1  | 
load-k6-1  | running (0m19.0s), 19/30 VUs, 1002 complete and 0 interrupted iterations
load-k6-1  | fspiopE2E   [   6% ] 19/30 VUs  0m19.0s/5m30.0s
load-k6-1  | 
load-k6-1  | running (0m20.0s), 20/30 VUs, 1086 complete and 0 interrupted iterations
load-k6-1  | fspiopE2E   [   6% ] 20/30 VUs  0m20.0s/5m30.0s
load-k6-1  | 
load-k6-1  | running (0m21.0s), 21/30 VUs, 1167 complete and 0 interrupted iterations
load-k6-1  | fspiopE2E   [   6% ] 21/30 VUs  0m21.0s/5m30.0s
load-k6-1  | 
load-k6-1  | running (0m22.0s), 22/30 VUs, 1256 complete and 0 interrupted iterations
load-k6-1  | fspiopE2E   [   7% ] 22/30 VUs  0m22.0s/5m30.0s
load-k6-1  | 
load-k6-1  | running (0m23.0s), 23/30 VUs, 1340 complete and 0 interrupted iterations
load-k6-1  | fspiopE2E   [   7% ] 23/30 VUs  0m23.0s/5m30.0s
load-k6-1  | 
load-k6-1  | running (0m24.0s), 24/30 VUs, 1424 complete and 0 interrupted iterations
load-k6-1  | fspiopE2E   [   7% ] 24/30 VUs  0m24.0s/5m30.0s
load-k6-1  | 
load-k6-1  | running (0m25.0s), 25/30 VUs, 1507 complete and 0 interrupted iterations
load-k6-1  | fspiopE2E   [   8% ] 25/30 VUs  0m25.0s/5m30.0s
load-k6-1  | 
load-k6-1  | running (0m26.0s), 26/30 VUs, 1590 complete and 0 interrupted iterations
load-k6-1  | fspiopE2E   [   8% ] 26/30 VUs  0m26.0s/5m30.0s
load-k6-1  | 
load-k6-1  | running (0m27.0s), 27/30 VUs, 1678 complete and 0 interrupted iterations
load-k6-1  | fspiopE2E   [   8% ] 27/30 VUs  0m27.0s/5m30.0s
load-k6-1  | 
load-k6-1  | running (0m28.0s), 28/30 VUs, 1764 complete and 0 interrupted iterations
load-k6-1  | fspiopE2E   [   8% ] 28/30 VUs  0m28.0s/5m30.0s
load-k6-1  | 
load-k6-1  | running (0m29.0s), 29/30 VUs, 1847 complete and 0 interrupted iterations
load-k6-1  | fspiopE2E   [   9% ] 29/30 VUs  0m29.0s/5m30.0s
load-k6-1  | 
load-k6-1  | running (0m30.0s), 29/30 VUs, 1933 complete and 0 interrupted iterations
load-k6-1  | fspiopE2E   [   9% ] 29/30 VUs  0m30.0s/5m30.0s
load-k6-1  | 
load-k6-1  | running (0m31.0s), 30/30 VUs, 2018 complete and 0 interrupted iterations
load-k6-1  | fspiopE2E   [   9% ] 30/30 VUs  0m31.0s/5m30.0s
load-k6-1  | 
load-k6-1  | running (0m32.0s), 30/30 VUs, 2102 complete and 0 interrupted iterations
load-k6-1  | fspiopE2E   [  10% ] 30/30 VUs  0m32.0s/5m30.0s
load-k6-1  | 
load-k6-1  | running (0m33.0s), 30/30 VUs, 2189 complete and 0 interrupted iterations
load-k6-1  | fspiopE2E   [  10% ] 30/30 VUs  0m33.0s/5m30.0s
load-k6-1  | 
load-k6-1  | running (0m34.0s), 30/30 VUs, 2277 complete and 0 interrupted iterations
load-k6-1  | fspiopE2E   [  10% ] 30/30 VUs  0m34.0s/5m30.0s
load-k6-1  | 
load-k6-1  | running (0m35.0s), 30/30 VUs, 2360 complete and 0 interrupted iterations
load-k6-1  | fspiopE2E   [  11% ] 30/30 VUs  0m35.0s/5m30.0s
load-k6-1  | 
load-k6-1  | running (0m36.0s), 30/30 VUs, 2448 complete and 0 interrupted iterations
load-k6-1  | fspiopE2E   [  11% ] 30/30 VUs  0m36.0s/5m30.0s
load-k6-1  | 
load-k6-1  | running (0m37.0s), 30/30 VUs, 2531 complete and 0 interrupted iterations
load-k6-1  | fspiopE2E   [  11% ] 30/30 VUs  0m37.0s/5m30.0s
load-k6-1  | 
load-k6-1  | running (0m38.0s), 30/30 VUs, 2620 complete and 0 interrupted iterations
load-k6-1  | fspiopE2E   [  12% ] 30/30 VUs  0m38.0s/5m30.0s
load-k6-1  | 
load-k6-1  | running (0m39.0s), 30/30 VUs, 2706 complete and 0 interrupted iterations
load-k6-1  | fspiopE2E   [  12% ] 30/30 VUs  0m39.0s/5m30.0s
load-k6-1  | 
load-k6-1  | running (0m40.0s), 30/30 VUs, 2788 complete and 0 interrupted iterations
load-k6-1  | fspiopE2E   [  12% ] 30/30 VUs  0m40.0s/5m30.0s
load-k6-1  | 
load-k6-1  | running (0m41.0s), 30/30 VUs, 2876 complete and 0 interrupted iterations
load-k6-1  | fspiopE2E   [  12% ] 30/30 VUs  0m41.0s/5m30.0s
load-k6-1  | 
load-k6-1  | running (0m42.0s), 30/30 VUs, 2963 complete and 0 interrupted iterations
load-k6-1  | fspiopE2E   [  13% ] 30/30 VUs  0m42.0s/5m30.0s
load-k6-1  | 
load-k6-1  | running (0m43.0s), 30/30 VUs, 3044 complete and 0 interrupted iterations
load-k6-1  | fspiopE2E   [  13% ] 30/30 VUs  0m43.0s/5m30.0s
load-k6-1  | 
load-k6-1  | running (0m44.0s), 30/30 VUs, 3134 complete and 0 interrupted iterations
load-k6-1  | fspiopE2E   [  13% ] 30/30 VUs  0m44.0s/5m30.0s
load-k6-1  | 
load-k6-1  | running (0m45.0s), 30/30 VUs, 3220 complete and 0 interrupted iterations
load-k6-1  | fspiopE2E   [  14% ] 30/30 VUs  0m45.0s/5m30.0s
load-k6-1  | 
load-k6-1  | running (0m46.0s), 30/30 VUs, 3312 complete and 0 interrupted iterations
load-k6-1  | fspiopE2E   [  14% ] 30/30 VUs  0m46.0s/5m30.0s
load-k6-1  | 
load-k6-1  | running (0m47.0s), 30/30 VUs, 3395 complete and 0 interrupted iterations
load-k6-1  | fspiopE2E   [  14% ] 30/30 VUs  0m47.0s/5m30.0s
load-k6-1  | 
load-k6-1  | running (0m48.0s), 30/30 VUs, 3484 complete and 0 interrupted iterations
load-k6-1  | fspiopE2E   [  15% ] 30/30 VUs  0m48.0s/5m30.0s
load-k6-1  | 
load-k6-1  | running (0m49.0s), 30/30 VUs, 3573 complete and 0 interrupted iterations
load-k6-1  | fspiopE2E   [  15% ] 30/30 VUs  0m49.0s/5m30.0s
load-k6-1  | 
load-k6-1  | running (0m50.0s), 30/30 VUs, 3664 complete and 0 interrupted iterations
load-k6-1  | fspiopE2E   [  15% ] 30/30 VUs  0m50.0s/5m30.0s
load-k6-1  | 
load-k6-1  | running (0m51.0s), 30/30 VUs, 3750 complete and 0 interrupted iterations
load-k6-1  | fspiopE2E   [  15% ] 30/30 VUs  0m51.0s/5m30.0s
load-k6-1  | 
load-k6-1  | running (0m52.0s), 30/30 VUs, 3836 complete and 0 interrupted iterations
load-k6-1  | fspiopE2E   [  16% ] 30/30 VUs  0m52.0s/5m30.0s
load-k6-1  | 
load-k6-1  | running (0m53.0s), 30/30 VUs, 3923 complete and 0 interrupted iterations
load-k6-1  | fspiopE2E   [  16% ] 30/30 VUs  0m53.0s/5m30.0s
load-k6-1  | 
load-k6-1  | running (0m54.0s), 30/30 VUs, 4009 complete and 0 interrupted iterations
load-k6-1  | fspiopE2E   [  16% ] 30/30 VUs  0m54.0s/5m30.0s
load-k6-1  | 
load-k6-1  | running (0m55.0s), 30/30 VUs, 4095 complete and 0 interrupted iterations
load-k6-1  | fspiopE2E   [  17% ] 30/30 VUs  0m55.0s/5m30.0s
load-k6-1  | 
load-k6-1  | running (0m56.0s), 30/30 VUs, 4187 complete and 0 interrupted iterations
load-k6-1  | fspiopE2E   [  17% ] 30/30 VUs  0m56.0s/5m30.0s
load-k6-1  | 
load-k6-1  | running (0m57.0s), 30/30 VUs, 4276 complete and 0 interrupted iterations
load-k6-1  | fspiopE2E   [  17% ] 30/30 VUs  0m57.0s/5m30.0s
load-k6-1  | 
load-k6-1  | running (0m58.0s), 30/30 VUs, 4360 complete and 0 interrupted iterations
load-k6-1  | fspiopE2E   [  18% ] 30/30 VUs  0m58.0s/5m30.0s
load-k6-1  | 
load-k6-1  | running (0m59.0s), 30/30 VUs, 4451 complete and 0 interrupted iterations
load-k6-1  | fspiopE2E   [  18% ] 30/30 VUs  0m59.0s/5m30.0s
load-k6-1  | 
load-k6-1  | running (1m00.0s), 30/30 VUs, 4537 complete and 0 interrupted iterations
load-k6-1  | fspiopE2E   [  18% ] 30/30 VUs  1m00.0s/5m30.0s
load-k6-1  | 
load-k6-1  | running (1m01.0s), 30/30 VUs, 4621 complete and 0 interrupted iterations
load-k6-1  | fspiopE2E   [  18% ] 30/30 VUs  1m01.0s/5m30.0s
load-k6-1  | 
load-k6-1  | running (1m02.0s), 30/30 VUs, 4708 complete and 0 interrupted iterations
load-k6-1  | fspiopE2E   [  19% ] 30/30 VUs  1m02.0s/5m30.0s
load-k6-1  | 
load-k6-1  | running (1m03.0s), 30/30 VUs, 4795 complete and 0 interrupted iterations
load-k6-1  | fspiopE2E   [  19% ] 30/30 VUs  1m03.0s/5m30.0s
load-k6-1  | 
load-k6-1  | running (1m04.0s), 30/30 VUs, 4882 complete and 0 interrupted iterations
load-k6-1  | fspiopE2E   [  19% ] 30/30 VUs  1m04.0s/5m30.0s
load-k6-1  | 
load-k6-1  | running (1m05.0s), 30/30 VUs, 4971 complete and 0 interrupted iterations
load-k6-1  | fspiopE2E   [  20% ] 30/30 VUs  1m05.0s/5m30.0s
load-k6-1  | 
load-k6-1  | running (1m06.0s), 30/30 VUs, 5059 complete and 0 interrupted iterations
load-k6-1  | fspiopE2E   [  20% ] 30/30 VUs  1m06.0s/5m30.0s
load-k6-1  | 
load-k6-1  | running (1m07.0s), 30/30 VUs, 5145 complete and 0 interrupted iterations
load-k6-1  | fspiopE2E   [  20% ] 30/30 VUs  1m07.0s/5m30.0s
load-k6-1  | 
load-k6-1  | running (1m08.0s), 30/30 VUs, 5230 complete and 0 interrupted iterations
load-k6-1  | fspiopE2E   [  21% ] 30/30 VUs  1m08.0s/5m30.0s
load-k6-1  | 
load-k6-1  | running (1m09.0s), 30/30 VUs, 5315 complete and 0 interrupted iterations
load-k6-1  | fspiopE2E   [  21% ] 30/30 VUs  1m09.0s/5m30.0s
load-k6-1  | 
load-k6-1  | running (1m10.0s), 30/30 VUs, 5399 complete and 0 interrupted iterations
load-k6-1  | fspiopE2E   [  21% ] 30/30 VUs  1m10.0s/5m30.0s
load-k6-1  | 
load-k6-1  | running (1m11.0s), 30/30 VUs, 5486 complete and 0 interrupted iterations
load-k6-1  | fspiopE2E   [  22% ] 30/30 VUs  1m11.0s/5m30.0s
load-k6-1  | 
load-k6-1  | running (1m12.0s), 30/30 VUs, 5576 complete and 0 interrupted iterations
load-k6-1  | fspiopE2E   [  22% ] 30/30 VUs  1m12.0s/5m30.0s
load-k6-1  | 
load-k6-1  | running (1m13.0s), 30/30 VUs, 5665 complete and 0 interrupted iterations
load-k6-1  | fspiopE2E   [  22% ] 30/30 VUs  1m13.0s/5m30.0s
load-k6-1  | 
load-k6-1  | running (1m14.0s), 30/30 VUs, 5752 complete and 0 interrupted iterations
load-k6-1  | fspiopE2E   [  22% ] 30/30 VUs  1m14.0s/5m30.0s
load-k6-1  | 
load-k6-1  | running (1m15.0s), 30/30 VUs, 5836 complete and 0 interrupted iterations
load-k6-1  | fspiopE2E   [  23% ] 30/30 VUs  1m15.0s/5m30.0s
load-k6-1  | 
load-k6-1  | running (1m16.0s), 30/30 VUs, 5922 complete and 0 interrupted iterations
load-k6-1  | fspiopE2E   [  23% ] 30/30 VUs  1m16.0s/5m30.0s
load-k6-1  | 
load-k6-1  | running (1m17.0s), 30/30 VUs, 6009 complete and 0 interrupted iterations
load-k6-1  | fspiopE2E   [  23% ] 30/30 VUs  1m17.0s/5m30.0s
load-k6-1  | 
load-k6-1  | running (1m18.0s), 30/30 VUs, 6098 complete and 0 interrupted iterations
load-k6-1  | fspiopE2E   [  24% ] 30/30 VUs  1m18.0s/5m30.0s
load-k6-1  | 
load-k6-1  | running (1m19.0s), 30/30 VUs, 6183 complete and 0 interrupted iterations
load-k6-1  | fspiopE2E   [  24% ] 30/30 VUs  1m19.0s/5m30.0s
load-k6-1  | 
load-k6-1  | running (1m20.0s), 30/30 VUs, 6272 complete and 0 interrupted iterations
load-k6-1  | fspiopE2E   [  24% ] 30/30 VUs  1m20.0s/5m30.0s
load-k6-1  | 
load-k6-1  | running (1m21.0s), 30/30 VUs, 6362 complete and 0 interrupted iterations
load-k6-1  | fspiopE2E   [  25% ] 30/30 VUs  1m21.0s/5m30.0s
load-k6-1  | 
load-k6-1  | running (1m22.0s), 30/30 VUs, 6449 complete and 0 interrupted iterations
load-k6-1  | fspiopE2E   [  25% ] 30/30 VUs  1m22.0s/5m30.0s
load-k6-1  | 
load-k6-1  | running (1m23.0s), 30/30 VUs, 6536 complete and 0 interrupted iterations
load-k6-1  | fspiopE2E   [  25% ] 30/30 VUs  1m23.0s/5m30.0s
load-k6-1  | 
load-k6-1  | running (1m24.0s), 30/30 VUs, 6623 complete and 0 interrupted iterations
load-k6-1  | fspiopE2E   [  25% ] 30/30 VUs  1m24.0s/5m30.0s
load-k6-1  | 
load-k6-1  | running (1m25.0s), 30/30 VUs, 6710 complete and 0 interrupted iterations
load-k6-1  | fspiopE2E   [  26% ] 30/30 VUs  1m25.0s/5m30.0s
load-k6-1  | 
load-k6-1  | running (1m26.0s), 30/30 VUs, 6798 complete and 0 interrupted iterations
load-k6-1  | fspiopE2E   [  26% ] 30/30 VUs  1m26.0s/5m30.0s
load-k6-1  | 
load-k6-1  | running (1m27.0s), 30/30 VUs, 6884 complete and 0 interrupted iterations
load-k6-1  | fspiopE2E   [  26% ] 30/30 VUs  1m27.0s/5m30.0s
load-k6-1  | 
load-k6-1  | running (1m28.0s), 30/30 VUs, 6974 complete and 0 interrupted iterations
load-k6-1  | fspiopE2E   [  27% ] 30/30 VUs  1m28.0s/5m30.0s
load-k6-1  | 
load-k6-1  | running (1m29.0s), 30/30 VUs, 7060 complete and 0 interrupted iterations
load-k6-1  | fspiopE2E   [  27% ] 30/30 VUs  1m29.0s/5m30.0s
load-k6-1  | 
load-k6-1  | running (1m30.0s), 30/30 VUs, 7146 complete and 0 interrupted iterations
load-k6-1  | fspiopE2E   [  27% ] 30/30 VUs  1m30.0s/5m30.0s
load-k6-1  | 
load-k6-1  | running (1m31.0s), 30/30 VUs, 7236 complete and 0 interrupted iterations
load-k6-1  | fspiopE2E   [  28% ] 30/30 VUs  1m31.0s/5m30.0s
load-k6-1  | 
load-k6-1  | running (1m32.0s), 30/30 VUs, 7320 complete and 0 interrupted iterations
load-k6-1  | fspiopE2E   [  28% ] 30/30 VUs  1m32.0s/5m30.0s
load-k6-1  | 
load-k6-1  | running (1m33.0s), 30/30 VUs, 7411 complete and 0 interrupted iterations
load-k6-1  | fspiopE2E   [  28% ] 30/30 VUs  1m33.0s/5m30.0s
load-k6-1  | 
load-k6-1  | running (1m34.0s), 30/30 VUs, 7500 complete and 0 interrupted iterations
load-k6-1  | fspiopE2E   [  28% ] 30/30 VUs  1m34.0s/5m30.0s
load-k6-1  | 
load-k6-1  | running (1m35.0s), 30/30 VUs, 7585 complete and 0 interrupted iterations
load-k6-1  | fspiopE2E   [  29% ] 30/30 VUs  1m35.0s/5m30.0s
load-k6-1  | 
load-k6-1  | running (1m36.0s), 30/30 VUs, 7674 complete and 0 interrupted iterations
load-k6-1  | fspiopE2E   [  29% ] 30/30 VUs  1m36.0s/5m30.0s
load-k6-1  | 
load-k6-1  | running (1m37.0s), 30/30 VUs, 7762 complete and 0 interrupted iterations
load-k6-1  | fspiopE2E   [  29% ] 30/30 VUs  1m37.0s/5m30.0s
load-k6-1  | 
load-k6-1  | running (1m38.0s), 30/30 VUs, 7850 complete and 0 interrupted iterations
load-k6-1  | fspiopE2E   [  30% ] 30/30 VUs  1m38.0s/5m30.0s
load-k6-1  | 
load-k6-1  | running (1m39.0s), 30/30 VUs, 7935 complete and 0 interrupted iterations
load-k6-1  | fspiopE2E   [  30% ] 30/30 VUs  1m39.0s/5m30.0s
load-k6-1  | 
load-k6-1  | running (1m40.0s), 30/30 VUs, 8017 complete and 0 interrupted iterations
load-k6-1  | fspiopE2E   [  30% ] 30/30 VUs  1m40.0s/5m30.0s
load-k6-1  | 
load-k6-1  | running (1m41.0s), 30/30 VUs, 8106 complete and 0 interrupted iterations
load-k6-1  | fspiopE2E   [  31% ] 30/30 VUs  1m41.0s/5m30.0s
load-k6-1  | 
load-k6-1  | running (1m42.0s), 30/30 VUs, 8196 complete and 0 interrupted iterations
load-k6-1  | fspiopE2E   [  31% ] 30/30 VUs  1m42.0s/5m30.0s
load-k6-1  | 
load-k6-1  | running (1m43.0s), 30/30 VUs, 8287 complete and 0 interrupted iterations
load-k6-1  | fspiopE2E   [  31% ] 30/30 VUs  1m43.0s/5m30.0s
load-k6-1  | 
load-k6-1  | running (1m44.0s), 30/30 VUs, 8373 complete and 0 interrupted iterations
load-k6-1  | fspiopE2E   [  32% ] 30/30 VUs  1m44.0s/5m30.0s
load-k6-1  | 
load-k6-1  | running (1m45.0s), 30/30 VUs, 8464 complete and 0 interrupted iterations
load-k6-1  | fspiopE2E   [  32% ] 30/30 VUs  1m45.0s/5m30.0s
load-k6-1  | 
load-k6-1  | running (1m46.0s), 30/30 VUs, 8553 complete and 0 interrupted iterations
load-k6-1  | fspiopE2E   [  32% ] 30/30 VUs  1m46.0s/5m30.0s
load-k6-1  | 
load-k6-1  | running (1m47.0s), 30/30 VUs, 8644 complete and 0 interrupted iterations
load-k6-1  | fspiopE2E   [  32% ] 30/30 VUs  1m47.0s/5m30.0s
load-k6-1  | 
load-k6-1  | running (1m48.0s), 30/30 VUs, 8735 complete and 0 interrupted iterations
load-k6-1  | fspiopE2E   [  33% ] 30/30 VUs  1m48.0s/5m30.0s
load-k6-1  | 
load-k6-1  | running (1m49.0s), 30/30 VUs, 8822 complete and 0 interrupted iterations
load-k6-1  | fspiopE2E   [  33% ] 30/30 VUs  1m49.0s/5m30.0s
load-k6-1  | 
load-k6-1  | running (1m50.0s), 30/30 VUs, 8910 complete and 0 interrupted iterations
load-k6-1  | fspiopE2E   [  33% ] 30/30 VUs  1m50.0s/5m30.0s
load-k6-1  | 
load-k6-1  | running (1m51.0s), 30/30 VUs, 8997 complete and 0 interrupted iterations
load-k6-1  | fspiopE2E   [  34% ] 30/30 VUs  1m51.0s/5m30.0s
load-k6-1  | 
load-k6-1  | running (1m52.0s), 30/30 VUs, 9085 complete and 0 interrupted iterations
load-k6-1  | fspiopE2E   [  34% ] 30/30 VUs  1m52.0s/5m30.0s
load-k6-1  | 
load-k6-1  | running (1m53.0s), 30/30 VUs, 9172 complete and 0 interrupted iterations
load-k6-1  | fspiopE2E   [  34% ] 30/30 VUs  1m53.0s/5m30.0s
load-k6-1  | 
load-k6-1  | running (1m54.0s), 30/30 VUs, 9261 complete and 0 interrupted iterations
load-k6-1  | fspiopE2E   [  35% ] 30/30 VUs  1m54.0s/5m30.0s
load-k6-1  | 
load-k6-1  | running (1m55.0s), 30/30 VUs, 9348 complete and 0 interrupted iterations
load-k6-1  | fspiopE2E   [  35% ] 30/30 VUs  1m55.0s/5m30.0s
load-k6-1  | 
load-k6-1  | running (1m56.0s), 30/30 VUs, 9433 complete and 0 interrupted iterations
load-k6-1  | fspiopE2E   [  35% ] 30/30 VUs  1m56.0s/5m30.0s
load-k6-1  | 
load-k6-1  | running (1m57.0s), 30/30 VUs, 9522 complete and 0 interrupted iterations
load-k6-1  | fspiopE2E   [  35% ] 30/30 VUs  1m57.0s/5m30.0s
load-k6-1  | 
load-k6-1  | running (1m58.0s), 30/30 VUs, 9611 complete and 0 interrupted iterations
load-k6-1  | fspiopE2E   [  36% ] 30/30 VUs  1m58.0s/5m30.0s
load-k6-1  | 
load-k6-1  | running (1m59.0s), 30/30 VUs, 9698 complete and 0 interrupted iterations
load-k6-1  | fspiopE2E   [  36% ] 30/30 VUs  1m59.0s/5m30.0s
load-k6-1  | 
load-k6-1  | running (2m00.0s), 30/30 VUs, 9787 complete and 0 interrupted iterations
load-k6-1  | fspiopE2E   [  36% ] 30/30 VUs  2m00.0s/5m30.0s
load-k6-1  | 
load-k6-1  | running (2m01.0s), 30/30 VUs, 9876 complete and 0 interrupted iterations
load-k6-1  | fspiopE2E   [  37% ] 30/30 VUs  2m01.0s/5m30.0s
load-k6-1  | 
load-k6-1  | running (2m02.0s), 30/30 VUs, 9962 complete and 0 interrupted iterations
load-k6-1  | fspiopE2E   [  37% ] 30/30 VUs  2m02.0s/5m30.0s
load-k6-1  | 
load-k6-1  | running (2m03.0s), 30/30 VUs, 10043 complete and 0 interrupted iterations
load-k6-1  | fspiopE2E   [  37% ] 30/30 VUs  2m03.0s/5m30.0s
load-k6-1  | 
load-k6-1  | running (2m04.0s), 30/30 VUs, 10130 complete and 0 interrupted iterations
load-k6-1  | fspiopE2E   [  38% ] 30/30 VUs  2m04.0s/5m30.0s
load-k6-1  | 
load-k6-1  | running (2m05.0s), 30/30 VUs, 10216 complete and 0 interrupted iterations
load-k6-1  | fspiopE2E   [  38% ] 30/30 VUs  2m05.0s/5m30.0s
load-k6-1  | 
load-k6-1  | running (2m06.0s), 30/30 VUs, 10307 complete and 0 interrupted iterations
load-k6-1  | fspiopE2E   [  38% ] 30/30 VUs  2m06.0s/5m30.0s
load-k6-1  | 
load-k6-1  | running (2m07.0s), 30/30 VUs, 10392 complete and 0 interrupted iterations
load-k6-1  | fspiopE2E   [  38% ] 30/30 VUs  2m07.0s/5m30.0s
load-k6-1  | 
load-k6-1  | running (2m08.0s), 30/30 VUs, 10481 complete and 0 interrupted iterations
load-k6-1  | fspiopE2E   [  39% ] 30/30 VUs  2m08.0s/5m30.0s
load-k6-1  | 
load-k6-1  | running (2m09.0s), 30/30 VUs, 10572 complete and 0 interrupted iterations
load-k6-1  | fspiopE2E   [  39% ] 30/30 VUs  2m09.0s/5m30.0s
load-k6-1  | 
load-k6-1  | running (2m10.0s), 30/30 VUs, 10651 complete and 0 interrupted iterations
load-k6-1  | fspiopE2E   [  39% ] 30/30 VUs  2m10.0s/5m30.0s
load-k6-1  | 
load-k6-1  | running (2m11.0s), 30/30 VUs, 10738 complete and 0 interrupted iterations
load-k6-1  | fspiopE2E   [  40% ] 30/30 VUs  2m11.0s/5m30.0s
load-k6-1  | 
load-k6-1  | running (2m12.0s), 30/30 VUs, 10829 complete and 0 interrupted iterations
load-k6-1  | fspiopE2E   [  40% ] 30/30 VUs  2m12.0s/5m30.0s
load-k6-1  | 
load-k6-1  | running (2m13.0s), 30/30 VUs, 10918 complete and 0 interrupted iterations
load-k6-1  | fspiopE2E   [  40% ] 30/30 VUs  2m13.0s/5m30.0s
load-k6-1  | 
load-k6-1  | running (2m14.0s), 30/30 VUs, 11009 complete and 0 interrupted iterations
load-k6-1  | fspiopE2E   [  41% ] 30/30 VUs  2m14.0s/5m30.0s
load-k6-1  | 
load-k6-1  | running (2m15.0s), 30/30 VUs, 11094 complete and 0 interrupted iterations
load-k6-1  | fspiopE2E   [  41% ] 30/30 VUs  2m15.0s/5m30.0s
load-k6-1  | 
load-k6-1  | running (2m16.0s), 30/30 VUs, 11186 complete and 0 interrupted iterations
load-k6-1  | fspiopE2E   [  41% ] 30/30 VUs  2m16.0s/5m30.0s
load-k6-1  | 
load-k6-1  | running (2m17.0s), 30/30 VUs, 11269 complete and 0 interrupted iterations
load-k6-1  | fspiopE2E   [  42% ] 30/30 VUs  2m17.0s/5m30.0s
load-k6-1  | 
load-k6-1  | running (2m18.0s), 30/30 VUs, 11360 complete and 0 interrupted iterations
load-k6-1  | fspiopE2E   [  42% ] 30/30 VUs  2m18.0s/5m30.0s
load-k6-1  | 
load-k6-1  | running (2m19.0s), 30/30 VUs, 11448 complete and 0 interrupted iterations
load-k6-1  | fspiopE2E   [  42% ] 30/30 VUs  2m19.0s/5m30.0s
load-k6-1  | 
load-k6-1  | running (2m20.0s), 30/30 VUs, 11536 complete and 0 interrupted iterations
load-k6-1  | fspiopE2E   [  42% ] 30/30 VUs  2m20.0s/5m30.0s
load-k6-1  | 
load-k6-1  | running (2m21.0s), 30/30 VUs, 11626 complete and 0 interrupted iterations
load-k6-1  | fspiopE2E   [  43% ] 30/30 VUs  2m21.0s/5m30.0s
load-k6-1  | 
load-k6-1  | running (2m22.0s), 30/30 VUs, 11716 complete and 0 interrupted iterations
load-k6-1  | fspiopE2E   [  43% ] 30/30 VUs  2m22.0s/5m30.0s
load-k6-1  | 
load-k6-1  | running (2m23.0s), 30/30 VUs, 11803 complete and 0 interrupted iterations
load-k6-1  | fspiopE2E   [  43% ] 30/30 VUs  2m23.0s/5m30.0s
load-k6-1  | 
load-k6-1  | running (2m24.0s), 30/30 VUs, 11888 complete and 0 interrupted iterations
load-k6-1  | fspiopE2E   [  44% ] 30/30 VUs  2m24.0s/5m30.0s
load-k6-1  | 
load-k6-1  | running (2m25.0s), 30/30 VUs, 11966 complete and 0 interrupted iterations
load-k6-1  | fspiopE2E   [  44% ] 30/30 VUs  2m25.0s/5m30.0s
load-k6-1  | 
load-k6-1  | running (2m26.0s), 30/30 VUs, 12056 complete and 0 interrupted iterations
load-k6-1  | fspiopE2E   [  44% ] 30/30 VUs  2m26.0s/5m30.0s
load-k6-1  | 
load-k6-1  | running (2m27.0s), 30/30 VUs, 12148 complete and 0 interrupted iterations
load-k6-1  | fspiopE2E   [  45% ] 30/30 VUs  2m27.0s/5m30.0s
load-k6-1  | 
load-k6-1  | running (2m28.0s), 30/30 VUs, 12234 complete and 0 interrupted iterations
load-k6-1  | fspiopE2E   [  45% ] 30/30 VUs  2m28.0s/5m30.0s
load-k6-1  | 
load-k6-1  | running (2m29.0s), 30/30 VUs, 12320 complete and 0 interrupted iterations
load-k6-1  | fspiopE2E   [  45% ] 30/30 VUs  2m29.0s/5m30.0s
load-k6-1  | 
load-k6-1  | running (2m30.0s), 30/30 VUs, 12409 complete and 0 interrupted iterations
load-k6-1  | fspiopE2E   [  45% ] 30/30 VUs  2m30.0s/5m30.0s
load-k6-1  | 
load-k6-1  | running (2m31.0s), 30/30 VUs, 12496 complete and 0 interrupted iterations
load-k6-1  | fspiopE2E   [  46% ] 30/30 VUs  2m31.0s/5m30.0s
load-k6-1  | 
load-k6-1  | running (2m32.0s), 30/30 VUs, 12583 complete and 0 interrupted iterations
load-k6-1  | fspiopE2E   [  46% ] 30/30 VUs  2m32.0s/5m30.0s
load-k6-1  | 
load-k6-1  | running (2m33.0s), 30/30 VUs, 12670 complete and 0 interrupted iterations
load-k6-1  | fspiopE2E   [  46% ] 30/30 VUs  2m33.0s/5m30.0s
load-k6-1  | 
load-k6-1  | running (2m34.0s), 30/30 VUs, 12759 complete and 0 interrupted iterations
load-k6-1  | fspiopE2E   [  47% ] 30/30 VUs  2m34.0s/5m30.0s
load-k6-1  | 
load-k6-1  | running (2m35.0s), 30/30 VUs, 12849 complete and 0 interrupted iterations
load-k6-1  | fspiopE2E   [  47% ] 30/30 VUs  2m35.0s/5m30.0s
load-k6-1  | 
load-k6-1  | running (2m36.0s), 30/30 VUs, 12938 complete and 0 interrupted iterations
load-k6-1  | fspiopE2E   [  47% ] 30/30 VUs  2m36.0s/5m30.0s
load-k6-1  | 
load-k6-1  | running (2m37.0s), 30/30 VUs, 13024 complete and 0 interrupted iterations
load-k6-1  | fspiopE2E   [  48% ] 30/30 VUs  2m37.0s/5m30.0s
load-k6-1  | 
load-k6-1  | running (2m38.0s), 30/30 VUs, 13111 complete and 0 interrupted iterations
load-k6-1  | fspiopE2E   [  48% ] 30/30 VUs  2m38.0s/5m30.0s
load-k6-1  | 
load-k6-1  | running (2m39.0s), 30/30 VUs, 13201 complete and 0 interrupted iterations
load-k6-1  | fspiopE2E   [  48% ] 30/30 VUs  2m39.0s/5m30.0s
load-k6-1  | 
load-k6-1  | running (2m40.0s), 30/30 VUs, 13288 complete and 0 interrupted iterations
load-k6-1  | fspiopE2E   [  48% ] 30/30 VUs  2m40.0s/5m30.0s
load-k6-1  | 
load-k6-1  | running (2m41.0s), 30/30 VUs, 13374 complete and 0 interrupted iterations
load-k6-1  | fspiopE2E   [  49% ] 30/30 VUs  2m41.0s/5m30.0s
load-k6-1  | 
load-k6-1  | running (2m42.0s), 30/30 VUs, 13458 complete and 0 interrupted iterations
load-k6-1  | fspiopE2E   [  49% ] 30/30 VUs  2m42.0s/5m30.0s
load-k6-1  | 
load-k6-1  | running (2m43.0s), 30/30 VUs, 13548 complete and 0 interrupted iterations
load-k6-1  | fspiopE2E   [  49% ] 30/30 VUs  2m43.0s/5m30.0s
load-k6-1  | 
load-k6-1  | running (2m44.0s), 30/30 VUs, 13633 complete and 0 interrupted iterations
load-k6-1  | fspiopE2E   [  50% ] 30/30 VUs  2m44.0s/5m30.0s
load-k6-1  | 
load-k6-1  | running (2m45.0s), 30/30 VUs, 13719 complete and 0 interrupted iterations
load-k6-1  | fspiopE2E   [  50% ] 30/30 VUs  2m45.0s/5m30.0s
load-k6-1  | 
load-k6-1  | running (2m46.0s), 30/30 VUs, 13804 complete and 0 interrupted iterations
load-k6-1  | fspiopE2E   [  50% ] 30/30 VUs  2m46.0s/5m30.0s
load-k6-1  | 
load-k6-1  | running (2m47.0s), 30/30 VUs, 13896 complete and 0 interrupted iterations
load-k6-1  | fspiopE2E   [  51% ] 30/30 VUs  2m47.0s/5m30.0s
load-k6-1  | 
load-k6-1  | running (2m48.0s), 30/30 VUs, 13985 complete and 0 interrupted iterations
load-k6-1  | fspiopE2E   [  51% ] 30/30 VUs  2m48.0s/5m30.0s
load-k6-1  | 
load-k6-1  | running (2m49.0s), 30/30 VUs, 14068 complete and 0 interrupted iterations
load-k6-1  | fspiopE2E   [  51% ] 30/30 VUs  2m49.0s/5m30.0s
load-k6-1  | 
load-k6-1  | running (2m50.0s), 30/30 VUs, 14156 complete and 0 interrupted iterations
load-k6-1  | fspiopE2E   [  52% ] 30/30 VUs  2m50.0s/5m30.0s
load-k6-1  | 
load-k6-1  | running (2m51.0s), 30/30 VUs, 14244 complete and 0 interrupted iterations
load-k6-1  | fspiopE2E   [  52% ] 30/30 VUs  2m51.0s/5m30.0s
load-k6-1  | 
load-k6-1  | running (2m52.0s), 30/30 VUs, 14333 complete and 0 interrupted iterations
load-k6-1  | fspiopE2E   [  52% ] 30/30 VUs  2m52.0s/5m30.0s
load-k6-1  | 
load-k6-1  | running (2m53.0s), 30/30 VUs, 14420 complete and 0 interrupted iterations
load-k6-1  | fspiopE2E   [  52% ] 30/30 VUs  2m53.0s/5m30.0s
load-k6-1  | 
load-k6-1  | running (2m54.0s), 30/30 VUs, 14506 complete and 0 interrupted iterations
load-k6-1  | fspiopE2E   [  53% ] 30/30 VUs  2m54.0s/5m30.0s
load-k6-1  | 
load-k6-1  | running (2m55.0s), 30/30 VUs, 14592 complete and 0 interrupted iterations
load-k6-1  | fspiopE2E   [  53% ] 30/30 VUs  2m55.0s/5m30.0s
load-k6-1  | 
load-k6-1  | running (2m56.0s), 30/30 VUs, 14679 complete and 0 interrupted iterations
load-k6-1  | fspiopE2E   [  53% ] 30/30 VUs  2m56.0s/5m30.0s
load-k6-1  | 
load-k6-1  | running (2m57.0s), 30/30 VUs, 14766 complete and 0 interrupted iterations
load-k6-1  | fspiopE2E   [  54% ] 30/30 VUs  2m57.0s/5m30.0s
load-k6-1  | 
load-k6-1  | running (2m58.0s), 30/30 VUs, 14858 complete and 0 interrupted iterations
load-k6-1  | fspiopE2E   [  54% ] 30/30 VUs  2m58.0s/5m30.0s
load-k6-1  | 
load-k6-1  | running (2m59.0s), 30/30 VUs, 14942 complete and 0 interrupted iterations
load-k6-1  | fspiopE2E   [  54% ] 30/30 VUs  2m59.0s/5m30.0s
load-k6-1  | 
load-k6-1  | running (3m00.0s), 30/30 VUs, 15028 complete and 0 interrupted iterations
load-k6-1  | fspiopE2E   [  55% ] 30/30 VUs  3m00.0s/5m30.0s
load-k6-1  | 
load-k6-1  | running (3m01.0s), 30/30 VUs, 15118 complete and 0 interrupted iterations
load-k6-1  | fspiopE2E   [  55% ] 30/30 VUs  3m01.0s/5m30.0s
load-k6-1  | 
load-k6-1  | running (3m02.0s), 30/30 VUs, 15205 complete and 0 interrupted iterations
load-k6-1  | fspiopE2E   [  55% ] 30/30 VUs  3m02.0s/5m30.0s
load-k6-1  | 
load-k6-1  | running (3m03.0s), 30/30 VUs, 15295 complete and 0 interrupted iterations
load-k6-1  | fspiopE2E   [  55% ] 30/30 VUs  3m03.0s/5m30.0s
load-k6-1  | 
load-k6-1  | running (3m04.0s), 30/30 VUs, 15382 complete and 0 interrupted iterations
load-k6-1  | fspiopE2E   [  56% ] 30/30 VUs  3m04.0s/5m30.0s
load-k6-1  | 
load-k6-1  | running (3m05.0s), 30/30 VUs, 15473 complete and 0 interrupted iterations
load-k6-1  | fspiopE2E   [  56% ] 30/30 VUs  3m05.0s/5m30.0s
load-k6-1  | 
load-k6-1  | running (3m06.0s), 30/30 VUs, 15554 complete and 0 interrupted iterations
load-k6-1  | fspiopE2E   [  56% ] 30/30 VUs  3m06.0s/5m30.0s
load-k6-1  | 
load-k6-1  | running (3m07.0s), 30/30 VUs, 15646 complete and 0 interrupted iterations
load-k6-1  | fspiopE2E   [  57% ] 30/30 VUs  3m07.0s/5m30.0s
load-k6-1  | 
load-k6-1  | running (3m08.0s), 30/30 VUs, 15735 complete and 0 interrupted iterations
load-k6-1  | fspiopE2E   [  57% ] 30/30 VUs  3m08.0s/5m30.0s
load-k6-1  | 
load-k6-1  | running (3m09.0s), 30/30 VUs, 15823 complete and 0 interrupted iterations
load-k6-1  | fspiopE2E   [  57% ] 30/30 VUs  3m09.0s/5m30.0s
load-k6-1  | 
load-k6-1  | running (3m10.0s), 30/30 VUs, 15911 complete and 0 interrupted iterations
load-k6-1  | fspiopE2E   [  58% ] 30/30 VUs  3m10.0s/5m30.0s
load-k6-1  | 
load-k6-1  | running (3m11.0s), 30/30 VUs, 15999 complete and 0 interrupted iterations
load-k6-1  | fspiopE2E   [  58% ] 30/30 VUs  3m11.0s/5m30.0s
load-k6-1  | 
load-k6-1  | running (3m12.0s), 30/30 VUs, 16083 complete and 0 interrupted iterations
load-k6-1  | fspiopE2E   [  58% ] 30/30 VUs  3m12.0s/5m30.0s
load-k6-1  | 
load-k6-1  | running (3m13.0s), 30/30 VUs, 16175 complete and 0 interrupted iterations
load-k6-1  | fspiopE2E   [  58% ] 30/30 VUs  3m13.0s/5m30.0s
load-k6-1  | 
load-k6-1  | running (3m14.0s), 30/30 VUs, 16265 complete and 0 interrupted iterations
load-k6-1  | fspiopE2E   [  59% ] 30/30 VUs  3m14.0s/5m30.0s
load-k6-1  | 
load-k6-1  | running (3m15.0s), 30/30 VUs, 16346 complete and 0 interrupted iterations
load-k6-1  | fspiopE2E   [  59% ] 30/30 VUs  3m15.0s/5m30.0s
load-k6-1  | 
load-k6-1  | running (3m16.0s), 30/30 VUs, 16434 complete and 0 interrupted iterations
load-k6-1  | fspiopE2E   [  59% ] 30/30 VUs  3m16.0s/5m30.0s
load-k6-1  | 
load-k6-1  | running (3m17.0s), 30/30 VUs, 16517 complete and 0 interrupted iterations
load-k6-1  | fspiopE2E   [  60% ] 30/30 VUs  3m17.0s/5m30.0s
load-k6-1  | 
load-k6-1  | running (3m18.0s), 30/30 VUs, 16602 complete and 0 interrupted iterations
load-k6-1  | fspiopE2E   [  60% ] 30/30 VUs  3m18.0s/5m30.0s
load-k6-1  | 
load-k6-1  | running (3m19.0s), 30/30 VUs, 16689 complete and 0 interrupted iterations
load-k6-1  | fspiopE2E   [  60% ] 30/30 VUs  3m19.0s/5m30.0s
load-k6-1  | 
load-k6-1  | running (3m20.0s), 30/30 VUs, 16777 complete and 0 interrupted iterations
load-k6-1  | fspiopE2E   [  61% ] 30/30 VUs  3m20.0s/5m30.0s
load-k6-1  | 
load-k6-1  | running (3m21.0s), 30/30 VUs, 16865 complete and 0 interrupted iterations
load-k6-1  | fspiopE2E   [  61% ] 30/30 VUs  3m21.0s/5m30.0s
load-k6-1  | 
load-k6-1  | running (3m22.0s), 30/30 VUs, 16956 complete and 0 interrupted iterations
load-k6-1  | fspiopE2E   [  61% ] 30/30 VUs  3m22.0s/5m30.0s
load-k6-1  | 
load-k6-1  | running (3m23.0s), 30/30 VUs, 17044 complete and 0 interrupted iterations
load-k6-1  | fspiopE2E   [  62% ] 30/30 VUs  3m23.0s/5m30.0s
load-k6-1  | 
load-k6-1  | running (3m24.0s), 30/30 VUs, 17132 complete and 0 interrupted iterations
load-k6-1  | fspiopE2E   [  62% ] 30/30 VUs  3m24.0s/5m30.0s
load-k6-1  | 
load-k6-1  | running (3m25.0s), 30/30 VUs, 17221 complete and 0 interrupted iterations
load-k6-1  | fspiopE2E   [  62% ] 30/30 VUs  3m25.0s/5m30.0s
load-k6-1  | 
load-k6-1  | running (3m26.0s), 30/30 VUs, 17307 complete and 0 interrupted iterations
load-k6-1  | fspiopE2E   [  62% ] 30/30 VUs  3m26.0s/5m30.0s
load-k6-1  | 
load-k6-1  | running (3m27.0s), 30/30 VUs, 17394 complete and 0 interrupted iterations
load-k6-1  | fspiopE2E   [  63% ] 30/30 VUs  3m27.0s/5m30.0s
load-k6-1  | 
load-k6-1  | running (3m28.0s), 30/30 VUs, 17478 complete and 0 interrupted iterations
load-k6-1  | fspiopE2E   [  63% ] 30/30 VUs  3m28.0s/5m30.0s
load-k6-1  | 
load-k6-1  | running (3m29.0s), 30/30 VUs, 17568 complete and 0 interrupted iterations
load-k6-1  | fspiopE2E   [  63% ] 30/30 VUs  3m29.0s/5m30.0s
load-k6-1  | 
load-k6-1  | running (3m30.0s), 30/30 VUs, 17655 complete and 0 interrupted iterations
load-k6-1  | fspiopE2E   [  64% ] 30/30 VUs  3m30.0s/5m30.0s
load-k6-1  | 
load-k6-1  | running (3m31.0s), 30/30 VUs, 17741 complete and 0 interrupted iterations
load-k6-1  | fspiopE2E   [  64% ] 30/30 VUs  3m31.0s/5m30.0s
load-k6-1  | 
load-k6-1  | running (3m32.0s), 30/30 VUs, 17829 complete and 0 interrupted iterations
load-k6-1  | fspiopE2E   [  64% ] 30/30 VUs  3m32.0s/5m30.0s
load-k6-1  | 
load-k6-1  | running (3m33.0s), 30/30 VUs, 17916 complete and 0 interrupted iterations
load-k6-1  | fspiopE2E   [  65% ] 30/30 VUs  3m33.0s/5m30.0s
load-k6-1  | 
load-k6-1  | running (3m34.0s), 30/30 VUs, 18003 complete and 0 interrupted iterations
load-k6-1  | fspiopE2E   [  65% ] 30/30 VUs  3m34.0s/5m30.0s
load-k6-1  | 
load-k6-1  | running (3m35.0s), 30/30 VUs, 18089 complete and 0 interrupted iterations
load-k6-1  | fspiopE2E   [  65% ] 30/30 VUs  3m35.0s/5m30.0s
load-k6-1  | 
load-k6-1  | running (3m36.0s), 30/30 VUs, 18177 complete and 0 interrupted iterations
load-k6-1  | fspiopE2E   [  65% ] 30/30 VUs  3m36.0s/5m30.0s
load-k6-1  | 
load-k6-1  | running (3m37.0s), 30/30 VUs, 18266 complete and 0 interrupted iterations
load-k6-1  | fspiopE2E   [  66% ] 30/30 VUs  3m37.0s/5m30.0s
load-k6-1  | 
load-k6-1  | running (3m38.0s), 30/30 VUs, 18352 complete and 0 interrupted iterations
load-k6-1  | fspiopE2E   [  66% ] 30/30 VUs  3m38.0s/5m30.0s
load-k6-1  | 
load-k6-1  | running (3m39.0s), 30/30 VUs, 18441 complete and 0 interrupted iterations
load-k6-1  | fspiopE2E   [  66% ] 30/30 VUs  3m39.0s/5m30.0s
load-k6-1  | 
load-k6-1  | running (3m40.0s), 30/30 VUs, 18531 complete and 0 interrupted iterations
load-k6-1  | fspiopE2E   [  67% ] 30/30 VUs  3m40.0s/5m30.0s
load-k6-1  | 
load-k6-1  | running (3m41.0s), 30/30 VUs, 18619 complete and 0 interrupted iterations
load-k6-1  | fspiopE2E   [  67% ] 30/30 VUs  3m41.0s/5m30.0s
load-k6-1  | 
load-k6-1  | running (3m42.0s), 30/30 VUs, 18707 complete and 0 interrupted iterations
load-k6-1  | fspiopE2E   [  67% ] 30/30 VUs  3m42.0s/5m30.0s
load-k6-1  | 
load-k6-1  | running (3m43.0s), 30/30 VUs, 18792 complete and 0 interrupted iterations
load-k6-1  | fspiopE2E   [  68% ] 30/30 VUs  3m43.0s/5m30.0s
load-k6-1  | 
load-k6-1  | running (3m44.0s), 30/30 VUs, 18882 complete and 0 interrupted iterations
load-k6-1  | fspiopE2E   [  68% ] 30/30 VUs  3m44.0s/5m30.0s
load-k6-1  | 
load-k6-1  | running (3m45.0s), 30/30 VUs, 18973 complete and 0 interrupted iterations
load-k6-1  | fspiopE2E   [  68% ] 30/30 VUs  3m45.0s/5m30.0s
load-k6-1  | 
load-k6-1  | running (3m46.0s), 30/30 VUs, 19060 complete and 0 interrupted iterations
load-k6-1  | fspiopE2E   [  68% ] 30/30 VUs  3m46.0s/5m30.0s
load-k6-1  | 
load-k6-1  | running (3m47.0s), 30/30 VUs, 19148 complete and 0 interrupted iterations
load-k6-1  | fspiopE2E   [  69% ] 30/30 VUs  3m47.0s/5m30.0s
load-k6-1  | 
load-k6-1  | running (3m48.0s), 30/30 VUs, 19237 complete and 0 interrupted iterations
load-k6-1  | fspiopE2E   [  69% ] 30/30 VUs  3m48.0s/5m30.0s
load-k6-1  | 
load-k6-1  | running (3m49.0s), 30/30 VUs, 19328 complete and 0 interrupted iterations
load-k6-1  | fspiopE2E   [  69% ] 30/30 VUs  3m49.0s/5m30.0s
load-k6-1  | 
load-k6-1  | running (3m50.0s), 30/30 VUs, 19411 complete and 0 interrupted iterations
load-k6-1  | fspiopE2E   [  70% ] 30/30 VUs  3m50.0s/5m30.0s
load-k6-1  | 
load-k6-1  | running (3m51.0s), 30/30 VUs, 19499 complete and 0 interrupted iterations
load-k6-1  | fspiopE2E   [  70% ] 30/30 VUs  3m51.0s/5m30.0s
load-k6-1  | 
load-k6-1  | running (3m52.0s), 30/30 VUs, 19588 complete and 0 interrupted iterations
load-k6-1  | fspiopE2E   [  70% ] 30/30 VUs  3m52.0s/5m30.0s
load-k6-1  | 
load-k6-1  | running (3m53.0s), 30/30 VUs, 19675 complete and 0 interrupted iterations
load-k6-1  | fspiopE2E   [  71% ] 30/30 VUs  3m53.0s/5m30.0s
load-k6-1  | 
load-k6-1  | running (3m54.0s), 30/30 VUs, 19764 complete and 0 interrupted iterations
load-k6-1  | fspiopE2E   [  71% ] 30/30 VUs  3m54.0s/5m30.0s
load-k6-1  | 
load-k6-1  | running (3m55.0s), 30/30 VUs, 19850 complete and 0 interrupted iterations
load-k6-1  | fspiopE2E   [  71% ] 30/30 VUs  3m55.0s/5m30.0s
load-k6-1  | 
load-k6-1  | running (3m56.0s), 30/30 VUs, 19936 complete and 0 interrupted iterations
load-k6-1  | fspiopE2E   [  72% ] 30/30 VUs  3m56.0s/5m30.0s
load-k6-1  | 
load-k6-1  | running (3m57.0s), 30/30 VUs, 20024 complete and 0 interrupted iterations
load-k6-1  | fspiopE2E   [  72% ] 30/30 VUs  3m57.0s/5m30.0s
load-k6-1  | 
load-k6-1  | running (3m58.0s), 30/30 VUs, 20111 complete and 0 interrupted iterations
load-k6-1  | fspiopE2E   [  72% ] 30/30 VUs  3m58.0s/5m30.0s
load-k6-1  | 
load-k6-1  | running (3m59.0s), 30/30 VUs, 20200 complete and 0 interrupted iterations
load-k6-1  | fspiopE2E   [  72% ] 30/30 VUs  3m59.0s/5m30.0s
load-k6-1  | 
load-k6-1  | running (4m00.0s), 30/30 VUs, 20287 complete and 0 interrupted iterations
load-k6-1  | fspiopE2E   [  73% ] 30/30 VUs  4m00.0s/5m30.0s
load-k6-1  | 
load-k6-1  | running (4m01.0s), 30/30 VUs, 20377 complete and 0 interrupted iterations
load-k6-1  | fspiopE2E   [  73% ] 30/30 VUs  4m01.0s/5m30.0s
load-k6-1  | 
load-k6-1  | running (4m02.0s), 30/30 VUs, 20460 complete and 0 interrupted iterations
load-k6-1  | fspiopE2E   [  73% ] 30/30 VUs  4m02.0s/5m30.0s
load-k6-1  | 
load-k6-1  | running (4m03.0s), 30/30 VUs, 20544 complete and 0 interrupted iterations
load-k6-1  | fspiopE2E   [  74% ] 30/30 VUs  4m03.0s/5m30.0s
load-k6-1  | 
load-k6-1  | running (4m04.0s), 30/30 VUs, 20625 complete and 0 interrupted iterations
load-k6-1  | fspiopE2E   [  74% ] 30/30 VUs  4m04.0s/5m30.0s
load-k6-1  | 
load-k6-1  | running (4m05.0s), 30/30 VUs, 20705 complete and 0 interrupted iterations
load-k6-1  | fspiopE2E   [  74% ] 30/30 VUs  4m05.0s/5m30.0s
load-k6-1  | 
load-k6-1  | running (4m06.0s), 30/30 VUs, 20794 complete and 0 interrupted iterations
load-k6-1  | fspiopE2E   [  75% ] 30/30 VUs  4m06.0s/5m30.0s
load-k6-1  | 
load-k6-1  | running (4m07.0s), 30/30 VUs, 20883 complete and 0 interrupted iterations
load-k6-1  | fspiopE2E   [  75% ] 30/30 VUs  4m07.0s/5m30.0s
load-k6-1  | 
load-k6-1  | running (4m08.0s), 30/30 VUs, 20967 complete and 0 interrupted iterations
load-k6-1  | fspiopE2E   [  75% ] 30/30 VUs  4m08.0s/5m30.0s
load-k6-1  | 
load-k6-1  | running (4m09.0s), 30/30 VUs, 21058 complete and 0 interrupted iterations
load-k6-1  | fspiopE2E   [  75% ] 30/30 VUs  4m09.0s/5m30.0s
load-k6-1  | 
load-k6-1  | running (4m10.0s), 30/30 VUs, 21148 complete and 0 interrupted iterations
load-k6-1  | fspiopE2E   [  76% ] 30/30 VUs  4m10.0s/5m30.0s
load-k6-1  | 
load-k6-1  | running (4m11.0s), 30/30 VUs, 21235 complete and 0 interrupted iterations
load-k6-1  | fspiopE2E   [  76% ] 30/30 VUs  4m11.0s/5m30.0s
load-k6-1  | 
load-k6-1  | running (4m12.0s), 30/30 VUs, 21323 complete and 0 interrupted iterations
load-k6-1  | fspiopE2E   [  76% ] 30/30 VUs  4m12.0s/5m30.0s
load-k6-1  | 
load-k6-1  | running (4m13.0s), 30/30 VUs, 21413 complete and 0 interrupted iterations
load-k6-1  | fspiopE2E   [  77% ] 30/30 VUs  4m13.0s/5m30.0s
load-k6-1  | 
load-k6-1  | running (4m14.0s), 30/30 VUs, 21504 complete and 0 interrupted iterations
load-k6-1  | fspiopE2E   [  77% ] 30/30 VUs  4m14.0s/5m30.0s
load-k6-1  | 
load-k6-1  | running (4m15.0s), 30/30 VUs, 21586 complete and 0 interrupted iterations
load-k6-1  | fspiopE2E   [  77% ] 30/30 VUs  4m15.0s/5m30.0s
load-k6-1  | 
load-k6-1  | running (4m16.0s), 30/30 VUs, 21672 complete and 0 interrupted iterations
load-k6-1  | fspiopE2E   [  78% ] 30/30 VUs  4m16.0s/5m30.0s
load-k6-1  | 
load-k6-1  | running (4m17.0s), 30/30 VUs, 21762 complete and 0 interrupted iterations
load-k6-1  | fspiopE2E   [  78% ] 30/30 VUs  4m17.0s/5m30.0s
load-k6-1  | 
load-k6-1  | running (4m18.0s), 30/30 VUs, 21848 complete and 0 interrupted iterations
load-k6-1  | fspiopE2E   [  78% ] 30/30 VUs  4m18.0s/5m30.0s
load-k6-1  | 
load-k6-1  | running (4m19.0s), 30/30 VUs, 21939 complete and 0 interrupted iterations
load-k6-1  | fspiopE2E   [  78% ] 30/30 VUs  4m19.0s/5m30.0s
load-k6-1  | 
load-k6-1  | running (4m20.0s), 30/30 VUs, 22029 complete and 0 interrupted iterations
load-k6-1  | fspiopE2E   [  79% ] 30/30 VUs  4m20.0s/5m30.0s
load-k6-1  | 
load-k6-1  | running (4m21.0s), 30/30 VUs, 22118 complete and 0 interrupted iterations
load-k6-1  | fspiopE2E   [  79% ] 30/30 VUs  4m21.0s/5m30.0s
load-k6-1  | 
load-k6-1  | running (4m22.0s), 30/30 VUs, 22209 complete and 0 interrupted iterations
load-k6-1  | fspiopE2E   [  79% ] 30/30 VUs  4m22.0s/5m30.0s
load-k6-1  | 
load-k6-1  | running (4m23.0s), 30/30 VUs, 22297 complete and 0 interrupted iterations
load-k6-1  | fspiopE2E   [  80% ] 30/30 VUs  4m23.0s/5m30.0s
load-k6-1  | 
load-k6-1  | running (4m24.0s), 30/30 VUs, 22391 complete and 0 interrupted iterations
load-k6-1  | fspiopE2E   [  80% ] 30/30 VUs  4m24.0s/5m30.0s
load-k6-1  | 
load-k6-1  | running (4m25.0s), 30/30 VUs, 22477 complete and 0 interrupted iterations
load-k6-1  | fspiopE2E   [  80% ] 30/30 VUs  4m25.0s/5m30.0s
load-k6-1  | 
load-k6-1  | running (4m26.0s), 30/30 VUs, 22566 complete and 0 interrupted iterations
load-k6-1  | fspiopE2E   [  81% ] 30/30 VUs  4m26.0s/5m30.0s
load-k6-1  | 
load-k6-1  | running (4m27.0s), 30/30 VUs, 22653 complete and 0 interrupted iterations
load-k6-1  | fspiopE2E   [  81% ] 30/30 VUs  4m27.0s/5m30.0s
load-k6-1  | 
load-k6-1  | running (4m28.0s), 30/30 VUs, 22742 complete and 0 interrupted iterations
load-k6-1  | fspiopE2E   [  81% ] 30/30 VUs  4m28.0s/5m30.0s
load-k6-1  | 
load-k6-1  | running (4m29.0s), 30/30 VUs, 22825 complete and 0 interrupted iterations
load-k6-1  | fspiopE2E   [  82% ] 30/30 VUs  4m29.0s/5m30.0s
load-k6-1  | 
load-k6-1  | running (4m30.0s), 30/30 VUs, 22915 complete and 0 interrupted iterations
load-k6-1  | fspiopE2E   [  82% ] 30/30 VUs  4m30.0s/5m30.0s
load-k6-1  | 
load-k6-1  | running (4m31.0s), 30/30 VUs, 23002 complete and 0 interrupted iterations
load-k6-1  | fspiopE2E   [  82% ] 30/30 VUs  4m31.0s/5m30.0s
load-k6-1  | 
load-k6-1  | running (4m32.0s), 30/30 VUs, 23091 complete and 0 interrupted iterations
load-k6-1  | fspiopE2E   [  82% ] 30/30 VUs  4m32.0s/5m30.0s
load-k6-1  | 
load-k6-1  | running (4m33.0s), 30/30 VUs, 23179 complete and 0 interrupted iterations
load-k6-1  | fspiopE2E   [  83% ] 30/30 VUs  4m33.0s/5m30.0s
load-k6-1  | 
load-k6-1  | running (4m34.0s), 30/30 VUs, 23266 complete and 0 interrupted iterations
load-k6-1  | fspiopE2E   [  83% ] 30/30 VUs  4m34.0s/5m30.0s
load-k6-1  | 
load-k6-1  | running (4m35.0s), 30/30 VUs, 23351 complete and 0 interrupted iterations
load-k6-1  | fspiopE2E   [  83% ] 30/30 VUs  4m35.0s/5m30.0s
load-k6-1  | 
load-k6-1  | running (4m36.0s), 30/30 VUs, 23442 complete and 0 interrupted iterations
load-k6-1  | fspiopE2E   [  84% ] 30/30 VUs  4m36.0s/5m30.0s
load-k6-1  | 
load-k6-1  | running (4m37.0s), 30/30 VUs, 23533 complete and 0 interrupted iterations
load-k6-1  | fspiopE2E   [  84% ] 30/30 VUs  4m37.0s/5m30.0s
load-k6-1  | 
load-k6-1  | running (4m38.0s), 30/30 VUs, 23619 complete and 0 interrupted iterations
load-k6-1  | fspiopE2E   [  84% ] 30/30 VUs  4m38.0s/5m30.0s
load-k6-1  | 
load-k6-1  | running (4m39.0s), 30/30 VUs, 23711 complete and 0 interrupted iterations
load-k6-1  | fspiopE2E   [  85% ] 30/30 VUs  4m39.0s/5m30.0s
load-k6-1  | 
load-k6-1  | running (4m40.0s), 30/30 VUs, 23798 complete and 0 interrupted iterations
load-k6-1  | fspiopE2E   [  85% ] 30/30 VUs  4m40.0s/5m30.0s
load-k6-1  | 
load-k6-1  | running (4m41.0s), 30/30 VUs, 23888 complete and 0 interrupted iterations
load-k6-1  | fspiopE2E   [  85% ] 30/30 VUs  4m41.0s/5m30.0s
load-k6-1  | 
load-k6-1  | running (4m42.0s), 30/30 VUs, 23974 complete and 0 interrupted iterations
load-k6-1  | fspiopE2E   [  85% ] 30/30 VUs  4m42.0s/5m30.0s
load-k6-1  | 
load-k6-1  | running (4m43.0s), 30/30 VUs, 24062 complete and 0 interrupted iterations
load-k6-1  | fspiopE2E   [  86% ] 30/30 VUs  4m43.0s/5m30.0s
load-k6-1  | 
load-k6-1  | running (4m44.0s), 30/30 VUs, 24154 complete and 0 interrupted iterations
load-k6-1  | fspiopE2E   [  86% ] 30/30 VUs  4m44.0s/5m30.0s
load-k6-1  | 
load-k6-1  | running (4m45.0s), 30/30 VUs, 24239 complete and 0 interrupted iterations
load-k6-1  | fspiopE2E   [  86% ] 30/30 VUs  4m45.0s/5m30.0s
load-k6-1  | 
load-k6-1  | running (4m46.0s), 30/30 VUs, 24329 complete and 0 interrupted iterations
load-k6-1  | fspiopE2E   [  87% ] 30/30 VUs  4m46.0s/5m30.0s
load-k6-1  | 
load-k6-1  | running (4m47.0s), 30/30 VUs, 24418 complete and 0 interrupted iterations
load-k6-1  | fspiopE2E   [  87% ] 30/30 VUs  4m47.0s/5m30.0s
load-k6-1  | 
load-k6-1  | running (4m48.0s), 30/30 VUs, 24504 complete and 0 interrupted iterations
load-k6-1  | fspiopE2E   [  87% ] 30/30 VUs  4m48.0s/5m30.0s
load-k6-1  | 
load-k6-1  | running (4m49.0s), 30/30 VUs, 24590 complete and 0 interrupted iterations
load-k6-1  | fspiopE2E   [  88% ] 30/30 VUs  4m49.0s/5m30.0s
load-k6-1  | 
load-k6-1  | running (4m50.0s), 30/30 VUs, 24679 complete and 0 interrupted iterations
load-k6-1  | fspiopE2E   [  88% ] 30/30 VUs  4m50.0s/5m30.0s
load-k6-1  | 
load-k6-1  | running (4m51.0s), 30/30 VUs, 24764 complete and 0 interrupted iterations
load-k6-1  | fspiopE2E   [  88% ] 30/30 VUs  4m51.0s/5m30.0s
load-k6-1  | 
load-k6-1  | running (4m52.0s), 30/30 VUs, 24851 complete and 0 interrupted iterations
load-k6-1  | fspiopE2E   [  88% ] 30/30 VUs  4m52.0s/5m30.0s
load-k6-1  | 
load-k6-1  | running (4m53.0s), 30/30 VUs, 24938 complete and 0 interrupted iterations
load-k6-1  | fspiopE2E   [  89% ] 30/30 VUs  4m53.0s/5m30.0s
load-k6-1  | 
load-k6-1  | running (4m54.0s), 30/30 VUs, 25026 complete and 0 interrupted iterations
load-k6-1  | fspiopE2E   [  89% ] 30/30 VUs  4m54.0s/5m30.0s
load-k6-1  | 
load-k6-1  | running (4m55.0s), 30/30 VUs, 25114 complete and 0 interrupted iterations
load-k6-1  | fspiopE2E   [  89% ] 30/30 VUs  4m55.0s/5m30.0s
load-k6-1  | 
load-k6-1  | running (4m56.0s), 30/30 VUs, 25200 complete and 0 interrupted iterations
load-k6-1  | fspiopE2E   [  90% ] 30/30 VUs  4m56.0s/5m30.0s
load-k6-1  | 
load-k6-1  | running (4m57.0s), 30/30 VUs, 25288 complete and 0 interrupted iterations
load-k6-1  | fspiopE2E   [  90% ] 30/30 VUs  4m57.0s/5m30.0s
load-k6-1  | 
load-k6-1  | running (4m58.0s), 30/30 VUs, 25375 complete and 0 interrupted iterations
load-k6-1  | fspiopE2E   [  90% ] 30/30 VUs  4m58.0s/5m30.0s
load-k6-1  | 
load-k6-1  | running (4m59.0s), 30/30 VUs, 25464 complete and 0 interrupted iterations
load-k6-1  | fspiopE2E   [  91% ] 30/30 VUs  4m59.0s/5m30.0s
load-k6-1  | 
load-k6-1  | running (5m00.0s), 30/30 VUs, 25556 complete and 0 interrupted iterations
load-k6-1  | fspiopE2E   [  91% ] 30/30 VUs  5m00.0s/5m30.0s
load-k6-1  | 
load-k6-1  | running (5m01.0s), 30/30 VUs, 25648 complete and 0 interrupted iterations
load-k6-1  | fspiopE2E   [  91% ] 30/30 VUs  5m01.0s/5m30.0s
load-k6-1  | 
load-k6-1  | running (5m02.0s), 30/30 VUs, 25736 complete and 0 interrupted iterations
load-k6-1  | fspiopE2E   [  92% ] 30/30 VUs  5m02.0s/5m30.0s
load-k6-1  | 
load-k6-1  | running (5m03.0s), 30/30 VUs, 25821 complete and 0 interrupted iterations
load-k6-1  | fspiopE2E   [  92% ] 30/30 VUs  5m03.0s/5m30.0s
load-k6-1  | 
load-k6-1  | running (5m04.0s), 30/30 VUs, 25911 complete and 0 interrupted iterations
load-k6-1  | fspiopE2E   [  92% ] 30/30 VUs  5m04.0s/5m30.0s
load-k6-1  | 
load-k6-1  | running (5m05.0s), 30/30 VUs, 25998 complete and 0 interrupted iterations
load-k6-1  | fspiopE2E   [  92% ] 30/30 VUs  5m05.0s/5m30.0s
load-k6-1  | 
load-k6-1  | running (5m06.0s), 30/30 VUs, 26087 complete and 0 interrupted iterations
load-k6-1  | fspiopE2E   [  93% ] 30/30 VUs  5m06.0s/5m30.0s
load-k6-1  | 
load-k6-1  | running (5m07.0s), 30/30 VUs, 26178 complete and 0 interrupted iterations
load-k6-1  | fspiopE2E   [  93% ] 30/30 VUs  5m07.0s/5m30.0s
load-k6-1  | 
load-k6-1  | running (5m08.0s), 30/30 VUs, 26269 complete and 0 interrupted iterations
load-k6-1  | fspiopE2E   [  93% ] 30/30 VUs  5m08.0s/5m30.0s
load-k6-1  | 
load-k6-1  | running (5m09.0s), 30/30 VUs, 26359 complete and 0 interrupted iterations
load-k6-1  | fspiopE2E   [  94% ] 30/30 VUs  5m09.0s/5m30.0s
load-k6-1  | 
load-k6-1  | running (5m10.0s), 30/30 VUs, 26447 complete and 0 interrupted iterations
load-k6-1  | fspiopE2E   [  94% ] 30/30 VUs  5m10.0s/5m30.0s
load-k6-1  | 
load-k6-1  | running (5m11.0s), 30/30 VUs, 26532 complete and 0 interrupted iterations
load-k6-1  | fspiopE2E   [  94% ] 30/30 VUs  5m11.0s/5m30.0s
load-k6-1  | 
load-k6-1  | running (5m12.0s), 30/30 VUs, 26618 complete and 0 interrupted iterations
load-k6-1  | fspiopE2E   [  95% ] 30/30 VUs  5m12.0s/5m30.0s
load-k6-1  | 
load-k6-1  | running (5m13.0s), 30/30 VUs, 26707 complete and 0 interrupted iterations
load-k6-1  | fspiopE2E   [  95% ] 30/30 VUs  5m13.0s/5m30.0s
load-k6-1  | 
load-k6-1  | running (5m14.0s), 30/30 VUs, 26794 complete and 0 interrupted iterations
load-k6-1  | fspiopE2E   [  95% ] 30/30 VUs  5m14.0s/5m30.0s
load-k6-1  | 
load-k6-1  | running (5m15.0s), 30/30 VUs, 26885 complete and 0 interrupted iterations
load-k6-1  | fspiopE2E   [  95% ] 30/30 VUs  5m15.0s/5m30.0s
load-k6-1  | 
load-k6-1  | running (5m16.0s), 30/30 VUs, 26974 complete and 0 interrupted iterations
load-k6-1  | fspiopE2E   [  96% ] 30/30 VUs  5m16.0s/5m30.0s
load-k6-1  | 
load-k6-1  | running (5m17.0s), 30/30 VUs, 27060 complete and 0 interrupted iterations
load-k6-1  | fspiopE2E   [  96% ] 30/30 VUs  5m17.0s/5m30.0s
load-k6-1  | 
load-k6-1  | running (5m18.0s), 30/30 VUs, 27146 complete and 0 interrupted iterations
load-k6-1  | fspiopE2E   [  96% ] 30/30 VUs  5m18.0s/5m30.0s
load-k6-1  | 
load-k6-1  | running (5m19.0s), 30/30 VUs, 27235 complete and 0 interrupted iterations
load-k6-1  | fspiopE2E   [  97% ] 30/30 VUs  5m19.0s/5m30.0s
load-k6-1  | 
load-k6-1  | running (5m20.0s), 30/30 VUs, 27322 complete and 0 interrupted iterations
load-k6-1  | fspiopE2E   [  97% ] 30/30 VUs  5m20.0s/5m30.0s
load-k6-1  | 
load-k6-1  | running (5m21.0s), 30/30 VUs, 27408 complete and 0 interrupted iterations
load-k6-1  | fspiopE2E   [  97% ] 30/30 VUs  5m21.0s/5m30.0s
load-k6-1  | 
load-k6-1  | running (5m22.0s), 30/30 VUs, 27496 complete and 0 interrupted iterations
load-k6-1  | fspiopE2E   [  98% ] 30/30 VUs  5m22.0s/5m30.0s
load-k6-1  | 
load-k6-1  | running (5m23.0s), 30/30 VUs, 27583 complete and 0 interrupted iterations
load-k6-1  | fspiopE2E   [  98% ] 30/30 VUs  5m23.0s/5m30.0s
load-k6-1  | 
load-k6-1  | running (5m24.0s), 30/30 VUs, 27672 complete and 0 interrupted iterations
load-k6-1  | fspiopE2E   [  98% ] 30/30 VUs  5m24.0s/5m30.0s
load-k6-1  | 
load-k6-1  | running (5m25.0s), 30/30 VUs, 27758 complete and 0 interrupted iterations
load-k6-1  | fspiopE2E   [  98% ] 30/30 VUs  5m25.0s/5m30.0s
load-k6-1  | 
load-k6-1  | running (5m26.0s), 30/30 VUs, 27849 complete and 0 interrupted iterations
load-k6-1  | fspiopE2E   [  99% ] 30/30 VUs  5m26.0s/5m30.0s
load-k6-1  | 
load-k6-1  | running (5m27.0s), 30/30 VUs, 27936 complete and 0 interrupted iterations
load-k6-1  | fspiopE2E   [  99% ] 30/30 VUs  5m27.0s/5m30.0s
load-k6-1  | 
load-k6-1  | running (5m28.0s), 30/30 VUs, 28023 complete and 0 interrupted iterations
load-k6-1  | fspiopE2E   [  99% ] 30/30 VUs  5m28.0s/5m30.0s
load-k6-1  | 
load-k6-1  | running (5m29.0s), 30/30 VUs, 28112 complete and 0 interrupted iterations
load-k6-1  | fspiopE2E   [ 100% ] 30/30 VUs  5m29.0s/5m30.0s
load-k6-1  | 
load-k6-1  | running (5m30.0s), 30/30 VUs, 28204 complete and 0 interrupted iterations
load-k6-1  | fspiopE2E   [ 100% ] 30/30 VUs  5m30.0s/5m30.0s
load-k6-1  | 
load-k6-1  |      ✓ ALS_FSPIOP_GET_PARTIES_RESPONSE_IS_202
load-k6-1  |      ✗ ALS_E2E_FSPIOP_GET_PARTIES_SUCCESS
load-k6-1  |       ↳  99% — ✓ 28234 / ✗ 2
load-k6-1  |      ✓ QUOTES_FSPIOP_POST_QUOTES_RESPONSE_IS_202
load-k6-1  |      ✓ QUOTES_E2E_FSPIOP_POST_QUOTES_SUCCESS
load-k6-1  |      ✓ TRANSFERS_FSPIOP_POST_TRANSFERS_RESPONSE_IS_202
load-k6-1  |      ✓ TRANSFERS_E2E_FSPIOP_POST_TRANSFERS_SUCCESS
load-k6-1  | 
load-k6-1  |      █ E2E
load-k6-1  | 
load-k6-1  |      checks.........................: 99.99% ✓ 169406     ✗ 2    
load-k6-1  |      data_received..................: 27 MB  80 kB/s
load-k6-1  |      data_sent......................: 112 MB 340 kB/s
load-k6-1  |      group_duration.................: avg=284.76µs min=177.91µs med=279.55µs max=21.95ms  p(90)=338.45µs p(95)=357.28µs
load-k6-1  |      http_req_blocked...............: avg=6.88µs   min=2.51µs   med=6.19µs   max=1.14ms   p(90)=8.63µs   p(95)=9.25µs  
load-k6-1  |      http_req_connecting............: avg=201ns    min=0s       med=0s       max=472.99µs p(90)=0s       p(95)=0s      
load-k6-1  |    ✓ http_req_duration..............: avg=2.29ms   min=839.82µs med=2.07ms   max=50.48ms  p(90)=3.56ms   p(95)=4.01ms  
load-k6-1  |        { expected_response:true }...: avg=2.29ms   min=839.82µs med=2.07ms   max=50.48ms  p(90)=3.56ms   p(95)=4.01ms  
load-k6-1  |    ✓ http_req_failed................: 0.00%  ✓ 0          ✗ 84704
load-k6-1  |      http_req_receiving.............: avg=46.17µs  min=9.92µs   med=40.31µs  max=13.77ms  p(90)=67.65µs  p(95)=78.86µs 
load-k6-1  |      http_req_sending...............: avg=28.61µs  min=10.89µs  med=27.04µs  max=1.44ms   p(90)=38.15µs  p(95)=41.52µs 
load-k6-1  |      http_req_tls_handshaking.......: avg=0s       min=0s       med=0s       max=0s       p(90)=0s       p(95)=0s      
load-k6-1  |      http_req_waiting...............: avg=2.22ms   min=780.64µs med=2ms      max=50.41ms  p(90)=3.48ms   p(95)=3.93ms  
load-k6-1  |      http_reqs......................: 84704  256.516636/s
load-k6-1  |    ✓ iteration_duration.............: avg=334.78ms min=116.51ms med=339.76ms max=5s       p(90)=363.6ms  p(95)=373.75ms
load-k6-1  |      iterations.....................: 28236  85.509583/s
load-k6-1  |      vus............................: 30     min=1        max=30 
load-k6-1  |      vus_max........................: 30     min=30       max=30 
load-k6-1  |      ws_connecting..................: avg=706.39µs min=258.48µs med=627.75µs max=43.13ms  p(90)=1.04ms   p(95)=1.26ms  
load-k6-1  |      ws_msgs_received...............: 84702  256.51058/s
load-k6-1  |      ws_msgs_sent...................: 84704  256.516636/s
load-k6-1  |      ws_session_duration............: avg=111.65ms min=10.43ms  med=22.35ms  max=5s       p(90)=309.88ms p(95)=318.59ms
load-k6-1  |      ws_sessions....................: 84704  256.516636/s
load-k6-1  | 
load-k6-1  | 
load-k6-1  | running (5m30.2s), 00/30 VUs, 28236 complete and 0 interrupted iterations
load-k6-1  | fspiopE2E ✓ [ 100% ] 00/30 VUs  5m30s
load-k6-1 exited with code 0
