Attaching to load-k6-1
load-k6-1  | 
load-k6-1  |           /\      |‾‾| /‾‾/   /‾‾/   
load-k6-1  |      /\  /  \     |  |/  /   /  /    
load-k6-1  |     /  \/    \    |     (   /   ‾‾\  
load-k6-1  |    /          \   |  |\  \ |  (‾)  | 
load-k6-1  |   / __________ \  |__| \__\ \_____/ .io
load-k6-1  | 
load-k6-1  | 
load-k6-1  |   execution: local
load-k6-1  |      script: /scripts/index.js
load-k6-1  |      output: Prometheus remote write (http://prometheus:9090/api/v1/write)
load-k6-1  | 
load-k6-1  |   scenarios: (100.00%) 1 scenario, 40 max VUs, 6m0s max duration (incl. graceful stop):
load-k6-1  |            * fspiopQuotes: Up to 40 looping VUs for 5m30s over 2 stages (gracefulRampDown: 30s, exec: fspiopQuotesScenarios, gracefulStop: 30s)
load-k6-1  | 
load-k6-1  | 
load-k6-1  | 
load-k6-1  | running (0m01.0s), 02/40 VUs, 49 complete and 0 interrupted iterations
load-k6-1  | fspiopQuotes   [   0% ] 02/40 VUs  0m01.0s/5m30.0s
load-k6-1  | 
load-k6-1  | 
load-k6-1  | running (0m02.0s), 03/40 VUs, 130 complete and 0 interrupted iterations
load-k6-1  | fspiopQuotes   [   1% ] 03/40 VUs  0m02.0s/5m30.0s
load-k6-1  | 
load-k6-1  | 
load-k6-1  | running (0m03.0s), 04/40 VUs, 224 complete and 0 interrupted iterations
load-k6-1  | fspiopQuotes   [   1% ] 04/40 VUs  0m03.0s/5m30.0s
load-k6-1  | 
load-k6-1  | 
load-k6-1  | running (0m04.0s), 06/40 VUs, 323 complete and 0 interrupted iterations
load-k6-1  | fspiopQuotes   [   1% ] 06/40 VUs  0m04.0s/5m30.0s
load-k6-1  | 
load-k6-1  | 
load-k6-1  | running (0m05.0s), 07/40 VUs, 431 complete and 0 interrupted iterations
load-k6-1  | fspiopQuotes   [   2% ] 07/40 VUs  0m05.0s/5m30.0s
load-k6-1  | 
load-k6-1  | 
load-k6-1  | running (0m06.0s), 08/40 VUs, 545 complete and 0 interrupted iterations
load-k6-1  | fspiopQuotes   [   2% ] 08/40 VUs  0m06.0s/5m30.0s
load-k6-1  | 
load-k6-1  | 
load-k6-1  | running (0m07.0s), 10/40 VUs, 664 complete and 0 interrupted iterations
load-k6-1  | fspiopQuotes   [   2% ] 10/40 VUs  0m07.0s/5m30.0s
load-k6-1  | 
load-k6-1  | 
load-k6-1  | running (0m08.0s), 11/40 VUs, 778 complete and 0 interrupted iterations
load-k6-1  | fspiopQuotes   [   2% ] 11/40 VUs  0m08.0s/5m30.0s
load-k6-1  | 
load-k6-1  | 
load-k6-1  | running (0m09.0s), 12/40 VUs, 890 complete and 0 interrupted iterations
load-k6-1  | fspiopQuotes   [   3% ] 12/40 VUs  0m09.0s/5m30.0s
load-k6-1  | 
load-k6-1  | 
load-k6-1  | running (0m10.0s), 13/40 VUs, 1012 complete and 0 interrupted iterations
load-k6-1  | fspiopQuotes   [   3% ] 13/40 VUs  0m10.0s/5m30.0s
load-k6-1  | 
load-k6-1  | 
load-k6-1  | running (0m11.0s), 15/40 VUs, 1135 complete and 0 interrupted iterations
load-k6-1  | fspiopQuotes   [   3% ] 15/40 VUs  0m11.0s/5m30.0s
load-k6-1  | 
load-k6-1  | 
load-k6-1  | running (0m12.0s), 16/40 VUs, 1263 complete and 0 interrupted iterations
load-k6-1  | fspiopQuotes   [   4% ] 16/40 VUs  0m12.0s/5m30.0s
load-k6-1  | 
load-k6-1  | 
load-k6-1  | running (0m13.0s), 17/40 VUs, 1389 complete and 0 interrupted iterations
load-k6-1  | fspiopQuotes   [   4% ] 17/40 VUs  0m13.0s/5m30.0s
load-k6-1  | 
load-k6-1  | 
load-k6-1  | running (0m14.0s), 19/40 VUs, 1530 complete and 0 interrupted iterations
load-k6-1  | fspiopQuotes   [   4% ] 19/40 VUs  0m14.0s/5m30.0s
load-k6-1  | 
load-k6-1  | 
load-k6-1  | running (0m15.0s), 20/40 VUs, 1671 complete and 0 interrupted iterations
load-k6-1  | fspiopQuotes   [   5% ] 20/40 VUs  0m15.0s/5m30.0s
load-k6-1  | 
load-k6-1  | 
load-k6-1  | running (0m16.0s), 21/40 VUs, 1807 complete and 0 interrupted iterations
load-k6-1  | fspiopQuotes   [   5% ] 21/40 VUs  0m16.0s/5m30.0s
load-k6-1  | 
load-k6-1  | 
load-k6-1  | running (0m17.0s), 23/40 VUs, 1942 complete and 0 interrupted iterations
load-k6-1  | fspiopQuotes   [   5% ] 23/40 VUs  0m17.0s/5m30.0s
load-k6-1  | 
load-k6-1  | 
load-k6-1  | running (0m18.0s), 24/40 VUs, 2078 complete and 0 interrupted iterations
load-k6-1  | fspiopQuotes   [   5% ] 24/40 VUs  0m18.0s/5m30.0s
load-k6-1  | 
load-k6-1  | 
load-k6-1  | running (0m19.0s), 25/40 VUs, 2215 complete and 0 interrupted iterations
load-k6-1  | fspiopQuotes   [   6% ] 25/40 VUs  0m19.0s/5m30.0s
load-k6-1  | 
load-k6-1  | 
load-k6-1  | running (0m20.0s), 26/40 VUs, 2360 complete and 0 interrupted iterations
load-k6-1  | fspiopQuotes   [   6% ] 26/40 VUs  0m20.0s/5m30.0s
load-k6-1  | 
load-k6-1  | 
load-k6-1  | running (0m21.0s), 28/40 VUs, 2500 complete and 0 interrupted iterations
load-k6-1  | fspiopQuotes   [   6% ] 28/40 VUs  0m21.0s/5m30.0s
load-k6-1  | 
load-k6-1  | 
load-k6-1  | running (0m22.0s), 29/40 VUs, 2630 complete and 0 interrupted iterations
load-k6-1  | fspiopQuotes   [   7% ] 29/40 VUs  0m22.0s/5m30.0s
load-k6-1  | 
load-k6-1  | 
load-k6-1  | running (0m23.0s), 30/40 VUs, 2776 complete and 0 interrupted iterations
load-k6-1  | fspiopQuotes   [   7% ] 30/40 VUs  0m23.0s/5m30.0s
load-k6-1  | 
load-k6-1  | 
load-k6-1  | running (0m24.0s), 32/40 VUs, 2910 complete and 0 interrupted iterations
load-k6-1  | fspiopQuotes   [   7% ] 32/40 VUs  0m24.0s/5m30.0s
load-k6-1  | 
load-k6-1  | 
load-k6-1  | running (0m25.0s), 33/40 VUs, 3054 complete and 0 interrupted iterations
load-k6-1  | fspiopQuotes   [   8% ] 33/40 VUs  0m25.0s/5m30.0s
load-k6-1  | 
load-k6-1  | 
load-k6-1  | running (0m26.0s), 34/40 VUs, 3194 complete and 0 interrupted iterations
load-k6-1  | fspiopQuotes   [   8% ] 34/40 VUs  0m26.0s/5m30.0s
load-k6-1  | 
load-k6-1  | 
load-k6-1  | running (0m27.0s), 36/40 VUs, 3334 complete and 0 interrupted iterations
load-k6-1  | fspiopQuotes   [   8% ] 36/40 VUs  0m27.0s/5m30.0s
load-k6-1  | 
load-k6-1  | 
load-k6-1  | running (0m28.0s), 37/40 VUs, 3473 complete and 0 interrupted iterations
load-k6-1  | fspiopQuotes   [   8% ] 37/40 VUs  0m28.0s/5m30.0s
load-k6-1  | 
load-k6-1  | 
load-k6-1  | running (0m29.0s), 38/40 VUs, 3621 complete and 0 interrupted iterations
load-k6-1  | fspiopQuotes   [   9% ] 38/40 VUs  0m29.0s/5m30.0s
load-k6-1  | 
load-k6-1  | 
load-k6-1  | running (0m30.0s), 39/40 VUs, 3763 complete and 0 interrupted iterations
load-k6-1  | fspiopQuotes   [   9% ] 39/40 VUs  0m30.0s/5m30.0s
load-k6-1  | 
load-k6-1  | 
load-k6-1  | running (0m31.0s), 40/40 VUs, 3898 complete and 0 interrupted iterations
load-k6-1  | fspiopQuotes   [   9% ] 40/40 VUs  0m31.0s/5m30.0s
load-k6-1  | 
load-k6-1  | 
load-k6-1  | running (0m32.0s), 40/40 VUs, 4041 complete and 0 interrupted iterations
load-k6-1  | fspiopQuotes   [  10% ] 40/40 VUs  0m32.0s/5m30.0s
load-k6-1  | 
load-k6-1  | 
load-k6-1  | running (0m33.0s), 40/40 VUs, 4193 complete and 0 interrupted iterations
load-k6-1  | fspiopQuotes   [  10% ] 40/40 VUs  0m33.0s/5m30.0s
load-k6-1  | 
load-k6-1  | 
load-k6-1  | running (0m34.0s), 40/40 VUs, 4323 complete and 0 interrupted iterations
load-k6-1  | fspiopQuotes   [  10% ] 40/40 VUs  0m34.0s/5m30.0s
load-k6-1  | 
load-k6-1  | 
load-k6-1  | running (0m35.0s), 40/40 VUs, 4483 complete and 0 interrupted iterations
load-k6-1  | fspiopQuotes   [  11% ] 40/40 VUs  0m35.0s/5m30.0s
load-k6-1  | 
load-k6-1  | 
load-k6-1  | running (0m36.0s), 40/40 VUs, 4623 complete and 0 interrupted iterations
load-k6-1  | fspiopQuotes   [  11% ] 40/40 VUs  0m36.0s/5m30.0s
load-k6-1  | 
load-k6-1  | 
load-k6-1  | running (0m37.0s), 40/40 VUs, 4768 complete and 0 interrupted iterations
load-k6-1  | fspiopQuotes   [  11% ] 40/40 VUs  0m37.0s/5m30.0s
load-k6-1  | 
load-k6-1  | 
load-k6-1  | running (0m38.0s), 40/40 VUs, 4911 complete and 0 interrupted iterations
load-k6-1  | fspiopQuotes   [  12% ] 40/40 VUs  0m38.0s/5m30.0s
load-k6-1  | 
load-k6-1  | 
load-k6-1  | running (0m39.0s), 40/40 VUs, 5049 complete and 0 interrupted iterations
load-k6-1  | fspiopQuotes   [  12% ] 40/40 VUs  0m39.0s/5m30.0s
load-k6-1  | 
load-k6-1  | 
load-k6-1  | running (0m40.0s), 40/40 VUs, 5195 complete and 0 interrupted iterations
load-k6-1  | fspiopQuotes   [  12% ] 40/40 VUs  0m40.0s/5m30.0s
load-k6-1  | 
load-k6-1  | 
load-k6-1  | running (0m41.0s), 40/40 VUs, 5329 complete and 0 interrupted iterations
load-k6-1  | fspiopQuotes   [  12% ] 40/40 VUs  0m41.0s/5m30.0s
load-k6-1  | 
load-k6-1  | 
load-k6-1  | running (0m42.0s), 40/40 VUs, 5487 complete and 0 interrupted iterations
load-k6-1  | fspiopQuotes   [  13% ] 40/40 VUs  0m42.0s/5m30.0s
load-k6-1  | 
load-k6-1  | 
load-k6-1  | running (0m43.0s), 40/40 VUs, 5624 complete and 0 interrupted iterations
load-k6-1  | fspiopQuotes   [  13% ] 40/40 VUs  0m43.0s/5m30.0s
load-k6-1  | 
load-k6-1  | 
load-k6-1  | running (0m44.0s), 40/40 VUs, 5774 complete and 0 interrupted iterations
load-k6-1  | fspiopQuotes   [  13% ] 40/40 VUs  0m44.0s/5m30.0s
load-k6-1  | 
load-k6-1  | 
load-k6-1  | running (0m45.0s), 40/40 VUs, 5930 complete and 0 interrupted iterations
load-k6-1  | fspiopQuotes   [  14% ] 40/40 VUs  0m45.0s/5m30.0s
load-k6-1  | 
load-k6-1  | 
load-k6-1  | running (0m46.0s), 40/40 VUs, 6076 complete and 0 interrupted iterations
load-k6-1  | fspiopQuotes   [  14% ] 40/40 VUs  0m46.0s/5m30.0s
load-k6-1  | 
load-k6-1  | 
load-k6-1  | running (0m47.0s), 40/40 VUs, 6217 complete and 0 interrupted iterations
load-k6-1  | fspiopQuotes   [  14% ] 40/40 VUs  0m47.0s/5m30.0s
load-k6-1  | 
load-k6-1  | 
load-k6-1  | running (0m48.0s), 40/40 VUs, 6356 complete and 0 interrupted iterations
load-k6-1  | fspiopQuotes   [  15% ] 40/40 VUs  0m48.0s/5m30.0s
load-k6-1  | 
load-k6-1  | 
load-k6-1  | running (0m49.0s), 40/40 VUs, 6499 complete and 0 interrupted iterations
load-k6-1  | fspiopQuotes   [  15% ] 40/40 VUs  0m49.0s/5m30.0s
load-k6-1  | 
load-k6-1  | 
load-k6-1  | running (0m50.0s), 40/40 VUs, 6633 complete and 0 interrupted iterations
load-k6-1  | fspiopQuotes   [  15% ] 40/40 VUs  0m50.0s/5m30.0s
load-k6-1  | 
load-k6-1  | 
load-k6-1  | running (0m51.0s), 40/40 VUs, 6786 complete and 0 interrupted iterations
load-k6-1  | fspiopQuotes   [  15% ] 40/40 VUs  0m51.0s/5m30.0s
load-k6-1  | 
load-k6-1  | 
load-k6-1  | running (0m52.0s), 40/40 VUs, 6928 complete and 0 interrupted iterations
load-k6-1  | fspiopQuotes   [  16% ] 40/40 VUs  0m52.0s/5m30.0s
load-k6-1  | 
load-k6-1  | 
load-k6-1  | running (0m53.0s), 40/40 VUs, 7074 complete and 0 interrupted iterations
load-k6-1  | fspiopQuotes   [  16% ] 40/40 VUs  0m53.0s/5m30.0s
load-k6-1  | 
load-k6-1  | 
load-k6-1  | running (0m54.0s), 40/40 VUs, 7225 complete and 0 interrupted iterations
load-k6-1  | fspiopQuotes   [  16% ] 40/40 VUs  0m54.0s/5m30.0s
load-k6-1  | 
load-k6-1  | 
load-k6-1  | running (0m55.0s), 40/40 VUs, 7363 complete and 0 interrupted iterations
load-k6-1  | fspiopQuotes   [  17% ] 40/40 VUs  0m55.0s/5m30.0s
load-k6-1  | 
load-k6-1  | 
load-k6-1  | running (0m56.0s), 40/40 VUs, 7511 complete and 0 interrupted iterations
load-k6-1  | fspiopQuotes   [  17% ] 40/40 VUs  0m56.0s/5m30.0s
load-k6-1  | 
load-k6-1  | 
load-k6-1  | running (0m57.0s), 40/40 VUs, 7655 complete and 0 interrupted iterations
load-k6-1  | fspiopQuotes   [  17% ] 40/40 VUs  0m57.0s/5m30.0s
load-k6-1  | 
load-k6-1  | 
load-k6-1  | running (0m58.0s), 40/40 VUs, 7812 complete and 0 interrupted iterations
load-k6-1  | fspiopQuotes   [  18% ] 40/40 VUs  0m58.0s/5m30.0s
load-k6-1  | 
load-k6-1  | 
load-k6-1  | running (0m59.0s), 40/40 VUs, 7950 complete and 0 interrupted iterations
load-k6-1  | fspiopQuotes   [  18% ] 40/40 VUs  0m59.0s/5m30.0s
load-k6-1  | 
load-k6-1  | 
load-k6-1  | running (1m00.0s), 40/40 VUs, 8103 complete and 0 interrupted iterations
load-k6-1  | fspiopQuotes   [  18% ] 40/40 VUs  1m00.0s/5m30.0s
load-k6-1  | 
load-k6-1  | 
load-k6-1  | running (1m01.0s), 40/40 VUs, 8262 complete and 0 interrupted iterations
load-k6-1  | fspiopQuotes   [  18% ] 40/40 VUs  1m01.0s/5m30.0s
load-k6-1  | 
load-k6-1  | 
load-k6-1  | running (1m02.0s), 40/40 VUs, 8407 complete and 0 interrupted iterations
load-k6-1  | fspiopQuotes   [  19% ] 40/40 VUs  1m02.0s/5m30.0s
load-k6-1  | 
load-k6-1  | 
load-k6-1  | running (1m03.0s), 40/40 VUs, 8566 complete and 0 interrupted iterations
load-k6-1  | fspiopQuotes   [  19% ] 40/40 VUs  1m03.0s/5m30.0s
load-k6-1  | 
load-k6-1  | 
load-k6-1  | running (1m04.0s), 40/40 VUs, 8707 complete and 0 interrupted iterations
load-k6-1  | fspiopQuotes   [  19% ] 40/40 VUs  1m04.0s/5m30.0s
load-k6-1  | 
load-k6-1  | 
load-k6-1  | running (1m05.0s), 40/40 VUs, 8855 complete and 0 interrupted iterations
load-k6-1  | fspiopQuotes   [  20% ] 40/40 VUs  1m05.0s/5m30.0s
load-k6-1  | 
load-k6-1  | 
load-k6-1  | running (1m06.0s), 40/40 VUs, 8994 complete and 0 interrupted iterations
load-k6-1  | fspiopQuotes   [  20% ] 40/40 VUs  1m06.0s/5m30.0s
load-k6-1  | 
load-k6-1  | 
load-k6-1  | running (1m07.0s), 40/40 VUs, 9146 complete and 0 interrupted iterations
load-k6-1  | fspiopQuotes   [  20% ] 40/40 VUs  1m07.0s/5m30.0s
load-k6-1  | 
load-k6-1  | 
load-k6-1  | running (1m08.0s), 40/40 VUs, 9281 complete and 0 interrupted iterations
load-k6-1  | fspiopQuotes   [  21% ] 40/40 VUs  1m08.0s/5m30.0s
load-k6-1  | 
load-k6-1  | 
load-k6-1  | running (1m09.0s), 40/40 VUs, 9434 complete and 0 interrupted iterations
load-k6-1  | fspiopQuotes   [  21% ] 40/40 VUs  1m09.0s/5m30.0s
load-k6-1  | 
load-k6-1  | 
load-k6-1  | running (1m10.0s), 40/40 VUs, 9588 complete and 0 interrupted iterations
load-k6-1  | fspiopQuotes   [  21% ] 40/40 VUs  1m10.0s/5m30.0s
load-k6-1  | 
load-k6-1  | 
load-k6-1  | running (1m11.0s), 40/40 VUs, 9721 complete and 0 interrupted iterations
load-k6-1  | fspiopQuotes   [  22% ] 40/40 VUs  1m11.0s/5m30.0s
load-k6-1  | 
load-k6-1  | 
load-k6-1  | running (1m12.0s), 40/40 VUs, 9876 complete and 0 interrupted iterations
load-k6-1  | fspiopQuotes   [  22% ] 40/40 VUs  1m12.0s/5m30.0s
load-k6-1  | 
load-k6-1  | 
load-k6-1  | running (1m13.0s), 40/40 VUs, 10027 complete and 0 interrupted iterations
load-k6-1  | fspiopQuotes   [  22% ] 40/40 VUs  1m13.0s/5m30.0s
load-k6-1  | 
load-k6-1  | 
load-k6-1  | running (1m14.0s), 40/40 VUs, 10164 complete and 0 interrupted iterations
load-k6-1  | fspiopQuotes   [  22% ] 40/40 VUs  1m14.0s/5m30.0s
load-k6-1  | 
load-k6-1  | 
load-k6-1  | running (1m15.0s), 40/40 VUs, 10320 complete and 0 interrupted iterations
load-k6-1  | fspiopQuotes   [  23% ] 40/40 VUs  1m15.0s/5m30.0s
load-k6-1  | 
load-k6-1  | 
load-k6-1  | running (1m16.0s), 40/40 VUs, 10463 complete and 0 interrupted iterations
load-k6-1  | fspiopQuotes   [  23% ] 40/40 VUs  1m16.0s/5m30.0s
load-k6-1  | 
load-k6-1  | 
load-k6-1  | running (1m17.0s), 40/40 VUs, 10608 complete and 0 interrupted iterations
load-k6-1  | fspiopQuotes   [  23% ] 40/40 VUs  1m17.0s/5m30.0s
load-k6-1  | 
load-k6-1  | 
load-k6-1  | running (1m18.0s), 40/40 VUs, 10742 complete and 0 interrupted iterations
load-k6-1  | fspiopQuotes   [  24% ] 40/40 VUs  1m18.0s/5m30.0s
load-k6-1  | 
load-k6-1  | 
load-k6-1  | running (1m19.0s), 40/40 VUs, 10895 complete and 0 interrupted iterations
load-k6-1  | fspiopQuotes   [  24% ] 40/40 VUs  1m19.0s/5m30.0s
load-k6-1  | 
load-k6-1  | 
load-k6-1  | running (1m20.0s), 40/40 VUs, 11048 complete and 0 interrupted iterations
load-k6-1  | fspiopQuotes   [  24% ] 40/40 VUs  1m20.0s/5m30.0s
load-k6-1  | 
load-k6-1  | 
load-k6-1  | running (1m21.0s), 40/40 VUs, 11192 complete and 0 interrupted iterations
load-k6-1  | fspiopQuotes   [  25% ] 40/40 VUs  1m21.0s/5m30.0s
load-k6-1  | 
load-k6-1  | 
load-k6-1  | running (1m22.0s), 40/40 VUs, 11350 complete and 0 interrupted iterations
load-k6-1  | fspiopQuotes   [  25% ] 40/40 VUs  1m22.0s/5m30.0s
load-k6-1  | 
load-k6-1  | 
load-k6-1  | running (1m23.0s), 40/40 VUs, 11487 complete and 0 interrupted iterations
load-k6-1  | fspiopQuotes   [  25% ] 40/40 VUs  1m23.0s/5m30.0s
load-k6-1  | 
load-k6-1  | 
load-k6-1  | running (1m24.0s), 40/40 VUs, 11641 complete and 0 interrupted iterations
load-k6-1  | fspiopQuotes   [  25% ] 40/40 VUs  1m24.0s/5m30.0s
load-k6-1  | 
load-k6-1  | 
load-k6-1  | running (1m25.0s), 40/40 VUs, 11791 complete and 0 interrupted iterations
load-k6-1  | fspiopQuotes   [  26% ] 40/40 VUs  1m25.0s/5m30.0s
load-k6-1  | 
load-k6-1  | 
load-k6-1  | running (1m26.0s), 40/40 VUs, 11930 complete and 0 interrupted iterations
load-k6-1  | fspiopQuotes   [  26% ] 40/40 VUs  1m26.0s/5m30.0s
load-k6-1  | 
load-k6-1  | 
load-k6-1  | running (1m27.0s), 40/40 VUs, 12083 complete and 0 interrupted iterations
load-k6-1  | fspiopQuotes   [  26% ] 40/40 VUs  1m27.0s/5m30.0s
load-k6-1  | 
load-k6-1  | 
load-k6-1  | running (1m28.0s), 40/40 VUs, 12222 complete and 0 interrupted iterations
load-k6-1  | fspiopQuotes   [  27% ] 40/40 VUs  1m28.0s/5m30.0s
load-k6-1  | 
load-k6-1  | 
load-k6-1  | running (1m29.0s), 40/40 VUs, 12373 complete and 0 interrupted iterations
load-k6-1  | fspiopQuotes   [  27% ] 40/40 VUs  1m29.0s/5m30.0s
load-k6-1  | 
load-k6-1  | 
load-k6-1  | running (1m30.0s), 40/40 VUs, 12503 complete and 0 interrupted iterations
load-k6-1  | fspiopQuotes   [  27% ] 40/40 VUs  1m30.0s/5m30.0s
load-k6-1  | 
load-k6-1  | 
load-k6-1  | running (1m31.0s), 40/40 VUs, 12649 complete and 0 interrupted iterations
load-k6-1  | fspiopQuotes   [  28% ] 40/40 VUs  1m31.0s/5m30.0s
load-k6-1  | 
load-k6-1  | 
load-k6-1  | running (1m32.0s), 40/40 VUs, 12788 complete and 0 interrupted iterations
load-k6-1  | fspiopQuotes   [  28% ] 40/40 VUs  1m32.0s/5m30.0s
load-k6-1  | 
load-k6-1  | 
load-k6-1  | running (1m33.0s), 40/40 VUs, 12937 complete and 0 interrupted iterations
load-k6-1  | fspiopQuotes   [  28% ] 40/40 VUs  1m33.0s/5m30.0s
load-k6-1  | 
load-k6-1  | 
load-k6-1  | running (1m34.0s), 40/40 VUs, 13066 complete and 0 interrupted iterations
load-k6-1  | fspiopQuotes   [  28% ] 40/40 VUs  1m34.0s/5m30.0s
load-k6-1  | 
load-k6-1  | 
load-k6-1  | running (1m35.0s), 40/40 VUs, 13213 complete and 0 interrupted iterations
load-k6-1  | fspiopQuotes   [  29% ] 40/40 VUs  1m35.0s/5m30.0s
load-k6-1  | 
load-k6-1  | 
load-k6-1  | running (1m36.0s), 40/40 VUs, 13354 complete and 0 interrupted iterations
load-k6-1  | fspiopQuotes   [  29% ] 40/40 VUs  1m36.0s/5m30.0s
load-k6-1  | 
load-k6-1  | 
load-k6-1  | running (1m37.0s), 40/40 VUs, 13499 complete and 0 interrupted iterations
load-k6-1  | fspiopQuotes   [  29% ] 40/40 VUs  1m37.0s/5m30.0s
load-k6-1  | 
load-k6-1  | 
load-k6-1  | running (1m38.0s), 40/40 VUs, 13657 complete and 0 interrupted iterations
load-k6-1  | fspiopQuotes   [  30% ] 40/40 VUs  1m38.0s/5m30.0s
load-k6-1  | 
load-k6-1  | 
load-k6-1  | running (1m39.0s), 40/40 VUs, 13797 complete and 0 interrupted iterations
load-k6-1  | fspiopQuotes   [  30% ] 40/40 VUs  1m39.0s/5m30.0s
load-k6-1  | 
load-k6-1  | 
load-k6-1  | running (1m40.0s), 40/40 VUs, 13946 complete and 0 interrupted iterations
load-k6-1  | fspiopQuotes   [  30% ] 40/40 VUs  1m40.0s/5m30.0s
load-k6-1  | 
load-k6-1  | 
load-k6-1  | running (1m41.0s), 40/40 VUs, 14085 complete and 0 interrupted iterations
load-k6-1  | fspiopQuotes   [  31% ] 40/40 VUs  1m41.0s/5m30.0s
load-k6-1  | 
load-k6-1  | 
load-k6-1  | running (1m42.0s), 40/40 VUs, 14228 complete and 0 interrupted iterations
load-k6-1  | fspiopQuotes   [  31% ] 40/40 VUs  1m42.0s/5m30.0s
load-k6-1  | 
load-k6-1  | 
load-k6-1  | running (1m43.0s), 40/40 VUs, 14384 complete and 0 interrupted iterations
load-k6-1  | fspiopQuotes   [  31% ] 40/40 VUs  1m43.0s/5m30.0s
load-k6-1  | 
load-k6-1  | 
load-k6-1  | running (1m44.0s), 40/40 VUs, 14530 complete and 0 interrupted iterations
load-k6-1  | fspiopQuotes   [  32% ] 40/40 VUs  1m44.0s/5m30.0s
load-k6-1  | 
load-k6-1  | 
load-k6-1  | running (1m45.0s), 40/40 VUs, 14672 complete and 0 interrupted iterations
load-k6-1  | fspiopQuotes   [  32% ] 40/40 VUs  1m45.0s/5m30.0s
load-k6-1  | 
load-k6-1  | 
load-k6-1  | running (1m46.0s), 40/40 VUs, 14825 complete and 0 interrupted iterations
load-k6-1  | fspiopQuotes   [  32% ] 40/40 VUs  1m46.0s/5m30.0s
load-k6-1  | 
load-k6-1  | 
load-k6-1  | running (1m47.0s), 40/40 VUs, 14983 complete and 0 interrupted iterations
load-k6-1  | fspiopQuotes   [  32% ] 40/40 VUs  1m47.0s/5m30.0s
load-k6-1  | 
load-k6-1  | 
load-k6-1  | running (1m48.0s), 40/40 VUs, 15133 complete and 0 interrupted iterations
load-k6-1  | fspiopQuotes   [  33% ] 40/40 VUs  1m48.0s/5m30.0s
load-k6-1  | 
load-k6-1  | 
load-k6-1  | running (1m49.0s), 40/40 VUs, 15274 complete and 0 interrupted iterations
load-k6-1  | fspiopQuotes   [  33% ] 40/40 VUs  1m49.0s/5m30.0s
load-k6-1  | 
load-k6-1  | 
load-k6-1  | running (1m50.0s), 40/40 VUs, 15417 complete and 0 interrupted iterations
load-k6-1  | fspiopQuotes   [  33% ] 40/40 VUs  1m50.0s/5m30.0s
load-k6-1  | 
load-k6-1  | 
load-k6-1  | running (1m51.0s), 40/40 VUs, 15567 complete and 0 interrupted iterations
load-k6-1  | fspiopQuotes   [  34% ] 40/40 VUs  1m51.0s/5m30.0s
load-k6-1  | 
load-k6-1  | 
load-k6-1  | running (1m52.0s), 40/40 VUs, 15720 complete and 0 interrupted iterations
load-k6-1  | fspiopQuotes   [  34% ] 40/40 VUs  1m52.0s/5m30.0s
load-k6-1  | 
load-k6-1  | 
load-k6-1  | running (1m53.0s), 40/40 VUs, 15870 complete and 0 interrupted iterations
load-k6-1  | fspiopQuotes   [  34% ] 40/40 VUs  1m53.0s/5m30.0s
load-k6-1  | 
load-k6-1  | 
load-k6-1  | running (1m54.0s), 40/40 VUs, 16018 complete and 0 interrupted iterations
load-k6-1  | fspiopQuotes   [  35% ] 40/40 VUs  1m54.0s/5m30.0s
load-k6-1  | 
load-k6-1  | 
load-k6-1  | running (1m55.0s), 40/40 VUs, 16174 complete and 0 interrupted iterations
load-k6-1  | fspiopQuotes   [  35% ] 40/40 VUs  1m55.0s/5m30.0s
load-k6-1  | 
load-k6-1  | 
load-k6-1  | running (1m56.0s), 40/40 VUs, 16331 complete and 0 interrupted iterations
load-k6-1  | fspiopQuotes   [  35% ] 40/40 VUs  1m56.0s/5m30.0s
load-k6-1  | 
load-k6-1  | 
load-k6-1  | running (1m57.0s), 40/40 VUs, 16473 complete and 0 interrupted iterations
load-k6-1  | fspiopQuotes   [  35% ] 40/40 VUs  1m57.0s/5m30.0s
load-k6-1  | 
load-k6-1  | 
load-k6-1  | running (1m58.0s), 40/40 VUs, 16630 complete and 0 interrupted iterations
load-k6-1  | fspiopQuotes   [  36% ] 40/40 VUs  1m58.0s/5m30.0s
load-k6-1  | 
load-k6-1  | 
load-k6-1  | running (1m59.0s), 40/40 VUs, 16779 complete and 0 interrupted iterations
load-k6-1  | fspiopQuotes   [  36% ] 40/40 VUs  1m59.0s/5m30.0s
load-k6-1  | 
load-k6-1  | 
load-k6-1  | running (2m00.0s), 40/40 VUs, 16925 complete and 0 interrupted iterations
load-k6-1  | fspiopQuotes   [  36% ] 40/40 VUs  2m00.0s/5m30.0s
load-k6-1  | 
load-k6-1  | 
load-k6-1  | running (2m01.0s), 40/40 VUs, 17066 complete and 0 interrupted iterations
load-k6-1  | fspiopQuotes   [  37% ] 40/40 VUs  2m01.0s/5m30.0s
load-k6-1  | 
load-k6-1  | 
load-k6-1  | running (2m02.0s), 40/40 VUs, 17217 complete and 0 interrupted iterations
load-k6-1  | fspiopQuotes   [  37% ] 40/40 VUs  2m02.0s/5m30.0s
load-k6-1  | 
load-k6-1  | 
load-k6-1  | running (2m03.0s), 40/40 VUs, 17366 complete and 0 interrupted iterations
load-k6-1  | fspiopQuotes   [  37% ] 40/40 VUs  2m03.0s/5m30.0s
load-k6-1  | 
load-k6-1  | 
load-k6-1  | running (2m04.0s), 40/40 VUs, 17504 complete and 0 interrupted iterations
load-k6-1  | fspiopQuotes   [  38% ] 40/40 VUs  2m04.0s/5m30.0s
load-k6-1  | 
load-k6-1  | 
load-k6-1  | running (2m05.0s), 40/40 VUs, 17660 complete and 0 interrupted iterations
load-k6-1  | fspiopQuotes   [  38% ] 40/40 VUs  2m05.0s/5m30.0s
load-k6-1  | 
load-k6-1  | 
load-k6-1  | running (2m06.0s), 40/40 VUs, 17801 complete and 0 interrupted iterations
load-k6-1  | fspiopQuotes   [  38% ] 40/40 VUs  2m06.0s/5m30.0s
load-k6-1  | 
load-k6-1  | 
load-k6-1  | running (2m07.0s), 40/40 VUs, 17948 complete and 0 interrupted iterations
load-k6-1  | fspiopQuotes   [  38% ] 40/40 VUs  2m07.0s/5m30.0s
load-k6-1  | 
load-k6-1  | 
load-k6-1  | running (2m08.0s), 40/40 VUs, 18099 complete and 0 interrupted iterations
load-k6-1  | fspiopQuotes   [  39% ] 40/40 VUs  2m08.0s/5m30.0s
load-k6-1  | 
load-k6-1  | 
load-k6-1  | running (2m09.0s), 40/40 VUs, 18240 complete and 0 interrupted iterations
load-k6-1  | fspiopQuotes   [  39% ] 40/40 VUs  2m09.0s/5m30.0s
load-k6-1  | 
load-k6-1  | 
load-k6-1  | running (2m10.0s), 40/40 VUs, 18393 complete and 0 interrupted iterations
load-k6-1  | fspiopQuotes   [  39% ] 40/40 VUs  2m10.0s/5m30.0s
load-k6-1  | 
load-k6-1  | 
load-k6-1  | running (2m11.0s), 40/40 VUs, 18533 complete and 0 interrupted iterations
load-k6-1  | fspiopQuotes   [  40% ] 40/40 VUs  2m11.0s/5m30.0s
load-k6-1  | 
load-k6-1  | 
load-k6-1  | running (2m12.0s), 40/40 VUs, 18678 complete and 0 interrupted iterations
load-k6-1  | fspiopQuotes   [  40% ] 40/40 VUs  2m12.0s/5m30.0s
load-k6-1  | 
load-k6-1  | 
load-k6-1  | running (2m13.0s), 40/40 VUs, 18829 complete and 0 interrupted iterations
load-k6-1  | fspiopQuotes   [  40% ] 40/40 VUs  2m13.0s/5m30.0s
load-k6-1  | 
load-k6-1  | 
load-k6-1  | running (2m14.0s), 40/40 VUs, 18977 complete and 0 interrupted iterations
load-k6-1  | fspiopQuotes   [  41% ] 40/40 VUs  2m14.0s/5m30.0s
load-k6-1  | 
load-k6-1  | 
load-k6-1  | running (2m15.0s), 40/40 VUs, 19128 complete and 0 interrupted iterations
load-k6-1  | fspiopQuotes   [  41% ] 40/40 VUs  2m15.0s/5m30.0s
load-k6-1  | 
load-k6-1  | 
load-k6-1  | running (2m16.0s), 40/40 VUs, 19272 complete and 0 interrupted iterations
load-k6-1  | fspiopQuotes   [  41% ] 40/40 VUs  2m16.0s/5m30.0s
load-k6-1  | 
load-k6-1  | 
load-k6-1  | running (2m17.0s), 40/40 VUs, 19416 complete and 0 interrupted iterations
load-k6-1  | fspiopQuotes   [  42% ] 40/40 VUs  2m17.0s/5m30.0s
load-k6-1  | 
load-k6-1  | 
load-k6-1  | running (2m18.0s), 40/40 VUs, 19560 complete and 0 interrupted iterations
load-k6-1  | fspiopQuotes   [  42% ] 40/40 VUs  2m18.0s/5m30.0s
load-k6-1  | 
load-k6-1  | 
load-k6-1  | running (2m19.0s), 40/40 VUs, 19705 complete and 0 interrupted iterations
load-k6-1  | fspiopQuotes   [  42% ] 40/40 VUs  2m19.0s/5m30.0s
load-k6-1  | 
load-k6-1  | 
load-k6-1  | running (2m20.0s), 40/40 VUs, 19852 complete and 0 interrupted iterations
load-k6-1  | fspiopQuotes   [  42% ] 40/40 VUs  2m20.0s/5m30.0s
load-k6-1  | 
load-k6-1  | 
load-k6-1  | running (2m21.0s), 40/40 VUs, 19991 complete and 0 interrupted iterations
load-k6-1  | fspiopQuotes   [  43% ] 40/40 VUs  2m21.0s/5m30.0s
load-k6-1  | 
load-k6-1  | 
load-k6-1  | running (2m22.0s), 40/40 VUs, 20142 complete and 0 interrupted iterations
load-k6-1  | fspiopQuotes   [  43% ] 40/40 VUs  2m22.0s/5m30.0s
load-k6-1  | 
load-k6-1  | 
load-k6-1  | running (2m23.0s), 40/40 VUs, 20280 complete and 0 interrupted iterations
load-k6-1  | fspiopQuotes   [  43% ] 40/40 VUs  2m23.0s/5m30.0s
load-k6-1  | 
load-k6-1  | 
load-k6-1  | running (2m24.0s), 40/40 VUs, 20420 complete and 0 interrupted iterations
load-k6-1  | fspiopQuotes   [  44% ] 40/40 VUs  2m24.0s/5m30.0s
load-k6-1  | 
load-k6-1  | 
load-k6-1  | running (2m25.0s), 40/40 VUs, 20577 complete and 0 interrupted iterations
load-k6-1  | fspiopQuotes   [  44% ] 40/40 VUs  2m25.0s/5m30.0s
load-k6-1  | 
load-k6-1  | 
load-k6-1  | running (2m26.0s), 40/40 VUs, 20737 complete and 0 interrupted iterations
load-k6-1  | fspiopQuotes   [  44% ] 40/40 VUs  2m26.0s/5m30.0s
load-k6-1  | 
load-k6-1  | 
load-k6-1  | running (2m27.0s), 40/40 VUs, 20887 complete and 0 interrupted iterations
load-k6-1  | fspiopQuotes   [  45% ] 40/40 VUs  2m27.0s/5m30.0s
load-k6-1  | 
load-k6-1  | 
load-k6-1  | running (2m28.0s), 40/40 VUs, 21041 complete and 0 interrupted iterations
load-k6-1  | fspiopQuotes   [  45% ] 40/40 VUs  2m28.0s/5m30.0s
load-k6-1  | 
load-k6-1  | 
load-k6-1  | running (2m29.0s), 40/40 VUs, 21190 complete and 0 interrupted iterations
load-k6-1  | fspiopQuotes   [  45% ] 40/40 VUs  2m29.0s/5m30.0s
load-k6-1  | 
load-k6-1  | 
load-k6-1  | running (2m30.0s), 40/40 VUs, 21340 complete and 0 interrupted iterations
load-k6-1  | fspiopQuotes   [  45% ] 40/40 VUs  2m30.0s/5m30.0s
load-k6-1  | 
load-k6-1  | 
load-k6-1  | running (2m31.0s), 40/40 VUs, 21502 complete and 0 interrupted iterations
load-k6-1  | fspiopQuotes   [  46% ] 40/40 VUs  2m31.0s/5m30.0s
load-k6-1  | 
load-k6-1  | 
load-k6-1  | running (2m32.0s), 40/40 VUs, 21634 complete and 0 interrupted iterations
load-k6-1  | fspiopQuotes   [  46% ] 40/40 VUs  2m32.0s/5m30.0s
load-k6-1  | 
load-k6-1  | 
load-k6-1  | running (2m33.0s), 40/40 VUs, 21790 complete and 0 interrupted iterations
load-k6-1  | fspiopQuotes   [  46% ] 40/40 VUs  2m33.0s/5m30.0s
load-k6-1  | 
load-k6-1  | 
load-k6-1  | running (2m34.0s), 40/40 VUs, 21946 complete and 0 interrupted iterations
load-k6-1  | fspiopQuotes   [  47% ] 40/40 VUs  2m34.0s/5m30.0s
load-k6-1  | 
load-k6-1  | 
load-k6-1  | running (2m35.0s), 40/40 VUs, 22090 complete and 0 interrupted iterations
load-k6-1  | fspiopQuotes   [  47% ] 40/40 VUs  2m35.0s/5m30.0s
load-k6-1  | 
load-k6-1  | 
load-k6-1  | running (2m36.0s), 40/40 VUs, 22241 complete and 0 interrupted iterations
load-k6-1  | fspiopQuotes   [  47% ] 40/40 VUs  2m36.0s/5m30.0s
load-k6-1  | 
load-k6-1  | 
load-k6-1  | running (2m37.0s), 40/40 VUs, 22387 complete and 0 interrupted iterations
load-k6-1  | fspiopQuotes   [  48% ] 40/40 VUs  2m37.0s/5m30.0s
load-k6-1  | 
load-k6-1  | 
load-k6-1  | running (2m38.0s), 40/40 VUs, 22541 complete and 0 interrupted iterations
load-k6-1  | fspiopQuotes   [  48% ] 40/40 VUs  2m38.0s/5m30.0s
load-k6-1  | 
load-k6-1  | 
load-k6-1  | running (2m39.0s), 40/40 VUs, 22698 complete and 0 interrupted iterations
load-k6-1  | fspiopQuotes   [  48% ] 40/40 VUs  2m39.0s/5m30.0s
load-k6-1  | 
load-k6-1  | 
load-k6-1  | running (2m40.0s), 40/40 VUs, 22846 complete and 0 interrupted iterations
load-k6-1  | fspiopQuotes   [  48% ] 40/40 VUs  2m40.0s/5m30.0s
load-k6-1  | 
load-k6-1  | 
load-k6-1  | running (2m41.0s), 40/40 VUs, 23004 complete and 0 interrupted iterations
load-k6-1  | fspiopQuotes   [  49% ] 40/40 VUs  2m41.0s/5m30.0s
load-k6-1  | 
load-k6-1  | 
load-k6-1  | running (2m42.0s), 40/40 VUs, 23154 complete and 0 interrupted iterations
load-k6-1  | fspiopQuotes   [  49% ] 40/40 VUs  2m42.0s/5m30.0s
load-k6-1  | 
load-k6-1  | 
load-k6-1  | running (2m43.0s), 40/40 VUs, 23293 complete and 0 interrupted iterations
load-k6-1  | fspiopQuotes   [  49% ] 40/40 VUs  2m43.0s/5m30.0s
load-k6-1  | 
load-k6-1  | 
load-k6-1  | running (2m44.0s), 40/40 VUs, 23446 complete and 0 interrupted iterations
load-k6-1  | fspiopQuotes   [  50% ] 40/40 VUs  2m44.0s/5m30.0s
load-k6-1  | 
load-k6-1  | 
load-k6-1  | running (2m45.0s), 40/40 VUs, 23591 complete and 0 interrupted iterations
load-k6-1  | fspiopQuotes   [  50% ] 40/40 VUs  2m45.0s/5m30.0s
load-k6-1  | 
load-k6-1  | 
load-k6-1  | running (2m46.0s), 40/40 VUs, 23737 complete and 0 interrupted iterations
load-k6-1  | fspiopQuotes   [  50% ] 40/40 VUs  2m46.0s/5m30.0s
load-k6-1  | 
load-k6-1  | 
load-k6-1  | running (2m47.0s), 40/40 VUs, 23885 complete and 0 interrupted iterations
load-k6-1  | fspiopQuotes   [  51% ] 40/40 VUs  2m47.0s/5m30.0s
load-k6-1  | 
load-k6-1  | 
load-k6-1  | running (2m48.0s), 40/40 VUs, 24034 complete and 0 interrupted iterations
load-k6-1  | fspiopQuotes   [  51% ] 40/40 VUs  2m48.0s/5m30.0s
load-k6-1  | 
load-k6-1  | 
load-k6-1  | running (2m49.0s), 40/40 VUs, 24180 complete and 0 interrupted iterations
load-k6-1  | fspiopQuotes   [  51% ] 40/40 VUs  2m49.0s/5m30.0s
load-k6-1  | 
load-k6-1  | 
load-k6-1  | running (2m50.0s), 40/40 VUs, 24318 complete and 0 interrupted iterations
load-k6-1  | fspiopQuotes   [  52% ] 40/40 VUs  2m50.0s/5m30.0s
load-k6-1  | 
load-k6-1  | 
load-k6-1  | running (2m51.0s), 40/40 VUs, 24470 complete and 0 interrupted iterations
load-k6-1  | fspiopQuotes   [  52% ] 40/40 VUs  2m51.0s/5m30.0s
load-k6-1  | 
load-k6-1  | 
load-k6-1  | running (2m52.0s), 40/40 VUs, 24618 complete and 0 interrupted iterations
load-k6-1  | fspiopQuotes   [  52% ] 40/40 VUs  2m52.0s/5m30.0s
load-k6-1  | 
load-k6-1  | 
load-k6-1  | running (2m53.0s), 40/40 VUs, 24760 complete and 0 interrupted iterations
load-k6-1  | fspiopQuotes   [  52% ] 40/40 VUs  2m53.0s/5m30.0s
load-k6-1  | 
load-k6-1  | 
load-k6-1  | running (2m54.0s), 40/40 VUs, 24910 complete and 0 interrupted iterations
load-k6-1  | fspiopQuotes   [  53% ] 40/40 VUs  2m54.0s/5m30.0s
load-k6-1  | 
load-k6-1  | 
load-k6-1  | running (2m55.0s), 40/40 VUs, 25045 complete and 0 interrupted iterations
load-k6-1  | fspiopQuotes   [  53% ] 40/40 VUs  2m55.0s/5m30.0s
load-k6-1  | 
load-k6-1  | 
load-k6-1  | running (2m56.0s), 40/40 VUs, 25205 complete and 0 interrupted iterations
load-k6-1  | fspiopQuotes   [  53% ] 40/40 VUs  2m56.0s/5m30.0s
load-k6-1  | 
load-k6-1  | 
load-k6-1  | running (2m57.0s), 40/40 VUs, 25361 complete and 0 interrupted iterations
load-k6-1  | fspiopQuotes   [  54% ] 40/40 VUs  2m57.0s/5m30.0s
load-k6-1  | 
load-k6-1  | 
load-k6-1  | running (2m58.0s), 40/40 VUs, 25493 complete and 0 interrupted iterations
load-k6-1  | fspiopQuotes   [  54% ] 40/40 VUs  2m58.0s/5m30.0s
load-k6-1  | 
load-k6-1  | 
load-k6-1  | running (2m59.0s), 40/40 VUs, 25635 complete and 0 interrupted iterations
load-k6-1  | fspiopQuotes   [  54% ] 40/40 VUs  2m59.0s/5m30.0s
load-k6-1  | 
load-k6-1  | 
load-k6-1  | running (3m00.0s), 40/40 VUs, 25776 complete and 0 interrupted iterations
load-k6-1  | fspiopQuotes   [  55% ] 40/40 VUs  3m00.0s/5m30.0s
load-k6-1  | 
load-k6-1  | 
load-k6-1  | running (3m01.0s), 40/40 VUs, 25925 complete and 0 interrupted iterations
load-k6-1  | fspiopQuotes   [  55% ] 40/40 VUs  3m01.0s/5m30.0s
load-k6-1  | 
load-k6-1  | 
load-k6-1  | running (3m02.0s), 40/40 VUs, 26055 complete and 0 interrupted iterations
load-k6-1  | fspiopQuotes   [  55% ] 40/40 VUs  3m02.0s/5m30.0s
load-k6-1  | 
load-k6-1  | 
load-k6-1  | running (3m03.0s), 40/40 VUs, 26208 complete and 0 interrupted iterations
load-k6-1  | fspiopQuotes   [  55% ] 40/40 VUs  3m03.0s/5m30.0s
load-k6-1  | 
load-k6-1  | 
load-k6-1  | running (3m04.0s), 40/40 VUs, 26340 complete and 0 interrupted iterations
load-k6-1  | fspiopQuotes   [  56% ] 40/40 VUs  3m04.0s/5m30.0s
load-k6-1  | 
load-k6-1  | 
load-k6-1  | running (3m05.0s), 40/40 VUs, 26494 complete and 0 interrupted iterations
load-k6-1  | fspiopQuotes   [  56% ] 40/40 VUs  3m05.0s/5m30.0s
load-k6-1  | 
load-k6-1  | 
load-k6-1  | running (3m06.0s), 40/40 VUs, 26624 complete and 0 interrupted iterations
load-k6-1  | fspiopQuotes   [  56% ] 40/40 VUs  3m06.0s/5m30.0s
load-k6-1  | 
load-k6-1  | 
load-k6-1  | running (3m07.0s), 40/40 VUs, 26775 complete and 0 interrupted iterations
load-k6-1  | fspiopQuotes   [  57% ] 40/40 VUs  3m07.0s/5m30.0s
load-k6-1  | 
load-k6-1  | 
load-k6-1  | running (3m08.0s), 40/40 VUs, 26923 complete and 0 interrupted iterations
load-k6-1  | fspiopQuotes   [  57% ] 40/40 VUs  3m08.0s/5m30.0s
load-k6-1  | 
load-k6-1  | 
load-k6-1  | running (3m09.0s), 40/40 VUs, 27074 complete and 0 interrupted iterations
load-k6-1  | fspiopQuotes   [  57% ] 40/40 VUs  3m09.0s/5m30.0s
load-k6-1  | 
load-k6-1  | 
load-k6-1  | running (3m10.0s), 40/40 VUs, 27243 complete and 0 interrupted iterations
load-k6-1  | fspiopQuotes   [  58% ] 40/40 VUs  3m10.0s/5m30.0s
load-k6-1  | 
load-k6-1  | 
load-k6-1  | running (3m11.0s), 40/40 VUs, 27388 complete and 0 interrupted iterations
load-k6-1  | fspiopQuotes   [  58% ] 40/40 VUs  3m11.0s/5m30.0s
load-k6-1  | 
load-k6-1  | 
load-k6-1  | running (3m12.0s), 40/40 VUs, 27538 complete and 0 interrupted iterations
load-k6-1  | fspiopQuotes   [  58% ] 40/40 VUs  3m12.0s/5m30.0s
load-k6-1  | 
load-k6-1  | 
load-k6-1  | running (3m13.0s), 40/40 VUs, 27695 complete and 0 interrupted iterations
load-k6-1  | fspiopQuotes   [  58% ] 40/40 VUs  3m13.0s/5m30.0s
load-k6-1  | 
load-k6-1  | 
load-k6-1  | running (3m14.0s), 40/40 VUs, 27840 complete and 0 interrupted iterations
load-k6-1  | fspiopQuotes   [  59% ] 40/40 VUs  3m14.0s/5m30.0s
load-k6-1  | 
load-k6-1  | 
load-k6-1  | running (3m15.0s), 40/40 VUs, 27974 complete and 0 interrupted iterations
load-k6-1  | fspiopQuotes   [  59% ] 40/40 VUs  3m15.0s/5m30.0s
load-k6-1  | 
load-k6-1  | 
load-k6-1  | running (3m16.0s), 40/40 VUs, 28126 complete and 0 interrupted iterations
load-k6-1  | fspiopQuotes   [  59% ] 40/40 VUs  3m16.0s/5m30.0s
load-k6-1  | 
load-k6-1  | 
load-k6-1  | running (3m17.0s), 40/40 VUs, 28271 complete and 0 interrupted iterations
load-k6-1  | fspiopQuotes   [  60% ] 40/40 VUs  3m17.0s/5m30.0s
load-k6-1  | 
load-k6-1  | 
load-k6-1  | running (3m18.0s), 40/40 VUs, 28413 complete and 0 interrupted iterations
load-k6-1  | fspiopQuotes   [  60% ] 40/40 VUs  3m18.0s/5m30.0s
load-k6-1  | 
load-k6-1  | 
load-k6-1  | running (3m19.0s), 40/40 VUs, 28562 complete and 0 interrupted iterations
load-k6-1  | fspiopQuotes   [  60% ] 40/40 VUs  3m19.0s/5m30.0s
load-k6-1  | 
load-k6-1  | 
load-k6-1  | running (3m20.0s), 40/40 VUs, 28701 complete and 0 interrupted iterations
load-k6-1  | fspiopQuotes   [  61% ] 40/40 VUs  3m20.0s/5m30.0s
load-k6-1  | 
load-k6-1  | 
load-k6-1  | running (3m21.0s), 40/40 VUs, 28853 complete and 0 interrupted iterations
load-k6-1  | fspiopQuotes   [  61% ] 40/40 VUs  3m21.0s/5m30.0s
load-k6-1  | 
load-k6-1  | 
load-k6-1  | running (3m22.0s), 40/40 VUs, 28984 complete and 0 interrupted iterations
load-k6-1  | fspiopQuotes   [  61% ] 40/40 VUs  3m22.0s/5m30.0s
load-k6-1  | 
load-k6-1  | 
load-k6-1  | running (3m23.0s), 40/40 VUs, 29138 complete and 0 interrupted iterations
load-k6-1  | fspiopQuotes   [  62% ] 40/40 VUs  3m23.0s/5m30.0s
load-k6-1  | 
load-k6-1  | 
load-k6-1  | running (3m24.0s), 40/40 VUs, 29267 complete and 0 interrupted iterations
load-k6-1  | fspiopQuotes   [  62% ] 40/40 VUs  3m24.0s/5m30.0s
load-k6-1  | 
load-k6-1  | 
load-k6-1  | running (3m25.0s), 40/40 VUs, 29423 complete and 0 interrupted iterations
load-k6-1  | fspiopQuotes   [  62% ] 40/40 VUs  3m25.0s/5m30.0s
load-k6-1  | 
load-k6-1  | 
load-k6-1  | running (3m26.0s), 40/40 VUs, 29561 complete and 0 interrupted iterations
load-k6-1  | fspiopQuotes   [  62% ] 40/40 VUs  3m26.0s/5m30.0s
load-k6-1  | 
load-k6-1  | 
load-k6-1  | running (3m27.0s), 40/40 VUs, 29707 complete and 0 interrupted iterations
load-k6-1  | fspiopQuotes   [  63% ] 40/40 VUs  3m27.0s/5m30.0s
load-k6-1  | 
load-k6-1  | 
load-k6-1  | running (3m28.0s), 40/40 VUs, 29855 complete and 0 interrupted iterations
load-k6-1  | fspiopQuotes   [  63% ] 40/40 VUs  3m28.0s/5m30.0s
load-k6-1  | 
load-k6-1  | 
load-k6-1  | running (3m29.0s), 40/40 VUs, 29988 complete and 0 interrupted iterations
load-k6-1  | fspiopQuotes   [  63% ] 40/40 VUs  3m29.0s/5m30.0s
load-k6-1  | 
load-k6-1  | 
load-k6-1  | running (3m30.0s), 40/40 VUs, 30137 complete and 0 interrupted iterations
load-k6-1  | fspiopQuotes   [  64% ] 40/40 VUs  3m30.0s/5m30.0s
load-k6-1  | 
load-k6-1  | 
load-k6-1  | running (3m31.0s), 40/40 VUs, 30268 complete and 0 interrupted iterations
load-k6-1  | fspiopQuotes   [  64% ] 40/40 VUs  3m31.0s/5m30.0s
load-k6-1  | 
load-k6-1  | 
load-k6-1  | running (3m32.0s), 40/40 VUs, 30417 complete and 0 interrupted iterations
load-k6-1  | fspiopQuotes   [  64% ] 40/40 VUs  3m32.0s/5m30.0s
load-k6-1  | 
load-k6-1  | 
load-k6-1  | running (3m33.0s), 40/40 VUs, 30548 complete and 0 interrupted iterations
load-k6-1  | fspiopQuotes   [  65% ] 40/40 VUs  3m33.0s/5m30.0s
load-k6-1  | 
load-k6-1  | 
load-k6-1  | running (3m34.0s), 40/40 VUs, 30693 complete and 0 interrupted iterations
load-k6-1  | fspiopQuotes   [  65% ] 40/40 VUs  3m34.0s/5m30.0s
load-k6-1  | 
load-k6-1  | 
load-k6-1  | running (3m35.0s), 40/40 VUs, 30828 complete and 0 interrupted iterations
load-k6-1  | fspiopQuotes   [  65% ] 40/40 VUs  3m35.0s/5m30.0s
load-k6-1  | 
load-k6-1  | 
load-k6-1  | running (3m36.0s), 40/40 VUs, 30981 complete and 0 interrupted iterations
load-k6-1  | fspiopQuotes   [  65% ] 40/40 VUs  3m36.0s/5m30.0s
load-k6-1  | 
load-k6-1  | 
load-k6-1  | running (3m37.0s), 40/40 VUs, 31122 complete and 0 interrupted iterations
load-k6-1  | fspiopQuotes   [  66% ] 40/40 VUs  3m37.0s/5m30.0s
load-k6-1  | 
load-k6-1  | 
load-k6-1  | running (3m38.0s), 40/40 VUs, 31273 complete and 0 interrupted iterations
load-k6-1  | fspiopQuotes   [  66% ] 40/40 VUs  3m38.0s/5m30.0s
load-k6-1  | 
load-k6-1  | 
load-k6-1  | running (3m39.0s), 40/40 VUs, 31413 complete and 0 interrupted iterations
load-k6-1  | fspiopQuotes   [  66% ] 40/40 VUs  3m39.0s/5m30.0s
load-k6-1  | 
load-k6-1  | 
load-k6-1  | running (3m40.0s), 40/40 VUs, 31566 complete and 0 interrupted iterations
load-k6-1  | fspiopQuotes   [  67% ] 40/40 VUs  3m40.0s/5m30.0s
load-k6-1  | 
load-k6-1  | 
load-k6-1  | running (3m41.0s), 40/40 VUs, 31714 complete and 0 interrupted iterations
load-k6-1  | fspiopQuotes   [  67% ] 40/40 VUs  3m41.0s/5m30.0s
load-k6-1  | 
load-k6-1  | 
load-k6-1  | running (3m42.0s), 40/40 VUs, 31850 complete and 0 interrupted iterations
load-k6-1  | fspiopQuotes   [  67% ] 40/40 VUs  3m42.0s/5m30.0s
load-k6-1  | 
load-k6-1  | 
load-k6-1  | running (3m43.0s), 40/40 VUs, 32004 complete and 0 interrupted iterations
load-k6-1  | fspiopQuotes   [  68% ] 40/40 VUs  3m43.0s/5m30.0s
load-k6-1  | 
load-k6-1  | 
load-k6-1  | running (3m44.0s), 40/40 VUs, 32133 complete and 0 interrupted iterations
load-k6-1  | fspiopQuotes   [  68% ] 40/40 VUs  3m44.0s/5m30.0s
load-k6-1  | 
load-k6-1  | 
load-k6-1  | running (3m45.0s), 40/40 VUs, 32293 complete and 0 interrupted iterations
load-k6-1  | fspiopQuotes   [  68% ] 40/40 VUs  3m45.0s/5m30.0s
load-k6-1  | 
load-k6-1  | 
load-k6-1  | running (3m46.0s), 40/40 VUs, 32425 complete and 0 interrupted iterations
load-k6-1  | fspiopQuotes   [  68% ] 40/40 VUs  3m46.0s/5m30.0s
load-k6-1  | 
load-k6-1  | 
load-k6-1  | running (3m47.0s), 40/40 VUs, 32574 complete and 0 interrupted iterations
load-k6-1  | fspiopQuotes   [  69% ] 40/40 VUs  3m47.0s/5m30.0s
load-k6-1  | 
load-k6-1  | 
load-k6-1  | running (3m48.0s), 40/40 VUs, 32711 complete and 0 interrupted iterations
load-k6-1  | fspiopQuotes   [  69% ] 40/40 VUs  3m48.0s/5m30.0s
load-k6-1  | 
load-k6-1  | 
load-k6-1  | running (3m49.0s), 40/40 VUs, 32854 complete and 0 interrupted iterations
load-k6-1  | fspiopQuotes   [  69% ] 40/40 VUs  3m49.0s/5m30.0s
load-k6-1  | 
load-k6-1  | 
load-k6-1  | running (3m50.0s), 40/40 VUs, 32991 complete and 0 interrupted iterations
load-k6-1  | fspiopQuotes   [  70% ] 40/40 VUs  3m50.0s/5m30.0s
load-k6-1  | 
load-k6-1  | 
load-k6-1  | running (3m51.0s), 40/40 VUs, 33134 complete and 0 interrupted iterations
load-k6-1  | fspiopQuotes   [  70% ] 40/40 VUs  3m51.0s/5m30.0s
load-k6-1  | 
load-k6-1  | 
load-k6-1  | running (3m52.0s), 40/40 VUs, 33270 complete and 0 interrupted iterations
load-k6-1  | fspiopQuotes   [  70% ] 40/40 VUs  3m52.0s/5m30.0s
load-k6-1  | 
load-k6-1  | 
load-k6-1  | running (3m53.0s), 40/40 VUs, 33415 complete and 0 interrupted iterations
load-k6-1  | fspiopQuotes   [  71% ] 40/40 VUs  3m53.0s/5m30.0s
load-k6-1  | 
load-k6-1  | 
load-k6-1  | running (3m54.0s), 40/40 VUs, 33572 complete and 0 interrupted iterations
load-k6-1  | fspiopQuotes   [  71% ] 40/40 VUs  3m54.0s/5m30.0s
load-k6-1  | 
load-k6-1  | 
load-k6-1  | running (3m55.0s), 40/40 VUs, 33701 complete and 0 interrupted iterations
load-k6-1  | fspiopQuotes   [  71% ] 40/40 VUs  3m55.0s/5m30.0s
load-k6-1  | 
load-k6-1  | 
load-k6-1  | running (3m56.0s), 40/40 VUs, 33857 complete and 0 interrupted iterations
load-k6-1  | fspiopQuotes   [  72% ] 40/40 VUs  3m56.0s/5m30.0s
load-k6-1  | 
load-k6-1  | 
load-k6-1  | running (3m57.0s), 40/40 VUs, 33997 complete and 0 interrupted iterations
load-k6-1  | fspiopQuotes   [  72% ] 40/40 VUs  3m57.0s/5m30.0s
load-k6-1  | 
load-k6-1  | 
load-k6-1  | running (3m58.0s), 40/40 VUs, 34150 complete and 0 interrupted iterations
load-k6-1  | fspiopQuotes   [  72% ] 40/40 VUs  3m58.0s/5m30.0s
load-k6-1  | 
load-k6-1  | 
load-k6-1  | running (3m59.0s), 40/40 VUs, 34294 complete and 0 interrupted iterations
load-k6-1  | fspiopQuotes   [  72% ] 40/40 VUs  3m59.0s/5m30.0s
load-k6-1  | 
load-k6-1  | 
load-k6-1  | running (4m00.0s), 40/40 VUs, 34433 complete and 0 interrupted iterations
load-k6-1  | fspiopQuotes   [  73% ] 40/40 VUs  4m00.0s/5m30.0s
load-k6-1  | 
load-k6-1  | 
load-k6-1  | running (4m01.0s), 40/40 VUs, 34584 complete and 0 interrupted iterations
load-k6-1  | fspiopQuotes   [  73% ] 40/40 VUs  4m01.0s/5m30.0s
load-k6-1  | 
load-k6-1  | 
load-k6-1  | running (4m02.0s), 40/40 VUs, 34729 complete and 0 interrupted iterations
load-k6-1  | fspiopQuotes   [  73% ] 40/40 VUs  4m02.0s/5m30.0s
load-k6-1  | 
load-k6-1  | 
load-k6-1  | running (4m03.0s), 40/40 VUs, 34884 complete and 0 interrupted iterations
load-k6-1  | fspiopQuotes   [  74% ] 40/40 VUs  4m03.0s/5m30.0s
load-k6-1  | 
load-k6-1  | 
load-k6-1  | running (4m04.0s), 40/40 VUs, 35028 complete and 0 interrupted iterations
load-k6-1  | fspiopQuotes   [  74% ] 40/40 VUs  4m04.0s/5m30.0s
load-k6-1  | 
load-k6-1  | 
load-k6-1  | running (4m05.0s), 40/40 VUs, 35178 complete and 0 interrupted iterations
load-k6-1  | fspiopQuotes   [  74% ] 40/40 VUs  4m05.0s/5m30.0s
load-k6-1  | 
load-k6-1  | 
load-k6-1  | running (4m06.0s), 40/40 VUs, 35329 complete and 0 interrupted iterations
load-k6-1  | fspiopQuotes   [  75% ] 40/40 VUs  4m06.0s/5m30.0s
load-k6-1  | 
load-k6-1  | 
load-k6-1  | running (4m07.0s), 40/40 VUs, 35467 complete and 0 interrupted iterations
load-k6-1  | fspiopQuotes   [  75% ] 40/40 VUs  4m07.0s/5m30.0s
load-k6-1  | 
load-k6-1  | 
load-k6-1  | running (4m08.0s), 40/40 VUs, 35620 complete and 0 interrupted iterations
load-k6-1  | fspiopQuotes   [  75% ] 40/40 VUs  4m08.0s/5m30.0s
load-k6-1  | 
load-k6-1  | 
load-k6-1  | running (4m09.0s), 40/40 VUs, 35779 complete and 0 interrupted iterations
load-k6-1  | fspiopQuotes   [  75% ] 40/40 VUs  4m09.0s/5m30.0s
load-k6-1  | 
load-k6-1  | 
load-k6-1  | running (4m10.0s), 40/40 VUs, 35921 complete and 0 interrupted iterations
load-k6-1  | fspiopQuotes   [  76% ] 40/40 VUs  4m10.0s/5m30.0s
load-k6-1  | 
load-k6-1  | 
load-k6-1  | running (4m11.0s), 40/40 VUs, 36066 complete and 0 interrupted iterations
load-k6-1  | fspiopQuotes   [  76% ] 40/40 VUs  4m11.0s/5m30.0s
load-k6-1  | 
load-k6-1  | 
load-k6-1  | running (4m12.0s), 40/40 VUs, 36209 complete and 0 interrupted iterations
load-k6-1  | fspiopQuotes   [  76% ] 40/40 VUs  4m12.0s/5m30.0s
load-k6-1  | 
load-k6-1  | 
load-k6-1  | running (4m13.0s), 40/40 VUs, 36363 complete and 0 interrupted iterations
load-k6-1  | fspiopQuotes   [  77% ] 40/40 VUs  4m13.0s/5m30.0s
load-k6-1  | 
load-k6-1  | 
load-k6-1  | running (4m14.0s), 40/40 VUs, 36516 complete and 0 interrupted iterations
load-k6-1  | fspiopQuotes   [  77% ] 40/40 VUs  4m14.0s/5m30.0s
load-k6-1  | 
load-k6-1  | 
load-k6-1  | running (4m15.0s), 40/40 VUs, 36670 complete and 0 interrupted iterations
load-k6-1  | fspiopQuotes   [  77% ] 40/40 VUs  4m15.0s/5m30.0s
load-k6-1  | 
load-k6-1  | 
load-k6-1  | running (4m16.0s), 40/40 VUs, 36809 complete and 0 interrupted iterations
load-k6-1  | fspiopQuotes   [  78% ] 40/40 VUs  4m16.0s/5m30.0s
load-k6-1  | 
load-k6-1  | 
load-k6-1  | running (4m17.0s), 40/40 VUs, 36964 complete and 0 interrupted iterations
load-k6-1  | fspiopQuotes   [  78% ] 40/40 VUs  4m17.0s/5m30.0s
load-k6-1  | 
load-k6-1  | 
load-k6-1  | running (4m18.0s), 40/40 VUs, 37105 complete and 0 interrupted iterations
load-k6-1  | fspiopQuotes   [  78% ] 40/40 VUs  4m18.0s/5m30.0s
load-k6-1  | 
load-k6-1  | 
load-k6-1  | running (4m19.0s), 40/40 VUs, 37246 complete and 0 interrupted iterations
load-k6-1  | fspiopQuotes   [  78% ] 40/40 VUs  4m19.0s/5m30.0s
load-k6-1  | 
load-k6-1  | 
load-k6-1  | running (4m20.0s), 40/40 VUs, 37396 complete and 0 interrupted iterations
load-k6-1  | fspiopQuotes   [  79% ] 40/40 VUs  4m20.0s/5m30.0s
load-k6-1  | 
load-k6-1  | 
load-k6-1  | running (4m21.0s), 40/40 VUs, 37539 complete and 0 interrupted iterations
load-k6-1  | fspiopQuotes   [  79% ] 40/40 VUs  4m21.0s/5m30.0s
load-k6-1  | 
load-k6-1  | 
load-k6-1  | running (4m22.0s), 40/40 VUs, 37686 complete and 0 interrupted iterations
load-k6-1  | fspiopQuotes   [  79% ] 40/40 VUs  4m22.0s/5m30.0s
load-k6-1  | 
load-k6-1  | 
load-k6-1  | running (4m23.0s), 40/40 VUs, 37834 complete and 0 interrupted iterations
load-k6-1  | fspiopQuotes   [  80% ] 40/40 VUs  4m23.0s/5m30.0s
load-k6-1  | 
load-k6-1  | 
load-k6-1  | running (4m24.0s), 40/40 VUs, 37991 complete and 0 interrupted iterations
load-k6-1  | fspiopQuotes   [  80% ] 40/40 VUs  4m24.0s/5m30.0s
load-k6-1  | 
load-k6-1  | 
load-k6-1  | running (4m25.0s), 40/40 VUs, 38138 complete and 0 interrupted iterations
load-k6-1  | fspiopQuotes   [  80% ] 40/40 VUs  4m25.0s/5m30.0s
load-k6-1  | 
load-k6-1  | 
load-k6-1  | running (4m26.0s), 40/40 VUs, 38294 complete and 0 interrupted iterations
load-k6-1  | fspiopQuotes   [  81% ] 40/40 VUs  4m26.0s/5m30.0s
load-k6-1  | 
load-k6-1  | 
load-k6-1  | running (4m27.0s), 40/40 VUs, 38433 complete and 0 interrupted iterations
load-k6-1  | fspiopQuotes   [  81% ] 40/40 VUs  4m27.0s/5m30.0s
load-k6-1  | 
load-k6-1  | 
load-k6-1  | running (4m28.0s), 40/40 VUs, 38583 complete and 0 interrupted iterations
load-k6-1  | fspiopQuotes   [  81% ] 40/40 VUs  4m28.0s/5m30.0s
load-k6-1  | 
load-k6-1  | 
load-k6-1  | running (4m29.0s), 40/40 VUs, 38738 complete and 0 interrupted iterations
load-k6-1  | fspiopQuotes   [  82% ] 40/40 VUs  4m29.0s/5m30.0s
load-k6-1  | 
load-k6-1  | 
load-k6-1  | running (4m30.0s), 40/40 VUs, 38891 complete and 0 interrupted iterations
load-k6-1  | fspiopQuotes   [  82% ] 40/40 VUs  4m30.0s/5m30.0s
load-k6-1  | 
load-k6-1  | 
load-k6-1  | running (4m31.0s), 40/40 VUs, 39028 complete and 0 interrupted iterations
load-k6-1  | fspiopQuotes   [  82% ] 40/40 VUs  4m31.0s/5m30.0s
load-k6-1  | 
load-k6-1  | 
load-k6-1  | running (4m32.0s), 40/40 VUs, 39175 complete and 0 interrupted iterations
load-k6-1  | fspiopQuotes   [  82% ] 40/40 VUs  4m32.0s/5m30.0s
load-k6-1  | 
load-k6-1  | 
load-k6-1  | running (4m33.0s), 40/40 VUs, 39332 complete and 0 interrupted iterations
load-k6-1  | fspiopQuotes   [  83% ] 40/40 VUs  4m33.0s/5m30.0s
load-k6-1  | 
load-k6-1  | 
load-k6-1  | running (4m34.0s), 40/40 VUs, 39488 complete and 0 interrupted iterations
load-k6-1  | fspiopQuotes   [  83% ] 40/40 VUs  4m34.0s/5m30.0s
load-k6-1  | 
load-k6-1  | 
load-k6-1  | running (4m35.0s), 40/40 VUs, 39631 complete and 0 interrupted iterations
load-k6-1  | fspiopQuotes   [  83% ] 40/40 VUs  4m35.0s/5m30.0s
load-k6-1  | 
load-k6-1  | 
load-k6-1  | running (4m36.0s), 40/40 VUs, 39783 complete and 0 interrupted iterations
load-k6-1  | fspiopQuotes   [  84% ] 40/40 VUs  4m36.0s/5m30.0s
load-k6-1  | 
load-k6-1  | 
load-k6-1  | running (4m37.0s), 40/40 VUs, 39933 complete and 0 interrupted iterations
load-k6-1  | fspiopQuotes   [  84% ] 40/40 VUs  4m37.0s/5m30.0s
load-k6-1  | 
load-k6-1  | 
load-k6-1  | running (4m38.0s), 40/40 VUs, 40088 complete and 0 interrupted iterations
load-k6-1  | fspiopQuotes   [  84% ] 40/40 VUs  4m38.0s/5m30.0s
load-k6-1  | 
load-k6-1  | 
load-k6-1  | running (4m39.0s), 40/40 VUs, 40244 complete and 0 interrupted iterations
load-k6-1  | fspiopQuotes   [  85% ] 40/40 VUs  4m39.0s/5m30.0s
load-k6-1  | 
load-k6-1  | 
load-k6-1  | running (4m40.0s), 40/40 VUs, 40390 complete and 0 interrupted iterations
load-k6-1  | fspiopQuotes   [  85% ] 40/40 VUs  4m40.0s/5m30.0s
load-k6-1  | 
load-k6-1  | 
load-k6-1  | running (4m41.0s), 40/40 VUs, 40548 complete and 0 interrupted iterations
load-k6-1  | fspiopQuotes   [  85% ] 40/40 VUs  4m41.0s/5m30.0s
load-k6-1  | 
load-k6-1  | 
load-k6-1  | running (4m42.0s), 40/40 VUs, 40687 complete and 0 interrupted iterations
load-k6-1  | fspiopQuotes   [  85% ] 40/40 VUs  4m42.0s/5m30.0s
load-k6-1  | 
load-k6-1  | 
load-k6-1  | running (4m43.0s), 40/40 VUs, 40840 complete and 0 interrupted iterations
load-k6-1  | fspiopQuotes   [  86% ] 40/40 VUs  4m43.0s/5m30.0s
load-k6-1  | 
load-k6-1  | 
load-k6-1  | running (4m44.0s), 40/40 VUs, 40979 complete and 0 interrupted iterations
load-k6-1  | fspiopQuotes   [  86% ] 40/40 VUs  4m44.0s/5m30.0s
load-k6-1  | 
load-k6-1  | 
load-k6-1  | running (4m45.0s), 40/40 VUs, 41130 complete and 0 interrupted iterations
load-k6-1  | fspiopQuotes   [  86% ] 40/40 VUs  4m45.0s/5m30.0s
load-k6-1  | 
load-k6-1  | 
load-k6-1  | running (4m46.0s), 40/40 VUs, 41295 complete and 0 interrupted iterations
load-k6-1  | fspiopQuotes   [  87% ] 40/40 VUs  4m46.0s/5m30.0s
load-k6-1  | 
load-k6-1  | 
load-k6-1  | running (4m47.0s), 40/40 VUs, 41440 complete and 0 interrupted iterations
load-k6-1  | fspiopQuotes   [  87% ] 40/40 VUs  4m47.0s/5m30.0s
load-k6-1  | 
load-k6-1  | 
load-k6-1  | running (4m48.0s), 40/40 VUs, 41590 complete and 0 interrupted iterations
load-k6-1  | fspiopQuotes   [  87% ] 40/40 VUs  4m48.0s/5m30.0s
load-k6-1  | 
load-k6-1  | 
load-k6-1  | running (4m49.0s), 40/40 VUs, 41742 complete and 0 interrupted iterations
load-k6-1  | fspiopQuotes   [  88% ] 40/40 VUs  4m49.0s/5m30.0s
load-k6-1  | 
load-k6-1  | 
load-k6-1  | running (4m50.0s), 40/40 VUs, 41892 complete and 0 interrupted iterations
load-k6-1  | fspiopQuotes   [  88% ] 40/40 VUs  4m50.0s/5m30.0s
load-k6-1  | 
load-k6-1  | 
load-k6-1  | running (4m51.0s), 40/40 VUs, 42048 complete and 0 interrupted iterations
load-k6-1  | fspiopQuotes   [  88% ] 40/40 VUs  4m51.0s/5m30.0s
load-k6-1  | 
load-k6-1  | 
load-k6-1  | running (4m52.0s), 40/40 VUs, 42192 complete and 0 interrupted iterations
load-k6-1  | fspiopQuotes   [  88% ] 40/40 VUs  4m52.0s/5m30.0s
load-k6-1  | 
load-k6-1  | 
load-k6-1  | running (4m53.0s), 40/40 VUs, 42347 complete and 0 interrupted iterations
load-k6-1  | fspiopQuotes   [  89% ] 40/40 VUs  4m53.0s/5m30.0s
load-k6-1  | 
load-k6-1  | 
load-k6-1  | running (4m54.0s), 40/40 VUs, 42503 complete and 0 interrupted iterations
load-k6-1  | fspiopQuotes   [  89% ] 40/40 VUs  4m54.0s/5m30.0s
load-k6-1  | 
load-k6-1  | 
load-k6-1  | running (4m55.0s), 40/40 VUs, 42657 complete and 0 interrupted iterations
load-k6-1  | fspiopQuotes   [  89% ] 40/40 VUs  4m55.0s/5m30.0s
load-k6-1  | 
load-k6-1  | 
load-k6-1  | running (4m56.0s), 40/40 VUs, 42802 complete and 0 interrupted iterations
load-k6-1  | fspiopQuotes   [  90% ] 40/40 VUs  4m56.0s/5m30.0s
load-k6-1  | 
load-k6-1  | 
load-k6-1  | running (4m57.0s), 40/40 VUs, 42950 complete and 0 interrupted iterations
load-k6-1  | fspiopQuotes   [  90% ] 40/40 VUs  4m57.0s/5m30.0s
load-k6-1  | 
load-k6-1  | 
load-k6-1  | running (4m58.0s), 40/40 VUs, 43105 complete and 0 interrupted iterations
load-k6-1  | fspiopQuotes   [  90% ] 40/40 VUs  4m58.0s/5m30.0s
load-k6-1  | 
load-k6-1  | 
load-k6-1  | running (4m59.0s), 40/40 VUs, 43256 complete and 0 interrupted iterations
load-k6-1  | fspiopQuotes   [  91% ] 40/40 VUs  4m59.0s/5m30.0s
load-k6-1  | 
load-k6-1  | 
load-k6-1  | running (5m00.0s), 40/40 VUs, 43403 complete and 0 interrupted iterations
load-k6-1  | fspiopQuotes   [  91% ] 40/40 VUs  5m00.0s/5m30.0s
load-k6-1  | 
load-k6-1  | 
load-k6-1  | running (5m01.0s), 40/40 VUs, 43552 complete and 0 interrupted iterations
load-k6-1  | fspiopQuotes   [  91% ] 40/40 VUs  5m01.0s/5m30.0s
load-k6-1  | 
load-k6-1  | 
load-k6-1  | running (5m02.0s), 40/40 VUs, 43699 complete and 0 interrupted iterations
load-k6-1  | fspiopQuotes   [  92% ] 40/40 VUs  5m02.0s/5m30.0s
load-k6-1  | 
load-k6-1  | 
load-k6-1  | running (5m03.0s), 40/40 VUs, 43852 complete and 0 interrupted iterations
load-k6-1  | fspiopQuotes   [  92% ] 40/40 VUs  5m03.0s/5m30.0s
load-k6-1  | 
load-k6-1  | 
load-k6-1  | running (5m04.0s), 40/40 VUs, 44003 complete and 0 interrupted iterations
load-k6-1  | fspiopQuotes   [  92% ] 40/40 VUs  5m04.0s/5m30.0s
load-k6-1  | 
load-k6-1  | 
load-k6-1  | running (5m05.0s), 40/40 VUs, 44165 complete and 0 interrupted iterations
load-k6-1  | fspiopQuotes   [  92% ] 40/40 VUs  5m05.0s/5m30.0s
load-k6-1  | 
load-k6-1  | 
load-k6-1  | running (5m06.0s), 40/40 VUs, 44323 complete and 0 interrupted iterations
load-k6-1  | fspiopQuotes   [  93% ] 40/40 VUs  5m06.0s/5m30.0s
load-k6-1  | 
load-k6-1  | 
load-k6-1  | running (5m07.0s), 40/40 VUs, 44479 complete and 0 interrupted iterations
load-k6-1  | fspiopQuotes   [  93% ] 40/40 VUs  5m07.0s/5m30.0s
load-k6-1  | 
load-k6-1  | 
load-k6-1  | running (5m08.0s), 40/40 VUs, 44637 complete and 0 interrupted iterations
load-k6-1  | fspiopQuotes   [  93% ] 40/40 VUs  5m08.0s/5m30.0s
load-k6-1  | 
load-k6-1  | 
load-k6-1  | running (5m09.0s), 40/40 VUs, 44783 complete and 0 interrupted iterations
load-k6-1  | fspiopQuotes   [  94% ] 40/40 VUs  5m09.0s/5m30.0s
load-k6-1  | 
load-k6-1  | 
load-k6-1  | running (5m10.0s), 40/40 VUs, 44939 complete and 0 interrupted iterations
load-k6-1  | fspiopQuotes   [  94% ] 40/40 VUs  5m10.0s/5m30.0s
load-k6-1  | 
load-k6-1  | 
load-k6-1  | running (5m11.0s), 40/40 VUs, 45071 complete and 0 interrupted iterations
load-k6-1  | fspiopQuotes   [  94% ] 40/40 VUs  5m11.0s/5m30.0s
load-k6-1  | 
load-k6-1  | 
load-k6-1  | running (5m12.0s), 40/40 VUs, 45225 complete and 0 interrupted iterations
load-k6-1  | fspiopQuotes   [  95% ] 40/40 VUs  5m12.0s/5m30.0s
load-k6-1  | 
load-k6-1  | 
load-k6-1  | running (5m13.0s), 40/40 VUs, 45378 complete and 0 interrupted iterations
load-k6-1  | fspiopQuotes   [  95% ] 40/40 VUs  5m13.0s/5m30.0s
load-k6-1  | 
load-k6-1  | 
load-k6-1  | running (5m14.0s), 40/40 VUs, 45533 complete and 0 interrupted iterations
load-k6-1  | fspiopQuotes   [  95% ] 40/40 VUs  5m14.0s/5m30.0s
load-k6-1  | 
load-k6-1  | 
load-k6-1  | running (5m15.0s), 40/40 VUs, 45690 complete and 0 interrupted iterations
load-k6-1  | fspiopQuotes   [  95% ] 40/40 VUs  5m15.0s/5m30.0s
load-k6-1  | 
load-k6-1  | 
load-k6-1  | running (5m16.0s), 40/40 VUs, 45827 complete and 0 interrupted iterations
load-k6-1  | fspiopQuotes   [  96% ] 40/40 VUs  5m16.0s/5m30.0s
load-k6-1  | 
load-k6-1  | 
load-k6-1  | running (5m17.0s), 40/40 VUs, 45991 complete and 0 interrupted iterations
load-k6-1  | fspiopQuotes   [  96% ] 40/40 VUs  5m17.0s/5m30.0s
load-k6-1  | 
load-k6-1  | 
load-k6-1  | running (5m18.0s), 40/40 VUs, 46146 complete and 0 interrupted iterations
load-k6-1  | fspiopQuotes   [  96% ] 40/40 VUs  5m18.0s/5m30.0s
load-k6-1  | 
load-k6-1  | 
load-k6-1  | running (5m19.0s), 40/40 VUs, 46293 complete and 0 interrupted iterations
load-k6-1  | fspiopQuotes   [  97% ] 40/40 VUs  5m19.0s/5m30.0s
load-k6-1  | 
load-k6-1  | 
load-k6-1  | running (5m20.0s), 40/40 VUs, 46441 complete and 0 interrupted iterations
load-k6-1  | fspiopQuotes   [  97% ] 40/40 VUs  5m20.0s/5m30.0s
load-k6-1  | 
load-k6-1  | 
load-k6-1  | running (5m21.0s), 40/40 VUs, 46589 complete and 0 interrupted iterations
load-k6-1  | fspiopQuotes   [  97% ] 40/40 VUs  5m21.0s/5m30.0s
load-k6-1  | 
load-k6-1  | 
load-k6-1  | running (5m22.0s), 40/40 VUs, 46755 complete and 0 interrupted iterations
load-k6-1  | fspiopQuotes   [  98% ] 40/40 VUs  5m22.0s/5m30.0s
load-k6-1  | 
load-k6-1  | 
load-k6-1  | running (5m23.0s), 40/40 VUs, 46899 complete and 0 interrupted iterations
load-k6-1  | fspiopQuotes   [  98% ] 40/40 VUs  5m23.0s/5m30.0s
load-k6-1  | 
load-k6-1  | 
load-k6-1  | running (5m24.0s), 40/40 VUs, 47047 complete and 0 interrupted iterations
load-k6-1  | fspiopQuotes   [  98% ] 40/40 VUs  5m24.0s/5m30.0s
load-k6-1  | 
load-k6-1  | 
load-k6-1  | running (5m25.0s), 40/40 VUs, 47189 complete and 0 interrupted iterations
load-k6-1  | fspiopQuotes   [  98% ] 40/40 VUs  5m25.0s/5m30.0s
load-k6-1  | 
load-k6-1  | 
load-k6-1  | running (5m26.0s), 40/40 VUs, 47332 complete and 0 interrupted iterations
load-k6-1  | fspiopQuotes   [  99% ] 40/40 VUs  5m26.0s/5m30.0s
load-k6-1  | 
load-k6-1  | 
load-k6-1  | running (5m27.0s), 40/40 VUs, 47489 complete and 0 interrupted iterations
load-k6-1  | fspiopQuotes   [  99% ] 40/40 VUs  5m27.0s/5m30.0s
load-k6-1  | 
load-k6-1  | 
load-k6-1  | running (5m28.0s), 40/40 VUs, 47617 complete and 0 interrupted iterations
load-k6-1  | fspiopQuotes   [  99% ] 40/40 VUs  5m28.0s/5m30.0s
load-k6-1  | 
load-k6-1  | 
load-k6-1  | running (5m29.0s), 40/40 VUs, 47772 complete and 0 interrupted iterations
load-k6-1  | fspiopQuotes   [ 100% ] 40/40 VUs  5m29.0s/5m30.0s
load-k6-1  | 
load-k6-1  | 
load-k6-1  | running (5m30.0s), 40/40 VUs, 47911 complete and 0 interrupted iterations
load-k6-1  | fspiopQuotes   [ 100% ] 40/40 VUs  5m30.0s/5m30.0s
load-k6-1  | 
load-k6-1  | 
load-k6-1  |      ✓ QUOTES_FSPIOP_POST_QUOTES_RESPONSE_IS_202
load-k6-1  |      ✓ QUOTES_E2E_FSPIOP_POST_QUOTES_SUCCESS
load-k6-1  | 
load-k6-1  |      █ Post Quotes
load-k6-1  | 
load-k6-1  |      checks.........................: 100.00% ✓ 95904      ✗ 0    
load-k6-1  |      data_received..................: 15 MB   46 kB/s
load-k6-1  |      data_sent......................: 58 MB   174 kB/s
load-k6-1  |      group_duration.................: avg=202.07µs min=127.39µs med=193.64µs max=14.9ms   p(90)=250.17µs p(95)=265.67µs
load-k6-1  |      http_req_blocked...............: avg=6.03µs   min=1.38µs   med=3.51µs   max=108.66ms p(90)=4.68µs   p(95)=5.1µs   
load-k6-1  |      http_req_connecting............: avg=2.34µs   min=0s       med=0s       max=108.61ms p(90)=0s       p(95)=0s      
load-k6-1  |    ✓ http_req_duration..............: avg=8.4ms    min=1.1ms    med=8.08ms   max=108.84ms p(90)=11.53ms  p(95)=12.71ms 
load-k6-1  |        { expected_response:true }...: avg=8.4ms    min=1.1ms    med=8.08ms   max=108.84ms p(90)=11.53ms  p(95)=12.71ms 
load-k6-1  |    ✓ http_req_failed................: 0.00%   ✓ 0          ✗ 47952
load-k6-1  |      http_req_receiving.............: avg=27.43µs  min=9.73µs   med=25.73µs  max=476.46µs p(90)=37.43µs  p(95)=41.89µs 
load-k6-1  |      http_req_sending...............: avg=19.12µs  min=8.46µs   med=18.59µs  max=1.73ms   p(90)=24.32µs  p(95)=25.98µs 
load-k6-1  |      http_req_tls_handshaking.......: avg=0s       min=0s       med=0s       max=0s       p(90)=0s       p(95)=0s      
load-k6-1  |      http_req_waiting...............: avg=8.35ms   min=1.07ms   med=8.04ms   max=108.77ms p(90)=11.48ms  p(95)=12.66ms 
load-k6-1  |      http_reqs......................: 47952   145.265844/s
load-k6-1  |    ✓ iteration_duration.............: avg=262.79ms min=15.56ms  med=267.11ms max=490ms    p(90)=297.32ms p(95)=316.66ms
load-k6-1  |      iterations.....................: 47952   145.265844/s
load-k6-1  |      vus............................: 40      min=2        max=40 
load-k6-1  |      vus_max........................: 40      min=40       max=40 
load-k6-1  |      ws_connecting..................: avg=481.48µs min=179.41µs med=346.66µs max=91.8ms   p(90)=794.02µs p(95)=1.08ms  
load-k6-1  |      ws_msgs_received...............: 47952   145.265844/s
load-k6-1  |      ws_msgs_sent...................: 47952   145.265844/s
load-k6-1  |      ws_session_duration............: avg=262.52ms min=15.28ms  med=266.83ms max=489.77ms p(90)=297.06ms p(95)=316.37ms
load-k6-1  |      ws_sessions....................: 47952   145.265844/s
load-k6-1  | 
load-k6-1  | 
load-k6-1  | running (5m30.1s), 00/40 VUs, 47952 complete and 0 interrupted iterations
load-k6-1  | fspiopQuotes ✓ [ 100% ] 00/40 VUs  5m30s
load-k6-1  | 
load-k6-1 exited with code 0
