Attaching to load-k6-1
load-k6-1  | 
load-k6-1  |           /\      |‾‾| /‾‾/   /‾‾/   
load-k6-1  |      /\  /  \     |  |/  /   /  /    
load-k6-1  |     /  \/    \    |     (   /   ‾‾\  
load-k6-1  |    /          \   |  |\  \ |  (‾)  | 
load-k6-1  |   / __________ \  |__| \__\ \_____/ .io
load-k6-1  | 
load-k6-1  | 
load-k6-1  |   execution: local
load-k6-1  |      script: /scripts/index.js
load-k6-1  |      output: Prometheus remote write (http://prometheus:9090/api/v1/write)
load-k6-1  | 
load-k6-1  |   scenarios: (100.00%) 1 scenario, 50 max VUs, 6m0s max duration (incl. graceful stop):
load-k6-1  |            * fspiopQuotes: Up to 50 looping VUs for 5m30s over 2 stages (gracefulRampDown: 30s, exec: fspiopQuotesScenarios, gracefulStop: 30s)
load-k6-1  | 
load-k6-1  | 
load-k6-1  | 
load-k6-1  | running (0m01.0s), 02/50 VUs, 0 complete and 0 interrupted iterations
load-k6-1  | fspiopQuotes   [   0% ] 02/50 VUs  0m01.0s/5m30.0s
load-k6-1  | 
load-k6-1  | 
load-k6-1  | running (0m02.0s), 04/50 VUs, 16 complete and 0 interrupted iterations
load-k6-1  | fspiopQuotes   [   1% ] 04/50 VUs  0m02.0s/5m30.0s
load-k6-1  | 
load-k6-1  | 
load-k6-1  | running (0m03.0s), 05/50 VUs, 129 complete and 0 interrupted iterations
load-k6-1  | fspiopQuotes   [   1% ] 05/50 VUs  0m03.0s/5m30.0s
load-k6-1  | 
load-k6-1  | 
load-k6-1  | running (0m04.0s), 07/50 VUs, 312 complete and 0 interrupted iterations
load-k6-1  | fspiopQuotes   [   1% ] 07/50 VUs  0m04.0s/5m30.0s
load-k6-1  | 
load-k6-1  | 
load-k6-1  | running (0m05.0s), 09/50 VUs, 522 complete and 0 interrupted iterations
load-k6-1  | fspiopQuotes   [   2% ] 09/50 VUs  0m05.0s/5m30.0s
load-k6-1  | 
load-k6-1  | 
load-k6-1  | running (0m06.0s), 10/50 VUs, 743 complete and 0 interrupted iterations
load-k6-1  | fspiopQuotes   [   2% ] 10/50 VUs  0m06.0s/5m30.0s
load-k6-1  | 
load-k6-1  | 
load-k6-1  | running (0m07.0s), 12/50 VUs, 1026 complete and 0 interrupted iterations
load-k6-1  | fspiopQuotes   [   2% ] 12/50 VUs  0m07.0s/5m30.0s
load-k6-1  | 
load-k6-1  | 
load-k6-1  | running (0m08.0s), 14/50 VUs, 1351 complete and 0 interrupted iterations
load-k6-1  | fspiopQuotes   [   2% ] 14/50 VUs  0m08.0s/5m30.0s
load-k6-1  | 
load-k6-1  | 
load-k6-1  | running (0m09.0s), 15/50 VUs, 1682 complete and 0 interrupted iterations
load-k6-1  | fspiopQuotes   [   3% ] 15/50 VUs  0m09.0s/5m30.0s
load-k6-1  | 
load-k6-1  | 
load-k6-1  | running (0m10.0s), 17/50 VUs, 2050 complete and 0 interrupted iterations
load-k6-1  | fspiopQuotes   [   3% ] 17/50 VUs  0m10.0s/5m30.0s
load-k6-1  | 
load-k6-1  | 
load-k6-1  | running (0m11.0s), 18/50 VUs, 2449 complete and 0 interrupted iterations
load-k6-1  | fspiopQuotes   [   3% ] 18/50 VUs  0m11.0s/5m30.0s
load-k6-1  | 
load-k6-1  | 
load-k6-1  | running (0m12.0s), 20/50 VUs, 2843 complete and 0 interrupted iterations
load-k6-1  | fspiopQuotes   [   4% ] 20/50 VUs  0m12.0s/5m30.0s
load-k6-1  | 
load-k6-1  | 
load-k6-1  | running (0m13.0s), 22/50 VUs, 3284 complete and 0 interrupted iterations
load-k6-1  | fspiopQuotes   [   4% ] 22/50 VUs  0m13.0s/5m30.0s
load-k6-1  | 
load-k6-1  | 
load-k6-1  | running (0m14.0s), 23/50 VUs, 3725 complete and 0 interrupted iterations
load-k6-1  | fspiopQuotes   [   4% ] 23/50 VUs  0m14.0s/5m30.0s
load-k6-1  | 
load-k6-1  | 
load-k6-1  | running (0m15.0s), 25/50 VUs, 4185 complete and 0 interrupted iterations
load-k6-1  | fspiopQuotes   [   5% ] 25/50 VUs  0m15.0s/5m30.0s
load-k6-1  | 
load-k6-1  | 
load-k6-1  | running (0m16.0s), 27/50 VUs, 4636 complete and 0 interrupted iterations
load-k6-1  | fspiopQuotes   [   5% ] 27/50 VUs  0m16.0s/5m30.0s
load-k6-1  | 
load-k6-1  | 
load-k6-1  | running (0m17.0s), 28/50 VUs, 5115 complete and 0 interrupted iterations
load-k6-1  | fspiopQuotes   [   5% ] 28/50 VUs  0m17.0s/5m30.0s
load-k6-1  | 
load-k6-1  | 
load-k6-1  | running (0m18.0s), 30/50 VUs, 5571 complete and 0 interrupted iterations
load-k6-1  | fspiopQuotes   [   5% ] 30/50 VUs  0m18.0s/5m30.0s
load-k6-1  | 
load-k6-1  | 
load-k6-1  | running (0m19.0s), 32/50 VUs, 6071 complete and 0 interrupted iterations
load-k6-1  | fspiopQuotes   [   6% ] 32/50 VUs  0m19.0s/5m30.0s
load-k6-1  | 
load-k6-1  | 
load-k6-1  | running (0m20.0s), 33/50 VUs, 6570 complete and 0 interrupted iterations
load-k6-1  | fspiopQuotes   [   6% ] 33/50 VUs  0m20.0s/5m30.0s
load-k6-1  | 
load-k6-1  | 
load-k6-1  | running (0m21.0s), 35/50 VUs, 7081 complete and 0 interrupted iterations
load-k6-1  | fspiopQuotes   [   6% ] 35/50 VUs  0m21.0s/5m30.0s
load-k6-1  | 
load-k6-1  | 
load-k6-1  | running (0m22.0s), 36/50 VUs, 7603 complete and 0 interrupted iterations
load-k6-1  | fspiopQuotes   [   7% ] 36/50 VUs  0m22.0s/5m30.0s
load-k6-1  | 
load-k6-1  | 
load-k6-1  | running (0m23.0s), 38/50 VUs, 8113 complete and 0 interrupted iterations
load-k6-1  | fspiopQuotes   [   7% ] 38/50 VUs  0m23.0s/5m30.0s
load-k6-1  | 
load-k6-1  | 
load-k6-1  | running (0m24.0s), 40/50 VUs, 8635 complete and 0 interrupted iterations
load-k6-1  | fspiopQuotes   [   7% ] 40/50 VUs  0m24.0s/5m30.0s
load-k6-1  | 
load-k6-1  | 
load-k6-1  | running (0m25.0s), 41/50 VUs, 9183 complete and 0 interrupted iterations
load-k6-1  | fspiopQuotes   [   8% ] 41/50 VUs  0m25.0s/5m30.0s
load-k6-1  | 
load-k6-1  | 
load-k6-1  | running (0m26.0s), 43/50 VUs, 9736 complete and 0 interrupted iterations
load-k6-1  | fspiopQuotes   [   8% ] 43/50 VUs  0m26.0s/5m30.0s
load-k6-1  | 
load-k6-1  | 
load-k6-1  | running (0m27.0s), 45/50 VUs, 10272 complete and 0 interrupted iterations
load-k6-1  | fspiopQuotes   [   8% ] 45/50 VUs  0m27.0s/5m30.0s
load-k6-1  | 
load-k6-1  | 
load-k6-1  | running (0m28.0s), 46/50 VUs, 10809 complete and 0 interrupted iterations
load-k6-1  | fspiopQuotes   [   8% ] 46/50 VUs  0m28.0s/5m30.0s
load-k6-1  | 
load-k6-1  | 
load-k6-1  | running (0m29.0s), 48/50 VUs, 11366 complete and 0 interrupted iterations
load-k6-1  | fspiopQuotes   [   9% ] 48/50 VUs  0m29.0s/5m30.0s
load-k6-1  | 
load-k6-1  | 
load-k6-1  | running (0m30.0s), 49/50 VUs, 11928 complete and 0 interrupted iterations
load-k6-1  | fspiopQuotes   [   9% ] 49/50 VUs  0m30.0s/5m30.0s
load-k6-1  | 
load-k6-1  | 
load-k6-1  | running (0m31.0s), 50/50 VUs, 12523 complete and 0 interrupted iterations
load-k6-1  | fspiopQuotes   [   9% ] 50/50 VUs  0m31.0s/5m30.0s
load-k6-1  | 
load-k6-1  | 
load-k6-1  | running (0m32.0s), 50/50 VUs, 13125 complete and 0 interrupted iterations
load-k6-1  | fspiopQuotes   [  10% ] 50/50 VUs  0m32.0s/5m30.0s
load-k6-1  | 
load-k6-1  | 
load-k6-1  | running (0m33.0s), 50/50 VUs, 13687 complete and 0 interrupted iterations
load-k6-1  | fspiopQuotes   [  10% ] 50/50 VUs  0m33.0s/5m30.0s
load-k6-1  | 
load-k6-1  | 
load-k6-1  | running (0m34.0s), 50/50 VUs, 14293 complete and 0 interrupted iterations
load-k6-1  | fspiopQuotes   [  10% ] 50/50 VUs  0m34.0s/5m30.0s
load-k6-1  | 
load-k6-1  | 
load-k6-1  | running (0m35.0s), 50/50 VUs, 14882 complete and 0 interrupted iterations
load-k6-1  | fspiopQuotes   [  11% ] 50/50 VUs  0m35.0s/5m30.0s
load-k6-1  | 
load-k6-1  | 
load-k6-1  | running (0m36.0s), 50/50 VUs, 15456 complete and 0 interrupted iterations
load-k6-1  | fspiopQuotes   [  11% ] 50/50 VUs  0m36.0s/5m30.0s
load-k6-1  | 
load-k6-1  | 
load-k6-1  | running (0m37.0s), 50/50 VUs, 16057 complete and 0 interrupted iterations
load-k6-1  | fspiopQuotes   [  11% ] 50/50 VUs  0m37.0s/5m30.0s
load-k6-1  | 
load-k6-1  | 
load-k6-1  | running (0m38.0s), 50/50 VUs, 16579 complete and 0 interrupted iterations
load-k6-1  | fspiopQuotes   [  12% ] 50/50 VUs  0m38.0s/5m30.0s
load-k6-1  | 
load-k6-1  | 
load-k6-1  | running (0m39.0s), 50/50 VUs, 17171 complete and 0 interrupted iterations
load-k6-1  | fspiopQuotes   [  12% ] 50/50 VUs  0m39.0s/5m30.0s
load-k6-1  | 
load-k6-1  | 
load-k6-1  | running (0m40.0s), 50/50 VUs, 17772 complete and 0 interrupted iterations
load-k6-1  | fspiopQuotes   [  12% ] 50/50 VUs  0m40.0s/5m30.0s
load-k6-1  | 
load-k6-1  | 
load-k6-1  | running (0m41.0s), 50/50 VUs, 18343 complete and 0 interrupted iterations
load-k6-1  | fspiopQuotes   [  12% ] 50/50 VUs  0m41.0s/5m30.0s
load-k6-1  | 
load-k6-1  | 
load-k6-1  | running (0m42.0s), 50/50 VUs, 18929 complete and 0 interrupted iterations
load-k6-1  | fspiopQuotes   [  13% ] 50/50 VUs  0m42.0s/5m30.0s
load-k6-1  | 
load-k6-1  | 
load-k6-1  | running (0m43.0s), 50/50 VUs, 19501 complete and 0 interrupted iterations
load-k6-1  | fspiopQuotes   [  13% ] 50/50 VUs  0m43.0s/5m30.0s
load-k6-1  | 
load-k6-1  | 
load-k6-1  | running (0m44.0s), 50/50 VUs, 20110 complete and 0 interrupted iterations
load-k6-1  | fspiopQuotes   [  13% ] 50/50 VUs  0m44.0s/5m30.0s
load-k6-1  | 
load-k6-1  | 
load-k6-1  | running (0m45.0s), 50/50 VUs, 20719 complete and 0 interrupted iterations
load-k6-1  | fspiopQuotes   [  14% ] 50/50 VUs  0m45.0s/5m30.0s
load-k6-1  | 
load-k6-1  | 
load-k6-1  | running (0m46.0s), 50/50 VUs, 21285 complete and 0 interrupted iterations
load-k6-1  | fspiopQuotes   [  14% ] 50/50 VUs  0m46.0s/5m30.0s
load-k6-1  | 
load-k6-1  | 
load-k6-1  | running (0m47.0s), 50/50 VUs, 21861 complete and 0 interrupted iterations
load-k6-1  | fspiopQuotes   [  14% ] 50/50 VUs  0m47.0s/5m30.0s
load-k6-1  | 
load-k6-1  | 
load-k6-1  | running (0m48.0s), 50/50 VUs, 22449 complete and 0 interrupted iterations
load-k6-1  | fspiopQuotes   [  15% ] 50/50 VUs  0m48.0s/5m30.0s
load-k6-1  | 
load-k6-1  | 
load-k6-1  | running (0m49.0s), 50/50 VUs, 23057 complete and 0 interrupted iterations
load-k6-1  | fspiopQuotes   [  15% ] 50/50 VUs  0m49.0s/5m30.0s
load-k6-1  | 
load-k6-1  | 
load-k6-1  | running (0m50.0s), 50/50 VUs, 23660 complete and 0 interrupted iterations
load-k6-1  | fspiopQuotes   [  15% ] 50/50 VUs  0m50.0s/5m30.0s
load-k6-1  | 
load-k6-1  | 
load-k6-1  | running (0m51.0s), 50/50 VUs, 24267 complete and 0 interrupted iterations
load-k6-1  | fspiopQuotes   [  15% ] 50/50 VUs  0m51.0s/5m30.0s
load-k6-1  | 
load-k6-1  | 
load-k6-1  | running (0m52.0s), 50/50 VUs, 24883 complete and 0 interrupted iterations
load-k6-1  | fspiopQuotes   [  16% ] 50/50 VUs  0m52.0s/5m30.0s
load-k6-1  | 
load-k6-1  | 
load-k6-1  | running (0m53.0s), 50/50 VUs, 25504 complete and 0 interrupted iterations
load-k6-1  | fspiopQuotes   [  16% ] 50/50 VUs  0m53.0s/5m30.0s
load-k6-1  | 
load-k6-1  | 
load-k6-1  | running (0m54.0s), 50/50 VUs, 26090 complete and 0 interrupted iterations
load-k6-1  | fspiopQuotes   [  16% ] 50/50 VUs  0m54.0s/5m30.0s
load-k6-1  | 
load-k6-1  | 
load-k6-1  | running (0m55.0s), 50/50 VUs, 26691 complete and 0 interrupted iterations
load-k6-1  | fspiopQuotes   [  17% ] 50/50 VUs  0m55.0s/5m30.0s
load-k6-1  | 
load-k6-1  | 
load-k6-1  | running (0m56.0s), 50/50 VUs, 27251 complete and 0 interrupted iterations
load-k6-1  | fspiopQuotes   [  17% ] 50/50 VUs  0m56.0s/5m30.0s
load-k6-1  | 
load-k6-1  | 
load-k6-1  | running (0m57.0s), 50/50 VUs, 27856 complete and 0 interrupted iterations
load-k6-1  | fspiopQuotes   [  17% ] 50/50 VUs  0m57.0s/5m30.0s
load-k6-1  | 
load-k6-1  | 
load-k6-1  | running (0m58.0s), 50/50 VUs, 28461 complete and 0 interrupted iterations
load-k6-1  | fspiopQuotes   [  18% ] 50/50 VUs  0m58.0s/5m30.0s
load-k6-1  | 
load-k6-1  | 
load-k6-1  | running (0m59.0s), 50/50 VUs, 29057 complete and 0 interrupted iterations
load-k6-1  | fspiopQuotes   [  18% ] 50/50 VUs  0m59.0s/5m30.0s
load-k6-1  | 
load-k6-1  | 
load-k6-1  | running (1m00.0s), 50/50 VUs, 29624 complete and 0 interrupted iterations
load-k6-1  | fspiopQuotes   [  18% ] 50/50 VUs  1m00.0s/5m30.0s
load-k6-1  | 
load-k6-1  | 
load-k6-1  | running (1m01.0s), 50/50 VUs, 30217 complete and 0 interrupted iterations
load-k6-1  | fspiopQuotes   [  18% ] 50/50 VUs  1m01.0s/5m30.0s
load-k6-1  | 
load-k6-1  | 
load-k6-1  | running (1m02.0s), 50/50 VUs, 30840 complete and 0 interrupted iterations
load-k6-1  | fspiopQuotes   [  19% ] 50/50 VUs  1m02.0s/5m30.0s
load-k6-1  | 
load-k6-1  | 
load-k6-1  | running (1m03.0s), 50/50 VUs, 31473 complete and 0 interrupted iterations
load-k6-1  | fspiopQuotes   [  19% ] 50/50 VUs  1m03.0s/5m30.0s
load-k6-1  | 
load-k6-1  | 
load-k6-1  | running (1m04.0s), 50/50 VUs, 32114 complete and 0 interrupted iterations
load-k6-1  | fspiopQuotes   [  19% ] 50/50 VUs  1m04.0s/5m30.0s
load-k6-1  | 
load-k6-1  | 
load-k6-1  | running (1m05.0s), 50/50 VUs, 32715 complete and 0 interrupted iterations
load-k6-1  | fspiopQuotes   [  20% ] 50/50 VUs  1m05.0s/5m30.0s
load-k6-1  | 
load-k6-1  | 
load-k6-1  | running (1m06.0s), 50/50 VUs, 33271 complete and 0 interrupted iterations
load-k6-1  | fspiopQuotes   [  20% ] 50/50 VUs  1m06.0s/5m30.0s
load-k6-1  | 
load-k6-1  | 
load-k6-1  | running (1m07.0s), 50/50 VUs, 33887 complete and 0 interrupted iterations
load-k6-1  | fspiopQuotes   [  20% ] 50/50 VUs  1m07.0s/5m30.0s
load-k6-1  | 
load-k6-1  | 
load-k6-1  | running (1m08.0s), 50/50 VUs, 34486 complete and 0 interrupted iterations
load-k6-1  | fspiopQuotes   [  21% ] 50/50 VUs  1m08.0s/5m30.0s
load-k6-1  | 
load-k6-1  | 
load-k6-1  | running (1m09.0s), 50/50 VUs, 35122 complete and 0 interrupted iterations
load-k6-1  | fspiopQuotes   [  21% ] 50/50 VUs  1m09.0s/5m30.0s
load-k6-1  | 
load-k6-1  | 
load-k6-1  | running (1m10.0s), 50/50 VUs, 35704 complete and 0 interrupted iterations
load-k6-1  | fspiopQuotes   [  21% ] 50/50 VUs  1m10.0s/5m30.0s
load-k6-1  | 
load-k6-1  | 
load-k6-1  | running (1m11.0s), 50/50 VUs, 36237 complete and 0 interrupted iterations
load-k6-1  | fspiopQuotes   [  22% ] 50/50 VUs  1m11.0s/5m30.0s
load-k6-1  | 
load-k6-1  | 
load-k6-1  | running (1m12.0s), 50/50 VUs, 36852 complete and 0 interrupted iterations
load-k6-1  | fspiopQuotes   [  22% ] 50/50 VUs  1m12.0s/5m30.0s
load-k6-1  | 
load-k6-1  | 
load-k6-1  | running (1m13.0s), 50/50 VUs, 37469 complete and 0 interrupted iterations
load-k6-1  | fspiopQuotes   [  22% ] 50/50 VUs  1m13.0s/5m30.0s
load-k6-1  | 
load-k6-1  | 
load-k6-1  | running (1m14.0s), 50/50 VUs, 38073 complete and 0 interrupted iterations
load-k6-1  | fspiopQuotes   [  22% ] 50/50 VUs  1m14.0s/5m30.0s
load-k6-1  | 
load-k6-1  | 
load-k6-1  | running (1m15.0s), 50/50 VUs, 38699 complete and 0 interrupted iterations
load-k6-1  | fspiopQuotes   [  23% ] 50/50 VUs  1m15.0s/5m30.0s
load-k6-1  | 
load-k6-1  | 
load-k6-1  | running (1m16.0s), 50/50 VUs, 39343 complete and 0 interrupted iterations
load-k6-1  | fspiopQuotes   [  23% ] 50/50 VUs  1m16.0s/5m30.0s
load-k6-1  | 
load-k6-1  | 
load-k6-1  | running (1m17.0s), 50/50 VUs, 39917 complete and 0 interrupted iterations
load-k6-1  | fspiopQuotes   [  23% ] 50/50 VUs  1m17.0s/5m30.0s
load-k6-1  | 
load-k6-1  | 
load-k6-1  | running (1m18.0s), 50/50 VUs, 40523 complete and 0 interrupted iterations
load-k6-1  | fspiopQuotes   [  24% ] 50/50 VUs  1m18.0s/5m30.0s
load-k6-1  | 
load-k6-1  | 
load-k6-1  | running (1m19.0s), 50/50 VUs, 41149 complete and 0 interrupted iterations
load-k6-1  | fspiopQuotes   [  24% ] 50/50 VUs  1m19.0s/5m30.0s
load-k6-1  | 
load-k6-1  | 
load-k6-1  | running (1m20.0s), 50/50 VUs, 41777 complete and 0 interrupted iterations
load-k6-1  | fspiopQuotes   [  24% ] 50/50 VUs  1m20.0s/5m30.0s
load-k6-1  | 
load-k6-1  | 
load-k6-1  | running (1m21.0s), 50/50 VUs, 42361 complete and 0 interrupted iterations
load-k6-1  | fspiopQuotes   [  25% ] 50/50 VUs  1m21.0s/5m30.0s
load-k6-1  | 
load-k6-1  | 
load-k6-1  | running (1m22.0s), 50/50 VUs, 42981 complete and 0 interrupted iterations
load-k6-1  | fspiopQuotes   [  25% ] 50/50 VUs  1m22.0s/5m30.0s
load-k6-1  | 
load-k6-1  | 
load-k6-1  | running (1m23.0s), 50/50 VUs, 43632 complete and 0 interrupted iterations
load-k6-1  | fspiopQuotes   [  25% ] 50/50 VUs  1m23.0s/5m30.0s
load-k6-1  | 
load-k6-1  | 
load-k6-1  | running (1m24.0s), 50/50 VUs, 44240 complete and 0 interrupted iterations
load-k6-1  | fspiopQuotes   [  25% ] 50/50 VUs  1m24.0s/5m30.0s
load-k6-1  | 
load-k6-1  | 
load-k6-1  | running (1m25.0s), 50/50 VUs, 44871 complete and 0 interrupted iterations
load-k6-1  | fspiopQuotes   [  26% ] 50/50 VUs  1m25.0s/5m30.0s
load-k6-1  | 
load-k6-1  | 
load-k6-1  | running (1m26.0s), 50/50 VUs, 45484 complete and 0 interrupted iterations
load-k6-1  | fspiopQuotes   [  26% ] 50/50 VUs  1m26.0s/5m30.0s
load-k6-1  | 
load-k6-1  | 
load-k6-1  | running (1m27.0s), 50/50 VUs, 46016 complete and 0 interrupted iterations
load-k6-1  | fspiopQuotes   [  26% ] 50/50 VUs  1m27.0s/5m30.0s
load-k6-1  | 
load-k6-1  | 
load-k6-1  | running (1m28.0s), 50/50 VUs, 46663 complete and 0 interrupted iterations
load-k6-1  | fspiopQuotes   [  27% ] 50/50 VUs  1m28.0s/5m30.0s
load-k6-1  | 
load-k6-1  | 
load-k6-1  | running (1m29.0s), 50/50 VUs, 47276 complete and 0 interrupted iterations
load-k6-1  | fspiopQuotes   [  27% ] 50/50 VUs  1m29.0s/5m30.0s
load-k6-1  | 
load-k6-1  | 
load-k6-1  | running (1m30.0s), 50/50 VUs, 47909 complete and 0 interrupted iterations
load-k6-1  | fspiopQuotes   [  27% ] 50/50 VUs  1m30.0s/5m30.0s
load-k6-1  | 
load-k6-1  | 
load-k6-1  | running (1m31.0s), 50/50 VUs, 48482 complete and 0 interrupted iterations
load-k6-1  | fspiopQuotes   [  28% ] 50/50 VUs  1m31.0s/5m30.0s
load-k6-1  | 
load-k6-1  | 
load-k6-1  | running (1m32.0s), 50/50 VUs, 49033 complete and 0 interrupted iterations
load-k6-1  | fspiopQuotes   [  28% ] 50/50 VUs  1m32.0s/5m30.0s
load-k6-1  | 
load-k6-1  | 
load-k6-1  | running (1m33.0s), 50/50 VUs, 49650 complete and 0 interrupted iterations
load-k6-1  | fspiopQuotes   [  28% ] 50/50 VUs  1m33.0s/5m30.0s
load-k6-1  | 
load-k6-1  | 
load-k6-1  | running (1m34.0s), 50/50 VUs, 50272 complete and 0 interrupted iterations
load-k6-1  | fspiopQuotes   [  28% ] 50/50 VUs  1m34.0s/5m30.0s
load-k6-1  | 
load-k6-1  | 
load-k6-1  | running (1m35.0s), 50/50 VUs, 50930 complete and 0 interrupted iterations
load-k6-1  | fspiopQuotes   [  29% ] 50/50 VUs  1m35.0s/5m30.0s
load-k6-1  | 
load-k6-1  | 
load-k6-1  | running (1m36.0s), 50/50 VUs, 51518 complete and 0 interrupted iterations
load-k6-1  | fspiopQuotes   [  29% ] 50/50 VUs  1m36.0s/5m30.0s
load-k6-1  | 
load-k6-1  | 
load-k6-1  | running (1m37.0s), 50/50 VUs, 52158 complete and 0 interrupted iterations
load-k6-1  | fspiopQuotes   [  29% ] 50/50 VUs  1m37.0s/5m30.0s
load-k6-1  | 
load-k6-1  | 
load-k6-1  | running (1m38.0s), 50/50 VUs, 52796 complete and 0 interrupted iterations
load-k6-1  | fspiopQuotes   [  30% ] 50/50 VUs  1m38.0s/5m30.0s
load-k6-1  | 
load-k6-1  | 
load-k6-1  | running (1m39.0s), 50/50 VUs, 53392 complete and 0 interrupted iterations
load-k6-1  | fspiopQuotes   [  30% ] 50/50 VUs  1m39.0s/5m30.0s
load-k6-1  | 
load-k6-1  | 
load-k6-1  | running (1m40.0s), 50/50 VUs, 54032 complete and 0 interrupted iterations
load-k6-1  | fspiopQuotes   [  30% ] 50/50 VUs  1m40.0s/5m30.0s
load-k6-1  | 
load-k6-1  | 
load-k6-1  | running (1m41.0s), 50/50 VUs, 54662 complete and 0 interrupted iterations
load-k6-1  | fspiopQuotes   [  31% ] 50/50 VUs  1m41.0s/5m30.0s
load-k6-1  | 
load-k6-1  | 
load-k6-1  | running (1m42.0s), 50/50 VUs, 55306 complete and 0 interrupted iterations
load-k6-1  | fspiopQuotes   [  31% ] 50/50 VUs  1m42.0s/5m30.0s
load-k6-1  | 
load-k6-1  | 
load-k6-1  | running (1m43.0s), 50/50 VUs, 55880 complete and 0 interrupted iterations
load-k6-1  | fspiopQuotes   [  31% ] 50/50 VUs  1m43.0s/5m30.0s
load-k6-1  | 
load-k6-1  | 
load-k6-1  | running (1m44.0s), 50/50 VUs, 56411 complete and 0 interrupted iterations
load-k6-1  | fspiopQuotes   [  32% ] 50/50 VUs  1m44.0s/5m30.0s
load-k6-1  | 
load-k6-1  | 
load-k6-1  | running (1m45.0s), 50/50 VUs, 57038 complete and 0 interrupted iterations
load-k6-1  | fspiopQuotes   [  32% ] 50/50 VUs  1m45.0s/5m30.0s
load-k6-1  | 
load-k6-1  | 
load-k6-1  | running (1m46.0s), 50/50 VUs, 57642 complete and 0 interrupted iterations
load-k6-1  | fspiopQuotes   [  32% ] 50/50 VUs  1m46.0s/5m30.0s
load-k6-1  | 
load-k6-1  | 
load-k6-1  | running (1m47.0s), 50/50 VUs, 58267 complete and 0 interrupted iterations
load-k6-1  | fspiopQuotes   [  32% ] 50/50 VUs  1m47.0s/5m30.0s
load-k6-1  | 
load-k6-1  | 
load-k6-1  | running (1m48.0s), 50/50 VUs, 58838 complete and 0 interrupted iterations
load-k6-1  | fspiopQuotes   [  33% ] 50/50 VUs  1m48.0s/5m30.0s
load-k6-1  | 
load-k6-1  | 
load-k6-1  | running (1m49.0s), 50/50 VUs, 59462 complete and 0 interrupted iterations
load-k6-1  | fspiopQuotes   [  33% ] 50/50 VUs  1m49.0s/5m30.0s
load-k6-1  | 
load-k6-1  | 
load-k6-1  | running (1m50.0s), 50/50 VUs, 60107 complete and 0 interrupted iterations
load-k6-1  | fspiopQuotes   [  33% ] 50/50 VUs  1m50.0s/5m30.0s
load-k6-1  | 
load-k6-1  | 
load-k6-1  | running (1m51.0s), 50/50 VUs, 60746 complete and 0 interrupted iterations
load-k6-1  | fspiopQuotes   [  34% ] 50/50 VUs  1m51.0s/5m30.0s
load-k6-1  | 
load-k6-1  | 
load-k6-1  | running (1m52.0s), 50/50 VUs, 61395 complete and 0 interrupted iterations
load-k6-1  | fspiopQuotes   [  34% ] 50/50 VUs  1m52.0s/5m30.0s
load-k6-1  | 
load-k6-1  | 
load-k6-1  | running (1m53.0s), 50/50 VUs, 61981 complete and 0 interrupted iterations
load-k6-1  | fspiopQuotes   [  34% ] 50/50 VUs  1m53.0s/5m30.0s
load-k6-1  | 
load-k6-1  | 
load-k6-1  | running (1m54.0s), 50/50 VUs, 62615 complete and 0 interrupted iterations
load-k6-1  | fspiopQuotes   [  35% ] 50/50 VUs  1m54.0s/5m30.0s
load-k6-1  | 
load-k6-1  | 
load-k6-1  | running (1m55.0s), 50/50 VUs, 63219 complete and 0 interrupted iterations
load-k6-1  | fspiopQuotes   [  35% ] 50/50 VUs  1m55.0s/5m30.0s
load-k6-1  | 
load-k6-1  | 
load-k6-1  | running (1m56.0s), 50/50 VUs, 63854 complete and 0 interrupted iterations
load-k6-1  | fspiopQuotes   [  35% ] 50/50 VUs  1m56.0s/5m30.0s
load-k6-1  | 
load-k6-1  | 
load-k6-1  | running (1m57.0s), 50/50 VUs, 64497 complete and 0 interrupted iterations
load-k6-1  | fspiopQuotes   [  35% ] 50/50 VUs  1m57.0s/5m30.0s
load-k6-1  | 
load-k6-1  | 
load-k6-1  | running (1m58.0s), 50/50 VUs, 65072 complete and 0 interrupted iterations
load-k6-1  | fspiopQuotes   [  36% ] 50/50 VUs  1m58.0s/5m30.0s
load-k6-1  | 
load-k6-1  | 
load-k6-1  | running (1m59.0s), 50/50 VUs, 65716 complete and 0 interrupted iterations
load-k6-1  | fspiopQuotes   [  36% ] 50/50 VUs  1m59.0s/5m30.0s
load-k6-1  | 
load-k6-1  | 
load-k6-1  | running (2m00.0s), 50/50 VUs, 66354 complete and 0 interrupted iterations
load-k6-1  | fspiopQuotes   [  36% ] 50/50 VUs  2m00.0s/5m30.0s
load-k6-1  | 
load-k6-1  | 
load-k6-1  | running (2m01.0s), 50/50 VUs, 66937 complete and 0 interrupted iterations
load-k6-1  | fspiopQuotes   [  37% ] 50/50 VUs  2m01.0s/5m30.0s
load-k6-1  | 
load-k6-1  | 
load-k6-1  | running (2m02.0s), 50/50 VUs, 67557 complete and 0 interrupted iterations
load-k6-1  | fspiopQuotes   [  37% ] 50/50 VUs  2m02.0s/5m30.0s
load-k6-1  | 
load-k6-1  | 
load-k6-1  | running (2m03.0s), 50/50 VUs, 68098 complete and 0 interrupted iterations
load-k6-1  | fspiopQuotes   [  37% ] 50/50 VUs  2m03.0s/5m30.0s
load-k6-1  | 
load-k6-1  | 
load-k6-1  | running (2m04.0s), 50/50 VUs, 68672 complete and 0 interrupted iterations
load-k6-1  | fspiopQuotes   [  38% ] 50/50 VUs  2m04.0s/5m30.0s
load-k6-1  | 
load-k6-1  | 
load-k6-1  | running (2m05.0s), 50/50 VUs, 69303 complete and 0 interrupted iterations
load-k6-1  | fspiopQuotes   [  38% ] 50/50 VUs  2m05.0s/5m30.0s
load-k6-1  | 
load-k6-1  | 
load-k6-1  | running (2m06.0s), 50/50 VUs, 69922 complete and 0 interrupted iterations
load-k6-1  | fspiopQuotes   [  38% ] 50/50 VUs  2m06.0s/5m30.0s
load-k6-1  | 
load-k6-1  | 
load-k6-1  | running (2m07.0s), 50/50 VUs, 70538 complete and 0 interrupted iterations
load-k6-1  | fspiopQuotes   [  38% ] 50/50 VUs  2m07.0s/5m30.0s
load-k6-1  | 
load-k6-1  | 
load-k6-1  | running (2m08.0s), 50/50 VUs, 71163 complete and 0 interrupted iterations
load-k6-1  | fspiopQuotes   [  39% ] 50/50 VUs  2m08.0s/5m30.0s
load-k6-1  | 
load-k6-1  | 
load-k6-1  | running (2m09.0s), 50/50 VUs, 71709 complete and 0 interrupted iterations
load-k6-1  | fspiopQuotes   [  39% ] 50/50 VUs  2m09.0s/5m30.0s
load-k6-1  | 
load-k6-1  | 
load-k6-1  | running (2m10.0s), 50/50 VUs, 72335 complete and 0 interrupted iterations
load-k6-1  | fspiopQuotes   [  39% ] 50/50 VUs  2m10.0s/5m30.0s
load-k6-1  | 
load-k6-1  | 
load-k6-1  | running (2m11.0s), 50/50 VUs, 72949 complete and 0 interrupted iterations
load-k6-1  | fspiopQuotes   [  40% ] 50/50 VUs  2m11.0s/5m30.0s
load-k6-1  | 
load-k6-1  | 
load-k6-1  | running (2m12.0s), 50/50 VUs, 73567 complete and 0 interrupted iterations
load-k6-1  | fspiopQuotes   [  40% ] 50/50 VUs  2m12.0s/5m30.0s
load-k6-1  | 
load-k6-1  | 
load-k6-1  | running (2m13.0s), 50/50 VUs, 74188 complete and 0 interrupted iterations
load-k6-1  | fspiopQuotes   [  40% ] 50/50 VUs  2m13.0s/5m30.0s
load-k6-1  | 
load-k6-1  | 
load-k6-1  | running (2m14.0s), 50/50 VUs, 74797 complete and 0 interrupted iterations
load-k6-1  | fspiopQuotes   [  41% ] 50/50 VUs  2m14.0s/5m30.0s
load-k6-1  | 
load-k6-1  | 
load-k6-1  | running (2m15.0s), 50/50 VUs, 75323 complete and 0 interrupted iterations
load-k6-1  | fspiopQuotes   [  41% ] 50/50 VUs  2m15.0s/5m30.0s
load-k6-1  | 
load-k6-1  | 
load-k6-1  | running (2m16.0s), 50/50 VUs, 75896 complete and 0 interrupted iterations
load-k6-1  | fspiopQuotes   [  41% ] 50/50 VUs  2m16.0s/5m30.0s
load-k6-1  | 
load-k6-1  | 
load-k6-1  | running (2m17.0s), 50/50 VUs, 76484 complete and 0 interrupted iterations
load-k6-1  | fspiopQuotes   [  42% ] 50/50 VUs  2m17.0s/5m30.0s
load-k6-1  | 
load-k6-1  | 
load-k6-1  | running (2m18.0s), 50/50 VUs, 77087 complete and 0 interrupted iterations
load-k6-1  | fspiopQuotes   [  42% ] 50/50 VUs  2m18.0s/5m30.0s
load-k6-1  | 
load-k6-1  | 
load-k6-1  | running (2m19.0s), 50/50 VUs, 77708 complete and 0 interrupted iterations
load-k6-1  | fspiopQuotes   [  42% ] 50/50 VUs  2m19.0s/5m30.0s
load-k6-1  | 
load-k6-1  | 
load-k6-1  | running (2m20.0s), 50/50 VUs, 78343 complete and 0 interrupted iterations
load-k6-1  | fspiopQuotes   [  42% ] 50/50 VUs  2m20.0s/5m30.0s
load-k6-1  | 
load-k6-1  | 
load-k6-1  | running (2m21.0s), 50/50 VUs, 78854 complete and 0 interrupted iterations
load-k6-1  | fspiopQuotes   [  43% ] 50/50 VUs  2m21.0s/5m30.0s
load-k6-1  | 
load-k6-1  | 
load-k6-1  | running (2m22.0s), 50/50 VUs, 79471 complete and 0 interrupted iterations
load-k6-1  | fspiopQuotes   [  43% ] 50/50 VUs  2m22.0s/5m30.0s
load-k6-1  | 
load-k6-1  | 
load-k6-1  | running (2m23.0s), 50/50 VUs, 80109 complete and 0 interrupted iterations
load-k6-1  | fspiopQuotes   [  43% ] 50/50 VUs  2m23.0s/5m30.0s
load-k6-1  | 
load-k6-1  | 
load-k6-1  | running (2m24.0s), 50/50 VUs, 80753 complete and 0 interrupted iterations
load-k6-1  | fspiopQuotes   [  44% ] 50/50 VUs  2m24.0s/5m30.0s
load-k6-1  | 
load-k6-1  | 
load-k6-1  | running (2m25.0s), 50/50 VUs, 81382 complete and 0 interrupted iterations
load-k6-1  | fspiopQuotes   [  44% ] 50/50 VUs  2m25.0s/5m30.0s
load-k6-1  | 
load-k6-1  | 
load-k6-1  | running (2m26.0s), 50/50 VUs, 81991 complete and 0 interrupted iterations
load-k6-1  | fspiopQuotes   [  44% ] 50/50 VUs  2m26.0s/5m30.0s
load-k6-1  | 
load-k6-1  | 
load-k6-1  | running (2m27.0s), 50/50 VUs, 82511 complete and 0 interrupted iterations
load-k6-1  | fspiopQuotes   [  45% ] 50/50 VUs  2m27.0s/5m30.0s
load-k6-1  | 
load-k6-1  | 
load-k6-1  | running (2m28.0s), 50/50 VUs, 83143 complete and 0 interrupted iterations
load-k6-1  | fspiopQuotes   [  45% ] 50/50 VUs  2m28.0s/5m30.0s
load-k6-1  | 
load-k6-1  | 
load-k6-1  | running (2m29.0s), 50/50 VUs, 83750 complete and 0 interrupted iterations
load-k6-1  | fspiopQuotes   [  45% ] 50/50 VUs  2m29.0s/5m30.0s
load-k6-1  | 
load-k6-1  | 
load-k6-1  | running (2m30.0s), 50/50 VUs, 84386 complete and 0 interrupted iterations
load-k6-1  | fspiopQuotes   [  45% ] 50/50 VUs  2m30.0s/5m30.0s
load-k6-1  | 
load-k6-1  | 
load-k6-1  | running (2m31.0s), 50/50 VUs, 84983 complete and 0 interrupted iterations
load-k6-1  | fspiopQuotes   [  46% ] 50/50 VUs  2m31.0s/5m30.0s
load-k6-1  | 
load-k6-1  | 
load-k6-1  | running (2m32.0s), 50/50 VUs, 85579 complete and 0 interrupted iterations
load-k6-1  | fspiopQuotes   [  46% ] 50/50 VUs  2m32.0s/5m30.0s
load-k6-1  | 
load-k6-1  | 
load-k6-1  | running (2m33.0s), 50/50 VUs, 86167 complete and 0 interrupted iterations
load-k6-1  | fspiopQuotes   [  46% ] 50/50 VUs  2m33.0s/5m30.0s
load-k6-1  | 
load-k6-1  | 
load-k6-1  | running (2m34.0s), 50/50 VUs, 86778 complete and 0 interrupted iterations
load-k6-1  | fspiopQuotes   [  47% ] 50/50 VUs  2m34.0s/5m30.0s
load-k6-1  | 
load-k6-1  | 
load-k6-1  | running (2m35.0s), 50/50 VUs, 87390 complete and 0 interrupted iterations
load-k6-1  | fspiopQuotes   [  47% ] 50/50 VUs  2m35.0s/5m30.0s
load-k6-1  | 
load-k6-1  | 
load-k6-1  | running (2m36.0s), 50/50 VUs, 87992 complete and 0 interrupted iterations
load-k6-1  | fspiopQuotes   [  47% ] 50/50 VUs  2m36.0s/5m30.0s
load-k6-1  | 
load-k6-1  | 
load-k6-1  | running (2m37.0s), 50/50 VUs, 88613 complete and 0 interrupted iterations
load-k6-1  | fspiopQuotes   [  48% ] 50/50 VUs  2m37.0s/5m30.0s
load-k6-1  | 
load-k6-1  | 
load-k6-1  | running (2m38.0s), 50/50 VUs, 89246 complete and 0 interrupted iterations
load-k6-1  | fspiopQuotes   [  48% ] 50/50 VUs  2m38.0s/5m30.0s
load-k6-1  | 
load-k6-1  | 
load-k6-1  | running (2m39.0s), 50/50 VUs, 89778 complete and 0 interrupted iterations
load-k6-1  | fspiopQuotes   [  48% ] 50/50 VUs  2m39.0s/5m30.0s
load-k6-1  | 
load-k6-1  | 
load-k6-1  | running (2m40.0s), 50/50 VUs, 90421 complete and 0 interrupted iterations
load-k6-1  | fspiopQuotes   [  48% ] 50/50 VUs  2m40.0s/5m30.0s
load-k6-1  | 
load-k6-1  | 
load-k6-1  | running (2m41.0s), 50/50 VUs, 90993 complete and 0 interrupted iterations
load-k6-1  | fspiopQuotes   [  49% ] 50/50 VUs  2m41.0s/5m30.0s
load-k6-1  | 
load-k6-1  | 
load-k6-1  | running (2m42.0s), 50/50 VUs, 91629 complete and 0 interrupted iterations
load-k6-1  | fspiopQuotes   [  49% ] 50/50 VUs  2m42.0s/5m30.0s
load-k6-1  | 
load-k6-1  | 
load-k6-1  | running (2m43.0s), 50/50 VUs, 92258 complete and 0 interrupted iterations
load-k6-1  | fspiopQuotes   [  49% ] 50/50 VUs  2m43.0s/5m30.0s
load-k6-1  | 
load-k6-1  | 
load-k6-1  | running (2m44.0s), 50/50 VUs, 92882 complete and 0 interrupted iterations
load-k6-1  | fspiopQuotes   [  50% ] 50/50 VUs  2m44.0s/5m30.0s
load-k6-1  | 
load-k6-1  | 
load-k6-1  | running (2m45.0s), 50/50 VUs, 93494 complete and 0 interrupted iterations
load-k6-1  | fspiopQuotes   [  50% ] 50/50 VUs  2m45.0s/5m30.0s
load-k6-1  | 
load-k6-1  | 
load-k6-1  | running (2m46.0s), 50/50 VUs, 94011 complete and 0 interrupted iterations
load-k6-1  | fspiopQuotes   [  50% ] 50/50 VUs  2m46.0s/5m30.0s
load-k6-1  | 
load-k6-1  | 
load-k6-1  | running (2m47.0s), 50/50 VUs, 94613 complete and 0 interrupted iterations
load-k6-1  | fspiopQuotes   [  51% ] 50/50 VUs  2m47.0s/5m30.0s
load-k6-1  | 
load-k6-1  | 
load-k6-1  | running (2m48.0s), 50/50 VUs, 95218 complete and 0 interrupted iterations
load-k6-1  | fspiopQuotes   [  51% ] 50/50 VUs  2m48.0s/5m30.0s
load-k6-1  | 
load-k6-1  | 
load-k6-1  | running (2m49.0s), 50/50 VUs, 95778 complete and 0 interrupted iterations
load-k6-1  | fspiopQuotes   [  51% ] 50/50 VUs  2m49.0s/5m30.0s
load-k6-1  | 
load-k6-1  | 
load-k6-1  | running (2m50.0s), 50/50 VUs, 96397 complete and 0 interrupted iterations
load-k6-1  | fspiopQuotes   [  52% ] 50/50 VUs  2m50.0s/5m30.0s
load-k6-1  | 
load-k6-1  | 
load-k6-1  | running (2m51.0s), 50/50 VUs, 97015 complete and 0 interrupted iterations
load-k6-1  | fspiopQuotes   [  52% ] 50/50 VUs  2m51.0s/5m30.0s
load-k6-1  | 
load-k6-1  | 
load-k6-1  | running (2m52.0s), 50/50 VUs, 97641 complete and 0 interrupted iterations
load-k6-1  | fspiopQuotes   [  52% ] 50/50 VUs  2m52.0s/5m30.0s
load-k6-1  | 
load-k6-1  | 
load-k6-1  | running (2m53.0s), 50/50 VUs, 98262 complete and 0 interrupted iterations
load-k6-1  | fspiopQuotes   [  52% ] 50/50 VUs  2m53.0s/5m30.0s
load-k6-1  | 
load-k6-1  | 
load-k6-1  | running (2m54.0s), 50/50 VUs, 98814 complete and 0 interrupted iterations
load-k6-1  | fspiopQuotes   [  53% ] 50/50 VUs  2m54.0s/5m30.0s
load-k6-1  | 
load-k6-1  | 
load-k6-1  | running (2m55.0s), 50/50 VUs, 99414 complete and 0 interrupted iterations
load-k6-1  | fspiopQuotes   [  53% ] 50/50 VUs  2m55.0s/5m30.0s
load-k6-1  | 
load-k6-1  | 
load-k6-1  | running (2m56.0s), 50/50 VUs, 100031 complete and 0 interrupted iterations
load-k6-1  | fspiopQuotes   [  53% ] 50/50 VUs  2m56.0s/5m30.0s
load-k6-1  | 
load-k6-1  | 
load-k6-1  | running (2m57.0s), 50/50 VUs, 100653 complete and 0 interrupted iterations
load-k6-1  | fspiopQuotes   [  54% ] 50/50 VUs  2m57.0s/5m30.0s
load-k6-1  | 
load-k6-1  | 
load-k6-1  | running (2m58.0s), 50/50 VUs, 101271 complete and 0 interrupted iterations
load-k6-1  | fspiopQuotes   [  54% ] 50/50 VUs  2m58.0s/5m30.0s
load-k6-1  | 
load-k6-1  | 
load-k6-1  | running (2m59.0s), 50/50 VUs, 101895 complete and 0 interrupted iterations
load-k6-1  | fspiopQuotes   [  54% ] 50/50 VUs  2m59.0s/5m30.0s
load-k6-1  | 
load-k6-1  | 
load-k6-1  | running (3m00.0s), 50/50 VUs, 102545 complete and 0 interrupted iterations
load-k6-1  | fspiopQuotes   [  55% ] 50/50 VUs  3m00.0s/5m30.0s
load-k6-1  | 
load-k6-1  | 
load-k6-1  | running (3m01.0s), 50/50 VUs, 103150 complete and 0 interrupted iterations
load-k6-1  | fspiopQuotes   [  55% ] 50/50 VUs  3m01.0s/5m30.0s
load-k6-1  | 
load-k6-1  | 
load-k6-1  | running (3m02.0s), 50/50 VUs, 103659 complete and 0 interrupted iterations
load-k6-1  | fspiopQuotes   [  55% ] 50/50 VUs  3m02.0s/5m30.0s
load-k6-1  | 
load-k6-1  | 
load-k6-1  | running (3m03.0s), 50/50 VUs, 104264 complete and 0 interrupted iterations
load-k6-1  | fspiopQuotes   [  55% ] 50/50 VUs  3m03.0s/5m30.0s
load-k6-1  | 
load-k6-1  | 
load-k6-1  | running (3m04.0s), 50/50 VUs, 104911 complete and 0 interrupted iterations
load-k6-1  | fspiopQuotes   [  56% ] 50/50 VUs  3m04.0s/5m30.0s
load-k6-1  | 
load-k6-1  | 
load-k6-1  | running (3m05.0s), 50/50 VUs, 105510 complete and 0 interrupted iterations
load-k6-1  | fspiopQuotes   [  56% ] 50/50 VUs  3m05.0s/5m30.0s
load-k6-1  | 
load-k6-1  | 
load-k6-1  | running (3m06.0s), 50/50 VUs, 106123 complete and 0 interrupted iterations
load-k6-1  | fspiopQuotes   [  56% ] 50/50 VUs  3m06.0s/5m30.0s
load-k6-1  | 
load-k6-1  | 
load-k6-1  | running (3m07.0s), 50/50 VUs, 106713 complete and 0 interrupted iterations
load-k6-1  | fspiopQuotes   [  57% ] 50/50 VUs  3m07.0s/5m30.0s
load-k6-1  | 
load-k6-1  | 
load-k6-1  | running (3m08.0s), 50/50 VUs, 107349 complete and 0 interrupted iterations
load-k6-1  | fspiopQuotes   [  57% ] 50/50 VUs  3m08.0s/5m30.0s
load-k6-1  | 
load-k6-1  | 
load-k6-1  | running (3m09.0s), 50/50 VUs, 107948 complete and 0 interrupted iterations
load-k6-1  | fspiopQuotes   [  57% ] 50/50 VUs  3m09.0s/5m30.0s
load-k6-1  | 
load-k6-1  | 
load-k6-1  | running (3m10.0s), 50/50 VUs, 108493 complete and 0 interrupted iterations
load-k6-1  | fspiopQuotes   [  58% ] 50/50 VUs  3m10.0s/5m30.0s
load-k6-1  | 
load-k6-1  | 
load-k6-1  | running (3m11.0s), 50/50 VUs, 109078 complete and 0 interrupted iterations
load-k6-1  | fspiopQuotes   [  58% ] 50/50 VUs  3m11.0s/5m30.0s
load-k6-1  | 
load-k6-1  | 
load-k6-1  | running (3m12.0s), 50/50 VUs, 109718 complete and 0 interrupted iterations
load-k6-1  | fspiopQuotes   [  58% ] 50/50 VUs  3m12.0s/5m30.0s
load-k6-1  | 
load-k6-1  | 
load-k6-1  | running (3m13.0s), 50/50 VUs, 110336 complete and 0 interrupted iterations
load-k6-1  | fspiopQuotes   [  58% ] 50/50 VUs  3m13.0s/5m30.0s
load-k6-1  | 
load-k6-1  | 
load-k6-1  | running (3m14.0s), 50/50 VUs, 110944 complete and 0 interrupted iterations
load-k6-1  | fspiopQuotes   [  59% ] 50/50 VUs  3m14.0s/5m30.0s
load-k6-1  | 
load-k6-1  | 
load-k6-1  | running (3m15.0s), 50/50 VUs, 111554 complete and 0 interrupted iterations
load-k6-1  | fspiopQuotes   [  59% ] 50/50 VUs  3m15.0s/5m30.0s
load-k6-1  | 
load-k6-1  | 
load-k6-1  | running (3m16.0s), 50/50 VUs, 112170 complete and 0 interrupted iterations
load-k6-1  | fspiopQuotes   [  59% ] 50/50 VUs  3m16.0s/5m30.0s
load-k6-1  | 
load-k6-1  | 
load-k6-1  | running (3m17.0s), 50/50 VUs, 112762 complete and 0 interrupted iterations
load-k6-1  | fspiopQuotes   [  60% ] 50/50 VUs  3m17.0s/5m30.0s
load-k6-1  | 
load-k6-1  | 
load-k6-1  | running (3m18.0s), 50/50 VUs, 113239 complete and 0 interrupted iterations
load-k6-1  | fspiopQuotes   [  60% ] 50/50 VUs  3m18.0s/5m30.0s
load-k6-1  | 
load-k6-1  | 
load-k6-1  | running (3m19.0s), 50/50 VUs, 113801 complete and 0 interrupted iterations
load-k6-1  | fspiopQuotes   [  60% ] 50/50 VUs  3m19.0s/5m30.0s
load-k6-1  | 
load-k6-1  | 
load-k6-1  | running (3m20.0s), 50/50 VUs, 114387 complete and 0 interrupted iterations
load-k6-1  | fspiopQuotes   [  61% ] 50/50 VUs  3m20.0s/5m30.0s
load-k6-1  | 
load-k6-1  | 
load-k6-1  | running (3m21.0s), 50/50 VUs, 114919 complete and 0 interrupted iterations
load-k6-1  | fspiopQuotes   [  61% ] 50/50 VUs  3m21.0s/5m30.0s
load-k6-1  | 
load-k6-1  | 
load-k6-1  | running (3m22.0s), 50/50 VUs, 115494 complete and 0 interrupted iterations
load-k6-1  | fspiopQuotes   [  61% ] 50/50 VUs  3m22.0s/5m30.0s
load-k6-1  | 
load-k6-1  | 
load-k6-1  | running (3m23.0s), 50/50 VUs, 116084 complete and 0 interrupted iterations
load-k6-1  | fspiopQuotes   [  62% ] 50/50 VUs  3m23.0s/5m30.0s
load-k6-1  | 
load-k6-1  | 
load-k6-1  | running (3m24.0s), 50/50 VUs, 116703 complete and 0 interrupted iterations
load-k6-1  | fspiopQuotes   [  62% ] 50/50 VUs  3m24.0s/5m30.0s
load-k6-1  | 
load-k6-1  | 
load-k6-1  | running (3m25.0s), 50/50 VUs, 117314 complete and 0 interrupted iterations
load-k6-1  | fspiopQuotes   [  62% ] 50/50 VUs  3m25.0s/5m30.0s
load-k6-1  | 
load-k6-1  | 
load-k6-1  | running (3m26.0s), 50/50 VUs, 117926 complete and 0 interrupted iterations
load-k6-1  | fspiopQuotes   [  62% ] 50/50 VUs  3m26.0s/5m30.0s
load-k6-1  | 
load-k6-1  | 
load-k6-1  | running (3m27.0s), 50/50 VUs, 118537 complete and 0 interrupted iterations
load-k6-1  | fspiopQuotes   [  63% ] 50/50 VUs  3m27.0s/5m30.0s
load-k6-1  | 
load-k6-1  | 
load-k6-1  | running (3m28.0s), 50/50 VUs, 119021 complete and 0 interrupted iterations
load-k6-1  | fspiopQuotes   [  63% ] 50/50 VUs  3m28.0s/5m30.0s
load-k6-1  | 
load-k6-1  | 
load-k6-1  | running (3m29.0s), 50/50 VUs, 119630 complete and 0 interrupted iterations
load-k6-1  | fspiopQuotes   [  63% ] 50/50 VUs  3m29.0s/5m30.0s
load-k6-1  | 
load-k6-1  | 
load-k6-1  | running (3m30.0s), 50/50 VUs, 120259 complete and 0 interrupted iterations
load-k6-1  | fspiopQuotes   [  64% ] 50/50 VUs  3m30.0s/5m30.0s
load-k6-1  | 
load-k6-1  | 
load-k6-1  | running (3m31.0s), 50/50 VUs, 120877 complete and 0 interrupted iterations
load-k6-1  | fspiopQuotes   [  64% ] 50/50 VUs  3m31.0s/5m30.0s
load-k6-1  | 
load-k6-1  | 
load-k6-1  | running (3m32.0s), 50/50 VUs, 121510 complete and 0 interrupted iterations
load-k6-1  | fspiopQuotes   [  64% ] 50/50 VUs  3m32.0s/5m30.0s
load-k6-1  | 
load-k6-1  | 
load-k6-1  | running (3m33.0s), 50/50 VUs, 122121 complete and 0 interrupted iterations
load-k6-1  | fspiopQuotes   [  65% ] 50/50 VUs  3m33.0s/5m30.0s
load-k6-1  | 
load-k6-1  | 
load-k6-1  | running (3m34.0s), 50/50 VUs, 122740 complete and 0 interrupted iterations
load-k6-1  | fspiopQuotes   [  65% ] 50/50 VUs  3m34.0s/5m30.0s
load-k6-1  | 
load-k6-1  | 
load-k6-1  | running (3m35.0s), 50/50 VUs, 123339 complete and 0 interrupted iterations
load-k6-1  | fspiopQuotes   [  65% ] 50/50 VUs  3m35.0s/5m30.0s
load-k6-1  | 
load-k6-1  | 
load-k6-1  | running (3m36.0s), 50/50 VUs, 123878 complete and 0 interrupted iterations
load-k6-1  | fspiopQuotes   [  65% ] 50/50 VUs  3m36.0s/5m30.0s
load-k6-1  | 
load-k6-1  | 
load-k6-1  | running (3m37.0s), 50/50 VUs, 124393 complete and 0 interrupted iterations
load-k6-1  | fspiopQuotes   [  66% ] 50/50 VUs  3m37.0s/5m30.0s
load-k6-1  | 
load-k6-1  | 
load-k6-1  | running (3m38.0s), 50/50 VUs, 124982 complete and 0 interrupted iterations
load-k6-1  | fspiopQuotes   [  66% ] 50/50 VUs  3m38.0s/5m30.0s
load-k6-1  | 
load-k6-1  | 
load-k6-1  | running (3m39.0s), 50/50 VUs, 125627 complete and 0 interrupted iterations
load-k6-1  | fspiopQuotes   [  66% ] 50/50 VUs  3m39.0s/5m30.0s
load-k6-1  | 
load-k6-1  | 
load-k6-1  | running (3m40.0s), 50/50 VUs, 126262 complete and 0 interrupted iterations
load-k6-1  | fspiopQuotes   [  67% ] 50/50 VUs  3m40.0s/5m30.0s
load-k6-1  | 
load-k6-1  | 
load-k6-1  | running (3m41.0s), 50/50 VUs, 126858 complete and 0 interrupted iterations
load-k6-1  | fspiopQuotes   [  67% ] 50/50 VUs  3m41.0s/5m30.0s
load-k6-1  | 
load-k6-1  | 
load-k6-1  | running (3m42.0s), 50/50 VUs, 127464 complete and 0 interrupted iterations
load-k6-1  | fspiopQuotes   [  67% ] 50/50 VUs  3m42.0s/5m30.0s
load-k6-1  | 
load-k6-1  | 
load-k6-1  | running (3m43.0s), 50/50 VUs, 128093 complete and 0 interrupted iterations
load-k6-1  | fspiopQuotes   [  68% ] 50/50 VUs  3m43.0s/5m30.0s
load-k6-1  | 
load-k6-1  | 
load-k6-1  | running (3m44.0s), 50/50 VUs, 128722 complete and 0 interrupted iterations
load-k6-1  | fspiopQuotes   [  68% ] 50/50 VUs  3m44.0s/5m30.0s
load-k6-1  | 
load-k6-1  | 
load-k6-1  | running (3m45.0s), 50/50 VUs, 129358 complete and 0 interrupted iterations
load-k6-1  | fspiopQuotes   [  68% ] 50/50 VUs  3m45.0s/5m30.0s
load-k6-1  | 
load-k6-1  | 
load-k6-1  | running (3m46.0s), 50/50 VUs, 129971 complete and 0 interrupted iterations
load-k6-1  | fspiopQuotes   [  68% ] 50/50 VUs  3m46.0s/5m30.0s
load-k6-1  | 
load-k6-1  | 
load-k6-1  | running (3m47.0s), 50/50 VUs, 130423 complete and 0 interrupted iterations
load-k6-1  | fspiopQuotes   [  69% ] 50/50 VUs  3m47.0s/5m30.0s
load-k6-1  | 
load-k6-1  | 
load-k6-1  | running (3m48.0s), 50/50 VUs, 131046 complete and 0 interrupted iterations
load-k6-1  | fspiopQuotes   [  69% ] 50/50 VUs  3m48.0s/5m30.0s
load-k6-1  | 
load-k6-1  | 
load-k6-1  | running (3m49.0s), 50/50 VUs, 131641 complete and 0 interrupted iterations
load-k6-1  | fspiopQuotes   [  69% ] 50/50 VUs  3m49.0s/5m30.0s
load-k6-1  | 
load-k6-1  | 
load-k6-1  | running (3m50.0s), 50/50 VUs, 132251 complete and 0 interrupted iterations
load-k6-1  | fspiopQuotes   [  70% ] 50/50 VUs  3m50.0s/5m30.0s
load-k6-1  | 
load-k6-1  | 
load-k6-1  | running (3m51.0s), 50/50 VUs, 132846 complete and 0 interrupted iterations
load-k6-1  | fspiopQuotes   [  70% ] 50/50 VUs  3m51.0s/5m30.0s
load-k6-1  | 
load-k6-1  | 
load-k6-1  | running (3m52.0s), 50/50 VUs, 133480 complete and 0 interrupted iterations
load-k6-1  | fspiopQuotes   [  70% ] 50/50 VUs  3m52.0s/5m30.0s
load-k6-1  | 
load-k6-1  | 
load-k6-1  | running (3m53.0s), 50/50 VUs, 134092 complete and 0 interrupted iterations
load-k6-1  | fspiopQuotes   [  71% ] 50/50 VUs  3m53.0s/5m30.0s
load-k6-1  | 
load-k6-1  | 
load-k6-1  | running (3m54.0s), 50/50 VUs, 134668 complete and 0 interrupted iterations
load-k6-1  | fspiopQuotes   [  71% ] 50/50 VUs  3m54.0s/5m30.0s
load-k6-1  | 
load-k6-1  | 
load-k6-1  | running (3m55.0s), 50/50 VUs, 135296 complete and 0 interrupted iterations
load-k6-1  | fspiopQuotes   [  71% ] 50/50 VUs  3m55.0s/5m30.0s
load-k6-1  | 
load-k6-1  | 
load-k6-1  | running (3m56.0s), 50/50 VUs, 135921 complete and 0 interrupted iterations
load-k6-1  | fspiopQuotes   [  72% ] 50/50 VUs  3m56.0s/5m30.0s
load-k6-1  | 
load-k6-1  | 
load-k6-1  | running (3m57.0s), 50/50 VUs, 136404 complete and 0 interrupted iterations
load-k6-1  | fspiopQuotes   [  72% ] 50/50 VUs  3m57.0s/5m30.0s
load-k6-1  | 
load-k6-1  | 
load-k6-1  | running (3m58.0s), 50/50 VUs, 137014 complete and 0 interrupted iterations
load-k6-1  | fspiopQuotes   [  72% ] 50/50 VUs  3m58.0s/5m30.0s
load-k6-1  | 
load-k6-1  | 
load-k6-1  | running (3m59.0s), 50/50 VUs, 137585 complete and 0 interrupted iterations
load-k6-1  | fspiopQuotes   [  72% ] 50/50 VUs  3m59.0s/5m30.0s
load-k6-1  | 
load-k6-1  | 
load-k6-1  | running (4m00.0s), 50/50 VUs, 138195 complete and 0 interrupted iterations
load-k6-1  | fspiopQuotes   [  73% ] 50/50 VUs  4m00.0s/5m30.0s
load-k6-1  | 
load-k6-1  | 
load-k6-1  | running (4m01.0s), 50/50 VUs, 138809 complete and 0 interrupted iterations
load-k6-1  | fspiopQuotes   [  73% ] 50/50 VUs  4m01.0s/5m30.0s
load-k6-1  | 
load-k6-1  | 
load-k6-1  | running (4m02.0s), 50/50 VUs, 139440 complete and 0 interrupted iterations
load-k6-1  | fspiopQuotes   [  73% ] 50/50 VUs  4m02.0s/5m30.0s
load-k6-1  | 
load-k6-1  | 
load-k6-1  | running (4m03.0s), 50/50 VUs, 140048 complete and 0 interrupted iterations
load-k6-1  | fspiopQuotes   [  74% ] 50/50 VUs  4m03.0s/5m30.0s
load-k6-1  | 
load-k6-1  | 
load-k6-1  | running (4m04.0s), 50/50 VUs, 140675 complete and 0 interrupted iterations
load-k6-1  | fspiopQuotes   [  74% ] 50/50 VUs  4m04.0s/5m30.0s
load-k6-1  | 
load-k6-1  | 
load-k6-1  | running (4m05.0s), 50/50 VUs, 141267 complete and 0 interrupted iterations
load-k6-1  | fspiopQuotes   [  74% ] 50/50 VUs  4m05.0s/5m30.0s
load-k6-1  | 
load-k6-1  | 
load-k6-1  | running (4m06.0s), 50/50 VUs, 141853 complete and 0 interrupted iterations
load-k6-1  | fspiopQuotes   [  75% ] 50/50 VUs  4m06.0s/5m30.0s
load-k6-1  | 
load-k6-1  | 
load-k6-1  | running (4m07.0s), 50/50 VUs, 142467 complete and 0 interrupted iterations
load-k6-1  | fspiopQuotes   [  75% ] 50/50 VUs  4m07.0s/5m30.0s
load-k6-1  | 
load-k6-1  | 
load-k6-1  | running (4m08.0s), 50/50 VUs, 142851 complete and 0 interrupted iterations
load-k6-1  | fspiopQuotes   [  75% ] 50/50 VUs  4m08.0s/5m30.0s
load-k6-1  | 
load-k6-1  | 
load-k6-1  | running (4m09.0s), 50/50 VUs, 143465 complete and 0 interrupted iterations
load-k6-1  | fspiopQuotes   [  75% ] 50/50 VUs  4m09.0s/5m30.0s
load-k6-1  | 
load-k6-1  | 
load-k6-1  | running (4m10.0s), 50/50 VUs, 144096 complete and 0 interrupted iterations
load-k6-1  | fspiopQuotes   [  76% ] 50/50 VUs  4m10.0s/5m30.0s
load-k6-1  | 
load-k6-1  | 
load-k6-1  | running (4m11.0s), 50/50 VUs, 144691 complete and 0 interrupted iterations
load-k6-1  | fspiopQuotes   [  76% ] 50/50 VUs  4m11.0s/5m30.0s
load-k6-1  | 
load-k6-1  | 
load-k6-1  | running (4m12.0s), 50/50 VUs, 145311 complete and 0 interrupted iterations
load-k6-1  | fspiopQuotes   [  76% ] 50/50 VUs  4m12.0s/5m30.0s
load-k6-1  | 
load-k6-1  | 
load-k6-1  | running (4m13.0s), 50/50 VUs, 145918 complete and 0 interrupted iterations
load-k6-1  | fspiopQuotes   [  77% ] 50/50 VUs  4m13.0s/5m30.0s
load-k6-1  | 
load-k6-1  | 
load-k6-1  | running (4m14.0s), 50/50 VUs, 146543 complete and 0 interrupted iterations
load-k6-1  | fspiopQuotes   [  77% ] 50/50 VUs  4m14.0s/5m30.0s
load-k6-1  | 
load-k6-1  | 
load-k6-1  | running (4m15.0s), 50/50 VUs, 147157 complete and 0 interrupted iterations
load-k6-1  | fspiopQuotes   [  77% ] 50/50 VUs  4m15.0s/5m30.0s
load-k6-1  | 
load-k6-1  | 
load-k6-1  | running (4m16.0s), 50/50 VUs, 147749 complete and 0 interrupted iterations
load-k6-1  | fspiopQuotes   [  78% ] 50/50 VUs  4m16.0s/5m30.0s
load-k6-1  | 
load-k6-1  | 
load-k6-1  | running (4m17.0s), 50/50 VUs, 148353 complete and 0 interrupted iterations
load-k6-1  | fspiopQuotes   [  78% ] 50/50 VUs  4m17.0s/5m30.0s
load-k6-1  | 
load-k6-1  | 
load-k6-1  | running (4m18.0s), 50/50 VUs, 148978 complete and 0 interrupted iterations
load-k6-1  | fspiopQuotes   [  78% ] 50/50 VUs  4m18.0s/5m30.0s
load-k6-1  | 
load-k6-1  | 
load-k6-1  | running (4m19.0s), 50/50 VUs, 149454 complete and 0 interrupted iterations
load-k6-1  | fspiopQuotes   [  78% ] 50/50 VUs  4m19.0s/5m30.0s
load-k6-1  | 
load-k6-1  | 
load-k6-1  | running (4m20.0s), 50/50 VUs, 150074 complete and 0 interrupted iterations
load-k6-1  | fspiopQuotes   [  79% ] 50/50 VUs  4m20.0s/5m30.0s
load-k6-1  | 
load-k6-1  | 
load-k6-1  | running (4m21.0s), 50/50 VUs, 150673 complete and 0 interrupted iterations
load-k6-1  | fspiopQuotes   [  79% ] 50/50 VUs  4m21.0s/5m30.0s
load-k6-1  | 
load-k6-1  | 
load-k6-1  | running (4m22.0s), 50/50 VUs, 151302 complete and 0 interrupted iterations
load-k6-1  | fspiopQuotes   [  79% ] 50/50 VUs  4m22.0s/5m30.0s
load-k6-1  | 
load-k6-1  | 
load-k6-1  | running (4m23.0s), 50/50 VUs, 151938 complete and 0 interrupted iterations
load-k6-1  | fspiopQuotes   [  80% ] 50/50 VUs  4m23.0s/5m30.0s
load-k6-1  | 
load-k6-1  | 
load-k6-1  | running (4m24.0s), 50/50 VUs, 152577 complete and 0 interrupted iterations
load-k6-1  | fspiopQuotes   [  80% ] 50/50 VUs  4m24.0s/5m30.0s
load-k6-1  | 
load-k6-1  | 
load-k6-1  | running (4m25.0s), 50/50 VUs, 153203 complete and 0 interrupted iterations
load-k6-1  | fspiopQuotes   [  80% ] 50/50 VUs  4m25.0s/5m30.0s
load-k6-1  | 
load-k6-1  | 
load-k6-1  | running (4m26.0s), 50/50 VUs, 153749 complete and 0 interrupted iterations
load-k6-1  | fspiopQuotes   [  81% ] 50/50 VUs  4m26.0s/5m30.0s
load-k6-1  | 
load-k6-1  | 
load-k6-1  | running (4m27.0s), 50/50 VUs, 154311 complete and 0 interrupted iterations
load-k6-1  | fspiopQuotes   [  81% ] 50/50 VUs  4m27.0s/5m30.0s
load-k6-1  | 
load-k6-1  | 
load-k6-1  | running (4m28.0s), 50/50 VUs, 154922 complete and 0 interrupted iterations
load-k6-1  | fspiopQuotes   [  81% ] 50/50 VUs  4m28.0s/5m30.0s
load-k6-1  | 
load-k6-1  | 
load-k6-1  | running (4m29.0s), 50/50 VUs, 155543 complete and 0 interrupted iterations
load-k6-1  | fspiopQuotes   [  82% ] 50/50 VUs  4m29.0s/5m30.0s
load-k6-1  | 
load-k6-1  | 
load-k6-1  | running (4m30.0s), 50/50 VUs, 156074 complete and 0 interrupted iterations
load-k6-1  | fspiopQuotes   [  82% ] 50/50 VUs  4m30.0s/5m30.0s
load-k6-1  | 
load-k6-1  | 
load-k6-1  | running (4m31.0s), 50/50 VUs, 156573 complete and 0 interrupted iterations
load-k6-1  | fspiopQuotes   [  82% ] 50/50 VUs  4m31.0s/5m30.0s
load-k6-1  | 
load-k6-1  | 
load-k6-1  | running (4m32.0s), 50/50 VUs, 157190 complete and 0 interrupted iterations
load-k6-1  | fspiopQuotes   [  82% ] 50/50 VUs  4m32.0s/5m30.0s
load-k6-1  | 
load-k6-1  | 
load-k6-1  | running (4m33.0s), 50/50 VUs, 157833 complete and 0 interrupted iterations
load-k6-1  | fspiopQuotes   [  83% ] 50/50 VUs  4m33.0s/5m30.0s
load-k6-1  | 
load-k6-1  | 
load-k6-1  | running (4m34.0s), 50/50 VUs, 158448 complete and 0 interrupted iterations
load-k6-1  | fspiopQuotes   [  83% ] 50/50 VUs  4m34.0s/5m30.0s
load-k6-1  | 
load-k6-1  | 
load-k6-1  | running (4m35.0s), 50/50 VUs, 159065 complete and 0 interrupted iterations
load-k6-1  | fspiopQuotes   [  83% ] 50/50 VUs  4m35.0s/5m30.0s
load-k6-1  | 
load-k6-1  | 
load-k6-1  | running (4m36.0s), 50/50 VUs, 159668 complete and 0 interrupted iterations
load-k6-1  | fspiopQuotes   [  84% ] 50/50 VUs  4m36.0s/5m30.0s
load-k6-1  | 
load-k6-1  | 
load-k6-1  | running (4m37.0s), 50/50 VUs, 160271 complete and 0 interrupted iterations
load-k6-1  | fspiopQuotes   [  84% ] 50/50 VUs  4m37.0s/5m30.0s
load-k6-1  | 
load-k6-1  | 
load-k6-1  | running (4m38.0s), 50/50 VUs, 160880 complete and 0 interrupted iterations
load-k6-1  | fspiopQuotes   [  84% ] 50/50 VUs  4m38.0s/5m30.0s
load-k6-1  | 
load-k6-1  | 
load-k6-1  | running (4m39.0s), 50/50 VUs, 161503 complete and 0 interrupted iterations
load-k6-1  | fspiopQuotes   [  85% ] 50/50 VUs  4m39.0s/5m30.0s
load-k6-1  | 
load-k6-1  | 
load-k6-1  | running (4m40.0s), 50/50 VUs, 162103 complete and 0 interrupted iterations
load-k6-1  | fspiopQuotes   [  85% ] 50/50 VUs  4m40.0s/5m30.0s
load-k6-1  | 
load-k6-1  | 
load-k6-1  | running (4m41.0s), 50/50 VUs, 162701 complete and 0 interrupted iterations
load-k6-1  | fspiopQuotes   [  85% ] 50/50 VUs  4m41.0s/5m30.0s
load-k6-1  | 
load-k6-1  | 
load-k6-1  | running (4m42.0s), 50/50 VUs, 163181 complete and 0 interrupted iterations
load-k6-1  | fspiopQuotes   [  85% ] 50/50 VUs  4m42.0s/5m30.0s
load-k6-1  | 
load-k6-1  | 
load-k6-1  | running (4m43.0s), 50/50 VUs, 163740 complete and 0 interrupted iterations
load-k6-1  | fspiopQuotes   [  86% ] 50/50 VUs  4m43.0s/5m30.0s
load-k6-1  | 
load-k6-1  | 
load-k6-1  | running (4m44.0s), 50/50 VUs, 164358 complete and 0 interrupted iterations
load-k6-1  | fspiopQuotes   [  86% ] 50/50 VUs  4m44.0s/5m30.0s
load-k6-1  | 
load-k6-1  | 
load-k6-1  | running (4m45.0s), 50/50 VUs, 164986 complete and 0 interrupted iterations
load-k6-1  | fspiopQuotes   [  86% ] 50/50 VUs  4m45.0s/5m30.0s
load-k6-1  | 
load-k6-1  | 
load-k6-1  | running (4m46.0s), 50/50 VUs, 165582 complete and 0 interrupted iterations
load-k6-1  | fspiopQuotes   [  87% ] 50/50 VUs  4m46.0s/5m30.0s
load-k6-1  | 
load-k6-1  | 
load-k6-1  | running (4m47.0s), 50/50 VUs, 166167 complete and 0 interrupted iterations
load-k6-1  | fspiopQuotes   [  87% ] 50/50 VUs  4m47.0s/5m30.0s
load-k6-1  | 
load-k6-1  | 
load-k6-1  | running (4m48.0s), 50/50 VUs, 166766 complete and 0 interrupted iterations
load-k6-1  | fspiopQuotes   [  87% ] 50/50 VUs  4m48.0s/5m30.0s
load-k6-1  | 
load-k6-1  | 
load-k6-1  | running (4m49.0s), 50/50 VUs, 167385 complete and 0 interrupted iterations
load-k6-1  | fspiopQuotes   [  88% ] 50/50 VUs  4m49.0s/5m30.0s
load-k6-1  | 
load-k6-1  | 
load-k6-1  | running (4m50.0s), 50/50 VUs, 168000 complete and 0 interrupted iterations
load-k6-1  | fspiopQuotes   [  88% ] 50/50 VUs  4m50.0s/5m30.0s
load-k6-1  | 
load-k6-1  | 
load-k6-1  | running (4m51.0s), 50/50 VUs, 168519 complete and 0 interrupted iterations
load-k6-1  | fspiopQuotes   [  88% ] 50/50 VUs  4m51.0s/5m30.0s
load-k6-1  | 
load-k6-1  | 
load-k6-1  | running (4m52.0s), 50/50 VUs, 169135 complete and 0 interrupted iterations
load-k6-1  | fspiopQuotes   [  88% ] 50/50 VUs  4m52.0s/5m30.0s
load-k6-1  | 
load-k6-1  | 
load-k6-1  | running (4m53.0s), 50/50 VUs, 169765 complete and 0 interrupted iterations
load-k6-1  | fspiopQuotes   [  89% ] 50/50 VUs  4m53.0s/5m30.0s
load-k6-1  | 
load-k6-1  | 
load-k6-1  | running (4m54.0s), 50/50 VUs, 170267 complete and 0 interrupted iterations
load-k6-1  | fspiopQuotes   [  89% ] 50/50 VUs  4m54.0s/5m30.0s
load-k6-1  | 
load-k6-1  | 
load-k6-1  | running (4m55.0s), 50/50 VUs, 170788 complete and 0 interrupted iterations
load-k6-1  | fspiopQuotes   [  89% ] 50/50 VUs  4m55.0s/5m30.0s
load-k6-1  | 
load-k6-1  | 
load-k6-1  | running (4m56.0s), 50/50 VUs, 171408 complete and 0 interrupted iterations
load-k6-1  | fspiopQuotes   [  90% ] 50/50 VUs  4m56.0s/5m30.0s
load-k6-1  | 
load-k6-1  | 
load-k6-1  | running (4m57.0s), 50/50 VUs, 172028 complete and 0 interrupted iterations
load-k6-1  | fspiopQuotes   [  90% ] 50/50 VUs  4m57.0s/5m30.0s
load-k6-1  | 
load-k6-1  | 
load-k6-1  | running (4m58.0s), 50/50 VUs, 172637 complete and 0 interrupted iterations
load-k6-1  | fspiopQuotes   [  90% ] 50/50 VUs  4m58.0s/5m30.0s
load-k6-1  | 
load-k6-1  | 
load-k6-1  | running (4m59.0s), 50/50 VUs, 173208 complete and 0 interrupted iterations
load-k6-1  | fspiopQuotes   [  91% ] 50/50 VUs  4m59.0s/5m30.0s
load-k6-1  | 
load-k6-1  | 
load-k6-1  | running (5m00.0s), 50/50 VUs, 173813 complete and 0 interrupted iterations
load-k6-1  | fspiopQuotes   [  91% ] 50/50 VUs  5m00.0s/5m30.0s
load-k6-1  | 
load-k6-1  | 
load-k6-1  | running (5m01.0s), 50/50 VUs, 174426 complete and 0 interrupted iterations
load-k6-1  | fspiopQuotes   [  91% ] 50/50 VUs  5m01.0s/5m30.0s
load-k6-1  | 
load-k6-1  | 
load-k6-1  | running (5m02.0s), 50/50 VUs, 175014 complete and 0 interrupted iterations
load-k6-1  | fspiopQuotes   [  92% ] 50/50 VUs  5m02.0s/5m30.0s
load-k6-1  | 
load-k6-1  | 
load-k6-1  | running (5m03.0s), 50/50 VUs, 175639 complete and 0 interrupted iterations
load-k6-1  | fspiopQuotes   [  92% ] 50/50 VUs  5m03.0s/5m30.0s
load-k6-1  | 
load-k6-1  | 
load-k6-1  | running (5m04.0s), 50/50 VUs, 176263 complete and 0 interrupted iterations
load-k6-1  | fspiopQuotes   [  92% ] 50/50 VUs  5m04.0s/5m30.0s
load-k6-1  | 
load-k6-1  | 
load-k6-1  | running (5m05.0s), 50/50 VUs, 176854 complete and 0 interrupted iterations
load-k6-1  | fspiopQuotes   [  92% ] 50/50 VUs  5m05.0s/5m30.0s
load-k6-1  | 
load-k6-1  | 
load-k6-1  | running (5m06.0s), 50/50 VUs, 177239 complete and 0 interrupted iterations
load-k6-1  | fspiopQuotes   [  93% ] 50/50 VUs  5m06.0s/5m30.0s
load-k6-1  | 
load-k6-1  | 
load-k6-1  | running (5m07.0s), 50/50 VUs, 177815 complete and 0 interrupted iterations
load-k6-1  | fspiopQuotes   [  93% ] 50/50 VUs  5m07.0s/5m30.0s
load-k6-1  | 
load-k6-1  | 
load-k6-1  | running (5m08.0s), 50/50 VUs, 178428 complete and 0 interrupted iterations
load-k6-1  | fspiopQuotes   [  93% ] 50/50 VUs  5m08.0s/5m30.0s
load-k6-1  | 
load-k6-1  | 
load-k6-1  | running (5m09.0s), 50/50 VUs, 179046 complete and 0 interrupted iterations
load-k6-1  | fspiopQuotes   [  94% ] 50/50 VUs  5m09.0s/5m30.0s
load-k6-1  | 
load-k6-1  | 
load-k6-1  | running (5m10.0s), 50/50 VUs, 179659 complete and 0 interrupted iterations
load-k6-1  | fspiopQuotes   [  94% ] 50/50 VUs  5m10.0s/5m30.0s
load-k6-1  | 
load-k6-1  | 
load-k6-1  | running (5m11.0s), 50/50 VUs, 180235 complete and 0 interrupted iterations
load-k6-1  | fspiopQuotes   [  94% ] 50/50 VUs  5m11.0s/5m30.0s
load-k6-1  | 
load-k6-1  | 
load-k6-1  | running (5m12.0s), 50/50 VUs, 180858 complete and 0 interrupted iterations
load-k6-1  | fspiopQuotes   [  95% ] 50/50 VUs  5m12.0s/5m30.0s
load-k6-1  | 
load-k6-1  | 
load-k6-1  | running (5m13.0s), 50/50 VUs, 181453 complete and 0 interrupted iterations
load-k6-1  | fspiopQuotes   [  95% ] 50/50 VUs  5m13.0s/5m30.0s
load-k6-1  | 
load-k6-1  | 
load-k6-1  | running (5m14.0s), 50/50 VUs, 182092 complete and 0 interrupted iterations
load-k6-1  | fspiopQuotes   [  95% ] 50/50 VUs  5m14.0s/5m30.0s
load-k6-1  | 
load-k6-1  | 
load-k6-1  | running (5m15.0s), 50/50 VUs, 182710 complete and 0 interrupted iterations
load-k6-1  | fspiopQuotes   [  95% ] 50/50 VUs  5m15.0s/5m30.0s
load-k6-1  | 
load-k6-1  | 
load-k6-1  | running (5m16.0s), 50/50 VUs, 183321 complete and 0 interrupted iterations
load-k6-1  | fspiopQuotes   [  96% ] 50/50 VUs  5m16.0s/5m30.0s
load-k6-1  | 
load-k6-1  | 
load-k6-1  | running (5m17.0s), 50/50 VUs, 183925 complete and 0 interrupted iterations
load-k6-1  | fspiopQuotes   [  96% ] 50/50 VUs  5m17.0s/5m30.0s
load-k6-1  | 
load-k6-1  | 
load-k6-1  | running (5m18.0s), 50/50 VUs, 184529 complete and 0 interrupted iterations
load-k6-1  | fspiopQuotes   [  96% ] 50/50 VUs  5m18.0s/5m30.0s
load-k6-1  | 
load-k6-1  | 
load-k6-1  | running (5m19.0s), 50/50 VUs, 185132 complete and 0 interrupted iterations
load-k6-1  | fspiopQuotes   [  97% ] 50/50 VUs  5m19.0s/5m30.0s
load-k6-1  | 
load-k6-1  | 
load-k6-1  | running (5m20.0s), 50/50 VUs, 185569 complete and 0 interrupted iterations
load-k6-1  | fspiopQuotes   [  97% ] 50/50 VUs  5m20.0s/5m30.0s
load-k6-1  | 
load-k6-1  | 
load-k6-1  | running (5m21.0s), 50/50 VUs, 186178 complete and 0 interrupted iterations
load-k6-1  | fspiopQuotes   [  97% ] 50/50 VUs  5m21.0s/5m30.0s
load-k6-1  | 
load-k6-1  | 
load-k6-1  | running (5m22.0s), 50/50 VUs, 186762 complete and 0 interrupted iterations
load-k6-1  | fspiopQuotes   [  98% ] 50/50 VUs  5m22.0s/5m30.0s
load-k6-1  | 
load-k6-1  | 
load-k6-1  | running (5m23.0s), 50/50 VUs, 187366 complete and 0 interrupted iterations
load-k6-1  | fspiopQuotes   [  98% ] 50/50 VUs  5m23.0s/5m30.0s
load-k6-1  | 
load-k6-1  | 
load-k6-1  | running (5m24.0s), 50/50 VUs, 188002 complete and 0 interrupted iterations
load-k6-1  | fspiopQuotes   [  98% ] 50/50 VUs  5m24.0s/5m30.0s
load-k6-1  | 
load-k6-1  | 
load-k6-1  | running (5m25.0s), 50/50 VUs, 188633 complete and 0 interrupted iterations
load-k6-1  | fspiopQuotes   [  98% ] 50/50 VUs  5m25.0s/5m30.0s
load-k6-1  | 
load-k6-1  | 
load-k6-1  | running (5m26.0s), 50/50 VUs, 189226 complete and 0 interrupted iterations
load-k6-1  | fspiopQuotes   [  99% ] 50/50 VUs  5m26.0s/5m30.0s
load-k6-1  | 
load-k6-1  | 
load-k6-1  | running (5m27.0s), 50/50 VUs, 189808 complete and 0 interrupted iterations
load-k6-1  | fspiopQuotes   [  99% ] 50/50 VUs  5m27.0s/5m30.0s
load-k6-1  | 
load-k6-1  | 
load-k6-1  | running (5m28.0s), 50/50 VUs, 190429 complete and 0 interrupted iterations
load-k6-1  | fspiopQuotes   [  99% ] 50/50 VUs  5m28.0s/5m30.0s
load-k6-1  | 
load-k6-1  | 
load-k6-1  | running (5m29.0s), 50/50 VUs, 191057 complete and 0 interrupted iterations
load-k6-1  | fspiopQuotes   [ 100% ] 50/50 VUs  5m29.0s/5m30.0s
load-k6-1  | 
load-k6-1  | 
load-k6-1  | running (5m30.0s), 50/50 VUs, 191677 complete and 0 interrupted iterations
load-k6-1  | fspiopQuotes   [ 100% ] 50/50 VUs  5m30.0s/5m30.0s
load-k6-1  | 
load-k6-1  | 
load-k6-1  |      ✓ QUOTES_FSPIOP_POST_QUOTES_RESPONSE_IS_202
load-k6-1  |      ✗ QUOTES_E2E_FSPIOP_POST_QUOTES_SUCCESS
load-k6-1  |       ↳  99% — ✓ 191740 / ✗ 1
load-k6-1  | 
load-k6-1  |      █ Post Quotes
load-k6-1  | 
load-k6-1  |      checks.........................: 99.99% ✓ 383481     ✗ 1     
load-k6-1  |      data_received..................: 60 MB  182 kB/s
load-k6-1  |      data_sent......................: 231 MB 699 kB/s
load-k6-1  |      group_duration.................: avg=306.96µs min=137.3µs  med=248.6µs  max=51.82ms  p(90)=357.1µs  p(95)=530.38µs
load-k6-1  |      http_req_blocked...............: avg=5.66µs   min=1.56µs   med=4.04µs   max=73.02ms  p(90)=4.93µs   p(95)=5.49µs  
load-k6-1  |      http_req_connecting............: avg=428ns    min=0s       med=0s       max=72.96ms  p(90)=0s       p(95)=0s      
load-k6-1  |    ✓ http_req_duration..............: avg=2.22ms   min=740.46µs med=1.81ms   max=111.6ms  p(90)=3.45ms   p(95)=4.23ms  
load-k6-1  |        { expected_response:true }...: avg=2.22ms   min=740.46µs med=1.81ms   max=111.6ms  p(90)=3.45ms   p(95)=4.23ms  
load-k6-1  |    ✓ http_req_failed................: 0.00%  ✓ 0          ✗ 191741
load-k6-1  |      http_req_receiving.............: avg=44.94µs  min=7.79µs   med=26.12µs  max=33.99ms  p(90)=39.09µs  p(95)=46.03µs 
load-k6-1  |      http_req_sending...............: avg=24.71µs  min=8.19µs   med=18.67µs  max=61.2ms   p(90)=27.14µs  p(95)=33.72µs 
load-k6-1  |      http_req_tls_handshaking.......: avg=0s       min=0s       med=0s       max=0s       p(90)=0s       p(95)=0s      
load-k6-1  |      http_req_waiting...............: avg=2.15ms   min=699.46µs med=1.75ms   max=111.54ms p(90)=3.36ms   p(95)=4.13ms  
load-k6-1  |      http_reqs......................: 191741 580.821221/s
load-k6-1  |    ✓ iteration_duration.............: avg=82.13ms  min=21.62ms  med=73.43ms  max=5s       p(90)=135.24ms p(95)=157.96ms
load-k6-1  |      iterations.....................: 191741 580.821221/s
load-k6-1  |      vus............................: 50     min=2        max=50  
load-k6-1  |      vus_max........................: 50     min=50       max=50  
load-k6-1  |      ws_connecting..................: avg=1.07ms   min=233.68µs med=776.23µs max=125.47ms p(90)=1.9ms    p(95)=2.49ms  
load-k6-1  |      ws_msgs_received...............: 191740 580.818191/s
load-k6-1  |      ws_msgs_sent...................: 191741 580.821221/s
load-k6-1  |      ws_session_duration............: avg=81.69ms  min=21.28ms  med=73ms     max=5s       p(90)=134.74ms p(95)=157.45ms
load-k6-1  |      ws_sessions....................: 191741 580.821221/s
load-k6-1  | 
load-k6-1  | 
load-k6-1  | running (5m30.1s), 00/50 VUs, 191741 complete and 0 interrupted iterations
load-k6-1  | fspiopQuotes ✓ [ 100% ] 00/50 VUs  5m30s
load-k6-1  | 
load-k6-1 exited with code 0
