Attaching to load-k6-1
load-k6-1  | 
load-k6-1  |           /\      |‾‾| /‾‾/   /‾‾/   
load-k6-1  |      /\  /  \     |  |/  /   /  /    
load-k6-1  |     /  \/    \    |     (   /   ‾‾\  
load-k6-1  |    /          \   |  |\  \ |  (‾)  | 
load-k6-1  |   / __________ \  |__| \__\ \_____/ .io
load-k6-1  | 
load-k6-1  | 
load-k6-1  |   execution: local
load-k6-1  |      script: /scripts/index.js
load-k6-1  |      output: Prometheus remote write (http://prometheus:9090/api/v1/write)
load-k6-1  | 
load-k6-1  |   scenarios: (100.00%) 1 scenario, 30 max VUs, 6m0s max duration (incl. graceful stop):
load-k6-1  |            * fspiopQuotes: Up to 30 looping VUs for 5m30s over 2 stages (gracefulRampDown: 30s, exec: fspiopQuotesScenarios, gracefulStop: 30s)
load-k6-1  | 
load-k6-1  | 
load-k6-1  | 
load-k6-1  | running (0m01.0s), 01/30 VUs, 40 complete and 0 interrupted iterations
load-k6-1  | fspiopQuotes   [   0% ] 01/30 VUs  0m01.0s/5m30.0s
load-k6-1  | 
load-k6-1  | 
load-k6-1  | running (0m02.0s), 02/30 VUs, 113 complete and 0 interrupted iterations
load-k6-1  | fspiopQuotes   [   1% ] 02/30 VUs  0m02.0s/5m30.0s
load-k6-1  | 
load-k6-1  | 
load-k6-1  | running (0m03.0s), 03/30 VUs, 199 complete and 0 interrupted iterations
load-k6-1  | fspiopQuotes   [   1% ] 03/30 VUs  0m03.0s/5m30.0s
load-k6-1  | 
load-k6-1  | 
load-k6-1  | running (0m04.0s), 04/30 VUs, 289 complete and 0 interrupted iterations
load-k6-1  | fspiopQuotes   [   1% ] 04/30 VUs  0m04.0s/5m30.0s
load-k6-1  | 
load-k6-1  | 
load-k6-1  | running (0m05.0s), 05/30 VUs, 387 complete and 0 interrupted iterations
load-k6-1  | fspiopQuotes   [   2% ] 05/30 VUs  0m05.0s/5m30.0s
load-k6-1  | 
load-k6-1  | 
load-k6-1  | running (0m06.0s), 06/30 VUs, 489 complete and 0 interrupted iterations
load-k6-1  | fspiopQuotes   [   2% ] 06/30 VUs  0m06.0s/5m30.0s
load-k6-1  | 
load-k6-1  | 
load-k6-1  | running (0m07.0s), 07/30 VUs, 592 complete and 0 interrupted iterations
load-k6-1  | fspiopQuotes   [   2% ] 07/30 VUs  0m07.0s/5m30.0s
load-k6-1  | 
load-k6-1  | 
load-k6-1  | running (0m08.0s), 08/30 VUs, 698 complete and 0 interrupted iterations
load-k6-1  | fspiopQuotes   [   2% ] 08/30 VUs  0m08.0s/5m30.0s
load-k6-1  | 
load-k6-1  | 
load-k6-1  | running (0m09.0s), 09/30 VUs, 808 complete and 0 interrupted iterations
load-k6-1  | fspiopQuotes   [   3% ] 09/30 VUs  0m09.0s/5m30.0s
load-k6-1  | 
load-k6-1  | 
load-k6-1  | running (0m10.0s), 10/30 VUs, 922 complete and 0 interrupted iterations
load-k6-1  | fspiopQuotes   [   3% ] 10/30 VUs  0m10.0s/5m30.0s
load-k6-1  | 
load-k6-1  | 
load-k6-1  | running (0m11.0s), 11/30 VUs, 1040 complete and 0 interrupted iterations
load-k6-1  | fspiopQuotes   [   3% ] 11/30 VUs  0m11.0s/5m30.0s
load-k6-1  | 
load-k6-1  | 
load-k6-1  | running (0m12.0s), 12/30 VUs, 1159 complete and 0 interrupted iterations
load-k6-1  | fspiopQuotes   [   4% ] 12/30 VUs  0m12.0s/5m30.0s
load-k6-1  | 
load-k6-1  | 
load-k6-1  | running (0m13.0s), 13/30 VUs, 1272 complete and 0 interrupted iterations
load-k6-1  | fspiopQuotes   [   4% ] 13/30 VUs  0m13.0s/5m30.0s
load-k6-1  | 
load-k6-1  | 
load-k6-1  | running (0m14.0s), 14/30 VUs, 1396 complete and 0 interrupted iterations
load-k6-1  | fspiopQuotes   [   4% ] 14/30 VUs  0m14.0s/5m30.0s
load-k6-1  | 
load-k6-1  | 
load-k6-1  | running (0m15.0s), 15/30 VUs, 1515 complete and 0 interrupted iterations
load-k6-1  | fspiopQuotes   [   5% ] 15/30 VUs  0m15.0s/5m30.0s
load-k6-1  | 
load-k6-1  | 
load-k6-1  | running (0m16.0s), 16/30 VUs, 1626 complete and 0 interrupted iterations
load-k6-1  | fspiopQuotes   [   5% ] 16/30 VUs  0m16.0s/5m30.0s
load-k6-1  | 
load-k6-1  | 
load-k6-1  | running (0m17.0s), 17/30 VUs, 1746 complete and 0 interrupted iterations
load-k6-1  | fspiopQuotes   [   5% ] 17/30 VUs  0m17.0s/5m30.0s
load-k6-1  | 
load-k6-1  | 
load-k6-1  | running (0m18.0s), 18/30 VUs, 1868 complete and 0 interrupted iterations
load-k6-1  | fspiopQuotes   [   5% ] 18/30 VUs  0m18.0s/5m30.0s
load-k6-1  | 
load-k6-1  | 
load-k6-1  | running (0m19.0s), 19/30 VUs, 1990 complete and 0 interrupted iterations
load-k6-1  | fspiopQuotes   [   6% ] 19/30 VUs  0m19.0s/5m30.0s
load-k6-1  | 
load-k6-1  | 
load-k6-1  | running (0m20.0s), 20/30 VUs, 2109 complete and 0 interrupted iterations
load-k6-1  | fspiopQuotes   [   6% ] 20/30 VUs  0m20.0s/5m30.0s
load-k6-1  | 
load-k6-1  | 
load-k6-1  | running (0m21.0s), 21/30 VUs, 2231 complete and 0 interrupted iterations
load-k6-1  | fspiopQuotes   [   6% ] 21/30 VUs  0m21.0s/5m30.0s
load-k6-1  | 
load-k6-1  | 
load-k6-1  | running (0m22.0s), 22/30 VUs, 2352 complete and 0 interrupted iterations
load-k6-1  | fspiopQuotes   [   7% ] 22/30 VUs  0m22.0s/5m30.0s
load-k6-1  | 
load-k6-1  | 
load-k6-1  | running (0m23.0s), 23/30 VUs, 2477 complete and 0 interrupted iterations
load-k6-1  | fspiopQuotes   [   7% ] 23/30 VUs  0m23.0s/5m30.0s
load-k6-1  | 
load-k6-1  | 
load-k6-1  | running (0m24.0s), 24/30 VUs, 2605 complete and 0 interrupted iterations
load-k6-1  | fspiopQuotes   [   7% ] 24/30 VUs  0m24.0s/5m30.0s
load-k6-1  | 
load-k6-1  | 
load-k6-1  | running (0m25.0s), 25/30 VUs, 2725 complete and 0 interrupted iterations
load-k6-1  | fspiopQuotes   [   8% ] 25/30 VUs  0m25.0s/5m30.0s
load-k6-1  | 
load-k6-1  | 
load-k6-1  | running (0m26.0s), 26/30 VUs, 2845 complete and 0 interrupted iterations
load-k6-1  | fspiopQuotes   [   8% ] 26/30 VUs  0m26.0s/5m30.0s
load-k6-1  | 
load-k6-1  | 
load-k6-1  | running (0m27.0s), 27/30 VUs, 2978 complete and 0 interrupted iterations
load-k6-1  | fspiopQuotes   [   8% ] 27/30 VUs  0m27.0s/5m30.0s
load-k6-1  | 
load-k6-1  | 
load-k6-1  | running (0m28.0s), 28/30 VUs, 3105 complete and 0 interrupted iterations
load-k6-1  | fspiopQuotes   [   8% ] 28/30 VUs  0m28.0s/5m30.0s
load-k6-1  | 
load-k6-1  | 
load-k6-1  | running (0m29.0s), 29/30 VUs, 3239 complete and 0 interrupted iterations
load-k6-1  | fspiopQuotes   [   9% ] 29/30 VUs  0m29.0s/5m30.0s
load-k6-1  | 
load-k6-1  | 
load-k6-1  | running (0m30.0s), 29/30 VUs, 3368 complete and 0 interrupted iterations
load-k6-1  | fspiopQuotes   [   9% ] 29/30 VUs  0m30.0s/5m30.0s
load-k6-1  | 
load-k6-1  | 
load-k6-1  | running (0m31.0s), 30/30 VUs, 3499 complete and 0 interrupted iterations
load-k6-1  | fspiopQuotes   [   9% ] 30/30 VUs  0m31.0s/5m30.0s
load-k6-1  | 
load-k6-1  | 
load-k6-1  | running (0m32.0s), 30/30 VUs, 3626 complete and 0 interrupted iterations
load-k6-1  | fspiopQuotes   [  10% ] 30/30 VUs  0m32.0s/5m30.0s
load-k6-1  | 
load-k6-1  | 
load-k6-1  | running (0m33.0s), 30/30 VUs, 3755 complete and 0 interrupted iterations
load-k6-1  | fspiopQuotes   [  10% ] 30/30 VUs  0m33.0s/5m30.0s
load-k6-1  | 
load-k6-1  | 
load-k6-1  | running (0m34.0s), 30/30 VUs, 3878 complete and 0 interrupted iterations
load-k6-1  | fspiopQuotes   [  10% ] 30/30 VUs  0m34.0s/5m30.0s
load-k6-1  | 
load-k6-1  | 
load-k6-1  | running (0m35.0s), 30/30 VUs, 4007 complete and 0 interrupted iterations
load-k6-1  | fspiopQuotes   [  11% ] 30/30 VUs  0m35.0s/5m30.0s
load-k6-1  | 
load-k6-1  | 
load-k6-1  | running (0m36.0s), 30/30 VUs, 4134 complete and 0 interrupted iterations
load-k6-1  | fspiopQuotes   [  11% ] 30/30 VUs  0m36.0s/5m30.0s
load-k6-1  | 
load-k6-1  | 
load-k6-1  | running (0m37.0s), 30/30 VUs, 4261 complete and 0 interrupted iterations
load-k6-1  | fspiopQuotes   [  11% ] 30/30 VUs  0m37.0s/5m30.0s
load-k6-1  | 
load-k6-1  | 
load-k6-1  | running (0m38.0s), 30/30 VUs, 4385 complete and 0 interrupted iterations
load-k6-1  | fspiopQuotes   [  12% ] 30/30 VUs  0m38.0s/5m30.0s
load-k6-1  | 
load-k6-1  | 
load-k6-1  | running (0m39.0s), 30/30 VUs, 4512 complete and 0 interrupted iterations
load-k6-1  | fspiopQuotes   [  12% ] 30/30 VUs  0m39.0s/5m30.0s
load-k6-1  | 
load-k6-1  | 
load-k6-1  | running (0m40.0s), 30/30 VUs, 4633 complete and 0 interrupted iterations
load-k6-1  | fspiopQuotes   [  12% ] 30/30 VUs  0m40.0s/5m30.0s
load-k6-1  | 
load-k6-1  | 
load-k6-1  | running (0m41.0s), 30/30 VUs, 4754 complete and 0 interrupted iterations
load-k6-1  | fspiopQuotes   [  12% ] 30/30 VUs  0m41.0s/5m30.0s
load-k6-1  | 
load-k6-1  | 
load-k6-1  | running (0m42.0s), 30/30 VUs, 4876 complete and 0 interrupted iterations
load-k6-1  | fspiopQuotes   [  13% ] 30/30 VUs  0m42.0s/5m30.0s
load-k6-1  | 
load-k6-1  | 
load-k6-1  | running (0m43.0s), 30/30 VUs, 5003 complete and 0 interrupted iterations
load-k6-1  | fspiopQuotes   [  13% ] 30/30 VUs  0m43.0s/5m30.0s
load-k6-1  | 
load-k6-1  | 
load-k6-1  | running (0m44.0s), 30/30 VUs, 5127 complete and 0 interrupted iterations
load-k6-1  | fspiopQuotes   [  13% ] 30/30 VUs  0m44.0s/5m30.0s
load-k6-1  | 
load-k6-1  | 
load-k6-1  | running (0m45.0s), 30/30 VUs, 5252 complete and 0 interrupted iterations
load-k6-1  | fspiopQuotes   [  14% ] 30/30 VUs  0m45.0s/5m30.0s
load-k6-1  | 
load-k6-1  | 
load-k6-1  | running (0m46.0s), 30/30 VUs, 5379 complete and 0 interrupted iterations
load-k6-1  | fspiopQuotes   [  14% ] 30/30 VUs  0m46.0s/5m30.0s
load-k6-1  | 
load-k6-1  | 
load-k6-1  | running (0m47.0s), 30/30 VUs, 5509 complete and 0 interrupted iterations
load-k6-1  | fspiopQuotes   [  14% ] 30/30 VUs  0m47.0s/5m30.0s
load-k6-1  | 
load-k6-1  | 
load-k6-1  | running (0m48.0s), 30/30 VUs, 5639 complete and 0 interrupted iterations
load-k6-1  | fspiopQuotes   [  15% ] 30/30 VUs  0m48.0s/5m30.0s
load-k6-1  | 
load-k6-1  | 
load-k6-1  | running (0m49.0s), 30/30 VUs, 5763 complete and 0 interrupted iterations
load-k6-1  | fspiopQuotes   [  15% ] 30/30 VUs  0m49.0s/5m30.0s
load-k6-1  | 
load-k6-1  | 
load-k6-1  | running (0m50.0s), 30/30 VUs, 5888 complete and 0 interrupted iterations
load-k6-1  | fspiopQuotes   [  15% ] 30/30 VUs  0m50.0s/5m30.0s
load-k6-1  | 
load-k6-1  | 
load-k6-1  | running (0m51.0s), 30/30 VUs, 6019 complete and 0 interrupted iterations
load-k6-1  | fspiopQuotes   [  15% ] 30/30 VUs  0m51.0s/5m30.0s
load-k6-1  | 
load-k6-1  | 
load-k6-1  | running (0m52.0s), 30/30 VUs, 6137 complete and 0 interrupted iterations
load-k6-1  | fspiopQuotes   [  16% ] 30/30 VUs  0m52.0s/5m30.0s
load-k6-1  | 
load-k6-1  | 
load-k6-1  | running (0m53.0s), 30/30 VUs, 6268 complete and 0 interrupted iterations
load-k6-1  | fspiopQuotes   [  16% ] 30/30 VUs  0m53.0s/5m30.0s
load-k6-1  | 
load-k6-1  | 
load-k6-1  | running (0m54.0s), 30/30 VUs, 6396 complete and 0 interrupted iterations
load-k6-1  | fspiopQuotes   [  16% ] 30/30 VUs  0m54.0s/5m30.0s
load-k6-1  | 
load-k6-1  | 
load-k6-1  | running (0m55.0s), 30/30 VUs, 6525 complete and 0 interrupted iterations
load-k6-1  | fspiopQuotes   [  17% ] 30/30 VUs  0m55.0s/5m30.0s
load-k6-1  | 
load-k6-1  | 
load-k6-1  | running (0m56.0s), 30/30 VUs, 6651 complete and 0 interrupted iterations
load-k6-1  | fspiopQuotes   [  17% ] 30/30 VUs  0m56.0s/5m30.0s
load-k6-1  | 
load-k6-1  | 
load-k6-1  | running (0m57.0s), 30/30 VUs, 6778 complete and 0 interrupted iterations
load-k6-1  | fspiopQuotes   [  17% ] 30/30 VUs  0m57.0s/5m30.0s
load-k6-1  | 
load-k6-1  | 
load-k6-1  | running (0m58.0s), 30/30 VUs, 6903 complete and 0 interrupted iterations
load-k6-1  | fspiopQuotes   [  18% ] 30/30 VUs  0m58.0s/5m30.0s
load-k6-1  | 
load-k6-1  | 
load-k6-1  | running (0m59.0s), 30/30 VUs, 7025 complete and 0 interrupted iterations
load-k6-1  | fspiopQuotes   [  18% ] 30/30 VUs  0m59.0s/5m30.0s
load-k6-1  | 
load-k6-1  | 
load-k6-1  | running (1m00.0s), 30/30 VUs, 7151 complete and 0 interrupted iterations
load-k6-1  | fspiopQuotes   [  18% ] 30/30 VUs  1m00.0s/5m30.0s
load-k6-1  | 
load-k6-1  | 
load-k6-1  | running (1m01.0s), 30/30 VUs, 7271 complete and 0 interrupted iterations
load-k6-1  | fspiopQuotes   [  18% ] 30/30 VUs  1m01.0s/5m30.0s
load-k6-1  | 
load-k6-1  | 
load-k6-1  | running (1m02.0s), 30/30 VUs, 7395 complete and 0 interrupted iterations
load-k6-1  | fspiopQuotes   [  19% ] 30/30 VUs  1m02.0s/5m30.0s
load-k6-1  | 
load-k6-1  | 
load-k6-1  | running (1m03.0s), 30/30 VUs, 7528 complete and 0 interrupted iterations
load-k6-1  | fspiopQuotes   [  19% ] 30/30 VUs  1m03.0s/5m30.0s
load-k6-1  | 
load-k6-1  | 
load-k6-1  | running (1m04.0s), 30/30 VUs, 7649 complete and 0 interrupted iterations
load-k6-1  | fspiopQuotes   [  19% ] 30/30 VUs  1m04.0s/5m30.0s
load-k6-1  | 
load-k6-1  | 
load-k6-1  | running (1m05.0s), 30/30 VUs, 7777 complete and 0 interrupted iterations
load-k6-1  | fspiopQuotes   [  20% ] 30/30 VUs  1m05.0s/5m30.0s
load-k6-1  | 
load-k6-1  | 
load-k6-1  | running (1m06.0s), 30/30 VUs, 7910 complete and 0 interrupted iterations
load-k6-1  | fspiopQuotes   [  20% ] 30/30 VUs  1m06.0s/5m30.0s
load-k6-1  | 
load-k6-1  | 
load-k6-1  | running (1m07.0s), 30/30 VUs, 8036 complete and 0 interrupted iterations
load-k6-1  | fspiopQuotes   [  20% ] 30/30 VUs  1m07.0s/5m30.0s
load-k6-1  | 
load-k6-1  | 
load-k6-1  | running (1m08.0s), 30/30 VUs, 8168 complete and 0 interrupted iterations
load-k6-1  | fspiopQuotes   [  21% ] 30/30 VUs  1m08.0s/5m30.0s
load-k6-1  | 
load-k6-1  | 
load-k6-1  | running (1m09.0s), 30/30 VUs, 8291 complete and 0 interrupted iterations
load-k6-1  | fspiopQuotes   [  21% ] 30/30 VUs  1m09.0s/5m30.0s
load-k6-1  | 
load-k6-1  | 
load-k6-1  | running (1m10.0s), 30/30 VUs, 8420 complete and 0 interrupted iterations
load-k6-1  | fspiopQuotes   [  21% ] 30/30 VUs  1m10.0s/5m30.0s
load-k6-1  | 
load-k6-1  | 
load-k6-1  | running (1m11.0s), 30/30 VUs, 8553 complete and 0 interrupted iterations
load-k6-1  | fspiopQuotes   [  22% ] 30/30 VUs  1m11.0s/5m30.0s
load-k6-1  | 
load-k6-1  | 
load-k6-1  | running (1m12.0s), 30/30 VUs, 8682 complete and 0 interrupted iterations
load-k6-1  | fspiopQuotes   [  22% ] 30/30 VUs  1m12.0s/5m30.0s
load-k6-1  | 
load-k6-1  | 
load-k6-1  | running (1m13.0s), 30/30 VUs, 8811 complete and 0 interrupted iterations
load-k6-1  | fspiopQuotes   [  22% ] 30/30 VUs  1m13.0s/5m30.0s
load-k6-1  | 
load-k6-1  | 
load-k6-1  | running (1m14.0s), 30/30 VUs, 8936 complete and 0 interrupted iterations
load-k6-1  | fspiopQuotes   [  22% ] 30/30 VUs  1m14.0s/5m30.0s
load-k6-1  | 
load-k6-1  | 
load-k6-1  | running (1m15.0s), 30/30 VUs, 9060 complete and 0 interrupted iterations
load-k6-1  | fspiopQuotes   [  23% ] 30/30 VUs  1m15.0s/5m30.0s
load-k6-1  | 
load-k6-1  | 
load-k6-1  | running (1m16.0s), 30/30 VUs, 9181 complete and 0 interrupted iterations
load-k6-1  | fspiopQuotes   [  23% ] 30/30 VUs  1m16.0s/5m30.0s
load-k6-1  | 
load-k6-1  | 
load-k6-1  | running (1m17.0s), 30/30 VUs, 9310 complete and 0 interrupted iterations
load-k6-1  | fspiopQuotes   [  23% ] 30/30 VUs  1m17.0s/5m30.0s
load-k6-1  | 
load-k6-1  | 
load-k6-1  | running (1m18.0s), 30/30 VUs, 9438 complete and 0 interrupted iterations
load-k6-1  | fspiopQuotes   [  24% ] 30/30 VUs  1m18.0s/5m30.0s
load-k6-1  | 
load-k6-1  | 
load-k6-1  | running (1m19.0s), 30/30 VUs, 9560 complete and 0 interrupted iterations
load-k6-1  | fspiopQuotes   [  24% ] 30/30 VUs  1m19.0s/5m30.0s
load-k6-1  | 
load-k6-1  | 
load-k6-1  | running (1m20.0s), 30/30 VUs, 9688 complete and 0 interrupted iterations
load-k6-1  | fspiopQuotes   [  24% ] 30/30 VUs  1m20.0s/5m30.0s
load-k6-1  | 
load-k6-1  | 
load-k6-1  | running (1m21.0s), 30/30 VUs, 9810 complete and 0 interrupted iterations
load-k6-1  | fspiopQuotes   [  25% ] 30/30 VUs  1m21.0s/5m30.0s
load-k6-1  | 
load-k6-1  | 
load-k6-1  | running (1m22.0s), 30/30 VUs, 9937 complete and 0 interrupted iterations
load-k6-1  | fspiopQuotes   [  25% ] 30/30 VUs  1m22.0s/5m30.0s
load-k6-1  | 
load-k6-1  | 
load-k6-1  | running (1m23.0s), 30/30 VUs, 10061 complete and 0 interrupted iterations
load-k6-1  | fspiopQuotes   [  25% ] 30/30 VUs  1m23.0s/5m30.0s
load-k6-1  | 
load-k6-1  | 
load-k6-1  | running (1m24.0s), 30/30 VUs, 10189 complete and 0 interrupted iterations
load-k6-1  | fspiopQuotes   [  25% ] 30/30 VUs  1m24.0s/5m30.0s
load-k6-1  | 
load-k6-1  | 
load-k6-1  | running (1m25.0s), 30/30 VUs, 10308 complete and 0 interrupted iterations
load-k6-1  | fspiopQuotes   [  26% ] 30/30 VUs  1m25.0s/5m30.0s
load-k6-1  | 
load-k6-1  | 
load-k6-1  | running (1m26.0s), 30/30 VUs, 10432 complete and 0 interrupted iterations
load-k6-1  | fspiopQuotes   [  26% ] 30/30 VUs  1m26.0s/5m30.0s
load-k6-1  | 
load-k6-1  | 
load-k6-1  | running (1m27.0s), 30/30 VUs, 10561 complete and 0 interrupted iterations
load-k6-1  | fspiopQuotes   [  26% ] 30/30 VUs  1m27.0s/5m30.0s
load-k6-1  | 
load-k6-1  | 
load-k6-1  | running (1m28.0s), 30/30 VUs, 10684 complete and 0 interrupted iterations
load-k6-1  | fspiopQuotes   [  27% ] 30/30 VUs  1m28.0s/5m30.0s
load-k6-1  | 
load-k6-1  | 
load-k6-1  | running (1m29.0s), 30/30 VUs, 10798 complete and 0 interrupted iterations
load-k6-1  | fspiopQuotes   [  27% ] 30/30 VUs  1m29.0s/5m30.0s
load-k6-1  | 
load-k6-1  | 
load-k6-1  | running (1m30.0s), 30/30 VUs, 10924 complete and 0 interrupted iterations
load-k6-1  | fspiopQuotes   [  27% ] 30/30 VUs  1m30.0s/5m30.0s
load-k6-1  | 
load-k6-1  | 
load-k6-1  | running (1m31.0s), 30/30 VUs, 11045 complete and 0 interrupted iterations
load-k6-1  | fspiopQuotes   [  28% ] 30/30 VUs  1m31.0s/5m30.0s
load-k6-1  | 
load-k6-1  | 
load-k6-1  | running (1m32.0s), 30/30 VUs, 11169 complete and 0 interrupted iterations
load-k6-1  | fspiopQuotes   [  28% ] 30/30 VUs  1m32.0s/5m30.0s
load-k6-1  | 
load-k6-1  | 
load-k6-1  | running (1m33.0s), 30/30 VUs, 11298 complete and 0 interrupted iterations
load-k6-1  | fspiopQuotes   [  28% ] 30/30 VUs  1m33.0s/5m30.0s
load-k6-1  | 
load-k6-1  | 
load-k6-1  | running (1m34.0s), 30/30 VUs, 11427 complete and 0 interrupted iterations
load-k6-1  | fspiopQuotes   [  28% ] 30/30 VUs  1m34.0s/5m30.0s
load-k6-1  | 
load-k6-1  | 
load-k6-1  | running (1m35.0s), 30/30 VUs, 11552 complete and 0 interrupted iterations
load-k6-1  | fspiopQuotes   [  29% ] 30/30 VUs  1m35.0s/5m30.0s
load-k6-1  | 
load-k6-1  | 
load-k6-1  | running (1m36.0s), 30/30 VUs, 11677 complete and 0 interrupted iterations
load-k6-1  | fspiopQuotes   [  29% ] 30/30 VUs  1m36.0s/5m30.0s
load-k6-1  | 
load-k6-1  | 
load-k6-1  | running (1m37.0s), 30/30 VUs, 11802 complete and 0 interrupted iterations
load-k6-1  | fspiopQuotes   [  29% ] 30/30 VUs  1m37.0s/5m30.0s
load-k6-1  | 
load-k6-1  | 
load-k6-1  | running (1m38.0s), 30/30 VUs, 11925 complete and 0 interrupted iterations
load-k6-1  | fspiopQuotes   [  30% ] 30/30 VUs  1m38.0s/5m30.0s
load-k6-1  | 
load-k6-1  | 
load-k6-1  | running (1m39.0s), 30/30 VUs, 12049 complete and 0 interrupted iterations
load-k6-1  | fspiopQuotes   [  30% ] 30/30 VUs  1m39.0s/5m30.0s
load-k6-1  | 
load-k6-1  | 
load-k6-1  | running (1m40.0s), 30/30 VUs, 12178 complete and 0 interrupted iterations
load-k6-1  | fspiopQuotes   [  30% ] 30/30 VUs  1m40.0s/5m30.0s
load-k6-1  | 
load-k6-1  | 
load-k6-1  | running (1m41.0s), 30/30 VUs, 12304 complete and 0 interrupted iterations
load-k6-1  | fspiopQuotes   [  31% ] 30/30 VUs  1m41.0s/5m30.0s
load-k6-1  | 
load-k6-1  | 
load-k6-1  | running (1m42.0s), 30/30 VUs, 12433 complete and 0 interrupted iterations
load-k6-1  | fspiopQuotes   [  31% ] 30/30 VUs  1m42.0s/5m30.0s
load-k6-1  | 
load-k6-1  | 
load-k6-1  | running (1m43.0s), 30/30 VUs, 12569 complete and 0 interrupted iterations
load-k6-1  | fspiopQuotes   [  31% ] 30/30 VUs  1m43.0s/5m30.0s
load-k6-1  | 
load-k6-1  | 
load-k6-1  | running (1m44.0s), 30/30 VUs, 12697 complete and 0 interrupted iterations
load-k6-1  | fspiopQuotes   [  32% ] 30/30 VUs  1m44.0s/5m30.0s
load-k6-1  | 
load-k6-1  | 
load-k6-1  | running (1m45.0s), 30/30 VUs, 12828 complete and 0 interrupted iterations
load-k6-1  | fspiopQuotes   [  32% ] 30/30 VUs  1m45.0s/5m30.0s
load-k6-1  | 
load-k6-1  | 
load-k6-1  | running (1m46.0s), 30/30 VUs, 12962 complete and 0 interrupted iterations
load-k6-1  | fspiopQuotes   [  32% ] 30/30 VUs  1m46.0s/5m30.0s
load-k6-1  | 
load-k6-1  | 
load-k6-1  | running (1m47.0s), 30/30 VUs, 13092 complete and 0 interrupted iterations
load-k6-1  | fspiopQuotes   [  32% ] 30/30 VUs  1m47.0s/5m30.0s
load-k6-1  | 
load-k6-1  | 
load-k6-1  | running (1m48.0s), 30/30 VUs, 13219 complete and 0 interrupted iterations
load-k6-1  | fspiopQuotes   [  33% ] 30/30 VUs  1m48.0s/5m30.0s
load-k6-1  | 
load-k6-1  | 
load-k6-1  | running (1m49.0s), 30/30 VUs, 13354 complete and 0 interrupted iterations
load-k6-1  | fspiopQuotes   [  33% ] 30/30 VUs  1m49.0s/5m30.0s
load-k6-1  | 
load-k6-1  | 
load-k6-1  | running (1m50.0s), 30/30 VUs, 13484 complete and 0 interrupted iterations
load-k6-1  | fspiopQuotes   [  33% ] 30/30 VUs  1m50.0s/5m30.0s
load-k6-1  | 
load-k6-1  | 
load-k6-1  | running (1m51.0s), 30/30 VUs, 13612 complete and 0 interrupted iterations
load-k6-1  | fspiopQuotes   [  34% ] 30/30 VUs  1m51.0s/5m30.0s
load-k6-1  | 
load-k6-1  | 
load-k6-1  | running (1m52.0s), 30/30 VUs, 13736 complete and 0 interrupted iterations
load-k6-1  | fspiopQuotes   [  34% ] 30/30 VUs  1m52.0s/5m30.0s
load-k6-1  | 
load-k6-1  | 
load-k6-1  | running (1m53.0s), 30/30 VUs, 13861 complete and 0 interrupted iterations
load-k6-1  | fspiopQuotes   [  34% ] 30/30 VUs  1m53.0s/5m30.0s
load-k6-1  | 
load-k6-1  | 
load-k6-1  | running (1m54.0s), 30/30 VUs, 13992 complete and 0 interrupted iterations
load-k6-1  | fspiopQuotes   [  35% ] 30/30 VUs  1m54.0s/5m30.0s
load-k6-1  | 
load-k6-1  | 
load-k6-1  | running (1m55.0s), 30/30 VUs, 14131 complete and 0 interrupted iterations
load-k6-1  | fspiopQuotes   [  35% ] 30/30 VUs  1m55.0s/5m30.0s
load-k6-1  | 
load-k6-1  | 
load-k6-1  | running (1m56.0s), 30/30 VUs, 14272 complete and 0 interrupted iterations
load-k6-1  | fspiopQuotes   [  35% ] 30/30 VUs  1m56.0s/5m30.0s
load-k6-1  | 
load-k6-1  | 
load-k6-1  | running (1m57.0s), 30/30 VUs, 14408 complete and 0 interrupted iterations
load-k6-1  | fspiopQuotes   [  35% ] 30/30 VUs  1m57.0s/5m30.0s
load-k6-1  | 
load-k6-1  | 
load-k6-1  | running (1m58.0s), 30/30 VUs, 14545 complete and 0 interrupted iterations
load-k6-1  | fspiopQuotes   [  36% ] 30/30 VUs  1m58.0s/5m30.0s
load-k6-1  | 
load-k6-1  | 
load-k6-1  | running (1m59.0s), 30/30 VUs, 14677 complete and 0 interrupted iterations
load-k6-1  | fspiopQuotes   [  36% ] 30/30 VUs  1m59.0s/5m30.0s
load-k6-1  | 
load-k6-1  | 
load-k6-1  | running (2m00.0s), 30/30 VUs, 14813 complete and 0 interrupted iterations
load-k6-1  | fspiopQuotes   [  36% ] 30/30 VUs  2m00.0s/5m30.0s
load-k6-1  | 
load-k6-1  | 
load-k6-1  | running (2m01.0s), 30/30 VUs, 14940 complete and 0 interrupted iterations
load-k6-1  | fspiopQuotes   [  37% ] 30/30 VUs  2m01.0s/5m30.0s
load-k6-1  | 
load-k6-1  | 
load-k6-1  | running (2m02.0s), 30/30 VUs, 15069 complete and 0 interrupted iterations
load-k6-1  | fspiopQuotes   [  37% ] 30/30 VUs  2m02.0s/5m30.0s
load-k6-1  | 
load-k6-1  | 
load-k6-1  | running (2m03.0s), 30/30 VUs, 15197 complete and 0 interrupted iterations
load-k6-1  | fspiopQuotes   [  37% ] 30/30 VUs  2m03.0s/5m30.0s
load-k6-1  | 
load-k6-1  | 
load-k6-1  | running (2m04.0s), 30/30 VUs, 15325 complete and 0 interrupted iterations
load-k6-1  | fspiopQuotes   [  38% ] 30/30 VUs  2m04.0s/5m30.0s
load-k6-1  | 
load-k6-1  | 
load-k6-1  | running (2m05.0s), 30/30 VUs, 15453 complete and 0 interrupted iterations
load-k6-1  | fspiopQuotes   [  38% ] 30/30 VUs  2m05.0s/5m30.0s
load-k6-1  | 
load-k6-1  | 
load-k6-1  | running (2m06.0s), 30/30 VUs, 15580 complete and 0 interrupted iterations
load-k6-1  | fspiopQuotes   [  38% ] 30/30 VUs  2m06.0s/5m30.0s
load-k6-1  | 
load-k6-1  | 
load-k6-1  | running (2m07.0s), 30/30 VUs, 15706 complete and 0 interrupted iterations
load-k6-1  | fspiopQuotes   [  38% ] 30/30 VUs  2m07.0s/5m30.0s
load-k6-1  | 
load-k6-1  | 
load-k6-1  | running (2m08.0s), 30/30 VUs, 15834 complete and 0 interrupted iterations
load-k6-1  | fspiopQuotes   [  39% ] 30/30 VUs  2m08.0s/5m30.0s
load-k6-1  | 
load-k6-1  | 
load-k6-1  | running (2m09.0s), 30/30 VUs, 15966 complete and 0 interrupted iterations
load-k6-1  | fspiopQuotes   [  39% ] 30/30 VUs  2m09.0s/5m30.0s
load-k6-1  | 
load-k6-1  | 
load-k6-1  | running (2m10.0s), 30/30 VUs, 16090 complete and 0 interrupted iterations
load-k6-1  | fspiopQuotes   [  39% ] 30/30 VUs  2m10.0s/5m30.0s
load-k6-1  | 
load-k6-1  | 
load-k6-1  | running (2m11.0s), 30/30 VUs, 16220 complete and 0 interrupted iterations
load-k6-1  | fspiopQuotes   [  40% ] 30/30 VUs  2m11.0s/5m30.0s
load-k6-1  | 
load-k6-1  | 
load-k6-1  | running (2m12.0s), 30/30 VUs, 16348 complete and 0 interrupted iterations
load-k6-1  | fspiopQuotes   [  40% ] 30/30 VUs  2m12.0s/5m30.0s
load-k6-1  | 
load-k6-1  | 
load-k6-1  | running (2m13.0s), 30/30 VUs, 16482 complete and 0 interrupted iterations
load-k6-1  | fspiopQuotes   [  40% ] 30/30 VUs  2m13.0s/5m30.0s
load-k6-1  | 
load-k6-1  | 
load-k6-1  | running (2m14.0s), 30/30 VUs, 16610 complete and 0 interrupted iterations
load-k6-1  | fspiopQuotes   [  41% ] 30/30 VUs  2m14.0s/5m30.0s
load-k6-1  | 
load-k6-1  | 
load-k6-1  | running (2m15.0s), 30/30 VUs, 16736 complete and 0 interrupted iterations
load-k6-1  | fspiopQuotes   [  41% ] 30/30 VUs  2m15.0s/5m30.0s
load-k6-1  | 
load-k6-1  | 
load-k6-1  | running (2m16.0s), 30/30 VUs, 16858 complete and 0 interrupted iterations
load-k6-1  | fspiopQuotes   [  41% ] 30/30 VUs  2m16.0s/5m30.0s
load-k6-1  | 
load-k6-1  | 
load-k6-1  | running (2m17.0s), 30/30 VUs, 16978 complete and 0 interrupted iterations
load-k6-1  | fspiopQuotes   [  42% ] 30/30 VUs  2m17.0s/5m30.0s
load-k6-1  | 
load-k6-1  | 
load-k6-1  | running (2m18.0s), 30/30 VUs, 17097 complete and 0 interrupted iterations
load-k6-1  | fspiopQuotes   [  42% ] 30/30 VUs  2m18.0s/5m30.0s
load-k6-1  | 
load-k6-1  | 
load-k6-1  | running (2m19.0s), 30/30 VUs, 17215 complete and 0 interrupted iterations
load-k6-1  | fspiopQuotes   [  42% ] 30/30 VUs  2m19.0s/5m30.0s
load-k6-1  | 
load-k6-1  | 
load-k6-1  | running (2m20.0s), 30/30 VUs, 17337 complete and 0 interrupted iterations
load-k6-1  | fspiopQuotes   [  42% ] 30/30 VUs  2m20.0s/5m30.0s
load-k6-1  | 
load-k6-1  | 
load-k6-1  | running (2m21.0s), 30/30 VUs, 17460 complete and 0 interrupted iterations
load-k6-1  | fspiopQuotes   [  43% ] 30/30 VUs  2m21.0s/5m30.0s
load-k6-1  | 
load-k6-1  | 
load-k6-1  | running (2m22.0s), 30/30 VUs, 17584 complete and 0 interrupted iterations
load-k6-1  | fspiopQuotes   [  43% ] 30/30 VUs  2m22.0s/5m30.0s
load-k6-1  | 
load-k6-1  | 
load-k6-1  | running (2m23.0s), 30/30 VUs, 17716 complete and 0 interrupted iterations
load-k6-1  | fspiopQuotes   [  43% ] 30/30 VUs  2m23.0s/5m30.0s
load-k6-1  | 
load-k6-1  | 
load-k6-1  | running (2m24.0s), 30/30 VUs, 17843 complete and 0 interrupted iterations
load-k6-1  | fspiopQuotes   [  44% ] 30/30 VUs  2m24.0s/5m30.0s
load-k6-1  | 
load-k6-1  | 
load-k6-1  | running (2m25.0s), 30/30 VUs, 17965 complete and 0 interrupted iterations
load-k6-1  | fspiopQuotes   [  44% ] 30/30 VUs  2m25.0s/5m30.0s
load-k6-1  | 
load-k6-1  | 
load-k6-1  | running (2m26.0s), 30/30 VUs, 18089 complete and 0 interrupted iterations
load-k6-1  | fspiopQuotes   [  44% ] 30/30 VUs  2m26.0s/5m30.0s
load-k6-1  | 
load-k6-1  | 
load-k6-1  | running (2m27.0s), 30/30 VUs, 18212 complete and 0 interrupted iterations
load-k6-1  | fspiopQuotes   [  45% ] 30/30 VUs  2m27.0s/5m30.0s
load-k6-1  | 
load-k6-1  | 
load-k6-1  | running (2m28.0s), 30/30 VUs, 18334 complete and 0 interrupted iterations
load-k6-1  | fspiopQuotes   [  45% ] 30/30 VUs  2m28.0s/5m30.0s
load-k6-1  | 
load-k6-1  | 
load-k6-1  | running (2m29.0s), 30/30 VUs, 18454 complete and 0 interrupted iterations
load-k6-1  | fspiopQuotes   [  45% ] 30/30 VUs  2m29.0s/5m30.0s
load-k6-1  | 
load-k6-1  | 
load-k6-1  | running (2m30.0s), 30/30 VUs, 18581 complete and 0 interrupted iterations
load-k6-1  | fspiopQuotes   [  45% ] 30/30 VUs  2m30.0s/5m30.0s
load-k6-1  | 
load-k6-1  | 
load-k6-1  | running (2m31.0s), 30/30 VUs, 18701 complete and 0 interrupted iterations
load-k6-1  | fspiopQuotes   [  46% ] 30/30 VUs  2m31.0s/5m30.0s
load-k6-1  | 
load-k6-1  | 
load-k6-1  | running (2m32.0s), 30/30 VUs, 18825 complete and 0 interrupted iterations
load-k6-1  | fspiopQuotes   [  46% ] 30/30 VUs  2m32.0s/5m30.0s
load-k6-1  | 
load-k6-1  | 
load-k6-1  | running (2m33.0s), 30/30 VUs, 18952 complete and 0 interrupted iterations
load-k6-1  | fspiopQuotes   [  46% ] 30/30 VUs  2m33.0s/5m30.0s
load-k6-1  | 
load-k6-1  | 
load-k6-1  | running (2m34.0s), 30/30 VUs, 19073 complete and 0 interrupted iterations
load-k6-1  | fspiopQuotes   [  47% ] 30/30 VUs  2m34.0s/5m30.0s
load-k6-1  | 
load-k6-1  | 
load-k6-1  | running (2m35.0s), 30/30 VUs, 19200 complete and 0 interrupted iterations
load-k6-1  | fspiopQuotes   [  47% ] 30/30 VUs  2m35.0s/5m30.0s
load-k6-1  | 
load-k6-1  | 
load-k6-1  | running (2m36.0s), 30/30 VUs, 19326 complete and 0 interrupted iterations
load-k6-1  | fspiopQuotes   [  47% ] 30/30 VUs  2m36.0s/5m30.0s
load-k6-1  | 
load-k6-1  | 
load-k6-1  | running (2m37.0s), 30/30 VUs, 19451 complete and 0 interrupted iterations
load-k6-1  | fspiopQuotes   [  48% ] 30/30 VUs  2m37.0s/5m30.0s
load-k6-1  | 
load-k6-1  | 
load-k6-1  | running (2m38.0s), 30/30 VUs, 19573 complete and 0 interrupted iterations
load-k6-1  | fspiopQuotes   [  48% ] 30/30 VUs  2m38.0s/5m30.0s
load-k6-1  | 
load-k6-1  | 
load-k6-1  | running (2m39.0s), 30/30 VUs, 19700 complete and 0 interrupted iterations
load-k6-1  | fspiopQuotes   [  48% ] 30/30 VUs  2m39.0s/5m30.0s
load-k6-1  | 
load-k6-1  | 
load-k6-1  | running (2m40.0s), 30/30 VUs, 19829 complete and 0 interrupted iterations
load-k6-1  | fspiopQuotes   [  48% ] 30/30 VUs  2m40.0s/5m30.0s
load-k6-1  | 
load-k6-1  | 
load-k6-1  | running (2m41.0s), 30/30 VUs, 19956 complete and 0 interrupted iterations
load-k6-1  | fspiopQuotes   [  49% ] 30/30 VUs  2m41.0s/5m30.0s
load-k6-1  | 
load-k6-1  | 
load-k6-1  | running (2m42.0s), 30/30 VUs, 20084 complete and 0 interrupted iterations
load-k6-1  | fspiopQuotes   [  49% ] 30/30 VUs  2m42.0s/5m30.0s
load-k6-1  | 
load-k6-1  | 
load-k6-1  | running (2m43.0s), 30/30 VUs, 20213 complete and 0 interrupted iterations
load-k6-1  | fspiopQuotes   [  49% ] 30/30 VUs  2m43.0s/5m30.0s
load-k6-1  | 
load-k6-1  | 
load-k6-1  | running (2m44.0s), 30/30 VUs, 20340 complete and 0 interrupted iterations
load-k6-1  | fspiopQuotes   [  50% ] 30/30 VUs  2m44.0s/5m30.0s
load-k6-1  | 
load-k6-1  | 
load-k6-1  | running (2m45.0s), 30/30 VUs, 20467 complete and 0 interrupted iterations
load-k6-1  | fspiopQuotes   [  50% ] 30/30 VUs  2m45.0s/5m30.0s
load-k6-1  | 
load-k6-1  | 
load-k6-1  | running (2m46.0s), 30/30 VUs, 20596 complete and 0 interrupted iterations
load-k6-1  | fspiopQuotes   [  50% ] 30/30 VUs  2m46.0s/5m30.0s
load-k6-1  | 
load-k6-1  | 
load-k6-1  | running (2m47.0s), 30/30 VUs, 20720 complete and 0 interrupted iterations
load-k6-1  | fspiopQuotes   [  51% ] 30/30 VUs  2m47.0s/5m30.0s
load-k6-1  | 
load-k6-1  | 
load-k6-1  | running (2m48.0s), 30/30 VUs, 20849 complete and 0 interrupted iterations
load-k6-1  | fspiopQuotes   [  51% ] 30/30 VUs  2m48.0s/5m30.0s
load-k6-1  | 
load-k6-1  | 
load-k6-1  | running (2m49.0s), 30/30 VUs, 20984 complete and 0 interrupted iterations
load-k6-1  | fspiopQuotes   [  51% ] 30/30 VUs  2m49.0s/5m30.0s
load-k6-1  | 
load-k6-1  | 
load-k6-1  | running (2m50.0s), 30/30 VUs, 21116 complete and 0 interrupted iterations
load-k6-1  | fspiopQuotes   [  52% ] 30/30 VUs  2m50.0s/5m30.0s
load-k6-1  | 
load-k6-1  | 
load-k6-1  | running (2m51.0s), 30/30 VUs, 21247 complete and 0 interrupted iterations
load-k6-1  | fspiopQuotes   [  52% ] 30/30 VUs  2m51.0s/5m30.0s
load-k6-1  | 
load-k6-1  | 
load-k6-1  | running (2m52.0s), 30/30 VUs, 21371 complete and 0 interrupted iterations
load-k6-1  | fspiopQuotes   [  52% ] 30/30 VUs  2m52.0s/5m30.0s
load-k6-1  | 
load-k6-1  | 
load-k6-1  | running (2m53.0s), 30/30 VUs, 21501 complete and 0 interrupted iterations
load-k6-1  | fspiopQuotes   [  52% ] 30/30 VUs  2m53.0s/5m30.0s
load-k6-1  | 
load-k6-1  | 
load-k6-1  | running (2m54.0s), 30/30 VUs, 21630 complete and 0 interrupted iterations
load-k6-1  | fspiopQuotes   [  53% ] 30/30 VUs  2m54.0s/5m30.0s
load-k6-1  | 
load-k6-1  | 
load-k6-1  | running (2m55.0s), 30/30 VUs, 21760 complete and 0 interrupted iterations
load-k6-1  | fspiopQuotes   [  53% ] 30/30 VUs  2m55.0s/5m30.0s
load-k6-1  | 
load-k6-1  | 
load-k6-1  | running (2m56.0s), 30/30 VUs, 21892 complete and 0 interrupted iterations
load-k6-1  | fspiopQuotes   [  53% ] 30/30 VUs  2m56.0s/5m30.0s
load-k6-1  | 
load-k6-1  | 
load-k6-1  | running (2m57.0s), 30/30 VUs, 22026 complete and 0 interrupted iterations
load-k6-1  | fspiopQuotes   [  54% ] 30/30 VUs  2m57.0s/5m30.0s
load-k6-1  | 
load-k6-1  | 
load-k6-1  | running (2m58.0s), 30/30 VUs, 22158 complete and 0 interrupted iterations
load-k6-1  | fspiopQuotes   [  54% ] 30/30 VUs  2m58.0s/5m30.0s
load-k6-1  | 
load-k6-1  | 
load-k6-1  | running (2m59.0s), 30/30 VUs, 22290 complete and 0 interrupted iterations
load-k6-1  | fspiopQuotes   [  54% ] 30/30 VUs  2m59.0s/5m30.0s
load-k6-1  | 
load-k6-1  | 
load-k6-1  | running (3m00.0s), 30/30 VUs, 22420 complete and 0 interrupted iterations
load-k6-1  | fspiopQuotes   [  55% ] 30/30 VUs  3m00.0s/5m30.0s
load-k6-1  | 
load-k6-1  | 
load-k6-1  | running (3m01.0s), 30/30 VUs, 22543 complete and 0 interrupted iterations
load-k6-1  | fspiopQuotes   [  55% ] 30/30 VUs  3m01.0s/5m30.0s
load-k6-1  | 
load-k6-1  | 
load-k6-1  | running (3m02.0s), 30/30 VUs, 22665 complete and 0 interrupted iterations
load-k6-1  | fspiopQuotes   [  55% ] 30/30 VUs  3m02.0s/5m30.0s
load-k6-1  | 
load-k6-1  | 
load-k6-1  | running (3m03.0s), 30/30 VUs, 22796 complete and 0 interrupted iterations
load-k6-1  | fspiopQuotes   [  55% ] 30/30 VUs  3m03.0s/5m30.0s
load-k6-1  | 
load-k6-1  | 
load-k6-1  | running (3m04.0s), 30/30 VUs, 22928 complete and 0 interrupted iterations
load-k6-1  | fspiopQuotes   [  56% ] 30/30 VUs  3m04.0s/5m30.0s
load-k6-1  | 
load-k6-1  | 
load-k6-1  | running (3m05.0s), 30/30 VUs, 23057 complete and 0 interrupted iterations
load-k6-1  | fspiopQuotes   [  56% ] 30/30 VUs  3m05.0s/5m30.0s
load-k6-1  | 
load-k6-1  | 
load-k6-1  | running (3m06.0s), 30/30 VUs, 23187 complete and 0 interrupted iterations
load-k6-1  | fspiopQuotes   [  56% ] 30/30 VUs  3m06.0s/5m30.0s
load-k6-1  | 
load-k6-1  | 
load-k6-1  | running (3m07.0s), 30/30 VUs, 23311 complete and 0 interrupted iterations
load-k6-1  | fspiopQuotes   [  57% ] 30/30 VUs  3m07.0s/5m30.0s
load-k6-1  | 
load-k6-1  | 
load-k6-1  | running (3m08.0s), 30/30 VUs, 23442 complete and 0 interrupted iterations
load-k6-1  | fspiopQuotes   [  57% ] 30/30 VUs  3m08.0s/5m30.0s
load-k6-1  | 
load-k6-1  | 
load-k6-1  | running (3m09.0s), 30/30 VUs, 23570 complete and 0 interrupted iterations
load-k6-1  | fspiopQuotes   [  57% ] 30/30 VUs  3m09.0s/5m30.0s
load-k6-1  | 
load-k6-1  | 
load-k6-1  | running (3m10.0s), 30/30 VUs, 23702 complete and 0 interrupted iterations
load-k6-1  | fspiopQuotes   [  58% ] 30/30 VUs  3m10.0s/5m30.0s
load-k6-1  | 
load-k6-1  | 
load-k6-1  | running (3m11.0s), 30/30 VUs, 23835 complete and 0 interrupted iterations
load-k6-1  | fspiopQuotes   [  58% ] 30/30 VUs  3m11.0s/5m30.0s
load-k6-1  | 
load-k6-1  | 
load-k6-1  | running (3m12.0s), 30/30 VUs, 23966 complete and 0 interrupted iterations
load-k6-1  | fspiopQuotes   [  58% ] 30/30 VUs  3m12.0s/5m30.0s
load-k6-1  | 
load-k6-1  | 
load-k6-1  | running (3m13.0s), 30/30 VUs, 24093 complete and 0 interrupted iterations
load-k6-1  | fspiopQuotes   [  58% ] 30/30 VUs  3m13.0s/5m30.0s
load-k6-1  | 
load-k6-1  | 
load-k6-1  | running (3m14.0s), 30/30 VUs, 24225 complete and 0 interrupted iterations
load-k6-1  | fspiopQuotes   [  59% ] 30/30 VUs  3m14.0s/5m30.0s
load-k6-1  | 
load-k6-1  | 
load-k6-1  | running (3m15.0s), 30/30 VUs, 24357 complete and 0 interrupted iterations
load-k6-1  | fspiopQuotes   [  59% ] 30/30 VUs  3m15.0s/5m30.0s
load-k6-1  | 
load-k6-1  | 
load-k6-1  | running (3m16.0s), 30/30 VUs, 24490 complete and 0 interrupted iterations
load-k6-1  | fspiopQuotes   [  59% ] 30/30 VUs  3m16.0s/5m30.0s
load-k6-1  | 
load-k6-1  | 
load-k6-1  | running (3m17.0s), 30/30 VUs, 24618 complete and 0 interrupted iterations
load-k6-1  | fspiopQuotes   [  60% ] 30/30 VUs  3m17.0s/5m30.0s
load-k6-1  | 
load-k6-1  | 
load-k6-1  | running (3m18.0s), 30/30 VUs, 24754 complete and 0 interrupted iterations
load-k6-1  | fspiopQuotes   [  60% ] 30/30 VUs  3m18.0s/5m30.0s
load-k6-1  | 
load-k6-1  | 
load-k6-1  | running (3m19.0s), 30/30 VUs, 24883 complete and 0 interrupted iterations
load-k6-1  | fspiopQuotes   [  60% ] 30/30 VUs  3m19.0s/5m30.0s
load-k6-1  | 
load-k6-1  | 
load-k6-1  | running (3m20.0s), 30/30 VUs, 25017 complete and 0 interrupted iterations
load-k6-1  | fspiopQuotes   [  61% ] 30/30 VUs  3m20.0s/5m30.0s
load-k6-1  | 
load-k6-1  | 
load-k6-1  | running (3m21.0s), 30/30 VUs, 25150 complete and 0 interrupted iterations
load-k6-1  | fspiopQuotes   [  61% ] 30/30 VUs  3m21.0s/5m30.0s
load-k6-1  | 
load-k6-1  | 
load-k6-1  | running (3m22.0s), 30/30 VUs, 25280 complete and 0 interrupted iterations
load-k6-1  | fspiopQuotes   [  61% ] 30/30 VUs  3m22.0s/5m30.0s
load-k6-1  | 
load-k6-1  | 
load-k6-1  | running (3m23.0s), 30/30 VUs, 25406 complete and 0 interrupted iterations
load-k6-1  | fspiopQuotes   [  62% ] 30/30 VUs  3m23.0s/5m30.0s
load-k6-1  | 
load-k6-1  | 
load-k6-1  | running (3m24.0s), 30/30 VUs, 25537 complete and 0 interrupted iterations
load-k6-1  | fspiopQuotes   [  62% ] 30/30 VUs  3m24.0s/5m30.0s
load-k6-1  | 
load-k6-1  | 
load-k6-1  | running (3m25.0s), 30/30 VUs, 25667 complete and 0 interrupted iterations
load-k6-1  | fspiopQuotes   [  62% ] 30/30 VUs  3m25.0s/5m30.0s
load-k6-1  | 
load-k6-1  | 
load-k6-1  | running (3m26.0s), 30/30 VUs, 25798 complete and 0 interrupted iterations
load-k6-1  | fspiopQuotes   [  62% ] 30/30 VUs  3m26.0s/5m30.0s
load-k6-1  | 
load-k6-1  | 
load-k6-1  | running (3m27.0s), 30/30 VUs, 25920 complete and 0 interrupted iterations
load-k6-1  | fspiopQuotes   [  63% ] 30/30 VUs  3m27.0s/5m30.0s
load-k6-1  | 
load-k6-1  | 
load-k6-1  | running (3m28.0s), 30/30 VUs, 26045 complete and 0 interrupted iterations
load-k6-1  | fspiopQuotes   [  63% ] 30/30 VUs  3m28.0s/5m30.0s
load-k6-1  | 
load-k6-1  | 
load-k6-1  | running (3m29.0s), 30/30 VUs, 26169 complete and 0 interrupted iterations
load-k6-1  | fspiopQuotes   [  63% ] 30/30 VUs  3m29.0s/5m30.0s
load-k6-1  | 
load-k6-1  | 
load-k6-1  | running (3m30.0s), 30/30 VUs, 26295 complete and 0 interrupted iterations
load-k6-1  | fspiopQuotes   [  64% ] 30/30 VUs  3m30.0s/5m30.0s
load-k6-1  | 
load-k6-1  | 
load-k6-1  | running (3m31.0s), 30/30 VUs, 26418 complete and 0 interrupted iterations
load-k6-1  | fspiopQuotes   [  64% ] 30/30 VUs  3m31.0s/5m30.0s
load-k6-1  | 
load-k6-1  | 
load-k6-1  | running (3m32.0s), 30/30 VUs, 26546 complete and 0 interrupted iterations
load-k6-1  | fspiopQuotes   [  64% ] 30/30 VUs  3m32.0s/5m30.0s
load-k6-1  | 
load-k6-1  | 
load-k6-1  | running (3m33.0s), 30/30 VUs, 26672 complete and 0 interrupted iterations
load-k6-1  | fspiopQuotes   [  65% ] 30/30 VUs  3m33.0s/5m30.0s
load-k6-1  | 
load-k6-1  | 
load-k6-1  | running (3m34.0s), 30/30 VUs, 26800 complete and 0 interrupted iterations
load-k6-1  | fspiopQuotes   [  65% ] 30/30 VUs  3m34.0s/5m30.0s
load-k6-1  | 
load-k6-1  | 
load-k6-1  | running (3m35.0s), 30/30 VUs, 26932 complete and 0 interrupted iterations
load-k6-1  | fspiopQuotes   [  65% ] 30/30 VUs  3m35.0s/5m30.0s
load-k6-1  | 
load-k6-1  | 
load-k6-1  | running (3m36.0s), 30/30 VUs, 27060 complete and 0 interrupted iterations
load-k6-1  | fspiopQuotes   [  65% ] 30/30 VUs  3m36.0s/5m30.0s
load-k6-1  | 
load-k6-1  | 
load-k6-1  | running (3m37.0s), 30/30 VUs, 27189 complete and 0 interrupted iterations
load-k6-1  | fspiopQuotes   [  66% ] 30/30 VUs  3m37.0s/5m30.0s
load-k6-1  | 
load-k6-1  | 
load-k6-1  | running (3m38.0s), 30/30 VUs, 27319 complete and 0 interrupted iterations
load-k6-1  | fspiopQuotes   [  66% ] 30/30 VUs  3m38.0s/5m30.0s
load-k6-1  | 
load-k6-1  | 
load-k6-1  | running (3m39.0s), 30/30 VUs, 27444 complete and 0 interrupted iterations
load-k6-1  | fspiopQuotes   [  66% ] 30/30 VUs  3m39.0s/5m30.0s
load-k6-1  | 
load-k6-1  | 
load-k6-1  | running (3m40.0s), 30/30 VUs, 27578 complete and 0 interrupted iterations
load-k6-1  | fspiopQuotes   [  67% ] 30/30 VUs  3m40.0s/5m30.0s
load-k6-1  | 
load-k6-1  | 
load-k6-1  | running (3m41.0s), 30/30 VUs, 27704 complete and 0 interrupted iterations
load-k6-1  | fspiopQuotes   [  67% ] 30/30 VUs  3m41.0s/5m30.0s
load-k6-1  | 
load-k6-1  | 
load-k6-1  | running (3m42.0s), 30/30 VUs, 27833 complete and 0 interrupted iterations
load-k6-1  | fspiopQuotes   [  67% ] 30/30 VUs  3m42.0s/5m30.0s
load-k6-1  | 
load-k6-1  | 
load-k6-1  | running (3m43.0s), 30/30 VUs, 27959 complete and 0 interrupted iterations
load-k6-1  | fspiopQuotes   [  68% ] 30/30 VUs  3m43.0s/5m30.0s
load-k6-1  | 
load-k6-1  | 
load-k6-1  | running (3m44.0s), 30/30 VUs, 28085 complete and 0 interrupted iterations
load-k6-1  | fspiopQuotes   [  68% ] 30/30 VUs  3m44.0s/5m30.0s
load-k6-1  | 
load-k6-1  | 
load-k6-1  | running (3m45.0s), 30/30 VUs, 28211 complete and 0 interrupted iterations
load-k6-1  | fspiopQuotes   [  68% ] 30/30 VUs  3m45.0s/5m30.0s
load-k6-1  | 
load-k6-1  | 
load-k6-1  | running (3m46.0s), 30/30 VUs, 28339 complete and 0 interrupted iterations
load-k6-1  | fspiopQuotes   [  68% ] 30/30 VUs  3m46.0s/5m30.0s
load-k6-1  | 
load-k6-1  | 
load-k6-1  | running (3m47.0s), 30/30 VUs, 28463 complete and 0 interrupted iterations
load-k6-1  | fspiopQuotes   [  69% ] 30/30 VUs  3m47.0s/5m30.0s
load-k6-1  | 
load-k6-1  | 
load-k6-1  | running (3m48.0s), 30/30 VUs, 28588 complete and 0 interrupted iterations
load-k6-1  | fspiopQuotes   [  69% ] 30/30 VUs  3m48.0s/5m30.0s
load-k6-1  | 
load-k6-1  | 
load-k6-1  | running (3m49.0s), 30/30 VUs, 28712 complete and 0 interrupted iterations
load-k6-1  | fspiopQuotes   [  69% ] 30/30 VUs  3m49.0s/5m30.0s
load-k6-1  | 
load-k6-1  | 
load-k6-1  | running (3m50.0s), 30/30 VUs, 28834 complete and 0 interrupted iterations
load-k6-1  | fspiopQuotes   [  70% ] 30/30 VUs  3m50.0s/5m30.0s
load-k6-1  | 
load-k6-1  | 
load-k6-1  | running (3m51.0s), 30/30 VUs, 28958 complete and 0 interrupted iterations
load-k6-1  | fspiopQuotes   [  70% ] 30/30 VUs  3m51.0s/5m30.0s
load-k6-1  | 
load-k6-1  | 
load-k6-1  | running (3m52.0s), 30/30 VUs, 29083 complete and 0 interrupted iterations
load-k6-1  | fspiopQuotes   [  70% ] 30/30 VUs  3m52.0s/5m30.0s
load-k6-1  | 
load-k6-1  | 
load-k6-1  | running (3m53.0s), 30/30 VUs, 29208 complete and 0 interrupted iterations
load-k6-1  | fspiopQuotes   [  71% ] 30/30 VUs  3m53.0s/5m30.0s
load-k6-1  | 
load-k6-1  | 
load-k6-1  | running (3m54.0s), 30/30 VUs, 29326 complete and 0 interrupted iterations
load-k6-1  | fspiopQuotes   [  71% ] 30/30 VUs  3m54.0s/5m30.0s
load-k6-1  | 
load-k6-1  | 
load-k6-1  | running (3m55.0s), 30/30 VUs, 29452 complete and 0 interrupted iterations
load-k6-1  | fspiopQuotes   [  71% ] 30/30 VUs  3m55.0s/5m30.0s
load-k6-1  | 
load-k6-1  | 
load-k6-1  | running (3m56.0s), 30/30 VUs, 29574 complete and 0 interrupted iterations
load-k6-1  | fspiopQuotes   [  72% ] 30/30 VUs  3m56.0s/5m30.0s
load-k6-1  | 
load-k6-1  | 
load-k6-1  | running (3m57.0s), 30/30 VUs, 29697 complete and 0 interrupted iterations
load-k6-1  | fspiopQuotes   [  72% ] 30/30 VUs  3m57.0s/5m30.0s
load-k6-1  | 
load-k6-1  | 
load-k6-1  | running (3m58.0s), 30/30 VUs, 29824 complete and 0 interrupted iterations
load-k6-1  | fspiopQuotes   [  72% ] 30/30 VUs  3m58.0s/5m30.0s
load-k6-1  | 
load-k6-1  | 
load-k6-1  | running (3m59.0s), 30/30 VUs, 29952 complete and 0 interrupted iterations
load-k6-1  | fspiopQuotes   [  72% ] 30/30 VUs  3m59.0s/5m30.0s
load-k6-1  | 
load-k6-1  | 
load-k6-1  | running (4m00.0s), 30/30 VUs, 30085 complete and 0 interrupted iterations
load-k6-1  | fspiopQuotes   [  73% ] 30/30 VUs  4m00.0s/5m30.0s
load-k6-1  | 
load-k6-1  | 
load-k6-1  | running (4m01.0s), 30/30 VUs, 30209 complete and 0 interrupted iterations
load-k6-1  | fspiopQuotes   [  73% ] 30/30 VUs  4m01.0s/5m30.0s
load-k6-1  | 
load-k6-1  | 
load-k6-1  | running (4m02.0s), 30/30 VUs, 30337 complete and 0 interrupted iterations
load-k6-1  | fspiopQuotes   [  73% ] 30/30 VUs  4m02.0s/5m30.0s
load-k6-1  | 
load-k6-1  | 
load-k6-1  | running (4m03.0s), 30/30 VUs, 30469 complete and 0 interrupted iterations
load-k6-1  | fspiopQuotes   [  74% ] 30/30 VUs  4m03.0s/5m30.0s
load-k6-1  | 
load-k6-1  | 
load-k6-1  | running (4m04.0s), 30/30 VUs, 30590 complete and 0 interrupted iterations
load-k6-1  | fspiopQuotes   [  74% ] 30/30 VUs  4m04.0s/5m30.0s
load-k6-1  | 
load-k6-1  | 
load-k6-1  | running (4m05.0s), 30/30 VUs, 30714 complete and 0 interrupted iterations
load-k6-1  | fspiopQuotes   [  74% ] 30/30 VUs  4m05.0s/5m30.0s
load-k6-1  | 
load-k6-1  | 
load-k6-1  | running (4m06.0s), 30/30 VUs, 30846 complete and 0 interrupted iterations
load-k6-1  | fspiopQuotes   [  75% ] 30/30 VUs  4m06.0s/5m30.0s
load-k6-1  | 
load-k6-1  | 
load-k6-1  | running (4m07.0s), 30/30 VUs, 30977 complete and 0 interrupted iterations
load-k6-1  | fspiopQuotes   [  75% ] 30/30 VUs  4m07.0s/5m30.0s
load-k6-1  | 
load-k6-1  | 
load-k6-1  | running (4m08.0s), 30/30 VUs, 31106 complete and 0 interrupted iterations
load-k6-1  | fspiopQuotes   [  75% ] 30/30 VUs  4m08.0s/5m30.0s
load-k6-1  | 
load-k6-1  | 
load-k6-1  | running (4m09.0s), 30/30 VUs, 31232 complete and 0 interrupted iterations
load-k6-1  | fspiopQuotes   [  75% ] 30/30 VUs  4m09.0s/5m30.0s
load-k6-1  | 
load-k6-1  | 
load-k6-1  | running (4m10.0s), 30/30 VUs, 31352 complete and 0 interrupted iterations
load-k6-1  | fspiopQuotes   [  76% ] 30/30 VUs  4m10.0s/5m30.0s
load-k6-1  | 
load-k6-1  | 
load-k6-1  | running (4m11.0s), 30/30 VUs, 31478 complete and 0 interrupted iterations
load-k6-1  | fspiopQuotes   [  76% ] 30/30 VUs  4m11.0s/5m30.0s
load-k6-1  | 
load-k6-1  | 
load-k6-1  | running (4m12.0s), 30/30 VUs, 31605 complete and 0 interrupted iterations
load-k6-1  | fspiopQuotes   [  76% ] 30/30 VUs  4m12.0s/5m30.0s
load-k6-1  | 
load-k6-1  | 
load-k6-1  | running (4m13.0s), 30/30 VUs, 31729 complete and 0 interrupted iterations
load-k6-1  | fspiopQuotes   [  77% ] 30/30 VUs  4m13.0s/5m30.0s
load-k6-1  | 
load-k6-1  | 
load-k6-1  | running (4m14.0s), 30/30 VUs, 31851 complete and 0 interrupted iterations
load-k6-1  | fspiopQuotes   [  77% ] 30/30 VUs  4m14.0s/5m30.0s
load-k6-1  | 
load-k6-1  | 
load-k6-1  | running (4m15.0s), 30/30 VUs, 31976 complete and 0 interrupted iterations
load-k6-1  | fspiopQuotes   [  77% ] 30/30 VUs  4m15.0s/5m30.0s
load-k6-1  | 
load-k6-1  | 
load-k6-1  | running (4m16.0s), 30/30 VUs, 32101 complete and 0 interrupted iterations
load-k6-1  | fspiopQuotes   [  78% ] 30/30 VUs  4m16.0s/5m30.0s
load-k6-1  | 
load-k6-1  | 
load-k6-1  | running (4m17.0s), 30/30 VUs, 32229 complete and 0 interrupted iterations
load-k6-1  | fspiopQuotes   [  78% ] 30/30 VUs  4m17.0s/5m30.0s
load-k6-1  | 
load-k6-1  | 
load-k6-1  | running (4m18.0s), 30/30 VUs, 32353 complete and 0 interrupted iterations
load-k6-1  | fspiopQuotes   [  78% ] 30/30 VUs  4m18.0s/5m30.0s
load-k6-1  | 
load-k6-1  | 
load-k6-1  | running (4m19.0s), 30/30 VUs, 32481 complete and 0 interrupted iterations
load-k6-1  | fspiopQuotes   [  78% ] 30/30 VUs  4m19.0s/5m30.0s
load-k6-1  | 
load-k6-1  | 
load-k6-1  | running (4m20.0s), 30/30 VUs, 32605 complete and 0 interrupted iterations
load-k6-1  | fspiopQuotes   [  79% ] 30/30 VUs  4m20.0s/5m30.0s
load-k6-1  | 
load-k6-1  | 
load-k6-1  | running (4m21.0s), 30/30 VUs, 32731 complete and 0 interrupted iterations
load-k6-1  | fspiopQuotes   [  79% ] 30/30 VUs  4m21.0s/5m30.0s
load-k6-1  | 
load-k6-1  | 
load-k6-1  | running (4m22.0s), 30/30 VUs, 32862 complete and 0 interrupted iterations
load-k6-1  | fspiopQuotes   [  79% ] 30/30 VUs  4m22.0s/5m30.0s
load-k6-1  | 
load-k6-1  | 
load-k6-1  | running (4m23.0s), 30/30 VUs, 32988 complete and 0 interrupted iterations
load-k6-1  | fspiopQuotes   [  80% ] 30/30 VUs  4m23.0s/5m30.0s
load-k6-1  | 
load-k6-1  | 
load-k6-1  | running (4m24.0s), 30/30 VUs, 33114 complete and 0 interrupted iterations
load-k6-1  | fspiopQuotes   [  80% ] 30/30 VUs  4m24.0s/5m30.0s
load-k6-1  | 
load-k6-1  | 
load-k6-1  | running (4m25.0s), 30/30 VUs, 33244 complete and 0 interrupted iterations
load-k6-1  | fspiopQuotes   [  80% ] 30/30 VUs  4m25.0s/5m30.0s
load-k6-1  | 
load-k6-1  | 
load-k6-1  | running (4m26.0s), 30/30 VUs, 33374 complete and 0 interrupted iterations
load-k6-1  | fspiopQuotes   [  81% ] 30/30 VUs  4m26.0s/5m30.0s
load-k6-1  | 
load-k6-1  | 
load-k6-1  | running (4m27.0s), 30/30 VUs, 33496 complete and 0 interrupted iterations
load-k6-1  | fspiopQuotes   [  81% ] 30/30 VUs  4m27.0s/5m30.0s
load-k6-1  | 
load-k6-1  | 
load-k6-1  | running (4m28.0s), 30/30 VUs, 33624 complete and 0 interrupted iterations
load-k6-1  | fspiopQuotes   [  81% ] 30/30 VUs  4m28.0s/5m30.0s
load-k6-1  | 
load-k6-1  | 
load-k6-1  | running (4m29.0s), 30/30 VUs, 33757 complete and 0 interrupted iterations
load-k6-1  | fspiopQuotes   [  82% ] 30/30 VUs  4m29.0s/5m30.0s
load-k6-1  | 
load-k6-1  | 
load-k6-1  | running (4m30.0s), 30/30 VUs, 33889 complete and 0 interrupted iterations
load-k6-1  | fspiopQuotes   [  82% ] 30/30 VUs  4m30.0s/5m30.0s
load-k6-1  | 
load-k6-1  | 
load-k6-1  | running (4m31.0s), 30/30 VUs, 34013 complete and 0 interrupted iterations
load-k6-1  | fspiopQuotes   [  82% ] 30/30 VUs  4m31.0s/5m30.0s
load-k6-1  | 
load-k6-1  | 
load-k6-1  | running (4m32.0s), 30/30 VUs, 34133 complete and 0 interrupted iterations
load-k6-1  | fspiopQuotes   [  82% ] 30/30 VUs  4m32.0s/5m30.0s
load-k6-1  | 
load-k6-1  | 
load-k6-1  | running (4m33.0s), 30/30 VUs, 34261 complete and 0 interrupted iterations
load-k6-1  | fspiopQuotes   [  83% ] 30/30 VUs  4m33.0s/5m30.0s
load-k6-1  | 
load-k6-1  | 
load-k6-1  | running (4m34.0s), 30/30 VUs, 34390 complete and 0 interrupted iterations
load-k6-1  | fspiopQuotes   [  83% ] 30/30 VUs  4m34.0s/5m30.0s
load-k6-1  | 
load-k6-1  | 
load-k6-1  | running (4m35.0s), 30/30 VUs, 34522 complete and 0 interrupted iterations
load-k6-1  | fspiopQuotes   [  83% ] 30/30 VUs  4m35.0s/5m30.0s
load-k6-1  | 
load-k6-1  | 
load-k6-1  | running (4m36.0s), 30/30 VUs, 34649 complete and 0 interrupted iterations
load-k6-1  | fspiopQuotes   [  84% ] 30/30 VUs  4m36.0s/5m30.0s
load-k6-1  | 
load-k6-1  | 
load-k6-1  | running (4m37.0s), 30/30 VUs, 34778 complete and 0 interrupted iterations
load-k6-1  | fspiopQuotes   [  84% ] 30/30 VUs  4m37.0s/5m30.0s
load-k6-1  | 
load-k6-1  | 
load-k6-1  | running (4m38.0s), 30/30 VUs, 34913 complete and 0 interrupted iterations
load-k6-1  | fspiopQuotes   [  84% ] 30/30 VUs  4m38.0s/5m30.0s
load-k6-1  | 
load-k6-1  | 
load-k6-1  | running (4m39.0s), 30/30 VUs, 35042 complete and 0 interrupted iterations
load-k6-1  | fspiopQuotes   [  85% ] 30/30 VUs  4m39.0s/5m30.0s
load-k6-1  | 
load-k6-1  | 
load-k6-1  | running (4m40.0s), 30/30 VUs, 35176 complete and 0 interrupted iterations
load-k6-1  | fspiopQuotes   [  85% ] 30/30 VUs  4m40.0s/5m30.0s
load-k6-1  | 
load-k6-1  | 
load-k6-1  | running (4m41.0s), 30/30 VUs, 35307 complete and 0 interrupted iterations
load-k6-1  | fspiopQuotes   [  85% ] 30/30 VUs  4m41.0s/5m30.0s
load-k6-1  | 
load-k6-1  | 
load-k6-1  | running (4m42.0s), 30/30 VUs, 35439 complete and 0 interrupted iterations
load-k6-1  | fspiopQuotes   [  85% ] 30/30 VUs  4m42.0s/5m30.0s
load-k6-1  | 
load-k6-1  | 
load-k6-1  | running (4m43.0s), 30/30 VUs, 35561 complete and 0 interrupted iterations
load-k6-1  | fspiopQuotes   [  86% ] 30/30 VUs  4m43.0s/5m30.0s
load-k6-1  | 
load-k6-1  | 
load-k6-1  | running (4m44.0s), 30/30 VUs, 35686 complete and 0 interrupted iterations
load-k6-1  | fspiopQuotes   [  86% ] 30/30 VUs  4m44.0s/5m30.0s
load-k6-1  | 
load-k6-1  | 
load-k6-1  | running (4m45.0s), 30/30 VUs, 35806 complete and 0 interrupted iterations
load-k6-1  | fspiopQuotes   [  86% ] 30/30 VUs  4m45.0s/5m30.0s
load-k6-1  | 
load-k6-1  | 
load-k6-1  | running (4m46.0s), 30/30 VUs, 35933 complete and 0 interrupted iterations
load-k6-1  | fspiopQuotes   [  87% ] 30/30 VUs  4m46.0s/5m30.0s
load-k6-1  | 
load-k6-1  | 
load-k6-1  | running (4m47.0s), 30/30 VUs, 36063 complete and 0 interrupted iterations
load-k6-1  | fspiopQuotes   [  87% ] 30/30 VUs  4m47.0s/5m30.0s
load-k6-1  | 
load-k6-1  | 
load-k6-1  | running (4m48.0s), 30/30 VUs, 36196 complete and 0 interrupted iterations
load-k6-1  | fspiopQuotes   [  87% ] 30/30 VUs  4m48.0s/5m30.0s
load-k6-1  | 
load-k6-1  | 
load-k6-1  | running (4m49.0s), 30/30 VUs, 36326 complete and 0 interrupted iterations
load-k6-1  | fspiopQuotes   [  88% ] 30/30 VUs  4m49.0s/5m30.0s
load-k6-1  | 
load-k6-1  | 
load-k6-1  | running (4m50.0s), 30/30 VUs, 36458 complete and 0 interrupted iterations
load-k6-1  | fspiopQuotes   [  88% ] 30/30 VUs  4m50.0s/5m30.0s
load-k6-1  | 
load-k6-1  | 
load-k6-1  | running (4m51.0s), 30/30 VUs, 36584 complete and 0 interrupted iterations
load-k6-1  | fspiopQuotes   [  88% ] 30/30 VUs  4m51.0s/5m30.0s
load-k6-1  | 
load-k6-1  | 
load-k6-1  | running (4m52.0s), 30/30 VUs, 36713 complete and 0 interrupted iterations
load-k6-1  | fspiopQuotes   [  88% ] 30/30 VUs  4m52.0s/5m30.0s
load-k6-1  | 
load-k6-1  | 
load-k6-1  | running (4m53.0s), 30/30 VUs, 36838 complete and 0 interrupted iterations
load-k6-1  | fspiopQuotes   [  89% ] 30/30 VUs  4m53.0s/5m30.0s
load-k6-1  | 
load-k6-1  | 
load-k6-1  | running (4m54.0s), 30/30 VUs, 36961 complete and 0 interrupted iterations
load-k6-1  | fspiopQuotes   [  89% ] 30/30 VUs  4m54.0s/5m30.0s
load-k6-1  | 
load-k6-1  | 
load-k6-1  | running (4m55.0s), 30/30 VUs, 37088 complete and 0 interrupted iterations
load-k6-1  | fspiopQuotes   [  89% ] 30/30 VUs  4m55.0s/5m30.0s
load-k6-1  | 
load-k6-1  | 
load-k6-1  | running (4m56.0s), 30/30 VUs, 37218 complete and 0 interrupted iterations
load-k6-1  | fspiopQuotes   [  90% ] 30/30 VUs  4m56.0s/5m30.0s
load-k6-1  | 
load-k6-1  | 
load-k6-1  | running (4m57.0s), 30/30 VUs, 37347 complete and 0 interrupted iterations
load-k6-1  | fspiopQuotes   [  90% ] 30/30 VUs  4m57.0s/5m30.0s
load-k6-1  | 
load-k6-1  | 
load-k6-1  | running (4m58.0s), 30/30 VUs, 37477 complete and 0 interrupted iterations
load-k6-1  | fspiopQuotes   [  90% ] 30/30 VUs  4m58.0s/5m30.0s
load-k6-1  | 
load-k6-1  | 
load-k6-1  | running (4m59.0s), 30/30 VUs, 37604 complete and 0 interrupted iterations
load-k6-1  | fspiopQuotes   [  91% ] 30/30 VUs  4m59.0s/5m30.0s
load-k6-1  | 
load-k6-1  | 
load-k6-1  | running (5m00.0s), 30/30 VUs, 37732 complete and 0 interrupted iterations
load-k6-1  | fspiopQuotes   [  91% ] 30/30 VUs  5m00.0s/5m30.0s
load-k6-1  | 
load-k6-1  | 
load-k6-1  | running (5m01.0s), 30/30 VUs, 37858 complete and 0 interrupted iterations
load-k6-1  | fspiopQuotes   [  91% ] 30/30 VUs  5m01.0s/5m30.0s
load-k6-1  | 
load-k6-1  | 
load-k6-1  | running (5m02.0s), 30/30 VUs, 37976 complete and 0 interrupted iterations
load-k6-1  | fspiopQuotes   [  92% ] 30/30 VUs  5m02.0s/5m30.0s
load-k6-1  | 
load-k6-1  | 
load-k6-1  | running (5m03.0s), 30/30 VUs, 38099 complete and 0 interrupted iterations
load-k6-1  | fspiopQuotes   [  92% ] 30/30 VUs  5m03.0s/5m30.0s
load-k6-1  | 
load-k6-1  | 
load-k6-1  | running (5m04.0s), 30/30 VUs, 38228 complete and 0 interrupted iterations
load-k6-1  | fspiopQuotes   [  92% ] 30/30 VUs  5m04.0s/5m30.0s
load-k6-1  | 
load-k6-1  | 
load-k6-1  | running (5m05.0s), 30/30 VUs, 38354 complete and 0 interrupted iterations
load-k6-1  | fspiopQuotes   [  92% ] 30/30 VUs  5m05.0s/5m30.0s
load-k6-1  | 
load-k6-1  | 
load-k6-1  | running (5m06.0s), 30/30 VUs, 38482 complete and 0 interrupted iterations
load-k6-1  | fspiopQuotes   [  93% ] 30/30 VUs  5m06.0s/5m30.0s
load-k6-1  | 
load-k6-1  | 
load-k6-1  | running (5m07.0s), 30/30 VUs, 38608 complete and 0 interrupted iterations
load-k6-1  | fspiopQuotes   [  93% ] 30/30 VUs  5m07.0s/5m30.0s
load-k6-1  | 
load-k6-1  | 
load-k6-1  | running (5m08.0s), 30/30 VUs, 38735 complete and 0 interrupted iterations
load-k6-1  | fspiopQuotes   [  93% ] 30/30 VUs  5m08.0s/5m30.0s
load-k6-1  | 
load-k6-1  | 
load-k6-1  | running (5m09.0s), 30/30 VUs, 38858 complete and 0 interrupted iterations
load-k6-1  | fspiopQuotes   [  94% ] 30/30 VUs  5m09.0s/5m30.0s
load-k6-1  | 
load-k6-1  | 
load-k6-1  | running (5m10.0s), 30/30 VUs, 38989 complete and 0 interrupted iterations
load-k6-1  | fspiopQuotes   [  94% ] 30/30 VUs  5m10.0s/5m30.0s
load-k6-1  | 
load-k6-1  | 
load-k6-1  | running (5m11.0s), 30/30 VUs, 39111 complete and 0 interrupted iterations
load-k6-1  | fspiopQuotes   [  94% ] 30/30 VUs  5m11.0s/5m30.0s
load-k6-1  | 
load-k6-1  | 
load-k6-1  | running (5m12.0s), 30/30 VUs, 39238 complete and 0 interrupted iterations
load-k6-1  | fspiopQuotes   [  95% ] 30/30 VUs  5m12.0s/5m30.0s
load-k6-1  | 
load-k6-1  | 
load-k6-1  | running (5m13.0s), 30/30 VUs, 39371 complete and 0 interrupted iterations
load-k6-1  | fspiopQuotes   [  95% ] 30/30 VUs  5m13.0s/5m30.0s
load-k6-1  | 
load-k6-1  | 
load-k6-1  | running (5m14.0s), 30/30 VUs, 39505 complete and 0 interrupted iterations
load-k6-1  | fspiopQuotes   [  95% ] 30/30 VUs  5m14.0s/5m30.0s
load-k6-1  | 
load-k6-1  | 
load-k6-1  | running (5m15.0s), 30/30 VUs, 39637 complete and 0 interrupted iterations
load-k6-1  | fspiopQuotes   [  95% ] 30/30 VUs  5m15.0s/5m30.0s
load-k6-1  | 
load-k6-1  | 
load-k6-1  | running (5m16.0s), 30/30 VUs, 39766 complete and 0 interrupted iterations
load-k6-1  | fspiopQuotes   [  96% ] 30/30 VUs  5m16.0s/5m30.0s
load-k6-1  | 
load-k6-1  | 
load-k6-1  | running (5m17.0s), 30/30 VUs, 39890 complete and 0 interrupted iterations
load-k6-1  | fspiopQuotes   [  96% ] 30/30 VUs  5m17.0s/5m30.0s
load-k6-1  | 
load-k6-1  | 
load-k6-1  | running (5m18.0s), 30/30 VUs, 40020 complete and 0 interrupted iterations
load-k6-1  | fspiopQuotes   [  96% ] 30/30 VUs  5m18.0s/5m30.0s
load-k6-1  | 
load-k6-1  | 
load-k6-1  | running (5m19.0s), 30/30 VUs, 40152 complete and 0 interrupted iterations
load-k6-1  | fspiopQuotes   [  97% ] 30/30 VUs  5m19.0s/5m30.0s
load-k6-1  | 
load-k6-1  | 
load-k6-1  | running (5m20.0s), 30/30 VUs, 40280 complete and 0 interrupted iterations
load-k6-1  | fspiopQuotes   [  97% ] 30/30 VUs  5m20.0s/5m30.0s
load-k6-1  | 
load-k6-1  | 
load-k6-1  | running (5m21.0s), 30/30 VUs, 40403 complete and 0 interrupted iterations
load-k6-1  | fspiopQuotes   [  97% ] 30/30 VUs  5m21.0s/5m30.0s
load-k6-1  | 
load-k6-1  | 
load-k6-1  | running (5m22.0s), 30/30 VUs, 40525 complete and 0 interrupted iterations
load-k6-1  | fspiopQuotes   [  98% ] 30/30 VUs  5m22.0s/5m30.0s
load-k6-1  | 
load-k6-1  | 
load-k6-1  | running (5m23.0s), 30/30 VUs, 40648 complete and 0 interrupted iterations
load-k6-1  | fspiopQuotes   [  98% ] 30/30 VUs  5m23.0s/5m30.0s
load-k6-1  | 
load-k6-1  | 
load-k6-1  | running (5m24.0s), 30/30 VUs, 40768 complete and 0 interrupted iterations
load-k6-1  | fspiopQuotes   [  98% ] 30/30 VUs  5m24.0s/5m30.0s
load-k6-1  | 
load-k6-1  | 
load-k6-1  | running (5m25.0s), 30/30 VUs, 40889 complete and 0 interrupted iterations
load-k6-1  | fspiopQuotes   [  98% ] 30/30 VUs  5m25.0s/5m30.0s
load-k6-1  | 
load-k6-1  | 
load-k6-1  | running (5m26.0s), 30/30 VUs, 41005 complete and 0 interrupted iterations
load-k6-1  | fspiopQuotes   [  99% ] 30/30 VUs  5m26.0s/5m30.0s
load-k6-1  | 
load-k6-1  | 
load-k6-1  | running (5m27.0s), 30/30 VUs, 41128 complete and 0 interrupted iterations
load-k6-1  | fspiopQuotes   [  99% ] 30/30 VUs  5m27.0s/5m30.0s
load-k6-1  | 
load-k6-1  | 
load-k6-1  | running (5m28.0s), 30/30 VUs, 41258 complete and 0 interrupted iterations
load-k6-1  | fspiopQuotes   [  99% ] 30/30 VUs  5m28.0s/5m30.0s
load-k6-1  | 
load-k6-1  | 
load-k6-1  | running (5m29.0s), 30/30 VUs, 41387 complete and 0 interrupted iterations
load-k6-1  | fspiopQuotes   [ 100% ] 30/30 VUs  5m29.0s/5m30.0s
load-k6-1  | 
load-k6-1  | 
load-k6-1  | running (5m30.0s), 30/30 VUs, 41514 complete and 0 interrupted iterations
load-k6-1  | fspiopQuotes   [ 100% ] 30/30 VUs  5m30.0s/5m30.0s
load-k6-1  | 
load-k6-1  | 
load-k6-1  |      ✓ QUOTES_FSPIOP_POST_QUOTES_RESPONSE_IS_202
load-k6-1  |      ✗ QUOTES_E2E_FSPIOP_POST_QUOTES_SUCCESS
load-k6-1  |       ↳  99% — ✓ 41545 / ✗ 1
load-k6-1  | 
load-k6-1  |      █ Post Quotes
load-k6-1  | 
load-k6-1  |      checks.........................: 99.99% ✓ 83091      ✗ 1    
load-k6-1  |      data_received..................: 13 MB  39 kB/s
load-k6-1  |      data_sent......................: 50 MB  151 kB/s
load-k6-1  |      group_duration.................: avg=201.16µs min=125.79µs med=193.61µs max=2.18ms   p(90)=250.2µs  p(95)=265.37µs
load-k6-1  |      http_req_blocked...............: avg=5.14µs   min=1.49µs   med=3.76µs   max=48.2ms   p(90)=4.88µs   p(95)=5.28µs  
load-k6-1  |      http_req_connecting............: avg=1.22µs   min=0s       med=0s       max=48.16ms  p(90)=0s       p(95)=0s      
load-k6-1  |    ✓ http_req_duration..............: avg=6.81ms   min=1.23ms   med=6.61ms   max=32.1ms   p(90)=9.63ms   p(95)=10.62ms 
load-k6-1  |        { expected_response:true }...: avg=6.81ms   min=1.23ms   med=6.61ms   max=32.1ms   p(90)=9.63ms   p(95)=10.62ms 
load-k6-1  |    ✓ http_req_failed................: 0.00%  ✓ 0          ✗ 41546
load-k6-1  |      http_req_receiving.............: avg=27.84µs  min=10.09µs  med=26.33µs  max=2.87ms   p(90)=36.85µs  p(95)=40.87µs 
load-k6-1  |      http_req_sending...............: avg=19.76µs  min=8.67µs   med=19.29µs  max=475.88µs p(90)=24.72µs  p(95)=26.41µs 
load-k6-1  |      http_req_tls_handshaking.......: avg=0s       min=0s       med=0s       max=0s       p(90)=0s       p(95)=0s      
load-k6-1  |      http_req_waiting...............: avg=6.76ms   min=1.14ms   med=6.56ms   max=32.04ms  p(90)=9.58ms   p(95)=10.58ms 
load-k6-1  |      http_reqs......................: 41546  125.845962/s
load-k6-1  |    ✓ iteration_duration.............: avg=227.5ms  min=18.05ms  med=233.86ms max=5.01s    p(90)=251.13ms p(95)=256.89ms
load-k6-1  |      iterations.....................: 41546  125.845962/s
load-k6-1  |      vus............................: 30     min=1        max=30 
load-k6-1  |      vus_max........................: 30     min=30       max=30 
load-k6-1  |      ws_connecting..................: avg=407.61µs min=181.63µs med=327.19µs max=19.93ms  p(90)=573.53µs p(95)=799.46µs
load-k6-1  |      ws_msgs_received...............: 41545  125.842933/s
load-k6-1  |      ws_msgs_sent...................: 41546  125.845962/s
load-k6-1  |      ws_session_duration............: avg=227.22ms min=17.76ms  med=233.58ms max=5.01s    p(90)=250.84ms p(95)=256.58ms
load-k6-1  |      ws_sessions....................: 41546  125.845962/s
load-k6-1  | 
load-k6-1  | 
load-k6-1  | 
load-k6-1  | running (5m30.1s), 00/30 VUs, 41546 complete and 0 interrupted iterations
load-k6-1  | fspiopQuotes ✓ [ 100% ] 00/30 VUs  5m30s
load-k6-1  | 
load-k6-1 exited with code 0
