Attaching to load-k6-1
load-k6-1  | 
load-k6-1  |           /\      |‾‾| /‾‾/   /‾‾/   
load-k6-1  |      /\  /  \     |  |/  /   /  /    
load-k6-1  |     /  \/    \    |     (   /   ‾‾\  
load-k6-1  |    /          \   |  |\  \ |  (‾)  | 
load-k6-1  |   / __________ \  |__| \__\ \_____/ .io
load-k6-1  | 
load-k6-1  | 
load-k6-1  |   execution: local
load-k6-1  |      script: /scripts/index.js
load-k6-1  |      output: Prometheus remote write (http://prometheus:9090/api/v1/write)
load-k6-1  | 
load-k6-1  |   scenarios: (100.00%) 1 scenario, 30 max VUs, 2m30s max duration (incl. graceful stop):
load-k6-1  |            * fspiopQuotes: Up to 30 looping VUs for 2m0s over 2 stages (gracefulRampDown: 30s, exec: fspiopQuotesScenarios, gracefulStop: 30s)
load-k6-1  | 
load-k6-1  | 
load-k6-1  | 
load-k6-1  | running (0m01.0s), 01/30 VUs, 61 complete and 0 interrupted iterations
load-k6-1  | fspiopQuotes   [   1% ] 01/30 VUs  0m01.0s/2m00.0s
load-k6-1  | 
load-k6-1  | 
load-k6-1  | running (0m02.0s), 02/30 VUs, 149 complete and 0 interrupted iterations
load-k6-1  | fspiopQuotes   [   2% ] 02/30 VUs  0m02.0s/2m00.0s
load-k6-1  | 
load-k6-1  | 
load-k6-1  | running (0m03.0s), 03/30 VUs, 252 complete and 0 interrupted iterations
load-k6-1  | fspiopQuotes   [   2% ] 03/30 VUs  0m03.0s/2m00.0s
load-k6-1  | 
load-k6-1  | 
load-k6-1  | running (0m04.0s), 04/30 VUs, 360 complete and 0 interrupted iterations
load-k6-1  | fspiopQuotes   [   3% ] 04/30 VUs  0m04.0s/2m00.0s
load-k6-1  | 
load-k6-1  | 
load-k6-1  | running (0m05.0s), 05/30 VUs, 474 complete and 0 interrupted iterations
load-k6-1  | fspiopQuotes   [   4% ] 05/30 VUs  0m05.0s/2m00.0s
load-k6-1  | 
load-k6-1  | 
load-k6-1  | running (0m06.0s), 06/30 VUs, 588 complete and 0 interrupted iterations
load-k6-1  | fspiopQuotes   [   5% ] 06/30 VUs  0m06.0s/2m00.0s
load-k6-1  | 
load-k6-1  | 
load-k6-1  | running (0m07.0s), 07/30 VUs, 702 complete and 0 interrupted iterations
load-k6-1  | fspiopQuotes   [   6% ] 07/30 VUs  0m07.0s/2m00.0s
load-k6-1  | 
load-k6-1  | 
load-k6-1  | running (0m08.0s), 08/30 VUs, 821 complete and 0 interrupted iterations
load-k6-1  | fspiopQuotes   [   7% ] 08/30 VUs  0m08.0s/2m00.0s
load-k6-1  | 
load-k6-1  | 
load-k6-1  | running (0m09.0s), 09/30 VUs, 943 complete and 0 interrupted iterations
load-k6-1  | fspiopQuotes   [   7% ] 09/30 VUs  0m09.0s/2m00.0s
load-k6-1  | 
load-k6-1  | 
load-k6-1  | running (0m10.0s), 10/30 VUs, 1064 complete and 0 interrupted iterations
load-k6-1  | fspiopQuotes   [   8% ] 10/30 VUs  0m10.0s/2m00.0s
load-k6-1  | 
load-k6-1  | 
load-k6-1  | running (0m11.0s), 11/30 VUs, 1189 complete and 0 interrupted iterations
load-k6-1  | fspiopQuotes   [   9% ] 11/30 VUs  0m11.0s/2m00.0s
load-k6-1  | 
load-k6-1  | 
load-k6-1  | running (0m12.0s), 12/30 VUs, 1310 complete and 0 interrupted iterations
load-k6-1  | fspiopQuotes   [  10% ] 12/30 VUs  0m12.0s/2m00.0s
load-k6-1  | 
load-k6-1  | 
load-k6-1  | running (0m13.0s), 13/30 VUs, 1432 complete and 0 interrupted iterations
load-k6-1  | fspiopQuotes   [  11% ] 13/30 VUs  0m13.0s/2m00.0s
load-k6-1  | 
load-k6-1  | 
load-k6-1  | running (0m14.0s), 14/30 VUs, 1557 complete and 0 interrupted iterations
load-k6-1  | fspiopQuotes   [  12% ] 14/30 VUs  0m14.0s/2m00.0s
load-k6-1  | 
load-k6-1  | 
load-k6-1  | running (0m15.0s), 15/30 VUs, 1680 complete and 0 interrupted iterations
load-k6-1  | fspiopQuotes   [  12% ] 15/30 VUs  0m15.0s/2m00.0s
load-k6-1  | 
load-k6-1  | 
load-k6-1  | running (0m16.0s), 16/30 VUs, 1798 complete and 0 interrupted iterations
load-k6-1  | fspiopQuotes   [  13% ] 16/30 VUs  0m16.0s/2m00.0s
load-k6-1  | 
load-k6-1  | 
load-k6-1  | running (0m17.0s), 17/30 VUs, 1912 complete and 0 interrupted iterations
load-k6-1  | fspiopQuotes   [  14% ] 17/30 VUs  0m17.0s/2m00.0s
load-k6-1  | 
load-k6-1  | 
load-k6-1  | running (0m18.0s), 18/30 VUs, 2032 complete and 0 interrupted iterations
load-k6-1  | fspiopQuotes   [  15% ] 18/30 VUs  0m18.0s/2m00.0s
load-k6-1  | 
load-k6-1  | 
load-k6-1  | running (0m19.0s), 19/30 VUs, 2159 complete and 0 interrupted iterations
load-k6-1  | fspiopQuotes   [  16% ] 19/30 VUs  0m19.0s/2m00.0s
load-k6-1  | 
load-k6-1  | 
load-k6-1  | running (0m20.0s), 20/30 VUs, 2282 complete and 0 interrupted iterations
load-k6-1  | fspiopQuotes   [  17% ] 20/30 VUs  0m20.0s/2m00.0s
load-k6-1  | 
load-k6-1  | 
load-k6-1  | running (0m21.0s), 21/30 VUs, 2407 complete and 0 interrupted iterations
load-k6-1  | fspiopQuotes   [  17% ] 21/30 VUs  0m21.0s/2m00.0s
load-k6-1  | 
load-k6-1  | 
load-k6-1  | running (0m22.0s), 22/30 VUs, 2530 complete and 0 interrupted iterations
load-k6-1  | fspiopQuotes   [  18% ] 22/30 VUs  0m22.0s/2m00.0s
load-k6-1  | 
load-k6-1  | 
load-k6-1  | running (0m23.0s), 23/30 VUs, 2654 complete and 0 interrupted iterations
load-k6-1  | fspiopQuotes   [  19% ] 23/30 VUs  0m23.0s/2m00.0s
load-k6-1  | 
load-k6-1  | 
load-k6-1  | running (0m24.0s), 24/30 VUs, 2771 complete and 0 interrupted iterations
load-k6-1  | fspiopQuotes   [  20% ] 24/30 VUs  0m24.0s/2m00.0s
load-k6-1  | 
load-k6-1  | 
load-k6-1  | running (0m25.0s), 25/30 VUs, 2895 complete and 0 interrupted iterations
load-k6-1  | fspiopQuotes   [  21% ] 25/30 VUs  0m25.0s/2m00.0s
load-k6-1  | 
load-k6-1  | 
load-k6-1  | running (0m26.0s), 26/30 VUs, 3023 complete and 0 interrupted iterations
load-k6-1  | fspiopQuotes   [  22% ] 26/30 VUs  0m26.0s/2m00.0s
load-k6-1  | 
load-k6-1  | 
load-k6-1  | running (0m27.0s), 27/30 VUs, 3145 complete and 0 interrupted iterations
load-k6-1  | fspiopQuotes   [  22% ] 27/30 VUs  0m27.0s/2m00.0s
load-k6-1  | 
load-k6-1  | 
load-k6-1  | running (0m28.0s), 28/30 VUs, 3149 complete and 0 interrupted iterations
load-k6-1  | fspiopQuotes   [  23% ] 28/30 VUs  0m28.0s/2m00.0s
load-k6-1  | 
load-k6-1  | 
load-k6-1  | running (0m29.0s), 29/30 VUs, 3149 complete and 0 interrupted iterations
load-k6-1  | fspiopQuotes   [  24% ] 29/30 VUs  0m29.0s/2m00.0s
load-k6-1  | 
load-k6-1  | 
load-k6-1  | running (0m30.0s), 29/30 VUs, 3149 complete and 0 interrupted iterations
load-k6-1  | fspiopQuotes   [  25% ] 29/30 VUs  0m30.0s/2m00.0s
load-k6-1  | 
load-k6-1  | 
load-k6-1  | running (0m31.0s), 30/30 VUs, 3149 complete and 0 interrupted iterations
load-k6-1  | fspiopQuotes   [  26% ] 30/30 VUs  0m31.0s/2m00.0s
load-k6-1  | 
load-k6-1  | 
load-k6-1  | running (0m32.0s), 30/30 VUs, 3172 complete and 0 interrupted iterations
load-k6-1  | fspiopQuotes   [  27% ] 30/30 VUs  0m32.0s/2m00.0s
load-k6-1  | 
load-k6-1  | 
load-k6-1  | running (0m33.0s), 30/30 VUs, 3176 complete and 0 interrupted iterations
load-k6-1  | fspiopQuotes   [  27% ] 30/30 VUs  0m33.0s/2m00.0s
load-k6-1  | 
load-k6-1  | 
load-k6-1  | running (0m34.0s), 30/30 VUs, 3178 complete and 0 interrupted iterations
load-k6-1  | fspiopQuotes   [  28% ] 30/30 VUs  0m34.0s/2m00.0s
load-k6-1  | 
load-k6-1  | 
load-k6-1  | running (0m35.0s), 30/30 VUs, 3178 complete and 0 interrupted iterations
load-k6-1  | fspiopQuotes   [  29% ] 30/30 VUs  0m35.0s/2m00.0s
load-k6-1  | 
load-k6-1  | 
load-k6-1  | running (0m36.0s), 30/30 VUs, 3179 complete and 0 interrupted iterations
load-k6-1  | fspiopQuotes   [  30% ] 30/30 VUs  0m36.0s/2m00.0s
load-k6-1  | 
load-k6-1  | 
load-k6-1  | running (0m37.0s), 30/30 VUs, 3202 complete and 0 interrupted iterations
load-k6-1  | fspiopQuotes   [  31% ] 30/30 VUs  0m37.0s/2m00.0s
load-k6-1  | 
load-k6-1  | 
load-k6-1  | running (0m38.0s), 30/30 VUs, 3206 complete and 0 interrupted iterations
load-k6-1  | fspiopQuotes   [  32% ] 30/30 VUs  0m38.0s/2m00.0s
load-k6-1  | 
load-k6-1  | 
load-k6-1  | running (0m39.0s), 30/30 VUs, 3208 complete and 0 interrupted iterations
load-k6-1  | fspiopQuotes   [  32% ] 30/30 VUs  0m39.0s/2m00.0s
load-k6-1  | 
load-k6-1  | 
load-k6-1  | running (0m40.0s), 30/30 VUs, 3208 complete and 0 interrupted iterations
load-k6-1  | fspiopQuotes   [  33% ] 30/30 VUs  0m40.0s/2m00.0s
load-k6-1  | 
load-k6-1  | 
load-k6-1  | running (0m41.0s), 30/30 VUs, 3209 complete and 0 interrupted iterations
load-k6-1  | fspiopQuotes   [  34% ] 30/30 VUs  0m41.0s/2m00.0s
load-k6-1  | 
load-k6-1  | 
load-k6-1  | running (0m42.0s), 30/30 VUs, 3232 complete and 0 interrupted iterations
load-k6-1  | fspiopQuotes   [  35% ] 30/30 VUs  0m42.0s/2m00.0s
load-k6-1  | 
load-k6-1  | 
load-k6-1  | running (0m43.0s), 30/30 VUs, 3236 complete and 0 interrupted iterations
load-k6-1  | fspiopQuotes   [  36% ] 30/30 VUs  0m43.0s/2m00.0s
load-k6-1  | 
load-k6-1  | 
load-k6-1  | running (0m44.0s), 30/30 VUs, 3238 complete and 0 interrupted iterations
load-k6-1  | fspiopQuotes   [  37% ] 30/30 VUs  0m44.0s/2m00.0s
load-k6-1  | 
load-k6-1  | 
load-k6-1  | running (0m45.0s), 30/30 VUs, 3238 complete and 0 interrupted iterations
load-k6-1  | fspiopQuotes   [  37% ] 30/30 VUs  0m45.0s/2m00.0s
load-k6-1  | 
load-k6-1  | 
load-k6-1  | running (0m46.0s), 30/30 VUs, 3239 complete and 0 interrupted iterations
load-k6-1  | fspiopQuotes   [  38% ] 30/30 VUs  0m46.0s/2m00.0s
load-k6-1  | 
load-k6-1  | 
load-k6-1  | running (0m47.0s), 30/30 VUs, 3262 complete and 0 interrupted iterations
load-k6-1  | fspiopQuotes   [  39% ] 30/30 VUs  0m47.0s/2m00.0s
load-k6-1  | 
load-k6-1  | 
load-k6-1  | running (0m48.0s), 30/30 VUs, 3266 complete and 0 interrupted iterations
load-k6-1  | fspiopQuotes   [  40% ] 30/30 VUs  0m48.0s/2m00.0s
load-k6-1  | 
load-k6-1  | 
load-k6-1  | running (0m49.0s), 30/30 VUs, 3268 complete and 0 interrupted iterations
load-k6-1  | fspiopQuotes   [  41% ] 30/30 VUs  0m49.0s/2m00.0s
load-k6-1  | 
load-k6-1  | 
load-k6-1  | running (0m50.0s), 30/30 VUs, 3268 complete and 0 interrupted iterations
load-k6-1  | fspiopQuotes   [  42% ] 30/30 VUs  0m50.0s/2m00.0s
load-k6-1  | 
load-k6-1  | 
load-k6-1  | running (0m51.0s), 30/30 VUs, 3269 complete and 0 interrupted iterations
load-k6-1  | fspiopQuotes   [  42% ] 30/30 VUs  0m51.0s/2m00.0s
load-k6-1  | 
load-k6-1  | 
load-k6-1  | running (0m52.0s), 30/30 VUs, 3291 complete and 0 interrupted iterations
load-k6-1  | fspiopQuotes   [  43% ] 30/30 VUs  0m52.0s/2m00.0s
load-k6-1  | 
load-k6-1  | 
load-k6-1  | running (0m53.0s), 30/30 VUs, 3296 complete and 0 interrupted iterations
load-k6-1  | fspiopQuotes   [  44% ] 30/30 VUs  0m53.0s/2m00.0s
load-k6-1  | 
load-k6-1  | 
load-k6-1  | running (0m54.0s), 30/30 VUs, 3298 complete and 0 interrupted iterations
load-k6-1  | fspiopQuotes   [  45% ] 30/30 VUs  0m54.0s/2m00.0s
load-k6-1  | 
load-k6-1  | 
load-k6-1  | running (0m55.0s), 30/30 VUs, 3298 complete and 0 interrupted iterations
load-k6-1  | fspiopQuotes   [  46% ] 30/30 VUs  0m55.0s/2m00.0s
load-k6-1  | 
load-k6-1  | 
load-k6-1  | running (0m56.0s), 30/30 VUs, 3299 complete and 0 interrupted iterations
load-k6-1  | fspiopQuotes   [  47% ] 30/30 VUs  0m56.0s/2m00.0s
load-k6-1  | 
load-k6-1  | 
load-k6-1  | running (0m57.0s), 30/30 VUs, 3321 complete and 0 interrupted iterations
load-k6-1  | fspiopQuotes   [  47% ] 30/30 VUs  0m57.0s/2m00.0s
load-k6-1  | 
load-k6-1  | 
load-k6-1  | running (0m58.0s), 30/30 VUs, 3326 complete and 0 interrupted iterations
load-k6-1  | fspiopQuotes   [  48% ] 30/30 VUs  0m58.0s/2m00.0s
load-k6-1  | 
load-k6-1  | 
load-k6-1  | running (0m59.0s), 30/30 VUs, 3328 complete and 0 interrupted iterations
load-k6-1  | fspiopQuotes   [  49% ] 30/30 VUs  0m59.0s/2m00.0s
load-k6-1  | 
load-k6-1  | 
load-k6-1  | running (1m00.0s), 30/30 VUs, 3328 complete and 0 interrupted iterations
load-k6-1  | fspiopQuotes   [  50% ] 30/30 VUs  1m00.0s/2m00.0s
load-k6-1  | 
load-k6-1  | 
load-k6-1  | running (1m01.0s), 30/30 VUs, 3329 complete and 0 interrupted iterations
load-k6-1  | fspiopQuotes   [  51% ] 30/30 VUs  1m01.0s/2m00.0s
load-k6-1  | 
load-k6-1  | 
load-k6-1  | running (1m02.0s), 30/30 VUs, 3349 complete and 0 interrupted iterations
load-k6-1  | fspiopQuotes   [  52% ] 30/30 VUs  1m02.0s/2m00.0s
load-k6-1  | 
load-k6-1  | 
load-k6-1  | running (1m03.0s), 30/30 VUs, 3356 complete and 0 interrupted iterations
load-k6-1  | fspiopQuotes   [  52% ] 30/30 VUs  1m03.0s/2m00.0s
load-k6-1  | 
load-k6-1  | 
load-k6-1  | running (1m04.0s), 30/30 VUs, 3357 complete and 0 interrupted iterations
load-k6-1  | fspiopQuotes   [  53% ] 30/30 VUs  1m04.0s/2m00.0s
load-k6-1  | 
load-k6-1  | 
load-k6-1  | running (1m05.0s), 30/30 VUs, 3358 complete and 0 interrupted iterations
load-k6-1  | fspiopQuotes   [  54% ] 30/30 VUs  1m05.0s/2m00.0s
load-k6-1  | 
load-k6-1  | 
load-k6-1  | running (1m06.0s), 30/30 VUs, 3359 complete and 0 interrupted iterations
load-k6-1  | fspiopQuotes   [  55% ] 30/30 VUs  1m06.0s/2m00.0s
load-k6-1  | 
load-k6-1  | 
load-k6-1  | running (1m07.0s), 30/30 VUs, 3379 complete and 0 interrupted iterations
load-k6-1  | fspiopQuotes   [  56% ] 30/30 VUs  1m07.0s/2m00.0s
load-k6-1  | 
load-k6-1  | 
load-k6-1  | running (1m08.0s), 30/30 VUs, 3386 complete and 0 interrupted iterations
load-k6-1  | fspiopQuotes   [  57% ] 30/30 VUs  1m08.0s/2m00.0s
load-k6-1  | 
load-k6-1  | 
load-k6-1  | running (1m09.0s), 30/30 VUs, 3387 complete and 0 interrupted iterations
load-k6-1  | fspiopQuotes   [  57% ] 30/30 VUs  1m09.0s/2m00.0s
load-k6-1  | 
load-k6-1  | 
load-k6-1  | running (1m10.0s), 30/30 VUs, 3388 complete and 0 interrupted iterations
load-k6-1  | fspiopQuotes   [  58% ] 30/30 VUs  1m10.0s/2m00.0s
load-k6-1  | 
load-k6-1  | 
load-k6-1  | running (1m11.0s), 30/30 VUs, 3389 complete and 0 interrupted iterations
load-k6-1  | fspiopQuotes   [  59% ] 30/30 VUs  1m11.0s/2m00.0s
load-k6-1  | 
load-k6-1  | 
load-k6-1  | running (1m12.0s), 30/30 VUs, 3409 complete and 0 interrupted iterations
load-k6-1  | fspiopQuotes   [  60% ] 30/30 VUs  1m12.0s/2m00.0s
load-k6-1  | 
load-k6-1  | 
load-k6-1  | running (1m13.0s), 30/30 VUs, 3416 complete and 0 interrupted iterations
load-k6-1  | fspiopQuotes   [  61% ] 30/30 VUs  1m13.0s/2m00.0s
load-k6-1  | 
load-k6-1  | 
load-k6-1  | running (1m14.0s), 30/30 VUs, 3417 complete and 0 interrupted iterations
load-k6-1  | fspiopQuotes   [  62% ] 30/30 VUs  1m14.0s/2m00.0s
load-k6-1  | 
load-k6-1  | 
load-k6-1  | running (1m15.0s), 30/30 VUs, 3418 complete and 0 interrupted iterations
load-k6-1  | fspiopQuotes   [  62% ] 30/30 VUs  1m15.0s/2m00.0s
load-k6-1  | 
load-k6-1  | 
load-k6-1  | running (1m16.0s), 30/30 VUs, 3419 complete and 0 interrupted iterations
load-k6-1  | fspiopQuotes   [  63% ] 30/30 VUs  1m16.0s/2m00.0s
load-k6-1  | 
load-k6-1  | 
load-k6-1  | running (1m17.0s), 30/30 VUs, 3439 complete and 0 interrupted iterations
load-k6-1  | fspiopQuotes   [  64% ] 30/30 VUs  1m17.0s/2m00.0s
load-k6-1  | 
load-k6-1  | 
load-k6-1  | running (1m18.0s), 30/30 VUs, 3446 complete and 0 interrupted iterations
load-k6-1  | fspiopQuotes   [  65% ] 30/30 VUs  1m18.0s/2m00.0s
load-k6-1  | 
load-k6-1  | 
load-k6-1  | running (1m19.0s), 30/30 VUs, 3447 complete and 0 interrupted iterations
load-k6-1  | fspiopQuotes   [  66% ] 30/30 VUs  1m19.0s/2m00.0s
load-k6-1  | 
load-k6-1  | 
load-k6-1  | running (1m20.0s), 30/30 VUs, 3448 complete and 0 interrupted iterations
load-k6-1  | fspiopQuotes   [  67% ] 30/30 VUs  1m20.0s/2m00.0s
load-k6-1  | 
load-k6-1  | 
load-k6-1  | running (1m21.0s), 30/30 VUs, 3449 complete and 0 interrupted iterations
load-k6-1  | fspiopQuotes   [  67% ] 30/30 VUs  1m21.0s/2m00.0s
load-k6-1  | 
load-k6-1  | 
load-k6-1  | running (1m22.0s), 30/30 VUs, 3468 complete and 0 interrupted iterations
load-k6-1  | fspiopQuotes   [  68% ] 30/30 VUs  1m22.0s/2m00.0s
load-k6-1  | 
load-k6-1  | 
load-k6-1  | running (1m23.0s), 30/30 VUs, 3476 complete and 0 interrupted iterations
load-k6-1  | fspiopQuotes   [  69% ] 30/30 VUs  1m23.0s/2m00.0s
load-k6-1  | 
load-k6-1  | 
load-k6-1  | running (1m24.0s), 30/30 VUs, 3477 complete and 0 interrupted iterations
load-k6-1  | fspiopQuotes   [  70% ] 30/30 VUs  1m24.0s/2m00.0s
load-k6-1  | 
load-k6-1  | 
load-k6-1  | running (1m25.0s), 30/30 VUs, 3478 complete and 0 interrupted iterations
load-k6-1  | fspiopQuotes   [  71% ] 30/30 VUs  1m25.0s/2m00.0s
load-k6-1  | 
load-k6-1  | 
load-k6-1  | running (1m26.0s), 30/30 VUs, 3479 complete and 0 interrupted iterations
load-k6-1  | fspiopQuotes   [  72% ] 30/30 VUs  1m26.0s/2m00.0s
load-k6-1  | 
load-k6-1  | 
load-k6-1  | running (1m27.0s), 30/30 VUs, 3498 complete and 0 interrupted iterations
load-k6-1  | fspiopQuotes   [  72% ] 30/30 VUs  1m27.0s/2m00.0s
load-k6-1  | 
load-k6-1  | 
load-k6-1  | running (1m28.0s), 30/30 VUs, 3506 complete and 0 interrupted iterations
load-k6-1  | fspiopQuotes   [  73% ] 30/30 VUs  1m28.0s/2m00.0s
load-k6-1  | 
load-k6-1  | 
load-k6-1  | running (1m29.0s), 30/30 VUs, 3507 complete and 0 interrupted iterations
load-k6-1  | fspiopQuotes   [  74% ] 30/30 VUs  1m29.0s/2m00.0s
load-k6-1  | 
load-k6-1  | 
load-k6-1  | running (1m30.0s), 30/30 VUs, 3508 complete and 0 interrupted iterations
load-k6-1  | fspiopQuotes   [  75% ] 30/30 VUs  1m30.0s/2m00.0s
load-k6-1  | 
load-k6-1  | 
load-k6-1  | running (1m31.0s), 30/30 VUs, 3509 complete and 0 interrupted iterations
load-k6-1  | fspiopQuotes   [  76% ] 30/30 VUs  1m31.0s/2m00.0s
load-k6-1  | 
load-k6-1  | 
load-k6-1  | running (1m32.0s), 30/30 VUs, 3528 complete and 0 interrupted iterations
load-k6-1  | fspiopQuotes   [  77% ] 30/30 VUs  1m32.0s/2m00.0s
load-k6-1  | 
load-k6-1  | 
load-k6-1  | running (1m33.0s), 30/30 VUs, 3536 complete and 0 interrupted iterations
load-k6-1  | fspiopQuotes   [  77% ] 30/30 VUs  1m33.0s/2m00.0s
load-k6-1  | 
load-k6-1  | 
load-k6-1  | running (1m34.0s), 30/30 VUs, 3537 complete and 0 interrupted iterations
load-k6-1  | fspiopQuotes   [  78% ] 30/30 VUs  1m34.0s/2m00.0s
load-k6-1  | 
load-k6-1  | 
load-k6-1  | running (1m35.0s), 30/30 VUs, 3538 complete and 0 interrupted iterations
load-k6-1  | fspiopQuotes   [  79% ] 30/30 VUs  1m35.0s/2m00.0s
load-k6-1  | 
load-k6-1  | 
load-k6-1  | running (1m36.0s), 30/30 VUs, 3539 complete and 0 interrupted iterations
load-k6-1  | fspiopQuotes   [  80% ] 30/30 VUs  1m36.0s/2m00.0s
load-k6-1  | 
load-k6-1  | 
load-k6-1  | running (1m37.0s), 30/30 VUs, 3558 complete and 0 interrupted iterations
load-k6-1  | fspiopQuotes   [  81% ] 30/30 VUs  1m37.0s/2m00.0s
load-k6-1  | 
load-k6-1  | 
load-k6-1  | running (1m38.0s), 30/30 VUs, 3566 complete and 0 interrupted iterations
load-k6-1  | fspiopQuotes   [  82% ] 30/30 VUs  1m38.0s/2m00.0s
load-k6-1  | 
load-k6-1  | 
load-k6-1  | running (1m39.0s), 30/30 VUs, 3567 complete and 0 interrupted iterations
load-k6-1  | fspiopQuotes   [  82% ] 30/30 VUs  1m39.0s/2m00.0s
load-k6-1  | 
load-k6-1  | 
load-k6-1  | running (1m40.0s), 30/30 VUs, 3568 complete and 0 interrupted iterations
load-k6-1  | fspiopQuotes   [  83% ] 30/30 VUs  1m40.0s/2m00.0s
load-k6-1  | 
load-k6-1  | 
load-k6-1  | running (1m41.0s), 30/30 VUs, 3569 complete and 0 interrupted iterations
load-k6-1  | fspiopQuotes   [  84% ] 30/30 VUs  1m41.0s/2m00.0s
load-k6-1  | 
load-k6-1  | 
load-k6-1  | running (1m42.0s), 30/30 VUs, 3588 complete and 0 interrupted iterations
load-k6-1  | fspiopQuotes   [  85% ] 30/30 VUs  1m42.0s/2m00.0s
load-k6-1  | 
load-k6-1  | 
load-k6-1  | running (1m43.0s), 30/30 VUs, 3596 complete and 0 interrupted iterations
load-k6-1  | fspiopQuotes   [  86% ] 30/30 VUs  1m43.0s/2m00.0s
load-k6-1  | 
load-k6-1  | 
load-k6-1  | running (1m44.0s), 30/30 VUs, 3597 complete and 0 interrupted iterations
load-k6-1  | fspiopQuotes   [  87% ] 30/30 VUs  1m44.0s/2m00.0s
load-k6-1  | 
load-k6-1  | 
load-k6-1  | running (1m45.0s), 30/30 VUs, 3598 complete and 0 interrupted iterations
load-k6-1  | fspiopQuotes   [  87% ] 30/30 VUs  1m45.0s/2m00.0s
load-k6-1  | 
load-k6-1  | 
load-k6-1  | running (1m46.0s), 30/30 VUs, 3599 complete and 0 interrupted iterations
load-k6-1  | fspiopQuotes   [  88% ] 30/30 VUs  1m46.0s/2m00.0s
load-k6-1  | 
load-k6-1  | 
load-k6-1  | running (1m47.0s), 30/30 VUs, 3618 complete and 0 interrupted iterations
load-k6-1  | fspiopQuotes   [  89% ] 30/30 VUs  1m47.0s/2m00.0s
load-k6-1  | 
load-k6-1  | 
load-k6-1  | running (1m48.0s), 30/30 VUs, 3626 complete and 0 interrupted iterations
load-k6-1  | fspiopQuotes   [  90% ] 30/30 VUs  1m48.0s/2m00.0s
load-k6-1  | 
load-k6-1  | 
load-k6-1  | running (1m49.0s), 30/30 VUs, 3627 complete and 0 interrupted iterations
load-k6-1  | fspiopQuotes   [  91% ] 30/30 VUs  1m49.0s/2m00.0s
load-k6-1  | 
load-k6-1  | 
load-k6-1  | running (1m50.0s), 30/30 VUs, 3628 complete and 0 interrupted iterations
load-k6-1  | fspiopQuotes   [  92% ] 30/30 VUs  1m50.0s/2m00.0s
load-k6-1  | 
load-k6-1  | 
load-k6-1  | running (1m51.0s), 30/30 VUs, 3629 complete and 0 interrupted iterations
load-k6-1  | fspiopQuotes   [  92% ] 30/30 VUs  1m51.0s/2m00.0s
load-k6-1  | 
load-k6-1  | 
load-k6-1  | running (1m52.0s), 30/30 VUs, 3648 complete and 0 interrupted iterations
load-k6-1  | fspiopQuotes   [  93% ] 30/30 VUs  1m52.0s/2m00.0s
load-k6-1  | 
load-k6-1  | 
load-k6-1  | running (1m53.0s), 30/30 VUs, 3656 complete and 0 interrupted iterations
load-k6-1  | fspiopQuotes   [  94% ] 30/30 VUs  1m53.0s/2m00.0s
load-k6-1  | 
load-k6-1  | 
load-k6-1  | running (1m54.0s), 30/30 VUs, 3657 complete and 0 interrupted iterations
load-k6-1  | fspiopQuotes   [  95% ] 30/30 VUs  1m54.0s/2m00.0s
load-k6-1  | 
load-k6-1  | 
load-k6-1  | running (1m55.0s), 30/30 VUs, 3658 complete and 0 interrupted iterations
load-k6-1  | fspiopQuotes   [  96% ] 30/30 VUs  1m55.0s/2m00.0s
load-k6-1  | 
load-k6-1  | 
load-k6-1  | running (1m56.0s), 30/30 VUs, 3659 complete and 0 interrupted iterations
load-k6-1  | fspiopQuotes   [  97% ] 30/30 VUs  1m56.0s/2m00.0s
load-k6-1  | 
load-k6-1  | 
load-k6-1  | running (1m57.0s), 30/30 VUs, 3678 complete and 0 interrupted iterations
load-k6-1  | fspiopQuotes   [  97% ] 30/30 VUs  1m57.0s/2m00.0s
load-k6-1  | 
load-k6-1  | 
load-k6-1  | running (1m58.0s), 30/30 VUs, 3686 complete and 0 interrupted iterations
load-k6-1  | fspiopQuotes   [  98% ] 30/30 VUs  1m58.0s/2m00.0s
load-k6-1  | 
load-k6-1  | 
load-k6-1  | running (1m59.0s), 30/30 VUs, 3687 complete and 0 interrupted iterations
load-k6-1  | fspiopQuotes   [  99% ] 30/30 VUs  1m59.0s/2m00.0s
load-k6-1  | 
load-k6-1  | 
load-k6-1  | running (2m00.0s), 30/30 VUs, 3688 complete and 0 interrupted iterations
load-k6-1  | fspiopQuotes   [ 100% ] 30/30 VUs  2m00.0s/2m00.0s
load-k6-1  | 
load-k6-1  | 
load-k6-1  | running (2m01.0s), 29/30 VUs, 3689 complete and 0 interrupted iterations
load-k6-1  | fspiopQuotes ↓ [ 100% ] 30/30 VUs  2m0s
load-k6-1  | 
load-k6-1  | 
load-k6-1  | running (2m02.0s), 10/30 VUs, 3708 complete and 0 interrupted iterations
load-k6-1  | fspiopQuotes ↓ [ 100% ] 30/30 VUs  2m0s
load-k6-1  | 
load-k6-1  | 
load-k6-1  | running (2m03.0s), 02/30 VUs, 3716 complete and 0 interrupted iterations
load-k6-1  | fspiopQuotes ↓ [ 100% ] 30/30 VUs  2m0s
load-k6-1  | 
load-k6-1  | 
load-k6-1  | running (2m04.0s), 01/30 VUs, 3717 complete and 0 interrupted iterations
load-k6-1  | fspiopQuotes ↓ [ 100% ] 30/30 VUs  2m0s
load-k6-1  | 
load-k6-1  | 
load-k6-1  |      ✗ QUOTES_FSPIOP_POST_QUOTES_RESPONSE_IS_202
load-k6-1  |       ↳  99% — ✓ 3706 / ✗ 12
load-k6-1  |      ✗ QUOTES_E2E_FSPIOP_POST_QUOTES_SUCCESS
load-k6-1  |       ↳  84% — ✓ 3149 / ✗ 569
load-k6-1  | 
load-k6-1  |      █ Post Quotes
load-k6-1  | 
load-k6-1  |      checks.........................: 92.18% ✓ 6855      ✗ 581 
load-k6-1  |      data_received..................: 1.1 MB 9.2 kB/s
load-k6-1  |      data_sent......................: 4.5 MB 36 kB/s
load-k6-1  |      group_duration.................: avg=194.63µs min=131.83µs med=185.66µs max=991.85µs p(90)=243.61µs p(95)=261.23µs
load-k6-1  |      http_req_blocked...............: avg=41.01µs  min=1.5µs    med=3.58µs   max=71.62ms  p(90)=116.13µs p(95)=132.77µs
load-k6-1  |      http_req_connecting............: avg=31.99µs  min=0s       med=0s       max=71.56ms  p(90)=78.6µs   p(95)=91.22µs 
load-k6-1  |    ✓ http_req_duration..............: avg=4.19ms   min=67.33µs  med=4.18ms   max=27.75ms  p(90)=6.82ms   p(95)=7.6ms   
load-k6-1  |        { expected_response:true }...: avg=4.2ms    min=775.75µs med=4.19ms   max=27.75ms  p(90)=6.82ms   p(95)=7.6ms   
load-k6-1  |    ✓ http_req_failed................: 0.32%  ✓ 12        ✗ 3706
load-k6-1  |      http_req_receiving.............: avg=25.65µs  min=0s       med=24.44µs  max=288.13µs p(90)=32.26µs  p(95)=35.56µs 
load-k6-1  |      http_req_sending...............: avg=22.23µs  min=8.98µs   med=19.79µs  max=242.82µs p(90)=33.27µs  p(95)=39.23µs 
load-k6-1  |      http_req_tls_handshaking.......: avg=0s       min=0s       med=0s       max=0s       p(90)=0s       p(95)=0s      
load-k6-1  |      http_req_waiting...............: avg=4.14ms   min=52.87µs  med=4.13ms   max=27.68ms  p(90)=6.77ms   p(95)=7.55ms  
load-k6-1  |      http_reqs......................: 3718   29.974128/s
load-k6-1  |    ✗ iteration_duration.............: avg=863.43ms min=13.61ms  med=136.71ms max=5.07s    p(90)=5s       p(95)=5s      
load-k6-1  |      iterations.....................: 3718   29.974128/s
load-k6-1  |      vus............................: 1      min=1       max=30
load-k6-1  |      vus_max........................: 30     min=30      max=30
load-k6-1  |      ws_connecting..................: avg=374.49µs min=200.84µs med=318.66µs max=6.45ms   p(90)=470.02µs p(95)=624.67µs
load-k6-1  |      ws_msgs_received...............: 3149   25.386909/s
load-k6-1  |      ws_msgs_sent...................: 3718   29.974128/s
load-k6-1  |      ws_session_duration............: avg=863.16ms min=13.36ms  med=136.46ms max=5.07s    p(90)=5s       p(95)=5s      
load-k6-1  |      ws_sessions....................: 3718   29.974128/s
load-k6-1  | 
load-k6-1  | 
load-k6-1  | running (2m04.0s), 00/30 VUs, 3718 complete and 0 interrupted iterations
load-k6-1  | fspiopQuotes ✓ [ 100% ] 00/30 VUs  2m0s
load-k6-1  | 
load-k6-1 exited with code 99
