Attaching to load-k6-1
load-k6-1  | 
load-k6-1  |           /\      |‾‾| /‾‾/   /‾‾/   
load-k6-1  |      /\  /  \     |  |/  /   /  /    
load-k6-1  |     /  \/    \    |     (   /   ‾‾\  
load-k6-1  |    /          \   |  |\  \ |  (‾)  | 
load-k6-1  |   / __________ \  |__| \__\ \_____/ .io
load-k6-1  | 
load-k6-1  | 
load-k6-1  |   execution: local
load-k6-1  |      script: /scripts/index.js
load-k6-1  |      output: Prometheus remote write (http://prometheus:9090/api/v1/write)
load-k6-1  | 
load-k6-1  |   scenarios: (100.00%) 1 scenario, 50 max VUs, 6m0s max duration (incl. graceful stop):
load-k6-1  |            * fspiopQuotes: Up to 50 looping VUs for 5m30s over 2 stages (gracefulRampDown: 30s, exec: fspiopQuotesScenarios, gracefulStop: 30s)
load-k6-1  | 
load-k6-1  | 
load-k6-1  | 
load-k6-1  | running (0m01.0s), 02/50 VUs, 92 complete and 0 interrupted iterations
load-k6-1  | fspiopQuotes   [   0% ] 02/50 VUs  0m01.0s/5m30.0s
load-k6-1  | 
load-k6-1  | 
load-k6-1  | running (0m02.0s), 04/50 VUs, 250 complete and 0 interrupted iterations
load-k6-1  | fspiopQuotes   [   1% ] 04/50 VUs  0m02.0s/5m30.0s
load-k6-1  | 
load-k6-1  | 
load-k6-1  | running (0m03.0s), 05/50 VUs, 427 complete and 0 interrupted iterations
load-k6-1  | fspiopQuotes   [   1% ] 05/50 VUs  0m03.0s/5m30.0s
load-k6-1  | 
load-k6-1  | 
load-k6-1  | running (0m04.0s), 07/50 VUs, 620 complete and 0 interrupted iterations
load-k6-1  | fspiopQuotes   [   1% ] 07/50 VUs  0m04.0s/5m30.0s
load-k6-1  | 
load-k6-1  | 
load-k6-1  | running (0m05.0s), 09/50 VUs, 828 complete and 0 interrupted iterations
load-k6-1  | fspiopQuotes   [   2% ] 09/50 VUs  0m05.0s/5m30.0s
load-k6-1  | 
load-k6-1  | 
load-k6-1  | running (0m06.0s), 10/50 VUs, 1042 complete and 0 interrupted iterations
load-k6-1  | fspiopQuotes   [   2% ] 10/50 VUs  0m06.0s/5m30.0s
load-k6-1  | 
load-k6-1  | 
load-k6-1  | running (0m07.0s), 12/50 VUs, 1278 complete and 0 interrupted iterations
load-k6-1  | fspiopQuotes   [   2% ] 12/50 VUs  0m07.0s/5m30.0s
load-k6-1  | 
load-k6-1  | 
load-k6-1  | running (0m08.0s), 14/50 VUs, 1517 complete and 0 interrupted iterations
load-k6-1  | fspiopQuotes   [   2% ] 14/50 VUs  0m08.0s/5m30.0s
load-k6-1  | 
load-k6-1  | 
load-k6-1  | running (0m09.0s), 15/50 VUs, 1755 complete and 0 interrupted iterations
load-k6-1  | fspiopQuotes   [   3% ] 15/50 VUs  0m09.0s/5m30.0s
load-k6-1  | 
load-k6-1  | 
load-k6-1  | running (0m10.0s), 17/50 VUs, 1999 complete and 0 interrupted iterations
load-k6-1  | fspiopQuotes   [   3% ] 17/50 VUs  0m10.0s/5m30.0s
load-k6-1  | 
load-k6-1  | 
load-k6-1  | running (0m11.0s), 18/50 VUs, 2245 complete and 0 interrupted iterations
load-k6-1  | fspiopQuotes   [   3% ] 18/50 VUs  0m11.0s/5m30.0s
load-k6-1  | 
load-k6-1  | 
load-k6-1  | running (0m12.0s), 20/50 VUs, 2483 complete and 0 interrupted iterations
load-k6-1  | fspiopQuotes   [   4% ] 20/50 VUs  0m12.0s/5m30.0s
load-k6-1  | 
load-k6-1  | 
load-k6-1  | running (0m13.0s), 22/50 VUs, 2736 complete and 0 interrupted iterations
load-k6-1  | fspiopQuotes   [   4% ] 22/50 VUs  0m13.0s/5m30.0s
load-k6-1  | 
load-k6-1  | 
load-k6-1  | running (0m14.0s), 23/50 VUs, 2982 complete and 0 interrupted iterations
load-k6-1  | fspiopQuotes   [   4% ] 23/50 VUs  0m14.0s/5m30.0s
load-k6-1  | 
load-k6-1  | 
load-k6-1  | running (0m15.0s), 25/50 VUs, 3221 complete and 0 interrupted iterations
load-k6-1  | fspiopQuotes   [   5% ] 25/50 VUs  0m15.0s/5m30.0s
load-k6-1  | 
load-k6-1  | 
load-k6-1  | running (0m16.0s), 27/50 VUs, 3468 complete and 0 interrupted iterations
load-k6-1  | fspiopQuotes   [   5% ] 27/50 VUs  0m16.0s/5m30.0s
load-k6-1  | 
load-k6-1  | 
load-k6-1  | running (0m17.0s), 28/50 VUs, 3682 complete and 0 interrupted iterations
load-k6-1  | fspiopQuotes   [   5% ] 28/50 VUs  0m17.0s/5m30.0s
load-k6-1  | 
load-k6-1  | 
load-k6-1  | running (0m18.0s), 30/50 VUs, 3937 complete and 0 interrupted iterations
load-k6-1  | fspiopQuotes   [   5% ] 30/50 VUs  0m18.0s/5m30.0s
load-k6-1  | 
load-k6-1  | 
load-k6-1  | running (0m19.0s), 32/50 VUs, 4141 complete and 0 interrupted iterations
load-k6-1  | fspiopQuotes   [   6% ] 32/50 VUs  0m19.0s/5m30.0s
load-k6-1  | 
load-k6-1  | 
load-k6-1  | running (0m20.0s), 33/50 VUs, 4398 complete and 0 interrupted iterations
load-k6-1  | fspiopQuotes   [   6% ] 33/50 VUs  0m20.0s/5m30.0s
load-k6-1  | 
load-k6-1  | 
load-k6-1  | running (0m21.0s), 35/50 VUs, 4667 complete and 0 interrupted iterations
load-k6-1  | fspiopQuotes   [   6% ] 35/50 VUs  0m21.0s/5m30.0s
load-k6-1  | 
load-k6-1  | 
load-k6-1  | running (0m22.0s), 36/50 VUs, 4917 complete and 0 interrupted iterations
load-k6-1  | fspiopQuotes   [   7% ] 36/50 VUs  0m22.0s/5m30.0s
load-k6-1  | 
load-k6-1  | 
load-k6-1  | running (0m23.0s), 38/50 VUs, 5182 complete and 0 interrupted iterations
load-k6-1  | fspiopQuotes   [   7% ] 38/50 VUs  0m23.0s/5m30.0s
load-k6-1  | 
load-k6-1  | 
load-k6-1  | running (0m24.0s), 40/50 VUs, 5442 complete and 0 interrupted iterations
load-k6-1  | fspiopQuotes   [   7% ] 40/50 VUs  0m24.0s/5m30.0s
load-k6-1  | 
load-k6-1  | 
load-k6-1  | running (0m25.0s), 41/50 VUs, 5695 complete and 0 interrupted iterations
load-k6-1  | fspiopQuotes   [   8% ] 41/50 VUs  0m25.0s/5m30.0s
load-k6-1  | 
load-k6-1  | 
load-k6-1  | running (0m26.0s), 43/50 VUs, 5956 complete and 0 interrupted iterations
load-k6-1  | fspiopQuotes   [   8% ] 43/50 VUs  0m26.0s/5m30.0s
load-k6-1  | 
load-k6-1  | 
load-k6-1  | running (0m27.0s), 45/50 VUs, 6221 complete and 0 interrupted iterations
load-k6-1  | fspiopQuotes   [   8% ] 45/50 VUs  0m27.0s/5m30.0s
load-k6-1  | 
load-k6-1  | 
load-k6-1  | running (0m28.0s), 46/50 VUs, 6466 complete and 0 interrupted iterations
load-k6-1  | fspiopQuotes   [   8% ] 46/50 VUs  0m28.0s/5m30.0s
load-k6-1  | 
load-k6-1  | 
load-k6-1  | running (0m29.0s), 48/50 VUs, 6716 complete and 0 interrupted iterations
load-k6-1  | fspiopQuotes   [   9% ] 48/50 VUs  0m29.0s/5m30.0s
load-k6-1  | 
load-k6-1  | 
load-k6-1  | running (0m30.0s), 49/50 VUs, 6964 complete and 0 interrupted iterations
load-k6-1  | fspiopQuotes   [   9% ] 49/50 VUs  0m30.0s/5m30.0s
load-k6-1  | 
load-k6-1  | 
load-k6-1  | running (0m31.0s), 50/50 VUs, 7212 complete and 0 interrupted iterations
load-k6-1  | fspiopQuotes   [   9% ] 50/50 VUs  0m31.0s/5m30.0s
load-k6-1  | 
load-k6-1  | 
load-k6-1  | running (0m32.0s), 50/50 VUs, 7458 complete and 0 interrupted iterations
load-k6-1  | fspiopQuotes   [  10% ] 50/50 VUs  0m32.0s/5m30.0s
load-k6-1  | 
load-k6-1  | 
load-k6-1  | running (0m33.0s), 50/50 VUs, 7714 complete and 0 interrupted iterations
load-k6-1  | fspiopQuotes   [  10% ] 50/50 VUs  0m33.0s/5m30.0s
load-k6-1  | 
load-k6-1  | 
load-k6-1  | running (0m34.0s), 50/50 VUs, 7978 complete and 0 interrupted iterations
load-k6-1  | fspiopQuotes   [  10% ] 50/50 VUs  0m34.0s/5m30.0s
load-k6-1  | 
load-k6-1  | 
load-k6-1  | running (0m35.0s), 50/50 VUs, 8233 complete and 0 interrupted iterations
load-k6-1  | fspiopQuotes   [  11% ] 50/50 VUs  0m35.0s/5m30.0s
load-k6-1  | 
load-k6-1  | 
load-k6-1  | running (0m36.0s), 50/50 VUs, 8488 complete and 0 interrupted iterations
load-k6-1  | fspiopQuotes   [  11% ] 50/50 VUs  0m36.0s/5m30.0s
load-k6-1  | 
load-k6-1  | 
load-k6-1  | running (0m37.0s), 50/50 VUs, 8751 complete and 0 interrupted iterations
load-k6-1  | fspiopQuotes   [  11% ] 50/50 VUs  0m37.0s/5m30.0s
load-k6-1  | 
load-k6-1  | 
load-k6-1  | running (0m38.0s), 50/50 VUs, 9004 complete and 0 interrupted iterations
load-k6-1  | fspiopQuotes   [  12% ] 50/50 VUs  0m38.0s/5m30.0s
load-k6-1  | 
load-k6-1  | 
load-k6-1  | running (0m39.0s), 50/50 VUs, 9249 complete and 0 interrupted iterations
load-k6-1  | fspiopQuotes   [  12% ] 50/50 VUs  0m39.0s/5m30.0s
load-k6-1  | 
load-k6-1  | 
load-k6-1  | running (0m40.0s), 50/50 VUs, 9499 complete and 0 interrupted iterations
load-k6-1  | fspiopQuotes   [  12% ] 50/50 VUs  0m40.0s/5m30.0s
load-k6-1  | 
load-k6-1  | 
load-k6-1  | running (0m41.0s), 50/50 VUs, 9756 complete and 0 interrupted iterations
load-k6-1  | fspiopQuotes   [  12% ] 50/50 VUs  0m41.0s/5m30.0s
load-k6-1  | 
load-k6-1  | 
load-k6-1  | running (0m42.0s), 50/50 VUs, 10014 complete and 0 interrupted iterations
load-k6-1  | fspiopQuotes   [  13% ] 50/50 VUs  0m42.0s/5m30.0s
load-k6-1  | 
load-k6-1  | 
load-k6-1  | running (0m43.0s), 50/50 VUs, 10283 complete and 0 interrupted iterations
load-k6-1  | fspiopQuotes   [  13% ] 50/50 VUs  0m43.0s/5m30.0s
load-k6-1  | 
load-k6-1  | 
load-k6-1  | running (0m44.0s), 50/50 VUs, 10541 complete and 0 interrupted iterations
load-k6-1  | fspiopQuotes   [  13% ] 50/50 VUs  0m44.0s/5m30.0s
load-k6-1  | 
load-k6-1  | 
load-k6-1  | running (0m45.0s), 50/50 VUs, 10794 complete and 0 interrupted iterations
load-k6-1  | fspiopQuotes   [  14% ] 50/50 VUs  0m45.0s/5m30.0s
load-k6-1  | 
load-k6-1  | 
load-k6-1  | running (0m46.0s), 50/50 VUs, 11045 complete and 0 interrupted iterations
load-k6-1  | fspiopQuotes   [  14% ] 50/50 VUs  0m46.0s/5m30.0s
load-k6-1  | 
load-k6-1  | 
load-k6-1  | running (0m47.0s), 50/50 VUs, 11304 complete and 0 interrupted iterations
load-k6-1  | fspiopQuotes   [  14% ] 50/50 VUs  0m47.0s/5m30.0s
load-k6-1  | 
load-k6-1  | 
load-k6-1  | running (0m48.0s), 50/50 VUs, 11560 complete and 0 interrupted iterations
load-k6-1  | fspiopQuotes   [  15% ] 50/50 VUs  0m48.0s/5m30.0s
load-k6-1  | 
load-k6-1  | 
load-k6-1  | running (0m49.0s), 50/50 VUs, 11821 complete and 0 interrupted iterations
load-k6-1  | fspiopQuotes   [  15% ] 50/50 VUs  0m49.0s/5m30.0s
load-k6-1  | 
load-k6-1  | 
load-k6-1  | running (0m50.0s), 50/50 VUs, 12050 complete and 0 interrupted iterations
load-k6-1  | fspiopQuotes   [  15% ] 50/50 VUs  0m50.0s/5m30.0s
load-k6-1  | 
load-k6-1  | 
load-k6-1  | running (0m51.0s), 50/50 VUs, 12311 complete and 0 interrupted iterations
load-k6-1  | fspiopQuotes   [  15% ] 50/50 VUs  0m51.0s/5m30.0s
load-k6-1  | 
load-k6-1  | 
load-k6-1  | running (0m52.0s), 50/50 VUs, 12571 complete and 0 interrupted iterations
load-k6-1  | fspiopQuotes   [  16% ] 50/50 VUs  0m52.0s/5m30.0s
load-k6-1  | 
load-k6-1  | 
load-k6-1  | running (0m53.0s), 50/50 VUs, 12830 complete and 0 interrupted iterations
load-k6-1  | fspiopQuotes   [  16% ] 50/50 VUs  0m53.0s/5m30.0s
load-k6-1  | 
load-k6-1  | 
load-k6-1  | running (0m54.0s), 50/50 VUs, 13087 complete and 0 interrupted iterations
load-k6-1  | fspiopQuotes   [  16% ] 50/50 VUs  0m54.0s/5m30.0s
load-k6-1  | 
load-k6-1  | 
load-k6-1  | running (0m55.0s), 50/50 VUs, 13350 complete and 0 interrupted iterations
load-k6-1  | fspiopQuotes   [  17% ] 50/50 VUs  0m55.0s/5m30.0s
load-k6-1  | 
load-k6-1  | 
load-k6-1  | running (0m56.0s), 50/50 VUs, 13597 complete and 0 interrupted iterations
load-k6-1  | fspiopQuotes   [  17% ] 50/50 VUs  0m56.0s/5m30.0s
load-k6-1  | 
load-k6-1  | 
load-k6-1  | running (0m57.0s), 50/50 VUs, 13857 complete and 0 interrupted iterations
load-k6-1  | fspiopQuotes   [  17% ] 50/50 VUs  0m57.0s/5m30.0s
load-k6-1  | 
load-k6-1  | 
load-k6-1  | running (0m58.0s), 50/50 VUs, 14109 complete and 0 interrupted iterations
load-k6-1  | fspiopQuotes   [  18% ] 50/50 VUs  0m58.0s/5m30.0s
load-k6-1  | 
load-k6-1  | 
load-k6-1  | running (0m59.0s), 50/50 VUs, 14365 complete and 0 interrupted iterations
load-k6-1  | fspiopQuotes   [  18% ] 50/50 VUs  0m59.0s/5m30.0s
load-k6-1  | 
load-k6-1  | 
load-k6-1  | running (1m00.0s), 50/50 VUs, 14616 complete and 0 interrupted iterations
load-k6-1  | fspiopQuotes   [  18% ] 50/50 VUs  1m00.0s/5m30.0s
load-k6-1  | 
load-k6-1  | 
load-k6-1  | running (1m01.0s), 50/50 VUs, 14852 complete and 0 interrupted iterations
load-k6-1  | fspiopQuotes   [  18% ] 50/50 VUs  1m01.0s/5m30.0s
load-k6-1  | 
load-k6-1  | 
load-k6-1  | running (1m02.0s), 50/50 VUs, 15108 complete and 0 interrupted iterations
load-k6-1  | fspiopQuotes   [  19% ] 50/50 VUs  1m02.0s/5m30.0s
load-k6-1  | 
load-k6-1  | 
load-k6-1  | running (1m03.0s), 50/50 VUs, 15360 complete and 0 interrupted iterations
load-k6-1  | fspiopQuotes   [  19% ] 50/50 VUs  1m03.0s/5m30.0s
load-k6-1  | 
load-k6-1  | 
load-k6-1  | running (1m04.0s), 50/50 VUs, 15611 complete and 0 interrupted iterations
load-k6-1  | fspiopQuotes   [  19% ] 50/50 VUs  1m04.0s/5m30.0s
load-k6-1  | 
load-k6-1  | 
load-k6-1  | running (1m05.0s), 50/50 VUs, 15865 complete and 0 interrupted iterations
load-k6-1  | fspiopQuotes   [  20% ] 50/50 VUs  1m05.0s/5m30.0s
load-k6-1  | 
load-k6-1  | 
load-k6-1  | running (1m06.0s), 50/50 VUs, 16119 complete and 0 interrupted iterations
load-k6-1  | fspiopQuotes   [  20% ] 50/50 VUs  1m06.0s/5m30.0s
load-k6-1  | 
load-k6-1  | 
load-k6-1  | running (1m07.0s), 50/50 VUs, 16355 complete and 0 interrupted iterations
load-k6-1  | fspiopQuotes   [  20% ] 50/50 VUs  1m07.0s/5m30.0s
load-k6-1  | 
load-k6-1  | 
load-k6-1  | running (1m08.0s), 50/50 VUs, 16605 complete and 0 interrupted iterations
load-k6-1  | fspiopQuotes   [  21% ] 50/50 VUs  1m08.0s/5m30.0s
load-k6-1  | 
load-k6-1  | 
load-k6-1  | running (1m09.0s), 50/50 VUs, 16847 complete and 0 interrupted iterations
load-k6-1  | fspiopQuotes   [  21% ] 50/50 VUs  1m09.0s/5m30.0s
load-k6-1  | 
load-k6-1  | 
load-k6-1  | running (1m10.0s), 50/50 VUs, 17083 complete and 0 interrupted iterations
load-k6-1  | fspiopQuotes   [  21% ] 50/50 VUs  1m10.0s/5m30.0s
load-k6-1  | 
load-k6-1  | 
load-k6-1  | running (1m11.0s), 50/50 VUs, 17328 complete and 0 interrupted iterations
load-k6-1  | fspiopQuotes   [  22% ] 50/50 VUs  1m11.0s/5m30.0s
load-k6-1  | 
load-k6-1  | 
load-k6-1  | running (1m12.0s), 50/50 VUs, 17569 complete and 0 interrupted iterations
load-k6-1  | fspiopQuotes   [  22% ] 50/50 VUs  1m12.0s/5m30.0s
load-k6-1  | 
load-k6-1  | 
load-k6-1  | running (1m13.0s), 50/50 VUs, 17825 complete and 0 interrupted iterations
load-k6-1  | fspiopQuotes   [  22% ] 50/50 VUs  1m13.0s/5m30.0s
load-k6-1  | 
load-k6-1  | 
load-k6-1  | running (1m14.0s), 50/50 VUs, 18082 complete and 0 interrupted iterations
load-k6-1  | fspiopQuotes   [  22% ] 50/50 VUs  1m14.0s/5m30.0s
load-k6-1  | 
load-k6-1  | 
load-k6-1  | running (1m15.0s), 50/50 VUs, 18331 complete and 0 interrupted iterations
load-k6-1  | fspiopQuotes   [  23% ] 50/50 VUs  1m15.0s/5m30.0s
load-k6-1  | 
load-k6-1  | 
load-k6-1  | running (1m16.0s), 50/50 VUs, 18593 complete and 0 interrupted iterations
load-k6-1  | fspiopQuotes   [  23% ] 50/50 VUs  1m16.0s/5m30.0s
load-k6-1  | 
load-k6-1  | 
load-k6-1  | running (1m17.0s), 50/50 VUs, 18850 complete and 0 interrupted iterations
load-k6-1  | fspiopQuotes   [  23% ] 50/50 VUs  1m17.0s/5m30.0s
load-k6-1  | 
load-k6-1  | 
load-k6-1  | running (1m18.0s), 50/50 VUs, 19106 complete and 0 interrupted iterations
load-k6-1  | fspiopQuotes   [  24% ] 50/50 VUs  1m18.0s/5m30.0s
load-k6-1  | 
load-k6-1  | 
load-k6-1  | running (1m19.0s), 50/50 VUs, 19362 complete and 0 interrupted iterations
load-k6-1  | fspiopQuotes   [  24% ] 50/50 VUs  1m19.0s/5m30.0s
load-k6-1  | 
load-k6-1  | 
load-k6-1  | running (1m20.0s), 50/50 VUs, 19599 complete and 0 interrupted iterations
load-k6-1  | fspiopQuotes   [  24% ] 50/50 VUs  1m20.0s/5m30.0s
load-k6-1  | 
load-k6-1  | 
load-k6-1  | running (1m21.0s), 50/50 VUs, 19849 complete and 0 interrupted iterations
load-k6-1  | fspiopQuotes   [  25% ] 50/50 VUs  1m21.0s/5m30.0s
load-k6-1  | 
load-k6-1  | 
load-k6-1  | running (1m22.0s), 50/50 VUs, 20104 complete and 0 interrupted iterations
load-k6-1  | fspiopQuotes   [  25% ] 50/50 VUs  1m22.0s/5m30.0s
load-k6-1  | 
load-k6-1  | 
load-k6-1  | running (1m23.0s), 50/50 VUs, 20356 complete and 0 interrupted iterations
load-k6-1  | fspiopQuotes   [  25% ] 50/50 VUs  1m23.0s/5m30.0s
load-k6-1  | 
load-k6-1  | 
load-k6-1  | running (1m24.0s), 50/50 VUs, 20608 complete and 0 interrupted iterations
load-k6-1  | fspiopQuotes   [  25% ] 50/50 VUs  1m24.0s/5m30.0s
load-k6-1  | 
load-k6-1  | 
load-k6-1  | running (1m25.0s), 50/50 VUs, 20862 complete and 0 interrupted iterations
load-k6-1  | fspiopQuotes   [  26% ] 50/50 VUs  1m25.0s/5m30.0s
load-k6-1  | 
load-k6-1  | 
load-k6-1  | running (1m26.0s), 50/50 VUs, 21113 complete and 0 interrupted iterations
load-k6-1  | fspiopQuotes   [  26% ] 50/50 VUs  1m26.0s/5m30.0s
load-k6-1  | 
load-k6-1  | 
load-k6-1  | running (1m27.0s), 50/50 VUs, 21375 complete and 0 interrupted iterations
load-k6-1  | fspiopQuotes   [  26% ] 50/50 VUs  1m27.0s/5m30.0s
load-k6-1  | 
load-k6-1  | 
load-k6-1  | running (1m28.0s), 50/50 VUs, 21616 complete and 0 interrupted iterations
load-k6-1  | fspiopQuotes   [  27% ] 50/50 VUs  1m28.0s/5m30.0s
load-k6-1  | 
load-k6-1  | 
load-k6-1  | running (1m29.0s), 50/50 VUs, 21873 complete and 0 interrupted iterations
load-k6-1  | fspiopQuotes   [  27% ] 50/50 VUs  1m29.0s/5m30.0s
load-k6-1  | 
load-k6-1  | 
load-k6-1  | running (1m30.0s), 50/50 VUs, 22134 complete and 0 interrupted iterations
load-k6-1  | fspiopQuotes   [  27% ] 50/50 VUs  1m30.0s/5m30.0s
load-k6-1  | 
load-k6-1  | 
load-k6-1  | running (1m31.0s), 50/50 VUs, 22392 complete and 0 interrupted iterations
load-k6-1  | fspiopQuotes   [  28% ] 50/50 VUs  1m31.0s/5m30.0s
load-k6-1  | 
load-k6-1  | 
load-k6-1  | running (1m32.0s), 50/50 VUs, 22647 complete and 0 interrupted iterations
load-k6-1  | fspiopQuotes   [  28% ] 50/50 VUs  1m32.0s/5m30.0s
load-k6-1  | 
load-k6-1  | 
load-k6-1  | running (1m33.0s), 50/50 VUs, 22884 complete and 0 interrupted iterations
load-k6-1  | fspiopQuotes   [  28% ] 50/50 VUs  1m33.0s/5m30.0s
load-k6-1  | 
load-k6-1  | 
load-k6-1  | running (1m34.0s), 50/50 VUs, 23131 complete and 0 interrupted iterations
load-k6-1  | fspiopQuotes   [  28% ] 50/50 VUs  1m34.0s/5m30.0s
load-k6-1  | 
load-k6-1  | 
load-k6-1  | running (1m35.0s), 50/50 VUs, 23384 complete and 0 interrupted iterations
load-k6-1  | fspiopQuotes   [  29% ] 50/50 VUs  1m35.0s/5m30.0s
load-k6-1  | 
load-k6-1  | 
load-k6-1  | running (1m36.0s), 50/50 VUs, 23620 complete and 0 interrupted iterations
load-k6-1  | fspiopQuotes   [  29% ] 50/50 VUs  1m36.0s/5m30.0s
load-k6-1  | 
load-k6-1  | 
load-k6-1  | running (1m37.0s), 50/50 VUs, 23871 complete and 0 interrupted iterations
load-k6-1  | fspiopQuotes   [  29% ] 50/50 VUs  1m37.0s/5m30.0s
load-k6-1  | 
load-k6-1  | 
load-k6-1  | running (1m38.0s), 50/50 VUs, 24137 complete and 0 interrupted iterations
load-k6-1  | fspiopQuotes   [  30% ] 50/50 VUs  1m38.0s/5m30.0s
load-k6-1  | 
load-k6-1  | 
load-k6-1  | running (1m39.0s), 50/50 VUs, 24387 complete and 0 interrupted iterations
load-k6-1  | fspiopQuotes   [  30% ] 50/50 VUs  1m39.0s/5m30.0s
load-k6-1  | 
load-k6-1  | 
load-k6-1  | running (1m40.0s), 50/50 VUs, 24636 complete and 0 interrupted iterations
load-k6-1  | fspiopQuotes   [  30% ] 50/50 VUs  1m40.0s/5m30.0s
load-k6-1  | 
load-k6-1  | 
load-k6-1  | running (1m41.0s), 50/50 VUs, 24894 complete and 0 interrupted iterations
load-k6-1  | fspiopQuotes   [  31% ] 50/50 VUs  1m41.0s/5m30.0s
load-k6-1  | 
load-k6-1  | 
load-k6-1  | running (1m42.0s), 50/50 VUs, 25151 complete and 0 interrupted iterations
load-k6-1  | fspiopQuotes   [  31% ] 50/50 VUs  1m42.0s/5m30.0s
load-k6-1  | 
load-k6-1  | 
load-k6-1  | running (1m43.0s), 50/50 VUs, 25407 complete and 0 interrupted iterations
load-k6-1  | fspiopQuotes   [  31% ] 50/50 VUs  1m43.0s/5m30.0s
load-k6-1  | 
load-k6-1  | 
load-k6-1  | running (1m44.0s), 50/50 VUs, 25660 complete and 0 interrupted iterations
load-k6-1  | fspiopQuotes   [  32% ] 50/50 VUs  1m44.0s/5m30.0s
load-k6-1  | 
load-k6-1  | 
load-k6-1  | running (1m45.0s), 50/50 VUs, 25904 complete and 0 interrupted iterations
load-k6-1  | fspiopQuotes   [  32% ] 50/50 VUs  1m45.0s/5m30.0s
load-k6-1  | 
load-k6-1  | 
load-k6-1  | running (1m46.0s), 50/50 VUs, 26159 complete and 0 interrupted iterations
load-k6-1  | fspiopQuotes   [  32% ] 50/50 VUs  1m46.0s/5m30.0s
load-k6-1  | 
load-k6-1  | 
load-k6-1  | running (1m47.0s), 50/50 VUs, 26407 complete and 0 interrupted iterations
load-k6-1  | fspiopQuotes   [  32% ] 50/50 VUs  1m47.0s/5m30.0s
load-k6-1  | 
load-k6-1  | 
load-k6-1  | running (1m48.0s), 50/50 VUs, 26663 complete and 0 interrupted iterations
load-k6-1  | fspiopQuotes   [  33% ] 50/50 VUs  1m48.0s/5m30.0s
load-k6-1  | 
load-k6-1  | 
load-k6-1  | running (1m49.0s), 50/50 VUs, 26923 complete and 0 interrupted iterations
load-k6-1  | fspiopQuotes   [  33% ] 50/50 VUs  1m49.0s/5m30.0s
load-k6-1  | 
load-k6-1  | 
load-k6-1  | running (1m50.0s), 50/50 VUs, 27180 complete and 0 interrupted iterations
load-k6-1  | fspiopQuotes   [  33% ] 50/50 VUs  1m50.0s/5m30.0s
load-k6-1  | 
load-k6-1  | 
load-k6-1  | running (1m51.0s), 50/50 VUs, 27438 complete and 0 interrupted iterations
load-k6-1  | fspiopQuotes   [  34% ] 50/50 VUs  1m51.0s/5m30.0s
load-k6-1  | 
load-k6-1  | 
load-k6-1  | running (1m52.0s), 50/50 VUs, 27693 complete and 0 interrupted iterations
load-k6-1  | fspiopQuotes   [  34% ] 50/50 VUs  1m52.0s/5m30.0s
load-k6-1  | 
load-k6-1  | 
load-k6-1  | running (1m53.0s), 50/50 VUs, 27933 complete and 0 interrupted iterations
load-k6-1  | fspiopQuotes   [  34% ] 50/50 VUs  1m53.0s/5m30.0s
load-k6-1  | 
load-k6-1  | 
load-k6-1  | running (1m54.0s), 50/50 VUs, 28184 complete and 0 interrupted iterations
load-k6-1  | fspiopQuotes   [  35% ] 50/50 VUs  1m54.0s/5m30.0s
load-k6-1  | 
load-k6-1  | 
load-k6-1  | running (1m55.0s), 50/50 VUs, 28428 complete and 0 interrupted iterations
load-k6-1  | fspiopQuotes   [  35% ] 50/50 VUs  1m55.0s/5m30.0s
load-k6-1  | 
load-k6-1  | 
load-k6-1  | running (1m56.0s), 50/50 VUs, 28697 complete and 0 interrupted iterations
load-k6-1  | fspiopQuotes   [  35% ] 50/50 VUs  1m56.0s/5m30.0s
load-k6-1  | 
load-k6-1  | 
load-k6-1  | running (1m57.0s), 50/50 VUs, 28932 complete and 0 interrupted iterations
load-k6-1  | fspiopQuotes   [  35% ] 50/50 VUs  1m57.0s/5m30.0s
load-k6-1  | 
load-k6-1  | 
load-k6-1  | running (1m58.0s), 50/50 VUs, 29177 complete and 0 interrupted iterations
load-k6-1  | fspiopQuotes   [  36% ] 50/50 VUs  1m58.0s/5m30.0s
load-k6-1  | 
load-k6-1  | 
load-k6-1  | running (1m59.0s), 50/50 VUs, 29432 complete and 0 interrupted iterations
load-k6-1  | fspiopQuotes   [  36% ] 50/50 VUs  1m59.0s/5m30.0s
load-k6-1  | 
load-k6-1  | 
load-k6-1  | running (2m00.0s), 50/50 VUs, 29673 complete and 0 interrupted iterations
load-k6-1  | fspiopQuotes   [  36% ] 50/50 VUs  2m00.0s/5m30.0s
load-k6-1  | 
load-k6-1  | 
load-k6-1  | running (2m01.0s), 50/50 VUs, 29924 complete and 0 interrupted iterations
load-k6-1  | fspiopQuotes   [  37% ] 50/50 VUs  2m01.0s/5m30.0s
load-k6-1  | 
load-k6-1  | 
load-k6-1  | running (2m02.0s), 50/50 VUs, 30179 complete and 0 interrupted iterations
load-k6-1  | fspiopQuotes   [  37% ] 50/50 VUs  2m02.0s/5m30.0s
load-k6-1  | 
load-k6-1  | 
load-k6-1  | running (2m03.0s), 50/50 VUs, 30431 complete and 0 interrupted iterations
load-k6-1  | fspiopQuotes   [  37% ] 50/50 VUs  2m03.0s/5m30.0s
load-k6-1  | 
load-k6-1  | 
load-k6-1  | running (2m04.0s), 50/50 VUs, 30686 complete and 0 interrupted iterations
load-k6-1  | fspiopQuotes   [  38% ] 50/50 VUs  2m04.0s/5m30.0s
load-k6-1  | 
load-k6-1  | 
load-k6-1  | running (2m05.0s), 50/50 VUs, 30941 complete and 0 interrupted iterations
load-k6-1  | fspiopQuotes   [  38% ] 50/50 VUs  2m05.0s/5m30.0s
load-k6-1  | 
load-k6-1  | 
load-k6-1  | running (2m06.0s), 50/50 VUs, 31175 complete and 0 interrupted iterations
load-k6-1  | fspiopQuotes   [  38% ] 50/50 VUs  2m06.0s/5m30.0s
load-k6-1  | 
load-k6-1  | 
load-k6-1  | running (2m07.0s), 50/50 VUs, 31425 complete and 0 interrupted iterations
load-k6-1  | fspiopQuotes   [  38% ] 50/50 VUs  2m07.0s/5m30.0s
load-k6-1  | 
load-k6-1  | 
load-k6-1  | running (2m08.0s), 50/50 VUs, 31677 complete and 0 interrupted iterations
load-k6-1  | fspiopQuotes   [  39% ] 50/50 VUs  2m08.0s/5m30.0s
load-k6-1  | 
load-k6-1  | 
load-k6-1  | running (2m09.0s), 50/50 VUs, 31931 complete and 0 interrupted iterations
load-k6-1  | fspiopQuotes   [  39% ] 50/50 VUs  2m09.0s/5m30.0s
load-k6-1  | 
load-k6-1  | 
load-k6-1  | running (2m10.0s), 50/50 VUs, 32180 complete and 0 interrupted iterations
load-k6-1  | fspiopQuotes   [  39% ] 50/50 VUs  2m10.0s/5m30.0s
load-k6-1  | 
load-k6-1  | 
load-k6-1  | running (2m11.0s), 50/50 VUs, 32445 complete and 0 interrupted iterations
load-k6-1  | fspiopQuotes   [  40% ] 50/50 VUs  2m11.0s/5m30.0s
load-k6-1  | 
load-k6-1  | 
load-k6-1  | running (2m12.0s), 50/50 VUs, 32680 complete and 0 interrupted iterations
load-k6-1  | fspiopQuotes   [  40% ] 50/50 VUs  2m12.0s/5m30.0s
load-k6-1  | 
load-k6-1  | 
load-k6-1  | running (2m13.0s), 50/50 VUs, 32931 complete and 0 interrupted iterations
load-k6-1  | fspiopQuotes   [  40% ] 50/50 VUs  2m13.0s/5m30.0s
load-k6-1  | 
load-k6-1  | 
load-k6-1  | running (2m14.0s), 50/50 VUs, 33182 complete and 0 interrupted iterations
load-k6-1  | fspiopQuotes   [  41% ] 50/50 VUs  2m14.0s/5m30.0s
load-k6-1  | 
load-k6-1  | 
load-k6-1  | running (2m15.0s), 50/50 VUs, 33438 complete and 0 interrupted iterations
load-k6-1  | fspiopQuotes   [  41% ] 50/50 VUs  2m15.0s/5m30.0s
load-k6-1  | 
load-k6-1  | 
load-k6-1  | running (2m16.0s), 50/50 VUs, 33676 complete and 0 interrupted iterations
load-k6-1  | fspiopQuotes   [  41% ] 50/50 VUs  2m16.0s/5m30.0s
load-k6-1  | 
load-k6-1  | 
load-k6-1  | running (2m17.0s), 50/50 VUs, 33912 complete and 0 interrupted iterations
load-k6-1  | fspiopQuotes   [  42% ] 50/50 VUs  2m17.0s/5m30.0s
load-k6-1  | 
load-k6-1  | 
load-k6-1  | running (2m18.0s), 50/50 VUs, 34165 complete and 0 interrupted iterations
load-k6-1  | fspiopQuotes   [  42% ] 50/50 VUs  2m18.0s/5m30.0s
load-k6-1  | 
load-k6-1  | 
load-k6-1  | running (2m19.0s), 50/50 VUs, 34424 complete and 0 interrupted iterations
load-k6-1  | fspiopQuotes   [  42% ] 50/50 VUs  2m19.0s/5m30.0s
load-k6-1  | 
load-k6-1  | 
load-k6-1  | running (2m20.0s), 50/50 VUs, 34679 complete and 0 interrupted iterations
load-k6-1  | fspiopQuotes   [  42% ] 50/50 VUs  2m20.0s/5m30.0s
load-k6-1  | 
load-k6-1  | 
load-k6-1  | running (2m21.0s), 50/50 VUs, 34901 complete and 0 interrupted iterations
load-k6-1  | fspiopQuotes   [  43% ] 50/50 VUs  2m21.0s/5m30.0s
load-k6-1  | 
load-k6-1  | 
load-k6-1  | running (2m22.0s), 50/50 VUs, 35146 complete and 0 interrupted iterations
load-k6-1  | fspiopQuotes   [  43% ] 50/50 VUs  2m22.0s/5m30.0s
load-k6-1  | 
load-k6-1  | 
load-k6-1  | running (2m23.0s), 50/50 VUs, 35400 complete and 0 interrupted iterations
load-k6-1  | fspiopQuotes   [  43% ] 50/50 VUs  2m23.0s/5m30.0s
load-k6-1  | 
load-k6-1  | 
load-k6-1  | running (2m24.0s), 50/50 VUs, 35654 complete and 0 interrupted iterations
load-k6-1  | fspiopQuotes   [  44% ] 50/50 VUs  2m24.0s/5m30.0s
load-k6-1  | 
load-k6-1  | 
load-k6-1  | running (2m25.0s), 50/50 VUs, 35919 complete and 0 interrupted iterations
load-k6-1  | fspiopQuotes   [  44% ] 50/50 VUs  2m25.0s/5m30.0s
load-k6-1  | 
load-k6-1  | 
load-k6-1  | running (2m26.0s), 50/50 VUs, 36175 complete and 0 interrupted iterations
load-k6-1  | fspiopQuotes   [  44% ] 50/50 VUs  2m26.0s/5m30.0s
load-k6-1  | 
load-k6-1  | 
load-k6-1  | running (2m27.0s), 50/50 VUs, 36435 complete and 0 interrupted iterations
load-k6-1  | fspiopQuotes   [  45% ] 50/50 VUs  2m27.0s/5m30.0s
load-k6-1  | 
load-k6-1  | 
load-k6-1  | running (2m28.0s), 50/50 VUs, 36677 complete and 0 interrupted iterations
load-k6-1  | fspiopQuotes   [  45% ] 50/50 VUs  2m28.0s/5m30.0s
load-k6-1  | 
load-k6-1  | 
load-k6-1  | running (2m29.0s), 50/50 VUs, 36920 complete and 0 interrupted iterations
load-k6-1  | fspiopQuotes   [  45% ] 50/50 VUs  2m29.0s/5m30.0s
load-k6-1  | 
load-k6-1  | 
load-k6-1  | running (2m30.0s), 50/50 VUs, 37173 complete and 0 interrupted iterations
load-k6-1  | fspiopQuotes   [  45% ] 50/50 VUs  2m30.0s/5m30.0s
load-k6-1  | 
load-k6-1  | 
load-k6-1  | running (2m31.0s), 50/50 VUs, 37427 complete and 0 interrupted iterations
load-k6-1  | fspiopQuotes   [  46% ] 50/50 VUs  2m31.0s/5m30.0s
load-k6-1  | 
load-k6-1  | 
load-k6-1  | running (2m32.0s), 50/50 VUs, 37685 complete and 0 interrupted iterations
load-k6-1  | fspiopQuotes   [  46% ] 50/50 VUs  2m32.0s/5m30.0s
load-k6-1  | 
load-k6-1  | 
load-k6-1  | running (2m33.0s), 50/50 VUs, 37963 complete and 0 interrupted iterations
load-k6-1  | fspiopQuotes   [  46% ] 50/50 VUs  2m33.0s/5m30.0s
load-k6-1  | 
load-k6-1  | 
load-k6-1  | running (2m34.0s), 50/50 VUs, 38216 complete and 0 interrupted iterations
load-k6-1  | fspiopQuotes   [  47% ] 50/50 VUs  2m34.0s/5m30.0s
load-k6-1  | 
load-k6-1  | 
load-k6-1  | running (2m35.0s), 50/50 VUs, 38467 complete and 0 interrupted iterations
load-k6-1  | fspiopQuotes   [  47% ] 50/50 VUs  2m35.0s/5m30.0s
load-k6-1  | 
load-k6-1  | 
load-k6-1  | running (2m36.0s), 50/50 VUs, 38717 complete and 0 interrupted iterations
load-k6-1  | fspiopQuotes   [  47% ] 50/50 VUs  2m36.0s/5m30.0s
load-k6-1  | 
load-k6-1  | 
load-k6-1  | running (2m37.0s), 50/50 VUs, 38975 complete and 0 interrupted iterations
load-k6-1  | fspiopQuotes   [  48% ] 50/50 VUs  2m37.0s/5m30.0s
load-k6-1  | 
load-k6-1  | 
load-k6-1  | running (2m38.0s), 50/50 VUs, 39234 complete and 0 interrupted iterations
load-k6-1  | fspiopQuotes   [  48% ] 50/50 VUs  2m38.0s/5m30.0s
load-k6-1  | 
load-k6-1  | 
load-k6-1  | running (2m39.0s), 50/50 VUs, 39476 complete and 0 interrupted iterations
load-k6-1  | fspiopQuotes   [  48% ] 50/50 VUs  2m39.0s/5m30.0s
load-k6-1  | 
load-k6-1  | 
load-k6-1  | running (2m40.0s), 50/50 VUs, 39739 complete and 0 interrupted iterations
load-k6-1  | fspiopQuotes   [  48% ] 50/50 VUs  2m40.0s/5m30.0s
load-k6-1  | 
load-k6-1  | 
load-k6-1  | running (2m41.0s), 50/50 VUs, 39989 complete and 0 interrupted iterations
load-k6-1  | fspiopQuotes   [  49% ] 50/50 VUs  2m41.0s/5m30.0s
load-k6-1  | 
load-k6-1  | 
load-k6-1  | running (2m42.0s), 50/50 VUs, 40248 complete and 0 interrupted iterations
load-k6-1  | fspiopQuotes   [  49% ] 50/50 VUs  2m42.0s/5m30.0s
load-k6-1  | 
load-k6-1  | 
load-k6-1  | running (2m43.0s), 50/50 VUs, 40502 complete and 0 interrupted iterations
load-k6-1  | fspiopQuotes   [  49% ] 50/50 VUs  2m43.0s/5m30.0s
load-k6-1  | 
load-k6-1  | 
load-k6-1  | running (2m44.0s), 50/50 VUs, 40754 complete and 0 interrupted iterations
load-k6-1  | fspiopQuotes   [  50% ] 50/50 VUs  2m44.0s/5m30.0s
load-k6-1  | 
load-k6-1  | 
load-k6-1  | running (2m45.0s), 50/50 VUs, 41009 complete and 0 interrupted iterations
load-k6-1  | fspiopQuotes   [  50% ] 50/50 VUs  2m45.0s/5m30.0s
load-k6-1  | 
load-k6-1  | 
load-k6-1  | running (2m46.0s), 50/50 VUs, 41266 complete and 0 interrupted iterations
load-k6-1  | fspiopQuotes   [  50% ] 50/50 VUs  2m46.0s/5m30.0s
load-k6-1  | 
load-k6-1  | 
load-k6-1  | running (2m47.0s), 50/50 VUs, 41531 complete and 0 interrupted iterations
load-k6-1  | fspiopQuotes   [  51% ] 50/50 VUs  2m47.0s/5m30.0s
load-k6-1  | 
load-k6-1  | 
load-k6-1  | running (2m48.0s), 50/50 VUs, 41775 complete and 0 interrupted iterations
load-k6-1  | fspiopQuotes   [  51% ] 50/50 VUs  2m48.0s/5m30.0s
load-k6-1  | 
load-k6-1  | 
load-k6-1  | running (2m49.0s), 50/50 VUs, 42034 complete and 0 interrupted iterations
load-k6-1  | fspiopQuotes   [  51% ] 50/50 VUs  2m49.0s/5m30.0s
load-k6-1  | 
load-k6-1  | 
load-k6-1  | running (2m50.0s), 50/50 VUs, 42294 complete and 0 interrupted iterations
load-k6-1  | fspiopQuotes   [  52% ] 50/50 VUs  2m50.0s/5m30.0s
load-k6-1  | 
load-k6-1  | 
load-k6-1  | running (2m51.0s), 50/50 VUs, 42544 complete and 0 interrupted iterations
load-k6-1  | fspiopQuotes   [  52% ] 50/50 VUs  2m51.0s/5m30.0s
load-k6-1  | 
load-k6-1  | 
load-k6-1  | running (2m52.0s), 50/50 VUs, 42805 complete and 0 interrupted iterations
load-k6-1  | fspiopQuotes   [  52% ] 50/50 VUs  2m52.0s/5m30.0s
load-k6-1  | 
load-k6-1  | 
load-k6-1  | running (2m53.0s), 50/50 VUs, 43060 complete and 0 interrupted iterations
load-k6-1  | fspiopQuotes   [  52% ] 50/50 VUs  2m53.0s/5m30.0s
load-k6-1  | 
load-k6-1  | 
load-k6-1  | running (2m54.0s), 50/50 VUs, 43318 complete and 0 interrupted iterations
load-k6-1  | fspiopQuotes   [  53% ] 50/50 VUs  2m54.0s/5m30.0s
load-k6-1  | 
load-k6-1  | 
load-k6-1  | running (2m55.0s), 50/50 VUs, 43578 complete and 0 interrupted iterations
load-k6-1  | fspiopQuotes   [  53% ] 50/50 VUs  2m55.0s/5m30.0s
load-k6-1  | 
load-k6-1  | 
load-k6-1  | running (2m56.0s), 50/50 VUs, 43854 complete and 0 interrupted iterations
load-k6-1  | fspiopQuotes   [  53% ] 50/50 VUs  2m56.0s/5m30.0s
load-k6-1  | 
load-k6-1  | 
load-k6-1  | running (2m57.0s), 50/50 VUs, 44121 complete and 0 interrupted iterations
load-k6-1  | fspiopQuotes   [  54% ] 50/50 VUs  2m57.0s/5m30.0s
load-k6-1  | 
load-k6-1  | 
load-k6-1  | running (2m58.0s), 50/50 VUs, 44381 complete and 0 interrupted iterations
load-k6-1  | fspiopQuotes   [  54% ] 50/50 VUs  2m58.0s/5m30.0s
load-k6-1  | 
load-k6-1  | 
load-k6-1  | running (2m59.0s), 50/50 VUs, 44634 complete and 0 interrupted iterations
load-k6-1  | fspiopQuotes   [  54% ] 50/50 VUs  2m59.0s/5m30.0s
load-k6-1  | 
load-k6-1  | 
load-k6-1  | running (3m00.0s), 50/50 VUs, 44872 complete and 0 interrupted iterations
load-k6-1  | fspiopQuotes   [  55% ] 50/50 VUs  3m00.0s/5m30.0s
load-k6-1  | 
load-k6-1  | 
load-k6-1  | running (3m01.0s), 50/50 VUs, 45113 complete and 0 interrupted iterations
load-k6-1  | fspiopQuotes   [  55% ] 50/50 VUs  3m01.0s/5m30.0s
load-k6-1  | 
load-k6-1  | 
load-k6-1  | running (3m02.0s), 50/50 VUs, 45367 complete and 0 interrupted iterations
load-k6-1  | fspiopQuotes   [  55% ] 50/50 VUs  3m02.0s/5m30.0s
load-k6-1  | 
load-k6-1  | 
load-k6-1  | running (3m03.0s), 50/50 VUs, 45616 complete and 0 interrupted iterations
load-k6-1  | fspiopQuotes   [  55% ] 50/50 VUs  3m03.0s/5m30.0s
load-k6-1  | 
load-k6-1  | 
load-k6-1  | running (3m04.0s), 50/50 VUs, 45856 complete and 0 interrupted iterations
load-k6-1  | fspiopQuotes   [  56% ] 50/50 VUs  3m04.0s/5m30.0s
load-k6-1  | 
load-k6-1  | 
load-k6-1  | running (3m05.0s), 50/50 VUs, 46112 complete and 0 interrupted iterations
load-k6-1  | fspiopQuotes   [  56% ] 50/50 VUs  3m05.0s/5m30.0s
load-k6-1  | 
load-k6-1  | 
load-k6-1  | running (3m06.0s), 50/50 VUs, 46373 complete and 0 interrupted iterations
load-k6-1  | fspiopQuotes   [  56% ] 50/50 VUs  3m06.0s/5m30.0s
load-k6-1  | 
load-k6-1  | 
load-k6-1  | running (3m07.0s), 50/50 VUs, 46630 complete and 0 interrupted iterations
load-k6-1  | fspiopQuotes   [  57% ] 50/50 VUs  3m07.0s/5m30.0s
load-k6-1  | 
load-k6-1  | 
load-k6-1  | running (3m08.0s), 50/50 VUs, 46880 complete and 0 interrupted iterations
load-k6-1  | fspiopQuotes   [  57% ] 50/50 VUs  3m08.0s/5m30.0s
load-k6-1  | 
load-k6-1  | 
load-k6-1  | running (3m09.0s), 50/50 VUs, 47115 complete and 0 interrupted iterations
load-k6-1  | fspiopQuotes   [  57% ] 50/50 VUs  3m09.0s/5m30.0s
load-k6-1  | 
load-k6-1  | 
load-k6-1  | running (3m10.0s), 50/50 VUs, 47379 complete and 0 interrupted iterations
load-k6-1  | fspiopQuotes   [  58% ] 50/50 VUs  3m10.0s/5m30.0s
load-k6-1  | 
load-k6-1  | 
load-k6-1  | running (3m11.0s), 50/50 VUs, 47627 complete and 0 interrupted iterations
load-k6-1  | fspiopQuotes   [  58% ] 50/50 VUs  3m11.0s/5m30.0s
load-k6-1  | 
load-k6-1  | 
load-k6-1  | running (3m12.0s), 50/50 VUs, 47883 complete and 0 interrupted iterations
load-k6-1  | fspiopQuotes   [  58% ] 50/50 VUs  3m12.0s/5m30.0s
load-k6-1  | 
load-k6-1  | 
load-k6-1  | running (3m13.0s), 50/50 VUs, 48137 complete and 0 interrupted iterations
load-k6-1  | fspiopQuotes   [  58% ] 50/50 VUs  3m13.0s/5m30.0s
load-k6-1  | 
load-k6-1  | 
load-k6-1  | running (3m14.0s), 50/50 VUs, 48392 complete and 0 interrupted iterations
load-k6-1  | fspiopQuotes   [  59% ] 50/50 VUs  3m14.0s/5m30.0s
load-k6-1  | 
load-k6-1  | 
load-k6-1  | running (3m15.0s), 50/50 VUs, 48637 complete and 0 interrupted iterations
load-k6-1  | fspiopQuotes   [  59% ] 50/50 VUs  3m15.0s/5m30.0s
load-k6-1  | 
load-k6-1  | 
load-k6-1  | running (3m16.0s), 50/50 VUs, 48892 complete and 0 interrupted iterations
load-k6-1  | fspiopQuotes   [  59% ] 50/50 VUs  3m16.0s/5m30.0s
load-k6-1  | 
load-k6-1  | 
load-k6-1  | running (3m17.0s), 50/50 VUs, 49149 complete and 0 interrupted iterations
load-k6-1  | fspiopQuotes   [  60% ] 50/50 VUs  3m17.0s/5m30.0s
load-k6-1  | 
load-k6-1  | 
load-k6-1  | running (3m18.0s), 50/50 VUs, 49403 complete and 0 interrupted iterations
load-k6-1  | fspiopQuotes   [  60% ] 50/50 VUs  3m18.0s/5m30.0s
load-k6-1  | 
load-k6-1  | 
load-k6-1  | running (3m19.0s), 50/50 VUs, 49647 complete and 0 interrupted iterations
load-k6-1  | fspiopQuotes   [  60% ] 50/50 VUs  3m19.0s/5m30.0s
load-k6-1  | 
load-k6-1  | 
load-k6-1  | running (3m20.0s), 50/50 VUs, 49910 complete and 0 interrupted iterations
load-k6-1  | fspiopQuotes   [  61% ] 50/50 VUs  3m20.0s/5m30.0s
load-k6-1  | 
load-k6-1  | 
load-k6-1  | running (3m21.0s), 50/50 VUs, 50163 complete and 0 interrupted iterations
load-k6-1  | fspiopQuotes   [  61% ] 50/50 VUs  3m21.0s/5m30.0s
load-k6-1  | 
load-k6-1  | 
load-k6-1  | running (3m22.0s), 50/50 VUs, 50416 complete and 0 interrupted iterations
load-k6-1  | fspiopQuotes   [  61% ] 50/50 VUs  3m22.0s/5m30.0s
load-k6-1  | 
load-k6-1  | 
load-k6-1  | running (3m23.0s), 50/50 VUs, 50663 complete and 0 interrupted iterations
load-k6-1  | fspiopQuotes   [  62% ] 50/50 VUs  3m23.0s/5m30.0s
load-k6-1  | 
load-k6-1  | 
load-k6-1  | running (3m24.0s), 50/50 VUs, 50915 complete and 0 interrupted iterations
load-k6-1  | fspiopQuotes   [  62% ] 50/50 VUs  3m24.0s/5m30.0s
load-k6-1  | 
load-k6-1  | 
load-k6-1  | running (3m25.0s), 50/50 VUs, 51176 complete and 0 interrupted iterations
load-k6-1  | fspiopQuotes   [  62% ] 50/50 VUs  3m25.0s/5m30.0s
load-k6-1  | 
load-k6-1  | 
load-k6-1  | running (3m26.0s), 50/50 VUs, 51433 complete and 0 interrupted iterations
load-k6-1  | fspiopQuotes   [  62% ] 50/50 VUs  3m26.0s/5m30.0s
load-k6-1  | 
load-k6-1  | 
load-k6-1  | running (3m27.0s), 50/50 VUs, 51678 complete and 0 interrupted iterations
load-k6-1  | fspiopQuotes   [  63% ] 50/50 VUs  3m27.0s/5m30.0s
load-k6-1  | 
load-k6-1  | 
load-k6-1  | running (3m28.0s), 50/50 VUs, 51928 complete and 0 interrupted iterations
load-k6-1  | fspiopQuotes   [  63% ] 50/50 VUs  3m28.0s/5m30.0s
load-k6-1  | 
load-k6-1  | 
load-k6-1  | running (3m29.0s), 50/50 VUs, 52184 complete and 0 interrupted iterations
load-k6-1  | fspiopQuotes   [  63% ] 50/50 VUs  3m29.0s/5m30.0s
load-k6-1  | 
load-k6-1  | 
load-k6-1  | running (3m30.0s), 50/50 VUs, 52419 complete and 0 interrupted iterations
load-k6-1  | fspiopQuotes   [  64% ] 50/50 VUs  3m30.0s/5m30.0s
load-k6-1  | 
load-k6-1  | 
load-k6-1  | running (3m31.0s), 50/50 VUs, 52677 complete and 0 interrupted iterations
load-k6-1  | fspiopQuotes   [  64% ] 50/50 VUs  3m31.0s/5m30.0s
load-k6-1  | 
load-k6-1  | 
load-k6-1  | running (3m32.0s), 50/50 VUs, 52930 complete and 0 interrupted iterations
load-k6-1  | fspiopQuotes   [  64% ] 50/50 VUs  3m32.0s/5m30.0s
load-k6-1  | 
load-k6-1  | 
load-k6-1  | running (3m33.0s), 50/50 VUs, 53181 complete and 0 interrupted iterations
load-k6-1  | fspiopQuotes   [  65% ] 50/50 VUs  3m33.0s/5m30.0s
load-k6-1  | 
load-k6-1  | 
load-k6-1  | running (3m34.0s), 50/50 VUs, 53426 complete and 0 interrupted iterations
load-k6-1  | fspiopQuotes   [  65% ] 50/50 VUs  3m34.0s/5m30.0s
load-k6-1  | 
load-k6-1  | 
load-k6-1  | running (3m35.0s), 50/50 VUs, 53661 complete and 0 interrupted iterations
load-k6-1  | fspiopQuotes   [  65% ] 50/50 VUs  3m35.0s/5m30.0s
load-k6-1  | 
load-k6-1  | 
load-k6-1  | running (3m36.0s), 50/50 VUs, 53902 complete and 0 interrupted iterations
load-k6-1  | fspiopQuotes   [  65% ] 50/50 VUs  3m36.0s/5m30.0s
load-k6-1  | 
load-k6-1  | 
load-k6-1  | running (3m37.0s), 50/50 VUs, 54156 complete and 0 interrupted iterations
load-k6-1  | fspiopQuotes   [  66% ] 50/50 VUs  3m37.0s/5m30.0s
load-k6-1  | 
load-k6-1  | 
load-k6-1  | running (3m38.0s), 50/50 VUs, 54407 complete and 0 interrupted iterations
load-k6-1  | fspiopQuotes   [  66% ] 50/50 VUs  3m38.0s/5m30.0s
load-k6-1  | 
load-k6-1  | 
load-k6-1  | running (3m39.0s), 50/50 VUs, 54650 complete and 0 interrupted iterations
load-k6-1  | fspiopQuotes   [  66% ] 50/50 VUs  3m39.0s/5m30.0s
load-k6-1  | 
load-k6-1  | 
load-k6-1  | running (3m40.0s), 50/50 VUs, 54877 complete and 0 interrupted iterations
load-k6-1  | fspiopQuotes   [  67% ] 50/50 VUs  3m40.0s/5m30.0s
load-k6-1  | 
load-k6-1  | 
load-k6-1  | running (3m41.0s), 50/50 VUs, 55132 complete and 0 interrupted iterations
load-k6-1  | fspiopQuotes   [  67% ] 50/50 VUs  3m41.0s/5m30.0s
load-k6-1  | 
load-k6-1  | 
load-k6-1  | running (3m42.0s), 50/50 VUs, 55377 complete and 0 interrupted iterations
load-k6-1  | fspiopQuotes   [  67% ] 50/50 VUs  3m42.0s/5m30.0s
load-k6-1  | 
load-k6-1  | 
load-k6-1  | running (3m43.0s), 50/50 VUs, 55630 complete and 0 interrupted iterations
load-k6-1  | fspiopQuotes   [  68% ] 50/50 VUs  3m43.0s/5m30.0s
load-k6-1  | 
load-k6-1  | 
load-k6-1  | running (3m44.0s), 50/50 VUs, 55879 complete and 0 interrupted iterations
load-k6-1  | fspiopQuotes   [  68% ] 50/50 VUs  3m44.0s/5m30.0s
load-k6-1  | 
load-k6-1  | 
load-k6-1  | running (3m45.0s), 50/50 VUs, 56113 complete and 0 interrupted iterations
load-k6-1  | fspiopQuotes   [  68% ] 50/50 VUs  3m45.0s/5m30.0s
load-k6-1  | 
load-k6-1  | 
load-k6-1  | running (3m46.0s), 50/50 VUs, 56360 complete and 0 interrupted iterations
load-k6-1  | fspiopQuotes   [  68% ] 50/50 VUs  3m46.0s/5m30.0s
load-k6-1  | 
load-k6-1  | 
load-k6-1  | running (3m47.0s), 50/50 VUs, 56610 complete and 0 interrupted iterations
load-k6-1  | fspiopQuotes   [  69% ] 50/50 VUs  3m47.0s/5m30.0s
load-k6-1  | 
load-k6-1  | 
load-k6-1  | running (3m48.0s), 50/50 VUs, 56859 complete and 0 interrupted iterations
load-k6-1  | fspiopQuotes   [  69% ] 50/50 VUs  3m48.0s/5m30.0s
load-k6-1  | 
load-k6-1  | 
load-k6-1  | running (3m49.0s), 50/50 VUs, 57115 complete and 0 interrupted iterations
load-k6-1  | fspiopQuotes   [  69% ] 50/50 VUs  3m49.0s/5m30.0s
load-k6-1  | 
load-k6-1  | 
load-k6-1  | running (3m50.0s), 50/50 VUs, 57389 complete and 0 interrupted iterations
load-k6-1  | fspiopQuotes   [  70% ] 50/50 VUs  3m50.0s/5m30.0s
load-k6-1  | 
load-k6-1  | 
load-k6-1  | running (3m51.0s), 50/50 VUs, 57651 complete and 0 interrupted iterations
load-k6-1  | fspiopQuotes   [  70% ] 50/50 VUs  3m51.0s/5m30.0s
load-k6-1  | 
load-k6-1  | 
load-k6-1  | running (3m52.0s), 50/50 VUs, 57909 complete and 0 interrupted iterations
load-k6-1  | fspiopQuotes   [  70% ] 50/50 VUs  3m52.0s/5m30.0s
load-k6-1  | 
load-k6-1  | 
load-k6-1  | running (3m53.0s), 50/50 VUs, 58180 complete and 0 interrupted iterations
load-k6-1  | fspiopQuotes   [  71% ] 50/50 VUs  3m53.0s/5m30.0s
load-k6-1  | 
load-k6-1  | 
load-k6-1  | running (3m54.0s), 50/50 VUs, 58421 complete and 0 interrupted iterations
load-k6-1  | fspiopQuotes   [  71% ] 50/50 VUs  3m54.0s/5m30.0s
load-k6-1  | 
load-k6-1  | 
load-k6-1  | running (3m55.0s), 50/50 VUs, 58678 complete and 0 interrupted iterations
load-k6-1  | fspiopQuotes   [  71% ] 50/50 VUs  3m55.0s/5m30.0s
load-k6-1  | 
load-k6-1  | 
load-k6-1  | running (3m56.0s), 50/50 VUs, 58927 complete and 0 interrupted iterations
load-k6-1  | fspiopQuotes   [  72% ] 50/50 VUs  3m56.0s/5m30.0s
load-k6-1  | 
load-k6-1  | 
load-k6-1  | running (3m57.0s), 50/50 VUs, 59169 complete and 0 interrupted iterations
load-k6-1  | fspiopQuotes   [  72% ] 50/50 VUs  3m57.0s/5m30.0s
load-k6-1  | 
load-k6-1  | 
load-k6-1  | running (3m58.0s), 50/50 VUs, 59417 complete and 0 interrupted iterations
load-k6-1  | fspiopQuotes   [  72% ] 50/50 VUs  3m58.0s/5m30.0s
load-k6-1  | 
load-k6-1  | 
load-k6-1  | running (3m59.0s), 50/50 VUs, 59669 complete and 0 interrupted iterations
load-k6-1  | fspiopQuotes   [  72% ] 50/50 VUs  3m59.0s/5m30.0s
load-k6-1  | 
load-k6-1  | 
load-k6-1  | running (4m00.0s), 50/50 VUs, 59926 complete and 0 interrupted iterations
load-k6-1  | fspiopQuotes   [  73% ] 50/50 VUs  4m00.0s/5m30.0s
load-k6-1  | 
load-k6-1  | 
load-k6-1  | running (4m01.0s), 50/50 VUs, 60162 complete and 0 interrupted iterations
load-k6-1  | fspiopQuotes   [  73% ] 50/50 VUs  4m01.0s/5m30.0s
load-k6-1  | 
load-k6-1  | 
load-k6-1  | running (4m02.0s), 50/50 VUs, 60415 complete and 0 interrupted iterations
load-k6-1  | fspiopQuotes   [  73% ] 50/50 VUs  4m02.0s/5m30.0s
load-k6-1  | 
load-k6-1  | 
load-k6-1  | running (4m03.0s), 50/50 VUs, 60667 complete and 0 interrupted iterations
load-k6-1  | fspiopQuotes   [  74% ] 50/50 VUs  4m03.0s/5m30.0s
load-k6-1  | 
load-k6-1  | 
load-k6-1  | running (4m04.0s), 50/50 VUs, 60913 complete and 0 interrupted iterations
load-k6-1  | fspiopQuotes   [  74% ] 50/50 VUs  4m04.0s/5m30.0s
load-k6-1  | 
load-k6-1  | 
load-k6-1  | running (4m05.0s), 50/50 VUs, 61173 complete and 0 interrupted iterations
load-k6-1  | fspiopQuotes   [  74% ] 50/50 VUs  4m05.0s/5m30.0s
load-k6-1  | 
load-k6-1  | 
load-k6-1  | running (4m06.0s), 50/50 VUs, 61414 complete and 0 interrupted iterations
load-k6-1  | fspiopQuotes   [  75% ] 50/50 VUs  4m06.0s/5m30.0s
load-k6-1  | 
load-k6-1  | 
load-k6-1  | running (4m07.0s), 50/50 VUs, 61669 complete and 0 interrupted iterations
load-k6-1  | fspiopQuotes   [  75% ] 50/50 VUs  4m07.0s/5m30.0s
load-k6-1  | 
load-k6-1  | 
load-k6-1  | running (4m08.0s), 50/50 VUs, 61921 complete and 0 interrupted iterations
load-k6-1  | fspiopQuotes   [  75% ] 50/50 VUs  4m08.0s/5m30.0s
load-k6-1  | 
load-k6-1  | 
load-k6-1  | running (4m09.0s), 50/50 VUs, 62182 complete and 0 interrupted iterations
load-k6-1  | fspiopQuotes   [  75% ] 50/50 VUs  4m09.0s/5m30.0s
load-k6-1  | 
load-k6-1  | 
load-k6-1  | running (4m10.0s), 50/50 VUs, 62433 complete and 0 interrupted iterations
load-k6-1  | fspiopQuotes   [  76% ] 50/50 VUs  4m10.0s/5m30.0s
load-k6-1  | 
load-k6-1  | 
load-k6-1  | running (4m11.0s), 50/50 VUs, 62689 complete and 0 interrupted iterations
load-k6-1  | fspiopQuotes   [  76% ] 50/50 VUs  4m11.0s/5m30.0s
load-k6-1  | 
load-k6-1  | 
load-k6-1  | running (4m12.0s), 50/50 VUs, 62957 complete and 0 interrupted iterations
load-k6-1  | fspiopQuotes   [  76% ] 50/50 VUs  4m12.0s/5m30.0s
load-k6-1  | 
load-k6-1  | 
load-k6-1  | running (4m13.0s), 50/50 VUs, 63219 complete and 0 interrupted iterations
load-k6-1  | fspiopQuotes   [  77% ] 50/50 VUs  4m13.0s/5m30.0s
load-k6-1  | 
load-k6-1  | 
load-k6-1  | running (4m14.0s), 50/50 VUs, 63462 complete and 0 interrupted iterations
load-k6-1  | fspiopQuotes   [  77% ] 50/50 VUs  4m14.0s/5m30.0s
load-k6-1  | 
load-k6-1  | 
load-k6-1  | running (4m15.0s), 50/50 VUs, 63718 complete and 0 interrupted iterations
load-k6-1  | fspiopQuotes   [  77% ] 50/50 VUs  4m15.0s/5m30.0s
load-k6-1  | 
load-k6-1  | 
load-k6-1  | running (4m16.0s), 50/50 VUs, 63973 complete and 0 interrupted iterations
load-k6-1  | fspiopQuotes   [  78% ] 50/50 VUs  4m16.0s/5m30.0s
load-k6-1  | 
load-k6-1  | 
load-k6-1  | running (4m17.0s), 50/50 VUs, 64222 complete and 0 interrupted iterations
load-k6-1  | fspiopQuotes   [  78% ] 50/50 VUs  4m17.0s/5m30.0s
load-k6-1  | 
load-k6-1  | 
load-k6-1  | running (4m18.0s), 50/50 VUs, 64485 complete and 0 interrupted iterations
load-k6-1  | fspiopQuotes   [  78% ] 50/50 VUs  4m18.0s/5m30.0s
load-k6-1  | 
load-k6-1  | 
load-k6-1  | running (4m19.0s), 50/50 VUs, 64733 complete and 0 interrupted iterations
load-k6-1  | fspiopQuotes   [  78% ] 50/50 VUs  4m19.0s/5m30.0s
load-k6-1  | 
load-k6-1  | 
load-k6-1  | running (4m20.0s), 50/50 VUs, 64989 complete and 0 interrupted iterations
load-k6-1  | fspiopQuotes   [  79% ] 50/50 VUs  4m20.0s/5m30.0s
load-k6-1  | 
load-k6-1  | 
load-k6-1  | running (4m21.0s), 50/50 VUs, 65222 complete and 0 interrupted iterations
load-k6-1  | fspiopQuotes   [  79% ] 50/50 VUs  4m21.0s/5m30.0s
load-k6-1  | 
load-k6-1  | 
load-k6-1  | running (4m22.0s), 50/50 VUs, 65481 complete and 0 interrupted iterations
load-k6-1  | fspiopQuotes   [  79% ] 50/50 VUs  4m22.0s/5m30.0s
load-k6-1  | 
load-k6-1  | 
load-k6-1  | running (4m23.0s), 50/50 VUs, 65739 complete and 0 interrupted iterations
load-k6-1  | fspiopQuotes   [  80% ] 50/50 VUs  4m23.0s/5m30.0s
load-k6-1  | 
load-k6-1  | 
load-k6-1  | running (4m24.0s), 50/50 VUs, 65977 complete and 0 interrupted iterations
load-k6-1  | fspiopQuotes   [  80% ] 50/50 VUs  4m24.0s/5m30.0s
load-k6-1  | 
load-k6-1  | 
load-k6-1  | running (4m25.0s), 50/50 VUs, 66236 complete and 0 interrupted iterations
load-k6-1  | fspiopQuotes   [  80% ] 50/50 VUs  4m25.0s/5m30.0s
load-k6-1  | 
load-k6-1  | 
load-k6-1  | running (4m26.0s), 50/50 VUs, 66490 complete and 0 interrupted iterations
load-k6-1  | fspiopQuotes   [  81% ] 50/50 VUs  4m26.0s/5m30.0s
load-k6-1  | 
load-k6-1  | 
load-k6-1  | running (4m27.0s), 50/50 VUs, 66741 complete and 0 interrupted iterations
load-k6-1  | fspiopQuotes   [  81% ] 50/50 VUs  4m27.0s/5m30.0s
load-k6-1  | 
load-k6-1  | 
load-k6-1  | running (4m28.0s), 50/50 VUs, 66990 complete and 0 interrupted iterations
load-k6-1  | fspiopQuotes   [  81% ] 50/50 VUs  4m28.0s/5m30.0s
load-k6-1  | 
load-k6-1  | 
load-k6-1  | running (4m29.0s), 50/50 VUs, 67228 complete and 0 interrupted iterations
load-k6-1  | fspiopQuotes   [  82% ] 50/50 VUs  4m29.0s/5m30.0s
load-k6-1  | 
load-k6-1  | 
load-k6-1  | running (4m30.0s), 50/50 VUs, 67474 complete and 0 interrupted iterations
load-k6-1  | fspiopQuotes   [  82% ] 50/50 VUs  4m30.0s/5m30.0s
load-k6-1  | 
load-k6-1  | 
load-k6-1  | running (4m31.0s), 50/50 VUs, 67715 complete and 0 interrupted iterations
load-k6-1  | fspiopQuotes   [  82% ] 50/50 VUs  4m31.0s/5m30.0s
load-k6-1  | 
load-k6-1  | 
load-k6-1  | running (4m32.0s), 50/50 VUs, 67969 complete and 0 interrupted iterations
load-k6-1  | fspiopQuotes   [  82% ] 50/50 VUs  4m32.0s/5m30.0s
load-k6-1  | 
load-k6-1  | 
load-k6-1  | running (4m33.0s), 50/50 VUs, 68220 complete and 0 interrupted iterations
load-k6-1  | fspiopQuotes   [  83% ] 50/50 VUs  4m33.0s/5m30.0s
load-k6-1  | 
load-k6-1  | 
load-k6-1  | running (4m34.0s), 50/50 VUs, 68477 complete and 0 interrupted iterations
load-k6-1  | fspiopQuotes   [  83% ] 50/50 VUs  4m34.0s/5m30.0s
load-k6-1  | 
load-k6-1  | 
load-k6-1  | running (4m35.0s), 50/50 VUs, 68709 complete and 0 interrupted iterations
load-k6-1  | fspiopQuotes   [  83% ] 50/50 VUs  4m35.0s/5m30.0s
load-k6-1  | 
load-k6-1  | 
load-k6-1  | running (4m36.0s), 50/50 VUs, 68966 complete and 0 interrupted iterations
load-k6-1  | fspiopQuotes   [  84% ] 50/50 VUs  4m36.0s/5m30.0s
load-k6-1  | 
load-k6-1  | 
load-k6-1  | running (4m37.0s), 50/50 VUs, 69207 complete and 0 interrupted iterations
load-k6-1  | fspiopQuotes   [  84% ] 50/50 VUs  4m37.0s/5m30.0s
load-k6-1  | 
load-k6-1  | 
load-k6-1  | running (4m38.0s), 50/50 VUs, 69455 complete and 0 interrupted iterations
load-k6-1  | fspiopQuotes   [  84% ] 50/50 VUs  4m38.0s/5m30.0s
load-k6-1  | 
load-k6-1  | 
load-k6-1  | running (4m39.0s), 50/50 VUs, 69713 complete and 0 interrupted iterations
load-k6-1  | fspiopQuotes   [  85% ] 50/50 VUs  4m39.0s/5m30.0s
load-k6-1  | 
load-k6-1  | 
load-k6-1  | running (4m40.0s), 50/50 VUs, 69944 complete and 0 interrupted iterations
load-k6-1  | fspiopQuotes   [  85% ] 50/50 VUs  4m40.0s/5m30.0s
load-k6-1  | 
load-k6-1  | 
load-k6-1  | running (4m41.0s), 50/50 VUs, 70188 complete and 0 interrupted iterations
load-k6-1  | fspiopQuotes   [  85% ] 50/50 VUs  4m41.0s/5m30.0s
load-k6-1  | 
load-k6-1  | 
load-k6-1  | running (4m42.0s), 50/50 VUs, 70437 complete and 0 interrupted iterations
load-k6-1  | fspiopQuotes   [  85% ] 50/50 VUs  4m42.0s/5m30.0s
load-k6-1  | 
load-k6-1  | 
load-k6-1  | running (4m43.0s), 50/50 VUs, 70689 complete and 0 interrupted iterations
load-k6-1  | fspiopQuotes   [  86% ] 50/50 VUs  4m43.0s/5m30.0s
load-k6-1  | 
load-k6-1  | 
load-k6-1  | running (4m44.0s), 50/50 VUs, 70930 complete and 0 interrupted iterations
load-k6-1  | fspiopQuotes   [  86% ] 50/50 VUs  4m44.0s/5m30.0s
load-k6-1  | 
load-k6-1  | 
load-k6-1  | running (4m45.0s), 50/50 VUs, 71185 complete and 0 interrupted iterations
load-k6-1  | fspiopQuotes   [  86% ] 50/50 VUs  4m45.0s/5m30.0s
load-k6-1  | 
load-k6-1  | 
load-k6-1  | running (4m46.0s), 50/50 VUs, 71421 complete and 0 interrupted iterations
load-k6-1  | fspiopQuotes   [  87% ] 50/50 VUs  4m46.0s/5m30.0s
load-k6-1  | 
load-k6-1  | 
load-k6-1  | running (4m47.0s), 50/50 VUs, 71669 complete and 0 interrupted iterations
load-k6-1  | fspiopQuotes   [  87% ] 50/50 VUs  4m47.0s/5m30.0s
load-k6-1  | 
load-k6-1  | 
load-k6-1  | running (4m48.0s), 50/50 VUs, 71918 complete and 0 interrupted iterations
load-k6-1  | fspiopQuotes   [  87% ] 50/50 VUs  4m48.0s/5m30.0s
load-k6-1  | 
load-k6-1  | 
load-k6-1  | running (4m49.0s), 50/50 VUs, 72176 complete and 0 interrupted iterations
load-k6-1  | fspiopQuotes   [  88% ] 50/50 VUs  4m49.0s/5m30.0s
load-k6-1  | 
load-k6-1  | 
load-k6-1  | running (4m50.0s), 50/50 VUs, 72428 complete and 0 interrupted iterations
load-k6-1  | fspiopQuotes   [  88% ] 50/50 VUs  4m50.0s/5m30.0s
load-k6-1  | 
load-k6-1  | 
load-k6-1  | running (4m51.0s), 50/50 VUs, 72679 complete and 0 interrupted iterations
load-k6-1  | fspiopQuotes   [  88% ] 50/50 VUs  4m51.0s/5m30.0s
load-k6-1  | 
load-k6-1  | 
load-k6-1  | running (4m52.0s), 50/50 VUs, 72934 complete and 0 interrupted iterations
load-k6-1  | fspiopQuotes   [  88% ] 50/50 VUs  4m52.0s/5m30.0s
load-k6-1  | 
load-k6-1  | 
load-k6-1  | running (4m53.0s), 50/50 VUs, 73193 complete and 0 interrupted iterations
load-k6-1  | fspiopQuotes   [  89% ] 50/50 VUs  4m53.0s/5m30.0s
load-k6-1  | 
load-k6-1  | 
load-k6-1  | running (4m54.0s), 50/50 VUs, 73446 complete and 0 interrupted iterations
load-k6-1  | fspiopQuotes   [  89% ] 50/50 VUs  4m54.0s/5m30.0s
load-k6-1  | 
load-k6-1  | 
load-k6-1  | running (4m55.0s), 50/50 VUs, 73698 complete and 0 interrupted iterations
load-k6-1  | fspiopQuotes   [  89% ] 50/50 VUs  4m55.0s/5m30.0s
load-k6-1  | 
load-k6-1  | 
load-k6-1  | running (4m56.0s), 50/50 VUs, 73955 complete and 0 interrupted iterations
load-k6-1  | fspiopQuotes   [  90% ] 50/50 VUs  4m56.0s/5m30.0s
load-k6-1  | 
load-k6-1  | 
load-k6-1  | running (4m57.0s), 50/50 VUs, 74196 complete and 0 interrupted iterations
load-k6-1  | fspiopQuotes   [  90% ] 50/50 VUs  4m57.0s/5m30.0s
load-k6-1  | 
load-k6-1  | 
load-k6-1  | running (4m58.0s), 50/50 VUs, 74446 complete and 0 interrupted iterations
load-k6-1  | fspiopQuotes   [  90% ] 50/50 VUs  4m58.0s/5m30.0s
load-k6-1  | 
load-k6-1  | 
load-k6-1  | running (4m59.0s), 50/50 VUs, 74703 complete and 0 interrupted iterations
load-k6-1  | fspiopQuotes   [  91% ] 50/50 VUs  4m59.0s/5m30.0s
load-k6-1  | 
load-k6-1  | 
load-k6-1  | running (5m00.0s), 50/50 VUs, 74947 complete and 0 interrupted iterations
load-k6-1  | fspiopQuotes   [  91% ] 50/50 VUs  5m00.0s/5m30.0s
load-k6-1  | 
load-k6-1  | 
load-k6-1  | running (5m01.0s), 50/50 VUs, 75197 complete and 0 interrupted iterations
load-k6-1  | fspiopQuotes   [  91% ] 50/50 VUs  5m01.0s/5m30.0s
load-k6-1  | 
load-k6-1  | 
load-k6-1  | running (5m02.0s), 50/50 VUs, 75454 complete and 0 interrupted iterations
load-k6-1  | fspiopQuotes   [  92% ] 50/50 VUs  5m02.0s/5m30.0s
load-k6-1  | 
load-k6-1  | 
load-k6-1  | running (5m03.0s), 50/50 VUs, 75715 complete and 0 interrupted iterations
load-k6-1  | fspiopQuotes   [  92% ] 50/50 VUs  5m03.0s/5m30.0s
load-k6-1  | 
load-k6-1  | 
load-k6-1  | running (5m04.0s), 50/50 VUs, 75949 complete and 0 interrupted iterations
load-k6-1  | fspiopQuotes   [  92% ] 50/50 VUs  5m04.0s/5m30.0s
load-k6-1  | 
load-k6-1  | 
load-k6-1  | running (5m05.0s), 50/50 VUs, 76196 complete and 0 interrupted iterations
load-k6-1  | fspiopQuotes   [  92% ] 50/50 VUs  5m05.0s/5m30.0s
load-k6-1  | 
load-k6-1  | 
load-k6-1  | running (5m06.0s), 50/50 VUs, 76450 complete and 0 interrupted iterations
load-k6-1  | fspiopQuotes   [  93% ] 50/50 VUs  5m06.0s/5m30.0s
load-k6-1  | 
load-k6-1  | 
load-k6-1  | running (5m07.0s), 50/50 VUs, 76704 complete and 0 interrupted iterations
load-k6-1  | fspiopQuotes   [  93% ] 50/50 VUs  5m07.0s/5m30.0s
load-k6-1  | 
load-k6-1  | 
load-k6-1  | running (5m08.0s), 50/50 VUs, 76953 complete and 0 interrupted iterations
load-k6-1  | fspiopQuotes   [  93% ] 50/50 VUs  5m08.0s/5m30.0s
load-k6-1  | 
load-k6-1  | 
load-k6-1  | running (5m09.0s), 50/50 VUs, 77211 complete and 0 interrupted iterations
load-k6-1  | fspiopQuotes   [  94% ] 50/50 VUs  5m09.0s/5m30.0s
load-k6-1  | 
load-k6-1  | 
load-k6-1  | running (5m10.0s), 50/50 VUs, 77456 complete and 0 interrupted iterations
load-k6-1  | fspiopQuotes   [  94% ] 50/50 VUs  5m10.0s/5m30.0s
load-k6-1  | 
load-k6-1  | 
load-k6-1  | running (5m11.0s), 50/50 VUs, 77695 complete and 0 interrupted iterations
load-k6-1  | fspiopQuotes   [  94% ] 50/50 VUs  5m11.0s/5m30.0s
load-k6-1  | 
load-k6-1  | 
load-k6-1  | running (5m12.0s), 50/50 VUs, 77933 complete and 0 interrupted iterations
load-k6-1  | fspiopQuotes   [  95% ] 50/50 VUs  5m12.0s/5m30.0s
load-k6-1  | 
load-k6-1  | 
load-k6-1  | running (5m13.0s), 50/50 VUs, 78181 complete and 0 interrupted iterations
load-k6-1  | fspiopQuotes   [  95% ] 50/50 VUs  5m13.0s/5m30.0s
load-k6-1  | 
load-k6-1  | 
load-k6-1  | running (5m14.0s), 50/50 VUs, 78436 complete and 0 interrupted iterations
load-k6-1  | fspiopQuotes   [  95% ] 50/50 VUs  5m14.0s/5m30.0s
load-k6-1  | 
load-k6-1  | 
load-k6-1  | running (5m15.0s), 50/50 VUs, 78678 complete and 0 interrupted iterations
load-k6-1  | fspiopQuotes   [  95% ] 50/50 VUs  5m15.0s/5m30.0s
load-k6-1  | 
load-k6-1  | 
load-k6-1  | running (5m16.0s), 50/50 VUs, 78928 complete and 0 interrupted iterations
load-k6-1  | fspiopQuotes   [  96% ] 50/50 VUs  5m16.0s/5m30.0s
load-k6-1  | 
load-k6-1  | 
load-k6-1  | running (5m17.0s), 50/50 VUs, 79172 complete and 0 interrupted iterations
load-k6-1  | fspiopQuotes   [  96% ] 50/50 VUs  5m17.0s/5m30.0s
load-k6-1  | 
load-k6-1  | 
load-k6-1  | running (5m18.0s), 50/50 VUs, 79416 complete and 0 interrupted iterations
load-k6-1  | fspiopQuotes   [  96% ] 50/50 VUs  5m18.0s/5m30.0s
load-k6-1  | 
load-k6-1  | 
load-k6-1  | running (5m19.0s), 50/50 VUs, 79660 complete and 0 interrupted iterations
load-k6-1  | fspiopQuotes   [  97% ] 50/50 VUs  5m19.0s/5m30.0s
load-k6-1  | 
load-k6-1  | 
load-k6-1  | running (5m20.0s), 50/50 VUs, 79916 complete and 0 interrupted iterations
load-k6-1  | fspiopQuotes   [  97% ] 50/50 VUs  5m20.0s/5m30.0s
load-k6-1  | 
load-k6-1  | 
load-k6-1  | running (5m21.0s), 50/50 VUs, 80157 complete and 0 interrupted iterations
load-k6-1  | fspiopQuotes   [  97% ] 50/50 VUs  5m21.0s/5m30.0s
load-k6-1  | 
load-k6-1  | 
load-k6-1  | running (5m22.0s), 50/50 VUs, 80409 complete and 0 interrupted iterations
load-k6-1  | fspiopQuotes   [  98% ] 50/50 VUs  5m22.0s/5m30.0s
load-k6-1  | 
load-k6-1  | 
load-k6-1  | running (5m23.0s), 50/50 VUs, 80663 complete and 0 interrupted iterations
load-k6-1  | fspiopQuotes   [  98% ] 50/50 VUs  5m23.0s/5m30.0s
load-k6-1  | 
load-k6-1  | 
load-k6-1  | running (5m24.0s), 50/50 VUs, 80932 complete and 0 interrupted iterations
load-k6-1  | fspiopQuotes   [  98% ] 50/50 VUs  5m24.0s/5m30.0s
load-k6-1  | 
load-k6-1  | 
load-k6-1  | running (5m25.0s), 50/50 VUs, 81192 complete and 0 interrupted iterations
load-k6-1  | fspiopQuotes   [  98% ] 50/50 VUs  5m25.0s/5m30.0s
load-k6-1  | 
load-k6-1  | 
load-k6-1  | running (5m26.0s), 50/50 VUs, 81430 complete and 0 interrupted iterations
load-k6-1  | fspiopQuotes   [  99% ] 50/50 VUs  5m26.0s/5m30.0s
load-k6-1  | 
load-k6-1  | 
load-k6-1  | running (5m27.0s), 50/50 VUs, 81669 complete and 0 interrupted iterations
load-k6-1  | fspiopQuotes   [  99% ] 50/50 VUs  5m27.0s/5m30.0s
load-k6-1  | 
load-k6-1  | 
load-k6-1  | running (5m28.0s), 50/50 VUs, 81917 complete and 0 interrupted iterations
load-k6-1  | fspiopQuotes   [  99% ] 50/50 VUs  5m28.0s/5m30.0s
load-k6-1  | 
load-k6-1  | 
load-k6-1  | running (5m29.0s), 50/50 VUs, 82178 complete and 0 interrupted iterations
load-k6-1  | fspiopQuotes   [ 100% ] 50/50 VUs  5m29.0s/5m30.0s
load-k6-1  | 
load-k6-1  | 
load-k6-1  | running (5m30.0s), 50/50 VUs, 82430 complete and 0 interrupted iterations
load-k6-1  | fspiopQuotes   [ 100% ] 50/50 VUs  5m30.0s/5m30.0s
load-k6-1  | 
load-k6-1  | 
load-k6-1  |      ✗ QUOTES_FSPIOP_POST_QUOTES_RESPONSE_IS_202
load-k6-1  |       ↳  99% — ✓ 82485 / ✗ 1
load-k6-1  |      ✗ QUOTES_E2E_FSPIOP_POST_QUOTES_SUCCESS
load-k6-1  |       ↳  99% — ✓ 82483 / ✗ 3
load-k6-1  | 
load-k6-1  |      █ Post Quotes
load-k6-1  | 
load-k6-1  |      checks.........................: 99.99% ✓ 164968     ✗ 4    
load-k6-1  |      data_received..................: 26 MB  78 kB/s
load-k6-1  |      data_sent......................: 99 MB  300 kB/s
load-k6-1  |      group_duration.................: avg=200.2µs  min=122.5µs med=189.53µs max=43.75ms  p(90)=243.61µs p(95)=256.55µs
load-k6-1  |      http_req_blocked...............: avg=4.42µs   min=1.25µs  med=3.15µs   max=89.38ms  p(90)=4.2µs    p(95)=4.59µs  
load-k6-1  |      http_req_connecting............: avg=1.13µs   min=0s      med=0s       max=89.34ms  p(90)=0s       p(95)=0s      
load-k6-1  |    ✓ http_req_duration..............: avg=28.69ms  min=1.16ms  med=28.62ms  max=122.35ms p(90)=43.09ms  p(95)=46.68ms 
load-k6-1  |        { expected_response:true }...: avg=28.69ms  min=1.16ms  med=28.62ms  max=122.35ms p(90)=43.09ms  p(95)=46.68ms 
load-k6-1  |    ✓ http_req_failed................: 0.00%  ✓ 1          ✗ 82485
load-k6-1  |      http_req_receiving.............: avg=24.51µs  min=0s      med=22.98µs  max=524.51µs p(90)=34.07µs  p(95)=39.37µs 
load-k6-1  |      http_req_sending...............: avg=17.69µs  min=7.87µs  med=17.06µs  max=807.51µs p(90)=23.08µs  p(95)=24.62µs 
load-k6-1  |      http_req_tls_handshaking.......: avg=0s       min=0s      med=0s       max=0s       p(90)=0s       p(95)=0s      
load-k6-1  |      http_req_waiting...............: avg=28.65ms  min=1.13ms  med=28.58ms  max=122.3ms  p(90)=43.05ms  p(95)=46.64ms 
load-k6-1  |      http_reqs......................: 82486  249.87704/s
load-k6-1  |    ✓ iteration_duration.............: avg=190.97ms min=8.7ms   med=199.9ms  max=5.04s    p(90)=214.02ms p(95)=220.01ms
load-k6-1  |      iterations.....................: 82486  249.87704/s
load-k6-1  |      vus............................: 50     min=2        max=50 
load-k6-1  |      vus_max........................: 50     min=50       max=50 
load-k6-1  |      ws_connecting..................: avg=1.16ms   min=166.1µs med=658.46µs max=113.36ms p(90)=2.63ms   p(95)=3.85ms  
load-k6-1  |      ws_msgs_received...............: 82483  249.867952/s
load-k6-1  |      ws_msgs_sent...................: 82486  249.87704/s
load-k6-1  |      ws_session_duration............: avg=190.7ms  min=8.48ms  med=199.65ms max=5.04s    p(90)=213.75ms p(95)=219.77ms
load-k6-1  |      ws_sessions....................: 82486  249.87704/s
load-k6-1  | 
load-k6-1  | 
load-k6-1  | running (5m30.1s), 00/50 VUs, 82486 complete and 0 interrupted iterations
load-k6-1  | fspiopQuotes ✓ [ 100% ] 00/50 VUs  5m30s
load-k6-1  | 
load-k6-1 exited with code 0
