Attaching to load-k6-1
load-k6-1  | 
load-k6-1  |           /\      |‾‾| /‾‾/   /‾‾/   
load-k6-1  |      /\  /  \     |  |/  /   /  /    
load-k6-1  |     /  \/    \    |     (   /   ‾‾\  
load-k6-1  |    /          \   |  |\  \ |  (‾)  | 
load-k6-1  |   / __________ \  |__| \__\ \_____/ .io
load-k6-1  | 
load-k6-1  | 
load-k6-1  |   execution: local
load-k6-1  |      script: /scripts/index.js
load-k6-1  |      output: Prometheus remote write (http://prometheus:9090/api/v1/write)
load-k6-1  | 
load-k6-1  |   scenarios: (100.00%) 1 scenario, 6 max VUs, 6m0s max duration (incl. graceful stop):
load-k6-1  |            * fspiopTransfers: Up to 6 looping VUs for 5m30s over 2 stages (gracefulRampDown: 30s, exec: fspiopTransfersScenarios, gracefulStop: 30s)
load-k6-1  | 
load-k6-1  | 
load-k6-1  | 
load-k6-1  | running (0m01.0s), 1/6 VUs, 0 complete and 0 interrupted iterations
load-k6-1  | fspiopTransfers   [   0% ] 1/6 VUs  0m01.0s/5m30.0s
load-k6-1  | 
load-k6-1  | 
load-k6-1  | running (0m02.0s), 1/6 VUs, 0 complete and 0 interrupted iterations
load-k6-1  | fspiopTransfers   [   1% ] 1/6 VUs  0m02.0s/5m30.0s
load-k6-1  | 
load-k6-1  | 
load-k6-1  | running (0m03.0s), 1/6 VUs, 0 complete and 0 interrupted iterations
load-k6-1  | fspiopTransfers   [   1% ] 1/6 VUs  0m03.0s/5m30.0s
load-k6-1  | 
load-k6-1  | 
load-k6-1  | running (0m04.0s), 1/6 VUs, 0 complete and 0 interrupted iterations
load-k6-1  | fspiopTransfers   [   1% ] 1/6 VUs  0m04.0s/5m30.0s
load-k6-1  | 
load-k6-1  | 
load-k6-1  | running (0m05.0s), 1/6 VUs, 0 complete and 0 interrupted iterations
load-k6-1  | fspiopTransfers   [   2% ] 1/6 VUs  0m05.0s/5m30.0s
load-k6-1  | 
load-k6-1  | 
load-k6-1  | running (0m06.0s), 1/6 VUs, 1 complete and 0 interrupted iterations
load-k6-1  | fspiopTransfers   [   2% ] 1/6 VUs  0m06.0s/5m30.0s
load-k6-1  | 
load-k6-1  | 
load-k6-1  | running (0m07.0s), 2/6 VUs, 1 complete and 0 interrupted iterations
load-k6-1  | fspiopTransfers   [   2% ] 2/6 VUs  0m07.0s/5m30.0s
load-k6-1  | 
load-k6-1  | 
load-k6-1  | running (0m08.0s), 2/6 VUs, 1 complete and 0 interrupted iterations
load-k6-1  | fspiopTransfers   [   2% ] 2/6 VUs  0m08.0s/5m30.0s
load-k6-1  | 
load-k6-1  | 
load-k6-1  | running (0m09.0s), 2/6 VUs, 10 complete and 0 interrupted iterations
load-k6-1  | fspiopTransfers   [   3% ] 2/6 VUs  0m09.0s/5m30.0s
load-k6-1  | 
load-k6-1  | 
load-k6-1  | running (0m10.0s), 2/6 VUs, 23 complete and 0 interrupted iterations
load-k6-1  | fspiopTransfers   [   3% ] 2/6 VUs  0m10.0s/5m30.0s
load-k6-1  | 
load-k6-1  | 
load-k6-1  | running (0m11.0s), 2/6 VUs, 37 complete and 0 interrupted iterations
load-k6-1  | fspiopTransfers   [   3% ] 2/6 VUs  0m11.0s/5m30.0s
load-k6-1  | 
load-k6-1  | 
load-k6-1  | running (0m12.0s), 2/6 VUs, 66 complete and 0 interrupted iterations
load-k6-1  | fspiopTransfers   [   4% ] 2/6 VUs  0m12.0s/5m30.0s
load-k6-1  | 
load-k6-1  | 
load-k6-1  | running (0m13.0s), 3/6 VUs, 109 complete and 0 interrupted iterations
load-k6-1  | fspiopTransfers   [   4% ] 3/6 VUs  0m13.0s/5m30.0s
load-k6-1  | 
load-k6-1  | 
load-k6-1  | running (0m14.0s), 3/6 VUs, 151 complete and 0 interrupted iterations
load-k6-1  | fspiopTransfers   [   4% ] 3/6 VUs  0m14.0s/5m30.0s
load-k6-1  | 
load-k6-1  | 
load-k6-1  | running (0m15.0s), 3/6 VUs, 193 complete and 0 interrupted iterations
load-k6-1  | fspiopTransfers   [   5% ] 3/6 VUs  0m15.0s/5m30.0s
load-k6-1  | 
load-k6-1  | 
load-k6-1  | running (0m16.0s), 3/6 VUs, 238 complete and 0 interrupted iterations
load-k6-1  | fspiopTransfers   [   5% ] 3/6 VUs  0m16.0s/5m30.0s
load-k6-1  | 
load-k6-1  | 
load-k6-1  | running (0m17.0s), 3/6 VUs, 283 complete and 0 interrupted iterations
load-k6-1  | fspiopTransfers   [   5% ] 3/6 VUs  0m17.0s/5m30.0s
load-k6-1  | 
load-k6-1  | 
load-k6-1  | running (0m18.0s), 3/6 VUs, 328 complete and 0 interrupted iterations
load-k6-1  | fspiopTransfers   [   5% ] 3/6 VUs  0m18.0s/5m30.0s
load-k6-1  | 
load-k6-1  | 
load-k6-1  | running (0m19.0s), 4/6 VUs, 391 complete and 0 interrupted iterations
load-k6-1  | fspiopTransfers   [   6% ] 4/6 VUs  0m19.0s/5m30.0s
load-k6-1  | 
load-k6-1  | 
load-k6-1  | running (0m20.0s), 4/6 VUs, 451 complete and 0 interrupted iterations
load-k6-1  | fspiopTransfers   [   6% ] 4/6 VUs  0m20.0s/5m30.0s
load-k6-1  | 
load-k6-1  | 
load-k6-1  | running (0m21.0s), 4/6 VUs, 513 complete and 0 interrupted iterations
load-k6-1  | fspiopTransfers   [   6% ] 4/6 VUs  0m21.0s/5m30.0s
load-k6-1  | 
load-k6-1  | 
load-k6-1  | running (0m22.0s), 4/6 VUs, 575 complete and 0 interrupted iterations
load-k6-1  | fspiopTransfers   [   7% ] 4/6 VUs  0m22.0s/5m30.0s
load-k6-1  | 
load-k6-1  | 
load-k6-1  | running (0m23.0s), 4/6 VUs, 639 complete and 0 interrupted iterations
load-k6-1  | fspiopTransfers   [   7% ] 4/6 VUs  0m23.0s/5m30.0s
load-k6-1  | 
load-k6-1  | 
load-k6-1  | running (0m24.0s), 4/6 VUs, 703 complete and 0 interrupted iterations
load-k6-1  | fspiopTransfers   [   7% ] 4/6 VUs  0m24.0s/5m30.0s
load-k6-1  | 
load-k6-1  | 
load-k6-1  | running (0m25.0s), 5/6 VUs, 781 complete and 0 interrupted iterations
load-k6-1  | fspiopTransfers   [   8% ] 5/6 VUs  0m25.0s/5m30.0s
load-k6-1  | 
load-k6-1  | 
load-k6-1  | running (0m26.0s), 5/6 VUs, 862 complete and 0 interrupted iterations
load-k6-1  | fspiopTransfers   [   8% ] 5/6 VUs  0m26.0s/5m30.0s
load-k6-1  | 
load-k6-1  | 
load-k6-1  | running (0m27.0s), 5/6 VUs, 943 complete and 0 interrupted iterations
load-k6-1  | fspiopTransfers   [   8% ] 5/6 VUs  0m27.0s/5m30.0s
load-k6-1  | 
load-k6-1  | 
load-k6-1  | running (0m28.0s), 5/6 VUs, 1024 complete and 0 interrupted iterations
load-k6-1  | fspiopTransfers   [   8% ] 5/6 VUs  0m28.0s/5m30.0s
load-k6-1  | 
load-k6-1  | 
load-k6-1  | running (0m29.0s), 5/6 VUs, 1106 complete and 0 interrupted iterations
load-k6-1  | fspiopTransfers   [   9% ] 5/6 VUs  0m29.0s/5m30.0s
load-k6-1  | 
load-k6-1  | 
load-k6-1  | running (0m30.0s), 5/6 VUs, 1188 complete and 0 interrupted iterations
load-k6-1  | fspiopTransfers   [   9% ] 5/6 VUs  0m30.0s/5m30.0s
load-k6-1  | 
load-k6-1  | 
load-k6-1  | running (0m31.0s), 6/6 VUs, 1279 complete and 0 interrupted iterations
load-k6-1  | fspiopTransfers   [   9% ] 6/6 VUs  0m31.0s/5m30.0s
load-k6-1  | 
load-k6-1  | 
load-k6-1  | running (0m32.0s), 6/6 VUs, 1369 complete and 0 interrupted iterations
load-k6-1  | fspiopTransfers   [  10% ] 6/6 VUs  0m32.0s/5m30.0s
load-k6-1  | 
load-k6-1  | 
load-k6-1  | running (0m33.0s), 6/6 VUs, 1463 complete and 0 interrupted iterations
load-k6-1  | fspiopTransfers   [  10% ] 6/6 VUs  0m33.0s/5m30.0s
load-k6-1  | 
load-k6-1  | 
load-k6-1  | running (0m34.0s), 6/6 VUs, 1561 complete and 0 interrupted iterations
load-k6-1  | fspiopTransfers   [  10% ] 6/6 VUs  0m34.0s/5m30.0s
load-k6-1  | 
load-k6-1  | 
load-k6-1  | running (0m35.0s), 6/6 VUs, 1658 complete and 0 interrupted iterations
load-k6-1  | fspiopTransfers   [  11% ] 6/6 VUs  0m35.0s/5m30.0s
load-k6-1  | 
load-k6-1  | 
load-k6-1  | running (0m36.0s), 6/6 VUs, 1752 complete and 0 interrupted iterations
load-k6-1  | fspiopTransfers   [  11% ] 6/6 VUs  0m36.0s/5m30.0s
load-k6-1  | 
load-k6-1  | 
load-k6-1  | running (0m37.0s), 6/6 VUs, 1848 complete and 0 interrupted iterations
load-k6-1  | fspiopTransfers   [  11% ] 6/6 VUs  0m37.0s/5m30.0s
load-k6-1  | 
load-k6-1  | 
load-k6-1  | running (0m38.0s), 6/6 VUs, 1949 complete and 0 interrupted iterations
load-k6-1  | fspiopTransfers   [  12% ] 6/6 VUs  0m38.0s/5m30.0s
load-k6-1  | 
load-k6-1  | 
load-k6-1  | running (0m39.0s), 6/6 VUs, 2042 complete and 0 interrupted iterations
load-k6-1  | fspiopTransfers   [  12% ] 6/6 VUs  0m39.0s/5m30.0s
load-k6-1  | 
load-k6-1  | 
load-k6-1  | running (0m40.0s), 6/6 VUs, 2140 complete and 0 interrupted iterations
load-k6-1  | fspiopTransfers   [  12% ] 6/6 VUs  0m40.0s/5m30.0s
load-k6-1  | 
load-k6-1  | 
load-k6-1  | running (0m41.0s), 6/6 VUs, 2238 complete and 0 interrupted iterations
load-k6-1  | fspiopTransfers   [  12% ] 6/6 VUs  0m41.0s/5m30.0s
load-k6-1  | 
load-k6-1  | 
load-k6-1  | running (0m42.0s), 6/6 VUs, 2338 complete and 0 interrupted iterations
load-k6-1  | fspiopTransfers   [  13% ] 6/6 VUs  0m42.0s/5m30.0s
load-k6-1  | 
load-k6-1  | 
load-k6-1  | running (0m43.0s), 6/6 VUs, 2436 complete and 0 interrupted iterations
load-k6-1  | fspiopTransfers   [  13% ] 6/6 VUs  0m43.0s/5m30.0s
load-k6-1  | 
load-k6-1  | 
load-k6-1  | running (0m44.0s), 6/6 VUs, 2536 complete and 0 interrupted iterations
load-k6-1  | fspiopTransfers   [  13% ] 6/6 VUs  0m44.0s/5m30.0s
load-k6-1  | 
load-k6-1  | 
load-k6-1  | running (0m45.0s), 6/6 VUs, 2628 complete and 0 interrupted iterations
load-k6-1  | fspiopTransfers   [  14% ] 6/6 VUs  0m45.0s/5m30.0s
load-k6-1  | 
load-k6-1  | 
load-k6-1  | running (0m46.0s), 6/6 VUs, 2725 complete and 0 interrupted iterations
load-k6-1  | fspiopTransfers   [  14% ] 6/6 VUs  0m46.0s/5m30.0s
load-k6-1  | 
load-k6-1  | 
load-k6-1  | running (0m47.0s), 6/6 VUs, 2823 complete and 0 interrupted iterations
load-k6-1  | fspiopTransfers   [  14% ] 6/6 VUs  0m47.0s/5m30.0s
load-k6-1  | 
load-k6-1  | 
load-k6-1  | running (0m48.0s), 6/6 VUs, 2920 complete and 0 interrupted iterations
load-k6-1  | fspiopTransfers   [  15% ] 6/6 VUs  0m48.0s/5m30.0s
load-k6-1  | 
load-k6-1  | 
load-k6-1  | running (0m49.0s), 6/6 VUs, 3015 complete and 0 interrupted iterations
load-k6-1  | fspiopTransfers   [  15% ] 6/6 VUs  0m49.0s/5m30.0s
load-k6-1  | 
load-k6-1  | 
load-k6-1  | running (0m50.0s), 6/6 VUs, 3105 complete and 0 interrupted iterations
load-k6-1  | fspiopTransfers   [  15% ] 6/6 VUs  0m50.0s/5m30.0s
load-k6-1  | 
load-k6-1  | 
load-k6-1  | running (0m51.0s), 6/6 VUs, 3195 complete and 0 interrupted iterations
load-k6-1  | fspiopTransfers   [  15% ] 6/6 VUs  0m51.0s/5m30.0s
load-k6-1  | 
load-k6-1  | 
load-k6-1  | running (0m52.0s), 6/6 VUs, 3288 complete and 0 interrupted iterations
load-k6-1  | fspiopTransfers   [  16% ] 6/6 VUs  0m52.0s/5m30.0s
load-k6-1  | 
load-k6-1  | 
load-k6-1  | running (0m53.0s), 6/6 VUs, 3380 complete and 0 interrupted iterations
load-k6-1  | fspiopTransfers   [  16% ] 6/6 VUs  0m53.0s/5m30.0s
load-k6-1  | 
load-k6-1  | 
load-k6-1  | running (0m54.0s), 6/6 VUs, 3472 complete and 0 interrupted iterations
load-k6-1  | fspiopTransfers   [  16% ] 6/6 VUs  0m54.0s/5m30.0s
load-k6-1  | 
load-k6-1  | 
load-k6-1  | running (0m55.0s), 6/6 VUs, 3564 complete and 0 interrupted iterations
load-k6-1  | fspiopTransfers   [  17% ] 6/6 VUs  0m55.0s/5m30.0s
load-k6-1  | 
load-k6-1  | 
load-k6-1  | running (0m56.0s), 6/6 VUs, 3655 complete and 0 interrupted iterations
load-k6-1  | fspiopTransfers   [  17% ] 6/6 VUs  0m56.0s/5m30.0s
load-k6-1  | 
load-k6-1  | 
load-k6-1  | running (0m57.0s), 6/6 VUs, 3745 complete and 0 interrupted iterations
load-k6-1  | fspiopTransfers   [  17% ] 6/6 VUs  0m57.0s/5m30.0s
load-k6-1  | 
load-k6-1  | 
load-k6-1  | running (0m58.0s), 6/6 VUs, 3837 complete and 0 interrupted iterations
load-k6-1  | fspiopTransfers   [  18% ] 6/6 VUs  0m58.0s/5m30.0s
load-k6-1  | 
load-k6-1  | 
load-k6-1  | running (0m59.0s), 6/6 VUs, 3930 complete and 0 interrupted iterations
load-k6-1  | fspiopTransfers   [  18% ] 6/6 VUs  0m59.0s/5m30.0s
load-k6-1  | 
load-k6-1  | 
load-k6-1  | running (1m00.0s), 6/6 VUs, 4024 complete and 0 interrupted iterations
load-k6-1  | fspiopTransfers   [  18% ] 6/6 VUs  1m00.0s/5m30.0s
load-k6-1  | 
load-k6-1  | 
load-k6-1  | running (1m01.0s), 6/6 VUs, 4121 complete and 0 interrupted iterations
load-k6-1  | fspiopTransfers   [  18% ] 6/6 VUs  1m01.0s/5m30.0s
load-k6-1  | 
load-k6-1  | 
load-k6-1  | running (1m02.0s), 6/6 VUs, 4218 complete and 0 interrupted iterations
load-k6-1  | fspiopTransfers   [  19% ] 6/6 VUs  1m02.0s/5m30.0s
load-k6-1  | 
load-k6-1  | 
load-k6-1  | running (1m03.0s), 6/6 VUs, 4314 complete and 0 interrupted iterations
load-k6-1  | fspiopTransfers   [  19% ] 6/6 VUs  1m03.0s/5m30.0s
load-k6-1  | 
load-k6-1  | 
load-k6-1  | running (1m04.0s), 6/6 VUs, 4410 complete and 0 interrupted iterations
load-k6-1  | fspiopTransfers   [  19% ] 6/6 VUs  1m04.0s/5m30.0s
load-k6-1  | 
load-k6-1  | 
load-k6-1  | running (1m05.0s), 6/6 VUs, 4505 complete and 0 interrupted iterations
load-k6-1  | fspiopTransfers   [  20% ] 6/6 VUs  1m05.0s/5m30.0s
load-k6-1  | 
load-k6-1  | 
load-k6-1  | running (1m06.0s), 6/6 VUs, 4595 complete and 0 interrupted iterations
load-k6-1  | fspiopTransfers   [  20% ] 6/6 VUs  1m06.0s/5m30.0s
load-k6-1  | 
load-k6-1  | 
load-k6-1  | running (1m07.0s), 6/6 VUs, 4685 complete and 0 interrupted iterations
load-k6-1  | fspiopTransfers   [  20% ] 6/6 VUs  1m07.0s/5m30.0s
load-k6-1  | 
load-k6-1  | 
load-k6-1  | running (1m08.0s), 6/6 VUs, 4781 complete and 0 interrupted iterations
load-k6-1  | fspiopTransfers   [  21% ] 6/6 VUs  1m08.0s/5m30.0s
load-k6-1  | 
load-k6-1  | 
load-k6-1  | running (1m09.0s), 6/6 VUs, 4877 complete and 0 interrupted iterations
load-k6-1  | fspiopTransfers   [  21% ] 6/6 VUs  1m09.0s/5m30.0s
load-k6-1  | 
load-k6-1  | 
load-k6-1  | running (1m10.0s), 6/6 VUs, 4973 complete and 0 interrupted iterations
load-k6-1  | fspiopTransfers   [  21% ] 6/6 VUs  1m10.0s/5m30.0s
load-k6-1  | 
load-k6-1  | 
load-k6-1  | running (1m11.0s), 6/6 VUs, 5065 complete and 0 interrupted iterations
load-k6-1  | fspiopTransfers   [  22% ] 6/6 VUs  1m11.0s/5m30.0s
load-k6-1  | 
load-k6-1  | 
load-k6-1  | running (1m12.0s), 6/6 VUs, 5155 complete and 0 interrupted iterations
load-k6-1  | fspiopTransfers   [  22% ] 6/6 VUs  1m12.0s/5m30.0s
load-k6-1  | 
load-k6-1  | 
load-k6-1  | running (1m13.0s), 6/6 VUs, 5248 complete and 0 interrupted iterations
load-k6-1  | fspiopTransfers   [  22% ] 6/6 VUs  1m13.0s/5m30.0s
load-k6-1  | 
load-k6-1  | 
load-k6-1  | running (1m14.0s), 6/6 VUs, 5341 complete and 0 interrupted iterations
load-k6-1  | fspiopTransfers   [  22% ] 6/6 VUs  1m14.0s/5m30.0s
load-k6-1  | 
load-k6-1  | 
load-k6-1  | running (1m15.0s), 6/6 VUs, 5437 complete and 0 interrupted iterations
load-k6-1  | fspiopTransfers   [  23% ] 6/6 VUs  1m15.0s/5m30.0s
load-k6-1  | 
load-k6-1  | 
load-k6-1  | running (1m16.0s), 6/6 VUs, 5535 complete and 0 interrupted iterations
load-k6-1  | fspiopTransfers   [  23% ] 6/6 VUs  1m16.0s/5m30.0s
load-k6-1  | 
load-k6-1  | 
load-k6-1  | running (1m17.0s), 6/6 VUs, 5622 complete and 0 interrupted iterations
load-k6-1  | fspiopTransfers   [  23% ] 6/6 VUs  1m17.0s/5m30.0s
load-k6-1  | 
load-k6-1  | 
load-k6-1  | running (1m18.0s), 6/6 VUs, 5720 complete and 0 interrupted iterations
load-k6-1  | fspiopTransfers   [  24% ] 6/6 VUs  1m18.0s/5m30.0s
load-k6-1  | 
load-k6-1  | 
load-k6-1  | running (1m19.0s), 6/6 VUs, 5820 complete and 0 interrupted iterations
load-k6-1  | fspiopTransfers   [  24% ] 6/6 VUs  1m19.0s/5m30.0s
load-k6-1  | 
load-k6-1  | 
load-k6-1  | running (1m20.0s), 6/6 VUs, 5916 complete and 0 interrupted iterations
load-k6-1  | fspiopTransfers   [  24% ] 6/6 VUs  1m20.0s/5m30.0s
load-k6-1  | 
load-k6-1  | 
load-k6-1  | running (1m21.0s), 6/6 VUs, 6011 complete and 0 interrupted iterations
load-k6-1  | fspiopTransfers   [  25% ] 6/6 VUs  1m21.0s/5m30.0s
load-k6-1  | 
load-k6-1  | 
load-k6-1  | running (1m22.0s), 6/6 VUs, 6109 complete and 0 interrupted iterations
load-k6-1  | fspiopTransfers   [  25% ] 6/6 VUs  1m22.0s/5m30.0s
load-k6-1  | 
load-k6-1  | 
load-k6-1  | running (1m23.0s), 6/6 VUs, 6207 complete and 0 interrupted iterations
load-k6-1  | fspiopTransfers   [  25% ] 6/6 VUs  1m23.0s/5m30.0s
load-k6-1  | 
load-k6-1  | 
load-k6-1  | running (1m24.0s), 6/6 VUs, 6303 complete and 0 interrupted iterations
load-k6-1  | fspiopTransfers   [  25% ] 6/6 VUs  1m24.0s/5m30.0s
load-k6-1  | 
load-k6-1  | 
load-k6-1  | running (1m25.0s), 6/6 VUs, 6401 complete and 0 interrupted iterations
load-k6-1  | fspiopTransfers   [  26% ] 6/6 VUs  1m25.0s/5m30.0s
load-k6-1  | 
load-k6-1  | 
load-k6-1  | running (1m26.0s), 6/6 VUs, 6501 complete and 0 interrupted iterations
load-k6-1  | fspiopTransfers   [  26% ] 6/6 VUs  1m26.0s/5m30.0s
load-k6-1  | 
load-k6-1  | 
load-k6-1  | running (1m27.0s), 6/6 VUs, 6599 complete and 0 interrupted iterations
load-k6-1  | fspiopTransfers   [  26% ] 6/6 VUs  1m27.0s/5m30.0s
load-k6-1  | 
load-k6-1  | 
load-k6-1  | running (1m28.0s), 6/6 VUs, 6697 complete and 0 interrupted iterations
load-k6-1  | fspiopTransfers   [  27% ] 6/6 VUs  1m28.0s/5m30.0s
load-k6-1  | 
load-k6-1  | 
load-k6-1  | running (1m29.0s), 6/6 VUs, 6797 complete and 0 interrupted iterations
load-k6-1  | fspiopTransfers   [  27% ] 6/6 VUs  1m29.0s/5m30.0s
load-k6-1  | 
load-k6-1  | 
load-k6-1  | running (1m30.0s), 6/6 VUs, 6898 complete and 0 interrupted iterations
load-k6-1  | fspiopTransfers   [  27% ] 6/6 VUs  1m30.0s/5m30.0s
load-k6-1  | 
load-k6-1  | 
load-k6-1  | running (1m31.0s), 6/6 VUs, 6996 complete and 0 interrupted iterations
load-k6-1  | fspiopTransfers   [  28% ] 6/6 VUs  1m31.0s/5m30.0s
load-k6-1  | 
load-k6-1  | 
load-k6-1  | running (1m32.0s), 6/6 VUs, 7093 complete and 0 interrupted iterations
load-k6-1  | fspiopTransfers   [  28% ] 6/6 VUs  1m32.0s/5m30.0s
load-k6-1  | 
load-k6-1  | 
load-k6-1  | running (1m33.0s), 6/6 VUs, 7189 complete and 0 interrupted iterations
load-k6-1  | fspiopTransfers   [  28% ] 6/6 VUs  1m33.0s/5m30.0s
load-k6-1  | 
load-k6-1  | 
load-k6-1  | running (1m34.0s), 6/6 VUs, 7281 complete and 0 interrupted iterations
load-k6-1  | fspiopTransfers   [  28% ] 6/6 VUs  1m34.0s/5m30.0s
load-k6-1  | 
load-k6-1  | 
load-k6-1  | running (1m35.0s), 6/6 VUs, 7378 complete and 0 interrupted iterations
load-k6-1  | fspiopTransfers   [  29% ] 6/6 VUs  1m35.0s/5m30.0s
load-k6-1  | 
load-k6-1  | 
load-k6-1  | running (1m36.0s), 6/6 VUs, 7477 complete and 0 interrupted iterations
load-k6-1  | fspiopTransfers   [  29% ] 6/6 VUs  1m36.0s/5m30.0s
load-k6-1  | 
load-k6-1  | 
load-k6-1  | running (1m37.0s), 6/6 VUs, 7573 complete and 0 interrupted iterations
load-k6-1  | fspiopTransfers   [  29% ] 6/6 VUs  1m37.0s/5m30.0s
load-k6-1  | 
load-k6-1  | 
load-k6-1  | running (1m38.0s), 6/6 VUs, 7671 complete and 0 interrupted iterations
load-k6-1  | fspiopTransfers   [  30% ] 6/6 VUs  1m38.0s/5m30.0s
load-k6-1  | 
load-k6-1  | 
load-k6-1  | running (1m39.0s), 6/6 VUs, 7768 complete and 0 interrupted iterations
load-k6-1  | fspiopTransfers   [  30% ] 6/6 VUs  1m39.0s/5m30.0s
load-k6-1  | 
load-k6-1  | 
load-k6-1  | running (1m40.0s), 6/6 VUs, 7868 complete and 0 interrupted iterations
load-k6-1  | fspiopTransfers   [  30% ] 6/6 VUs  1m40.0s/5m30.0s
load-k6-1  | 
load-k6-1  | 
load-k6-1  | running (1m41.0s), 6/6 VUs, 7966 complete and 0 interrupted iterations
load-k6-1  | fspiopTransfers   [  31% ] 6/6 VUs  1m41.0s/5m30.0s
load-k6-1  | 
load-k6-1  | 
load-k6-1  | running (1m42.0s), 6/6 VUs, 8064 complete and 0 interrupted iterations
load-k6-1  | fspiopTransfers   [  31% ] 6/6 VUs  1m42.0s/5m30.0s
load-k6-1  | 
load-k6-1  | 
load-k6-1  | running (1m43.0s), 6/6 VUs, 8161 complete and 0 interrupted iterations
load-k6-1  | fspiopTransfers   [  31% ] 6/6 VUs  1m43.0s/5m30.0s
load-k6-1  | 
load-k6-1  | 
load-k6-1  | running (1m44.0s), 6/6 VUs, 8257 complete and 0 interrupted iterations
load-k6-1  | fspiopTransfers   [  32% ] 6/6 VUs  1m44.0s/5m30.0s
load-k6-1  | 
load-k6-1  | 
load-k6-1  | running (1m45.0s), 6/6 VUs, 8358 complete and 0 interrupted iterations
load-k6-1  | fspiopTransfers   [  32% ] 6/6 VUs  1m45.0s/5m30.0s
load-k6-1  | 
load-k6-1  | 
load-k6-1  | running (1m46.0s), 6/6 VUs, 8461 complete and 0 interrupted iterations
load-k6-1  | fspiopTransfers   [  32% ] 6/6 VUs  1m46.0s/5m30.0s
load-k6-1  | 
load-k6-1  | 
load-k6-1  | running (1m47.0s), 6/6 VUs, 8564 complete and 0 interrupted iterations
load-k6-1  | fspiopTransfers   [  32% ] 6/6 VUs  1m47.0s/5m30.0s
load-k6-1  | 
load-k6-1  | 
load-k6-1  | running (1m48.0s), 6/6 VUs, 8664 complete and 0 interrupted iterations
load-k6-1  | fspiopTransfers   [  33% ] 6/6 VUs  1m48.0s/5m30.0s
load-k6-1  | 
load-k6-1  | 
load-k6-1  | running (1m49.0s), 6/6 VUs, 8758 complete and 0 interrupted iterations
load-k6-1  | fspiopTransfers   [  33% ] 6/6 VUs  1m49.0s/5m30.0s
load-k6-1  | 
load-k6-1  | 
load-k6-1  | running (1m50.0s), 6/6 VUs, 8856 complete and 0 interrupted iterations
load-k6-1  | fspiopTransfers   [  33% ] 6/6 VUs  1m50.0s/5m30.0s
load-k6-1  | 
load-k6-1  | 
load-k6-1  | running (1m51.0s), 6/6 VUs, 8956 complete and 0 interrupted iterations
load-k6-1  | fspiopTransfers   [  34% ] 6/6 VUs  1m51.0s/5m30.0s
load-k6-1  | 
load-k6-1  | 
load-k6-1  | running (1m52.0s), 6/6 VUs, 9058 complete and 0 interrupted iterations
load-k6-1  | fspiopTransfers   [  34% ] 6/6 VUs  1m52.0s/5m30.0s
load-k6-1  | 
load-k6-1  | 
load-k6-1  | running (1m53.0s), 6/6 VUs, 9155 complete and 0 interrupted iterations
load-k6-1  | fspiopTransfers   [  34% ] 6/6 VUs  1m53.0s/5m30.0s
load-k6-1  | 
load-k6-1  | 
load-k6-1  | running (1m54.0s), 6/6 VUs, 9254 complete and 0 interrupted iterations
load-k6-1  | fspiopTransfers   [  35% ] 6/6 VUs  1m54.0s/5m30.0s
load-k6-1  | 
load-k6-1  | 
load-k6-1  | running (1m55.0s), 6/6 VUs, 9351 complete and 0 interrupted iterations
load-k6-1  | fspiopTransfers   [  35% ] 6/6 VUs  1m55.0s/5m30.0s
load-k6-1  | 
load-k6-1  | 
load-k6-1  | running (1m56.0s), 6/6 VUs, 9447 complete and 0 interrupted iterations
load-k6-1  | fspiopTransfers   [  35% ] 6/6 VUs  1m56.0s/5m30.0s
load-k6-1  | 
load-k6-1  | 
load-k6-1  | running (1m57.0s), 6/6 VUs, 9543 complete and 0 interrupted iterations
load-k6-1  | fspiopTransfers   [  35% ] 6/6 VUs  1m57.0s/5m30.0s
load-k6-1  | 
load-k6-1  | 
load-k6-1  | running (1m58.0s), 6/6 VUs, 9640 complete and 0 interrupted iterations
load-k6-1  | fspiopTransfers   [  36% ] 6/6 VUs  1m58.0s/5m30.0s
load-k6-1  | 
load-k6-1  | 
load-k6-1  | running (1m59.0s), 6/6 VUs, 9733 complete and 0 interrupted iterations
load-k6-1  | fspiopTransfers   [  36% ] 6/6 VUs  1m59.0s/5m30.0s
load-k6-1  | 
load-k6-1  | 
load-k6-1  | running (2m00.0s), 6/6 VUs, 9834 complete and 0 interrupted iterations
load-k6-1  | fspiopTransfers   [  36% ] 6/6 VUs  2m00.0s/5m30.0s
load-k6-1  | 
load-k6-1  | 
load-k6-1  | running (2m01.0s), 6/6 VUs, 9933 complete and 0 interrupted iterations
load-k6-1  | fspiopTransfers   [  37% ] 6/6 VUs  2m01.0s/5m30.0s
load-k6-1  | 
load-k6-1  | 
load-k6-1  | running (2m02.0s), 6/6 VUs, 10031 complete and 0 interrupted iterations
load-k6-1  | fspiopTransfers   [  37% ] 6/6 VUs  2m02.0s/5m30.0s
load-k6-1  | 
load-k6-1  | 
load-k6-1  | running (2m03.0s), 6/6 VUs, 10127 complete and 0 interrupted iterations
load-k6-1  | fspiopTransfers   [  37% ] 6/6 VUs  2m03.0s/5m30.0s
load-k6-1  | 
load-k6-1  | 
load-k6-1  | running (2m04.0s), 6/6 VUs, 10227 complete and 0 interrupted iterations
load-k6-1  | fspiopTransfers   [  38% ] 6/6 VUs  2m04.0s/5m30.0s
load-k6-1  | 
load-k6-1  | 
load-k6-1  | running (2m05.0s), 6/6 VUs, 10325 complete and 0 interrupted iterations
load-k6-1  | fspiopTransfers   [  38% ] 6/6 VUs  2m05.0s/5m30.0s
load-k6-1  | 
load-k6-1  | 
load-k6-1  | running (2m06.0s), 6/6 VUs, 10421 complete and 0 interrupted iterations
load-k6-1  | fspiopTransfers   [  38% ] 6/6 VUs  2m06.0s/5m30.0s
load-k6-1  | 
load-k6-1  | 
load-k6-1  | running (2m07.0s), 6/6 VUs, 10521 complete and 0 interrupted iterations
load-k6-1  | fspiopTransfers   [  38% ] 6/6 VUs  2m07.0s/5m30.0s
load-k6-1  | 
load-k6-1  | 
load-k6-1  | running (2m08.0s), 6/6 VUs, 10619 complete and 0 interrupted iterations
load-k6-1  | fspiopTransfers   [  39% ] 6/6 VUs  2m08.0s/5m30.0s
load-k6-1  | 
load-k6-1  | 
load-k6-1  | running (2m09.0s), 6/6 VUs, 10716 complete and 0 interrupted iterations
load-k6-1  | fspiopTransfers   [  39% ] 6/6 VUs  2m09.0s/5m30.0s
load-k6-1  | 
load-k6-1  | 
load-k6-1  | running (2m10.0s), 6/6 VUs, 10817 complete and 0 interrupted iterations
load-k6-1  | fspiopTransfers   [  39% ] 6/6 VUs  2m10.0s/5m30.0s
load-k6-1  | 
load-k6-1  | 
load-k6-1  | running (2m11.0s), 6/6 VUs, 10918 complete and 0 interrupted iterations
load-k6-1  | fspiopTransfers   [  40% ] 6/6 VUs  2m11.0s/5m30.0s
load-k6-1  | 
load-k6-1  | 
load-k6-1  | running (2m12.0s), 6/6 VUs, 11019 complete and 0 interrupted iterations
load-k6-1  | fspiopTransfers   [  40% ] 6/6 VUs  2m12.0s/5m30.0s
load-k6-1  | 
load-k6-1  | 
load-k6-1  | running (2m13.0s), 6/6 VUs, 11118 complete and 0 interrupted iterations
load-k6-1  | fspiopTransfers   [  40% ] 6/6 VUs  2m13.0s/5m30.0s
load-k6-1  | 
load-k6-1  | 
load-k6-1  | running (2m14.0s), 6/6 VUs, 11219 complete and 0 interrupted iterations
load-k6-1  | fspiopTransfers   [  41% ] 6/6 VUs  2m14.0s/5m30.0s
load-k6-1  | 
load-k6-1  | 
load-k6-1  | running (2m15.0s), 6/6 VUs, 11316 complete and 0 interrupted iterations
load-k6-1  | fspiopTransfers   [  41% ] 6/6 VUs  2m15.0s/5m30.0s
load-k6-1  | 
load-k6-1  | 
load-k6-1  | running (2m16.0s), 6/6 VUs, 11417 complete and 0 interrupted iterations
load-k6-1  | fspiopTransfers   [  41% ] 6/6 VUs  2m16.0s/5m30.0s
load-k6-1  | 
load-k6-1  | 
load-k6-1  | running (2m17.0s), 6/6 VUs, 11511 complete and 0 interrupted iterations
load-k6-1  | fspiopTransfers   [  42% ] 6/6 VUs  2m17.0s/5m30.0s
load-k6-1  | 
load-k6-1  | 
load-k6-1  | running (2m18.0s), 6/6 VUs, 11609 complete and 0 interrupted iterations
load-k6-1  | fspiopTransfers   [  42% ] 6/6 VUs  2m18.0s/5m30.0s
load-k6-1  | 
load-k6-1  | 
load-k6-1  | running (2m19.0s), 6/6 VUs, 11705 complete and 0 interrupted iterations
load-k6-1  | fspiopTransfers   [  42% ] 6/6 VUs  2m19.0s/5m30.0s
load-k6-1  | 
load-k6-1  | 
load-k6-1  | running (2m20.0s), 6/6 VUs, 11800 complete and 0 interrupted iterations
load-k6-1  | fspiopTransfers   [  42% ] 6/6 VUs  2m20.0s/5m30.0s
load-k6-1  | 
load-k6-1  | 
load-k6-1  | running (2m21.0s), 6/6 VUs, 11894 complete and 0 interrupted iterations
load-k6-1  | fspiopTransfers   [  43% ] 6/6 VUs  2m21.0s/5m30.0s
load-k6-1  | 
load-k6-1  | 
load-k6-1  | running (2m22.0s), 6/6 VUs, 11992 complete and 0 interrupted iterations
load-k6-1  | fspiopTransfers   [  43% ] 6/6 VUs  2m22.0s/5m30.0s
load-k6-1  | 
load-k6-1  | 
load-k6-1  | running (2m23.0s), 6/6 VUs, 12093 complete and 0 interrupted iterations
load-k6-1  | fspiopTransfers   [  43% ] 6/6 VUs  2m23.0s/5m30.0s
load-k6-1  | 
load-k6-1  | 
load-k6-1  | running (2m24.0s), 6/6 VUs, 12192 complete and 0 interrupted iterations
load-k6-1  | fspiopTransfers   [  44% ] 6/6 VUs  2m24.0s/5m30.0s
load-k6-1  | 
load-k6-1  | 
load-k6-1  | running (2m25.0s), 6/6 VUs, 12293 complete and 0 interrupted iterations
load-k6-1  | fspiopTransfers   [  44% ] 6/6 VUs  2m25.0s/5m30.0s
load-k6-1  | 
load-k6-1  | 
load-k6-1  | running (2m26.0s), 6/6 VUs, 12390 complete and 0 interrupted iterations
load-k6-1  | fspiopTransfers   [  44% ] 6/6 VUs  2m26.0s/5m30.0s
load-k6-1  | 
load-k6-1  | 
load-k6-1  | running (2m27.0s), 6/6 VUs, 12489 complete and 0 interrupted iterations
load-k6-1  | fspiopTransfers   [  45% ] 6/6 VUs  2m27.0s/5m30.0s
load-k6-1  | 
load-k6-1  | 
load-k6-1  | running (2m28.0s), 6/6 VUs, 12589 complete and 0 interrupted iterations
load-k6-1  | fspiopTransfers   [  45% ] 6/6 VUs  2m28.0s/5m30.0s
load-k6-1  | 
load-k6-1  | 
load-k6-1  | running (2m29.0s), 6/6 VUs, 12689 complete and 0 interrupted iterations
load-k6-1  | fspiopTransfers   [  45% ] 6/6 VUs  2m29.0s/5m30.0s
load-k6-1  | 
load-k6-1  | 
load-k6-1  | running (2m30.0s), 6/6 VUs, 12790 complete and 0 interrupted iterations
load-k6-1  | fspiopTransfers   [  45% ] 6/6 VUs  2m30.0s/5m30.0s
load-k6-1  | 
load-k6-1  | 
load-k6-1  | running (2m31.0s), 6/6 VUs, 12887 complete and 0 interrupted iterations
load-k6-1  | fspiopTransfers   [  46% ] 6/6 VUs  2m31.0s/5m30.0s
load-k6-1  | 
load-k6-1  | 
load-k6-1  | running (2m32.0s), 6/6 VUs, 12984 complete and 0 interrupted iterations
load-k6-1  | fspiopTransfers   [  46% ] 6/6 VUs  2m32.0s/5m30.0s
load-k6-1  | 
load-k6-1  | 
load-k6-1  | running (2m33.0s), 6/6 VUs, 13086 complete and 0 interrupted iterations
load-k6-1  | fspiopTransfers   [  46% ] 6/6 VUs  2m33.0s/5m30.0s
load-k6-1  | 
load-k6-1  | 
load-k6-1  | running (2m34.0s), 6/6 VUs, 13185 complete and 0 interrupted iterations
load-k6-1  | fspiopTransfers   [  47% ] 6/6 VUs  2m34.0s/5m30.0s
load-k6-1  | 
load-k6-1  | 
load-k6-1  | running (2m35.0s), 6/6 VUs, 13284 complete and 0 interrupted iterations
load-k6-1  | fspiopTransfers   [  47% ] 6/6 VUs  2m35.0s/5m30.0s
load-k6-1  | 
load-k6-1  | 
load-k6-1  | running (2m36.0s), 6/6 VUs, 13380 complete and 0 interrupted iterations
load-k6-1  | fspiopTransfers   [  47% ] 6/6 VUs  2m36.0s/5m30.0s
load-k6-1  | 
load-k6-1  | 
load-k6-1  | running (2m37.0s), 6/6 VUs, 13476 complete and 0 interrupted iterations
load-k6-1  | fspiopTransfers   [  48% ] 6/6 VUs  2m37.0s/5m30.0s
load-k6-1  | 
load-k6-1  | 
load-k6-1  | running (2m38.0s), 6/6 VUs, 13572 complete and 0 interrupted iterations
load-k6-1  | fspiopTransfers   [  48% ] 6/6 VUs  2m38.0s/5m30.0s
load-k6-1  | 
load-k6-1  | 
load-k6-1  | running (2m39.0s), 6/6 VUs, 13673 complete and 0 interrupted iterations
load-k6-1  | fspiopTransfers   [  48% ] 6/6 VUs  2m39.0s/5m30.0s
load-k6-1  | 
load-k6-1  | 
load-k6-1  | running (2m40.0s), 6/6 VUs, 13769 complete and 0 interrupted iterations
load-k6-1  | fspiopTransfers   [  48% ] 6/6 VUs  2m40.0s/5m30.0s
load-k6-1  | 
load-k6-1  | 
load-k6-1  | running (2m41.0s), 6/6 VUs, 13872 complete and 0 interrupted iterations
load-k6-1  | fspiopTransfers   [  49% ] 6/6 VUs  2m41.0s/5m30.0s
load-k6-1  | 
load-k6-1  | 
load-k6-1  | running (2m42.0s), 6/6 VUs, 13973 complete and 0 interrupted iterations
load-k6-1  | fspiopTransfers   [  49% ] 6/6 VUs  2m42.0s/5m30.0s
load-k6-1  | 
load-k6-1  | 
load-k6-1  | running (2m43.0s), 6/6 VUs, 14076 complete and 0 interrupted iterations
load-k6-1  | fspiopTransfers   [  49% ] 6/6 VUs  2m43.0s/5m30.0s
load-k6-1  | 
load-k6-1  | 
load-k6-1  | running (2m44.0s), 6/6 VUs, 14178 complete and 0 interrupted iterations
load-k6-1  | fspiopTransfers   [  50% ] 6/6 VUs  2m44.0s/5m30.0s
load-k6-1  | 
load-k6-1  | 
load-k6-1  | running (2m45.0s), 6/6 VUs, 14279 complete and 0 interrupted iterations
load-k6-1  | fspiopTransfers   [  50% ] 6/6 VUs  2m45.0s/5m30.0s
load-k6-1  | 
load-k6-1  | 
load-k6-1  | running (2m46.0s), 6/6 VUs, 14378 complete and 0 interrupted iterations
load-k6-1  | fspiopTransfers   [  50% ] 6/6 VUs  2m46.0s/5m30.0s
load-k6-1  | 
load-k6-1  | 
load-k6-1  | running (2m47.0s), 6/6 VUs, 14474 complete and 0 interrupted iterations
load-k6-1  | fspiopTransfers   [  51% ] 6/6 VUs  2m47.0s/5m30.0s
load-k6-1  | 
load-k6-1  | 
load-k6-1  | running (2m48.0s), 6/6 VUs, 14570 complete and 0 interrupted iterations
load-k6-1  | fspiopTransfers   [  51% ] 6/6 VUs  2m48.0s/5m30.0s
load-k6-1  | 
load-k6-1  | 
load-k6-1  | running (2m49.0s), 6/6 VUs, 14666 complete and 0 interrupted iterations
load-k6-1  | fspiopTransfers   [  51% ] 6/6 VUs  2m49.0s/5m30.0s
load-k6-1  | 
load-k6-1  | 
load-k6-1  | running (2m50.0s), 6/6 VUs, 14763 complete and 0 interrupted iterations
load-k6-1  | fspiopTransfers   [  52% ] 6/6 VUs  2m50.0s/5m30.0s
load-k6-1  | 
load-k6-1  | 
load-k6-1  | running (2m51.0s), 6/6 VUs, 14860 complete and 0 interrupted iterations
load-k6-1  | fspiopTransfers   [  52% ] 6/6 VUs  2m51.0s/5m30.0s
load-k6-1  | 
load-k6-1  | 
load-k6-1  | running (2m52.0s), 6/6 VUs, 14953 complete and 0 interrupted iterations
load-k6-1  | fspiopTransfers   [  52% ] 6/6 VUs  2m52.0s/5m30.0s
load-k6-1  | 
load-k6-1  | 
load-k6-1  | running (2m53.0s), 6/6 VUs, 15051 complete and 0 interrupted iterations
load-k6-1  | fspiopTransfers   [  52% ] 6/6 VUs  2m53.0s/5m30.0s
load-k6-1  | 
load-k6-1  | 
load-k6-1  | running (2m54.0s), 6/6 VUs, 15147 complete and 0 interrupted iterations
load-k6-1  | fspiopTransfers   [  53% ] 6/6 VUs  2m54.0s/5m30.0s
load-k6-1  | 
load-k6-1  | 
load-k6-1  | running (2m55.0s), 6/6 VUs, 15243 complete and 0 interrupted iterations
load-k6-1  | fspiopTransfers   [  53% ] 6/6 VUs  2m55.0s/5m30.0s
load-k6-1  | 
load-k6-1  | 
load-k6-1  | running (2m56.0s), 6/6 VUs, 15338 complete and 0 interrupted iterations
load-k6-1  | fspiopTransfers   [  53% ] 6/6 VUs  2m56.0s/5m30.0s
load-k6-1  | 
load-k6-1  | 
load-k6-1  | running (2m57.0s), 6/6 VUs, 15436 complete and 0 interrupted iterations
load-k6-1  | fspiopTransfers   [  54% ] 6/6 VUs  2m57.0s/5m30.0s
load-k6-1  | 
load-k6-1  | 
load-k6-1  | running (2m58.0s), 6/6 VUs, 15534 complete and 0 interrupted iterations
load-k6-1  | fspiopTransfers   [  54% ] 6/6 VUs  2m58.0s/5m30.0s
load-k6-1  | 
load-k6-1  | 
load-k6-1  | running (2m59.0s), 6/6 VUs, 15632 complete and 0 interrupted iterations
load-k6-1  | fspiopTransfers   [  54% ] 6/6 VUs  2m59.0s/5m30.0s
load-k6-1  | 
load-k6-1  | 
load-k6-1  | running (3m00.0s), 6/6 VUs, 15729 complete and 0 interrupted iterations
load-k6-1  | fspiopTransfers   [  55% ] 6/6 VUs  3m00.0s/5m30.0s
load-k6-1  | 
load-k6-1  | 
load-k6-1  | running (3m01.0s), 6/6 VUs, 15829 complete and 0 interrupted iterations
load-k6-1  | fspiopTransfers   [  55% ] 6/6 VUs  3m01.0s/5m30.0s
load-k6-1  | 
load-k6-1  | 
load-k6-1  | running (3m02.0s), 6/6 VUs, 15927 complete and 0 interrupted iterations
load-k6-1  | fspiopTransfers   [  55% ] 6/6 VUs  3m02.0s/5m30.0s
load-k6-1  | 
load-k6-1  | 
load-k6-1  | running (3m03.0s), 6/6 VUs, 16022 complete and 0 interrupted iterations
load-k6-1  | fspiopTransfers   [  55% ] 6/6 VUs  3m03.0s/5m30.0s
load-k6-1  | 
load-k6-1  | 
load-k6-1  | running (3m04.0s), 6/6 VUs, 16119 complete and 0 interrupted iterations
load-k6-1  | fspiopTransfers   [  56% ] 6/6 VUs  3m04.0s/5m30.0s
load-k6-1  | 
load-k6-1  | 
load-k6-1  | running (3m05.0s), 6/6 VUs, 16214 complete and 0 interrupted iterations
load-k6-1  | fspiopTransfers   [  56% ] 6/6 VUs  3m05.0s/5m30.0s
load-k6-1  | 
load-k6-1  | 
load-k6-1  | running (3m06.0s), 6/6 VUs, 16308 complete and 0 interrupted iterations
load-k6-1  | fspiopTransfers   [  56% ] 6/6 VUs  3m06.0s/5m30.0s
load-k6-1  | 
load-k6-1  | 
load-k6-1  | running (3m07.0s), 6/6 VUs, 16404 complete and 0 interrupted iterations
load-k6-1  | fspiopTransfers   [  57% ] 6/6 VUs  3m07.0s/5m30.0s
load-k6-1  | 
load-k6-1  | 
load-k6-1  | running (3m08.0s), 6/6 VUs, 16501 complete and 0 interrupted iterations
load-k6-1  | fspiopTransfers   [  57% ] 6/6 VUs  3m08.0s/5m30.0s
load-k6-1  | 
load-k6-1  | 
load-k6-1  | running (3m09.0s), 6/6 VUs, 16598 complete and 0 interrupted iterations
load-k6-1  | fspiopTransfers   [  57% ] 6/6 VUs  3m09.0s/5m30.0s
load-k6-1  | 
load-k6-1  | 
load-k6-1  | running (3m10.0s), 6/6 VUs, 16695 complete and 0 interrupted iterations
load-k6-1  | fspiopTransfers   [  58% ] 6/6 VUs  3m10.0s/5m30.0s
load-k6-1  | 
load-k6-1  | 
load-k6-1  | running (3m11.0s), 6/6 VUs, 16792 complete and 0 interrupted iterations
load-k6-1  | fspiopTransfers   [  58% ] 6/6 VUs  3m11.0s/5m30.0s
load-k6-1  | 
load-k6-1  | 
load-k6-1  | running (3m12.0s), 6/6 VUs, 16895 complete and 0 interrupted iterations
load-k6-1  | fspiopTransfers   [  58% ] 6/6 VUs  3m12.0s/5m30.0s
load-k6-1  | 
load-k6-1  | 
load-k6-1  | running (3m13.0s), 6/6 VUs, 16998 complete and 0 interrupted iterations
load-k6-1  | fspiopTransfers   [  58% ] 6/6 VUs  3m13.0s/5m30.0s
load-k6-1  | 
load-k6-1  | 
load-k6-1  | running (3m14.0s), 6/6 VUs, 17100 complete and 0 interrupted iterations
load-k6-1  | fspiopTransfers   [  59% ] 6/6 VUs  3m14.0s/5m30.0s
load-k6-1  | 
load-k6-1  | 
load-k6-1  | running (3m15.0s), 6/6 VUs, 17201 complete and 0 interrupted iterations
load-k6-1  | fspiopTransfers   [  59% ] 6/6 VUs  3m15.0s/5m30.0s
load-k6-1  | 
load-k6-1  | 
load-k6-1  | running (3m16.0s), 6/6 VUs, 17302 complete and 0 interrupted iterations
load-k6-1  | fspiopTransfers   [  59% ] 6/6 VUs  3m16.0s/5m30.0s
load-k6-1  | 
load-k6-1  | 
load-k6-1  | running (3m17.0s), 6/6 VUs, 17401 complete and 0 interrupted iterations
load-k6-1  | fspiopTransfers   [  60% ] 6/6 VUs  3m17.0s/5m30.0s
load-k6-1  | 
load-k6-1  | 
load-k6-1  | running (3m18.0s), 6/6 VUs, 17503 complete and 0 interrupted iterations
load-k6-1  | fspiopTransfers   [  60% ] 6/6 VUs  3m18.0s/5m30.0s
load-k6-1  | 
load-k6-1  | 
load-k6-1  | running (3m19.0s), 6/6 VUs, 17603 complete and 0 interrupted iterations
load-k6-1  | fspiopTransfers   [  60% ] 6/6 VUs  3m19.0s/5m30.0s
load-k6-1  | 
load-k6-1  | 
load-k6-1  | running (3m20.0s), 6/6 VUs, 17700 complete and 0 interrupted iterations
load-k6-1  | fspiopTransfers   [  61% ] 6/6 VUs  3m20.0s/5m30.0s
load-k6-1  | 
load-k6-1  | 
load-k6-1  | running (3m21.0s), 6/6 VUs, 17795 complete and 0 interrupted iterations
load-k6-1  | fspiopTransfers   [  61% ] 6/6 VUs  3m21.0s/5m30.0s
load-k6-1  | 
load-k6-1  | 
load-k6-1  | running (3m22.0s), 6/6 VUs, 17892 complete and 0 interrupted iterations
load-k6-1  | fspiopTransfers   [  61% ] 6/6 VUs  3m22.0s/5m30.0s
load-k6-1  | 
load-k6-1  | 
load-k6-1  | running (3m23.0s), 6/6 VUs, 17986 complete and 0 interrupted iterations
load-k6-1  | fspiopTransfers   [  62% ] 6/6 VUs  3m23.0s/5m30.0s
load-k6-1  | 
load-k6-1  | 
load-k6-1  | running (3m24.0s), 6/6 VUs, 18083 complete and 0 interrupted iterations
load-k6-1  | fspiopTransfers   [  62% ] 6/6 VUs  3m24.0s/5m30.0s
load-k6-1  | 
load-k6-1  | 
load-k6-1  | running (3m25.0s), 6/6 VUs, 18181 complete and 0 interrupted iterations
load-k6-1  | fspiopTransfers   [  62% ] 6/6 VUs  3m25.0s/5m30.0s
load-k6-1  | 
load-k6-1  | 
load-k6-1  | running (3m26.0s), 6/6 VUs, 18281 complete and 0 interrupted iterations
load-k6-1  | fspiopTransfers   [  62% ] 6/6 VUs  3m26.0s/5m30.0s
load-k6-1  | 
load-k6-1  | 
load-k6-1  | running (3m27.0s), 6/6 VUs, 18378 complete and 0 interrupted iterations
load-k6-1  | fspiopTransfers   [  63% ] 6/6 VUs  3m27.0s/5m30.0s
load-k6-1  | 
load-k6-1  | 
load-k6-1  | running (3m28.0s), 6/6 VUs, 18473 complete and 0 interrupted iterations
load-k6-1  | fspiopTransfers   [  63% ] 6/6 VUs  3m28.0s/5m30.0s
load-k6-1  | 
load-k6-1  | 
load-k6-1  | running (3m29.0s), 6/6 VUs, 18571 complete and 0 interrupted iterations
load-k6-1  | fspiopTransfers   [  63% ] 6/6 VUs  3m29.0s/5m30.0s
load-k6-1  | 
load-k6-1  | 
load-k6-1  | running (3m30.0s), 6/6 VUs, 18668 complete and 0 interrupted iterations
load-k6-1  | fspiopTransfers   [  64% ] 6/6 VUs  3m30.0s/5m30.0s
load-k6-1  | 
load-k6-1  | 
load-k6-1  | running (3m31.0s), 6/6 VUs, 18762 complete and 0 interrupted iterations
load-k6-1  | fspiopTransfers   [  64% ] 6/6 VUs  3m31.0s/5m30.0s
load-k6-1  | 
load-k6-1  | 
load-k6-1  | running (3m32.0s), 6/6 VUs, 18861 complete and 0 interrupted iterations
load-k6-1  | fspiopTransfers   [  64% ] 6/6 VUs  3m32.0s/5m30.0s
load-k6-1  | 
load-k6-1  | 
load-k6-1  | running (3m33.0s), 6/6 VUs, 18962 complete and 0 interrupted iterations
load-k6-1  | fspiopTransfers   [  65% ] 6/6 VUs  3m33.0s/5m30.0s
load-k6-1  | 
load-k6-1  | 
load-k6-1  | running (3m34.0s), 6/6 VUs, 19063 complete and 0 interrupted iterations
load-k6-1  | fspiopTransfers   [  65% ] 6/6 VUs  3m34.0s/5m30.0s
load-k6-1  | 
load-k6-1  | 
load-k6-1  | running (3m35.0s), 6/6 VUs, 19160 complete and 0 interrupted iterations
load-k6-1  | fspiopTransfers   [  65% ] 6/6 VUs  3m35.0s/5m30.0s
load-k6-1  | 
load-k6-1  | 
load-k6-1  | running (3m36.0s), 6/6 VUs, 19256 complete and 0 interrupted iterations
load-k6-1  | fspiopTransfers   [  65% ] 6/6 VUs  3m36.0s/5m30.0s
load-k6-1  | 
load-k6-1  | 
load-k6-1  | running (3m37.0s), 6/6 VUs, 19351 complete and 0 interrupted iterations
load-k6-1  | fspiopTransfers   [  66% ] 6/6 VUs  3m37.0s/5m30.0s
load-k6-1  | 
load-k6-1  | 
load-k6-1  | running (3m38.0s), 6/6 VUs, 19448 complete and 0 interrupted iterations
load-k6-1  | fspiopTransfers   [  66% ] 6/6 VUs  3m38.0s/5m30.0s
load-k6-1  | 
load-k6-1  | 
load-k6-1  | running (3m39.0s), 6/6 VUs, 19547 complete and 0 interrupted iterations
load-k6-1  | fspiopTransfers   [  66% ] 6/6 VUs  3m39.0s/5m30.0s
load-k6-1  | 
load-k6-1  | 
load-k6-1  | running (3m40.0s), 6/6 VUs, 19644 complete and 0 interrupted iterations
load-k6-1  | fspiopTransfers   [  67% ] 6/6 VUs  3m40.0s/5m30.0s
load-k6-1  | 
load-k6-1  | 
load-k6-1  | running (3m41.0s), 6/6 VUs, 19745 complete and 0 interrupted iterations
load-k6-1  | fspiopTransfers   [  67% ] 6/6 VUs  3m41.0s/5m30.0s
load-k6-1  | 
load-k6-1  | 
load-k6-1  | running (3m42.0s), 6/6 VUs, 19838 complete and 0 interrupted iterations
load-k6-1  | fspiopTransfers   [  67% ] 6/6 VUs  3m42.0s/5m30.0s
load-k6-1  | 
load-k6-1  | 
load-k6-1  | running (3m43.0s), 6/6 VUs, 19934 complete and 0 interrupted iterations
load-k6-1  | fspiopTransfers   [  68% ] 6/6 VUs  3m43.0s/5m30.0s
load-k6-1  | 
load-k6-1  | 
load-k6-1  | running (3m44.0s), 6/6 VUs, 20025 complete and 0 interrupted iterations
load-k6-1  | fspiopTransfers   [  68% ] 6/6 VUs  3m44.0s/5m30.0s
load-k6-1  | 
load-k6-1  | 
load-k6-1  | running (3m45.0s), 6/6 VUs, 20124 complete and 0 interrupted iterations
load-k6-1  | fspiopTransfers   [  68% ] 6/6 VUs  3m45.0s/5m30.0s
load-k6-1  | 
load-k6-1  | 
load-k6-1  | running (3m46.0s), 6/6 VUs, 20223 complete and 0 interrupted iterations
load-k6-1  | fspiopTransfers   [  68% ] 6/6 VUs  3m46.0s/5m30.0s
load-k6-1  | 
load-k6-1  | 
load-k6-1  | running (3m47.0s), 6/6 VUs, 20324 complete and 0 interrupted iterations
load-k6-1  | fspiopTransfers   [  69% ] 6/6 VUs  3m47.0s/5m30.0s
load-k6-1  | 
load-k6-1  | 
load-k6-1  | running (3m48.0s), 6/6 VUs, 20425 complete and 0 interrupted iterations
load-k6-1  | fspiopTransfers   [  69% ] 6/6 VUs  3m48.0s/5m30.0s
load-k6-1  | 
load-k6-1  | 
load-k6-1  | running (3m49.0s), 6/6 VUs, 20525 complete and 0 interrupted iterations
load-k6-1  | fspiopTransfers   [  69% ] 6/6 VUs  3m49.0s/5m30.0s
load-k6-1  | 
load-k6-1  | 
load-k6-1  | running (3m50.0s), 6/6 VUs, 20621 complete and 0 interrupted iterations
load-k6-1  | fspiopTransfers   [  70% ] 6/6 VUs  3m50.0s/5m30.0s
load-k6-1  | 
load-k6-1  | 
load-k6-1  | running (3m51.0s), 6/6 VUs, 20718 complete and 0 interrupted iterations
load-k6-1  | fspiopTransfers   [  70% ] 6/6 VUs  3m51.0s/5m30.0s
load-k6-1  | 
load-k6-1  | 
load-k6-1  | running (3m52.0s), 6/6 VUs, 20819 complete and 0 interrupted iterations
load-k6-1  | fspiopTransfers   [  70% ] 6/6 VUs  3m52.0s/5m30.0s
load-k6-1  | 
load-k6-1  | 
load-k6-1  | running (3m53.0s), 6/6 VUs, 20916 complete and 0 interrupted iterations
load-k6-1  | fspiopTransfers   [  71% ] 6/6 VUs  3m53.0s/5m30.0s
load-k6-1  | 
load-k6-1  | 
load-k6-1  | running (3m54.0s), 6/6 VUs, 21017 complete and 0 interrupted iterations
load-k6-1  | fspiopTransfers   [  71% ] 6/6 VUs  3m54.0s/5m30.0s
load-k6-1  | 
load-k6-1  | 
load-k6-1  | running (3m55.0s), 6/6 VUs, 21110 complete and 0 interrupted iterations
load-k6-1  | fspiopTransfers   [  71% ] 6/6 VUs  3m55.0s/5m30.0s
load-k6-1  | 
load-k6-1  | 
load-k6-1  | running (3m56.0s), 6/6 VUs, 21210 complete and 0 interrupted iterations
load-k6-1  | fspiopTransfers   [  72% ] 6/6 VUs  3m56.0s/5m30.0s
load-k6-1  | 
load-k6-1  | 
load-k6-1  | running (3m57.0s), 6/6 VUs, 21306 complete and 0 interrupted iterations
load-k6-1  | fspiopTransfers   [  72% ] 6/6 VUs  3m57.0s/5m30.0s
load-k6-1  | 
load-k6-1  | 
load-k6-1  | running (3m58.0s), 6/6 VUs, 21407 complete and 0 interrupted iterations
load-k6-1  | fspiopTransfers   [  72% ] 6/6 VUs  3m58.0s/5m30.0s
load-k6-1  | 
load-k6-1  | 
load-k6-1  | running (3m59.0s), 6/6 VUs, 21505 complete and 0 interrupted iterations
load-k6-1  | fspiopTransfers   [  72% ] 6/6 VUs  3m59.0s/5m30.0s
load-k6-1  | 
load-k6-1  | 
load-k6-1  | running (4m00.0s), 6/6 VUs, 21606 complete and 0 interrupted iterations
load-k6-1  | fspiopTransfers   [  73% ] 6/6 VUs  4m00.0s/5m30.0s
load-k6-1  | 
load-k6-1  | 
load-k6-1  | running (4m01.0s), 6/6 VUs, 21709 complete and 0 interrupted iterations
load-k6-1  | fspiopTransfers   [  73% ] 6/6 VUs  4m01.0s/5m30.0s
load-k6-1  | 
load-k6-1  | 
load-k6-1  | running (4m02.0s), 6/6 VUs, 21805 complete and 0 interrupted iterations
load-k6-1  | fspiopTransfers   [  73% ] 6/6 VUs  4m02.0s/5m30.0s
load-k6-1  | 
load-k6-1  | 
load-k6-1  | running (4m03.0s), 6/6 VUs, 21904 complete and 0 interrupted iterations
load-k6-1  | fspiopTransfers   [  74% ] 6/6 VUs  4m03.0s/5m30.0s
load-k6-1  | 
load-k6-1  | 
load-k6-1  | running (4m04.0s), 6/6 VUs, 22007 complete and 0 interrupted iterations
load-k6-1  | fspiopTransfers   [  74% ] 6/6 VUs  4m04.0s/5m30.0s
load-k6-1  | 
load-k6-1  | 
load-k6-1  | running (4m05.0s), 6/6 VUs, 22110 complete and 0 interrupted iterations
load-k6-1  | fspiopTransfers   [  74% ] 6/6 VUs  4m05.0s/5m30.0s
load-k6-1  | 
load-k6-1  | 
load-k6-1  | running (4m06.0s), 6/6 VUs, 22212 complete and 0 interrupted iterations
load-k6-1  | fspiopTransfers   [  75% ] 6/6 VUs  4m06.0s/5m30.0s
load-k6-1  | 
load-k6-1  | 
load-k6-1  | running (4m07.0s), 6/6 VUs, 22309 complete and 0 interrupted iterations
load-k6-1  | fspiopTransfers   [  75% ] 6/6 VUs  4m07.0s/5m30.0s
load-k6-1  | 
load-k6-1  | 
load-k6-1  | running (4m08.0s), 6/6 VUs, 22408 complete and 0 interrupted iterations
load-k6-1  | fspiopTransfers   [  75% ] 6/6 VUs  4m08.0s/5m30.0s
load-k6-1  | 
load-k6-1  | 
load-k6-1  | running (4m09.0s), 6/6 VUs, 22507 complete and 0 interrupted iterations
load-k6-1  | fspiopTransfers   [  75% ] 6/6 VUs  4m09.0s/5m30.0s
load-k6-1  | 
load-k6-1  | 
load-k6-1  | running (4m10.0s), 6/6 VUs, 22606 complete and 0 interrupted iterations
load-k6-1  | fspiopTransfers   [  76% ] 6/6 VUs  4m10.0s/5m30.0s
load-k6-1  | 
load-k6-1  | 
load-k6-1  | running (4m11.0s), 6/6 VUs, 22704 complete and 0 interrupted iterations
load-k6-1  | fspiopTransfers   [  76% ] 6/6 VUs  4m11.0s/5m30.0s
load-k6-1  | 
load-k6-1  | 
load-k6-1  | running (4m12.0s), 6/6 VUs, 22805 complete and 0 interrupted iterations
load-k6-1  | fspiopTransfers   [  76% ] 6/6 VUs  4m12.0s/5m30.0s
load-k6-1  | 
load-k6-1  | 
load-k6-1  | running (4m13.0s), 6/6 VUs, 22903 complete and 0 interrupted iterations
load-k6-1  | fspiopTransfers   [  77% ] 6/6 VUs  4m13.0s/5m30.0s
load-k6-1  | 
load-k6-1  | 
load-k6-1  | running (4m14.0s), 6/6 VUs, 23002 complete and 0 interrupted iterations
load-k6-1  | fspiopTransfers   [  77% ] 6/6 VUs  4m14.0s/5m30.0s
load-k6-1  | 
load-k6-1  | 
load-k6-1  | running (4m15.0s), 6/6 VUs, 23100 complete and 0 interrupted iterations
load-k6-1  | fspiopTransfers   [  77% ] 6/6 VUs  4m15.0s/5m30.0s
load-k6-1  | 
load-k6-1  | 
load-k6-1  | running (4m16.0s), 6/6 VUs, 23197 complete and 0 interrupted iterations
load-k6-1  | fspiopTransfers   [  78% ] 6/6 VUs  4m16.0s/5m30.0s
load-k6-1  | 
load-k6-1  | 
load-k6-1  | running (4m17.0s), 6/6 VUs, 23292 complete and 0 interrupted iterations
load-k6-1  | fspiopTransfers   [  78% ] 6/6 VUs  4m17.0s/5m30.0s
load-k6-1  | 
load-k6-1  | 
load-k6-1  | running (4m18.0s), 6/6 VUs, 23390 complete and 0 interrupted iterations
load-k6-1  | fspiopTransfers   [  78% ] 6/6 VUs  4m18.0s/5m30.0s
load-k6-1  | 
load-k6-1  | 
load-k6-1  | running (4m19.0s), 6/6 VUs, 23485 complete and 0 interrupted iterations
load-k6-1  | fspiopTransfers   [  78% ] 6/6 VUs  4m19.0s/5m30.0s
load-k6-1  | 
load-k6-1  | 
load-k6-1  | running (4m20.0s), 6/6 VUs, 23581 complete and 0 interrupted iterations
load-k6-1  | fspiopTransfers   [  79% ] 6/6 VUs  4m20.0s/5m30.0s
load-k6-1  | 
load-k6-1  | 
load-k6-1  | running (4m21.0s), 6/6 VUs, 23676 complete and 0 interrupted iterations
load-k6-1  | fspiopTransfers   [  79% ] 6/6 VUs  4m21.0s/5m30.0s
load-k6-1  | 
load-k6-1  | 
load-k6-1  | running (4m22.0s), 6/6 VUs, 23772 complete and 0 interrupted iterations
load-k6-1  | fspiopTransfers   [  79% ] 6/6 VUs  4m22.0s/5m30.0s
load-k6-1  | 
load-k6-1  | 
load-k6-1  | running (4m23.0s), 6/6 VUs, 23868 complete and 0 interrupted iterations
load-k6-1  | fspiopTransfers   [  80% ] 6/6 VUs  4m23.0s/5m30.0s
load-k6-1  | 
load-k6-1  | 
load-k6-1  | running (4m24.0s), 6/6 VUs, 23964 complete and 0 interrupted iterations
load-k6-1  | fspiopTransfers   [  80% ] 6/6 VUs  4m24.0s/5m30.0s
load-k6-1  | 
load-k6-1  | 
load-k6-1  | running (4m25.0s), 6/6 VUs, 24059 complete and 0 interrupted iterations
load-k6-1  | fspiopTransfers   [  80% ] 6/6 VUs  4m25.0s/5m30.0s
load-k6-1  | 
load-k6-1  | 
load-k6-1  | running (4m26.0s), 6/6 VUs, 24151 complete and 0 interrupted iterations
load-k6-1  | fspiopTransfers   [  81% ] 6/6 VUs  4m26.0s/5m30.0s
load-k6-1  | 
load-k6-1  | 
load-k6-1  | running (4m27.0s), 6/6 VUs, 24246 complete and 0 interrupted iterations
load-k6-1  | fspiopTransfers   [  81% ] 6/6 VUs  4m27.0s/5m30.0s
load-k6-1  | 
load-k6-1  | 
load-k6-1  | running (4m28.0s), 6/6 VUs, 24345 complete and 0 interrupted iterations
load-k6-1  | fspiopTransfers   [  81% ] 6/6 VUs  4m28.0s/5m30.0s
load-k6-1  | 
load-k6-1  | 
load-k6-1  | running (4m29.0s), 6/6 VUs, 24445 complete and 0 interrupted iterations
load-k6-1  | fspiopTransfers   [  82% ] 6/6 VUs  4m29.0s/5m30.0s
load-k6-1  | 
load-k6-1  | 
load-k6-1  | running (4m30.0s), 6/6 VUs, 24549 complete and 0 interrupted iterations
load-k6-1  | fspiopTransfers   [  82% ] 6/6 VUs  4m30.0s/5m30.0s
load-k6-1  | 
load-k6-1  | 
load-k6-1  | running (4m31.0s), 6/6 VUs, 24653 complete and 0 interrupted iterations
load-k6-1  | fspiopTransfers   [  82% ] 6/6 VUs  4m31.0s/5m30.0s
load-k6-1  | 
load-k6-1  | 
load-k6-1  | running (4m32.0s), 6/6 VUs, 24753 complete and 0 interrupted iterations
load-k6-1  | fspiopTransfers   [  82% ] 6/6 VUs  4m32.0s/5m30.0s
load-k6-1  | 
load-k6-1  | 
load-k6-1  | running (4m33.0s), 6/6 VUs, 24851 complete and 0 interrupted iterations
load-k6-1  | fspiopTransfers   [  83% ] 6/6 VUs  4m33.0s/5m30.0s
load-k6-1  | 
load-k6-1  | 
load-k6-1  | running (4m34.0s), 6/6 VUs, 24951 complete and 0 interrupted iterations
load-k6-1  | fspiopTransfers   [  83% ] 6/6 VUs  4m34.0s/5m30.0s
load-k6-1  | 
load-k6-1  | 
load-k6-1  | running (4m35.0s), 6/6 VUs, 25049 complete and 0 interrupted iterations
load-k6-1  | fspiopTransfers   [  83% ] 6/6 VUs  4m35.0s/5m30.0s
load-k6-1  | 
load-k6-1  | 
load-k6-1  | running (4m36.0s), 6/6 VUs, 25139 complete and 0 interrupted iterations
load-k6-1  | fspiopTransfers   [  84% ] 6/6 VUs  4m36.0s/5m30.0s
load-k6-1  | 
load-k6-1  | 
load-k6-1  | running (4m37.0s), 6/6 VUs, 25236 complete and 0 interrupted iterations
load-k6-1  | fspiopTransfers   [  84% ] 6/6 VUs  4m37.0s/5m30.0s
load-k6-1  | 
load-k6-1  | 
load-k6-1  | running (4m38.0s), 6/6 VUs, 25336 complete and 0 interrupted iterations
load-k6-1  | fspiopTransfers   [  84% ] 6/6 VUs  4m38.0s/5m30.0s
load-k6-1  | 
load-k6-1  | 
load-k6-1  | running (4m39.0s), 6/6 VUs, 25434 complete and 0 interrupted iterations
load-k6-1  | fspiopTransfers   [  85% ] 6/6 VUs  4m39.0s/5m30.0s
load-k6-1  | 
load-k6-1  | 
load-k6-1  | running (4m40.0s), 6/6 VUs, 25533 complete and 0 interrupted iterations
load-k6-1  | fspiopTransfers   [  85% ] 6/6 VUs  4m40.0s/5m30.0s
load-k6-1  | 
load-k6-1  | 
load-k6-1  | running (4m41.0s), 6/6 VUs, 25631 complete and 0 interrupted iterations
load-k6-1  | fspiopTransfers   [  85% ] 6/6 VUs  4m41.0s/5m30.0s
load-k6-1  | 
load-k6-1  | 
load-k6-1  | running (4m42.0s), 6/6 VUs, 25727 complete and 0 interrupted iterations
load-k6-1  | fspiopTransfers   [  85% ] 6/6 VUs  4m42.0s/5m30.0s
load-k6-1  | 
load-k6-1  | 
load-k6-1  | running (4m43.0s), 6/6 VUs, 25825 complete and 0 interrupted iterations
load-k6-1  | fspiopTransfers   [  86% ] 6/6 VUs  4m43.0s/5m30.0s
load-k6-1  | 
load-k6-1  | 
load-k6-1  | running (4m44.0s), 6/6 VUs, 25924 complete and 0 interrupted iterations
load-k6-1  | fspiopTransfers   [  86% ] 6/6 VUs  4m44.0s/5m30.0s
load-k6-1  | 
load-k6-1  | 
load-k6-1  | running (4m45.0s), 6/6 VUs, 26025 complete and 0 interrupted iterations
load-k6-1  | fspiopTransfers   [  86% ] 6/6 VUs  4m45.0s/5m30.0s
load-k6-1  | 
load-k6-1  | 
load-k6-1  | running (4m46.0s), 6/6 VUs, 26125 complete and 0 interrupted iterations
load-k6-1  | fspiopTransfers   [  87% ] 6/6 VUs  4m46.0s/5m30.0s
load-k6-1  | 
load-k6-1  | 
load-k6-1  | running (4m47.0s), 6/6 VUs, 26228 complete and 0 interrupted iterations
load-k6-1  | fspiopTransfers   [  87% ] 6/6 VUs  4m47.0s/5m30.0s
load-k6-1  | 
load-k6-1  | 
load-k6-1  | running (4m48.0s), 6/6 VUs, 26328 complete and 0 interrupted iterations
load-k6-1  | fspiopTransfers   [  87% ] 6/6 VUs  4m48.0s/5m30.0s
load-k6-1  | 
load-k6-1  | 
load-k6-1  | running (4m49.0s), 6/6 VUs, 26427 complete and 0 interrupted iterations
load-k6-1  | fspiopTransfers   [  88% ] 6/6 VUs  4m49.0s/5m30.0s
load-k6-1  | 
load-k6-1  | 
load-k6-1  | running (4m50.0s), 6/6 VUs, 26529 complete and 0 interrupted iterations
load-k6-1  | fspiopTransfers   [  88% ] 6/6 VUs  4m50.0s/5m30.0s
load-k6-1  | 
load-k6-1  | 
load-k6-1  | running (4m51.0s), 6/6 VUs, 26625 complete and 0 interrupted iterations
load-k6-1  | fspiopTransfers   [  88% ] 6/6 VUs  4m51.0s/5m30.0s
load-k6-1  | 
load-k6-1  | 
load-k6-1  | running (4m52.0s), 6/6 VUs, 26721 complete and 0 interrupted iterations
load-k6-1  | fspiopTransfers   [  88% ] 6/6 VUs  4m52.0s/5m30.0s
load-k6-1  | 
load-k6-1  | 
load-k6-1  | running (4m53.0s), 6/6 VUs, 26817 complete and 0 interrupted iterations
load-k6-1  | fspiopTransfers   [  89% ] 6/6 VUs  4m53.0s/5m30.0s
load-k6-1  | 
load-k6-1  | 
load-k6-1  | running (4m54.0s), 6/6 VUs, 26912 complete and 0 interrupted iterations
load-k6-1  | fspiopTransfers   [  89% ] 6/6 VUs  4m54.0s/5m30.0s
load-k6-1  | 
load-k6-1  | 
load-k6-1  | running (4m55.0s), 6/6 VUs, 27008 complete and 0 interrupted iterations
load-k6-1  | fspiopTransfers   [  89% ] 6/6 VUs  4m55.0s/5m30.0s
load-k6-1  | 
load-k6-1  | 
load-k6-1  | running (4m56.0s), 6/6 VUs, 27104 complete and 0 interrupted iterations
load-k6-1  | fspiopTransfers   [  90% ] 6/6 VUs  4m56.0s/5m30.0s
load-k6-1  | 
load-k6-1  | 
load-k6-1  | running (4m57.0s), 6/6 VUs, 27197 complete and 0 interrupted iterations
load-k6-1  | fspiopTransfers   [  90% ] 6/6 VUs  4m57.0s/5m30.0s
load-k6-1  | 
load-k6-1  | 
load-k6-1  | running (4m58.0s), 6/6 VUs, 27290 complete and 0 interrupted iterations
load-k6-1  | fspiopTransfers   [  90% ] 6/6 VUs  4m58.0s/5m30.0s
load-k6-1  | 
load-k6-1  | 
load-k6-1  | running (4m59.0s), 6/6 VUs, 27387 complete and 0 interrupted iterations
load-k6-1  | fspiopTransfers   [  91% ] 6/6 VUs  4m59.0s/5m30.0s
load-k6-1  | 
load-k6-1  | 
load-k6-1  | running (5m00.0s), 6/6 VUs, 27486 complete and 0 interrupted iterations
load-k6-1  | fspiopTransfers   [  91% ] 6/6 VUs  5m00.0s/5m30.0s
load-k6-1  | 
load-k6-1  | 
load-k6-1  | running (5m01.0s), 6/6 VUs, 27588 complete and 0 interrupted iterations
load-k6-1  | fspiopTransfers   [  91% ] 6/6 VUs  5m01.0s/5m30.0s
load-k6-1  | 
load-k6-1  | 
load-k6-1  | running (5m02.0s), 6/6 VUs, 27685 complete and 0 interrupted iterations
load-k6-1  | fspiopTransfers   [  92% ] 6/6 VUs  5m02.0s/5m30.0s
load-k6-1  | 
load-k6-1  | 
load-k6-1  | running (5m03.0s), 6/6 VUs, 27787 complete and 0 interrupted iterations
load-k6-1  | fspiopTransfers   [  92% ] 6/6 VUs  5m03.0s/5m30.0s
load-k6-1  | 
load-k6-1  | 
load-k6-1  | running (5m04.0s), 6/6 VUs, 27887 complete and 0 interrupted iterations
load-k6-1  | fspiopTransfers   [  92% ] 6/6 VUs  5m04.0s/5m30.0s
load-k6-1  | 
load-k6-1  | 
load-k6-1  | running (5m05.0s), 6/6 VUs, 27990 complete and 0 interrupted iterations
load-k6-1  | fspiopTransfers   [  92% ] 6/6 VUs  5m05.0s/5m30.0s
load-k6-1  | 
load-k6-1  | 
load-k6-1  | running (5m06.0s), 6/6 VUs, 28088 complete and 0 interrupted iterations
load-k6-1  | fspiopTransfers   [  93% ] 6/6 VUs  5m06.0s/5m30.0s
load-k6-1  | 
load-k6-1  | 
load-k6-1  | running (5m07.0s), 6/6 VUs, 28188 complete and 0 interrupted iterations
load-k6-1  | fspiopTransfers   [  93% ] 6/6 VUs  5m07.0s/5m30.0s
load-k6-1  | 
load-k6-1  | 
load-k6-1  | running (5m08.0s), 6/6 VUs, 28286 complete and 0 interrupted iterations
load-k6-1  | fspiopTransfers   [  93% ] 6/6 VUs  5m08.0s/5m30.0s
load-k6-1  | 
load-k6-1  | 
load-k6-1  | running (5m09.0s), 6/6 VUs, 28382 complete and 0 interrupted iterations
load-k6-1  | fspiopTransfers   [  94% ] 6/6 VUs  5m09.0s/5m30.0s
load-k6-1  | 
load-k6-1  | 
load-k6-1  | running (5m10.0s), 6/6 VUs, 28480 complete and 0 interrupted iterations
load-k6-1  | fspiopTransfers   [  94% ] 6/6 VUs  5m10.0s/5m30.0s
load-k6-1  | 
load-k6-1  | 
load-k6-1  | running (5m11.0s), 6/6 VUs, 28577 complete and 0 interrupted iterations
load-k6-1  | fspiopTransfers   [  94% ] 6/6 VUs  5m11.0s/5m30.0s
load-k6-1  | 
load-k6-1  | 
load-k6-1  | running (5m12.0s), 6/6 VUs, 28670 complete and 0 interrupted iterations
load-k6-1  | fspiopTransfers   [  95% ] 6/6 VUs  5m12.0s/5m30.0s
load-k6-1  | 
load-k6-1  | 
load-k6-1  | running (5m13.0s), 6/6 VUs, 28762 complete and 0 interrupted iterations
load-k6-1  | fspiopTransfers   [  95% ] 6/6 VUs  5m13.0s/5m30.0s
load-k6-1  | 
load-k6-1  | 
load-k6-1  | running (5m14.0s), 6/6 VUs, 28856 complete and 0 interrupted iterations
load-k6-1  | fspiopTransfers   [  95% ] 6/6 VUs  5m14.0s/5m30.0s
load-k6-1  | 
load-k6-1  | 
load-k6-1  | running (5m15.0s), 6/6 VUs, 28946 complete and 0 interrupted iterations
load-k6-1  | fspiopTransfers   [  95% ] 6/6 VUs  5m15.0s/5m30.0s
load-k6-1  | 
load-k6-1  | 
load-k6-1  | running (5m16.0s), 6/6 VUs, 29036 complete and 0 interrupted iterations
load-k6-1  | fspiopTransfers   [  96% ] 6/6 VUs  5m16.0s/5m30.0s
load-k6-1  | 
load-k6-1  | 
load-k6-1  | running (5m17.0s), 6/6 VUs, 29126 complete and 0 interrupted iterations
load-k6-1  | fspiopTransfers   [  96% ] 6/6 VUs  5m17.0s/5m30.0s
load-k6-1  | 
load-k6-1  | 
load-k6-1  | running (5m18.0s), 6/6 VUs, 29219 complete and 0 interrupted iterations
load-k6-1  | fspiopTransfers   [  96% ] 6/6 VUs  5m18.0s/5m30.0s
load-k6-1  | 
load-k6-1  | 
load-k6-1  | running (5m19.0s), 6/6 VUs, 29312 complete and 0 interrupted iterations
load-k6-1  | fspiopTransfers   [  97% ] 6/6 VUs  5m19.0s/5m30.0s
load-k6-1  | 
load-k6-1  | 
load-k6-1  | running (5m20.0s), 6/6 VUs, 29410 complete and 0 interrupted iterations
load-k6-1  | fspiopTransfers   [  97% ] 6/6 VUs  5m20.0s/5m30.0s
load-k6-1  | 
load-k6-1  | 
load-k6-1  | running (5m21.0s), 6/6 VUs, 29509 complete and 0 interrupted iterations
load-k6-1  | fspiopTransfers   [  97% ] 6/6 VUs  5m21.0s/5m30.0s
load-k6-1  | 
load-k6-1  | 
load-k6-1  | running (5m22.0s), 6/6 VUs, 29606 complete and 0 interrupted iterations
load-k6-1  | fspiopTransfers   [  98% ] 6/6 VUs  5m22.0s/5m30.0s
load-k6-1  | 
load-k6-1  | 
load-k6-1  | running (5m23.0s), 6/6 VUs, 29706 complete and 0 interrupted iterations
load-k6-1  | fspiopTransfers   [  98% ] 6/6 VUs  5m23.0s/5m30.0s
load-k6-1  | 
load-k6-1  | 
load-k6-1  | running (5m24.0s), 6/6 VUs, 29807 complete and 0 interrupted iterations
load-k6-1  | fspiopTransfers   [  98% ] 6/6 VUs  5m24.0s/5m30.0s
load-k6-1  | 
load-k6-1  | 
load-k6-1  | running (5m25.0s), 6/6 VUs, 29903 complete and 0 interrupted iterations
load-k6-1  | fspiopTransfers   [  98% ] 6/6 VUs  5m25.0s/5m30.0s
load-k6-1  | 
load-k6-1  | 
load-k6-1  | running (5m26.0s), 6/6 VUs, 30003 complete and 0 interrupted iterations
load-k6-1  | fspiopTransfers   [  99% ] 6/6 VUs  5m26.0s/5m30.0s
load-k6-1  | 
load-k6-1  | 
load-k6-1  | running (5m27.0s), 6/6 VUs, 30100 complete and 0 interrupted iterations
load-k6-1  | fspiopTransfers   [  99% ] 6/6 VUs  5m27.0s/5m30.0s
load-k6-1  | 
load-k6-1  | 
load-k6-1  | running (5m28.0s), 6/6 VUs, 30197 complete and 0 interrupted iterations
load-k6-1  | fspiopTransfers   [  99% ] 6/6 VUs  5m28.0s/5m30.0s
load-k6-1  | 
load-k6-1  | 
load-k6-1  | running (5m29.0s), 6/6 VUs, 30293 complete and 0 interrupted iterations
load-k6-1  | fspiopTransfers   [ 100% ] 6/6 VUs  5m29.0s/5m30.0s
load-k6-1  | 
load-k6-1  | 
load-k6-1  | running (5m30.0s), 6/6 VUs, 30381 complete and 0 interrupted iterations
load-k6-1  | fspiopTransfers   [ 100% ] 6/6 VUs  5m30.0s/5m30.0s
load-k6-1  | 
load-k6-1  | 
load-k6-1  |      ✓ TRANSFERS_FSPIOP_POST_TRANSFERS_RESPONSE_IS_202
load-k6-1  |      ✗ TRANSFERS_E2E_FSPIOP_POST_TRANSFERS_SUCCESS
load-k6-1  |       ↳  99% — ✓ 30386 / ✗ 2
load-k6-1  | 
load-k6-1  |      █ Post Transfers
load-k6-1  | 
load-k6-1  |      checks.........................: 99.99% ✓ 60774     ✗ 2    
load-k6-1  |      data_received..................: 9.5 MB 29 kB/s
load-k6-1  |      data_sent......................: 63 MB  191 kB/s
load-k6-1  |      group_duration.................: avg=213.57µs min=141.08µs med=207.28µs max=3.36ms   p(90)=260.78µs p(95)=276.52µs
load-k6-1  |      http_req_blocked...............: avg=4.19µs   min=1.9µs    med=3.97µs   max=460.59µs p(90)=5.16µs   p(95)=5.56µs  
load-k6-1  |      http_req_connecting............: avg=31ns     min=0s       med=0s       max=202.4µs  p(90)=0s       p(95)=0s      
load-k6-1  |    ✓ http_req_duration..............: avg=1.03ms   min=715.9µs  med=984.73µs max=18.2ms   p(90)=1.22ms   p(95)=1.33ms  
load-k6-1  |        { expected_response:true }...: avg=1.03ms   min=715.9µs  med=984.73µs max=18.2ms   p(90)=1.22ms   p(95)=1.33ms  
load-k6-1  |    ✓ http_req_failed................: 0.00%  ✓ 0         ✗ 30388
load-k6-1  |      http_req_receiving.............: avg=29.21µs  min=14µs     med=28.13µs  max=6.3ms    p(90)=36.02µs  p(95)=38.72µs 
load-k6-1  |      http_req_sending...............: avg=22.53µs  min=13.35µs  med=21.81µs  max=183.13µs p(90)=27.31µs  p(95)=28.89µs 
load-k6-1  |      http_req_tls_handshaking.......: avg=0s       min=0s       med=0s       max=0s       p(90)=0s       p(95)=0s      
load-k6-1  |      http_req_waiting...............: avg=979.74µs min=677.63µs med=932.67µs max=18ms     p(90)=1.17ms   p(95)=1.28ms  
load-k6-1  |      http_reqs......................: 30388  92.067452/s
load-k6-1  |    ✓ iteration_duration.............: avg=62.18ms  min=50.99ms  med=61.11ms  max=5.02s    p(90)=66.25ms  p(95)=68.72ms 
load-k6-1  |      iterations.....................: 30388  92.067452/s
load-k6-1  |      vus............................: 6      min=1       max=6  
load-k6-1  |      vus_max........................: 6      min=6       max=6  
load-k6-1  |      ws_connecting..................: avg=387.79µs min=215.57µs med=371.09µs max=14.88ms  p(90)=464.06µs p(95)=501.25µs
load-k6-1  |      ws_msgs_received...............: 30386  92.061392/s
load-k6-1  |      ws_msgs_sent...................: 30388  92.067452/s
load-k6-1  |      ws_session_duration............: avg=61.87ms  min=50.72ms  med=60.8ms   max=5.02s    p(90)=65.94ms  p(95)=68.4ms  
load-k6-1  |      ws_sessions....................: 30388  92.067452/s
load-k6-1  | 
load-k6-1  | 
load-k6-1  | running (5m30.1s), 0/6 VUs, 30388 complete and 0 interrupted iterations
load-k6-1  | fspiopTransfers ✓ [ 100% ] 0/6 VUs  5m30s
load-k6-1  | 
load-k6-1 exited with code 0
