Attaching to load-k6-1
load-k6-1  | 
load-k6-1  |           /\      |‾‾| /‾‾/   /‾‾/   
load-k6-1  |      /\  /  \     |  |/  /   /  /    
load-k6-1  |     /  \/    \    |     (   /   ‾‾\  
load-k6-1  |    /          \   |  |\  \ |  (‾)  | 
load-k6-1  |   / __________ \  |__| \__\ \_____/ .io
load-k6-1  | 
load-k6-1  |   execution: local
load-k6-1  |      script: /scripts/index.js
load-k6-1  |      output: Prometheus remote write (http://prometheus:9090/api/v1/write)
load-k6-1  | 
load-k6-1  |   scenarios: (100.00%) 1 scenario, 30 max VUs, 6m0s max duration (incl. graceful stop):
load-k6-1  |            * fspiopE2E: Up to 30 looping VUs for 5m30s over 2 stages (gracefulRampDown: 30s, exec: fspiopE2EScenarios, gracefulStop: 30s)
load-k6-1  | 
load-k6-1  | 
load-k6-1  | running (0m01.0s), 01/30 VUs, 0 complete and 0 interrupted iterations
load-k6-1  | fspiopE2E   [   0% ] 01/30 VUs  0m01.0s/5m30.0s
load-k6-1  | 
load-k6-1  | running (0m02.0s), 02/30 VUs, 0 complete and 0 interrupted iterations
load-k6-1  | fspiopE2E   [   1% ] 02/30 VUs  0m02.0s/5m30.0s
load-k6-1  | 
load-k6-1  | running (0m03.0s), 03/30 VUs, 0 complete and 0 interrupted iterations
load-k6-1  | fspiopE2E   [   1% ] 03/30 VUs  0m03.0s/5m30.0s
load-k6-1  | 
load-k6-1  | running (0m04.0s), 04/30 VUs, 10 complete and 0 interrupted iterations
load-k6-1  | fspiopE2E   [   1% ] 04/30 VUs  0m04.0s/5m30.0s
load-k6-1  | 
load-k6-1  | running (0m05.0s), 05/30 VUs, 40 complete and 0 interrupted iterations
load-k6-1  | fspiopE2E   [   2% ] 05/30 VUs  0m05.0s/5m30.0s
load-k6-1  | 
load-k6-1  | running (0m06.0s), 06/30 VUs, 79 complete and 0 interrupted iterations
load-k6-1  | fspiopE2E   [   2% ] 06/30 VUs  0m06.0s/5m30.0s
load-k6-1  | 
load-k6-1  | running (0m07.0s), 07/30 VUs, 124 complete and 0 interrupted iterations
load-k6-1  | fspiopE2E   [   2% ] 07/30 VUs  0m07.0s/5m30.0s
load-k6-1  | 
load-k6-1  | running (0m08.0s), 08/30 VUs, 178 complete and 0 interrupted iterations
load-k6-1  | fspiopE2E   [   2% ] 08/30 VUs  0m08.0s/5m30.0s
load-k6-1  | 
load-k6-1  | running (0m09.0s), 09/30 VUs, 237 complete and 0 interrupted iterations
load-k6-1  | fspiopE2E   [   3% ] 09/30 VUs  0m09.0s/5m30.0s
load-k6-1  | 
load-k6-1  | running (0m10.0s), 10/30 VUs, 303 complete and 0 interrupted iterations
load-k6-1  | fspiopE2E   [   3% ] 10/30 VUs  0m10.0s/5m30.0s
load-k6-1  | 
load-k6-1  | running (0m11.0s), 11/30 VUs, 371 complete and 0 interrupted iterations
load-k6-1  | fspiopE2E   [   3% ] 11/30 VUs  0m11.0s/5m30.0s
load-k6-1  | 
load-k6-1  | running (0m12.0s), 12/30 VUs, 442 complete and 0 interrupted iterations
load-k6-1  | fspiopE2E   [   4% ] 12/30 VUs  0m12.0s/5m30.0s
load-k6-1  | 
load-k6-1  | running (0m13.0s), 13/30 VUs, 520 complete and 0 interrupted iterations
load-k6-1  | fspiopE2E   [   4% ] 13/30 VUs  0m13.0s/5m30.0s
load-k6-1  | 
load-k6-1  | running (0m14.0s), 14/30 VUs, 597 complete and 0 interrupted iterations
load-k6-1  | fspiopE2E   [   4% ] 14/30 VUs  0m14.0s/5m30.0s
load-k6-1  | 
load-k6-1  | running (0m15.0s), 15/30 VUs, 683 complete and 0 interrupted iterations
load-k6-1  | fspiopE2E   [   5% ] 15/30 VUs  0m15.0s/5m30.0s
load-k6-1  | 
load-k6-1  | running (0m16.0s), 16/30 VUs, 761 complete and 0 interrupted iterations
load-k6-1  | fspiopE2E   [   5% ] 16/30 VUs  0m16.0s/5m30.0s
load-k6-1  | 
load-k6-1  | running (0m17.0s), 17/30 VUs, 843 complete and 0 interrupted iterations
load-k6-1  | fspiopE2E   [   5% ] 17/30 VUs  0m17.0s/5m30.0s
load-k6-1  | 
load-k6-1  | running (0m18.0s), 18/30 VUs, 927 complete and 0 interrupted iterations
load-k6-1  | fspiopE2E   [   5% ] 18/30 VUs  0m18.0s/5m30.0s
load-k6-1  | 
load-k6-1  | running (0m19.0s), 19/30 VUs, 1011 complete and 0 interrupted iterations
load-k6-1  | fspiopE2E   [   6% ] 19/30 VUs  0m19.0s/5m30.0s
load-k6-1  | 
load-k6-1  | running (0m20.0s), 20/30 VUs, 1094 complete and 0 interrupted iterations
load-k6-1  | fspiopE2E   [   6% ] 20/30 VUs  0m20.0s/5m30.0s
load-k6-1  | 
load-k6-1  | running (0m21.0s), 21/30 VUs, 1173 complete and 0 interrupted iterations
load-k6-1  | fspiopE2E   [   6% ] 21/30 VUs  0m21.0s/5m30.0s
load-k6-1  | 
load-k6-1  | running (0m22.0s), 22/30 VUs, 1259 complete and 0 interrupted iterations
load-k6-1  | fspiopE2E   [   7% ] 22/30 VUs  0m22.0s/5m30.0s
load-k6-1  | 
load-k6-1  | running (0m23.0s), 23/30 VUs, 1345 complete and 0 interrupted iterations
load-k6-1  | fspiopE2E   [   7% ] 23/30 VUs  0m23.0s/5m30.0s
load-k6-1  | 
load-k6-1  | running (0m24.0s), 24/30 VUs, 1428 complete and 0 interrupted iterations
load-k6-1  | fspiopE2E   [   7% ] 24/30 VUs  0m24.0s/5m30.0s
load-k6-1  | 
load-k6-1  | running (0m25.0s), 25/30 VUs, 1517 complete and 0 interrupted iterations
load-k6-1  | fspiopE2E   [   8% ] 25/30 VUs  0m25.0s/5m30.0s
load-k6-1  | 
load-k6-1  | running (0m26.0s), 26/30 VUs, 1598 complete and 0 interrupted iterations
load-k6-1  | fspiopE2E   [   8% ] 26/30 VUs  0m26.0s/5m30.0s
load-k6-1  | 
load-k6-1  | running (0m27.0s), 27/30 VUs, 1685 complete and 0 interrupted iterations
load-k6-1  | fspiopE2E   [   8% ] 27/30 VUs  0m27.0s/5m30.0s
load-k6-1  | 
load-k6-1  | running (0m28.0s), 28/30 VUs, 1771 complete and 0 interrupted iterations
load-k6-1  | fspiopE2E   [   8% ] 28/30 VUs  0m28.0s/5m30.0s
load-k6-1  | 
load-k6-1  | running (0m29.0s), 29/30 VUs, 1854 complete and 0 interrupted iterations
load-k6-1  | fspiopE2E   [   9% ] 29/30 VUs  0m29.0s/5m30.0s
load-k6-1  | 
load-k6-1  | running (0m30.0s), 29/30 VUs, 1940 complete and 0 interrupted iterations
load-k6-1  | fspiopE2E   [   9% ] 29/30 VUs  0m30.0s/5m30.0s
load-k6-1  | 
load-k6-1  | running (0m31.0s), 30/30 VUs, 2029 complete and 0 interrupted iterations
load-k6-1  | fspiopE2E   [   9% ] 30/30 VUs  0m31.0s/5m30.0s
load-k6-1  | 
load-k6-1  | running (0m32.0s), 30/30 VUs, 2115 complete and 0 interrupted iterations
load-k6-1  | fspiopE2E   [  10% ] 30/30 VUs  0m32.0s/5m30.0s
load-k6-1  | 
load-k6-1  | running (0m33.0s), 30/30 VUs, 2202 complete and 0 interrupted iterations
load-k6-1  | fspiopE2E   [  10% ] 30/30 VUs  0m33.0s/5m30.0s
load-k6-1  | 
load-k6-1  | running (0m34.0s), 30/30 VUs, 2293 complete and 0 interrupted iterations
load-k6-1  | fspiopE2E   [  10% ] 30/30 VUs  0m34.0s/5m30.0s
load-k6-1  | 
load-k6-1  | running (0m35.0s), 30/30 VUs, 2379 complete and 0 interrupted iterations
load-k6-1  | fspiopE2E   [  11% ] 30/30 VUs  0m35.0s/5m30.0s
load-k6-1  | 
load-k6-1  | running (0m36.0s), 30/30 VUs, 2465 complete and 0 interrupted iterations
load-k6-1  | fspiopE2E   [  11% ] 30/30 VUs  0m36.0s/5m30.0s
load-k6-1  | 
load-k6-1  | running (0m37.0s), 30/30 VUs, 2553 complete and 0 interrupted iterations
load-k6-1  | fspiopE2E   [  11% ] 30/30 VUs  0m37.0s/5m30.0s
load-k6-1  | 
load-k6-1  | running (0m38.0s), 30/30 VUs, 2642 complete and 0 interrupted iterations
load-k6-1  | fspiopE2E   [  12% ] 30/30 VUs  0m38.0s/5m30.0s
load-k6-1  | 
load-k6-1  | running (0m39.0s), 30/30 VUs, 2730 complete and 0 interrupted iterations
load-k6-1  | fspiopE2E   [  12% ] 30/30 VUs  0m39.0s/5m30.0s
load-k6-1  | 
load-k6-1  | running (0m40.0s), 30/30 VUs, 2818 complete and 0 interrupted iterations
load-k6-1  | fspiopE2E   [  12% ] 30/30 VUs  0m40.0s/5m30.0s
load-k6-1  | 
load-k6-1  | running (0m41.0s), 30/30 VUs, 2905 complete and 0 interrupted iterations
load-k6-1  | fspiopE2E   [  12% ] 30/30 VUs  0m41.0s/5m30.0s
load-k6-1  | 
load-k6-1  | running (0m42.0s), 30/30 VUs, 2991 complete and 0 interrupted iterations
load-k6-1  | fspiopE2E   [  13% ] 30/30 VUs  0m42.0s/5m30.0s
load-k6-1  | 
load-k6-1  | running (0m43.0s), 30/30 VUs, 3082 complete and 0 interrupted iterations
load-k6-1  | fspiopE2E   [  13% ] 30/30 VUs  0m43.0s/5m30.0s
load-k6-1  | 
load-k6-1  | running (0m44.0s), 30/30 VUs, 3167 complete and 0 interrupted iterations
load-k6-1  | fspiopE2E   [  13% ] 30/30 VUs  0m44.0s/5m30.0s
load-k6-1  | 
load-k6-1  | running (0m45.0s), 30/30 VUs, 3257 complete and 0 interrupted iterations
load-k6-1  | fspiopE2E   [  14% ] 30/30 VUs  0m45.0s/5m30.0s
load-k6-1  | 
load-k6-1  | running (0m46.0s), 30/30 VUs, 3346 complete and 0 interrupted iterations
load-k6-1  | fspiopE2E   [  14% ] 30/30 VUs  0m46.0s/5m30.0s
load-k6-1  | 
load-k6-1  | running (0m47.0s), 30/30 VUs, 3433 complete and 0 interrupted iterations
load-k6-1  | fspiopE2E   [  14% ] 30/30 VUs  0m47.0s/5m30.0s
load-k6-1  | 
load-k6-1  | running (0m48.0s), 30/30 VUs, 3524 complete and 0 interrupted iterations
load-k6-1  | fspiopE2E   [  15% ] 30/30 VUs  0m48.0s/5m30.0s
load-k6-1  | 
load-k6-1  | running (0m49.0s), 30/30 VUs, 3610 complete and 0 interrupted iterations
load-k6-1  | fspiopE2E   [  15% ] 30/30 VUs  0m49.0s/5m30.0s
load-k6-1  | 
load-k6-1  | running (0m50.0s), 30/30 VUs, 3692 complete and 0 interrupted iterations
load-k6-1  | fspiopE2E   [  15% ] 30/30 VUs  0m50.0s/5m30.0s
load-k6-1  | 
load-k6-1  | running (0m51.0s), 30/30 VUs, 3779 complete and 0 interrupted iterations
load-k6-1  | fspiopE2E   [  15% ] 30/30 VUs  0m51.0s/5m30.0s
load-k6-1  | 
load-k6-1  | running (0m52.0s), 30/30 VUs, 3865 complete and 0 interrupted iterations
load-k6-1  | fspiopE2E   [  16% ] 30/30 VUs  0m52.0s/5m30.0s
load-k6-1  | 
load-k6-1  | running (0m53.0s), 30/30 VUs, 3953 complete and 0 interrupted iterations
load-k6-1  | fspiopE2E   [  16% ] 30/30 VUs  0m53.0s/5m30.0s
load-k6-1  | 
load-k6-1  | running (0m54.0s), 30/30 VUs, 4043 complete and 0 interrupted iterations
load-k6-1  | fspiopE2E   [  16% ] 30/30 VUs  0m54.0s/5m30.0s
load-k6-1  | 
load-k6-1  | running (0m55.0s), 30/30 VUs, 4132 complete and 0 interrupted iterations
load-k6-1  | fspiopE2E   [  17% ] 30/30 VUs  0m55.0s/5m30.0s
load-k6-1  | 
load-k6-1  | running (0m56.0s), 30/30 VUs, 4218 complete and 0 interrupted iterations
load-k6-1  | fspiopE2E   [  17% ] 30/30 VUs  0m56.0s/5m30.0s
load-k6-1  | 
load-k6-1  | running (0m57.0s), 30/30 VUs, 4310 complete and 0 interrupted iterations
load-k6-1  | fspiopE2E   [  17% ] 30/30 VUs  0m57.0s/5m30.0s
load-k6-1  | 
load-k6-1  | running (0m58.0s), 30/30 VUs, 4398 complete and 0 interrupted iterations
load-k6-1  | fspiopE2E   [  18% ] 30/30 VUs  0m58.0s/5m30.0s
load-k6-1  | 
load-k6-1  | running (0m59.0s), 30/30 VUs, 4488 complete and 0 interrupted iterations
load-k6-1  | fspiopE2E   [  18% ] 30/30 VUs  0m59.0s/5m30.0s
load-k6-1  | 
load-k6-1  | running (1m00.0s), 30/30 VUs, 4573 complete and 0 interrupted iterations
load-k6-1  | fspiopE2E   [  18% ] 30/30 VUs  1m00.0s/5m30.0s
load-k6-1  | 
load-k6-1  | running (1m01.0s), 30/30 VUs, 4659 complete and 0 interrupted iterations
load-k6-1  | fspiopE2E   [  18% ] 30/30 VUs  1m01.0s/5m30.0s
load-k6-1  | 
load-k6-1  | running (1m02.0s), 30/30 VUs, 4745 complete and 0 interrupted iterations
load-k6-1  | fspiopE2E   [  19% ] 30/30 VUs  1m02.0s/5m30.0s
load-k6-1  | 
load-k6-1  | running (1m03.0s), 30/30 VUs, 4834 complete and 0 interrupted iterations
load-k6-1  | fspiopE2E   [  19% ] 30/30 VUs  1m03.0s/5m30.0s
load-k6-1  | 
load-k6-1  | running (1m04.0s), 30/30 VUs, 4924 complete and 0 interrupted iterations
load-k6-1  | fspiopE2E   [  19% ] 30/30 VUs  1m04.0s/5m30.0s
load-k6-1  | 
load-k6-1  | running (1m05.0s), 30/30 VUs, 5015 complete and 0 interrupted iterations
load-k6-1  | fspiopE2E   [  20% ] 30/30 VUs  1m05.0s/5m30.0s
load-k6-1  | 
load-k6-1  | running (1m06.0s), 30/30 VUs, 5107 complete and 0 interrupted iterations
load-k6-1  | fspiopE2E   [  20% ] 30/30 VUs  1m06.0s/5m30.0s
load-k6-1  | 
load-k6-1  | running (1m07.0s), 30/30 VUs, 5194 complete and 0 interrupted iterations
load-k6-1  | fspiopE2E   [  20% ] 30/30 VUs  1m07.0s/5m30.0s
load-k6-1  | 
load-k6-1  | running (1m08.0s), 30/30 VUs, 5278 complete and 0 interrupted iterations
load-k6-1  | fspiopE2E   [  21% ] 30/30 VUs  1m08.0s/5m30.0s
load-k6-1  | 
load-k6-1  | running (1m09.0s), 30/30 VUs, 5369 complete and 0 interrupted iterations
load-k6-1  | fspiopE2E   [  21% ] 30/30 VUs  1m09.0s/5m30.0s
load-k6-1  | 
load-k6-1  | running (1m10.0s), 30/30 VUs, 5460 complete and 0 interrupted iterations
load-k6-1  | fspiopE2E   [  21% ] 30/30 VUs  1m10.0s/5m30.0s
load-k6-1  | 
load-k6-1  | running (1m11.0s), 30/30 VUs, 5545 complete and 0 interrupted iterations
load-k6-1  | fspiopE2E   [  22% ] 30/30 VUs  1m11.0s/5m30.0s
load-k6-1  | 
load-k6-1  | running (1m12.0s), 30/30 VUs, 5632 complete and 0 interrupted iterations
load-k6-1  | fspiopE2E   [  22% ] 30/30 VUs  1m12.0s/5m30.0s
load-k6-1  | 
load-k6-1  | running (1m13.0s), 30/30 VUs, 5722 complete and 0 interrupted iterations
load-k6-1  | fspiopE2E   [  22% ] 30/30 VUs  1m13.0s/5m30.0s
load-k6-1  | 
load-k6-1  | running (1m14.0s), 30/30 VUs, 5812 complete and 0 interrupted iterations
load-k6-1  | fspiopE2E   [  22% ] 30/30 VUs  1m14.0s/5m30.0s
load-k6-1  | 
load-k6-1  | running (1m15.0s), 30/30 VUs, 5901 complete and 0 interrupted iterations
load-k6-1  | fspiopE2E   [  23% ] 30/30 VUs  1m15.0s/5m30.0s
load-k6-1  | 
load-k6-1  | running (1m16.0s), 30/30 VUs, 5989 complete and 0 interrupted iterations
load-k6-1  | fspiopE2E   [  23% ] 30/30 VUs  1m16.0s/5m30.0s
load-k6-1  | 
load-k6-1  | running (1m17.0s), 30/30 VUs, 6077 complete and 0 interrupted iterations
load-k6-1  | fspiopE2E   [  23% ] 30/30 VUs  1m17.0s/5m30.0s
load-k6-1  | 
load-k6-1  | running (1m18.0s), 30/30 VUs, 6166 complete and 0 interrupted iterations
load-k6-1  | fspiopE2E   [  24% ] 30/30 VUs  1m18.0s/5m30.0s
load-k6-1  | 
load-k6-1  | running (1m19.0s), 30/30 VUs, 6253 complete and 0 interrupted iterations
load-k6-1  | fspiopE2E   [  24% ] 30/30 VUs  1m19.0s/5m30.0s
load-k6-1  | 
load-k6-1  | running (1m20.0s), 30/30 VUs, 6344 complete and 0 interrupted iterations
load-k6-1  | fspiopE2E   [  24% ] 30/30 VUs  1m20.0s/5m30.0s
load-k6-1  | 
load-k6-1  | running (1m21.0s), 30/30 VUs, 6427 complete and 0 interrupted iterations
load-k6-1  | fspiopE2E   [  25% ] 30/30 VUs  1m21.0s/5m30.0s
load-k6-1  | 
load-k6-1  | running (1m22.0s), 30/30 VUs, 6512 complete and 0 interrupted iterations
load-k6-1  | fspiopE2E   [  25% ] 30/30 VUs  1m22.0s/5m30.0s
load-k6-1  | 
load-k6-1  | running (1m23.0s), 30/30 VUs, 6602 complete and 0 interrupted iterations
load-k6-1  | fspiopE2E   [  25% ] 30/30 VUs  1m23.0s/5m30.0s
load-k6-1  | 
load-k6-1  | running (1m24.0s), 30/30 VUs, 6690 complete and 0 interrupted iterations
load-k6-1  | fspiopE2E   [  25% ] 30/30 VUs  1m24.0s/5m30.0s
load-k6-1  | 
load-k6-1  | running (1m25.0s), 30/30 VUs, 6781 complete and 0 interrupted iterations
load-k6-1  | fspiopE2E   [  26% ] 30/30 VUs  1m25.0s/5m30.0s
load-k6-1  | 
load-k6-1  | running (1m26.0s), 30/30 VUs, 6870 complete and 0 interrupted iterations
load-k6-1  | fspiopE2E   [  26% ] 30/30 VUs  1m26.0s/5m30.0s
load-k6-1  | 
load-k6-1  | running (1m27.0s), 30/30 VUs, 6961 complete and 0 interrupted iterations
load-k6-1  | fspiopE2E   [  26% ] 30/30 VUs  1m27.0s/5m30.0s
load-k6-1  | 
load-k6-1  | running (1m28.0s), 30/30 VUs, 7051 complete and 0 interrupted iterations
load-k6-1  | fspiopE2E   [  27% ] 30/30 VUs  1m28.0s/5m30.0s
load-k6-1  | 
load-k6-1  | running (1m29.0s), 30/30 VUs, 7141 complete and 0 interrupted iterations
load-k6-1  | fspiopE2E   [  27% ] 30/30 VUs  1m29.0s/5m30.0s
load-k6-1  | 
load-k6-1  | running (1m30.0s), 30/30 VUs, 7231 complete and 0 interrupted iterations
load-k6-1  | fspiopE2E   [  27% ] 30/30 VUs  1m30.0s/5m30.0s
load-k6-1  | 
load-k6-1  | running (1m31.0s), 30/30 VUs, 7321 complete and 0 interrupted iterations
load-k6-1  | fspiopE2E   [  28% ] 30/30 VUs  1m31.0s/5m30.0s
load-k6-1  | 
load-k6-1  | running (1m32.0s), 30/30 VUs, 7408 complete and 0 interrupted iterations
load-k6-1  | fspiopE2E   [  28% ] 30/30 VUs  1m32.0s/5m30.0s
load-k6-1  | 
load-k6-1  | running (1m33.0s), 30/30 VUs, 7493 complete and 0 interrupted iterations
load-k6-1  | fspiopE2E   [  28% ] 30/30 VUs  1m33.0s/5m30.0s
load-k6-1  | 
load-k6-1  | running (1m34.0s), 30/30 VUs, 7586 complete and 0 interrupted iterations
load-k6-1  | fspiopE2E   [  28% ] 30/30 VUs  1m34.0s/5m30.0s
load-k6-1  | 
load-k6-1  | running (1m35.0s), 30/30 VUs, 7675 complete and 0 interrupted iterations
load-k6-1  | fspiopE2E   [  29% ] 30/30 VUs  1m35.0s/5m30.0s
load-k6-1  | 
load-k6-1  | running (1m36.0s), 30/30 VUs, 7767 complete and 0 interrupted iterations
load-k6-1  | fspiopE2E   [  29% ] 30/30 VUs  1m36.0s/5m30.0s
load-k6-1  | 
load-k6-1  | running (1m37.0s), 30/30 VUs, 7849 complete and 0 interrupted iterations
load-k6-1  | fspiopE2E   [  29% ] 30/30 VUs  1m37.0s/5m30.0s
load-k6-1  | 
load-k6-1  | running (1m38.0s), 30/30 VUs, 7936 complete and 0 interrupted iterations
load-k6-1  | fspiopE2E   [  30% ] 30/30 VUs  1m38.0s/5m30.0s
load-k6-1  | 
load-k6-1  | running (1m39.0s), 30/30 VUs, 8024 complete and 0 interrupted iterations
load-k6-1  | fspiopE2E   [  30% ] 30/30 VUs  1m39.0s/5m30.0s
load-k6-1  | 
load-k6-1  | running (1m40.0s), 30/30 VUs, 8114 complete and 0 interrupted iterations
load-k6-1  | fspiopE2E   [  30% ] 30/30 VUs  1m40.0s/5m30.0s
load-k6-1  | 
load-k6-1  | running (1m41.0s), 30/30 VUs, 8195 complete and 0 interrupted iterations
load-k6-1  | fspiopE2E   [  31% ] 30/30 VUs  1m41.0s/5m30.0s
load-k6-1  | 
load-k6-1  | running (1m42.0s), 30/30 VUs, 8277 complete and 0 interrupted iterations
load-k6-1  | fspiopE2E   [  31% ] 30/30 VUs  1m42.0s/5m30.0s
load-k6-1  | 
load-k6-1  | running (1m43.0s), 30/30 VUs, 8367 complete and 0 interrupted iterations
load-k6-1  | fspiopE2E   [  31% ] 30/30 VUs  1m43.0s/5m30.0s
load-k6-1  | 
load-k6-1  | running (1m44.0s), 30/30 VUs, 8455 complete and 0 interrupted iterations
load-k6-1  | fspiopE2E   [  32% ] 30/30 VUs  1m44.0s/5m30.0s
load-k6-1  | 
load-k6-1  | running (1m45.0s), 30/30 VUs, 8543 complete and 0 interrupted iterations
load-k6-1  | fspiopE2E   [  32% ] 30/30 VUs  1m45.0s/5m30.0s
load-k6-1  | 
load-k6-1  | running (1m46.0s), 30/30 VUs, 8632 complete and 0 interrupted iterations
load-k6-1  | fspiopE2E   [  32% ] 30/30 VUs  1m46.0s/5m30.0s
load-k6-1  | 
load-k6-1  | running (1m47.0s), 30/30 VUs, 8721 complete and 0 interrupted iterations
load-k6-1  | fspiopE2E   [  32% ] 30/30 VUs  1m47.0s/5m30.0s
load-k6-1  | 
load-k6-1  | running (1m48.0s), 30/30 VUs, 8808 complete and 0 interrupted iterations
load-k6-1  | fspiopE2E   [  33% ] 30/30 VUs  1m48.0s/5m30.0s
load-k6-1  | 
load-k6-1  | running (1m49.0s), 30/30 VUs, 8900 complete and 0 interrupted iterations
load-k6-1  | fspiopE2E   [  33% ] 30/30 VUs  1m49.0s/5m30.0s
load-k6-1  | 
load-k6-1  | running (1m50.0s), 30/30 VUs, 8987 complete and 0 interrupted iterations
load-k6-1  | fspiopE2E   [  33% ] 30/30 VUs  1m50.0s/5m30.0s
load-k6-1  | 
load-k6-1  | running (1m51.0s), 30/30 VUs, 9078 complete and 0 interrupted iterations
load-k6-1  | fspiopE2E   [  34% ] 30/30 VUs  1m51.0s/5m30.0s
load-k6-1  | 
load-k6-1  | running (1m52.0s), 30/30 VUs, 9164 complete and 0 interrupted iterations
load-k6-1  | fspiopE2E   [  34% ] 30/30 VUs  1m52.0s/5m30.0s
load-k6-1  | 
load-k6-1  | running (1m53.0s), 30/30 VUs, 9253 complete and 0 interrupted iterations
load-k6-1  | fspiopE2E   [  34% ] 30/30 VUs  1m53.0s/5m30.0s
load-k6-1  | 
load-k6-1  | running (1m54.0s), 30/30 VUs, 9332 complete and 0 interrupted iterations
load-k6-1  | fspiopE2E   [  35% ] 30/30 VUs  1m54.0s/5m30.0s
load-k6-1  | 
load-k6-1  | running (1m55.0s), 30/30 VUs, 9425 complete and 0 interrupted iterations
load-k6-1  | fspiopE2E   [  35% ] 30/30 VUs  1m55.0s/5m30.0s
load-k6-1  | 
load-k6-1  | running (1m56.0s), 30/30 VUs, 9516 complete and 0 interrupted iterations
load-k6-1  | fspiopE2E   [  35% ] 30/30 VUs  1m56.0s/5m30.0s
load-k6-1  | 
load-k6-1  | running (1m57.0s), 30/30 VUs, 9608 complete and 0 interrupted iterations
load-k6-1  | fspiopE2E   [  35% ] 30/30 VUs  1m57.0s/5m30.0s
load-k6-1  | 
load-k6-1  | running (1m58.0s), 30/30 VUs, 9697 complete and 0 interrupted iterations
load-k6-1  | fspiopE2E   [  36% ] 30/30 VUs  1m58.0s/5m30.0s
load-k6-1  | 
load-k6-1  | running (1m59.0s), 30/30 VUs, 9786 complete and 0 interrupted iterations
load-k6-1  | fspiopE2E   [  36% ] 30/30 VUs  1m59.0s/5m30.0s
load-k6-1  | 
load-k6-1  | running (2m00.0s), 30/30 VUs, 9876 complete and 0 interrupted iterations
load-k6-1  | fspiopE2E   [  36% ] 30/30 VUs  2m00.0s/5m30.0s
load-k6-1  | 
load-k6-1  | running (2m01.0s), 30/30 VUs, 9964 complete and 0 interrupted iterations
load-k6-1  | fspiopE2E   [  37% ] 30/30 VUs  2m01.0s/5m30.0s
load-k6-1  | 
load-k6-1  | running (2m02.0s), 30/30 VUs, 10053 complete and 0 interrupted iterations
load-k6-1  | fspiopE2E   [  37% ] 30/30 VUs  2m02.0s/5m30.0s
load-k6-1  | 
load-k6-1  | running (2m03.0s), 30/30 VUs, 10146 complete and 0 interrupted iterations
load-k6-1  | fspiopE2E   [  37% ] 30/30 VUs  2m03.0s/5m30.0s
load-k6-1  | 
load-k6-1  | running (2m04.0s), 30/30 VUs, 10233 complete and 0 interrupted iterations
load-k6-1  | fspiopE2E   [  38% ] 30/30 VUs  2m04.0s/5m30.0s
load-k6-1  | 
load-k6-1  | running (2m05.0s), 30/30 VUs, 10319 complete and 0 interrupted iterations
load-k6-1  | fspiopE2E   [  38% ] 30/30 VUs  2m05.0s/5m30.0s
load-k6-1  | 
load-k6-1  | running (2m06.0s), 30/30 VUs, 10407 complete and 0 interrupted iterations
load-k6-1  | fspiopE2E   [  38% ] 30/30 VUs  2m06.0s/5m30.0s
load-k6-1  | 
load-k6-1  | running (2m07.0s), 30/30 VUs, 10495 complete and 0 interrupted iterations
load-k6-1  | fspiopE2E   [  38% ] 30/30 VUs  2m07.0s/5m30.0s
load-k6-1  | 
load-k6-1  | running (2m08.0s), 30/30 VUs, 10586 complete and 0 interrupted iterations
load-k6-1  | fspiopE2E   [  39% ] 30/30 VUs  2m08.0s/5m30.0s
load-k6-1  | 
load-k6-1  | running (2m09.0s), 30/30 VUs, 10675 complete and 0 interrupted iterations
load-k6-1  | fspiopE2E   [  39% ] 30/30 VUs  2m09.0s/5m30.0s
load-k6-1  | 
load-k6-1  | running (2m10.0s), 30/30 VUs, 10764 complete and 0 interrupted iterations
load-k6-1  | fspiopE2E   [  39% ] 30/30 VUs  2m10.0s/5m30.0s
load-k6-1  | 
load-k6-1  | running (2m11.0s), 30/30 VUs, 10853 complete and 0 interrupted iterations
load-k6-1  | fspiopE2E   [  40% ] 30/30 VUs  2m11.0s/5m30.0s
load-k6-1  | 
load-k6-1  | running (2m12.0s), 30/30 VUs, 10941 complete and 0 interrupted iterations
load-k6-1  | fspiopE2E   [  40% ] 30/30 VUs  2m12.0s/5m30.0s
load-k6-1  | 
load-k6-1  | running (2m13.0s), 30/30 VUs, 11028 complete and 0 interrupted iterations
load-k6-1  | fspiopE2E   [  40% ] 30/30 VUs  2m13.0s/5m30.0s
load-k6-1  | 
load-k6-1  | running (2m14.0s), 30/30 VUs, 11120 complete and 0 interrupted iterations
load-k6-1  | fspiopE2E   [  41% ] 30/30 VUs  2m14.0s/5m30.0s
load-k6-1  | 
load-k6-1  | running (2m15.0s), 30/30 VUs, 11208 complete and 0 interrupted iterations
load-k6-1  | fspiopE2E   [  41% ] 30/30 VUs  2m15.0s/5m30.0s
load-k6-1  | 
load-k6-1  | running (2m16.0s), 30/30 VUs, 11298 complete and 0 interrupted iterations
load-k6-1  | fspiopE2E   [  41% ] 30/30 VUs  2m16.0s/5m30.0s
load-k6-1  | 
load-k6-1  | running (2m17.0s), 30/30 VUs, 11387 complete and 0 interrupted iterations
load-k6-1  | fspiopE2E   [  42% ] 30/30 VUs  2m17.0s/5m30.0s
load-k6-1  | 
load-k6-1  | running (2m18.0s), 30/30 VUs, 11477 complete and 0 interrupted iterations
load-k6-1  | fspiopE2E   [  42% ] 30/30 VUs  2m18.0s/5m30.0s
load-k6-1  | 
load-k6-1  | running (2m19.0s), 30/30 VUs, 11564 complete and 0 interrupted iterations
load-k6-1  | fspiopE2E   [  42% ] 30/30 VUs  2m19.0s/5m30.0s
load-k6-1  | 
load-k6-1  | running (2m20.0s), 30/30 VUs, 11651 complete and 0 interrupted iterations
load-k6-1  | fspiopE2E   [  42% ] 30/30 VUs  2m20.0s/5m30.0s
load-k6-1  | 
load-k6-1  | running (2m21.0s), 30/30 VUs, 11739 complete and 0 interrupted iterations
load-k6-1  | fspiopE2E   [  43% ] 30/30 VUs  2m21.0s/5m30.0s
load-k6-1  | 
load-k6-1  | running (2m22.0s), 30/30 VUs, 11827 complete and 0 interrupted iterations
load-k6-1  | fspiopE2E   [  43% ] 30/30 VUs  2m22.0s/5m30.0s
load-k6-1  | 
load-k6-1  | running (2m23.0s), 30/30 VUs, 11918 complete and 0 interrupted iterations
load-k6-1  | fspiopE2E   [  43% ] 30/30 VUs  2m23.0s/5m30.0s
load-k6-1  | 
load-k6-1  | running (2m24.0s), 30/30 VUs, 12007 complete and 0 interrupted iterations
load-k6-1  | fspiopE2E   [  44% ] 30/30 VUs  2m24.0s/5m30.0s
load-k6-1  | 
load-k6-1  | running (2m25.0s), 30/30 VUs, 12092 complete and 0 interrupted iterations
load-k6-1  | fspiopE2E   [  44% ] 30/30 VUs  2m25.0s/5m30.0s
load-k6-1  | 
load-k6-1  | running (2m26.0s), 30/30 VUs, 12178 complete and 0 interrupted iterations
load-k6-1  | fspiopE2E   [  44% ] 30/30 VUs  2m26.0s/5m30.0s
load-k6-1  | 
load-k6-1  | running (2m27.0s), 30/30 VUs, 12273 complete and 0 interrupted iterations
load-k6-1  | fspiopE2E   [  45% ] 30/30 VUs  2m27.0s/5m30.0s
load-k6-1  | 
load-k6-1  | running (2m28.0s), 30/30 VUs, 12364 complete and 0 interrupted iterations
load-k6-1  | fspiopE2E   [  45% ] 30/30 VUs  2m28.0s/5m30.0s
load-k6-1  | 
load-k6-1  | running (2m29.0s), 30/30 VUs, 12453 complete and 0 interrupted iterations
load-k6-1  | fspiopE2E   [  45% ] 30/30 VUs  2m29.0s/5m30.0s
load-k6-1  | 
load-k6-1  | running (2m30.0s), 30/30 VUs, 12545 complete and 0 interrupted iterations
load-k6-1  | fspiopE2E   [  45% ] 30/30 VUs  2m30.0s/5m30.0s
load-k6-1  | 
load-k6-1  | running (2m31.0s), 30/30 VUs, 12631 complete and 0 interrupted iterations
load-k6-1  | fspiopE2E   [  46% ] 30/30 VUs  2m31.0s/5m30.0s
load-k6-1  | 
load-k6-1  | running (2m32.0s), 30/30 VUs, 12721 complete and 0 interrupted iterations
load-k6-1  | fspiopE2E   [  46% ] 30/30 VUs  2m32.0s/5m30.0s
load-k6-1  | 
load-k6-1  | running (2m33.0s), 30/30 VUs, 12811 complete and 0 interrupted iterations
load-k6-1  | fspiopE2E   [  46% ] 30/30 VUs  2m33.0s/5m30.0s
load-k6-1  | 
load-k6-1  | running (2m34.0s), 30/30 VUs, 12903 complete and 0 interrupted iterations
load-k6-1  | fspiopE2E   [  47% ] 30/30 VUs  2m34.0s/5m30.0s
load-k6-1  | 
load-k6-1  | running (2m35.0s), 30/30 VUs, 12991 complete and 0 interrupted iterations
load-k6-1  | fspiopE2E   [  47% ] 30/30 VUs  2m35.0s/5m30.0s
load-k6-1  | 
load-k6-1  | running (2m36.0s), 30/30 VUs, 13076 complete and 0 interrupted iterations
load-k6-1  | fspiopE2E   [  47% ] 30/30 VUs  2m36.0s/5m30.0s
load-k6-1  | 
load-k6-1  | running (2m37.0s), 30/30 VUs, 13164 complete and 0 interrupted iterations
load-k6-1  | fspiopE2E   [  48% ] 30/30 VUs  2m37.0s/5m30.0s
load-k6-1  | 
load-k6-1  | running (2m38.0s), 30/30 VUs, 13250 complete and 0 interrupted iterations
load-k6-1  | fspiopE2E   [  48% ] 30/30 VUs  2m38.0s/5m30.0s
load-k6-1  | 
load-k6-1  | running (2m39.0s), 30/30 VUs, 13340 complete and 0 interrupted iterations
load-k6-1  | fspiopE2E   [  48% ] 30/30 VUs  2m39.0s/5m30.0s
load-k6-1  | 
load-k6-1  | running (2m40.0s), 30/30 VUs, 13429 complete and 0 interrupted iterations
load-k6-1  | fspiopE2E   [  48% ] 30/30 VUs  2m40.0s/5m30.0s
load-k6-1  | 
load-k6-1  | running (2m41.0s), 30/30 VUs, 13520 complete and 0 interrupted iterations
load-k6-1  | fspiopE2E   [  49% ] 30/30 VUs  2m41.0s/5m30.0s
load-k6-1  | 
load-k6-1  | running (2m42.0s), 30/30 VUs, 13609 complete and 0 interrupted iterations
load-k6-1  | fspiopE2E   [  49% ] 30/30 VUs  2m42.0s/5m30.0s
load-k6-1  | 
load-k6-1  | running (2m43.0s), 30/30 VUs, 13692 complete and 0 interrupted iterations
load-k6-1  | fspiopE2E   [  49% ] 30/30 VUs  2m43.0s/5m30.0s
load-k6-1  | 
load-k6-1  | running (2m44.0s), 30/30 VUs, 13784 complete and 0 interrupted iterations
load-k6-1  | fspiopE2E   [  50% ] 30/30 VUs  2m44.0s/5m30.0s
load-k6-1  | 
load-k6-1  | running (2m45.0s), 30/30 VUs, 13874 complete and 0 interrupted iterations
load-k6-1  | fspiopE2E   [  50% ] 30/30 VUs  2m45.0s/5m30.0s
load-k6-1  | 
load-k6-1  | running (2m46.0s), 30/30 VUs, 13962 complete and 0 interrupted iterations
load-k6-1  | fspiopE2E   [  50% ] 30/30 VUs  2m46.0s/5m30.0s
load-k6-1  | 
load-k6-1  | running (2m47.0s), 30/30 VUs, 14051 complete and 0 interrupted iterations
load-k6-1  | fspiopE2E   [  51% ] 30/30 VUs  2m47.0s/5m30.0s
load-k6-1  | 
load-k6-1  | running (2m48.0s), 30/30 VUs, 14140 complete and 0 interrupted iterations
load-k6-1  | fspiopE2E   [  51% ] 30/30 VUs  2m48.0s/5m30.0s
load-k6-1  | 
load-k6-1  | running (2m49.0s), 30/30 VUs, 14230 complete and 0 interrupted iterations
load-k6-1  | fspiopE2E   [  51% ] 30/30 VUs  2m49.0s/5m30.0s
load-k6-1  | 
load-k6-1  | running (2m50.0s), 30/30 VUs, 14321 complete and 0 interrupted iterations
load-k6-1  | fspiopE2E   [  52% ] 30/30 VUs  2m50.0s/5m30.0s
load-k6-1  | 
load-k6-1  | running (2m51.0s), 30/30 VUs, 14406 complete and 0 interrupted iterations
load-k6-1  | fspiopE2E   [  52% ] 30/30 VUs  2m51.0s/5m30.0s
load-k6-1  | 
load-k6-1  | running (2m52.0s), 30/30 VUs, 14494 complete and 0 interrupted iterations
load-k6-1  | fspiopE2E   [  52% ] 30/30 VUs  2m52.0s/5m30.0s
load-k6-1  | 
load-k6-1  | running (2m53.0s), 30/30 VUs, 14583 complete and 0 interrupted iterations
load-k6-1  | fspiopE2E   [  52% ] 30/30 VUs  2m53.0s/5m30.0s
load-k6-1  | 
load-k6-1  | running (2m54.0s), 30/30 VUs, 14676 complete and 0 interrupted iterations
load-k6-1  | fspiopE2E   [  53% ] 30/30 VUs  2m54.0s/5m30.0s
load-k6-1  | 
load-k6-1  | running (2m55.0s), 30/30 VUs, 14765 complete and 0 interrupted iterations
load-k6-1  | fspiopE2E   [  53% ] 30/30 VUs  2m55.0s/5m30.0s
load-k6-1  | 
load-k6-1  | running (2m56.0s), 30/30 VUs, 14853 complete and 0 interrupted iterations
load-k6-1  | fspiopE2E   [  53% ] 30/30 VUs  2m56.0s/5m30.0s
load-k6-1  | 
load-k6-1  | running (2m57.0s), 30/30 VUs, 14944 complete and 0 interrupted iterations
load-k6-1  | fspiopE2E   [  54% ] 30/30 VUs  2m57.0s/5m30.0s
load-k6-1  | 
load-k6-1  | running (2m58.0s), 30/30 VUs, 15039 complete and 0 interrupted iterations
load-k6-1  | fspiopE2E   [  54% ] 30/30 VUs  2m58.0s/5m30.0s
load-k6-1  | 
load-k6-1  | running (2m59.0s), 30/30 VUs, 15119 complete and 0 interrupted iterations
load-k6-1  | fspiopE2E   [  54% ] 30/30 VUs  2m59.0s/5m30.0s
load-k6-1  | 
load-k6-1  | running (3m00.0s), 30/30 VUs, 15207 complete and 0 interrupted iterations
load-k6-1  | fspiopE2E   [  55% ] 30/30 VUs  3m00.0s/5m30.0s
load-k6-1  | 
load-k6-1  | running (3m01.0s), 30/30 VUs, 15296 complete and 0 interrupted iterations
load-k6-1  | fspiopE2E   [  55% ] 30/30 VUs  3m01.0s/5m30.0s
load-k6-1  | 
load-k6-1  | running (3m02.0s), 30/30 VUs, 15385 complete and 0 interrupted iterations
load-k6-1  | fspiopE2E   [  55% ] 30/30 VUs  3m02.0s/5m30.0s
load-k6-1  | 
load-k6-1  | running (3m03.0s), 30/30 VUs, 15475 complete and 0 interrupted iterations
load-k6-1  | fspiopE2E   [  55% ] 30/30 VUs  3m03.0s/5m30.0s
load-k6-1  | 
load-k6-1  | running (3m04.0s), 30/30 VUs, 15569 complete and 0 interrupted iterations
load-k6-1  | fspiopE2E   [  56% ] 30/30 VUs  3m04.0s/5m30.0s
load-k6-1  | 
load-k6-1  | running (3m05.0s), 30/30 VUs, 15660 complete and 0 interrupted iterations
load-k6-1  | fspiopE2E   [  56% ] 30/30 VUs  3m05.0s/5m30.0s
load-k6-1  | 
load-k6-1  | running (3m06.0s), 30/30 VUs, 15749 complete and 0 interrupted iterations
load-k6-1  | fspiopE2E   [  56% ] 30/30 VUs  3m06.0s/5m30.0s
load-k6-1  | 
load-k6-1  | running (3m07.0s), 30/30 VUs, 15835 complete and 0 interrupted iterations
load-k6-1  | fspiopE2E   [  57% ] 30/30 VUs  3m07.0s/5m30.0s
load-k6-1  | 
load-k6-1  | running (3m08.0s), 30/30 VUs, 15919 complete and 0 interrupted iterations
load-k6-1  | fspiopE2E   [  57% ] 30/30 VUs  3m08.0s/5m30.0s
load-k6-1  | 
load-k6-1  | running (3m09.0s), 30/30 VUs, 16006 complete and 0 interrupted iterations
load-k6-1  | fspiopE2E   [  57% ] 30/30 VUs  3m09.0s/5m30.0s
load-k6-1  | 
load-k6-1  | running (3m10.0s), 30/30 VUs, 16100 complete and 0 interrupted iterations
load-k6-1  | fspiopE2E   [  58% ] 30/30 VUs  3m10.0s/5m30.0s
load-k6-1  | 
load-k6-1  | running (3m11.0s), 30/30 VUs, 16191 complete and 0 interrupted iterations
load-k6-1  | fspiopE2E   [  58% ] 30/30 VUs  3m11.0s/5m30.0s
load-k6-1  | 
load-k6-1  | running (3m12.0s), 30/30 VUs, 16280 complete and 0 interrupted iterations
load-k6-1  | fspiopE2E   [  58% ] 30/30 VUs  3m12.0s/5m30.0s
load-k6-1  | 
load-k6-1  | running (3m13.0s), 30/30 VUs, 16371 complete and 0 interrupted iterations
load-k6-1  | fspiopE2E   [  58% ] 30/30 VUs  3m13.0s/5m30.0s
load-k6-1  | 
load-k6-1  | running (3m14.0s), 30/30 VUs, 16457 complete and 0 interrupted iterations
load-k6-1  | fspiopE2E   [  59% ] 30/30 VUs  3m14.0s/5m30.0s
load-k6-1  | 
load-k6-1  | running (3m15.0s), 30/30 VUs, 16544 complete and 0 interrupted iterations
load-k6-1  | fspiopE2E   [  59% ] 30/30 VUs  3m15.0s/5m30.0s
load-k6-1  | 
load-k6-1  | running (3m16.0s), 30/30 VUs, 16631 complete and 0 interrupted iterations
load-k6-1  | fspiopE2E   [  59% ] 30/30 VUs  3m16.0s/5m30.0s
load-k6-1  | 
load-k6-1  | running (3m17.0s), 30/30 VUs, 16720 complete and 0 interrupted iterations
load-k6-1  | fspiopE2E   [  60% ] 30/30 VUs  3m17.0s/5m30.0s
load-k6-1  | 
load-k6-1  | running (3m18.0s), 30/30 VUs, 16808 complete and 0 interrupted iterations
load-k6-1  | fspiopE2E   [  60% ] 30/30 VUs  3m18.0s/5m30.0s
load-k6-1  | 
load-k6-1  | running (3m19.0s), 30/30 VUs, 16901 complete and 0 interrupted iterations
load-k6-1  | fspiopE2E   [  60% ] 30/30 VUs  3m19.0s/5m30.0s
load-k6-1  | 
load-k6-1  | running (3m20.0s), 30/30 VUs, 16992 complete and 0 interrupted iterations
load-k6-1  | fspiopE2E   [  61% ] 30/30 VUs  3m20.0s/5m30.0s
load-k6-1  | 
load-k6-1  | running (3m21.0s), 30/30 VUs, 17081 complete and 0 interrupted iterations
load-k6-1  | fspiopE2E   [  61% ] 30/30 VUs  3m21.0s/5m30.0s
load-k6-1  | 
load-k6-1  | running (3m22.0s), 30/30 VUs, 17166 complete and 0 interrupted iterations
load-k6-1  | fspiopE2E   [  61% ] 30/30 VUs  3m22.0s/5m30.0s
load-k6-1  | 
load-k6-1  | running (3m23.0s), 30/30 VUs, 17255 complete and 0 interrupted iterations
load-k6-1  | fspiopE2E   [  62% ] 30/30 VUs  3m23.0s/5m30.0s
load-k6-1  | 
load-k6-1  | running (3m24.0s), 30/30 VUs, 17346 complete and 0 interrupted iterations
load-k6-1  | fspiopE2E   [  62% ] 30/30 VUs  3m24.0s/5m30.0s
load-k6-1  | 
load-k6-1  | running (3m25.0s), 30/30 VUs, 17436 complete and 0 interrupted iterations
load-k6-1  | fspiopE2E   [  62% ] 30/30 VUs  3m25.0s/5m30.0s
load-k6-1  | 
load-k6-1  | running (3m26.0s), 30/30 VUs, 17524 complete and 0 interrupted iterations
load-k6-1  | fspiopE2E   [  62% ] 30/30 VUs  3m26.0s/5m30.0s
load-k6-1  | 
load-k6-1  | running (3m27.0s), 30/30 VUs, 17614 complete and 0 interrupted iterations
load-k6-1  | fspiopE2E   [  63% ] 30/30 VUs  3m27.0s/5m30.0s
load-k6-1  | 
load-k6-1  | running (3m28.0s), 30/30 VUs, 17702 complete and 0 interrupted iterations
load-k6-1  | fspiopE2E   [  63% ] 30/30 VUs  3m28.0s/5m30.0s
load-k6-1  | 
load-k6-1  | running (3m29.0s), 30/30 VUs, 17787 complete and 0 interrupted iterations
load-k6-1  | fspiopE2E   [  63% ] 30/30 VUs  3m29.0s/5m30.0s
load-k6-1  | 
load-k6-1  | running (3m30.0s), 30/30 VUs, 17879 complete and 0 interrupted iterations
load-k6-1  | fspiopE2E   [  64% ] 30/30 VUs  3m30.0s/5m30.0s
load-k6-1  | 
load-k6-1  | running (3m31.0s), 30/30 VUs, 17968 complete and 0 interrupted iterations
load-k6-1  | fspiopE2E   [  64% ] 30/30 VUs  3m31.0s/5m30.0s
load-k6-1  | 
load-k6-1  | running (3m32.0s), 30/30 VUs, 18056 complete and 0 interrupted iterations
load-k6-1  | fspiopE2E   [  64% ] 30/30 VUs  3m32.0s/5m30.0s
load-k6-1  | 
load-k6-1  | running (3m33.0s), 30/30 VUs, 18149 complete and 0 interrupted iterations
load-k6-1  | fspiopE2E   [  65% ] 30/30 VUs  3m33.0s/5m30.0s
load-k6-1  | 
load-k6-1  | running (3m34.0s), 30/30 VUs, 18238 complete and 0 interrupted iterations
load-k6-1  | fspiopE2E   [  65% ] 30/30 VUs  3m34.0s/5m30.0s
load-k6-1  | 
load-k6-1  | running (3m35.0s), 30/30 VUs, 18328 complete and 0 interrupted iterations
load-k6-1  | fspiopE2E   [  65% ] 30/30 VUs  3m35.0s/5m30.0s
load-k6-1  | 
load-k6-1  | running (3m36.0s), 30/30 VUs, 18416 complete and 0 interrupted iterations
load-k6-1  | fspiopE2E   [  65% ] 30/30 VUs  3m36.0s/5m30.0s
load-k6-1  | 
load-k6-1  | running (3m37.0s), 30/30 VUs, 18500 complete and 0 interrupted iterations
load-k6-1  | fspiopE2E   [  66% ] 30/30 VUs  3m37.0s/5m30.0s
load-k6-1  | 
load-k6-1  | running (3m38.0s), 30/30 VUs, 18589 complete and 0 interrupted iterations
load-k6-1  | fspiopE2E   [  66% ] 30/30 VUs  3m38.0s/5m30.0s
load-k6-1  | 
load-k6-1  | running (3m39.0s), 30/30 VUs, 18675 complete and 0 interrupted iterations
load-k6-1  | fspiopE2E   [  66% ] 30/30 VUs  3m39.0s/5m30.0s
load-k6-1  | 
load-k6-1  | running (3m40.0s), 30/30 VUs, 18763 complete and 0 interrupted iterations
load-k6-1  | fspiopE2E   [  67% ] 30/30 VUs  3m40.0s/5m30.0s
load-k6-1  | 
load-k6-1  | running (3m41.0s), 30/30 VUs, 18852 complete and 0 interrupted iterations
load-k6-1  | fspiopE2E   [  67% ] 30/30 VUs  3m41.0s/5m30.0s
load-k6-1  | 
load-k6-1  | running (3m42.0s), 30/30 VUs, 18937 complete and 0 interrupted iterations
load-k6-1  | fspiopE2E   [  67% ] 30/30 VUs  3m42.0s/5m30.0s
load-k6-1  | 
load-k6-1  | running (3m43.0s), 30/30 VUs, 19016 complete and 0 interrupted iterations
load-k6-1  | fspiopE2E   [  68% ] 30/30 VUs  3m43.0s/5m30.0s
load-k6-1  | 
load-k6-1  | running (3m44.0s), 30/30 VUs, 19106 complete and 0 interrupted iterations
load-k6-1  | fspiopE2E   [  68% ] 30/30 VUs  3m44.0s/5m30.0s
load-k6-1  | 
load-k6-1  | running (3m45.0s), 30/30 VUs, 19197 complete and 0 interrupted iterations
load-k6-1  | fspiopE2E   [  68% ] 30/30 VUs  3m45.0s/5m30.0s
load-k6-1  | 
load-k6-1  | running (3m46.0s), 30/30 VUs, 19291 complete and 0 interrupted iterations
load-k6-1  | fspiopE2E   [  68% ] 30/30 VUs  3m46.0s/5m30.0s
load-k6-1  | 
load-k6-1  | running (3m47.0s), 30/30 VUs, 19381 complete and 0 interrupted iterations
load-k6-1  | fspiopE2E   [  69% ] 30/30 VUs  3m47.0s/5m30.0s
load-k6-1  | 
load-k6-1  | running (3m48.0s), 30/30 VUs, 19471 complete and 0 interrupted iterations
load-k6-1  | fspiopE2E   [  69% ] 30/30 VUs  3m48.0s/5m30.0s
load-k6-1  | 
load-k6-1  | running (3m49.0s), 30/30 VUs, 19559 complete and 0 interrupted iterations
load-k6-1  | fspiopE2E   [  69% ] 30/30 VUs  3m49.0s/5m30.0s
load-k6-1  | 
load-k6-1  | running (3m50.0s), 30/30 VUs, 19646 complete and 0 interrupted iterations
load-k6-1  | fspiopE2E   [  70% ] 30/30 VUs  3m50.0s/5m30.0s
load-k6-1  | 
load-k6-1  | running (3m51.0s), 30/30 VUs, 19730 complete and 0 interrupted iterations
load-k6-1  | fspiopE2E   [  70% ] 30/30 VUs  3m51.0s/5m30.0s
load-k6-1  | 
load-k6-1  | running (3m52.0s), 30/30 VUs, 19819 complete and 0 interrupted iterations
load-k6-1  | fspiopE2E   [  70% ] 30/30 VUs  3m52.0s/5m30.0s
load-k6-1  | 
load-k6-1  | running (3m53.0s), 30/30 VUs, 19908 complete and 0 interrupted iterations
load-k6-1  | fspiopE2E   [  71% ] 30/30 VUs  3m53.0s/5m30.0s
load-k6-1  | 
load-k6-1  | running (3m54.0s), 30/30 VUs, 19997 complete and 0 interrupted iterations
load-k6-1  | fspiopE2E   [  71% ] 30/30 VUs  3m54.0s/5m30.0s
load-k6-1  | 
load-k6-1  | running (3m55.0s), 30/30 VUs, 20087 complete and 0 interrupted iterations
load-k6-1  | fspiopE2E   [  71% ] 30/30 VUs  3m55.0s/5m30.0s
load-k6-1  | 
load-k6-1  | running (3m56.0s), 30/30 VUs, 20177 complete and 0 interrupted iterations
load-k6-1  | fspiopE2E   [  72% ] 30/30 VUs  3m56.0s/5m30.0s
load-k6-1  | 
load-k6-1  | running (3m57.0s), 30/30 VUs, 20267 complete and 0 interrupted iterations
load-k6-1  | fspiopE2E   [  72% ] 30/30 VUs  3m57.0s/5m30.0s
load-k6-1  | 
load-k6-1  | running (3m58.0s), 30/30 VUs, 20360 complete and 0 interrupted iterations
load-k6-1  | fspiopE2E   [  72% ] 30/30 VUs  3m58.0s/5m30.0s
load-k6-1  | 
load-k6-1  | running (3m59.0s), 30/30 VUs, 20448 complete and 0 interrupted iterations
load-k6-1  | fspiopE2E   [  72% ] 30/30 VUs  3m59.0s/5m30.0s
load-k6-1  | 
load-k6-1  | running (4m00.0s), 30/30 VUs, 20537 complete and 0 interrupted iterations
load-k6-1  | fspiopE2E   [  73% ] 30/30 VUs  4m00.0s/5m30.0s
load-k6-1  | 
load-k6-1  | running (4m01.0s), 30/30 VUs, 20630 complete and 0 interrupted iterations
load-k6-1  | fspiopE2E   [  73% ] 30/30 VUs  4m01.0s/5m30.0s
load-k6-1  | 
load-k6-1  | running (4m02.0s), 30/30 VUs, 20716 complete and 0 interrupted iterations
load-k6-1  | fspiopE2E   [  73% ] 30/30 VUs  4m02.0s/5m30.0s
load-k6-1  | 
load-k6-1  | running (4m03.0s), 30/30 VUs, 20800 complete and 0 interrupted iterations
load-k6-1  | fspiopE2E   [  74% ] 30/30 VUs  4m03.0s/5m30.0s
load-k6-1  | 
load-k6-1  | running (4m04.0s), 30/30 VUs, 20890 complete and 0 interrupted iterations
load-k6-1  | fspiopE2E   [  74% ] 30/30 VUs  4m04.0s/5m30.0s
load-k6-1  | 
load-k6-1  | running (4m05.0s), 30/30 VUs, 20979 complete and 0 interrupted iterations
load-k6-1  | fspiopE2E   [  74% ] 30/30 VUs  4m05.0s/5m30.0s
load-k6-1  | 
load-k6-1  | running (4m06.0s), 30/30 VUs, 21070 complete and 0 interrupted iterations
load-k6-1  | fspiopE2E   [  75% ] 30/30 VUs  4m06.0s/5m30.0s
load-k6-1  | 
load-k6-1  | running (4m07.0s), 30/30 VUs, 21160 complete and 0 interrupted iterations
load-k6-1  | fspiopE2E   [  75% ] 30/30 VUs  4m07.0s/5m30.0s
load-k6-1  | 
load-k6-1  | running (4m08.0s), 30/30 VUs, 21249 complete and 0 interrupted iterations
load-k6-1  | fspiopE2E   [  75% ] 30/30 VUs  4m08.0s/5m30.0s
load-k6-1  | 
load-k6-1  | running (4m09.0s), 30/30 VUs, 21343 complete and 0 interrupted iterations
load-k6-1  | fspiopE2E   [  75% ] 30/30 VUs  4m09.0s/5m30.0s
load-k6-1  | 
load-k6-1  | running (4m10.0s), 30/30 VUs, 21422 complete and 0 interrupted iterations
load-k6-1  | fspiopE2E   [  76% ] 30/30 VUs  4m10.0s/5m30.0s
load-k6-1  | 
load-k6-1  | running (4m11.0s), 30/30 VUs, 21508 complete and 0 interrupted iterations
load-k6-1  | fspiopE2E   [  76% ] 30/30 VUs  4m11.0s/5m30.0s
load-k6-1  | 
load-k6-1  | running (4m12.0s), 30/30 VUs, 21600 complete and 0 interrupted iterations
load-k6-1  | fspiopE2E   [  76% ] 30/30 VUs  4m12.0s/5m30.0s
load-k6-1  | 
load-k6-1  | running (4m13.0s), 30/30 VUs, 21690 complete and 0 interrupted iterations
load-k6-1  | fspiopE2E   [  77% ] 30/30 VUs  4m13.0s/5m30.0s
load-k6-1  | 
load-k6-1  | running (4m14.0s), 30/30 VUs, 21778 complete and 0 interrupted iterations
load-k6-1  | fspiopE2E   [  77% ] 30/30 VUs  4m14.0s/5m30.0s
load-k6-1  | 
load-k6-1  | running (4m15.0s), 30/30 VUs, 21868 complete and 0 interrupted iterations
load-k6-1  | fspiopE2E   [  77% ] 30/30 VUs  4m15.0s/5m30.0s
load-k6-1  | 
load-k6-1  | running (4m16.0s), 30/30 VUs, 21952 complete and 0 interrupted iterations
load-k6-1  | fspiopE2E   [  78% ] 30/30 VUs  4m16.0s/5m30.0s
load-k6-1  | 
load-k6-1  | running (4m17.0s), 30/30 VUs, 22040 complete and 0 interrupted iterations
load-k6-1  | fspiopE2E   [  78% ] 30/30 VUs  4m17.0s/5m30.0s
load-k6-1  | 
load-k6-1  | running (4m18.0s), 30/30 VUs, 22129 complete and 0 interrupted iterations
load-k6-1  | fspiopE2E   [  78% ] 30/30 VUs  4m18.0s/5m30.0s
load-k6-1  | 
load-k6-1  | running (4m19.0s), 30/30 VUs, 22220 complete and 0 interrupted iterations
load-k6-1  | fspiopE2E   [  78% ] 30/30 VUs  4m19.0s/5m30.0s
load-k6-1  | 
load-k6-1  | running (4m20.0s), 30/30 VUs, 22313 complete and 0 interrupted iterations
load-k6-1  | fspiopE2E   [  79% ] 30/30 VUs  4m20.0s/5m30.0s
load-k6-1  | 
load-k6-1  | running (4m21.0s), 30/30 VUs, 22404 complete and 0 interrupted iterations
load-k6-1  | fspiopE2E   [  79% ] 30/30 VUs  4m21.0s/5m30.0s
load-k6-1  | 
load-k6-1  | running (4m22.0s), 30/30 VUs, 22495 complete and 0 interrupted iterations
load-k6-1  | fspiopE2E   [  79% ] 30/30 VUs  4m22.0s/5m30.0s
load-k6-1  | 
load-k6-1  | running (4m23.0s), 30/30 VUs, 22585 complete and 0 interrupted iterations
load-k6-1  | fspiopE2E   [  80% ] 30/30 VUs  4m23.0s/5m30.0s
load-k6-1  | 
load-k6-1  | running (4m24.0s), 30/30 VUs, 22676 complete and 0 interrupted iterations
load-k6-1  | fspiopE2E   [  80% ] 30/30 VUs  4m24.0s/5m30.0s
load-k6-1  | 
load-k6-1  | running (4m25.0s), 30/30 VUs, 22767 complete and 0 interrupted iterations
load-k6-1  | fspiopE2E   [  80% ] 30/30 VUs  4m25.0s/5m30.0s
load-k6-1  | 
load-k6-1  | running (4m26.0s), 30/30 VUs, 22859 complete and 0 interrupted iterations
load-k6-1  | fspiopE2E   [  81% ] 30/30 VUs  4m26.0s/5m30.0s
load-k6-1  | 
load-k6-1  | running (4m27.0s), 30/30 VUs, 22947 complete and 0 interrupted iterations
load-k6-1  | fspiopE2E   [  81% ] 30/30 VUs  4m27.0s/5m30.0s
load-k6-1  | 
load-k6-1  | running (4m28.0s), 30/30 VUs, 23034 complete and 0 interrupted iterations
load-k6-1  | fspiopE2E   [  81% ] 30/30 VUs  4m28.0s/5m30.0s
load-k6-1  | 
load-k6-1  | running (4m29.0s), 30/30 VUs, 23122 complete and 0 interrupted iterations
load-k6-1  | fspiopE2E   [  82% ] 30/30 VUs  4m29.0s/5m30.0s
load-k6-1  | 
load-k6-1  | running (4m30.0s), 30/30 VUs, 23206 complete and 0 interrupted iterations
load-k6-1  | fspiopE2E   [  82% ] 30/30 VUs  4m30.0s/5m30.0s
load-k6-1  | 
load-k6-1  | running (4m31.0s), 30/30 VUs, 23297 complete and 0 interrupted iterations
load-k6-1  | fspiopE2E   [  82% ] 30/30 VUs  4m31.0s/5m30.0s
load-k6-1  | 
load-k6-1  | running (4m32.0s), 30/30 VUs, 23385 complete and 0 interrupted iterations
load-k6-1  | fspiopE2E   [  82% ] 30/30 VUs  4m32.0s/5m30.0s
load-k6-1  | 
load-k6-1  | running (4m33.0s), 30/30 VUs, 23476 complete and 0 interrupted iterations
load-k6-1  | fspiopE2E   [  83% ] 30/30 VUs  4m33.0s/5m30.0s
load-k6-1  | 
load-k6-1  | running (4m34.0s), 30/30 VUs, 23563 complete and 0 interrupted iterations
load-k6-1  | fspiopE2E   [  83% ] 30/30 VUs  4m34.0s/5m30.0s
load-k6-1  | 
load-k6-1  | running (4m35.0s), 30/30 VUs, 23649 complete and 0 interrupted iterations
load-k6-1  | fspiopE2E   [  83% ] 30/30 VUs  4m35.0s/5m30.0s
load-k6-1  | 
load-k6-1  | running (4m36.0s), 30/30 VUs, 23740 complete and 0 interrupted iterations
load-k6-1  | fspiopE2E   [  84% ] 30/30 VUs  4m36.0s/5m30.0s
load-k6-1  | 
load-k6-1  | running (4m37.0s), 30/30 VUs, 23827 complete and 0 interrupted iterations
load-k6-1  | fspiopE2E   [  84% ] 30/30 VUs  4m37.0s/5m30.0s
load-k6-1  | 
load-k6-1  | running (4m38.0s), 30/30 VUs, 23917 complete and 0 interrupted iterations
load-k6-1  | fspiopE2E   [  84% ] 30/30 VUs  4m38.0s/5m30.0s
load-k6-1  | 
load-k6-1  | running (4m39.0s), 30/30 VUs, 24004 complete and 0 interrupted iterations
load-k6-1  | fspiopE2E   [  85% ] 30/30 VUs  4m39.0s/5m30.0s
load-k6-1  | 
load-k6-1  | running (4m40.0s), 30/30 VUs, 24096 complete and 0 interrupted iterations
load-k6-1  | fspiopE2E   [  85% ] 30/30 VUs  4m40.0s/5m30.0s
load-k6-1  | 
load-k6-1  | running (4m41.0s), 30/30 VUs, 24185 complete and 0 interrupted iterations
load-k6-1  | fspiopE2E   [  85% ] 30/30 VUs  4m41.0s/5m30.0s
load-k6-1  | 
load-k6-1  | running (4m42.0s), 30/30 VUs, 24271 complete and 0 interrupted iterations
load-k6-1  | fspiopE2E   [  85% ] 30/30 VUs  4m42.0s/5m30.0s
load-k6-1  | 
load-k6-1  | running (4m43.0s), 30/30 VUs, 24358 complete and 0 interrupted iterations
load-k6-1  | fspiopE2E   [  86% ] 30/30 VUs  4m43.0s/5m30.0s
load-k6-1  | 
load-k6-1  | running (4m44.0s), 30/30 VUs, 24445 complete and 0 interrupted iterations
load-k6-1  | fspiopE2E   [  86% ] 30/30 VUs  4m44.0s/5m30.0s
load-k6-1  | 
load-k6-1  | running (4m45.0s), 30/30 VUs, 24535 complete and 0 interrupted iterations
load-k6-1  | fspiopE2E   [  86% ] 30/30 VUs  4m45.0s/5m30.0s
load-k6-1  | 
load-k6-1  | running (4m46.0s), 30/30 VUs, 24623 complete and 0 interrupted iterations
load-k6-1  | fspiopE2E   [  87% ] 30/30 VUs  4m46.0s/5m30.0s
load-k6-1  | 
load-k6-1  | running (4m47.0s), 30/30 VUs, 24714 complete and 0 interrupted iterations
load-k6-1  | fspiopE2E   [  87% ] 30/30 VUs  4m47.0s/5m30.0s
load-k6-1  | 
load-k6-1  | running (4m48.0s), 30/30 VUs, 24802 complete and 0 interrupted iterations
load-k6-1  | fspiopE2E   [  87% ] 30/30 VUs  4m48.0s/5m30.0s
load-k6-1  | 
load-k6-1  | running (4m49.0s), 30/30 VUs, 24890 complete and 0 interrupted iterations
load-k6-1  | fspiopE2E   [  88% ] 30/30 VUs  4m49.0s/5m30.0s
load-k6-1  | 
load-k6-1  | running (4m50.0s), 30/30 VUs, 24978 complete and 0 interrupted iterations
load-k6-1  | fspiopE2E   [  88% ] 30/30 VUs  4m50.0s/5m30.0s
load-k6-1  | 
load-k6-1  | running (4m51.0s), 30/30 VUs, 25068 complete and 0 interrupted iterations
load-k6-1  | fspiopE2E   [  88% ] 30/30 VUs  4m51.0s/5m30.0s
load-k6-1  | 
load-k6-1  | running (4m52.0s), 30/30 VUs, 25155 complete and 0 interrupted iterations
load-k6-1  | fspiopE2E   [  88% ] 30/30 VUs  4m52.0s/5m30.0s
load-k6-1  | 
load-k6-1  | running (4m53.0s), 30/30 VUs, 25246 complete and 0 interrupted iterations
load-k6-1  | fspiopE2E   [  89% ] 30/30 VUs  4m53.0s/5m30.0s
load-k6-1  | 
load-k6-1  | running (4m54.0s), 30/30 VUs, 25332 complete and 0 interrupted iterations
load-k6-1  | fspiopE2E   [  89% ] 30/30 VUs  4m54.0s/5m30.0s
load-k6-1  | 
load-k6-1  | running (4m55.0s), 30/30 VUs, 25422 complete and 0 interrupted iterations
load-k6-1  | fspiopE2E   [  89% ] 30/30 VUs  4m55.0s/5m30.0s
load-k6-1  | 
load-k6-1  | running (4m56.0s), 30/30 VUs, 25514 complete and 0 interrupted iterations
load-k6-1  | fspiopE2E   [  90% ] 30/30 VUs  4m56.0s/5m30.0s
load-k6-1  | 
load-k6-1  | running (4m57.0s), 30/30 VUs, 25605 complete and 0 interrupted iterations
load-k6-1  | fspiopE2E   [  90% ] 30/30 VUs  4m57.0s/5m30.0s
load-k6-1  | 
load-k6-1  | running (4m58.0s), 30/30 VUs, 25690 complete and 0 interrupted iterations
load-k6-1  | fspiopE2E   [  90% ] 30/30 VUs  4m58.0s/5m30.0s
load-k6-1  | 
load-k6-1  | running (4m59.0s), 30/30 VUs, 25781 complete and 0 interrupted iterations
load-k6-1  | fspiopE2E   [  91% ] 30/30 VUs  4m59.0s/5m30.0s
load-k6-1  | 
load-k6-1  | running (5m00.0s), 30/30 VUs, 25870 complete and 0 interrupted iterations
load-k6-1  | fspiopE2E   [  91% ] 30/30 VUs  5m00.0s/5m30.0s
load-k6-1  | 
load-k6-1  | running (5m01.0s), 30/30 VUs, 25955 complete and 0 interrupted iterations
load-k6-1  | fspiopE2E   [  91% ] 30/30 VUs  5m01.0s/5m30.0s
load-k6-1  | 
load-k6-1  | running (5m02.0s), 30/30 VUs, 26044 complete and 0 interrupted iterations
load-k6-1  | fspiopE2E   [  92% ] 30/30 VUs  5m02.0s/5m30.0s
load-k6-1  | 
load-k6-1  | running (5m03.0s), 30/30 VUs, 26137 complete and 0 interrupted iterations
load-k6-1  | fspiopE2E   [  92% ] 30/30 VUs  5m03.0s/5m30.0s
load-k6-1  | 
load-k6-1  | running (5m04.0s), 30/30 VUs, 26223 complete and 0 interrupted iterations
load-k6-1  | fspiopE2E   [  92% ] 30/30 VUs  5m04.0s/5m30.0s
load-k6-1  | 
load-k6-1  | running (5m05.0s), 30/30 VUs, 26313 complete and 0 interrupted iterations
load-k6-1  | fspiopE2E   [  92% ] 30/30 VUs  5m05.0s/5m30.0s
load-k6-1  | 
load-k6-1  | running (5m06.0s), 30/30 VUs, 26406 complete and 0 interrupted iterations
load-k6-1  | fspiopE2E   [  93% ] 30/30 VUs  5m06.0s/5m30.0s
load-k6-1  | 
load-k6-1  | running (5m07.0s), 30/30 VUs, 26492 complete and 0 interrupted iterations
load-k6-1  | fspiopE2E   [  93% ] 30/30 VUs  5m07.0s/5m30.0s
load-k6-1  | 
load-k6-1  | running (5m08.0s), 30/30 VUs, 26580 complete and 0 interrupted iterations
load-k6-1  | fspiopE2E   [  93% ] 30/30 VUs  5m08.0s/5m30.0s
load-k6-1  | 
load-k6-1  | running (5m09.0s), 30/30 VUs, 26673 complete and 0 interrupted iterations
load-k6-1  | fspiopE2E   [  94% ] 30/30 VUs  5m09.0s/5m30.0s
load-k6-1  | 
load-k6-1  | running (5m10.0s), 30/30 VUs, 26761 complete and 0 interrupted iterations
load-k6-1  | fspiopE2E   [  94% ] 30/30 VUs  5m10.0s/5m30.0s
load-k6-1  | 
load-k6-1  | running (5m11.0s), 30/30 VUs, 26856 complete and 0 interrupted iterations
load-k6-1  | fspiopE2E   [  94% ] 30/30 VUs  5m11.0s/5m30.0s
load-k6-1  | 
load-k6-1  | running (5m12.0s), 30/30 VUs, 26946 complete and 0 interrupted iterations
load-k6-1  | fspiopE2E   [  95% ] 30/30 VUs  5m12.0s/5m30.0s
load-k6-1  | 
load-k6-1  | running (5m13.0s), 30/30 VUs, 27030 complete and 0 interrupted iterations
load-k6-1  | fspiopE2E   [  95% ] 30/30 VUs  5m13.0s/5m30.0s
load-k6-1  | 
load-k6-1  | running (5m14.0s), 30/30 VUs, 27117 complete and 0 interrupted iterations
load-k6-1  | fspiopE2E   [  95% ] 30/30 VUs  5m14.0s/5m30.0s
load-k6-1  | 
load-k6-1  | running (5m15.0s), 30/30 VUs, 27209 complete and 0 interrupted iterations
load-k6-1  | fspiopE2E   [  95% ] 30/30 VUs  5m15.0s/5m30.0s
load-k6-1  | 
load-k6-1  | running (5m16.0s), 30/30 VUs, 27299 complete and 0 interrupted iterations
load-k6-1  | fspiopE2E   [  96% ] 30/30 VUs  5m16.0s/5m30.0s
load-k6-1  | 
load-k6-1  | running (5m17.0s), 30/30 VUs, 27391 complete and 0 interrupted iterations
load-k6-1  | fspiopE2E   [  96% ] 30/30 VUs  5m17.0s/5m30.0s
load-k6-1  | 
load-k6-1  | running (5m18.0s), 30/30 VUs, 27482 complete and 0 interrupted iterations
load-k6-1  | fspiopE2E   [  96% ] 30/30 VUs  5m18.0s/5m30.0s
load-k6-1  | 
load-k6-1  | running (5m19.0s), 30/30 VUs, 27570 complete and 0 interrupted iterations
load-k6-1  | fspiopE2E   [  97% ] 30/30 VUs  5m19.0s/5m30.0s
load-k6-1  | 
load-k6-1  | running (5m20.0s), 30/30 VUs, 27659 complete and 0 interrupted iterations
load-k6-1  | fspiopE2E   [  97% ] 30/30 VUs  5m20.0s/5m30.0s
load-k6-1  | 
load-k6-1  | running (5m21.0s), 30/30 VUs, 27747 complete and 0 interrupted iterations
load-k6-1  | fspiopE2E   [  97% ] 30/30 VUs  5m21.0s/5m30.0s
load-k6-1  | 
load-k6-1  | running (5m22.0s), 30/30 VUs, 27838 complete and 0 interrupted iterations
load-k6-1  | fspiopE2E   [  98% ] 30/30 VUs  5m22.0s/5m30.0s
load-k6-1  | 
load-k6-1  | running (5m23.0s), 30/30 VUs, 27926 complete and 0 interrupted iterations
load-k6-1  | fspiopE2E   [  98% ] 30/30 VUs  5m23.0s/5m30.0s
load-k6-1  | 
load-k6-1  | running (5m24.0s), 30/30 VUs, 28017 complete and 0 interrupted iterations
load-k6-1  | fspiopE2E   [  98% ] 30/30 VUs  5m24.0s/5m30.0s
load-k6-1  | 
load-k6-1  | running (5m25.0s), 30/30 VUs, 28108 complete and 0 interrupted iterations
load-k6-1  | fspiopE2E   [  98% ] 30/30 VUs  5m25.0s/5m30.0s
load-k6-1  | 
load-k6-1  | running (5m26.0s), 30/30 VUs, 28196 complete and 0 interrupted iterations
load-k6-1  | fspiopE2E   [  99% ] 30/30 VUs  5m26.0s/5m30.0s
load-k6-1  | 
load-k6-1  | running (5m27.0s), 30/30 VUs, 28284 complete and 0 interrupted iterations
load-k6-1  | fspiopE2E   [  99% ] 30/30 VUs  5m27.0s/5m30.0s
load-k6-1  | 
load-k6-1  | running (5m28.0s), 30/30 VUs, 28374 complete and 0 interrupted iterations
load-k6-1  | fspiopE2E   [  99% ] 30/30 VUs  5m28.0s/5m30.0s
load-k6-1  | 
load-k6-1  | running (5m29.0s), 30/30 VUs, 28462 complete and 0 interrupted iterations
load-k6-1  | fspiopE2E   [ 100% ] 30/30 VUs  5m29.0s/5m30.0s
load-k6-1  | 
load-k6-1  | running (5m30.0s), 30/30 VUs, 28550 complete and 0 interrupted iterations
load-k6-1  | fspiopE2E   [ 100% ] 30/30 VUs  5m30.0s/5m30.0s
load-k6-1  | 
load-k6-1  |      ✓ ALS_FSPIOP_GET_PARTIES_RESPONSE_IS_202
load-k6-1  |      ✗ ALS_E2E_FSPIOP_GET_PARTIES_SUCCESS
load-k6-1  |       ↳  99% — ✓ 28582 / ✗ 1
load-k6-1  |      ✓ QUOTES_FSPIOP_POST_QUOTES_RESPONSE_IS_202
load-k6-1  |      ✓ QUOTES_E2E_FSPIOP_POST_QUOTES_SUCCESS
load-k6-1  |      ✓ TRANSFERS_FSPIOP_POST_TRANSFERS_RESPONSE_IS_202
load-k6-1  |      ✓ TRANSFERS_E2E_FSPIOP_POST_TRANSFERS_SUCCESS
load-k6-1  | 
load-k6-1  |      █ E2E
load-k6-1  | 
load-k6-1  |      checks.........................: 99.99% ✓ 171493     ✗ 1    
load-k6-1  |      data_received..................: 27 MB  81 kB/s
load-k6-1  |      data_sent......................: 114 MB 344 kB/s
load-k6-1  |      group_duration.................: avg=284.6µs  min=175.43µs med=279.72µs max=9.74ms   p(90)=339.65µs p(95)=359.13µs
load-k6-1  |      http_req_blocked...............: avg=6.75µs   min=2.28µs   med=6.06µs   max=1.01ms   p(90)=8.55µs   p(95)=9.16µs  
load-k6-1  |      http_req_connecting............: avg=194ns    min=0s       med=0s       max=458.77µs p(90)=0s       p(95)=0s      
load-k6-1  |    ✓ http_req_duration..............: avg=2.24ms   min=817.35µs med=2.05ms   max=56.99ms  p(90)=3.53ms   p(95)=3.99ms  
load-k6-1  |        { expected_response:true }...: avg=2.24ms   min=817.35µs med=2.05ms   max=56.99ms  p(90)=3.53ms   p(95)=3.99ms  
load-k6-1  |    ✓ http_req_failed................: 0.00%  ✓ 0          ✗ 85747
load-k6-1  |      http_req_receiving.............: avg=46.48µs  min=9.19µs   med=39.9µs   max=22.53ms  p(90)=67.4µs   p(95)=78.6µs  
load-k6-1  |      http_req_sending...............: avg=28.39µs  min=11.72µs  med=26.83µs  max=1.64ms   p(90)=37.74µs  p(95)=41.27µs 
load-k6-1  |      http_req_tls_handshaking.......: avg=0s       min=0s       med=0s       max=0s       p(90)=0s       p(95)=0s      
load-k6-1  |      http_req_waiting...............: avg=2.17ms   min=765.53µs med=1.97ms   max=56.92ms  p(90)=3.46ms   p(95)=3.92ms  
load-k6-1  |      http_reqs......................: 85747  259.656819/s
load-k6-1  |    ✓ iteration_duration.............: avg=330.74ms min=112.82ms med=335.64ms max=5s       p(90)=358.4ms  p(95)=367.42ms
load-k6-1  |      iterations.....................: 28583  86.554292/s
load-k6-1  |      vus............................: 30     min=1        max=30 
load-k6-1  |      vus_max........................: 30     min=30       max=30 
load-k6-1  |      ws_connecting..................: avg=700.97µs min=284.74µs med=622.61µs max=38.74ms  p(90)=1.03ms   p(95)=1.26ms  
load-k6-1  |      ws_msgs_received...............: 85746  259.653791/s
load-k6-1  |      ws_msgs_sent...................: 85747  259.656819/s
load-k6-1  |      ws_session_duration............: avg=110.3ms  min=10.04ms  med=22.29ms  max=5s       p(90)=305.77ms p(95)=314.18ms
load-k6-1  |      ws_sessions....................: 85747  259.656819/s
load-k6-1  | 
load-k6-1  | 
load-k6-1  | running (5m30.2s), 00/30 VUs, 28583 complete and 0 interrupted iterations
load-k6-1  | fspiopE2E ✓ [ 100% ] 00/30 VUs  5m30s
load-k6-1 exited with code 0
