Attaching to load-k6-1
load-k6-1  | 
load-k6-1  |           /\      |‾‾| /‾‾/   /‾‾/   
load-k6-1  |      /\  /  \     |  |/  /   /  /    
load-k6-1  |     /  \/    \    |     (   /   ‾‾\  
load-k6-1  |    /          \   |  |\  \ |  (‾)  | 
load-k6-1  |   / __________ \  |__| \__\ \_____/ .io
load-k6-1  | 
load-k6-1  | 
load-k6-1  |   execution: local
load-k6-1  |      script: /scripts/index.js
load-k6-1  |      output: Prometheus remote write (http://prometheus:9090/api/v1/write)
load-k6-1  | 
load-k6-1  |   scenarios: (100.00%) 1 scenario, 30 max VUs, 6m0s max duration (incl. graceful stop):
load-k6-1  |            * fspiopTransfers: Up to 30 looping VUs for 5m30s over 2 stages (gracefulRampDown: 30s, exec: fspiopTransfersScenarios, gracefulStop: 30s)
load-k6-1  | 
load-k6-1  | 
load-k6-1  | 
load-k6-1  | running (0m01.0s), 01/30 VUs, 5 complete and 0 interrupted iterations
load-k6-1  | fspiopTransfers   [   0% ] 01/30 VUs  0m01.0s/5m30.0s
load-k6-1  | 
load-k6-1  | 
load-k6-1  | running (0m02.0s), 02/30 VUs, 22 complete and 0 interrupted iterations
load-k6-1  | fspiopTransfers   [   1% ] 02/30 VUs  0m02.0s/5m30.0s
load-k6-1  | 
load-k6-1  | 
load-k6-1  | running (0m03.0s), 03/30 VUs, 57 complete and 0 interrupted iterations
load-k6-1  | fspiopTransfers   [   1% ] 03/30 VUs  0m03.0s/5m30.0s
load-k6-1  | 
load-k6-1  | 
load-k6-1  | running (0m04.0s), 04/30 VUs, 108 complete and 0 interrupted iterations
load-k6-1  | fspiopTransfers   [   1% ] 04/30 VUs  0m04.0s/5m30.0s
load-k6-1  | 
load-k6-1  | 
load-k6-1  | running (0m05.0s), 05/30 VUs, 170 complete and 0 interrupted iterations
load-k6-1  | fspiopTransfers   [   2% ] 05/30 VUs  0m05.0s/5m30.0s
load-k6-1  | 
load-k6-1  | 
load-k6-1  | running (0m06.0s), 06/30 VUs, 242 complete and 0 interrupted iterations
load-k6-1  | fspiopTransfers   [   2% ] 06/30 VUs  0m06.0s/5m30.0s
load-k6-1  | 
load-k6-1  | 
load-k6-1  | running (0m07.0s), 07/30 VUs, 327 complete and 0 interrupted iterations
load-k6-1  | fspiopTransfers   [   2% ] 07/30 VUs  0m07.0s/5m30.0s
load-k6-1  | 
load-k6-1  | 
load-k6-1  | running (0m08.0s), 08/30 VUs, 424 complete and 0 interrupted iterations
load-k6-1  | fspiopTransfers   [   2% ] 08/30 VUs  0m08.0s/5m30.0s
load-k6-1  | 
load-k6-1  | 
load-k6-1  | running (0m09.0s), 09/30 VUs, 531 complete and 0 interrupted iterations
load-k6-1  | fspiopTransfers   [   3% ] 09/30 VUs  0m09.0s/5m30.0s
load-k6-1  | 
load-k6-1  | 
load-k6-1  | running (0m10.0s), 10/30 VUs, 648 complete and 0 interrupted iterations
load-k6-1  | fspiopTransfers   [   3% ] 10/30 VUs  0m10.0s/5m30.0s
load-k6-1  | 
load-k6-1  | 
load-k6-1  | running (0m11.0s), 11/30 VUs, 773 complete and 0 interrupted iterations
load-k6-1  | fspiopTransfers   [   3% ] 11/30 VUs  0m11.0s/5m30.0s
load-k6-1  | 
load-k6-1  | 
load-k6-1  | running (0m12.0s), 12/30 VUs, 904 complete and 0 interrupted iterations
load-k6-1  | fspiopTransfers   [   4% ] 12/30 VUs  0m12.0s/5m30.0s
load-k6-1  | 
load-k6-1  | 
load-k6-1  | running (0m13.0s), 13/30 VUs, 1050 complete and 0 interrupted iterations
load-k6-1  | fspiopTransfers   [   4% ] 13/30 VUs  0m13.0s/5m30.0s
load-k6-1  | 
load-k6-1  | 
load-k6-1  | running (0m14.0s), 14/30 VUs, 1195 complete and 0 interrupted iterations
load-k6-1  | fspiopTransfers   [   4% ] 14/30 VUs  0m14.0s/5m30.0s
load-k6-1  | 
load-k6-1  | 
load-k6-1  | running (0m15.0s), 15/30 VUs, 1344 complete and 0 interrupted iterations
load-k6-1  | fspiopTransfers   [   5% ] 15/30 VUs  0m15.0s/5m30.0s
load-k6-1  | 
load-k6-1  | 
load-k6-1  | running (0m16.0s), 16/30 VUs, 1493 complete and 0 interrupted iterations
load-k6-1  | fspiopTransfers   [   5% ] 16/30 VUs  0m16.0s/5m30.0s
load-k6-1  | 
load-k6-1  | 
load-k6-1  | running (0m17.0s), 17/30 VUs, 1652 complete and 0 interrupted iterations
load-k6-1  | fspiopTransfers   [   5% ] 17/30 VUs  0m17.0s/5m30.0s
load-k6-1  | 
load-k6-1  | 
load-k6-1  | running (0m18.0s), 18/30 VUs, 1807 complete and 0 interrupted iterations
load-k6-1  | fspiopTransfers   [   5% ] 18/30 VUs  0m18.0s/5m30.0s
load-k6-1  | 
load-k6-1  | 
load-k6-1  | running (0m19.0s), 19/30 VUs, 1971 complete and 0 interrupted iterations
load-k6-1  | fspiopTransfers   [   6% ] 19/30 VUs  0m19.0s/5m30.0s
load-k6-1  | 
load-k6-1  | 
load-k6-1  | running (0m20.0s), 20/30 VUs, 2140 complete and 0 interrupted iterations
load-k6-1  | fspiopTransfers   [   6% ] 20/30 VUs  0m20.0s/5m30.0s
load-k6-1  | 
load-k6-1  | 
load-k6-1  | running (0m21.0s), 21/30 VUs, 2299 complete and 0 interrupted iterations
load-k6-1  | fspiopTransfers   [   6% ] 21/30 VUs  0m21.0s/5m30.0s
load-k6-1  | 
load-k6-1  | 
load-k6-1  | running (0m22.0s), 22/30 VUs, 2476 complete and 0 interrupted iterations
load-k6-1  | fspiopTransfers   [   7% ] 22/30 VUs  0m22.0s/5m30.0s
load-k6-1  | 
load-k6-1  | 
load-k6-1  | running (0m23.0s), 23/30 VUs, 2657 complete and 0 interrupted iterations
load-k6-1  | fspiopTransfers   [   7% ] 23/30 VUs  0m23.0s/5m30.0s
load-k6-1  | 
load-k6-1  | 
load-k6-1  | running (0m24.0s), 24/30 VUs, 2843 complete and 0 interrupted iterations
load-k6-1  | fspiopTransfers   [   7% ] 24/30 VUs  0m24.0s/5m30.0s
load-k6-1  | 
load-k6-1  | 
load-k6-1  | running (0m25.0s), 25/30 VUs, 3032 complete and 0 interrupted iterations
load-k6-1  | fspiopTransfers   [   8% ] 25/30 VUs  0m25.0s/5m30.0s
load-k6-1  | 
load-k6-1  | 
load-k6-1  | running (0m26.0s), 26/30 VUs, 3224 complete and 0 interrupted iterations
load-k6-1  | fspiopTransfers   [   8% ] 26/30 VUs  0m26.0s/5m30.0s
load-k6-1  | 
load-k6-1  | 
load-k6-1  | running (0m27.0s), 27/30 VUs, 3416 complete and 0 interrupted iterations
load-k6-1  | fspiopTransfers   [   8% ] 27/30 VUs  0m27.0s/5m30.0s
load-k6-1  | 
load-k6-1  | 
load-k6-1  | running (0m28.0s), 28/30 VUs, 3617 complete and 0 interrupted iterations
load-k6-1  | fspiopTransfers   [   8% ] 28/30 VUs  0m28.0s/5m30.0s
load-k6-1  | 
load-k6-1  | 
load-k6-1  | running (0m29.0s), 29/30 VUs, 3813 complete and 0 interrupted iterations
load-k6-1  | fspiopTransfers   [   9% ] 29/30 VUs  0m29.0s/5m30.0s
load-k6-1  | 
load-k6-1  | 
load-k6-1  | running (0m30.0s), 29/30 VUs, 4018 complete and 0 interrupted iterations
load-k6-1  | fspiopTransfers   [   9% ] 29/30 VUs  0m30.0s/5m30.0s
load-k6-1  | 
load-k6-1  | 
load-k6-1  | running (0m31.0s), 30/30 VUs, 4217 complete and 0 interrupted iterations
load-k6-1  | fspiopTransfers   [   9% ] 30/30 VUs  0m31.0s/5m30.0s
load-k6-1  | 
load-k6-1  | 
load-k6-1  | running (0m32.0s), 30/30 VUs, 4431 complete and 0 interrupted iterations
load-k6-1  | fspiopTransfers   [  10% ] 30/30 VUs  0m32.0s/5m30.0s
load-k6-1  | 
load-k6-1  | 
load-k6-1  | running (0m33.0s), 30/30 VUs, 4636 complete and 0 interrupted iterations
load-k6-1  | fspiopTransfers   [  10% ] 30/30 VUs  0m33.0s/5m30.0s
load-k6-1  | 
load-k6-1  | 
load-k6-1  | running (0m34.0s), 30/30 VUs, 4838 complete and 0 interrupted iterations
load-k6-1  | fspiopTransfers   [  10% ] 30/30 VUs  0m34.0s/5m30.0s
load-k6-1  | 
load-k6-1  | 
load-k6-1  | running (0m35.0s), 30/30 VUs, 5038 complete and 0 interrupted iterations
load-k6-1  | fspiopTransfers   [  11% ] 30/30 VUs  0m35.0s/5m30.0s
load-k6-1  | 
load-k6-1  | 
load-k6-1  | running (0m36.0s), 30/30 VUs, 5246 complete and 0 interrupted iterations
load-k6-1  | fspiopTransfers   [  11% ] 30/30 VUs  0m36.0s/5m30.0s
load-k6-1  | 
load-k6-1  | 
load-k6-1  | running (0m37.0s), 30/30 VUs, 5454 complete and 0 interrupted iterations
load-k6-1  | fspiopTransfers   [  11% ] 30/30 VUs  0m37.0s/5m30.0s
load-k6-1  | 
load-k6-1  | 
load-k6-1  | running (0m38.0s), 30/30 VUs, 5667 complete and 0 interrupted iterations
load-k6-1  | fspiopTransfers   [  12% ] 30/30 VUs  0m38.0s/5m30.0s
load-k6-1  | 
load-k6-1  | 
load-k6-1  | running (0m39.0s), 30/30 VUs, 5883 complete and 0 interrupted iterations
load-k6-1  | fspiopTransfers   [  12% ] 30/30 VUs  0m39.0s/5m30.0s
load-k6-1  | 
load-k6-1  | 
load-k6-1  | running (0m40.0s), 30/30 VUs, 6092 complete and 0 interrupted iterations
load-k6-1  | fspiopTransfers   [  12% ] 30/30 VUs  0m40.0s/5m30.0s
load-k6-1  | 
load-k6-1  | 
load-k6-1  | running (0m41.0s), 30/30 VUs, 6312 complete and 0 interrupted iterations
load-k6-1  | fspiopTransfers   [  12% ] 30/30 VUs  0m41.0s/5m30.0s
load-k6-1  | 
load-k6-1  | 
load-k6-1  | running (0m42.0s), 30/30 VUs, 6528 complete and 0 interrupted iterations
load-k6-1  | fspiopTransfers   [  13% ] 30/30 VUs  0m42.0s/5m30.0s
load-k6-1  | 
load-k6-1  | 
load-k6-1  | running (0m43.0s), 30/30 VUs, 6740 complete and 0 interrupted iterations
load-k6-1  | fspiopTransfers   [  13% ] 30/30 VUs  0m43.0s/5m30.0s
load-k6-1  | 
load-k6-1  | 
load-k6-1  | running (0m44.0s), 30/30 VUs, 6954 complete and 0 interrupted iterations
load-k6-1  | fspiopTransfers   [  13% ] 30/30 VUs  0m44.0s/5m30.0s
load-k6-1  | 
load-k6-1  | 
load-k6-1  | running (0m45.0s), 30/30 VUs, 7165 complete and 0 interrupted iterations
load-k6-1  | fspiopTransfers   [  14% ] 30/30 VUs  0m45.0s/5m30.0s
load-k6-1  | 
load-k6-1  | 
load-k6-1  | running (0m46.0s), 30/30 VUs, 7370 complete and 0 interrupted iterations
load-k6-1  | fspiopTransfers   [  14% ] 30/30 VUs  0m46.0s/5m30.0s
load-k6-1  | 
load-k6-1  | 
load-k6-1  | running (0m47.0s), 30/30 VUs, 7580 complete and 0 interrupted iterations
load-k6-1  | fspiopTransfers   [  14% ] 30/30 VUs  0m47.0s/5m30.0s
load-k6-1  | 
load-k6-1  | 
load-k6-1  | running (0m48.0s), 30/30 VUs, 7801 complete and 0 interrupted iterations
load-k6-1  | fspiopTransfers   [  15% ] 30/30 VUs  0m48.0s/5m30.0s
load-k6-1  | 
load-k6-1  | 
load-k6-1  | running (0m49.0s), 30/30 VUs, 8018 complete and 0 interrupted iterations
load-k6-1  | fspiopTransfers   [  15% ] 30/30 VUs  0m49.0s/5m30.0s
load-k6-1  | 
load-k6-1  | 
load-k6-1  | running (0m50.0s), 30/30 VUs, 8231 complete and 0 interrupted iterations
load-k6-1  | fspiopTransfers   [  15% ] 30/30 VUs  0m50.0s/5m30.0s
load-k6-1  | 
load-k6-1  | 
load-k6-1  | running (0m51.0s), 30/30 VUs, 8441 complete and 0 interrupted iterations
load-k6-1  | fspiopTransfers   [  15% ] 30/30 VUs  0m51.0s/5m30.0s
load-k6-1  | 
load-k6-1  | 
load-k6-1  | running (0m52.0s), 30/30 VUs, 8653 complete and 0 interrupted iterations
load-k6-1  | fspiopTransfers   [  16% ] 30/30 VUs  0m52.0s/5m30.0s
load-k6-1  | 
load-k6-1  | 
load-k6-1  | running (0m53.0s), 30/30 VUs, 8845 complete and 0 interrupted iterations
load-k6-1  | fspiopTransfers   [  16% ] 30/30 VUs  0m53.0s/5m30.0s
load-k6-1  | 
load-k6-1  | 
load-k6-1  | running (0m54.0s), 30/30 VUs, 9053 complete and 0 interrupted iterations
load-k6-1  | fspiopTransfers   [  16% ] 30/30 VUs  0m54.0s/5m30.0s
load-k6-1  | 
load-k6-1  | 
load-k6-1  | running (0m55.0s), 30/30 VUs, 9271 complete and 0 interrupted iterations
load-k6-1  | fspiopTransfers   [  17% ] 30/30 VUs  0m55.0s/5m30.0s
load-k6-1  | 
load-k6-1  | 
load-k6-1  | running (0m56.0s), 30/30 VUs, 9470 complete and 0 interrupted iterations
load-k6-1  | fspiopTransfers   [  17% ] 30/30 VUs  0m56.0s/5m30.0s
load-k6-1  | 
load-k6-1  | 
load-k6-1  | running (0m57.0s), 30/30 VUs, 9687 complete and 0 interrupted iterations
load-k6-1  | fspiopTransfers   [  17% ] 30/30 VUs  0m57.0s/5m30.0s
load-k6-1  | 
load-k6-1  | 
load-k6-1  | running (0m58.0s), 30/30 VUs, 9915 complete and 0 interrupted iterations
load-k6-1  | fspiopTransfers   [  18% ] 30/30 VUs  0m58.0s/5m30.0s
load-k6-1  | 
load-k6-1  | 
load-k6-1  | running (0m59.0s), 30/30 VUs, 10140 complete and 0 interrupted iterations
load-k6-1  | fspiopTransfers   [  18% ] 30/30 VUs  0m59.0s/5m30.0s
load-k6-1  | 
load-k6-1  | 
load-k6-1  | running (1m00.0s), 30/30 VUs, 10353 complete and 0 interrupted iterations
load-k6-1  | fspiopTransfers   [  18% ] 30/30 VUs  1m00.0s/5m30.0s
load-k6-1  | 
load-k6-1  | 
load-k6-1  | running (1m01.0s), 30/30 VUs, 10571 complete and 0 interrupted iterations
load-k6-1  | fspiopTransfers   [  18% ] 30/30 VUs  1m01.0s/5m30.0s
load-k6-1  | 
load-k6-1  | 
load-k6-1  | running (1m02.0s), 30/30 VUs, 10787 complete and 0 interrupted iterations
load-k6-1  | fspiopTransfers   [  19% ] 30/30 VUs  1m02.0s/5m30.0s
load-k6-1  | 
load-k6-1  | 
load-k6-1  | running (1m03.0s), 30/30 VUs, 11010 complete and 0 interrupted iterations
load-k6-1  | fspiopTransfers   [  19% ] 30/30 VUs  1m03.0s/5m30.0s
load-k6-1  | 
load-k6-1  | 
load-k6-1  | running (1m04.0s), 30/30 VUs, 11231 complete and 0 interrupted iterations
load-k6-1  | fspiopTransfers   [  19% ] 30/30 VUs  1m04.0s/5m30.0s
load-k6-1  | 
load-k6-1  | 
load-k6-1  | running (1m05.0s), 30/30 VUs, 11450 complete and 0 interrupted iterations
load-k6-1  | fspiopTransfers   [  20% ] 30/30 VUs  1m05.0s/5m30.0s
load-k6-1  | 
load-k6-1  | 
load-k6-1  | running (1m06.0s), 30/30 VUs, 11651 complete and 0 interrupted iterations
load-k6-1  | fspiopTransfers   [  20% ] 30/30 VUs  1m06.0s/5m30.0s
load-k6-1  | 
load-k6-1  | 
load-k6-1  | running (1m07.0s), 30/30 VUs, 11870 complete and 0 interrupted iterations
load-k6-1  | fspiopTransfers   [  20% ] 30/30 VUs  1m07.0s/5m30.0s
load-k6-1  | 
load-k6-1  | 
load-k6-1  | running (1m08.0s), 30/30 VUs, 12089 complete and 0 interrupted iterations
load-k6-1  | fspiopTransfers   [  21% ] 30/30 VUs  1m08.0s/5m30.0s
load-k6-1  | 
load-k6-1  | 
load-k6-1  | running (1m09.0s), 30/30 VUs, 12307 complete and 0 interrupted iterations
load-k6-1  | fspiopTransfers   [  21% ] 30/30 VUs  1m09.0s/5m30.0s
load-k6-1  | 
load-k6-1  | 
load-k6-1  | running (1m10.0s), 30/30 VUs, 12529 complete and 0 interrupted iterations
load-k6-1  | fspiopTransfers   [  21% ] 30/30 VUs  1m10.0s/5m30.0s
load-k6-1  | 
load-k6-1  | 
load-k6-1  | running (1m11.0s), 30/30 VUs, 12759 complete and 0 interrupted iterations
load-k6-1  | fspiopTransfers   [  22% ] 30/30 VUs  1m11.0s/5m30.0s
load-k6-1  | 
load-k6-1  | 
load-k6-1  | running (1m12.0s), 30/30 VUs, 12978 complete and 0 interrupted iterations
load-k6-1  | fspiopTransfers   [  22% ] 30/30 VUs  1m12.0s/5m30.0s
load-k6-1  | 
load-k6-1  | 
load-k6-1  | running (1m13.0s), 30/30 VUs, 13200 complete and 0 interrupted iterations
load-k6-1  | fspiopTransfers   [  22% ] 30/30 VUs  1m13.0s/5m30.0s
load-k6-1  | 
load-k6-1  | 
load-k6-1  | running (1m14.0s), 30/30 VUs, 13412 complete and 0 interrupted iterations
load-k6-1  | fspiopTransfers   [  22% ] 30/30 VUs  1m14.0s/5m30.0s
load-k6-1  | 
load-k6-1  | 
load-k6-1  | running (1m15.0s), 30/30 VUs, 13634 complete and 0 interrupted iterations
load-k6-1  | fspiopTransfers   [  23% ] 30/30 VUs  1m15.0s/5m30.0s
load-k6-1  | 
load-k6-1  | 
load-k6-1  | running (1m16.0s), 30/30 VUs, 13848 complete and 0 interrupted iterations
load-k6-1  | fspiopTransfers   [  23% ] 30/30 VUs  1m16.0s/5m30.0s
load-k6-1  | 
load-k6-1  | 
load-k6-1  | running (1m17.0s), 30/30 VUs, 14062 complete and 0 interrupted iterations
load-k6-1  | fspiopTransfers   [  23% ] 30/30 VUs  1m17.0s/5m30.0s
load-k6-1  | 
load-k6-1  | 
load-k6-1  | running (1m18.0s), 30/30 VUs, 14277 complete and 0 interrupted iterations
load-k6-1  | fspiopTransfers   [  24% ] 30/30 VUs  1m18.0s/5m30.0s
load-k6-1  | 
load-k6-1  | 
load-k6-1  | running (1m19.0s), 30/30 VUs, 14500 complete and 0 interrupted iterations
load-k6-1  | fspiopTransfers   [  24% ] 30/30 VUs  1m19.0s/5m30.0s
load-k6-1  | 
load-k6-1  | 
load-k6-1  | running (1m20.0s), 30/30 VUs, 14716 complete and 0 interrupted iterations
load-k6-1  | fspiopTransfers   [  24% ] 30/30 VUs  1m20.0s/5m30.0s
load-k6-1  | 
load-k6-1  | 
load-k6-1  | running (1m21.0s), 30/30 VUs, 14940 complete and 0 interrupted iterations
load-k6-1  | fspiopTransfers   [  25% ] 30/30 VUs  1m21.0s/5m30.0s
load-k6-1  | 
load-k6-1  | 
load-k6-1  | running (1m22.0s), 30/30 VUs, 15167 complete and 0 interrupted iterations
load-k6-1  | fspiopTransfers   [  25% ] 30/30 VUs  1m22.0s/5m30.0s
load-k6-1  | 
load-k6-1  | 
load-k6-1  | running (1m23.0s), 30/30 VUs, 15398 complete and 0 interrupted iterations
load-k6-1  | fspiopTransfers   [  25% ] 30/30 VUs  1m23.0s/5m30.0s
load-k6-1  | 
load-k6-1  | 
load-k6-1  | running (1m24.0s), 30/30 VUs, 15610 complete and 0 interrupted iterations
load-k6-1  | fspiopTransfers   [  25% ] 30/30 VUs  1m24.0s/5m30.0s
load-k6-1  | 
load-k6-1  | 
load-k6-1  | running (1m25.0s), 30/30 VUs, 15830 complete and 0 interrupted iterations
load-k6-1  | fspiopTransfers   [  26% ] 30/30 VUs  1m25.0s/5m30.0s
load-k6-1  | 
load-k6-1  | 
load-k6-1  | running (1m26.0s), 30/30 VUs, 16037 complete and 0 interrupted iterations
load-k6-1  | fspiopTransfers   [  26% ] 30/30 VUs  1m26.0s/5m30.0s
load-k6-1  | 
load-k6-1  | 
load-k6-1  | running (1m27.0s), 30/30 VUs, 16255 complete and 0 interrupted iterations
load-k6-1  | fspiopTransfers   [  26% ] 30/30 VUs  1m27.0s/5m30.0s
load-k6-1  | 
load-k6-1  | 
load-k6-1  | running (1m28.0s), 30/30 VUs, 16478 complete and 0 interrupted iterations
load-k6-1  | fspiopTransfers   [  27% ] 30/30 VUs  1m28.0s/5m30.0s
load-k6-1  | 
load-k6-1  | 
load-k6-1  | running (1m29.0s), 30/30 VUs, 16706 complete and 0 interrupted iterations
load-k6-1  | fspiopTransfers   [  27% ] 30/30 VUs  1m29.0s/5m30.0s
load-k6-1  | 
load-k6-1  | 
load-k6-1  | running (1m30.0s), 30/30 VUs, 16940 complete and 0 interrupted iterations
load-k6-1  | fspiopTransfers   [  27% ] 30/30 VUs  1m30.0s/5m30.0s
load-k6-1  | 
load-k6-1  | 
load-k6-1  | running (1m31.0s), 30/30 VUs, 17165 complete and 0 interrupted iterations
load-k6-1  | fspiopTransfers   [  28% ] 30/30 VUs  1m31.0s/5m30.0s
load-k6-1  | 
load-k6-1  | 
load-k6-1  | running (1m32.0s), 30/30 VUs, 17382 complete and 0 interrupted iterations
load-k6-1  | fspiopTransfers   [  28% ] 30/30 VUs  1m32.0s/5m30.0s
load-k6-1  | 
load-k6-1  | 
load-k6-1  | running (1m33.0s), 30/30 VUs, 17614 complete and 0 interrupted iterations
load-k6-1  | fspiopTransfers   [  28% ] 30/30 VUs  1m33.0s/5m30.0s
load-k6-1  | 
load-k6-1  | 
load-k6-1  | running (1m34.0s), 30/30 VUs, 17839 complete and 0 interrupted iterations
load-k6-1  | fspiopTransfers   [  28% ] 30/30 VUs  1m34.0s/5m30.0s
load-k6-1  | 
load-k6-1  | 
load-k6-1  | running (1m35.0s), 30/30 VUs, 18063 complete and 0 interrupted iterations
load-k6-1  | fspiopTransfers   [  29% ] 30/30 VUs  1m35.0s/5m30.0s
load-k6-1  | 
load-k6-1  | 
load-k6-1  | running (1m36.0s), 30/30 VUs, 18274 complete and 0 interrupted iterations
load-k6-1  | fspiopTransfers   [  29% ] 30/30 VUs  1m36.0s/5m30.0s
load-k6-1  | 
load-k6-1  | 
load-k6-1  | running (1m37.0s), 30/30 VUs, 18482 complete and 0 interrupted iterations
load-k6-1  | fspiopTransfers   [  29% ] 30/30 VUs  1m37.0s/5m30.0s
load-k6-1  | 
load-k6-1  | 
load-k6-1  | running (1m38.0s), 30/30 VUs, 18707 complete and 0 interrupted iterations
load-k6-1  | fspiopTransfers   [  30% ] 30/30 VUs  1m38.0s/5m30.0s
load-k6-1  | 
load-k6-1  | 
load-k6-1  | running (1m39.0s), 30/30 VUs, 18939 complete and 0 interrupted iterations
load-k6-1  | fspiopTransfers   [  30% ] 30/30 VUs  1m39.0s/5m30.0s
load-k6-1  | 
load-k6-1  | 
load-k6-1  | running (1m40.0s), 30/30 VUs, 19157 complete and 0 interrupted iterations
load-k6-1  | fspiopTransfers   [  30% ] 30/30 VUs  1m40.0s/5m30.0s
load-k6-1  | 
load-k6-1  | 
load-k6-1  | running (1m41.0s), 30/30 VUs, 19370 complete and 0 interrupted iterations
load-k6-1  | fspiopTransfers   [  31% ] 30/30 VUs  1m41.0s/5m30.0s
load-k6-1  | 
load-k6-1  | 
load-k6-1  | running (1m42.0s), 30/30 VUs, 19597 complete and 0 interrupted iterations
load-k6-1  | fspiopTransfers   [  31% ] 30/30 VUs  1m42.0s/5m30.0s
load-k6-1  | 
load-k6-1  | 
load-k6-1  | running (1m43.0s), 30/30 VUs, 19828 complete and 0 interrupted iterations
load-k6-1  | fspiopTransfers   [  31% ] 30/30 VUs  1m43.0s/5m30.0s
load-k6-1  | 
load-k6-1  | 
load-k6-1  | running (1m44.0s), 30/30 VUs, 20059 complete and 0 interrupted iterations
load-k6-1  | fspiopTransfers   [  32% ] 30/30 VUs  1m44.0s/5m30.0s
load-k6-1  | 
load-k6-1  | 
load-k6-1  | running (1m45.0s), 30/30 VUs, 20274 complete and 0 interrupted iterations
load-k6-1  | fspiopTransfers   [  32% ] 30/30 VUs  1m45.0s/5m30.0s
load-k6-1  | 
load-k6-1  | 
load-k6-1  | running (1m46.0s), 30/30 VUs, 20493 complete and 0 interrupted iterations
load-k6-1  | fspiopTransfers   [  32% ] 30/30 VUs  1m46.0s/5m30.0s
load-k6-1  | 
load-k6-1  | 
load-k6-1  | running (1m47.0s), 30/30 VUs, 20706 complete and 0 interrupted iterations
load-k6-1  | fspiopTransfers   [  32% ] 30/30 VUs  1m47.0s/5m30.0s
load-k6-1  | 
load-k6-1  | 
load-k6-1  | running (1m48.0s), 30/30 VUs, 20939 complete and 0 interrupted iterations
load-k6-1  | fspiopTransfers   [  33% ] 30/30 VUs  1m48.0s/5m30.0s
load-k6-1  | 
load-k6-1  | 
load-k6-1  | running (1m49.0s), 30/30 VUs, 21162 complete and 0 interrupted iterations
load-k6-1  | fspiopTransfers   [  33% ] 30/30 VUs  1m49.0s/5m30.0s
load-k6-1  | 
load-k6-1  | 
load-k6-1  | running (1m50.0s), 30/30 VUs, 21377 complete and 0 interrupted iterations
load-k6-1  | fspiopTransfers   [  33% ] 30/30 VUs  1m50.0s/5m30.0s
load-k6-1  | 
load-k6-1  | 
load-k6-1  | running (1m51.0s), 30/30 VUs, 21601 complete and 0 interrupted iterations
load-k6-1  | fspiopTransfers   [  34% ] 30/30 VUs  1m51.0s/5m30.0s
load-k6-1  | 
load-k6-1  | 
load-k6-1  | running (1m52.0s), 30/30 VUs, 21829 complete and 0 interrupted iterations
load-k6-1  | fspiopTransfers   [  34% ] 30/30 VUs  1m52.0s/5m30.0s
load-k6-1  | 
load-k6-1  | 
load-k6-1  | running (1m53.0s), 30/30 VUs, 22047 complete and 0 interrupted iterations
load-k6-1  | fspiopTransfers   [  34% ] 30/30 VUs  1m53.0s/5m30.0s
load-k6-1  | 
load-k6-1  | 
load-k6-1  | running (1m54.0s), 30/30 VUs, 22261 complete and 0 interrupted iterations
load-k6-1  | fspiopTransfers   [  35% ] 30/30 VUs  1m54.0s/5m30.0s
load-k6-1  | 
load-k6-1  | 
load-k6-1  | running (1m55.0s), 30/30 VUs, 22469 complete and 0 interrupted iterations
load-k6-1  | fspiopTransfers   [  35% ] 30/30 VUs  1m55.0s/5m30.0s
load-k6-1  | 
load-k6-1  | 
load-k6-1  | running (1m56.0s), 30/30 VUs, 22683 complete and 0 interrupted iterations
load-k6-1  | fspiopTransfers   [  35% ] 30/30 VUs  1m56.0s/5m30.0s
load-k6-1  | 
load-k6-1  | 
load-k6-1  | running (1m57.0s), 30/30 VUs, 22910 complete and 0 interrupted iterations
load-k6-1  | fspiopTransfers   [  35% ] 30/30 VUs  1m57.0s/5m30.0s
load-k6-1  | 
load-k6-1  | 
load-k6-1  | running (1m58.0s), 30/30 VUs, 23125 complete and 0 interrupted iterations
load-k6-1  | fspiopTransfers   [  36% ] 30/30 VUs  1m58.0s/5m30.0s
load-k6-1  | 
load-k6-1  | 
load-k6-1  | running (1m59.0s), 30/30 VUs, 23338 complete and 0 interrupted iterations
load-k6-1  | fspiopTransfers   [  36% ] 30/30 VUs  1m59.0s/5m30.0s
load-k6-1  | 
load-k6-1  | 
load-k6-1  | running (2m00.0s), 30/30 VUs, 23545 complete and 0 interrupted iterations
load-k6-1  | fspiopTransfers   [  36% ] 30/30 VUs  2m00.0s/5m30.0s
load-k6-1  | 
load-k6-1  | 
load-k6-1  | running (2m01.0s), 30/30 VUs, 23761 complete and 0 interrupted iterations
load-k6-1  | fspiopTransfers   [  37% ] 30/30 VUs  2m01.0s/5m30.0s
load-k6-1  | 
load-k6-1  | 
load-k6-1  | running (2m02.0s), 30/30 VUs, 23984 complete and 0 interrupted iterations
load-k6-1  | fspiopTransfers   [  37% ] 30/30 VUs  2m02.0s/5m30.0s
load-k6-1  | 
load-k6-1  | 
load-k6-1  | running (2m03.0s), 30/30 VUs, 24203 complete and 0 interrupted iterations
load-k6-1  | fspiopTransfers   [  37% ] 30/30 VUs  2m03.0s/5m30.0s
load-k6-1  | 
load-k6-1  | 
load-k6-1  | running (2m04.0s), 30/30 VUs, 24429 complete and 0 interrupted iterations
load-k6-1  | fspiopTransfers   [  38% ] 30/30 VUs  2m04.0s/5m30.0s
load-k6-1  | 
load-k6-1  | 
load-k6-1  | running (2m05.0s), 30/30 VUs, 24657 complete and 0 interrupted iterations
load-k6-1  | fspiopTransfers   [  38% ] 30/30 VUs  2m05.0s/5m30.0s
load-k6-1  | 
load-k6-1  | 
load-k6-1  | running (2m06.0s), 30/30 VUs, 24871 complete and 0 interrupted iterations
load-k6-1  | fspiopTransfers   [  38% ] 30/30 VUs  2m06.0s/5m30.0s
load-k6-1  | 
load-k6-1  | 
load-k6-1  | running (2m07.0s), 30/30 VUs, 25085 complete and 0 interrupted iterations
load-k6-1  | fspiopTransfers   [  38% ] 30/30 VUs  2m07.0s/5m30.0s
load-k6-1  | 
load-k6-1  | 
load-k6-1  | running (2m08.0s), 30/30 VUs, 25304 complete and 0 interrupted iterations
load-k6-1  | fspiopTransfers   [  39% ] 30/30 VUs  2m08.0s/5m30.0s
load-k6-1  | 
load-k6-1  | 
load-k6-1  | running (2m09.0s), 30/30 VUs, 25513 complete and 0 interrupted iterations
load-k6-1  | fspiopTransfers   [  39% ] 30/30 VUs  2m09.0s/5m30.0s
load-k6-1  | 
load-k6-1  | 
load-k6-1  | running (2m10.0s), 30/30 VUs, 25739 complete and 0 interrupted iterations
load-k6-1  | fspiopTransfers   [  39% ] 30/30 VUs  2m10.0s/5m30.0s
load-k6-1  | 
load-k6-1  | 
load-k6-1  | running (2m11.0s), 30/30 VUs, 25966 complete and 0 interrupted iterations
load-k6-1  | fspiopTransfers   [  40% ] 30/30 VUs  2m11.0s/5m30.0s
load-k6-1  | 
load-k6-1  | 
load-k6-1  | running (2m12.0s), 30/30 VUs, 26191 complete and 0 interrupted iterations
load-k6-1  | fspiopTransfers   [  40% ] 30/30 VUs  2m12.0s/5m30.0s
load-k6-1  | 
load-k6-1  | 
load-k6-1  | running (2m13.0s), 30/30 VUs, 26419 complete and 0 interrupted iterations
load-k6-1  | fspiopTransfers   [  40% ] 30/30 VUs  2m13.0s/5m30.0s
load-k6-1  | 
load-k6-1  | 
load-k6-1  | running (2m14.0s), 30/30 VUs, 26650 complete and 0 interrupted iterations
load-k6-1  | fspiopTransfers   [  41% ] 30/30 VUs  2m14.0s/5m30.0s
load-k6-1  | 
load-k6-1  | 
load-k6-1  | running (2m15.0s), 30/30 VUs, 26871 complete and 0 interrupted iterations
load-k6-1  | fspiopTransfers   [  41% ] 30/30 VUs  2m15.0s/5m30.0s
load-k6-1  | 
load-k6-1  | 
load-k6-1  | running (2m16.0s), 30/30 VUs, 27096 complete and 0 interrupted iterations
load-k6-1  | fspiopTransfers   [  41% ] 30/30 VUs  2m16.0s/5m30.0s
load-k6-1  | 
load-k6-1  | 
load-k6-1  | running (2m17.0s), 30/30 VUs, 27321 complete and 0 interrupted iterations
load-k6-1  | fspiopTransfers   [  42% ] 30/30 VUs  2m17.0s/5m30.0s
load-k6-1  | 
load-k6-1  | 
load-k6-1  | running (2m18.0s), 30/30 VUs, 27532 complete and 0 interrupted iterations
load-k6-1  | fspiopTransfers   [  42% ] 30/30 VUs  2m18.0s/5m30.0s
load-k6-1  | 
load-k6-1  | 
load-k6-1  | running (2m19.0s), 30/30 VUs, 27752 complete and 0 interrupted iterations
load-k6-1  | fspiopTransfers   [  42% ] 30/30 VUs  2m19.0s/5m30.0s
load-k6-1  | 
load-k6-1  | 
load-k6-1  | running (2m20.0s), 30/30 VUs, 27991 complete and 0 interrupted iterations
load-k6-1  | fspiopTransfers   [  42% ] 30/30 VUs  2m20.0s/5m30.0s
load-k6-1  | 
load-k6-1  | 
load-k6-1  | running (2m21.0s), 30/30 VUs, 28220 complete and 0 interrupted iterations
load-k6-1  | fspiopTransfers   [  43% ] 30/30 VUs  2m21.0s/5m30.0s
load-k6-1  | 
load-k6-1  | 
load-k6-1  | running (2m22.0s), 30/30 VUs, 28444 complete and 0 interrupted iterations
load-k6-1  | fspiopTransfers   [  43% ] 30/30 VUs  2m22.0s/5m30.0s
load-k6-1  | 
load-k6-1  | 
load-k6-1  | running (2m23.0s), 30/30 VUs, 28675 complete and 0 interrupted iterations
load-k6-1  | fspiopTransfers   [  43% ] 30/30 VUs  2m23.0s/5m30.0s
load-k6-1  | 
load-k6-1  | 
load-k6-1  | running (2m24.0s), 30/30 VUs, 28890 complete and 0 interrupted iterations
load-k6-1  | fspiopTransfers   [  44% ] 30/30 VUs  2m24.0s/5m30.0s
load-k6-1  | 
load-k6-1  | 
load-k6-1  | running (2m25.0s), 30/30 VUs, 29108 complete and 0 interrupted iterations
load-k6-1  | fspiopTransfers   [  44% ] 30/30 VUs  2m25.0s/5m30.0s
load-k6-1  | 
load-k6-1  | 
load-k6-1  | running (2m26.0s), 30/30 VUs, 29337 complete and 0 interrupted iterations
load-k6-1  | fspiopTransfers   [  44% ] 30/30 VUs  2m26.0s/5m30.0s
load-k6-1  | 
load-k6-1  | 
load-k6-1  | running (2m27.0s), 30/30 VUs, 29559 complete and 0 interrupted iterations
load-k6-1  | fspiopTransfers   [  45% ] 30/30 VUs  2m27.0s/5m30.0s
load-k6-1  | 
load-k6-1  | 
load-k6-1  | running (2m28.0s), 30/30 VUs, 29789 complete and 0 interrupted iterations
load-k6-1  | fspiopTransfers   [  45% ] 30/30 VUs  2m28.0s/5m30.0s
load-k6-1  | 
load-k6-1  | 
load-k6-1  | running (2m29.0s), 30/30 VUs, 30025 complete and 0 interrupted iterations
load-k6-1  | fspiopTransfers   [  45% ] 30/30 VUs  2m29.0s/5m30.0s
load-k6-1  | 
load-k6-1  | 
load-k6-1  | running (2m30.0s), 30/30 VUs, 30241 complete and 0 interrupted iterations
load-k6-1  | fspiopTransfers   [  45% ] 30/30 VUs  2m30.0s/5m30.0s
load-k6-1  | 
load-k6-1  | 
load-k6-1  | running (2m31.0s), 30/30 VUs, 30445 complete and 0 interrupted iterations
load-k6-1  | fspiopTransfers   [  46% ] 30/30 VUs  2m31.0s/5m30.0s
load-k6-1  | 
load-k6-1  | 
load-k6-1  | running (2m32.0s), 30/30 VUs, 30658 complete and 0 interrupted iterations
load-k6-1  | fspiopTransfers   [  46% ] 30/30 VUs  2m32.0s/5m30.0s
load-k6-1  | 
load-k6-1  | 
load-k6-1  | running (2m33.0s), 30/30 VUs, 30894 complete and 0 interrupted iterations
load-k6-1  | fspiopTransfers   [  46% ] 30/30 VUs  2m33.0s/5m30.0s
load-k6-1  | 
load-k6-1  | 
load-k6-1  | running (2m34.0s), 30/30 VUs, 31112 complete and 0 interrupted iterations
load-k6-1  | fspiopTransfers   [  47% ] 30/30 VUs  2m34.0s/5m30.0s
load-k6-1  | 
load-k6-1  | 
load-k6-1  | running (2m35.0s), 30/30 VUs, 31341 complete and 0 interrupted iterations
load-k6-1  | fspiopTransfers   [  47% ] 30/30 VUs  2m35.0s/5m30.0s
load-k6-1  | 
load-k6-1  | 
load-k6-1  | running (2m36.0s), 30/30 VUs, 31574 complete and 0 interrupted iterations
load-k6-1  | fspiopTransfers   [  47% ] 30/30 VUs  2m36.0s/5m30.0s
load-k6-1  | 
load-k6-1  | 
load-k6-1  | running (2m37.0s), 30/30 VUs, 31808 complete and 0 interrupted iterations
load-k6-1  | fspiopTransfers   [  48% ] 30/30 VUs  2m37.0s/5m30.0s
load-k6-1  | 
load-k6-1  | 
load-k6-1  | running (2m38.0s), 30/30 VUs, 32034 complete and 0 interrupted iterations
load-k6-1  | fspiopTransfers   [  48% ] 30/30 VUs  2m38.0s/5m30.0s
load-k6-1  | 
load-k6-1  | 
load-k6-1  | running (2m39.0s), 30/30 VUs, 32264 complete and 0 interrupted iterations
load-k6-1  | fspiopTransfers   [  48% ] 30/30 VUs  2m39.0s/5m30.0s
load-k6-1  | 
load-k6-1  | 
load-k6-1  | running (2m40.0s), 30/30 VUs, 32487 complete and 0 interrupted iterations
load-k6-1  | fspiopTransfers   [  48% ] 30/30 VUs  2m40.0s/5m30.0s
load-k6-1  | 
load-k6-1  | 
load-k6-1  | running (2m41.0s), 30/30 VUs, 32712 complete and 0 interrupted iterations
load-k6-1  | fspiopTransfers   [  49% ] 30/30 VUs  2m41.0s/5m30.0s
load-k6-1  | 
load-k6-1  | 
load-k6-1  | running (2m42.0s), 30/30 VUs, 32944 complete and 0 interrupted iterations
load-k6-1  | fspiopTransfers   [  49% ] 30/30 VUs  2m42.0s/5m30.0s
load-k6-1  | 
load-k6-1  | 
load-k6-1  | running (2m43.0s), 30/30 VUs, 33180 complete and 0 interrupted iterations
load-k6-1  | fspiopTransfers   [  49% ] 30/30 VUs  2m43.0s/5m30.0s
load-k6-1  | 
load-k6-1  | 
load-k6-1  | running (2m44.0s), 30/30 VUs, 33412 complete and 0 interrupted iterations
load-k6-1  | fspiopTransfers   [  50% ] 30/30 VUs  2m44.0s/5m30.0s
load-k6-1  | 
load-k6-1  | 
load-k6-1  | running (2m45.0s), 30/30 VUs, 33636 complete and 0 interrupted iterations
load-k6-1  | fspiopTransfers   [  50% ] 30/30 VUs  2m45.0s/5m30.0s
load-k6-1  | 
load-k6-1  | 
load-k6-1  | running (2m46.0s), 30/30 VUs, 33851 complete and 0 interrupted iterations
load-k6-1  | fspiopTransfers   [  50% ] 30/30 VUs  2m46.0s/5m30.0s
load-k6-1  | 
load-k6-1  | 
load-k6-1  | running (2m47.0s), 30/30 VUs, 34079 complete and 0 interrupted iterations
load-k6-1  | fspiopTransfers   [  51% ] 30/30 VUs  2m47.0s/5m30.0s
load-k6-1  | 
load-k6-1  | 
load-k6-1  | running (2m48.0s), 30/30 VUs, 34312 complete and 0 interrupted iterations
load-k6-1  | fspiopTransfers   [  51% ] 30/30 VUs  2m48.0s/5m30.0s
load-k6-1  | 
load-k6-1  | 
load-k6-1  | running (2m49.0s), 30/30 VUs, 34547 complete and 0 interrupted iterations
load-k6-1  | fspiopTransfers   [  51% ] 30/30 VUs  2m49.0s/5m30.0s
load-k6-1  | 
load-k6-1  | 
load-k6-1  | running (2m50.0s), 30/30 VUs, 34774 complete and 0 interrupted iterations
load-k6-1  | fspiopTransfers   [  52% ] 30/30 VUs  2m50.0s/5m30.0s
load-k6-1  | 
load-k6-1  | 
load-k6-1  | running (2m51.0s), 30/30 VUs, 35009 complete and 0 interrupted iterations
load-k6-1  | fspiopTransfers   [  52% ] 30/30 VUs  2m51.0s/5m30.0s
load-k6-1  | 
load-k6-1  | 
load-k6-1  | running (2m52.0s), 30/30 VUs, 35236 complete and 0 interrupted iterations
load-k6-1  | fspiopTransfers   [  52% ] 30/30 VUs  2m52.0s/5m30.0s
load-k6-1  | 
load-k6-1  | 
load-k6-1  | running (2m53.0s), 30/30 VUs, 35467 complete and 0 interrupted iterations
load-k6-1  | fspiopTransfers   [  52% ] 30/30 VUs  2m53.0s/5m30.0s
load-k6-1  | 
load-k6-1  | 
load-k6-1  | running (2m54.0s), 30/30 VUs, 35696 complete and 0 interrupted iterations
load-k6-1  | fspiopTransfers   [  53% ] 30/30 VUs  2m54.0s/5m30.0s
load-k6-1  | 
load-k6-1  | 
load-k6-1  | running (2m55.0s), 30/30 VUs, 35911 complete and 0 interrupted iterations
load-k6-1  | fspiopTransfers   [  53% ] 30/30 VUs  2m55.0s/5m30.0s
load-k6-1  | 
load-k6-1  | 
load-k6-1  | running (2m56.0s), 30/30 VUs, 36133 complete and 0 interrupted iterations
load-k6-1  | fspiopTransfers   [  53% ] 30/30 VUs  2m56.0s/5m30.0s
load-k6-1  | 
load-k6-1  | 
load-k6-1  | running (2m57.0s), 30/30 VUs, 36363 complete and 0 interrupted iterations
load-k6-1  | fspiopTransfers   [  54% ] 30/30 VUs  2m57.0s/5m30.0s
load-k6-1  | 
load-k6-1  | 
load-k6-1  | running (2m58.0s), 30/30 VUs, 36599 complete and 0 interrupted iterations
load-k6-1  | fspiopTransfers   [  54% ] 30/30 VUs  2m58.0s/5m30.0s
load-k6-1  | 
load-k6-1  | 
load-k6-1  | running (2m59.0s), 30/30 VUs, 36833 complete and 0 interrupted iterations
load-k6-1  | fspiopTransfers   [  54% ] 30/30 VUs  2m59.0s/5m30.0s
load-k6-1  | 
load-k6-1  | 
load-k6-1  | running (3m00.0s), 30/30 VUs, 37050 complete and 0 interrupted iterations
load-k6-1  | fspiopTransfers   [  55% ] 30/30 VUs  3m00.0s/5m30.0s
load-k6-1  | 
load-k6-1  | 
load-k6-1  | running (3m01.0s), 30/30 VUs, 37258 complete and 0 interrupted iterations
load-k6-1  | fspiopTransfers   [  55% ] 30/30 VUs  3m01.0s/5m30.0s
load-k6-1  | 
load-k6-1  | 
load-k6-1  | running (3m02.0s), 30/30 VUs, 37474 complete and 0 interrupted iterations
load-k6-1  | fspiopTransfers   [  55% ] 30/30 VUs  3m02.0s/5m30.0s
load-k6-1  | 
load-k6-1  | 
load-k6-1  | running (3m03.0s), 30/30 VUs, 37686 complete and 0 interrupted iterations
load-k6-1  | fspiopTransfers   [  55% ] 30/30 VUs  3m03.0s/5m30.0s
load-k6-1  | 
load-k6-1  | 
load-k6-1  | running (3m04.0s), 30/30 VUs, 37894 complete and 0 interrupted iterations
load-k6-1  | fspiopTransfers   [  56% ] 30/30 VUs  3m04.0s/5m30.0s
load-k6-1  | 
load-k6-1  | 
load-k6-1  | running (3m05.0s), 30/30 VUs, 38126 complete and 0 interrupted iterations
load-k6-1  | fspiopTransfers   [  56% ] 30/30 VUs  3m05.0s/5m30.0s
load-k6-1  | 
load-k6-1  | 
load-k6-1  | running (3m06.0s), 30/30 VUs, 38353 complete and 0 interrupted iterations
load-k6-1  | fspiopTransfers   [  56% ] 30/30 VUs  3m06.0s/5m30.0s
load-k6-1  | 
load-k6-1  | 
load-k6-1  | running (3m07.0s), 30/30 VUs, 38563 complete and 0 interrupted iterations
load-k6-1  | fspiopTransfers   [  57% ] 30/30 VUs  3m07.0s/5m30.0s
load-k6-1  | 
load-k6-1  | 
load-k6-1  | running (3m08.0s), 30/30 VUs, 38782 complete and 0 interrupted iterations
load-k6-1  | fspiopTransfers   [  57% ] 30/30 VUs  3m08.0s/5m30.0s
load-k6-1  | 
load-k6-1  | 
load-k6-1  | running (3m09.0s), 30/30 VUs, 39011 complete and 0 interrupted iterations
load-k6-1  | fspiopTransfers   [  57% ] 30/30 VUs  3m09.0s/5m30.0s
load-k6-1  | 
load-k6-1  | 
load-k6-1  | running (3m10.0s), 30/30 VUs, 39242 complete and 0 interrupted iterations
load-k6-1  | fspiopTransfers   [  58% ] 30/30 VUs  3m10.0s/5m30.0s
load-k6-1  | 
load-k6-1  | 
load-k6-1  | running (3m11.0s), 30/30 VUs, 39464 complete and 0 interrupted iterations
load-k6-1  | fspiopTransfers   [  58% ] 30/30 VUs  3m11.0s/5m30.0s
load-k6-1  | 
load-k6-1  | 
load-k6-1  | running (3m12.0s), 30/30 VUs, 39693 complete and 0 interrupted iterations
load-k6-1  | fspiopTransfers   [  58% ] 30/30 VUs  3m12.0s/5m30.0s
load-k6-1  | 
load-k6-1  | 
load-k6-1  | running (3m13.0s), 30/30 VUs, 39922 complete and 0 interrupted iterations
load-k6-1  | fspiopTransfers   [  58% ] 30/30 VUs  3m13.0s/5m30.0s
load-k6-1  | 
load-k6-1  | 
load-k6-1  | running (3m14.0s), 30/30 VUs, 40160 complete and 0 interrupted iterations
load-k6-1  | fspiopTransfers   [  59% ] 30/30 VUs  3m14.0s/5m30.0s
load-k6-1  | 
load-k6-1  | 
load-k6-1  | running (3m15.0s), 30/30 VUs, 40392 complete and 0 interrupted iterations
load-k6-1  | fspiopTransfers   [  59% ] 30/30 VUs  3m15.0s/5m30.0s
load-k6-1  | 
load-k6-1  | 
load-k6-1  | running (3m16.0s), 30/30 VUs, 40598 complete and 0 interrupted iterations
load-k6-1  | fspiopTransfers   [  59% ] 30/30 VUs  3m16.0s/5m30.0s
load-k6-1  | 
load-k6-1  | 
load-k6-1  | running (3m17.0s), 30/30 VUs, 40822 complete and 0 interrupted iterations
load-k6-1  | fspiopTransfers   [  60% ] 30/30 VUs  3m17.0s/5m30.0s
load-k6-1  | 
load-k6-1  | 
load-k6-1  | running (3m18.0s), 30/30 VUs, 41044 complete and 0 interrupted iterations
load-k6-1  | fspiopTransfers   [  60% ] 30/30 VUs  3m18.0s/5m30.0s
load-k6-1  | 
load-k6-1  | 
load-k6-1  | running (3m19.0s), 30/30 VUs, 41270 complete and 0 interrupted iterations
load-k6-1  | fspiopTransfers   [  60% ] 30/30 VUs  3m19.0s/5m30.0s
load-k6-1  | 
load-k6-1  | 
load-k6-1  | running (3m20.0s), 30/30 VUs, 41497 complete and 0 interrupted iterations
load-k6-1  | fspiopTransfers   [  61% ] 30/30 VUs  3m20.0s/5m30.0s
load-k6-1  | 
load-k6-1  | 
load-k6-1  | running (3m21.0s), 30/30 VUs, 41724 complete and 0 interrupted iterations
load-k6-1  | fspiopTransfers   [  61% ] 30/30 VUs  3m21.0s/5m30.0s
load-k6-1  | 
load-k6-1  | 
load-k6-1  | running (3m22.0s), 30/30 VUs, 41957 complete and 0 interrupted iterations
load-k6-1  | fspiopTransfers   [  61% ] 30/30 VUs  3m22.0s/5m30.0s
load-k6-1  | 
load-k6-1  | 
load-k6-1  | running (3m23.0s), 30/30 VUs, 42194 complete and 0 interrupted iterations
load-k6-1  | fspiopTransfers   [  62% ] 30/30 VUs  3m23.0s/5m30.0s
load-k6-1  | 
load-k6-1  | 
load-k6-1  | running (3m24.0s), 30/30 VUs, 42420 complete and 0 interrupted iterations
load-k6-1  | fspiopTransfers   [  62% ] 30/30 VUs  3m24.0s/5m30.0s
load-k6-1  | 
load-k6-1  | 
load-k6-1  | running (3m25.0s), 30/30 VUs, 42625 complete and 0 interrupted iterations
load-k6-1  | fspiopTransfers   [  62% ] 30/30 VUs  3m25.0s/5m30.0s
load-k6-1  | 
load-k6-1  | 
load-k6-1  | running (3m26.0s), 30/30 VUs, 42843 complete and 0 interrupted iterations
load-k6-1  | fspiopTransfers   [  62% ] 30/30 VUs  3m26.0s/5m30.0s
load-k6-1  | 
load-k6-1  | 
load-k6-1  | running (3m27.0s), 30/30 VUs, 43060 complete and 0 interrupted iterations
load-k6-1  | fspiopTransfers   [  63% ] 30/30 VUs  3m27.0s/5m30.0s
load-k6-1  | 
load-k6-1  | 
load-k6-1  | running (3m28.0s), 30/30 VUs, 43288 complete and 0 interrupted iterations
load-k6-1  | fspiopTransfers   [  63% ] 30/30 VUs  3m28.0s/5m30.0s
load-k6-1  | 
load-k6-1  | 
load-k6-1  | running (3m29.0s), 30/30 VUs, 43507 complete and 0 interrupted iterations
load-k6-1  | fspiopTransfers   [  63% ] 30/30 VUs  3m29.0s/5m30.0s
load-k6-1  | 
load-k6-1  | 
load-k6-1  | running (3m30.0s), 30/30 VUs, 43728 complete and 0 interrupted iterations
load-k6-1  | fspiopTransfers   [  64% ] 30/30 VUs  3m30.0s/5m30.0s
load-k6-1  | 
load-k6-1  | 
load-k6-1  | running (3m31.0s), 30/30 VUs, 43950 complete and 0 interrupted iterations
load-k6-1  | fspiopTransfers   [  64% ] 30/30 VUs  3m31.0s/5m30.0s
load-k6-1  | 
load-k6-1  | 
load-k6-1  | running (3m32.0s), 30/30 VUs, 44176 complete and 0 interrupted iterations
load-k6-1  | fspiopTransfers   [  64% ] 30/30 VUs  3m32.0s/5m30.0s
load-k6-1  | 
load-k6-1  | 
load-k6-1  | running (3m33.0s), 30/30 VUs, 44383 complete and 0 interrupted iterations
load-k6-1  | fspiopTransfers   [  65% ] 30/30 VUs  3m33.0s/5m30.0s
load-k6-1  | 
load-k6-1  | 
load-k6-1  | running (3m34.0s), 30/30 VUs, 44623 complete and 0 interrupted iterations
load-k6-1  | fspiopTransfers   [  65% ] 30/30 VUs  3m34.0s/5m30.0s
load-k6-1  | 
load-k6-1  | 
load-k6-1  | running (3m35.0s), 30/30 VUs, 44838 complete and 0 interrupted iterations
load-k6-1  | fspiopTransfers   [  65% ] 30/30 VUs  3m35.0s/5m30.0s
load-k6-1  | 
load-k6-1  | 
load-k6-1  | running (3m36.0s), 30/30 VUs, 45026 complete and 0 interrupted iterations
load-k6-1  | fspiopTransfers   [  65% ] 30/30 VUs  3m36.0s/5m30.0s
load-k6-1  | 
load-k6-1  | 
load-k6-1  | running (3m37.0s), 30/30 VUs, 45246 complete and 0 interrupted iterations
load-k6-1  | fspiopTransfers   [  66% ] 30/30 VUs  3m37.0s/5m30.0s
load-k6-1  | 
load-k6-1  | 
load-k6-1  | running (3m38.0s), 30/30 VUs, 45482 complete and 0 interrupted iterations
load-k6-1  | fspiopTransfers   [  66% ] 30/30 VUs  3m38.0s/5m30.0s
load-k6-1  | 
load-k6-1  | 
load-k6-1  | running (3m39.0s), 30/30 VUs, 45716 complete and 0 interrupted iterations
load-k6-1  | fspiopTransfers   [  66% ] 30/30 VUs  3m39.0s/5m30.0s
load-k6-1  | 
load-k6-1  | 
load-k6-1  | running (3m40.0s), 30/30 VUs, 45947 complete and 0 interrupted iterations
load-k6-1  | fspiopTransfers   [  67% ] 30/30 VUs  3m40.0s/5m30.0s
load-k6-1  | 
load-k6-1  | 
load-k6-1  | running (3m41.0s), 30/30 VUs, 46180 complete and 0 interrupted iterations
load-k6-1  | fspiopTransfers   [  67% ] 30/30 VUs  3m41.0s/5m30.0s
load-k6-1  | 
load-k6-1  | 
load-k6-1  | running (3m42.0s), 30/30 VUs, 46400 complete and 0 interrupted iterations
load-k6-1  | fspiopTransfers   [  67% ] 30/30 VUs  3m42.0s/5m30.0s
load-k6-1  | 
load-k6-1  | 
load-k6-1  | running (3m43.0s), 30/30 VUs, 46617 complete and 0 interrupted iterations
load-k6-1  | fspiopTransfers   [  68% ] 30/30 VUs  3m43.0s/5m30.0s
load-k6-1  | 
load-k6-1  | 
load-k6-1  | running (3m44.0s), 30/30 VUs, 46843 complete and 0 interrupted iterations
load-k6-1  | fspiopTransfers   [  68% ] 30/30 VUs  3m44.0s/5m30.0s
load-k6-1  | 
load-k6-1  | 
load-k6-1  | running (3m45.0s), 30/30 VUs, 47079 complete and 0 interrupted iterations
load-k6-1  | fspiopTransfers   [  68% ] 30/30 VUs  3m45.0s/5m30.0s
load-k6-1  | 
load-k6-1  | 
load-k6-1  | running (3m46.0s), 30/30 VUs, 47305 complete and 0 interrupted iterations
load-k6-1  | fspiopTransfers   [  68% ] 30/30 VUs  3m46.0s/5m30.0s
load-k6-1  | 
load-k6-1  | 
load-k6-1  | running (3m47.0s), 30/30 VUs, 47522 complete and 0 interrupted iterations
load-k6-1  | fspiopTransfers   [  69% ] 30/30 VUs  3m47.0s/5m30.0s
load-k6-1  | 
load-k6-1  | 
load-k6-1  | running (3m48.0s), 30/30 VUs, 47752 complete and 0 interrupted iterations
load-k6-1  | fspiopTransfers   [  69% ] 30/30 VUs  3m48.0s/5m30.0s
load-k6-1  | 
load-k6-1  | 
load-k6-1  | running (3m49.0s), 30/30 VUs, 47984 complete and 0 interrupted iterations
load-k6-1  | fspiopTransfers   [  69% ] 30/30 VUs  3m49.0s/5m30.0s
load-k6-1  | 
load-k6-1  | 
load-k6-1  | running (3m50.0s), 30/30 VUs, 48205 complete and 0 interrupted iterations
load-k6-1  | fspiopTransfers   [  70% ] 30/30 VUs  3m50.0s/5m30.0s
load-k6-1  | 
load-k6-1  | 
load-k6-1  | running (3m51.0s), 30/30 VUs, 48427 complete and 0 interrupted iterations
load-k6-1  | fspiopTransfers   [  70% ] 30/30 VUs  3m51.0s/5m30.0s
load-k6-1  | 
load-k6-1  | 
load-k6-1  | running (3m52.0s), 30/30 VUs, 48660 complete and 0 interrupted iterations
load-k6-1  | fspiopTransfers   [  70% ] 30/30 VUs  3m52.0s/5m30.0s
load-k6-1  | 
load-k6-1  | 
load-k6-1  | running (3m53.0s), 30/30 VUs, 48874 complete and 0 interrupted iterations
load-k6-1  | fspiopTransfers   [  71% ] 30/30 VUs  3m53.0s/5m30.0s
load-k6-1  | 
load-k6-1  | 
load-k6-1  | running (3m54.0s), 30/30 VUs, 49092 complete and 0 interrupted iterations
load-k6-1  | fspiopTransfers   [  71% ] 30/30 VUs  3m54.0s/5m30.0s
load-k6-1  | 
load-k6-1  | 
load-k6-1  | running (3m55.0s), 30/30 VUs, 49326 complete and 0 interrupted iterations
load-k6-1  | fspiopTransfers   [  71% ] 30/30 VUs  3m55.0s/5m30.0s
load-k6-1  | 
load-k6-1  | 
load-k6-1  | running (3m56.0s), 30/30 VUs, 49541 complete and 0 interrupted iterations
load-k6-1  | fspiopTransfers   [  72% ] 30/30 VUs  3m56.0s/5m30.0s
load-k6-1  | 
load-k6-1  | 
load-k6-1  | running (3m57.0s), 30/30 VUs, 49763 complete and 0 interrupted iterations
load-k6-1  | fspiopTransfers   [  72% ] 30/30 VUs  3m57.0s/5m30.0s
load-k6-1  | 
load-k6-1  | 
load-k6-1  | running (3m58.0s), 30/30 VUs, 49996 complete and 0 interrupted iterations
load-k6-1  | fspiopTransfers   [  72% ] 30/30 VUs  3m58.0s/5m30.0s
load-k6-1  | 
load-k6-1  | 
load-k6-1  | running (3m59.0s), 30/30 VUs, 50223 complete and 0 interrupted iterations
load-k6-1  | fspiopTransfers   [  72% ] 30/30 VUs  3m59.0s/5m30.0s
load-k6-1  | 
load-k6-1  | 
load-k6-1  | running (4m00.0s), 30/30 VUs, 50451 complete and 0 interrupted iterations
load-k6-1  | fspiopTransfers   [  73% ] 30/30 VUs  4m00.0s/5m30.0s
load-k6-1  | 
load-k6-1  | 
load-k6-1  | running (4m01.0s), 30/30 VUs, 50681 complete and 0 interrupted iterations
load-k6-1  | fspiopTransfers   [  73% ] 30/30 VUs  4m01.0s/5m30.0s
load-k6-1  | 
load-k6-1  | 
load-k6-1  | running (4m02.0s), 30/30 VUs, 50908 complete and 0 interrupted iterations
load-k6-1  | fspiopTransfers   [  73% ] 30/30 VUs  4m02.0s/5m30.0s
load-k6-1  | 
load-k6-1  | 
load-k6-1  | running (4m03.0s), 30/30 VUs, 51135 complete and 0 interrupted iterations
load-k6-1  | fspiopTransfers   [  74% ] 30/30 VUs  4m03.0s/5m30.0s
load-k6-1  | 
load-k6-1  | 
load-k6-1  | running (4m04.0s), 30/30 VUs, 51346 complete and 0 interrupted iterations
load-k6-1  | fspiopTransfers   [  74% ] 30/30 VUs  4m04.0s/5m30.0s
load-k6-1  | 
load-k6-1  | 
load-k6-1  | running (4m05.0s), 30/30 VUs, 51559 complete and 0 interrupted iterations
load-k6-1  | fspiopTransfers   [  74% ] 30/30 VUs  4m05.0s/5m30.0s
load-k6-1  | 
load-k6-1  | 
load-k6-1  | running (4m06.0s), 30/30 VUs, 51772 complete and 0 interrupted iterations
load-k6-1  | fspiopTransfers   [  75% ] 30/30 VUs  4m06.0s/5m30.0s
load-k6-1  | 
load-k6-1  | 
load-k6-1  | running (4m07.0s), 30/30 VUs, 51993 complete and 0 interrupted iterations
load-k6-1  | fspiopTransfers   [  75% ] 30/30 VUs  4m07.0s/5m30.0s
load-k6-1  | 
load-k6-1  | 
load-k6-1  | running (4m08.0s), 30/30 VUs, 52205 complete and 0 interrupted iterations
load-k6-1  | fspiopTransfers   [  75% ] 30/30 VUs  4m08.0s/5m30.0s
load-k6-1  | 
load-k6-1  | 
load-k6-1  | running (4m09.0s), 30/30 VUs, 52424 complete and 0 interrupted iterations
load-k6-1  | fspiopTransfers   [  75% ] 30/30 VUs  4m09.0s/5m30.0s
load-k6-1  | 
load-k6-1  | 
load-k6-1  | running (4m10.0s), 30/30 VUs, 52664 complete and 0 interrupted iterations
load-k6-1  | fspiopTransfers   [  76% ] 30/30 VUs  4m10.0s/5m30.0s
load-k6-1  | 
load-k6-1  | 
load-k6-1  | running (4m11.0s), 30/30 VUs, 52891 complete and 0 interrupted iterations
load-k6-1  | fspiopTransfers   [  76% ] 30/30 VUs  4m11.0s/5m30.0s
load-k6-1  | 
load-k6-1  | 
load-k6-1  | running (4m12.0s), 30/30 VUs, 53121 complete and 0 interrupted iterations
load-k6-1  | fspiopTransfers   [  76% ] 30/30 VUs  4m12.0s/5m30.0s
load-k6-1  | 
load-k6-1  | 
load-k6-1  | running (4m13.0s), 30/30 VUs, 53344 complete and 0 interrupted iterations
load-k6-1  | fspiopTransfers   [  77% ] 30/30 VUs  4m13.0s/5m30.0s
load-k6-1  | 
load-k6-1  | 
load-k6-1  | running (4m14.0s), 30/30 VUs, 53551 complete and 0 interrupted iterations
load-k6-1  | fspiopTransfers   [  77% ] 30/30 VUs  4m14.0s/5m30.0s
load-k6-1  | 
load-k6-1  | 
load-k6-1  | running (4m15.0s), 30/30 VUs, 53775 complete and 0 interrupted iterations
load-k6-1  | fspiopTransfers   [  77% ] 30/30 VUs  4m15.0s/5m30.0s
load-k6-1  | 
load-k6-1  | 
load-k6-1  | running (4m16.0s), 30/30 VUs, 53987 complete and 0 interrupted iterations
load-k6-1  | fspiopTransfers   [  78% ] 30/30 VUs  4m16.0s/5m30.0s
load-k6-1  | 
load-k6-1  | 
load-k6-1  | running (4m17.0s), 30/30 VUs, 54220 complete and 0 interrupted iterations
load-k6-1  | fspiopTransfers   [  78% ] 30/30 VUs  4m17.0s/5m30.0s
load-k6-1  | 
load-k6-1  | 
load-k6-1  | running (4m18.0s), 30/30 VUs, 54457 complete and 0 interrupted iterations
load-k6-1  | fspiopTransfers   [  78% ] 30/30 VUs  4m18.0s/5m30.0s
load-k6-1  | 
load-k6-1  | 
load-k6-1  | running (4m19.0s), 30/30 VUs, 54686 complete and 0 interrupted iterations
load-k6-1  | fspiopTransfers   [  78% ] 30/30 VUs  4m19.0s/5m30.0s
load-k6-1  | 
load-k6-1  | 
load-k6-1  | running (4m20.0s), 30/30 VUs, 54909 complete and 0 interrupted iterations
load-k6-1  | fspiopTransfers   [  79% ] 30/30 VUs  4m20.0s/5m30.0s
load-k6-1  | 
load-k6-1  | 
load-k6-1  | running (4m21.0s), 30/30 VUs, 55143 complete and 0 interrupted iterations
load-k6-1  | fspiopTransfers   [  79% ] 30/30 VUs  4m21.0s/5m30.0s
load-k6-1  | 
load-k6-1  | 
load-k6-1  | running (4m22.0s), 30/30 VUs, 55385 complete and 0 interrupted iterations
load-k6-1  | fspiopTransfers   [  79% ] 30/30 VUs  4m22.0s/5m30.0s
load-k6-1  | 
load-k6-1  | 
load-k6-1  | running (4m23.0s), 30/30 VUs, 55613 complete and 0 interrupted iterations
load-k6-1  | fspiopTransfers   [  80% ] 30/30 VUs  4m23.0s/5m30.0s
load-k6-1  | 
load-k6-1  | 
load-k6-1  | running (4m24.0s), 30/30 VUs, 55835 complete and 0 interrupted iterations
load-k6-1  | fspiopTransfers   [  80% ] 30/30 VUs  4m24.0s/5m30.0s
load-k6-1  | 
load-k6-1  | 
load-k6-1  | running (4m25.0s), 30/30 VUs, 56073 complete and 0 interrupted iterations
load-k6-1  | fspiopTransfers   [  80% ] 30/30 VUs  4m25.0s/5m30.0s
load-k6-1  | 
load-k6-1  | 
load-k6-1  | running (4m26.0s), 30/30 VUs, 56288 complete and 0 interrupted iterations
load-k6-1  | fspiopTransfers   [  81% ] 30/30 VUs  4m26.0s/5m30.0s
load-k6-1  | 
load-k6-1  | 
load-k6-1  | running (4m27.0s), 30/30 VUs, 56513 complete and 0 interrupted iterations
load-k6-1  | fspiopTransfers   [  81% ] 30/30 VUs  4m27.0s/5m30.0s
load-k6-1  | 
load-k6-1  | 
load-k6-1  | running (4m28.0s), 30/30 VUs, 56747 complete and 0 interrupted iterations
load-k6-1  | fspiopTransfers   [  81% ] 30/30 VUs  4m28.0s/5m30.0s
load-k6-1  | 
load-k6-1  | 
load-k6-1  | running (4m29.0s), 30/30 VUs, 56987 complete and 0 interrupted iterations
load-k6-1  | fspiopTransfers   [  82% ] 30/30 VUs  4m29.0s/5m30.0s
load-k6-1  | 
load-k6-1  | 
load-k6-1  | running (4m30.0s), 30/30 VUs, 57212 complete and 0 interrupted iterations
load-k6-1  | fspiopTransfers   [  82% ] 30/30 VUs  4m30.0s/5m30.0s
load-k6-1  | 
load-k6-1  | 
load-k6-1  | running (4m31.0s), 30/30 VUs, 57440 complete and 0 interrupted iterations
load-k6-1  | fspiopTransfers   [  82% ] 30/30 VUs  4m31.0s/5m30.0s
load-k6-1  | 
load-k6-1  | 
load-k6-1  | running (4m32.0s), 30/30 VUs, 57672 complete and 0 interrupted iterations
load-k6-1  | fspiopTransfers   [  82% ] 30/30 VUs  4m32.0s/5m30.0s
load-k6-1  | 
load-k6-1  | 
load-k6-1  | running (4m33.0s), 30/30 VUs, 57900 complete and 0 interrupted iterations
load-k6-1  | fspiopTransfers   [  83% ] 30/30 VUs  4m33.0s/5m30.0s
load-k6-1  | 
load-k6-1  | 
load-k6-1  | running (4m34.0s), 30/30 VUs, 58122 complete and 0 interrupted iterations
load-k6-1  | fspiopTransfers   [  83% ] 30/30 VUs  4m34.0s/5m30.0s
load-k6-1  | 
load-k6-1  | 
load-k6-1  | running (4m35.0s), 30/30 VUs, 58346 complete and 0 interrupted iterations
load-k6-1  | fspiopTransfers   [  83% ] 30/30 VUs  4m35.0s/5m30.0s
load-k6-1  | 
load-k6-1  | 
load-k6-1  | running (4m36.0s), 30/30 VUs, 58580 complete and 0 interrupted iterations
load-k6-1  | fspiopTransfers   [  84% ] 30/30 VUs  4m36.0s/5m30.0s
load-k6-1  | 
load-k6-1  | 
load-k6-1  | running (4m37.0s), 30/30 VUs, 58801 complete and 0 interrupted iterations
load-k6-1  | fspiopTransfers   [  84% ] 30/30 VUs  4m37.0s/5m30.0s
load-k6-1  | 
load-k6-1  | 
load-k6-1  | running (4m38.0s), 30/30 VUs, 59024 complete and 0 interrupted iterations
load-k6-1  | fspiopTransfers   [  84% ] 30/30 VUs  4m38.0s/5m30.0s
load-k6-1  | 
load-k6-1  | 
load-k6-1  | running (4m39.0s), 30/30 VUs, 59248 complete and 0 interrupted iterations
load-k6-1  | fspiopTransfers   [  85% ] 30/30 VUs  4m39.0s/5m30.0s
load-k6-1  | 
load-k6-1  | 
load-k6-1  | running (4m40.0s), 30/30 VUs, 59470 complete and 0 interrupted iterations
load-k6-1  | fspiopTransfers   [  85% ] 30/30 VUs  4m40.0s/5m30.0s
load-k6-1  | 
load-k6-1  | 
load-k6-1  | running (4m41.0s), 30/30 VUs, 59681 complete and 0 interrupted iterations
load-k6-1  | fspiopTransfers   [  85% ] 30/30 VUs  4m41.0s/5m30.0s
load-k6-1  | 
load-k6-1  | 
load-k6-1  | running (4m42.0s), 30/30 VUs, 59909 complete and 0 interrupted iterations
load-k6-1  | fspiopTransfers   [  85% ] 30/30 VUs  4m42.0s/5m30.0s
load-k6-1  | 
load-k6-1  | 
load-k6-1  | running (4m43.0s), 30/30 VUs, 60139 complete and 0 interrupted iterations
load-k6-1  | fspiopTransfers   [  86% ] 30/30 VUs  4m43.0s/5m30.0s
load-k6-1  | 
load-k6-1  | 
load-k6-1  | running (4m44.0s), 30/30 VUs, 60376 complete and 0 interrupted iterations
load-k6-1  | fspiopTransfers   [  86% ] 30/30 VUs  4m44.0s/5m30.0s
load-k6-1  | 
load-k6-1  | 
load-k6-1  | running (4m45.0s), 30/30 VUs, 60615 complete and 0 interrupted iterations
load-k6-1  | fspiopTransfers   [  86% ] 30/30 VUs  4m45.0s/5m30.0s
load-k6-1  | 
load-k6-1  | 
load-k6-1  | running (4m46.0s), 30/30 VUs, 60837 complete and 0 interrupted iterations
load-k6-1  | fspiopTransfers   [  87% ] 30/30 VUs  4m46.0s/5m30.0s
load-k6-1  | 
load-k6-1  | 
load-k6-1  | running (4m47.0s), 30/30 VUs, 61061 complete and 0 interrupted iterations
load-k6-1  | fspiopTransfers   [  87% ] 30/30 VUs  4m47.0s/5m30.0s
load-k6-1  | 
load-k6-1  | 
load-k6-1  | running (4m48.0s), 30/30 VUs, 61304 complete and 0 interrupted iterations
load-k6-1  | fspiopTransfers   [  87% ] 30/30 VUs  4m48.0s/5m30.0s
load-k6-1  | 
load-k6-1  | 
load-k6-1  | running (4m49.0s), 30/30 VUs, 61537 complete and 0 interrupted iterations
load-k6-1  | fspiopTransfers   [  88% ] 30/30 VUs  4m49.0s/5m30.0s
load-k6-1  | 
load-k6-1  | 
load-k6-1  | running (4m50.0s), 30/30 VUs, 61767 complete and 0 interrupted iterations
load-k6-1  | fspiopTransfers   [  88% ] 30/30 VUs  4m50.0s/5m30.0s
load-k6-1  | 
load-k6-1  | 
load-k6-1  | running (4m51.0s), 30/30 VUs, 61979 complete and 0 interrupted iterations
load-k6-1  | fspiopTransfers   [  88% ] 30/30 VUs  4m51.0s/5m30.0s
load-k6-1  | 
load-k6-1  | 
load-k6-1  | running (4m52.0s), 30/30 VUs, 62207 complete and 0 interrupted iterations
load-k6-1  | fspiopTransfers   [  88% ] 30/30 VUs  4m52.0s/5m30.0s
load-k6-1  | 
load-k6-1  | 
load-k6-1  | running (4m53.0s), 30/30 VUs, 62441 complete and 0 interrupted iterations
load-k6-1  | fspiopTransfers   [  89% ] 30/30 VUs  4m53.0s/5m30.0s
load-k6-1  | 
load-k6-1  | 
load-k6-1  | running (4m54.0s), 30/30 VUs, 62673 complete and 0 interrupted iterations
load-k6-1  | fspiopTransfers   [  89% ] 30/30 VUs  4m54.0s/5m30.0s
load-k6-1  | 
load-k6-1  | 
load-k6-1  | running (4m55.0s), 30/30 VUs, 62908 complete and 0 interrupted iterations
load-k6-1  | fspiopTransfers   [  89% ] 30/30 VUs  4m55.0s/5m30.0s
load-k6-1  | 
load-k6-1  | 
load-k6-1  | running (4m56.0s), 30/30 VUs, 63129 complete and 0 interrupted iterations
load-k6-1  | fspiopTransfers   [  90% ] 30/30 VUs  4m56.0s/5m30.0s
load-k6-1  | 
load-k6-1  | 
load-k6-1  | running (4m57.0s), 30/30 VUs, 63352 complete and 0 interrupted iterations
load-k6-1  | fspiopTransfers   [  90% ] 30/30 VUs  4m57.0s/5m30.0s
load-k6-1  | 
load-k6-1  | 
load-k6-1  | running (4m58.0s), 30/30 VUs, 63583 complete and 0 interrupted iterations
load-k6-1  | fspiopTransfers   [  90% ] 30/30 VUs  4m58.0s/5m30.0s
load-k6-1  | 
load-k6-1  | 
load-k6-1  | running (4m59.0s), 30/30 VUs, 63813 complete and 0 interrupted iterations
load-k6-1  | fspiopTransfers   [  91% ] 30/30 VUs  4m59.0s/5m30.0s
load-k6-1  | 
load-k6-1  | 
load-k6-1  | running (5m00.0s), 30/30 VUs, 64053 complete and 0 interrupted iterations
load-k6-1  | fspiopTransfers   [  91% ] 30/30 VUs  5m00.0s/5m30.0s
load-k6-1  | 
load-k6-1  | 
load-k6-1  | running (5m01.0s), 30/30 VUs, 64277 complete and 0 interrupted iterations
load-k6-1  | fspiopTransfers   [  91% ] 30/30 VUs  5m01.0s/5m30.0s
load-k6-1  | 
load-k6-1  | 
load-k6-1  | running (5m02.0s), 30/30 VUs, 64487 complete and 0 interrupted iterations
load-k6-1  | fspiopTransfers   [  92% ] 30/30 VUs  5m02.0s/5m30.0s
load-k6-1  | 
load-k6-1  | 
load-k6-1  | running (5m03.0s), 30/30 VUs, 64732 complete and 0 interrupted iterations
load-k6-1  | fspiopTransfers   [  92% ] 30/30 VUs  5m03.0s/5m30.0s
load-k6-1  | 
load-k6-1  | 
load-k6-1  | running (5m04.0s), 30/30 VUs, 64934 complete and 0 interrupted iterations
load-k6-1  | fspiopTransfers   [  92% ] 30/30 VUs  5m04.0s/5m30.0s
load-k6-1  | 
load-k6-1  | 
load-k6-1  | running (5m05.0s), 30/30 VUs, 65169 complete and 0 interrupted iterations
load-k6-1  | fspiopTransfers   [  92% ] 30/30 VUs  5m05.0s/5m30.0s
load-k6-1  | 
load-k6-1  | 
load-k6-1  | running (5m06.0s), 30/30 VUs, 65391 complete and 0 interrupted iterations
load-k6-1  | fspiopTransfers   [  93% ] 30/30 VUs  5m06.0s/5m30.0s
load-k6-1  | 
load-k6-1  | 
load-k6-1  | running (5m07.0s), 30/30 VUs, 65615 complete and 0 interrupted iterations
load-k6-1  | fspiopTransfers   [  93% ] 30/30 VUs  5m07.0s/5m30.0s
load-k6-1  | 
load-k6-1  | 
load-k6-1  | running (5m08.0s), 30/30 VUs, 65851 complete and 0 interrupted iterations
load-k6-1  | fspiopTransfers   [  93% ] 30/30 VUs  5m08.0s/5m30.0s
load-k6-1  | 
load-k6-1  | 
load-k6-1  | running (5m09.0s), 30/30 VUs, 66081 complete and 0 interrupted iterations
load-k6-1  | fspiopTransfers   [  94% ] 30/30 VUs  5m09.0s/5m30.0s
load-k6-1  | 
load-k6-1  | 
load-k6-1  | running (5m10.0s), 30/30 VUs, 66309 complete and 0 interrupted iterations
load-k6-1  | fspiopTransfers   [  94% ] 30/30 VUs  5m10.0s/5m30.0s
load-k6-1  | 
load-k6-1  | 
load-k6-1  | running (5m11.0s), 30/30 VUs, 66542 complete and 0 interrupted iterations
load-k6-1  | fspiopTransfers   [  94% ] 30/30 VUs  5m11.0s/5m30.0s
load-k6-1  | 
load-k6-1  | 
load-k6-1  | running (5m12.0s), 30/30 VUs, 66773 complete and 0 interrupted iterations
load-k6-1  | fspiopTransfers   [  95% ] 30/30 VUs  5m12.0s/5m30.0s
load-k6-1  | 
load-k6-1  | 
load-k6-1  | running (5m13.0s), 30/30 VUs, 66988 complete and 0 interrupted iterations
load-k6-1  | fspiopTransfers   [  95% ] 30/30 VUs  5m13.0s/5m30.0s
load-k6-1  | 
load-k6-1  | 
load-k6-1  | running (5m14.0s), 30/30 VUs, 67209 complete and 0 interrupted iterations
load-k6-1  | fspiopTransfers   [  95% ] 30/30 VUs  5m14.0s/5m30.0s
load-k6-1  | 
load-k6-1  | 
load-k6-1  | running (5m15.0s), 30/30 VUs, 67431 complete and 0 interrupted iterations
load-k6-1  | fspiopTransfers   [  95% ] 30/30 VUs  5m15.0s/5m30.0s
load-k6-1  | 
load-k6-1  | 
load-k6-1  | running (5m16.0s), 30/30 VUs, 67637 complete and 0 interrupted iterations
load-k6-1  | fspiopTransfers   [  96% ] 30/30 VUs  5m16.0s/5m30.0s
load-k6-1  | 
load-k6-1  | 
load-k6-1  | running (5m17.0s), 30/30 VUs, 67867 complete and 0 interrupted iterations
load-k6-1  | fspiopTransfers   [  96% ] 30/30 VUs  5m17.0s/5m30.0s
load-k6-1  | 
load-k6-1  | 
load-k6-1  | running (5m18.0s), 30/30 VUs, 68095 complete and 0 interrupted iterations
load-k6-1  | fspiopTransfers   [  96% ] 30/30 VUs  5m18.0s/5m30.0s
load-k6-1  | 
load-k6-1  | 
load-k6-1  | running (5m19.0s), 30/30 VUs, 68321 complete and 0 interrupted iterations
load-k6-1  | fspiopTransfers   [  97% ] 30/30 VUs  5m19.0s/5m30.0s
load-k6-1  | 
load-k6-1  | 
load-k6-1  | running (5m20.0s), 30/30 VUs, 68546 complete and 0 interrupted iterations
load-k6-1  | fspiopTransfers   [  97% ] 30/30 VUs  5m20.0s/5m30.0s
load-k6-1  | 
load-k6-1  | 
load-k6-1  | running (5m21.0s), 30/30 VUs, 68771 complete and 0 interrupted iterations
load-k6-1  | fspiopTransfers   [  97% ] 30/30 VUs  5m21.0s/5m30.0s
load-k6-1  | 
load-k6-1  | 
load-k6-1  | running (5m22.0s), 30/30 VUs, 69016 complete and 0 interrupted iterations
load-k6-1  | fspiopTransfers   [  98% ] 30/30 VUs  5m22.0s/5m30.0s
load-k6-1  | 
load-k6-1  | 
load-k6-1  | running (5m23.0s), 30/30 VUs, 69261 complete and 0 interrupted iterations
load-k6-1  | fspiopTransfers   [  98% ] 30/30 VUs  5m23.0s/5m30.0s
load-k6-1  | 
load-k6-1  | 
load-k6-1  | running (5m24.0s), 30/30 VUs, 69503 complete and 0 interrupted iterations
load-k6-1  | fspiopTransfers   [  98% ] 30/30 VUs  5m24.0s/5m30.0s
load-k6-1  | 
load-k6-1  | 
load-k6-1  | running (5m25.0s), 30/30 VUs, 69740 complete and 0 interrupted iterations
load-k6-1  | fspiopTransfers   [  98% ] 30/30 VUs  5m25.0s/5m30.0s
load-k6-1  | 
load-k6-1  | 
load-k6-1  | running (5m26.0s), 30/30 VUs, 69958 complete and 0 interrupted iterations
load-k6-1  | fspiopTransfers   [  99% ] 30/30 VUs  5m26.0s/5m30.0s
load-k6-1  | 
load-k6-1  | 
load-k6-1  | running (5m27.0s), 30/30 VUs, 70167 complete and 0 interrupted iterations
load-k6-1  | fspiopTransfers   [  99% ] 30/30 VUs  5m27.0s/5m30.0s
load-k6-1  | 
load-k6-1  | 
load-k6-1  | running (5m28.0s), 30/30 VUs, 70399 complete and 0 interrupted iterations
load-k6-1  | fspiopTransfers   [  99% ] 30/30 VUs  5m28.0s/5m30.0s
load-k6-1  | 
load-k6-1  | 
load-k6-1  | running (5m29.0s), 30/30 VUs, 70632 complete and 0 interrupted iterations
load-k6-1  | fspiopTransfers   [ 100% ] 30/30 VUs  5m29.0s/5m30.0s
load-k6-1  | 
load-k6-1  | 
load-k6-1  | running (5m30.0s), 30/30 VUs, 70852 complete and 0 interrupted iterations
load-k6-1  | fspiopTransfers   [ 100% ] 30/30 VUs  5m30.0s/5m30.0s
load-k6-1  | 
load-k6-1  | 
load-k6-1  |      ✓ TRANSFERS_FSPIOP_POST_TRANSFERS_RESPONSE_IS_202
load-k6-1  |      ✗ TRANSFERS_E2E_FSPIOP_POST_TRANSFERS_SUCCESS
load-k6-1  |       ↳  99% — ✓ 70882 / ✗ 1
load-k6-1  | 
load-k6-1  |      █ Post Transfers
load-k6-1  | 
load-k6-1  |      checks.........................: 99.99% ✓ 141765     ✗ 1    
load-k6-1  |      data_received..................: 22 MB  67 kB/s
load-k6-1  |      data_sent......................: 147 MB 445 kB/s
load-k6-1  |      group_duration.................: avg=277µs    min=142.31µs med=259.64µs max=21.6ms  p(90)=311.85µs p(95)=354.39µs
load-k6-1  |      http_req_blocked...............: avg=6.36µs   min=1.8µs    med=4.55µs   max=79.93ms p(90)=5.67µs   p(95)=6.12µs  
load-k6-1  |      http_req_connecting............: avg=1.19µs   min=0s       med=0s       max=79.87ms p(90)=0s       p(95)=0s      
load-k6-1  |    ✓ http_req_duration..............: avg=1.95ms   min=865.22µs med=1.75ms   max=78.69ms p(90)=2.63ms   p(95)=3.14ms  
load-k6-1  |        { expected_response:true }...: avg=1.95ms   min=865.22µs med=1.75ms   max=78.69ms p(90)=2.63ms   p(95)=3.14ms  
load-k6-1  |    ✓ http_req_failed................: 0.00%  ✓ 0          ✗ 70883
load-k6-1  |      http_req_receiving.............: avg=37.07µs  min=8.06µs   med=33.29µs  max=20.26ms p(90)=46.07µs  p(95)=51.09µs 
load-k6-1  |      http_req_sending...............: avg=25.06µs  min=9.44µs   med=21.79µs  max=39.95ms p(90)=29.13µs  p(95)=33.53µs 
load-k6-1  |      http_req_tls_handshaking.......: avg=0s       min=0s       med=0s       max=0s      p(90)=0s       p(95)=0s      
load-k6-1  |      http_req_waiting...............: avg=1.89ms   min=818.86µs med=1.69ms   max=78.63ms p(90)=2.57ms   p(95)=3.07ms  
load-k6-1  |      http_reqs......................: 70883  214.728029/s
load-k6-1  |    ✓ iteration_duration.............: avg=133.31ms min=66.52ms  med=129.2ms  max=2s      p(90)=179.17ms p(95)=195.12ms
load-k6-1  |      iterations.....................: 70883  214.728029/s
load-k6-1  |      vus............................: 30     min=1        max=30 
load-k6-1  |      vus_max........................: 30     min=30       max=30 
load-k6-1  |      ws_connecting..................: avg=887.56µs min=264.16µs med=703.96µs max=33.02ms p(90)=1.45ms   p(95)=1.87ms  
load-k6-1  |      ws_msgs_received...............: 70882  214.724999/s
load-k6-1  |      ws_msgs_sent...................: 70883  214.728029/s
load-k6-1  |      ws_session_duration............: avg=132.93ms min=66.16ms  med=128.84ms max=2s      p(90)=178.75ms p(95)=194.76ms
load-k6-1  |      ws_sessions....................: 70883  214.728029/s
load-k6-1  | 
load-k6-1  | 
load-k6-1  | running (5m30.1s), 00/30 VUs, 70883 complete and 0 interrupted iterations
load-k6-1  | fspiopTransfers ✓ [ 100% ] 00/30 VUs  5m30s
load-k6-1  | 
load-k6-1 exited with code 0
