Attaching to load-k6-1
load-k6-1  | 
load-k6-1  |           /\      |‾‾| /‾‾/   /‾‾/   
load-k6-1  |      /\  /  \     |  |/  /   /  /    
load-k6-1  |     /  \/    \    |     (   /   ‾‾\  
load-k6-1  |    /          \   |  |\  \ |  (‾)  | 
load-k6-1  |   / __________ \  |__| \__\ \_____/ .io
load-k6-1  | 
load-k6-1  | 
load-k6-1  |   execution: local
load-k6-1  |      script: /scripts/index.js
load-k6-1  |      output: Prometheus remote write (http://prometheus:9090/api/v1/write)
load-k6-1  | 
load-k6-1  |   scenarios: (100.00%) 1 scenario, 6 max VUs, 6m0s max duration (incl. graceful stop):
load-k6-1  |            * fspiopTransfers: Up to 6 looping VUs for 5m30s over 2 stages (gracefulRampDown: 30s, exec: fspiopTransfersScenarios, gracefulStop: 30s)
load-k6-1  | 
load-k6-1  | 
load-k6-1  | 
load-k6-1  | running (0m01.0s), 1/6 VUs, 0 complete and 0 interrupted iterations
load-k6-1  | fspiopTransfers   [   0% ] 1/6 VUs  0m01.0s/5m30.0s
load-k6-1  | 
load-k6-1  | 
load-k6-1  | running (0m02.0s), 1/6 VUs, 0 complete and 0 interrupted iterations
load-k6-1  | fspiopTransfers   [   1% ] 1/6 VUs  0m02.0s/5m30.0s
load-k6-1  | 
load-k6-1  | 
load-k6-1  | running (0m03.0s), 1/6 VUs, 0 complete and 0 interrupted iterations
load-k6-1  | fspiopTransfers   [   1% ] 1/6 VUs  0m03.0s/5m30.0s
load-k6-1  | 
load-k6-1  | 
load-k6-1  | running (0m04.0s), 1/6 VUs, 0 complete and 0 interrupted iterations
load-k6-1  | fspiopTransfers   [   1% ] 1/6 VUs  0m04.0s/5m30.0s
load-k6-1  | 
load-k6-1  | 
load-k6-1  | running (0m05.0s), 1/6 VUs, 0 complete and 0 interrupted iterations
load-k6-1  | fspiopTransfers   [   2% ] 1/6 VUs  0m05.0s/5m30.0s
load-k6-1  | 
load-k6-1  | 
load-k6-1  | running (0m06.0s), 1/6 VUs, 1 complete and 0 interrupted iterations
load-k6-1  | fspiopTransfers   [   2% ] 1/6 VUs  0m06.0s/5m30.0s
load-k6-1  | 
load-k6-1  | 
load-k6-1  | running (0m07.0s), 2/6 VUs, 1 complete and 0 interrupted iterations
load-k6-1  | fspiopTransfers   [   2% ] 2/6 VUs  0m07.0s/5m30.0s
load-k6-1  | 
load-k6-1  | 
load-k6-1  | running (0m08.0s), 2/6 VUs, 3 complete and 0 interrupted iterations
load-k6-1  | fspiopTransfers   [   2% ] 2/6 VUs  0m08.0s/5m30.0s
load-k6-1  | 
load-k6-1  | 
load-k6-1  | running (0m09.0s), 2/6 VUs, 5 complete and 0 interrupted iterations
load-k6-1  | fspiopTransfers   [   3% ] 2/6 VUs  0m09.0s/5m30.0s
load-k6-1  | 
load-k6-1  | 
load-k6-1  | running (0m10.0s), 2/6 VUs, 5 complete and 0 interrupted iterations
load-k6-1  | fspiopTransfers   [   3% ] 2/6 VUs  0m10.0s/5m30.0s
load-k6-1  | 
load-k6-1  | 
load-k6-1  | running (0m11.0s), 2/6 VUs, 7 complete and 0 interrupted iterations
load-k6-1  | fspiopTransfers   [   3% ] 2/6 VUs  0m11.0s/5m30.0s
load-k6-1  | 
load-k6-1  | 
load-k6-1  | running (0m12.0s), 2/6 VUs, 7 complete and 0 interrupted iterations
load-k6-1  | fspiopTransfers   [   4% ] 2/6 VUs  0m12.0s/5m30.0s
load-k6-1  | 
load-k6-1  | 
load-k6-1  | running (0m13.0s), 3/6 VUs, 7 complete and 0 interrupted iterations
load-k6-1  | fspiopTransfers   [   4% ] 3/6 VUs  0m13.0s/5m30.0s
load-k6-1  | 
load-k6-1  | 
load-k6-1  | running (0m14.0s), 3/6 VUs, 10 complete and 0 interrupted iterations
load-k6-1  | fspiopTransfers   [   4% ] 3/6 VUs  0m14.0s/5m30.0s
load-k6-1  | 
load-k6-1  | 
load-k6-1  | running (0m15.0s), 3/6 VUs, 10 complete and 0 interrupted iterations
load-k6-1  | fspiopTransfers   [   5% ] 3/6 VUs  0m15.0s/5m30.0s
load-k6-1  | 
load-k6-1  | 
load-k6-1  | running (0m16.0s), 3/6 VUs, 13 complete and 0 interrupted iterations
load-k6-1  | fspiopTransfers   [   5% ] 3/6 VUs  0m16.0s/5m30.0s
load-k6-1  | 
load-k6-1  | 
load-k6-1  | running (0m17.0s), 3/6 VUs, 16 complete and 0 interrupted iterations
load-k6-1  | fspiopTransfers   [   5% ] 3/6 VUs  0m17.0s/5m30.0s
load-k6-1  | 
load-k6-1  | 
load-k6-1  | running (0m18.0s), 3/6 VUs, 16 complete and 0 interrupted iterations
load-k6-1  | fspiopTransfers   [   5% ] 3/6 VUs  0m18.0s/5m30.0s
load-k6-1  | 
load-k6-1  | 
load-k6-1  | running (0m19.0s), 4/6 VUs, 44 complete and 0 interrupted iterations
load-k6-1  | fspiopTransfers   [   6% ] 4/6 VUs  0m19.0s/5m30.0s
load-k6-1  | 
load-k6-1  | 
load-k6-1  | running (0m20.0s), 4/6 VUs, 72 complete and 0 interrupted iterations
load-k6-1  | fspiopTransfers   [   6% ] 4/6 VUs  0m20.0s/5m30.0s
load-k6-1  | 
load-k6-1  | 
load-k6-1  | running (0m21.0s), 4/6 VUs, 102 complete and 0 interrupted iterations
load-k6-1  | fspiopTransfers   [   6% ] 4/6 VUs  0m21.0s/5m30.0s
load-k6-1  | 
load-k6-1  | 
load-k6-1  | running (0m22.0s), 4/6 VUs, 132 complete and 0 interrupted iterations
load-k6-1  | fspiopTransfers   [   7% ] 4/6 VUs  0m22.0s/5m30.0s
load-k6-1  | 
load-k6-1  | 
load-k6-1  | running (0m23.0s), 4/6 VUs, 162 complete and 0 interrupted iterations
load-k6-1  | fspiopTransfers   [   7% ] 4/6 VUs  0m23.0s/5m30.0s
load-k6-1  | 
load-k6-1  | 
load-k6-1  | running (0m24.0s), 4/6 VUs, 192 complete and 0 interrupted iterations
load-k6-1  | fspiopTransfers   [   7% ] 4/6 VUs  0m24.0s/5m30.0s
load-k6-1  | 
load-k6-1  | 
load-k6-1  | running (0m25.0s), 5/6 VUs, 228 complete and 0 interrupted iterations
load-k6-1  | fspiopTransfers   [   8% ] 5/6 VUs  0m25.0s/5m30.0s
load-k6-1  | 
load-k6-1  | 
load-k6-1  | running (0m26.0s), 5/6 VUs, 265 complete and 0 interrupted iterations
load-k6-1  | fspiopTransfers   [   8% ] 5/6 VUs  0m26.0s/5m30.0s
load-k6-1  | 
load-k6-1  | 
load-k6-1  | running (0m27.0s), 5/6 VUs, 303 complete and 0 interrupted iterations
load-k6-1  | fspiopTransfers   [   8% ] 5/6 VUs  0m27.0s/5m30.0s
load-k6-1  | 
load-k6-1  | 
load-k6-1  | running (0m28.0s), 5/6 VUs, 340 complete and 0 interrupted iterations
load-k6-1  | fspiopTransfers   [   8% ] 5/6 VUs  0m28.0s/5m30.0s
load-k6-1  | 
load-k6-1  | 
load-k6-1  | running (0m29.0s), 5/6 VUs, 376 complete and 0 interrupted iterations
load-k6-1  | fspiopTransfers   [   9% ] 5/6 VUs  0m29.0s/5m30.0s
load-k6-1  | 
load-k6-1  | 
load-k6-1  | running (0m30.0s), 5/6 VUs, 414 complete and 0 interrupted iterations
load-k6-1  | fspiopTransfers   [   9% ] 5/6 VUs  0m30.0s/5m30.0s
load-k6-1  | 
load-k6-1  | 
load-k6-1  | running (0m31.0s), 6/6 VUs, 456 complete and 0 interrupted iterations
load-k6-1  | fspiopTransfers   [   9% ] 6/6 VUs  0m31.0s/5m30.0s
load-k6-1  | 
load-k6-1  | 
load-k6-1  | running (0m32.0s), 6/6 VUs, 498 complete and 0 interrupted iterations
load-k6-1  | fspiopTransfers   [  10% ] 6/6 VUs  0m32.0s/5m30.0s
load-k6-1  | 
load-k6-1  | 
load-k6-1  | running (0m33.0s), 6/6 VUs, 542 complete and 0 interrupted iterations
load-k6-1  | fspiopTransfers   [  10% ] 6/6 VUs  0m33.0s/5m30.0s
load-k6-1  | 
load-k6-1  | 
load-k6-1  | running (0m34.0s), 6/6 VUs, 582 complete and 0 interrupted iterations
load-k6-1  | fspiopTransfers   [  10% ] 6/6 VUs  0m34.0s/5m30.0s
load-k6-1  | 
load-k6-1  | 
load-k6-1  | running (0m35.0s), 6/6 VUs, 628 complete and 0 interrupted iterations
load-k6-1  | fspiopTransfers   [  11% ] 6/6 VUs  0m35.0s/5m30.0s
load-k6-1  | 
load-k6-1  | 
load-k6-1  | running (0m36.0s), 6/6 VUs, 670 complete and 0 interrupted iterations
load-k6-1  | fspiopTransfers   [  11% ] 6/6 VUs  0m36.0s/5m30.0s
load-k6-1  | 
load-k6-1  | 
load-k6-1  | running (0m37.0s), 6/6 VUs, 715 complete and 0 interrupted iterations
load-k6-1  | fspiopTransfers   [  11% ] 6/6 VUs  0m37.0s/5m30.0s
load-k6-1  | 
load-k6-1  | 
load-k6-1  | running (0m38.0s), 6/6 VUs, 761 complete and 0 interrupted iterations
load-k6-1  | fspiopTransfers   [  12% ] 6/6 VUs  0m38.0s/5m30.0s
load-k6-1  | 
load-k6-1  | 
load-k6-1  | running (0m39.0s), 6/6 VUs, 804 complete and 0 interrupted iterations
load-k6-1  | fspiopTransfers   [  12% ] 6/6 VUs  0m39.0s/5m30.0s
load-k6-1  | 
load-k6-1  | 
load-k6-1  | running (0m40.0s), 6/6 VUs, 849 complete and 0 interrupted iterations
load-k6-1  | fspiopTransfers   [  12% ] 6/6 VUs  0m40.0s/5m30.0s
load-k6-1  | 
load-k6-1  | 
load-k6-1  | running (0m41.0s), 6/6 VUs, 892 complete and 0 interrupted iterations
load-k6-1  | fspiopTransfers   [  12% ] 6/6 VUs  0m41.0s/5m30.0s
load-k6-1  | 
load-k6-1  | 
load-k6-1  | running (0m42.0s), 6/6 VUs, 938 complete and 0 interrupted iterations
load-k6-1  | fspiopTransfers   [  13% ] 6/6 VUs  0m42.0s/5m30.0s
load-k6-1  | 
load-k6-1  | 
load-k6-1  | running (0m43.0s), 6/6 VUs, 983 complete and 0 interrupted iterations
load-k6-1  | fspiopTransfers   [  13% ] 6/6 VUs  0m43.0s/5m30.0s
load-k6-1  | 
load-k6-1  | 
load-k6-1  | running (0m44.0s), 6/6 VUs, 1031 complete and 0 interrupted iterations
load-k6-1  | fspiopTransfers   [  13% ] 6/6 VUs  0m44.0s/5m30.0s
load-k6-1  | 
load-k6-1  | 
load-k6-1  | running (0m45.0s), 6/6 VUs, 1079 complete and 0 interrupted iterations
load-k6-1  | fspiopTransfers   [  14% ] 6/6 VUs  0m45.0s/5m30.0s
load-k6-1  | 
load-k6-1  | 
load-k6-1  | running (0m46.0s), 6/6 VUs, 1124 complete and 0 interrupted iterations
load-k6-1  | fspiopTransfers   [  14% ] 6/6 VUs  0m46.0s/5m30.0s
load-k6-1  | 
load-k6-1  | 
load-k6-1  | running (0m47.0s), 6/6 VUs, 1171 complete and 0 interrupted iterations
load-k6-1  | fspiopTransfers   [  14% ] 6/6 VUs  0m47.0s/5m30.0s
load-k6-1  | 
load-k6-1  | 
load-k6-1  | running (0m48.0s), 6/6 VUs, 1219 complete and 0 interrupted iterations
load-k6-1  | fspiopTransfers   [  15% ] 6/6 VUs  0m48.0s/5m30.0s
load-k6-1  | 
load-k6-1  | 
load-k6-1  | running (0m49.0s), 6/6 VUs, 1266 complete and 0 interrupted iterations
load-k6-1  | fspiopTransfers   [  15% ] 6/6 VUs  0m49.0s/5m30.0s
load-k6-1  | 
load-k6-1  | 
load-k6-1  | running (0m50.0s), 6/6 VUs, 1311 complete and 0 interrupted iterations
load-k6-1  | fspiopTransfers   [  15% ] 6/6 VUs  0m50.0s/5m30.0s
load-k6-1  | 
load-k6-1  | 
load-k6-1  | running (0m51.0s), 6/6 VUs, 1358 complete and 0 interrupted iterations
load-k6-1  | fspiopTransfers   [  15% ] 6/6 VUs  0m51.0s/5m30.0s
load-k6-1  | 
load-k6-1  | 
load-k6-1  | running (0m52.0s), 6/6 VUs, 1403 complete and 0 interrupted iterations
load-k6-1  | fspiopTransfers   [  16% ] 6/6 VUs  0m52.0s/5m30.0s
load-k6-1  | 
load-k6-1  | 
load-k6-1  | running (0m53.0s), 6/6 VUs, 1449 complete and 0 interrupted iterations
load-k6-1  | fspiopTransfers   [  16% ] 6/6 VUs  0m53.0s/5m30.0s
load-k6-1  | 
load-k6-1  | 
load-k6-1  | running (0m54.0s), 6/6 VUs, 1494 complete and 0 interrupted iterations
load-k6-1  | fspiopTransfers   [  16% ] 6/6 VUs  0m54.0s/5m30.0s
load-k6-1  | 
load-k6-1  | 
load-k6-1  | running (0m55.0s), 6/6 VUs, 1539 complete and 0 interrupted iterations
load-k6-1  | fspiopTransfers   [  17% ] 6/6 VUs  0m55.0s/5m30.0s
load-k6-1  | 
load-k6-1  | 
load-k6-1  | running (0m56.0s), 6/6 VUs, 1584 complete and 0 interrupted iterations
load-k6-1  | fspiopTransfers   [  17% ] 6/6 VUs  0m56.0s/5m30.0s
load-k6-1  | 
load-k6-1  | 
load-k6-1  | running (0m57.0s), 6/6 VUs, 1629 complete and 0 interrupted iterations
load-k6-1  | fspiopTransfers   [  17% ] 6/6 VUs  0m57.0s/5m30.0s
load-k6-1  | 
load-k6-1  | 
load-k6-1  | running (0m58.0s), 6/6 VUs, 1675 complete and 0 interrupted iterations
load-k6-1  | fspiopTransfers   [  18% ] 6/6 VUs  0m58.0s/5m30.0s
load-k6-1  | 
load-k6-1  | 
load-k6-1  | running (0m59.0s), 6/6 VUs, 1720 complete and 0 interrupted iterations
load-k6-1  | fspiopTransfers   [  18% ] 6/6 VUs  0m59.0s/5m30.0s
load-k6-1  | 
load-k6-1  | 
load-k6-1  | running (1m00.0s), 6/6 VUs, 1766 complete and 0 interrupted iterations
load-k6-1  | fspiopTransfers   [  18% ] 6/6 VUs  1m00.0s/5m30.0s
load-k6-1  | 
load-k6-1  | 
load-k6-1  | running (1m01.0s), 6/6 VUs, 1812 complete and 0 interrupted iterations
load-k6-1  | fspiopTransfers   [  18% ] 6/6 VUs  1m01.0s/5m30.0s
load-k6-1  | 
load-k6-1  | 
load-k6-1  | running (1m02.0s), 6/6 VUs, 1856 complete and 0 interrupted iterations
load-k6-1  | fspiopTransfers   [  19% ] 6/6 VUs  1m02.0s/5m30.0s
load-k6-1  | 
load-k6-1  | 
load-k6-1  | running (1m03.0s), 6/6 VUs, 1899 complete and 0 interrupted iterations
load-k6-1  | fspiopTransfers   [  19% ] 6/6 VUs  1m03.0s/5m30.0s
load-k6-1  | 
load-k6-1  | 
load-k6-1  | running (1m04.0s), 6/6 VUs, 1942 complete and 0 interrupted iterations
load-k6-1  | fspiopTransfers   [  19% ] 6/6 VUs  1m04.0s/5m30.0s
load-k6-1  | 
load-k6-1  | 
load-k6-1  | running (1m05.0s), 6/6 VUs, 1987 complete and 0 interrupted iterations
load-k6-1  | fspiopTransfers   [  20% ] 6/6 VUs  1m05.0s/5m30.0s
load-k6-1  | 
load-k6-1  | 
load-k6-1  | running (1m06.0s), 6/6 VUs, 2032 complete and 0 interrupted iterations
load-k6-1  | fspiopTransfers   [  20% ] 6/6 VUs  1m06.0s/5m30.0s
load-k6-1  | 
load-k6-1  | 
load-k6-1  | running (1m07.0s), 6/6 VUs, 2078 complete and 0 interrupted iterations
load-k6-1  | fspiopTransfers   [  20% ] 6/6 VUs  1m07.0s/5m30.0s
load-k6-1  | 
load-k6-1  | 
load-k6-1  | running (1m08.0s), 6/6 VUs, 2125 complete and 0 interrupted iterations
load-k6-1  | fspiopTransfers   [  21% ] 6/6 VUs  1m08.0s/5m30.0s
load-k6-1  | 
load-k6-1  | 
load-k6-1  | running (1m09.0s), 6/6 VUs, 2173 complete and 0 interrupted iterations
load-k6-1  | fspiopTransfers   [  21% ] 6/6 VUs  1m09.0s/5m30.0s
load-k6-1  | 
load-k6-1  | 
load-k6-1  | running (1m10.0s), 6/6 VUs, 2219 complete and 0 interrupted iterations
load-k6-1  | fspiopTransfers   [  21% ] 6/6 VUs  1m10.0s/5m30.0s
load-k6-1  | 
load-k6-1  | 
load-k6-1  | running (1m11.0s), 6/6 VUs, 2262 complete and 0 interrupted iterations
load-k6-1  | fspiopTransfers   [  22% ] 6/6 VUs  1m11.0s/5m30.0s
load-k6-1  | 
load-k6-1  | 
load-k6-1  | running (1m12.0s), 6/6 VUs, 2307 complete and 0 interrupted iterations
load-k6-1  | fspiopTransfers   [  22% ] 6/6 VUs  1m12.0s/5m30.0s
load-k6-1  | 
load-k6-1  | 
load-k6-1  | running (1m13.0s), 6/6 VUs, 2352 complete and 0 interrupted iterations
load-k6-1  | fspiopTransfers   [  22% ] 6/6 VUs  1m13.0s/5m30.0s
load-k6-1  | 
load-k6-1  | 
load-k6-1  | running (1m14.0s), 6/6 VUs, 2400 complete and 0 interrupted iterations
load-k6-1  | fspiopTransfers   [  22% ] 6/6 VUs  1m14.0s/5m30.0s
load-k6-1  | 
load-k6-1  | 
load-k6-1  | running (1m15.0s), 6/6 VUs, 2445 complete and 0 interrupted iterations
load-k6-1  | fspiopTransfers   [  23% ] 6/6 VUs  1m15.0s/5m30.0s
load-k6-1  | 
load-k6-1  | 
load-k6-1  | running (1m16.0s), 6/6 VUs, 2493 complete and 0 interrupted iterations
load-k6-1  | fspiopTransfers   [  23% ] 6/6 VUs  1m16.0s/5m30.0s
load-k6-1  | 
load-k6-1  | 
load-k6-1  | running (1m17.0s), 6/6 VUs, 2539 complete and 0 interrupted iterations
load-k6-1  | fspiopTransfers   [  23% ] 6/6 VUs  1m17.0s/5m30.0s
load-k6-1  | 
load-k6-1  | 
load-k6-1  | running (1m18.0s), 6/6 VUs, 2587 complete and 0 interrupted iterations
load-k6-1  | fspiopTransfers   [  24% ] 6/6 VUs  1m18.0s/5m30.0s
load-k6-1  | 
load-k6-1  | 
load-k6-1  | running (1m19.0s), 6/6 VUs, 2632 complete and 0 interrupted iterations
load-k6-1  | fspiopTransfers   [  24% ] 6/6 VUs  1m19.0s/5m30.0s
load-k6-1  | 
load-k6-1  | 
load-k6-1  | running (1m20.0s), 6/6 VUs, 2678 complete and 0 interrupted iterations
load-k6-1  | fspiopTransfers   [  24% ] 6/6 VUs  1m20.0s/5m30.0s
load-k6-1  | 
load-k6-1  | 
load-k6-1  | running (1m21.0s), 6/6 VUs, 2725 complete and 0 interrupted iterations
load-k6-1  | fspiopTransfers   [  25% ] 6/6 VUs  1m21.0s/5m30.0s
load-k6-1  | 
load-k6-1  | 
load-k6-1  | running (1m22.0s), 6/6 VUs, 2773 complete and 0 interrupted iterations
load-k6-1  | fspiopTransfers   [  25% ] 6/6 VUs  1m22.0s/5m30.0s
load-k6-1  | 
load-k6-1  | 
load-k6-1  | running (1m23.0s), 6/6 VUs, 2819 complete and 0 interrupted iterations
load-k6-1  | fspiopTransfers   [  25% ] 6/6 VUs  1m23.0s/5m30.0s
load-k6-1  | 
load-k6-1  | 
load-k6-1  | running (1m24.0s), 6/6 VUs, 2867 complete and 0 interrupted iterations
load-k6-1  | fspiopTransfers   [  25% ] 6/6 VUs  1m24.0s/5m30.0s
load-k6-1  | 
load-k6-1  | 
load-k6-1  | running (1m25.0s), 6/6 VUs, 2915 complete and 0 interrupted iterations
load-k6-1  | fspiopTransfers   [  26% ] 6/6 VUs  1m25.0s/5m30.0s
load-k6-1  | 
load-k6-1  | 
load-k6-1  | running (1m26.0s), 6/6 VUs, 2963 complete and 0 interrupted iterations
load-k6-1  | fspiopTransfers   [  26% ] 6/6 VUs  1m26.0s/5m30.0s
load-k6-1  | 
load-k6-1  | 
load-k6-1  | running (1m27.0s), 6/6 VUs, 3011 complete and 0 interrupted iterations
load-k6-1  | fspiopTransfers   [  26% ] 6/6 VUs  1m27.0s/5m30.0s
load-k6-1  | 
load-k6-1  | 
load-k6-1  | running (1m28.0s), 6/6 VUs, 3056 complete and 0 interrupted iterations
load-k6-1  | fspiopTransfers   [  27% ] 6/6 VUs  1m28.0s/5m30.0s
load-k6-1  | 
load-k6-1  | 
load-k6-1  | running (1m29.0s), 6/6 VUs, 3102 complete and 0 interrupted iterations
load-k6-1  | fspiopTransfers   [  27% ] 6/6 VUs  1m29.0s/5m30.0s
load-k6-1  | 
load-k6-1  | 
load-k6-1  | running (1m30.0s), 6/6 VUs, 3149 complete and 0 interrupted iterations
load-k6-1  | fspiopTransfers   [  27% ] 6/6 VUs  1m30.0s/5m30.0s
load-k6-1  | 
load-k6-1  | 
load-k6-1  | running (1m31.0s), 6/6 VUs, 3197 complete and 0 interrupted iterations
load-k6-1  | fspiopTransfers   [  28% ] 6/6 VUs  1m31.0s/5m30.0s
load-k6-1  | 
load-k6-1  | 
load-k6-1  | running (1m32.0s), 6/6 VUs, 3243 complete and 0 interrupted iterations
load-k6-1  | fspiopTransfers   [  28% ] 6/6 VUs  1m32.0s/5m30.0s
load-k6-1  | 
load-k6-1  | 
load-k6-1  | running (1m33.0s), 6/6 VUs, 3291 complete and 0 interrupted iterations
load-k6-1  | fspiopTransfers   [  28% ] 6/6 VUs  1m33.0s/5m30.0s
load-k6-1  | 
load-k6-1  | 
load-k6-1  | running (1m34.0s), 6/6 VUs, 3339 complete and 0 interrupted iterations
load-k6-1  | fspiopTransfers   [  28% ] 6/6 VUs  1m34.0s/5m30.0s
load-k6-1  | 
load-k6-1  | 
load-k6-1  | running (1m35.0s), 6/6 VUs, 3382 complete and 0 interrupted iterations
load-k6-1  | fspiopTransfers   [  29% ] 6/6 VUs  1m35.0s/5m30.0s
load-k6-1  | 
load-k6-1  | 
load-k6-1  | running (1m36.0s), 6/6 VUs, 3429 complete and 0 interrupted iterations
load-k6-1  | fspiopTransfers   [  29% ] 6/6 VUs  1m36.0s/5m30.0s
load-k6-1  | 
load-k6-1  | 
load-k6-1  | running (1m37.0s), 6/6 VUs, 3475 complete and 0 interrupted iterations
load-k6-1  | fspiopTransfers   [  29% ] 6/6 VUs  1m37.0s/5m30.0s
load-k6-1  | 
load-k6-1  | 
load-k6-1  | running (1m38.0s), 6/6 VUs, 3523 complete and 0 interrupted iterations
load-k6-1  | fspiopTransfers   [  30% ] 6/6 VUs  1m38.0s/5m30.0s
load-k6-1  | 
load-k6-1  | 
load-k6-1  | running (1m39.0s), 6/6 VUs, 3571 complete and 0 interrupted iterations
load-k6-1  | fspiopTransfers   [  30% ] 6/6 VUs  1m39.0s/5m30.0s
load-k6-1  | 
load-k6-1  | 
load-k6-1  | running (1m40.0s), 6/6 VUs, 3619 complete and 0 interrupted iterations
load-k6-1  | fspiopTransfers   [  30% ] 6/6 VUs  1m40.0s/5m30.0s
load-k6-1  | 
load-k6-1  | 
load-k6-1  | running (1m41.0s), 6/6 VUs, 3664 complete and 0 interrupted iterations
load-k6-1  | fspiopTransfers   [  31% ] 6/6 VUs  1m41.0s/5m30.0s
load-k6-1  | 
load-k6-1  | 
load-k6-1  | running (1m42.0s), 6/6 VUs, 3712 complete and 0 interrupted iterations
load-k6-1  | fspiopTransfers   [  31% ] 6/6 VUs  1m42.0s/5m30.0s
load-k6-1  | 
load-k6-1  | 
load-k6-1  | running (1m43.0s), 6/6 VUs, 3763 complete and 0 interrupted iterations
load-k6-1  | fspiopTransfers   [  31% ] 6/6 VUs  1m43.0s/5m30.0s
load-k6-1  | 
load-k6-1  | 
load-k6-1  | running (1m44.0s), 6/6 VUs, 3811 complete and 0 interrupted iterations
load-k6-1  | fspiopTransfers   [  32% ] 6/6 VUs  1m44.0s/5m30.0s
load-k6-1  | 
load-k6-1  | 
load-k6-1  | running (1m45.0s), 6/6 VUs, 3861 complete and 0 interrupted iterations
load-k6-1  | fspiopTransfers   [  32% ] 6/6 VUs  1m45.0s/5m30.0s
load-k6-1  | 
load-k6-1  | 
load-k6-1  | running (1m46.0s), 6/6 VUs, 3910 complete and 0 interrupted iterations
load-k6-1  | fspiopTransfers   [  32% ] 6/6 VUs  1m46.0s/5m30.0s
load-k6-1  | 
load-k6-1  | 
load-k6-1  | running (1m47.0s), 6/6 VUs, 3958 complete and 0 interrupted iterations
load-k6-1  | fspiopTransfers   [  32% ] 6/6 VUs  1m47.0s/5m30.0s
load-k6-1  | 
load-k6-1  | 
load-k6-1  | running (1m48.0s), 6/6 VUs, 4008 complete and 0 interrupted iterations
load-k6-1  | fspiopTransfers   [  33% ] 6/6 VUs  1m48.0s/5m30.0s
load-k6-1  | 
load-k6-1  | 
load-k6-1  | running (1m49.0s), 6/6 VUs, 4056 complete and 0 interrupted iterations
load-k6-1  | fspiopTransfers   [  33% ] 6/6 VUs  1m49.0s/5m30.0s
load-k6-1  | 
load-k6-1  | 
load-k6-1  | running (1m50.0s), 6/6 VUs, 4104 complete and 0 interrupted iterations
load-k6-1  | fspiopTransfers   [  33% ] 6/6 VUs  1m50.0s/5m30.0s
load-k6-1  | 
load-k6-1  | 
load-k6-1  | running (1m51.0s), 6/6 VUs, 4150 complete and 0 interrupted iterations
load-k6-1  | fspiopTransfers   [  34% ] 6/6 VUs  1m51.0s/5m30.0s
load-k6-1  | 
load-k6-1  | 
load-k6-1  | running (1m52.0s), 6/6 VUs, 4197 complete and 0 interrupted iterations
load-k6-1  | fspiopTransfers   [  34% ] 6/6 VUs  1m52.0s/5m30.0s
load-k6-1  | 
load-k6-1  | 
load-k6-1  | running (1m53.0s), 6/6 VUs, 4245 complete and 0 interrupted iterations
load-k6-1  | fspiopTransfers   [  34% ] 6/6 VUs  1m53.0s/5m30.0s
load-k6-1  | 
load-k6-1  | 
load-k6-1  | running (1m54.0s), 6/6 VUs, 4293 complete and 0 interrupted iterations
load-k6-1  | fspiopTransfers   [  35% ] 6/6 VUs  1m54.0s/5m30.0s
load-k6-1  | 
load-k6-1  | 
load-k6-1  | running (1m55.0s), 6/6 VUs, 4339 complete and 0 interrupted iterations
load-k6-1  | fspiopTransfers   [  35% ] 6/6 VUs  1m55.0s/5m30.0s
load-k6-1  | 
load-k6-1  | 
load-k6-1  | running (1m56.0s), 6/6 VUs, 4387 complete and 0 interrupted iterations
load-k6-1  | fspiopTransfers   [  35% ] 6/6 VUs  1m56.0s/5m30.0s
load-k6-1  | 
load-k6-1  | 
load-k6-1  | running (1m57.0s), 6/6 VUs, 4435 complete and 0 interrupted iterations
load-k6-1  | fspiopTransfers   [  35% ] 6/6 VUs  1m57.0s/5m30.0s
load-k6-1  | 
load-k6-1  | 
load-k6-1  | running (1m58.0s), 6/6 VUs, 4483 complete and 0 interrupted iterations
load-k6-1  | fspiopTransfers   [  36% ] 6/6 VUs  1m58.0s/5m30.0s
load-k6-1  | 
load-k6-1  | 
load-k6-1  | running (1m59.0s), 6/6 VUs, 4531 complete and 0 interrupted iterations
load-k6-1  | fspiopTransfers   [  36% ] 6/6 VUs  1m59.0s/5m30.0s
load-k6-1  | 
load-k6-1  | 
load-k6-1  | running (2m00.0s), 6/6 VUs, 4579 complete and 0 interrupted iterations
load-k6-1  | fspiopTransfers   [  36% ] 6/6 VUs  2m00.0s/5m30.0s
load-k6-1  | 
load-k6-1  | 
load-k6-1  | running (2m01.0s), 6/6 VUs, 4627 complete and 0 interrupted iterations
load-k6-1  | fspiopTransfers   [  37% ] 6/6 VUs  2m01.0s/5m30.0s
load-k6-1  | 
load-k6-1  | 
load-k6-1  | running (2m02.0s), 6/6 VUs, 4675 complete and 0 interrupted iterations
load-k6-1  | fspiopTransfers   [  37% ] 6/6 VUs  2m02.0s/5m30.0s
load-k6-1  | 
load-k6-1  | 
load-k6-1  | running (2m03.0s), 6/6 VUs, 4723 complete and 0 interrupted iterations
load-k6-1  | fspiopTransfers   [  37% ] 6/6 VUs  2m03.0s/5m30.0s
load-k6-1  | 
load-k6-1  | 
load-k6-1  | running (2m04.0s), 6/6 VUs, 4768 complete and 0 interrupted iterations
load-k6-1  | fspiopTransfers   [  38% ] 6/6 VUs  2m04.0s/5m30.0s
load-k6-1  | 
load-k6-1  | 
load-k6-1  | running (2m05.0s), 6/6 VUs, 4816 complete and 0 interrupted iterations
load-k6-1  | fspiopTransfers   [  38% ] 6/6 VUs  2m05.0s/5m30.0s
load-k6-1  | 
load-k6-1  | 
load-k6-1  | running (2m06.0s), 6/6 VUs, 4861 complete and 0 interrupted iterations
load-k6-1  | fspiopTransfers   [  38% ] 6/6 VUs  2m06.0s/5m30.0s
load-k6-1  | 
load-k6-1  | 
load-k6-1  | running (2m07.0s), 6/6 VUs, 4907 complete and 0 interrupted iterations
load-k6-1  | fspiopTransfers   [  38% ] 6/6 VUs  2m07.0s/5m30.0s
load-k6-1  | 
load-k6-1  | 
load-k6-1  | running (2m08.0s), 6/6 VUs, 4950 complete and 0 interrupted iterations
load-k6-1  | fspiopTransfers   [  39% ] 6/6 VUs  2m08.0s/5m30.0s
load-k6-1  | 
load-k6-1  | 
load-k6-1  | running (2m09.0s), 6/6 VUs, 4997 complete and 0 interrupted iterations
load-k6-1  | fspiopTransfers   [  39% ] 6/6 VUs  2m09.0s/5m30.0s
load-k6-1  | 
load-k6-1  | 
load-k6-1  | running (2m10.0s), 6/6 VUs, 5045 complete and 0 interrupted iterations
load-k6-1  | fspiopTransfers   [  39% ] 6/6 VUs  2m10.0s/5m30.0s
load-k6-1  | 
load-k6-1  | 
load-k6-1  | running (2m11.0s), 6/6 VUs, 5091 complete and 0 interrupted iterations
load-k6-1  | fspiopTransfers   [  40% ] 6/6 VUs  2m11.0s/5m30.0s
load-k6-1  | 
load-k6-1  | 
load-k6-1  | running (2m12.0s), 6/6 VUs, 5136 complete and 0 interrupted iterations
load-k6-1  | fspiopTransfers   [  40% ] 6/6 VUs  2m12.0s/5m30.0s
load-k6-1  | 
load-k6-1  | 
load-k6-1  | running (2m13.0s), 6/6 VUs, 5182 complete and 0 interrupted iterations
load-k6-1  | fspiopTransfers   [  40% ] 6/6 VUs  2m13.0s/5m30.0s
load-k6-1  | 
load-k6-1  | 
load-k6-1  | running (2m14.0s), 6/6 VUs, 5229 complete and 0 interrupted iterations
load-k6-1  | fspiopTransfers   [  41% ] 6/6 VUs  2m14.0s/5m30.0s
load-k6-1  | 
load-k6-1  | 
load-k6-1  | running (2m15.0s), 6/6 VUs, 5275 complete and 0 interrupted iterations
load-k6-1  | fspiopTransfers   [  41% ] 6/6 VUs  2m15.0s/5m30.0s
load-k6-1  | 
load-k6-1  | 
load-k6-1  | running (2m16.0s), 6/6 VUs, 5321 complete and 0 interrupted iterations
load-k6-1  | fspiopTransfers   [  41% ] 6/6 VUs  2m16.0s/5m30.0s
load-k6-1  | 
load-k6-1  | 
load-k6-1  | running (2m17.0s), 6/6 VUs, 5366 complete and 0 interrupted iterations
load-k6-1  | fspiopTransfers   [  42% ] 6/6 VUs  2m17.0s/5m30.0s
load-k6-1  | 
load-k6-1  | 
load-k6-1  | running (2m18.0s), 6/6 VUs, 5413 complete and 0 interrupted iterations
load-k6-1  | fspiopTransfers   [  42% ] 6/6 VUs  2m18.0s/5m30.0s
load-k6-1  | 
load-k6-1  | 
load-k6-1  | running (2m19.0s), 6/6 VUs, 5461 complete and 0 interrupted iterations
load-k6-1  | fspiopTransfers   [  42% ] 6/6 VUs  2m19.0s/5m30.0s
load-k6-1  | 
load-k6-1  | 
load-k6-1  | running (2m20.0s), 6/6 VUs, 5504 complete and 0 interrupted iterations
load-k6-1  | fspiopTransfers   [  42% ] 6/6 VUs  2m20.0s/5m30.0s
load-k6-1  | 
load-k6-1  | 
load-k6-1  | running (2m21.0s), 6/6 VUs, 5552 complete and 0 interrupted iterations
load-k6-1  | fspiopTransfers   [  43% ] 6/6 VUs  2m21.0s/5m30.0s
load-k6-1  | 
load-k6-1  | 
load-k6-1  | running (2m22.0s), 6/6 VUs, 5598 complete and 0 interrupted iterations
load-k6-1  | fspiopTransfers   [  43% ] 6/6 VUs  2m22.0s/5m30.0s
load-k6-1  | 
load-k6-1  | 
load-k6-1  | running (2m23.0s), 6/6 VUs, 5646 complete and 0 interrupted iterations
load-k6-1  | fspiopTransfers   [  43% ] 6/6 VUs  2m23.0s/5m30.0s
load-k6-1  | 
load-k6-1  | 
load-k6-1  | running (2m24.0s), 6/6 VUs, 5693 complete and 0 interrupted iterations
load-k6-1  | fspiopTransfers   [  44% ] 6/6 VUs  2m24.0s/5m30.0s
load-k6-1  | 
load-k6-1  | 
load-k6-1  | running (2m25.0s), 6/6 VUs, 5741 complete and 0 interrupted iterations
load-k6-1  | fspiopTransfers   [  44% ] 6/6 VUs  2m25.0s/5m30.0s
load-k6-1  | 
load-k6-1  | 
load-k6-1  | running (2m26.0s), 6/6 VUs, 5787 complete and 0 interrupted iterations
load-k6-1  | fspiopTransfers   [  44% ] 6/6 VUs  2m26.0s/5m30.0s
load-k6-1  | 
load-k6-1  | 
load-k6-1  | running (2m27.0s), 6/6 VUs, 5832 complete and 0 interrupted iterations
load-k6-1  | fspiopTransfers   [  45% ] 6/6 VUs  2m27.0s/5m30.0s
load-k6-1  | 
load-k6-1  | 
load-k6-1  | running (2m28.0s), 6/6 VUs, 5878 complete and 0 interrupted iterations
load-k6-1  | fspiopTransfers   [  45% ] 6/6 VUs  2m28.0s/5m30.0s
load-k6-1  | 
load-k6-1  | 
load-k6-1  | running (2m29.0s), 6/6 VUs, 5925 complete and 0 interrupted iterations
load-k6-1  | fspiopTransfers   [  45% ] 6/6 VUs  2m29.0s/5m30.0s
load-k6-1  | 
load-k6-1  | 
load-k6-1  | running (2m30.0s), 6/6 VUs, 5968 complete and 0 interrupted iterations
load-k6-1  | fspiopTransfers   [  45% ] 6/6 VUs  2m30.0s/5m30.0s
load-k6-1  | 
load-k6-1  | 
load-k6-1  | running (2m31.0s), 6/6 VUs, 6014 complete and 0 interrupted iterations
load-k6-1  | fspiopTransfers   [  46% ] 6/6 VUs  2m31.0s/5m30.0s
load-k6-1  | 
load-k6-1  | 
load-k6-1  | running (2m32.0s), 6/6 VUs, 6061 complete and 0 interrupted iterations
load-k6-1  | fspiopTransfers   [  46% ] 6/6 VUs  2m32.0s/5m30.0s
load-k6-1  | 
load-k6-1  | 
load-k6-1  | running (2m33.0s), 6/6 VUs, 6107 complete and 0 interrupted iterations
load-k6-1  | fspiopTransfers   [  46% ] 6/6 VUs  2m33.0s/5m30.0s
load-k6-1  | 
load-k6-1  | 
load-k6-1  | running (2m34.0s), 6/6 VUs, 6150 complete and 0 interrupted iterations
load-k6-1  | fspiopTransfers   [  47% ] 6/6 VUs  2m34.0s/5m30.0s
load-k6-1  | 
load-k6-1  | 
load-k6-1  | running (2m35.0s), 6/6 VUs, 6197 complete and 0 interrupted iterations
load-k6-1  | fspiopTransfers   [  47% ] 6/6 VUs  2m35.0s/5m30.0s
load-k6-1  | 
load-k6-1  | 
load-k6-1  | running (2m36.0s), 6/6 VUs, 6243 complete and 0 interrupted iterations
load-k6-1  | fspiopTransfers   [  47% ] 6/6 VUs  2m36.0s/5m30.0s
load-k6-1  | 
load-k6-1  | 
load-k6-1  | running (2m37.0s), 6/6 VUs, 6286 complete and 0 interrupted iterations
load-k6-1  | fspiopTransfers   [  48% ] 6/6 VUs  2m37.0s/5m30.0s
load-k6-1  | 
load-k6-1  | 
load-k6-1  | running (2m38.0s), 6/6 VUs, 6333 complete and 0 interrupted iterations
load-k6-1  | fspiopTransfers   [  48% ] 6/6 VUs  2m38.0s/5m30.0s
load-k6-1  | 
load-k6-1  | 
load-k6-1  | running (2m39.0s), 6/6 VUs, 6381 complete and 0 interrupted iterations
load-k6-1  | fspiopTransfers   [  48% ] 6/6 VUs  2m39.0s/5m30.0s
load-k6-1  | 
load-k6-1  | 
load-k6-1  | running (2m40.0s), 6/6 VUs, 6427 complete and 0 interrupted iterations
load-k6-1  | fspiopTransfers   [  48% ] 6/6 VUs  2m40.0s/5m30.0s
load-k6-1  | 
load-k6-1  | 
load-k6-1  | running (2m41.0s), 6/6 VUs, 6475 complete and 0 interrupted iterations
load-k6-1  | fspiopTransfers   [  49% ] 6/6 VUs  2m41.0s/5m30.0s
load-k6-1  | 
load-k6-1  | 
load-k6-1  | running (2m42.0s), 6/6 VUs, 6520 complete and 0 interrupted iterations
load-k6-1  | fspiopTransfers   [  49% ] 6/6 VUs  2m42.0s/5m30.0s
load-k6-1  | 
load-k6-1  | 
load-k6-1  | running (2m43.0s), 6/6 VUs, 6568 complete and 0 interrupted iterations
load-k6-1  | fspiopTransfers   [  49% ] 6/6 VUs  2m43.0s/5m30.0s
load-k6-1  | 
load-k6-1  | 
load-k6-1  | running (2m44.0s), 6/6 VUs, 6613 complete and 0 interrupted iterations
load-k6-1  | fspiopTransfers   [  50% ] 6/6 VUs  2m44.0s/5m30.0s
load-k6-1  | 
load-k6-1  | 
load-k6-1  | running (2m45.0s), 6/6 VUs, 6659 complete and 0 interrupted iterations
load-k6-1  | fspiopTransfers   [  50% ] 6/6 VUs  2m45.0s/5m30.0s
load-k6-1  | 
load-k6-1  | 
load-k6-1  | running (2m46.0s), 6/6 VUs, 6707 complete and 0 interrupted iterations
load-k6-1  | fspiopTransfers   [  50% ] 6/6 VUs  2m46.0s/5m30.0s
load-k6-1  | 
load-k6-1  | 
load-k6-1  | running (2m47.0s), 6/6 VUs, 6755 complete and 0 interrupted iterations
load-k6-1  | fspiopTransfers   [  51% ] 6/6 VUs  2m47.0s/5m30.0s
load-k6-1  | 
load-k6-1  | 
load-k6-1  | running (2m48.0s), 6/6 VUs, 6800 complete and 0 interrupted iterations
load-k6-1  | fspiopTransfers   [  51% ] 6/6 VUs  2m48.0s/5m30.0s
load-k6-1  | 
load-k6-1  | 
load-k6-1  | running (2m49.0s), 6/6 VUs, 6848 complete and 0 interrupted iterations
load-k6-1  | fspiopTransfers   [  51% ] 6/6 VUs  2m49.0s/5m30.0s
load-k6-1  | 
load-k6-1  | 
load-k6-1  | running (2m50.0s), 6/6 VUs, 6893 complete and 0 interrupted iterations
load-k6-1  | fspiopTransfers   [  52% ] 6/6 VUs  2m50.0s/5m30.0s
load-k6-1  | 
load-k6-1  | 
load-k6-1  | running (2m51.0s), 6/6 VUs, 6939 complete and 0 interrupted iterations
load-k6-1  | fspiopTransfers   [  52% ] 6/6 VUs  2m51.0s/5m30.0s
load-k6-1  | 
load-k6-1  | 
load-k6-1  | running (2m52.0s), 6/6 VUs, 6984 complete and 0 interrupted iterations
load-k6-1  | fspiopTransfers   [  52% ] 6/6 VUs  2m52.0s/5m30.0s
load-k6-1  | 
load-k6-1  | 
load-k6-1  | running (2m53.0s), 6/6 VUs, 7030 complete and 0 interrupted iterations
load-k6-1  | fspiopTransfers   [  52% ] 6/6 VUs  2m53.0s/5m30.0s
load-k6-1  | 
load-k6-1  | 
load-k6-1  | running (2m54.0s), 6/6 VUs, 7077 complete and 0 interrupted iterations
load-k6-1  | fspiopTransfers   [  53% ] 6/6 VUs  2m54.0s/5m30.0s
load-k6-1  | 
load-k6-1  | 
load-k6-1  | running (2m55.0s), 6/6 VUs, 7123 complete and 0 interrupted iterations
load-k6-1  | fspiopTransfers   [  53% ] 6/6 VUs  2m55.0s/5m30.0s
load-k6-1  | 
load-k6-1  | 
load-k6-1  | running (2m56.0s), 6/6 VUs, 7171 complete and 0 interrupted iterations
load-k6-1  | fspiopTransfers   [  53% ] 6/6 VUs  2m56.0s/5m30.0s
load-k6-1  | 
load-k6-1  | 
load-k6-1  | running (2m57.0s), 6/6 VUs, 7216 complete and 0 interrupted iterations
load-k6-1  | fspiopTransfers   [  54% ] 6/6 VUs  2m57.0s/5m30.0s
load-k6-1  | 
load-k6-1  | 
load-k6-1  | running (2m58.0s), 6/6 VUs, 7262 complete and 0 interrupted iterations
load-k6-1  | fspiopTransfers   [  54% ] 6/6 VUs  2m58.0s/5m30.0s
load-k6-1  | 
load-k6-1  | 
load-k6-1  | running (2m59.0s), 6/6 VUs, 7309 complete and 0 interrupted iterations
load-k6-1  | fspiopTransfers   [  54% ] 6/6 VUs  2m59.0s/5m30.0s
load-k6-1  | 
load-k6-1  | 
load-k6-1  | running (3m00.0s), 6/6 VUs, 7355 complete and 0 interrupted iterations
load-k6-1  | fspiopTransfers   [  55% ] 6/6 VUs  3m00.0s/5m30.0s
load-k6-1  | 
load-k6-1  | 
load-k6-1  | running (3m01.0s), 6/6 VUs, 7403 complete and 0 interrupted iterations
load-k6-1  | fspiopTransfers   [  55% ] 6/6 VUs  3m01.0s/5m30.0s
load-k6-1  | 
load-k6-1  | 
load-k6-1  | running (3m02.0s), 6/6 VUs, 7451 complete and 0 interrupted iterations
load-k6-1  | fspiopTransfers   [  55% ] 6/6 VUs  3m02.0s/5m30.0s
load-k6-1  | 
load-k6-1  | 
load-k6-1  | running (3m03.0s), 6/6 VUs, 7499 complete and 0 interrupted iterations
load-k6-1  | fspiopTransfers   [  55% ] 6/6 VUs  3m03.0s/5m30.0s
load-k6-1  | 
load-k6-1  | 
load-k6-1  | running (3m04.0s), 6/6 VUs, 7549 complete and 0 interrupted iterations
load-k6-1  | fspiopTransfers   [  56% ] 6/6 VUs  3m04.0s/5m30.0s
load-k6-1  | 
load-k6-1  | 
load-k6-1  | running (3m05.0s), 6/6 VUs, 7597 complete and 0 interrupted iterations
load-k6-1  | fspiopTransfers   [  56% ] 6/6 VUs  3m05.0s/5m30.0s
load-k6-1  | 
load-k6-1  | 
load-k6-1  | running (3m06.0s), 6/6 VUs, 7646 complete and 0 interrupted iterations
load-k6-1  | fspiopTransfers   [  56% ] 6/6 VUs  3m06.0s/5m30.0s
load-k6-1  | 
load-k6-1  | 
load-k6-1  | running (3m07.0s), 6/6 VUs, 7694 complete and 0 interrupted iterations
load-k6-1  | fspiopTransfers   [  57% ] 6/6 VUs  3m07.0s/5m30.0s
load-k6-1  | 
load-k6-1  | 
load-k6-1  | running (3m08.0s), 6/6 VUs, 7742 complete and 0 interrupted iterations
load-k6-1  | fspiopTransfers   [  57% ] 6/6 VUs  3m08.0s/5m30.0s
load-k6-1  | 
load-k6-1  | 
load-k6-1  | running (3m09.0s), 6/6 VUs, 7789 complete and 0 interrupted iterations
load-k6-1  | fspiopTransfers   [  57% ] 6/6 VUs  3m09.0s/5m30.0s
load-k6-1  | 
load-k6-1  | 
load-k6-1  | running (3m10.0s), 6/6 VUs, 7832 complete and 0 interrupted iterations
load-k6-1  | fspiopTransfers   [  58% ] 6/6 VUs  3m10.0s/5m30.0s
load-k6-1  | 
load-k6-1  | 
load-k6-1  | running (3m11.0s), 6/6 VUs, 7878 complete and 0 interrupted iterations
load-k6-1  | fspiopTransfers   [  58% ] 6/6 VUs  3m11.0s/5m30.0s
load-k6-1  | 
load-k6-1  | 
load-k6-1  | running (3m12.0s), 6/6 VUs, 7925 complete and 0 interrupted iterations
load-k6-1  | fspiopTransfers   [  58% ] 6/6 VUs  3m12.0s/5m30.0s
load-k6-1  | 
load-k6-1  | 
load-k6-1  | running (3m13.0s), 6/6 VUs, 7971 complete and 0 interrupted iterations
load-k6-1  | fspiopTransfers   [  58% ] 6/6 VUs  3m13.0s/5m30.0s
load-k6-1  | 
load-k6-1  | 
load-k6-1  | running (3m14.0s), 6/6 VUs, 8016 complete and 0 interrupted iterations
load-k6-1  | fspiopTransfers   [  59% ] 6/6 VUs  3m14.0s/5m30.0s
load-k6-1  | 
load-k6-1  | 
load-k6-1  | running (3m15.0s), 6/6 VUs, 8062 complete and 0 interrupted iterations
load-k6-1  | fspiopTransfers   [  59% ] 6/6 VUs  3m15.0s/5m30.0s
load-k6-1  | 
load-k6-1  | 
load-k6-1  | running (3m16.0s), 6/6 VUs, 8110 complete and 0 interrupted iterations
load-k6-1  | fspiopTransfers   [  59% ] 6/6 VUs  3m16.0s/5m30.0s
load-k6-1  | 
load-k6-1  | 
load-k6-1  | running (3m17.0s), 6/6 VUs, 8158 complete and 0 interrupted iterations
load-k6-1  | fspiopTransfers   [  60% ] 6/6 VUs  3m17.0s/5m30.0s
load-k6-1  | 
load-k6-1  | 
load-k6-1  | running (3m18.0s), 6/6 VUs, 8205 complete and 0 interrupted iterations
load-k6-1  | fspiopTransfers   [  60% ] 6/6 VUs  3m18.0s/5m30.0s
load-k6-1  | 
load-k6-1  | 
load-k6-1  | running (3m19.0s), 6/6 VUs, 8254 complete and 0 interrupted iterations
load-k6-1  | fspiopTransfers   [  60% ] 6/6 VUs  3m19.0s/5m30.0s
load-k6-1  | 
load-k6-1  | 
load-k6-1  | running (3m20.0s), 6/6 VUs, 8302 complete and 0 interrupted iterations
load-k6-1  | fspiopTransfers   [  61% ] 6/6 VUs  3m20.0s/5m30.0s
load-k6-1  | 
load-k6-1  | 
load-k6-1  | running (3m21.0s), 6/6 VUs, 8350 complete and 0 interrupted iterations
load-k6-1  | fspiopTransfers   [  61% ] 6/6 VUs  3m21.0s/5m30.0s
load-k6-1  | 
load-k6-1  | 
load-k6-1  | running (3m22.0s), 6/6 VUs, 8400 complete and 0 interrupted iterations
load-k6-1  | fspiopTransfers   [  61% ] 6/6 VUs  3m22.0s/5m30.0s
load-k6-1  | 
load-k6-1  | 
load-k6-1  | running (3m23.0s), 6/6 VUs, 8448 complete and 0 interrupted iterations
load-k6-1  | fspiopTransfers   [  62% ] 6/6 VUs  3m23.0s/5m30.0s
load-k6-1  | 
load-k6-1  | 
load-k6-1  | running (3m24.0s), 6/6 VUs, 8496 complete and 0 interrupted iterations
load-k6-1  | fspiopTransfers   [  62% ] 6/6 VUs  3m24.0s/5m30.0s
load-k6-1  | 
load-k6-1  | 
load-k6-1  | running (3m25.0s), 6/6 VUs, 8543 complete and 0 interrupted iterations
load-k6-1  | fspiopTransfers   [  62% ] 6/6 VUs  3m25.0s/5m30.0s
load-k6-1  | 
load-k6-1  | 
load-k6-1  | running (3m26.0s), 6/6 VUs, 8592 complete and 0 interrupted iterations
load-k6-1  | fspiopTransfers   [  62% ] 6/6 VUs  3m26.0s/5m30.0s
load-k6-1  | 
load-k6-1  | 
load-k6-1  | running (3m27.0s), 6/6 VUs, 8643 complete and 0 interrupted iterations
load-k6-1  | fspiopTransfers   [  63% ] 6/6 VUs  3m27.0s/5m30.0s
load-k6-1  | 
load-k6-1  | 
load-k6-1  | running (3m28.0s), 6/6 VUs, 8693 complete and 0 interrupted iterations
load-k6-1  | fspiopTransfers   [  63% ] 6/6 VUs  3m28.0s/5m30.0s
load-k6-1  | 
load-k6-1  | 
load-k6-1  | running (3m29.0s), 6/6 VUs, 8742 complete and 0 interrupted iterations
load-k6-1  | fspiopTransfers   [  63% ] 6/6 VUs  3m29.0s/5m30.0s
load-k6-1  | 
load-k6-1  | 
load-k6-1  | running (3m30.0s), 6/6 VUs, 8790 complete and 0 interrupted iterations
load-k6-1  | fspiopTransfers   [  64% ] 6/6 VUs  3m30.0s/5m30.0s
load-k6-1  | 
load-k6-1  | 
load-k6-1  | running (3m31.0s), 6/6 VUs, 8843 complete and 0 interrupted iterations
load-k6-1  | fspiopTransfers   [  64% ] 6/6 VUs  3m31.0s/5m30.0s
load-k6-1  | 
load-k6-1  | 
load-k6-1  | running (3m32.0s), 6/6 VUs, 8891 complete and 0 interrupted iterations
load-k6-1  | fspiopTransfers   [  64% ] 6/6 VUs  3m32.0s/5m30.0s
load-k6-1  | 
load-k6-1  | 
load-k6-1  | running (3m33.0s), 6/6 VUs, 8941 complete and 0 interrupted iterations
load-k6-1  | fspiopTransfers   [  65% ] 6/6 VUs  3m33.0s/5m30.0s
load-k6-1  | 
load-k6-1  | 
load-k6-1  | running (3m34.0s), 6/6 VUs, 8990 complete and 0 interrupted iterations
load-k6-1  | fspiopTransfers   [  65% ] 6/6 VUs  3m34.0s/5m30.0s
load-k6-1  | 
load-k6-1  | 
load-k6-1  | running (3m35.0s), 6/6 VUs, 9040 complete and 0 interrupted iterations
load-k6-1  | fspiopTransfers   [  65% ] 6/6 VUs  3m35.0s/5m30.0s
load-k6-1  | 
load-k6-1  | 
load-k6-1  | running (3m36.0s), 6/6 VUs, 9091 complete and 0 interrupted iterations
load-k6-1  | fspiopTransfers   [  65% ] 6/6 VUs  3m36.0s/5m30.0s
load-k6-1  | 
load-k6-1  | 
load-k6-1  | running (3m37.0s), 6/6 VUs, 9139 complete and 0 interrupted iterations
load-k6-1  | fspiopTransfers   [  66% ] 6/6 VUs  3m37.0s/5m30.0s
load-k6-1  | 
load-k6-1  | 
load-k6-1  | running (3m38.0s), 6/6 VUs, 9189 complete and 0 interrupted iterations
load-k6-1  | fspiopTransfers   [  66% ] 6/6 VUs  3m38.0s/5m30.0s
load-k6-1  | 
load-k6-1  | 
load-k6-1  | running (3m39.0s), 6/6 VUs, 9237 complete and 0 interrupted iterations
load-k6-1  | fspiopTransfers   [  66% ] 6/6 VUs  3m39.0s/5m30.0s
load-k6-1  | 
load-k6-1  | 
load-k6-1  | running (3m40.0s), 6/6 VUs, 9285 complete and 0 interrupted iterations
load-k6-1  | fspiopTransfers   [  67% ] 6/6 VUs  3m40.0s/5m30.0s
load-k6-1  | 
load-k6-1  | 
load-k6-1  | running (3m41.0s), 6/6 VUs, 9333 complete and 0 interrupted iterations
load-k6-1  | fspiopTransfers   [  67% ] 6/6 VUs  3m41.0s/5m30.0s
load-k6-1  | 
load-k6-1  | 
load-k6-1  | running (3m42.0s), 6/6 VUs, 9381 complete and 0 interrupted iterations
load-k6-1  | fspiopTransfers   [  67% ] 6/6 VUs  3m42.0s/5m30.0s
load-k6-1  | 
load-k6-1  | 
load-k6-1  | running (3m43.0s), 6/6 VUs, 9429 complete and 0 interrupted iterations
load-k6-1  | fspiopTransfers   [  68% ] 6/6 VUs  3m43.0s/5m30.0s
load-k6-1  | 
load-k6-1  | 
load-k6-1  | running (3m44.0s), 6/6 VUs, 9477 complete and 0 interrupted iterations
load-k6-1  | fspiopTransfers   [  68% ] 6/6 VUs  3m44.0s/5m30.0s
load-k6-1  | 
load-k6-1  | 
load-k6-1  | running (3m45.0s), 6/6 VUs, 9525 complete and 0 interrupted iterations
load-k6-1  | fspiopTransfers   [  68% ] 6/6 VUs  3m45.0s/5m30.0s
load-k6-1  | 
load-k6-1  | 
load-k6-1  | running (3m46.0s), 6/6 VUs, 9573 complete and 0 interrupted iterations
load-k6-1  | fspiopTransfers   [  68% ] 6/6 VUs  3m46.0s/5m30.0s
load-k6-1  | 
load-k6-1  | 
load-k6-1  | running (3m47.0s), 6/6 VUs, 9621 complete and 0 interrupted iterations
load-k6-1  | fspiopTransfers   [  69% ] 6/6 VUs  3m47.0s/5m30.0s
load-k6-1  | 
load-k6-1  | 
load-k6-1  | running (3m48.0s), 6/6 VUs, 9670 complete and 0 interrupted iterations
load-k6-1  | fspiopTransfers   [  69% ] 6/6 VUs  3m48.0s/5m30.0s
load-k6-1  | 
load-k6-1  | 
load-k6-1  | running (3m49.0s), 6/6 VUs, 9723 complete and 0 interrupted iterations
load-k6-1  | fspiopTransfers   [  69% ] 6/6 VUs  3m49.0s/5m30.0s
load-k6-1  | 
load-k6-1  | 
load-k6-1  | running (3m50.0s), 6/6 VUs, 9773 complete and 0 interrupted iterations
load-k6-1  | fspiopTransfers   [  70% ] 6/6 VUs  3m50.0s/5m30.0s
load-k6-1  | 
load-k6-1  | 
load-k6-1  | running (3m51.0s), 6/6 VUs, 9822 complete and 0 interrupted iterations
load-k6-1  | fspiopTransfers   [  70% ] 6/6 VUs  3m51.0s/5m30.0s
load-k6-1  | 
load-k6-1  | 
load-k6-1  | running (3m52.0s), 6/6 VUs, 9872 complete and 0 interrupted iterations
load-k6-1  | fspiopTransfers   [  70% ] 6/6 VUs  3m52.0s/5m30.0s
load-k6-1  | 
load-k6-1  | 
load-k6-1  | running (3m53.0s), 6/6 VUs, 9925 complete and 0 interrupted iterations
load-k6-1  | fspiopTransfers   [  71% ] 6/6 VUs  3m53.0s/5m30.0s
load-k6-1  | 
load-k6-1  | 
load-k6-1  | running (3m54.0s), 6/6 VUs, 9974 complete and 0 interrupted iterations
load-k6-1  | fspiopTransfers   [  71% ] 6/6 VUs  3m54.0s/5m30.0s
load-k6-1  | 
load-k6-1  | 
load-k6-1  | running (3m55.0s), 6/6 VUs, 10022 complete and 0 interrupted iterations
load-k6-1  | fspiopTransfers   [  71% ] 6/6 VUs  3m55.0s/5m30.0s
load-k6-1  | 
load-k6-1  | 
load-k6-1  | running (3m56.0s), 6/6 VUs, 10072 complete and 0 interrupted iterations
load-k6-1  | fspiopTransfers   [  72% ] 6/6 VUs  3m56.0s/5m30.0s
load-k6-1  | 
load-k6-1  | 
load-k6-1  | running (3m57.0s), 6/6 VUs, 10123 complete and 0 interrupted iterations
load-k6-1  | fspiopTransfers   [  72% ] 6/6 VUs  3m57.0s/5m30.0s
load-k6-1  | 
load-k6-1  | 
load-k6-1  | running (3m58.0s), 6/6 VUs, 10173 complete and 0 interrupted iterations
load-k6-1  | fspiopTransfers   [  72% ] 6/6 VUs  3m58.0s/5m30.0s
load-k6-1  | 
load-k6-1  | 
load-k6-1  | running (3m59.0s), 6/6 VUs, 10222 complete and 0 interrupted iterations
load-k6-1  | fspiopTransfers   [  72% ] 6/6 VUs  3m59.0s/5m30.0s
load-k6-1  | 
load-k6-1  | 
load-k6-1  | running (4m00.0s), 6/6 VUs, 10272 complete and 0 interrupted iterations
load-k6-1  | fspiopTransfers   [  73% ] 6/6 VUs  4m00.0s/5m30.0s
load-k6-1  | 
load-k6-1  | 
load-k6-1  | running (4m01.0s), 6/6 VUs, 10325 complete and 0 interrupted iterations
load-k6-1  | fspiopTransfers   [  73% ] 6/6 VUs  4m01.0s/5m30.0s
load-k6-1  | 
load-k6-1  | 
load-k6-1  | running (4m02.0s), 6/6 VUs, 10373 complete and 0 interrupted iterations
load-k6-1  | fspiopTransfers   [  73% ] 6/6 VUs  4m02.0s/5m30.0s
load-k6-1  | 
load-k6-1  | 
load-k6-1  | running (4m03.0s), 6/6 VUs, 10422 complete and 0 interrupted iterations
load-k6-1  | fspiopTransfers   [  74% ] 6/6 VUs  4m03.0s/5m30.0s
load-k6-1  | 
load-k6-1  | 
load-k6-1  | running (4m04.0s), 6/6 VUs, 10475 complete and 0 interrupted iterations
load-k6-1  | fspiopTransfers   [  74% ] 6/6 VUs  4m04.0s/5m30.0s
load-k6-1  | 
load-k6-1  | 
load-k6-1  | running (4m05.0s), 6/6 VUs, 10525 complete and 0 interrupted iterations
load-k6-1  | fspiopTransfers   [  74% ] 6/6 VUs  4m05.0s/5m30.0s
load-k6-1  | 
load-k6-1  | 
load-k6-1  | running (4m06.0s), 6/6 VUs, 10573 complete and 0 interrupted iterations
load-k6-1  | fspiopTransfers   [  75% ] 6/6 VUs  4m06.0s/5m30.0s
load-k6-1  | 
load-k6-1  | 
load-k6-1  | running (4m07.0s), 6/6 VUs, 10621 complete and 0 interrupted iterations
load-k6-1  | fspiopTransfers   [  75% ] 6/6 VUs  4m07.0s/5m30.0s
load-k6-1  | 
load-k6-1  | 
load-k6-1  | running (4m08.0s), 6/6 VUs, 10670 complete and 0 interrupted iterations
load-k6-1  | fspiopTransfers   [  75% ] 6/6 VUs  4m08.0s/5m30.0s
load-k6-1  | 
load-k6-1  | 
load-k6-1  | running (4m09.0s), 6/6 VUs, 10723 complete and 0 interrupted iterations
load-k6-1  | fspiopTransfers   [  75% ] 6/6 VUs  4m09.0s/5m30.0s
load-k6-1  | 
load-k6-1  | 
load-k6-1  | running (4m10.0s), 6/6 VUs, 10771 complete and 0 interrupted iterations
load-k6-1  | fspiopTransfers   [  76% ] 6/6 VUs  4m10.0s/5m30.0s
load-k6-1  | 
load-k6-1  | 
load-k6-1  | running (4m11.0s), 6/6 VUs, 10821 complete and 0 interrupted iterations
load-k6-1  | fspiopTransfers   [  76% ] 6/6 VUs  4m11.0s/5m30.0s
load-k6-1  | 
load-k6-1  | 
load-k6-1  | running (4m12.0s), 6/6 VUs, 10870 complete and 0 interrupted iterations
load-k6-1  | fspiopTransfers   [  76% ] 6/6 VUs  4m12.0s/5m30.0s
load-k6-1  | 
load-k6-1  | 
load-k6-1  | running (4m13.0s), 6/6 VUs, 10918 complete and 0 interrupted iterations
load-k6-1  | fspiopTransfers   [  77% ] 6/6 VUs  4m13.0s/5m30.0s
load-k6-1  | 
load-k6-1  | 
load-k6-1  | running (4m14.0s), 6/6 VUs, 10966 complete and 0 interrupted iterations
load-k6-1  | fspiopTransfers   [  77% ] 6/6 VUs  4m14.0s/5m30.0s
load-k6-1  | 
load-k6-1  | 
load-k6-1  | running (4m15.0s), 6/6 VUs, 11014 complete and 0 interrupted iterations
load-k6-1  | fspiopTransfers   [  77% ] 6/6 VUs  4m15.0s/5m30.0s
load-k6-1  | 
load-k6-1  | 
load-k6-1  | running (4m16.0s), 6/6 VUs, 11064 complete and 0 interrupted iterations
load-k6-1  | fspiopTransfers   [  78% ] 6/6 VUs  4m16.0s/5m30.0s
load-k6-1  | 
load-k6-1  | 
load-k6-1  | running (4m17.0s), 6/6 VUs, 11112 complete and 0 interrupted iterations
load-k6-1  | fspiopTransfers   [  78% ] 6/6 VUs  4m17.0s/5m30.0s
load-k6-1  | 
load-k6-1  | 
load-k6-1  | running (4m18.0s), 6/6 VUs, 11160 complete and 0 interrupted iterations
load-k6-1  | fspiopTransfers   [  78% ] 6/6 VUs  4m18.0s/5m30.0s
load-k6-1  | 
load-k6-1  | 
load-k6-1  | running (4m19.0s), 6/6 VUs, 11208 complete and 0 interrupted iterations
load-k6-1  | fspiopTransfers   [  78% ] 6/6 VUs  4m19.0s/5m30.0s
load-k6-1  | 
load-k6-1  | 
load-k6-1  | running (4m20.0s), 6/6 VUs, 11256 complete and 0 interrupted iterations
load-k6-1  | fspiopTransfers   [  79% ] 6/6 VUs  4m20.0s/5m30.0s
load-k6-1  | 
load-k6-1  | 
load-k6-1  | running (4m21.0s), 6/6 VUs, 11304 complete and 0 interrupted iterations
load-k6-1  | fspiopTransfers   [  79% ] 6/6 VUs  4m21.0s/5m30.0s
load-k6-1  | 
load-k6-1  | 
load-k6-1  | running (4m22.0s), 6/6 VUs, 11350 complete and 0 interrupted iterations
load-k6-1  | fspiopTransfers   [  79% ] 6/6 VUs  4m22.0s/5m30.0s
load-k6-1  | 
load-k6-1  | 
load-k6-1  | running (4m23.0s), 6/6 VUs, 11398 complete and 0 interrupted iterations
load-k6-1  | fspiopTransfers   [  80% ] 6/6 VUs  4m23.0s/5m30.0s
load-k6-1  | 
load-k6-1  | 
load-k6-1  | running (4m24.0s), 6/6 VUs, 11448 complete and 0 interrupted iterations
load-k6-1  | fspiopTransfers   [  80% ] 6/6 VUs  4m24.0s/5m30.0s
load-k6-1  | 
load-k6-1  | 
load-k6-1  | running (4m25.0s), 6/6 VUs, 11499 complete and 0 interrupted iterations
load-k6-1  | fspiopTransfers   [  80% ] 6/6 VUs  4m25.0s/5m30.0s
load-k6-1  | 
load-k6-1  | 
load-k6-1  | running (4m26.0s), 6/6 VUs, 11547 complete and 0 interrupted iterations
load-k6-1  | fspiopTransfers   [  81% ] 6/6 VUs  4m26.0s/5m30.0s
load-k6-1  | 
load-k6-1  | 
load-k6-1  | running (4m27.0s), 6/6 VUs, 11598 complete and 0 interrupted iterations
load-k6-1  | fspiopTransfers   [  81% ] 6/6 VUs  4m27.0s/5m30.0s
load-k6-1  | 
load-k6-1  | 
load-k6-1  | running (4m28.0s), 6/6 VUs, 11646 complete and 0 interrupted iterations
load-k6-1  | fspiopTransfers   [  81% ] 6/6 VUs  4m28.0s/5m30.0s
load-k6-1  | 
load-k6-1  | 
load-k6-1  | running (4m29.0s), 6/6 VUs, 11694 complete and 0 interrupted iterations
load-k6-1  | fspiopTransfers   [  82% ] 6/6 VUs  4m29.0s/5m30.0s
load-k6-1  | 
load-k6-1  | 
load-k6-1  | running (4m30.0s), 6/6 VUs, 11744 complete and 0 interrupted iterations
load-k6-1  | fspiopTransfers   [  82% ] 6/6 VUs  4m30.0s/5m30.0s
load-k6-1  | 
load-k6-1  | 
load-k6-1  | running (4m31.0s), 6/6 VUs, 11795 complete and 0 interrupted iterations
load-k6-1  | fspiopTransfers   [  82% ] 6/6 VUs  4m31.0s/5m30.0s
load-k6-1  | 
load-k6-1  | 
load-k6-1  | running (4m32.0s), 6/6 VUs, 11845 complete and 0 interrupted iterations
load-k6-1  | fspiopTransfers   [  82% ] 6/6 VUs  4m32.0s/5m30.0s
load-k6-1  | 
load-k6-1  | 
load-k6-1  | running (4m33.0s), 6/6 VUs, 11891 complete and 0 interrupted iterations
load-k6-1  | fspiopTransfers   [  83% ] 6/6 VUs  4m33.0s/5m30.0s
load-k6-1  | 
load-k6-1  | 
load-k6-1  | running (4m34.0s), 6/6 VUs, 11942 complete and 0 interrupted iterations
load-k6-1  | fspiopTransfers   [  83% ] 6/6 VUs  4m34.0s/5m30.0s
load-k6-1  | 
load-k6-1  | 
load-k6-1  | running (4m35.0s), 6/6 VUs, 11991 complete and 0 interrupted iterations
load-k6-1  | fspiopTransfers   [  83% ] 6/6 VUs  4m35.0s/5m30.0s
load-k6-1  | 
load-k6-1  | 
load-k6-1  | running (4m36.0s), 6/6 VUs, 12040 complete and 0 interrupted iterations
load-k6-1  | fspiopTransfers   [  84% ] 6/6 VUs  4m36.0s/5m30.0s
load-k6-1  | 
load-k6-1  | 
load-k6-1  | running (4m37.0s), 6/6 VUs, 12086 complete and 0 interrupted iterations
load-k6-1  | fspiopTransfers   [  84% ] 6/6 VUs  4m37.0s/5m30.0s
load-k6-1  | 
load-k6-1  | 
load-k6-1  | running (4m38.0s), 6/6 VUs, 12134 complete and 0 interrupted iterations
load-k6-1  | fspiopTransfers   [  84% ] 6/6 VUs  4m38.0s/5m30.0s
load-k6-1  | 
load-k6-1  | 
load-k6-1  | running (4m39.0s), 6/6 VUs, 12184 complete and 0 interrupted iterations
load-k6-1  | fspiopTransfers   [  85% ] 6/6 VUs  4m39.0s/5m30.0s
load-k6-1  | 
load-k6-1  | 
load-k6-1  | running (4m40.0s), 6/6 VUs, 12232 complete and 0 interrupted iterations
load-k6-1  | fspiopTransfers   [  85% ] 6/6 VUs  4m40.0s/5m30.0s
load-k6-1  | 
load-k6-1  | 
load-k6-1  | running (4m41.0s), 6/6 VUs, 12283 complete and 0 interrupted iterations
load-k6-1  | fspiopTransfers   [  85% ] 6/6 VUs  4m41.0s/5m30.0s
load-k6-1  | 
load-k6-1  | 
load-k6-1  | running (4m42.0s), 6/6 VUs, 12333 complete and 0 interrupted iterations
load-k6-1  | fspiopTransfers   [  85% ] 6/6 VUs  4m42.0s/5m30.0s
load-k6-1  | 
load-k6-1  | 
load-k6-1  | running (4m43.0s), 6/6 VUs, 12382 complete and 0 interrupted iterations
load-k6-1  | fspiopTransfers   [  86% ] 6/6 VUs  4m43.0s/5m30.0s
load-k6-1  | 
load-k6-1  | 
load-k6-1  | running (4m44.0s), 6/6 VUs, 12432 complete and 0 interrupted iterations
load-k6-1  | fspiopTransfers   [  86% ] 6/6 VUs  4m44.0s/5m30.0s
load-k6-1  | 
load-k6-1  | 
load-k6-1  | running (4m45.0s), 6/6 VUs, 12483 complete and 0 interrupted iterations
load-k6-1  | fspiopTransfers   [  86% ] 6/6 VUs  4m45.0s/5m30.0s
load-k6-1  | 
load-k6-1  | 
load-k6-1  | running (4m46.0s), 6/6 VUs, 12533 complete and 0 interrupted iterations
load-k6-1  | fspiopTransfers   [  87% ] 6/6 VUs  4m46.0s/5m30.0s
load-k6-1  | 
load-k6-1  | 
load-k6-1  | running (4m47.0s), 6/6 VUs, 12582 complete and 0 interrupted iterations
load-k6-1  | fspiopTransfers   [  87% ] 6/6 VUs  4m47.0s/5m30.0s
load-k6-1  | 
load-k6-1  | 
load-k6-1  | running (4m48.0s), 6/6 VUs, 12632 complete and 0 interrupted iterations
load-k6-1  | fspiopTransfers   [  87% ] 6/6 VUs  4m48.0s/5m30.0s
load-k6-1  | 
load-k6-1  | 
load-k6-1  | running (4m49.0s), 6/6 VUs, 12683 complete and 0 interrupted iterations
load-k6-1  | fspiopTransfers   [  88% ] 6/6 VUs  4m49.0s/5m30.0s
load-k6-1  | 
load-k6-1  | 
load-k6-1  | running (4m50.0s), 6/6 VUs, 12731 complete and 0 interrupted iterations
load-k6-1  | fspiopTransfers   [  88% ] 6/6 VUs  4m50.0s/5m30.0s
load-k6-1  | 
load-k6-1  | 
load-k6-1  | running (4m51.0s), 6/6 VUs, 12782 complete and 0 interrupted iterations
load-k6-1  | fspiopTransfers   [  88% ] 6/6 VUs  4m51.0s/5m30.0s
load-k6-1  | 
load-k6-1  | 
load-k6-1  | running (4m52.0s), 6/6 VUs, 12832 complete and 0 interrupted iterations
load-k6-1  | fspiopTransfers   [  88% ] 6/6 VUs  4m52.0s/5m30.0s
load-k6-1  | 
load-k6-1  | 
load-k6-1  | running (4m53.0s), 6/6 VUs, 12883 complete and 0 interrupted iterations
load-k6-1  | fspiopTransfers   [  89% ] 6/6 VUs  4m53.0s/5m30.0s
load-k6-1  | 
load-k6-1  | 
load-k6-1  | running (4m54.0s), 6/6 VUs, 12931 complete and 0 interrupted iterations
load-k6-1  | fspiopTransfers   [  89% ] 6/6 VUs  4m54.0s/5m30.0s
load-k6-1  | 
load-k6-1  | 
load-k6-1  | running (4m55.0s), 6/6 VUs, 12981 complete and 0 interrupted iterations
load-k6-1  | fspiopTransfers   [  89% ] 6/6 VUs  4m55.0s/5m30.0s
load-k6-1  | 
load-k6-1  | 
load-k6-1  | running (4m56.0s), 6/6 VUs, 13030 complete and 0 interrupted iterations
load-k6-1  | fspiopTransfers   [  90% ] 6/6 VUs  4m56.0s/5m30.0s
load-k6-1  | 
load-k6-1  | 
load-k6-1  | running (4m57.0s), 6/6 VUs, 13078 complete and 0 interrupted iterations
load-k6-1  | fspiopTransfers   [  90% ] 6/6 VUs  4m57.0s/5m30.0s
load-k6-1  | 
load-k6-1  | 
load-k6-1  | running (4m58.0s), 6/6 VUs, 13126 complete and 0 interrupted iterations
load-k6-1  | fspiopTransfers   [  90% ] 6/6 VUs  4m58.0s/5m30.0s
load-k6-1  | 
load-k6-1  | 
load-k6-1  | running (4m59.0s), 6/6 VUs, 13174 complete and 0 interrupted iterations
load-k6-1  | fspiopTransfers   [  91% ] 6/6 VUs  4m59.0s/5m30.0s
load-k6-1  | 
load-k6-1  | 
load-k6-1  | running (5m00.0s), 6/6 VUs, 13221 complete and 0 interrupted iterations
load-k6-1  | fspiopTransfers   [  91% ] 6/6 VUs  5m00.0s/5m30.0s
load-k6-1  | 
load-k6-1  | 
load-k6-1  | running (5m01.0s), 6/6 VUs, 13267 complete and 0 interrupted iterations
load-k6-1  | fspiopTransfers   [  91% ] 6/6 VUs  5m01.0s/5m30.0s
load-k6-1  | 
load-k6-1  | 
load-k6-1  | running (5m02.0s), 6/6 VUs, 13317 complete and 0 interrupted iterations
load-k6-1  | fspiopTransfers   [  92% ] 6/6 VUs  5m02.0s/5m30.0s
load-k6-1  | 
load-k6-1  | 
load-k6-1  | running (5m03.0s), 6/6 VUs, 13366 complete and 0 interrupted iterations
load-k6-1  | fspiopTransfers   [  92% ] 6/6 VUs  5m03.0s/5m30.0s
load-k6-1  | 
load-k6-1  | 
load-k6-1  | running (5m04.0s), 6/6 VUs, 13416 complete and 0 interrupted iterations
load-k6-1  | fspiopTransfers   [  92% ] 6/6 VUs  5m04.0s/5m30.0s
load-k6-1  | 
load-k6-1  | 
load-k6-1  | running (5m05.0s), 6/6 VUs, 13467 complete and 0 interrupted iterations
load-k6-1  | fspiopTransfers   [  92% ] 6/6 VUs  5m05.0s/5m30.0s
load-k6-1  | 
load-k6-1  | 
load-k6-1  | running (5m06.0s), 6/6 VUs, 13517 complete and 0 interrupted iterations
load-k6-1  | fspiopTransfers   [  93% ] 6/6 VUs  5m06.0s/5m30.0s
load-k6-1  | 
load-k6-1  | 
load-k6-1  | running (5m07.0s), 6/6 VUs, 13565 complete and 0 interrupted iterations
load-k6-1  | fspiopTransfers   [  93% ] 6/6 VUs  5m07.0s/5m30.0s
load-k6-1  | 
load-k6-1  | 
load-k6-1  | running (5m08.0s), 6/6 VUs, 13614 complete and 0 interrupted iterations
load-k6-1  | fspiopTransfers   [  93% ] 6/6 VUs  5m08.0s/5m30.0s
load-k6-1  | 
load-k6-1  | 
load-k6-1  | running (5m09.0s), 6/6 VUs, 13662 complete and 0 interrupted iterations
load-k6-1  | fspiopTransfers   [  94% ] 6/6 VUs  5m09.0s/5m30.0s
load-k6-1  | 
load-k6-1  | 
load-k6-1  | running (5m10.0s), 6/6 VUs, 13710 complete and 0 interrupted iterations
load-k6-1  | fspiopTransfers   [  94% ] 6/6 VUs  5m10.0s/5m30.0s
load-k6-1  | 
load-k6-1  | 
load-k6-1  | running (5m11.0s), 6/6 VUs, 13760 complete and 0 interrupted iterations
load-k6-1  | fspiopTransfers   [  94% ] 6/6 VUs  5m11.0s/5m30.0s
load-k6-1  | 
load-k6-1  | 
load-k6-1  | running (5m12.0s), 6/6 VUs, 13811 complete and 0 interrupted iterations
load-k6-1  | fspiopTransfers   [  95% ] 6/6 VUs  5m12.0s/5m30.0s
load-k6-1  | 
load-k6-1  | 
load-k6-1  | running (5m13.0s), 6/6 VUs, 13859 complete and 0 interrupted iterations
load-k6-1  | fspiopTransfers   [  95% ] 6/6 VUs  5m13.0s/5m30.0s
load-k6-1  | 
load-k6-1  | 
load-k6-1  | running (5m14.0s), 6/6 VUs, 13907 complete and 0 interrupted iterations
load-k6-1  | fspiopTransfers   [  95% ] 6/6 VUs  5m14.0s/5m30.0s
load-k6-1  | 
load-k6-1  | 
load-k6-1  | running (5m15.0s), 6/6 VUs, 13952 complete and 0 interrupted iterations
load-k6-1  | fspiopTransfers   [  95% ] 6/6 VUs  5m15.0s/5m30.0s
load-k6-1  | 
load-k6-1  | 
load-k6-1  | running (5m16.0s), 6/6 VUs, 14000 complete and 0 interrupted iterations
load-k6-1  | fspiopTransfers   [  96% ] 6/6 VUs  5m16.0s/5m30.0s
load-k6-1  | 
load-k6-1  | 
load-k6-1  | running (5m17.0s), 6/6 VUs, 14048 complete and 0 interrupted iterations
load-k6-1  | fspiopTransfers   [  96% ] 6/6 VUs  5m17.0s/5m30.0s
load-k6-1  | 
load-k6-1  | 
load-k6-1  | running (5m18.0s), 6/6 VUs, 14096 complete and 0 interrupted iterations
load-k6-1  | fspiopTransfers   [  96% ] 6/6 VUs  5m18.0s/5m30.0s
load-k6-1  | 
load-k6-1  | 
load-k6-1  | running (5m19.0s), 6/6 VUs, 14147 complete and 0 interrupted iterations
load-k6-1  | fspiopTransfers   [  97% ] 6/6 VUs  5m19.0s/5m30.0s
load-k6-1  | 
load-k6-1  | 
load-k6-1  | running (5m20.0s), 6/6 VUs, 14197 complete and 0 interrupted iterations
load-k6-1  | fspiopTransfers   [  97% ] 6/6 VUs  5m20.0s/5m30.0s
load-k6-1  | 
load-k6-1  | 
load-k6-1  | running (5m21.0s), 6/6 VUs, 14245 complete and 0 interrupted iterations
load-k6-1  | fspiopTransfers   [  97% ] 6/6 VUs  5m21.0s/5m30.0s
load-k6-1  | 
load-k6-1  | 
load-k6-1  | running (5m22.0s), 6/6 VUs, 14296 complete and 0 interrupted iterations
load-k6-1  | fspiopTransfers   [  98% ] 6/6 VUs  5m22.0s/5m30.0s
load-k6-1  | 
load-k6-1  | 
load-k6-1  | running (5m23.0s), 6/6 VUs, 14347 complete and 0 interrupted iterations
load-k6-1  | fspiopTransfers   [  98% ] 6/6 VUs  5m23.0s/5m30.0s
load-k6-1  | 
load-k6-1  | 
load-k6-1  | running (5m24.0s), 6/6 VUs, 14397 complete and 0 interrupted iterations
load-k6-1  | fspiopTransfers   [  98% ] 6/6 VUs  5m24.0s/5m30.0s
load-k6-1  | 
load-k6-1  | 
load-k6-1  | running (5m25.0s), 6/6 VUs, 14446 complete and 0 interrupted iterations
load-k6-1  | fspiopTransfers   [  98% ] 6/6 VUs  5m25.0s/5m30.0s
load-k6-1  | 
load-k6-1  | 
load-k6-1  | running (5m26.0s), 6/6 VUs, 14494 complete and 0 interrupted iterations
load-k6-1  | fspiopTransfers   [  99% ] 6/6 VUs  5m26.0s/5m30.0s
load-k6-1  | 
load-k6-1  | 
load-k6-1  | running (5m27.0s), 6/6 VUs, 14544 complete and 0 interrupted iterations
load-k6-1  | fspiopTransfers   [  99% ] 6/6 VUs  5m27.0s/5m30.0s
load-k6-1  | 
load-k6-1  | 
load-k6-1  | running (5m28.0s), 6/6 VUs, 14595 complete and 0 interrupted iterations
load-k6-1  | fspiopTransfers   [  99% ] 6/6 VUs  5m28.0s/5m30.0s
load-k6-1  | 
load-k6-1  | 
load-k6-1  | running (5m29.0s), 6/6 VUs, 14643 complete and 0 interrupted iterations
load-k6-1  | fspiopTransfers   [ 100% ] 6/6 VUs  5m29.0s/5m30.0s
load-k6-1  | 
load-k6-1  | 
load-k6-1  | running (5m30.0s), 6/6 VUs, 14691 complete and 0 interrupted iterations
load-k6-1  | fspiopTransfers   [ 100% ] 6/6 VUs  5m30.0s/5m30.0s
load-k6-1  | 
load-k6-1  | 
load-k6-1  | running (5m31.0s), 2/6 VUs, 14695 complete and 0 interrupted iterations
load-k6-1  | fspiopTransfers ↓ [ 100% ] 6/6 VUs  5m30s
load-k6-1  | 
load-k6-1  | 
load-k6-1  |      ✓ TRANSFERS_FSPIOP_POST_TRANSFERS_RESPONSE_IS_202
load-k6-1  |      ✗ TRANSFERS_E2E_FSPIOP_POST_TRANSFERS_SUCCESS
load-k6-1  |       ↳  99% — ✓ 14696 / ✗ 1
load-k6-1  | 
load-k6-1  |      █ Post Transfers
load-k6-1  | 
load-k6-1  |      checks.........................: 99.99% ✓ 29393     ✗ 1    
load-k6-1  |      data_received..................: 4.6 MB 14 kB/s
load-k6-1  |      data_sent......................: 30 MB  92 kB/s
load-k6-1  |      group_duration.................: avg=212.61µs min=133.33µs med=204.96µs max=6.29ms   p(90)=261.97µs p(95)=280.32µs
load-k6-1  |      http_req_blocked...............: avg=4.34µs   min=1.67µs   med=4.02µs   max=439.41µs p(90)=5.33µs   p(95)=5.73µs  
load-k6-1  |      http_req_connecting............: avg=57ns     min=0s       med=0s       max=195.45µs p(90)=0s       p(95)=0s      
load-k6-1  |    ✓ http_req_duration..............: avg=2.66ms   min=1.04ms   med=2.55ms   max=19.29ms  p(90)=3.51ms   p(95)=3.87ms  
load-k6-1  |        { expected_response:true }...: avg=2.66ms   min=1.04ms   med=2.55ms   max=19.29ms  p(90)=3.51ms   p(95)=3.87ms  
load-k6-1  |    ✓ http_req_failed................: 0.00%  ✓ 0         ✗ 14697
load-k6-1  |      http_req_receiving.............: avg=29.98µs  min=7.95µs   med=29.54µs  max=275.98µs p(90)=39.22µs  p(95)=42.64µs 
load-k6-1  |      http_req_sending...............: avg=21.84µs  min=9.45µs   med=21.38µs  max=238.2µs  p(90)=27.09µs  p(95)=28.81µs 
load-k6-1  |      http_req_tls_handshaking.......: avg=0s       min=0s       med=0s       max=0s       p(90)=0s       p(95)=0s      
load-k6-1  |      http_req_waiting...............: avg=2.61ms   min=991.62µs med=2.5ms    max=19.12ms  p(90)=3.46ms   p(95)=3.81ms  
load-k6-1  |      http_reqs......................: 14697  44.389983/s
load-k6-1  |    ✓ iteration_duration.............: avg=128.73ms min=71.74ms  med=125.64ms max=5.02s    p(90)=171.19ms p(95)=176.79ms
load-k6-1  |      iterations.....................: 14697  44.389983/s
load-k6-1  |      vus............................: 2      min=1       max=6  
load-k6-1  |      vus_max........................: 6      min=6       max=6  
load-k6-1  |      ws_connecting..................: avg=502.03µs min=215.94µs med=412.98µs max=14.72ms  p(90)=713.07µs p(95)=1.06ms  
load-k6-1  |      ws_msgs_received...............: 14696  44.386962/s
load-k6-1  |      ws_msgs_sent...................: 14697  44.389983/s
load-k6-1  |      ws_session_duration............: avg=128.43ms min=71.49ms  med=125.36ms max=5.02s    p(90)=170.92ms p(95)=176.5ms 
load-k6-1  |      ws_sessions....................: 14697  44.389983/s
load-k6-1  | 
load-k6-1  | 
load-k6-1  | running (5m31.1s), 0/6 VUs, 14697 complete and 0 interrupted iterations
load-k6-1  | fspiopTransfers ✓ [ 100% ] 0/6 VUs  5m30s
load-k6-1  | 
load-k6-1 exited with code 0
