Attaching to load-k6-1
load-k6-1  | 
load-k6-1  |           /\      |‾‾| /‾‾/   /‾‾/   
load-k6-1  |      /\  /  \     |  |/  /   /  /    
load-k6-1  |     /  \/    \    |     (   /   ‾‾\  
load-k6-1  |    /          \   |  |\  \ |  (‾)  | 
load-k6-1  |   / __________ \  |__| \__\ \_____/ .io
load-k6-1  | 
load-k6-1  | 
load-k6-1  |   execution: local
load-k6-1  |      script: /scripts/index.js
load-k6-1  |      output: Prometheus remote write (http://prometheus:9090/api/v1/write)
load-k6-1  | 
load-k6-1  |   scenarios: (100.00%) 1 scenario, 40 max VUs, 6m0s max duration (incl. graceful stop):
load-k6-1  |            * fspiopQuotes: Up to 40 looping VUs for 5m30s over 2 stages (gracefulRampDown: 30s, exec: fspiopQuotesScenarios, gracefulStop: 30s)
load-k6-1  | 
load-k6-1  | 
load-k6-1  | 
load-k6-1  | running (0m01.0s), 02/40 VUs, 61 complete and 0 interrupted iterations
load-k6-1  | fspiopQuotes   [   0% ] 02/40 VUs  0m01.0s/5m30.0s
load-k6-1  | 
load-k6-1  | 
load-k6-1  | running (0m02.0s), 03/40 VUs, 149 complete and 0 interrupted iterations
load-k6-1  | fspiopQuotes   [   1% ] 03/40 VUs  0m02.0s/5m30.0s
load-k6-1  | 
load-k6-1  | 
load-k6-1  | running (0m03.0s), 04/40 VUs, 250 complete and 0 interrupted iterations
load-k6-1  | fspiopQuotes   [   1% ] 04/40 VUs  0m03.0s/5m30.0s
load-k6-1  | 
load-k6-1  | 
load-k6-1  | running (0m04.0s), 06/40 VUs, 358 complete and 0 interrupted iterations
load-k6-1  | fspiopQuotes   [   1% ] 06/40 VUs  0m04.0s/5m30.0s
load-k6-1  | 
load-k6-1  | 
load-k6-1  | running (0m05.0s), 07/40 VUs, 472 complete and 0 interrupted iterations
load-k6-1  | fspiopQuotes   [   2% ] 07/40 VUs  0m05.0s/5m30.0s
load-k6-1  | 
load-k6-1  | 
load-k6-1  | running (0m06.0s), 08/40 VUs, 585 complete and 0 interrupted iterations
load-k6-1  | fspiopQuotes   [   2% ] 08/40 VUs  0m06.0s/5m30.0s
load-k6-1  | 
load-k6-1  | 
load-k6-1  | running (0m07.0s), 10/40 VUs, 700 complete and 0 interrupted iterations
load-k6-1  | fspiopQuotes   [   2% ] 10/40 VUs  0m07.0s/5m30.0s
load-k6-1  | 
load-k6-1  | 
load-k6-1  | running (0m08.0s), 11/40 VUs, 822 complete and 0 interrupted iterations
load-k6-1  | fspiopQuotes   [   2% ] 11/40 VUs  0m08.0s/5m30.0s
load-k6-1  | 
load-k6-1  | 
load-k6-1  | running (0m09.0s), 12/40 VUs, 944 complete and 0 interrupted iterations
load-k6-1  | fspiopQuotes   [   3% ] 12/40 VUs  0m09.0s/5m30.0s
load-k6-1  | 
load-k6-1  | 
load-k6-1  | running (0m10.0s), 13/40 VUs, 1061 complete and 0 interrupted iterations
load-k6-1  | fspiopQuotes   [   3% ] 13/40 VUs  0m10.0s/5m30.0s
load-k6-1  | 
load-k6-1  | 
load-k6-1  | running (0m11.0s), 15/40 VUs, 1185 complete and 0 interrupted iterations
load-k6-1  | fspiopQuotes   [   3% ] 15/40 VUs  0m11.0s/5m30.0s
load-k6-1  | 
load-k6-1  | 
load-k6-1  | running (0m12.0s), 16/40 VUs, 1307 complete and 0 interrupted iterations
load-k6-1  | fspiopQuotes   [   4% ] 16/40 VUs  0m12.0s/5m30.0s
load-k6-1  | 
load-k6-1  | 
load-k6-1  | running (0m13.0s), 17/40 VUs, 1429 complete and 0 interrupted iterations
load-k6-1  | fspiopQuotes   [   4% ] 17/40 VUs  0m13.0s/5m30.0s
load-k6-1  | 
load-k6-1  | 
load-k6-1  | running (0m14.0s), 19/40 VUs, 1550 complete and 0 interrupted iterations
load-k6-1  | fspiopQuotes   [   4% ] 19/40 VUs  0m14.0s/5m30.0s
load-k6-1  | 
load-k6-1  | 
load-k6-1  | running (0m15.0s), 20/40 VUs, 1673 complete and 0 interrupted iterations
load-k6-1  | fspiopQuotes   [   5% ] 20/40 VUs  0m15.0s/5m30.0s
load-k6-1  | 
load-k6-1  | 
load-k6-1  | running (0m16.0s), 21/40 VUs, 1789 complete and 0 interrupted iterations
load-k6-1  | fspiopQuotes   [   5% ] 21/40 VUs  0m16.0s/5m30.0s
load-k6-1  | 
load-k6-1  | 
load-k6-1  | running (0m17.0s), 23/40 VUs, 1914 complete and 0 interrupted iterations
load-k6-1  | fspiopQuotes   [   5% ] 23/40 VUs  0m17.0s/5m30.0s
load-k6-1  | 
load-k6-1  | 
load-k6-1  | running (0m18.0s), 24/40 VUs, 2040 complete and 0 interrupted iterations
load-k6-1  | fspiopQuotes   [   5% ] 24/40 VUs  0m18.0s/5m30.0s
load-k6-1  | 
load-k6-1  | 
load-k6-1  | running (0m19.0s), 25/40 VUs, 2162 complete and 0 interrupted iterations
load-k6-1  | fspiopQuotes   [   6% ] 25/40 VUs  0m19.0s/5m30.0s
load-k6-1  | 
load-k6-1  | 
load-k6-1  | running (0m20.0s), 26/40 VUs, 2284 complete and 0 interrupted iterations
load-k6-1  | fspiopQuotes   [   6% ] 26/40 VUs  0m20.0s/5m30.0s
load-k6-1  | 
load-k6-1  | 
load-k6-1  | running (0m21.0s), 28/40 VUs, 2410 complete and 0 interrupted iterations
load-k6-1  | fspiopQuotes   [   6% ] 28/40 VUs  0m21.0s/5m30.0s
load-k6-1  | 
load-k6-1  | 
load-k6-1  | running (0m22.0s), 29/40 VUs, 2542 complete and 0 interrupted iterations
load-k6-1  | fspiopQuotes   [   7% ] 29/40 VUs  0m22.0s/5m30.0s
load-k6-1  | 
load-k6-1  | 
load-k6-1  | running (0m23.0s), 30/40 VUs, 2666 complete and 0 interrupted iterations
load-k6-1  | fspiopQuotes   [   7% ] 30/40 VUs  0m23.0s/5m30.0s
load-k6-1  | 
load-k6-1  | 
load-k6-1  | running (0m24.0s), 32/40 VUs, 2791 complete and 0 interrupted iterations
load-k6-1  | fspiopQuotes   [   7% ] 32/40 VUs  0m24.0s/5m30.0s
load-k6-1  | 
load-k6-1  | 
load-k6-1  | running (0m25.0s), 33/40 VUs, 2915 complete and 0 interrupted iterations
load-k6-1  | fspiopQuotes   [   8% ] 33/40 VUs  0m25.0s/5m30.0s
load-k6-1  | 
load-k6-1  | 
load-k6-1  | running (0m26.0s), 34/40 VUs, 3041 complete and 0 interrupted iterations
load-k6-1  | fspiopQuotes   [   8% ] 34/40 VUs  0m26.0s/5m30.0s
load-k6-1  | 
load-k6-1  | 
load-k6-1  | running (0m27.0s), 36/40 VUs, 3163 complete and 0 interrupted iterations
load-k6-1  | fspiopQuotes   [   8% ] 36/40 VUs  0m27.0s/5m30.0s
load-k6-1  | 
load-k6-1  | 
load-k6-1  | running (0m28.0s), 37/40 VUs, 3289 complete and 0 interrupted iterations
load-k6-1  | fspiopQuotes   [   8% ] 37/40 VUs  0m28.0s/5m30.0s
load-k6-1  | 
load-k6-1  | 
load-k6-1  | running (0m29.0s), 38/40 VUs, 3423 complete and 0 interrupted iterations
load-k6-1  | fspiopQuotes   [   9% ] 38/40 VUs  0m29.0s/5m30.0s
load-k6-1  | 
load-k6-1  | 
load-k6-1  | running (0m30.0s), 39/40 VUs, 3548 complete and 0 interrupted iterations
load-k6-1  | fspiopQuotes   [   9% ] 39/40 VUs  0m30.0s/5m30.0s
load-k6-1  | 
load-k6-1  | 
load-k6-1  | running (0m31.0s), 40/40 VUs, 3682 complete and 0 interrupted iterations
load-k6-1  | fspiopQuotes   [   9% ] 40/40 VUs  0m31.0s/5m30.0s
load-k6-1  | 
load-k6-1  | 
load-k6-1  | running (0m32.0s), 40/40 VUs, 3809 complete and 0 interrupted iterations
load-k6-1  | fspiopQuotes   [  10% ] 40/40 VUs  0m32.0s/5m30.0s
load-k6-1  | 
load-k6-1  | 
load-k6-1  | running (0m33.0s), 40/40 VUs, 3941 complete and 0 interrupted iterations
load-k6-1  | fspiopQuotes   [  10% ] 40/40 VUs  0m33.0s/5m30.0s
load-k6-1  | 
load-k6-1  | 
load-k6-1  | running (0m34.0s), 40/40 VUs, 4073 complete and 0 interrupted iterations
load-k6-1  | fspiopQuotes   [  10% ] 40/40 VUs  0m34.0s/5m30.0s
load-k6-1  | 
load-k6-1  | 
load-k6-1  | running (0m35.0s), 40/40 VUs, 4206 complete and 0 interrupted iterations
load-k6-1  | fspiopQuotes   [  11% ] 40/40 VUs  0m35.0s/5m30.0s
load-k6-1  | 
load-k6-1  | 
load-k6-1  | running (0m36.0s), 40/40 VUs, 4330 complete and 0 interrupted iterations
load-k6-1  | fspiopQuotes   [  11% ] 40/40 VUs  0m36.0s/5m30.0s
load-k6-1  | 
load-k6-1  | 
load-k6-1  | running (0m37.0s), 40/40 VUs, 4454 complete and 0 interrupted iterations
load-k6-1  | fspiopQuotes   [  11% ] 40/40 VUs  0m37.0s/5m30.0s
load-k6-1  | 
load-k6-1  | 
load-k6-1  | running (0m38.0s), 40/40 VUs, 4586 complete and 0 interrupted iterations
load-k6-1  | fspiopQuotes   [  12% ] 40/40 VUs  0m38.0s/5m30.0s
load-k6-1  | 
load-k6-1  | 
load-k6-1  | running (0m39.0s), 40/40 VUs, 4715 complete and 0 interrupted iterations
load-k6-1  | fspiopQuotes   [  12% ] 40/40 VUs  0m39.0s/5m30.0s
load-k6-1  | 
load-k6-1  | 
load-k6-1  | running (0m40.0s), 40/40 VUs, 4841 complete and 0 interrupted iterations
load-k6-1  | fspiopQuotes   [  12% ] 40/40 VUs  0m40.0s/5m30.0s
load-k6-1  | 
load-k6-1  | 
load-k6-1  | running (0m41.0s), 40/40 VUs, 4968 complete and 0 interrupted iterations
load-k6-1  | fspiopQuotes   [  12% ] 40/40 VUs  0m41.0s/5m30.0s
load-k6-1  | 
load-k6-1  | 
load-k6-1  | running (0m42.0s), 40/40 VUs, 5098 complete and 0 interrupted iterations
load-k6-1  | fspiopQuotes   [  13% ] 40/40 VUs  0m42.0s/5m30.0s
load-k6-1  | 
load-k6-1  | 
load-k6-1  | running (0m43.0s), 40/40 VUs, 5232 complete and 0 interrupted iterations
load-k6-1  | fspiopQuotes   [  13% ] 40/40 VUs  0m43.0s/5m30.0s
load-k6-1  | 
load-k6-1  | 
load-k6-1  | running (0m44.0s), 40/40 VUs, 5356 complete and 0 interrupted iterations
load-k6-1  | fspiopQuotes   [  13% ] 40/40 VUs  0m44.0s/5m30.0s
load-k6-1  | 
load-k6-1  | 
load-k6-1  | running (0m45.0s), 40/40 VUs, 5492 complete and 0 interrupted iterations
load-k6-1  | fspiopQuotes   [  14% ] 40/40 VUs  0m45.0s/5m30.0s
load-k6-1  | 
load-k6-1  | 
load-k6-1  | running (0m46.0s), 40/40 VUs, 5627 complete and 0 interrupted iterations
load-k6-1  | fspiopQuotes   [  14% ] 40/40 VUs  0m46.0s/5m30.0s
load-k6-1  | 
load-k6-1  | 
load-k6-1  | running (0m47.0s), 40/40 VUs, 5762 complete and 0 interrupted iterations
load-k6-1  | fspiopQuotes   [  14% ] 40/40 VUs  0m47.0s/5m30.0s
load-k6-1  | 
load-k6-1  | 
load-k6-1  | running (0m48.0s), 40/40 VUs, 5897 complete and 0 interrupted iterations
load-k6-1  | fspiopQuotes   [  15% ] 40/40 VUs  0m48.0s/5m30.0s
load-k6-1  | 
load-k6-1  | 
load-k6-1  | running (0m49.0s), 40/40 VUs, 6028 complete and 0 interrupted iterations
load-k6-1  | fspiopQuotes   [  15% ] 40/40 VUs  0m49.0s/5m30.0s
load-k6-1  | 
load-k6-1  | 
load-k6-1  | running (0m50.0s), 40/40 VUs, 6161 complete and 0 interrupted iterations
load-k6-1  | fspiopQuotes   [  15% ] 40/40 VUs  0m50.0s/5m30.0s
load-k6-1  | 
load-k6-1  | 
load-k6-1  | running (0m51.0s), 40/40 VUs, 6293 complete and 0 interrupted iterations
load-k6-1  | fspiopQuotes   [  15% ] 40/40 VUs  0m51.0s/5m30.0s
load-k6-1  | 
load-k6-1  | 
load-k6-1  | running (0m52.0s), 40/40 VUs, 6423 complete and 0 interrupted iterations
load-k6-1  | fspiopQuotes   [  16% ] 40/40 VUs  0m52.0s/5m30.0s
load-k6-1  | 
load-k6-1  | 
load-k6-1  | running (0m53.0s), 40/40 VUs, 6550 complete and 0 interrupted iterations
load-k6-1  | fspiopQuotes   [  16% ] 40/40 VUs  0m53.0s/5m30.0s
load-k6-1  | 
load-k6-1  | 
load-k6-1  | running (0m54.0s), 40/40 VUs, 6680 complete and 0 interrupted iterations
load-k6-1  | fspiopQuotes   [  16% ] 40/40 VUs  0m54.0s/5m30.0s
load-k6-1  | 
load-k6-1  | 
load-k6-1  | running (0m55.0s), 40/40 VUs, 6809 complete and 0 interrupted iterations
load-k6-1  | fspiopQuotes   [  17% ] 40/40 VUs  0m55.0s/5m30.0s
load-k6-1  | 
load-k6-1  | 
load-k6-1  | running (0m56.0s), 40/40 VUs, 6940 complete and 0 interrupted iterations
load-k6-1  | fspiopQuotes   [  17% ] 40/40 VUs  0m56.0s/5m30.0s
load-k6-1  | 
load-k6-1  | 
load-k6-1  | running (0m57.0s), 40/40 VUs, 7068 complete and 0 interrupted iterations
load-k6-1  | fspiopQuotes   [  17% ] 40/40 VUs  0m57.0s/5m30.0s
load-k6-1  | 
load-k6-1  | 
load-k6-1  | running (0m58.0s), 40/40 VUs, 7200 complete and 0 interrupted iterations
load-k6-1  | fspiopQuotes   [  18% ] 40/40 VUs  0m58.0s/5m30.0s
load-k6-1  | 
load-k6-1  | 
load-k6-1  | running (0m59.0s), 40/40 VUs, 7332 complete and 0 interrupted iterations
load-k6-1  | fspiopQuotes   [  18% ] 40/40 VUs  0m59.0s/5m30.0s
load-k6-1  | 
load-k6-1  | 
load-k6-1  | running (1m00.0s), 40/40 VUs, 7469 complete and 0 interrupted iterations
load-k6-1  | fspiopQuotes   [  18% ] 40/40 VUs  1m00.0s/5m30.0s
load-k6-1  | 
load-k6-1  | 
load-k6-1  | running (1m01.0s), 40/40 VUs, 7604 complete and 0 interrupted iterations
load-k6-1  | fspiopQuotes   [  18% ] 40/40 VUs  1m01.0s/5m30.0s
load-k6-1  | 
load-k6-1  | 
load-k6-1  | running (1m02.0s), 40/40 VUs, 7729 complete and 0 interrupted iterations
load-k6-1  | fspiopQuotes   [  19% ] 40/40 VUs  1m02.0s/5m30.0s
load-k6-1  | 
load-k6-1  | 
load-k6-1  | running (1m03.0s), 40/40 VUs, 7852 complete and 0 interrupted iterations
load-k6-1  | fspiopQuotes   [  19% ] 40/40 VUs  1m03.0s/5m30.0s
load-k6-1  | 
load-k6-1  | 
load-k6-1  | running (1m04.0s), 40/40 VUs, 7994 complete and 0 interrupted iterations
load-k6-1  | fspiopQuotes   [  19% ] 40/40 VUs  1m04.0s/5m30.0s
load-k6-1  | 
load-k6-1  | 
load-k6-1  | running (1m05.0s), 40/40 VUs, 8122 complete and 0 interrupted iterations
load-k6-1  | fspiopQuotes   [  20% ] 40/40 VUs  1m05.0s/5m30.0s
load-k6-1  | 
load-k6-1  | 
load-k6-1  | running (1m06.0s), 40/40 VUs, 8251 complete and 0 interrupted iterations
load-k6-1  | fspiopQuotes   [  20% ] 40/40 VUs  1m06.0s/5m30.0s
load-k6-1  | 
load-k6-1  | 
load-k6-1  | running (1m07.0s), 40/40 VUs, 8385 complete and 0 interrupted iterations
load-k6-1  | fspiopQuotes   [  20% ] 40/40 VUs  1m07.0s/5m30.0s
load-k6-1  | 
load-k6-1  | 
load-k6-1  | running (1m08.0s), 40/40 VUs, 8514 complete and 0 interrupted iterations
load-k6-1  | fspiopQuotes   [  21% ] 40/40 VUs  1m08.0s/5m30.0s
load-k6-1  | 
load-k6-1  | 
load-k6-1  | running (1m09.0s), 40/40 VUs, 8648 complete and 0 interrupted iterations
load-k6-1  | fspiopQuotes   [  21% ] 40/40 VUs  1m09.0s/5m30.0s
load-k6-1  | 
load-k6-1  | 
load-k6-1  | running (1m10.0s), 40/40 VUs, 8787 complete and 0 interrupted iterations
load-k6-1  | fspiopQuotes   [  21% ] 40/40 VUs  1m10.0s/5m30.0s
load-k6-1  | 
load-k6-1  | 
load-k6-1  | running (1m11.0s), 40/40 VUs, 8915 complete and 0 interrupted iterations
load-k6-1  | fspiopQuotes   [  22% ] 40/40 VUs  1m11.0s/5m30.0s
load-k6-1  | 
load-k6-1  | 
load-k6-1  | running (1m12.0s), 40/40 VUs, 9041 complete and 0 interrupted iterations
load-k6-1  | fspiopQuotes   [  22% ] 40/40 VUs  1m12.0s/5m30.0s
load-k6-1  | 
load-k6-1  | 
load-k6-1  | running (1m13.0s), 40/40 VUs, 9173 complete and 0 interrupted iterations
load-k6-1  | fspiopQuotes   [  22% ] 40/40 VUs  1m13.0s/5m30.0s
load-k6-1  | 
load-k6-1  | 
load-k6-1  | running (1m14.0s), 40/40 VUs, 9300 complete and 0 interrupted iterations
load-k6-1  | fspiopQuotes   [  22% ] 40/40 VUs  1m14.0s/5m30.0s
load-k6-1  | 
load-k6-1  | 
load-k6-1  | running (1m15.0s), 40/40 VUs, 9429 complete and 0 interrupted iterations
load-k6-1  | fspiopQuotes   [  23% ] 40/40 VUs  1m15.0s/5m30.0s
load-k6-1  | 
load-k6-1  | 
load-k6-1  | running (1m16.0s), 40/40 VUs, 9558 complete and 0 interrupted iterations
load-k6-1  | fspiopQuotes   [  23% ] 40/40 VUs  1m16.0s/5m30.0s
load-k6-1  | 
load-k6-1  | 
load-k6-1  | running (1m17.0s), 40/40 VUs, 9695 complete and 0 interrupted iterations
load-k6-1  | fspiopQuotes   [  23% ] 40/40 VUs  1m17.0s/5m30.0s
load-k6-1  | 
load-k6-1  | 
load-k6-1  | running (1m18.0s), 40/40 VUs, 9825 complete and 0 interrupted iterations
load-k6-1  | fspiopQuotes   [  24% ] 40/40 VUs  1m18.0s/5m30.0s
load-k6-1  | 
load-k6-1  | 
load-k6-1  | running (1m19.0s), 40/40 VUs, 9952 complete and 0 interrupted iterations
load-k6-1  | fspiopQuotes   [  24% ] 40/40 VUs  1m19.0s/5m30.0s
load-k6-1  | 
load-k6-1  | 
load-k6-1  | running (1m20.0s), 40/40 VUs, 10091 complete and 0 interrupted iterations
load-k6-1  | fspiopQuotes   [  24% ] 40/40 VUs  1m20.0s/5m30.0s
load-k6-1  | 
load-k6-1  | 
load-k6-1  | running (1m21.0s), 40/40 VUs, 10217 complete and 0 interrupted iterations
load-k6-1  | fspiopQuotes   [  25% ] 40/40 VUs  1m21.0s/5m30.0s
load-k6-1  | 
load-k6-1  | 
load-k6-1  | running (1m22.0s), 40/40 VUs, 10346 complete and 0 interrupted iterations
load-k6-1  | fspiopQuotes   [  25% ] 40/40 VUs  1m22.0s/5m30.0s
load-k6-1  | 
load-k6-1  | 
load-k6-1  | running (1m23.0s), 40/40 VUs, 10479 complete and 0 interrupted iterations
load-k6-1  | fspiopQuotes   [  25% ] 40/40 VUs  1m23.0s/5m30.0s
load-k6-1  | 
load-k6-1  | 
load-k6-1  | running (1m24.0s), 40/40 VUs, 10602 complete and 0 interrupted iterations
load-k6-1  | fspiopQuotes   [  25% ] 40/40 VUs  1m24.0s/5m30.0s
load-k6-1  | 
load-k6-1  | 
load-k6-1  | running (1m25.0s), 40/40 VUs, 10731 complete and 0 interrupted iterations
load-k6-1  | fspiopQuotes   [  26% ] 40/40 VUs  1m25.0s/5m30.0s
load-k6-1  | 
load-k6-1  | 
load-k6-1  | running (1m26.0s), 40/40 VUs, 10858 complete and 0 interrupted iterations
load-k6-1  | fspiopQuotes   [  26% ] 40/40 VUs  1m26.0s/5m30.0s
load-k6-1  | 
load-k6-1  | 
load-k6-1  | running (1m27.0s), 40/40 VUs, 10987 complete and 0 interrupted iterations
load-k6-1  | fspiopQuotes   [  26% ] 40/40 VUs  1m27.0s/5m30.0s
load-k6-1  | 
load-k6-1  | 
load-k6-1  | running (1m28.0s), 40/40 VUs, 11113 complete and 0 interrupted iterations
load-k6-1  | fspiopQuotes   [  27% ] 40/40 VUs  1m28.0s/5m30.0s
load-k6-1  | 
load-k6-1  | 
load-k6-1  | running (1m29.0s), 40/40 VUs, 11244 complete and 0 interrupted iterations
load-k6-1  | fspiopQuotes   [  27% ] 40/40 VUs  1m29.0s/5m30.0s
load-k6-1  | 
load-k6-1  | 
load-k6-1  | running (1m30.0s), 40/40 VUs, 11379 complete and 0 interrupted iterations
load-k6-1  | fspiopQuotes   [  27% ] 40/40 VUs  1m30.0s/5m30.0s
load-k6-1  | 
load-k6-1  | 
load-k6-1  | running (1m31.0s), 40/40 VUs, 11507 complete and 0 interrupted iterations
load-k6-1  | fspiopQuotes   [  28% ] 40/40 VUs  1m31.0s/5m30.0s
load-k6-1  | 
load-k6-1  | 
load-k6-1  | running (1m32.0s), 40/40 VUs, 11641 complete and 0 interrupted iterations
load-k6-1  | fspiopQuotes   [  28% ] 40/40 VUs  1m32.0s/5m30.0s
load-k6-1  | 
load-k6-1  | 
load-k6-1  | running (1m33.0s), 40/40 VUs, 11765 complete and 0 interrupted iterations
load-k6-1  | fspiopQuotes   [  28% ] 40/40 VUs  1m33.0s/5m30.0s
load-k6-1  | 
load-k6-1  | 
load-k6-1  | running (1m34.0s), 40/40 VUs, 11889 complete and 0 interrupted iterations
load-k6-1  | fspiopQuotes   [  28% ] 40/40 VUs  1m34.0s/5m30.0s
load-k6-1  | 
load-k6-1  | 
load-k6-1  | running (1m35.0s), 40/40 VUs, 12013 complete and 0 interrupted iterations
load-k6-1  | fspiopQuotes   [  29% ] 40/40 VUs  1m35.0s/5m30.0s
load-k6-1  | 
load-k6-1  | 
load-k6-1  | running (1m36.0s), 40/40 VUs, 12146 complete and 0 interrupted iterations
load-k6-1  | fspiopQuotes   [  29% ] 40/40 VUs  1m36.0s/5m30.0s
load-k6-1  | 
load-k6-1  | 
load-k6-1  | running (1m37.0s), 40/40 VUs, 12269 complete and 0 interrupted iterations
load-k6-1  | fspiopQuotes   [  29% ] 40/40 VUs  1m37.0s/5m30.0s
load-k6-1  | 
load-k6-1  | 
load-k6-1  | running (1m38.0s), 40/40 VUs, 12395 complete and 0 interrupted iterations
load-k6-1  | fspiopQuotes   [  30% ] 40/40 VUs  1m38.0s/5m30.0s
load-k6-1  | 
load-k6-1  | 
load-k6-1  | running (1m39.0s), 40/40 VUs, 12518 complete and 0 interrupted iterations
load-k6-1  | fspiopQuotes   [  30% ] 40/40 VUs  1m39.0s/5m30.0s
load-k6-1  | 
load-k6-1  | 
load-k6-1  | running (1m40.0s), 40/40 VUs, 12653 complete and 0 interrupted iterations
load-k6-1  | fspiopQuotes   [  30% ] 40/40 VUs  1m40.0s/5m30.0s
load-k6-1  | 
load-k6-1  | 
load-k6-1  | running (1m41.0s), 40/40 VUs, 12794 complete and 0 interrupted iterations
load-k6-1  | fspiopQuotes   [  31% ] 40/40 VUs  1m41.0s/5m30.0s
load-k6-1  | 
load-k6-1  | 
load-k6-1  | running (1m42.0s), 40/40 VUs, 12930 complete and 0 interrupted iterations
load-k6-1  | fspiopQuotes   [  31% ] 40/40 VUs  1m42.0s/5m30.0s
load-k6-1  | 
load-k6-1  | 
load-k6-1  | running (1m43.0s), 40/40 VUs, 13069 complete and 0 interrupted iterations
load-k6-1  | fspiopQuotes   [  31% ] 40/40 VUs  1m43.0s/5m30.0s
load-k6-1  | 
load-k6-1  | 
load-k6-1  | running (1m44.0s), 40/40 VUs, 13195 complete and 0 interrupted iterations
load-k6-1  | fspiopQuotes   [  32% ] 40/40 VUs  1m44.0s/5m30.0s
load-k6-1  | 
load-k6-1  | 
load-k6-1  | running (1m45.0s), 40/40 VUs, 13321 complete and 0 interrupted iterations
load-k6-1  | fspiopQuotes   [  32% ] 40/40 VUs  1m45.0s/5m30.0s
load-k6-1  | 
load-k6-1  | 
load-k6-1  | running (1m46.0s), 40/40 VUs, 13447 complete and 0 interrupted iterations
load-k6-1  | fspiopQuotes   [  32% ] 40/40 VUs  1m46.0s/5m30.0s
load-k6-1  | 
load-k6-1  | 
load-k6-1  | running (1m47.0s), 40/40 VUs, 13579 complete and 0 interrupted iterations
load-k6-1  | fspiopQuotes   [  32% ] 40/40 VUs  1m47.0s/5m30.0s
load-k6-1  | 
load-k6-1  | 
load-k6-1  | running (1m48.0s), 40/40 VUs, 13708 complete and 0 interrupted iterations
load-k6-1  | fspiopQuotes   [  33% ] 40/40 VUs  1m48.0s/5m30.0s
load-k6-1  | 
load-k6-1  | 
load-k6-1  | running (1m49.0s), 40/40 VUs, 13831 complete and 0 interrupted iterations
load-k6-1  | fspiopQuotes   [  33% ] 40/40 VUs  1m49.0s/5m30.0s
load-k6-1  | 
load-k6-1  | 
load-k6-1  | running (1m50.0s), 40/40 VUs, 13967 complete and 0 interrupted iterations
load-k6-1  | fspiopQuotes   [  33% ] 40/40 VUs  1m50.0s/5m30.0s
load-k6-1  | 
load-k6-1  | 
load-k6-1  | running (1m51.0s), 40/40 VUs, 14094 complete and 0 interrupted iterations
load-k6-1  | fspiopQuotes   [  34% ] 40/40 VUs  1m51.0s/5m30.0s
load-k6-1  | 
load-k6-1  | 
load-k6-1  | running (1m52.0s), 40/40 VUs, 14217 complete and 0 interrupted iterations
load-k6-1  | fspiopQuotes   [  34% ] 40/40 VUs  1m52.0s/5m30.0s
load-k6-1  | 
load-k6-1  | 
load-k6-1  | running (1m53.0s), 40/40 VUs, 14347 complete and 0 interrupted iterations
load-k6-1  | fspiopQuotes   [  34% ] 40/40 VUs  1m53.0s/5m30.0s
load-k6-1  | 
load-k6-1  | 
load-k6-1  | running (1m54.0s), 40/40 VUs, 14478 complete and 0 interrupted iterations
load-k6-1  | fspiopQuotes   [  35% ] 40/40 VUs  1m54.0s/5m30.0s
load-k6-1  | 
load-k6-1  | 
load-k6-1  | running (1m55.0s), 40/40 VUs, 14602 complete and 0 interrupted iterations
load-k6-1  | fspiopQuotes   [  35% ] 40/40 VUs  1m55.0s/5m30.0s
load-k6-1  | 
load-k6-1  | 
load-k6-1  | running (1m56.0s), 40/40 VUs, 14731 complete and 0 interrupted iterations
load-k6-1  | fspiopQuotes   [  35% ] 40/40 VUs  1m56.0s/5m30.0s
load-k6-1  | 
load-k6-1  | 
load-k6-1  | running (1m57.0s), 40/40 VUs, 14859 complete and 0 interrupted iterations
load-k6-1  | fspiopQuotes   [  35% ] 40/40 VUs  1m57.0s/5m30.0s
load-k6-1  | 
load-k6-1  | 
load-k6-1  | running (1m58.0s), 40/40 VUs, 14982 complete and 0 interrupted iterations
load-k6-1  | fspiopQuotes   [  36% ] 40/40 VUs  1m58.0s/5m30.0s
load-k6-1  | 
load-k6-1  | 
load-k6-1  | running (1m59.0s), 40/40 VUs, 15110 complete and 0 interrupted iterations
load-k6-1  | fspiopQuotes   [  36% ] 40/40 VUs  1m59.0s/5m30.0s
load-k6-1  | 
load-k6-1  | 
load-k6-1  | running (2m00.0s), 40/40 VUs, 15230 complete and 0 interrupted iterations
load-k6-1  | fspiopQuotes   [  36% ] 40/40 VUs  2m00.0s/5m30.0s
load-k6-1  | 
load-k6-1  | 
load-k6-1  | running (2m01.0s), 40/40 VUs, 15350 complete and 0 interrupted iterations
load-k6-1  | fspiopQuotes   [  37% ] 40/40 VUs  2m01.0s/5m30.0s
load-k6-1  | 
load-k6-1  | 
load-k6-1  | running (2m02.0s), 40/40 VUs, 15478 complete and 0 interrupted iterations
load-k6-1  | fspiopQuotes   [  37% ] 40/40 VUs  2m02.0s/5m30.0s
load-k6-1  | 
load-k6-1  | 
load-k6-1  | running (2m03.0s), 40/40 VUs, 15606 complete and 0 interrupted iterations
load-k6-1  | fspiopQuotes   [  37% ] 40/40 VUs  2m03.0s/5m30.0s
load-k6-1  | 
load-k6-1  | 
load-k6-1  | running (2m04.0s), 40/40 VUs, 15737 complete and 0 interrupted iterations
load-k6-1  | fspiopQuotes   [  38% ] 40/40 VUs  2m04.0s/5m30.0s
load-k6-1  | 
load-k6-1  | 
load-k6-1  | running (2m05.0s), 40/40 VUs, 15861 complete and 0 interrupted iterations
load-k6-1  | fspiopQuotes   [  38% ] 40/40 VUs  2m05.0s/5m30.0s
load-k6-1  | 
load-k6-1  | 
load-k6-1  | running (2m06.0s), 40/40 VUs, 15999 complete and 0 interrupted iterations
load-k6-1  | fspiopQuotes   [  38% ] 40/40 VUs  2m06.0s/5m30.0s
load-k6-1  | 
load-k6-1  | 
load-k6-1  | running (2m07.0s), 40/40 VUs, 16135 complete and 0 interrupted iterations
load-k6-1  | fspiopQuotes   [  38% ] 40/40 VUs  2m07.0s/5m30.0s
load-k6-1  | 
load-k6-1  | 
load-k6-1  | running (2m08.0s), 40/40 VUs, 16264 complete and 0 interrupted iterations
load-k6-1  | fspiopQuotes   [  39% ] 40/40 VUs  2m08.0s/5m30.0s
load-k6-1  | 
load-k6-1  | 
load-k6-1  | running (2m09.0s), 40/40 VUs, 16399 complete and 0 interrupted iterations
load-k6-1  | fspiopQuotes   [  39% ] 40/40 VUs  2m09.0s/5m30.0s
load-k6-1  | 
load-k6-1  | 
load-k6-1  | running (2m10.0s), 40/40 VUs, 16530 complete and 0 interrupted iterations
load-k6-1  | fspiopQuotes   [  39% ] 40/40 VUs  2m10.0s/5m30.0s
load-k6-1  | 
load-k6-1  | 
load-k6-1  | running (2m11.0s), 40/40 VUs, 16659 complete and 0 interrupted iterations
load-k6-1  | fspiopQuotes   [  40% ] 40/40 VUs  2m11.0s/5m30.0s
load-k6-1  | 
load-k6-1  | 
load-k6-1  | running (2m12.0s), 40/40 VUs, 16792 complete and 0 interrupted iterations
load-k6-1  | fspiopQuotes   [  40% ] 40/40 VUs  2m12.0s/5m30.0s
load-k6-1  | 
load-k6-1  | 
load-k6-1  | running (2m13.0s), 40/40 VUs, 16920 complete and 0 interrupted iterations
load-k6-1  | fspiopQuotes   [  40% ] 40/40 VUs  2m13.0s/5m30.0s
load-k6-1  | 
load-k6-1  | 
load-k6-1  | running (2m14.0s), 40/40 VUs, 17050 complete and 0 interrupted iterations
load-k6-1  | fspiopQuotes   [  41% ] 40/40 VUs  2m14.0s/5m30.0s
load-k6-1  | 
load-k6-1  | 
load-k6-1  | running (2m15.0s), 40/40 VUs, 17180 complete and 0 interrupted iterations
load-k6-1  | fspiopQuotes   [  41% ] 40/40 VUs  2m15.0s/5m30.0s
load-k6-1  | 
load-k6-1  | 
load-k6-1  | running (2m16.0s), 40/40 VUs, 17311 complete and 0 interrupted iterations
load-k6-1  | fspiopQuotes   [  41% ] 40/40 VUs  2m16.0s/5m30.0s
load-k6-1  | 
load-k6-1  | 
load-k6-1  | running (2m17.0s), 40/40 VUs, 17443 complete and 0 interrupted iterations
load-k6-1  | fspiopQuotes   [  42% ] 40/40 VUs  2m17.0s/5m30.0s
load-k6-1  | 
load-k6-1  | 
load-k6-1  | running (2m18.0s), 40/40 VUs, 17583 complete and 0 interrupted iterations
load-k6-1  | fspiopQuotes   [  42% ] 40/40 VUs  2m18.0s/5m30.0s
load-k6-1  | 
load-k6-1  | 
load-k6-1  | running (2m19.0s), 40/40 VUs, 17711 complete and 0 interrupted iterations
load-k6-1  | fspiopQuotes   [  42% ] 40/40 VUs  2m19.0s/5m30.0s
load-k6-1  | 
load-k6-1  | 
load-k6-1  | running (2m20.0s), 40/40 VUs, 17847 complete and 0 interrupted iterations
load-k6-1  | fspiopQuotes   [  42% ] 40/40 VUs  2m20.0s/5m30.0s
load-k6-1  | 
load-k6-1  | 
load-k6-1  | running (2m21.0s), 40/40 VUs, 17980 complete and 0 interrupted iterations
load-k6-1  | fspiopQuotes   [  43% ] 40/40 VUs  2m21.0s/5m30.0s
load-k6-1  | 
load-k6-1  | 
load-k6-1  | running (2m22.0s), 40/40 VUs, 18108 complete and 0 interrupted iterations
load-k6-1  | fspiopQuotes   [  43% ] 40/40 VUs  2m22.0s/5m30.0s
load-k6-1  | 
load-k6-1  | 
load-k6-1  | running (2m23.0s), 40/40 VUs, 18238 complete and 0 interrupted iterations
load-k6-1  | fspiopQuotes   [  43% ] 40/40 VUs  2m23.0s/5m30.0s
load-k6-1  | 
load-k6-1  | 
load-k6-1  | running (2m24.0s), 40/40 VUs, 18369 complete and 0 interrupted iterations
load-k6-1  | fspiopQuotes   [  44% ] 40/40 VUs  2m24.0s/5m30.0s
load-k6-1  | 
load-k6-1  | 
load-k6-1  | running (2m25.0s), 40/40 VUs, 18497 complete and 0 interrupted iterations
load-k6-1  | fspiopQuotes   [  44% ] 40/40 VUs  2m25.0s/5m30.0s
load-k6-1  | 
load-k6-1  | 
load-k6-1  | running (2m26.0s), 40/40 VUs, 18621 complete and 0 interrupted iterations
load-k6-1  | fspiopQuotes   [  44% ] 40/40 VUs  2m26.0s/5m30.0s
load-k6-1  | 
load-k6-1  | 
load-k6-1  | running (2m27.0s), 40/40 VUs, 18747 complete and 0 interrupted iterations
load-k6-1  | fspiopQuotes   [  45% ] 40/40 VUs  2m27.0s/5m30.0s
load-k6-1  | 
load-k6-1  | 
load-k6-1  | running (2m28.0s), 40/40 VUs, 18880 complete and 0 interrupted iterations
load-k6-1  | fspiopQuotes   [  45% ] 40/40 VUs  2m28.0s/5m30.0s
load-k6-1  | 
load-k6-1  | 
load-k6-1  | running (2m29.0s), 40/40 VUs, 19009 complete and 0 interrupted iterations
load-k6-1  | fspiopQuotes   [  45% ] 40/40 VUs  2m29.0s/5m30.0s
load-k6-1  | 
load-k6-1  | 
load-k6-1  | running (2m30.0s), 40/40 VUs, 19136 complete and 0 interrupted iterations
load-k6-1  | fspiopQuotes   [  45% ] 40/40 VUs  2m30.0s/5m30.0s
load-k6-1  | 
load-k6-1  | 
load-k6-1  | running (2m31.0s), 40/40 VUs, 19266 complete and 0 interrupted iterations
load-k6-1  | fspiopQuotes   [  46% ] 40/40 VUs  2m31.0s/5m30.0s
load-k6-1  | 
load-k6-1  | 
load-k6-1  | running (2m32.0s), 40/40 VUs, 19395 complete and 0 interrupted iterations
load-k6-1  | fspiopQuotes   [  46% ] 40/40 VUs  2m32.0s/5m30.0s
load-k6-1  | 
load-k6-1  | 
load-k6-1  | running (2m33.0s), 40/40 VUs, 19519 complete and 0 interrupted iterations
load-k6-1  | fspiopQuotes   [  46% ] 40/40 VUs  2m33.0s/5m30.0s
load-k6-1  | 
load-k6-1  | 
load-k6-1  | running (2m34.0s), 40/40 VUs, 19662 complete and 0 interrupted iterations
load-k6-1  | fspiopQuotes   [  47% ] 40/40 VUs  2m34.0s/5m30.0s
load-k6-1  | 
load-k6-1  | 
load-k6-1  | running (2m35.0s), 40/40 VUs, 19791 complete and 0 interrupted iterations
load-k6-1  | fspiopQuotes   [  47% ] 40/40 VUs  2m35.0s/5m30.0s
load-k6-1  | 
load-k6-1  | 
load-k6-1  | running (2m36.0s), 40/40 VUs, 19927 complete and 0 interrupted iterations
load-k6-1  | fspiopQuotes   [  47% ] 40/40 VUs  2m36.0s/5m30.0s
load-k6-1  | 
load-k6-1  | 
load-k6-1  | running (2m37.0s), 40/40 VUs, 20065 complete and 0 interrupted iterations
load-k6-1  | fspiopQuotes   [  48% ] 40/40 VUs  2m37.0s/5m30.0s
load-k6-1  | 
load-k6-1  | 
load-k6-1  | running (2m38.0s), 40/40 VUs, 20189 complete and 0 interrupted iterations
load-k6-1  | fspiopQuotes   [  48% ] 40/40 VUs  2m38.0s/5m30.0s
load-k6-1  | 
load-k6-1  | 
load-k6-1  | running (2m39.0s), 40/40 VUs, 20316 complete and 0 interrupted iterations
load-k6-1  | fspiopQuotes   [  48% ] 40/40 VUs  2m39.0s/5m30.0s
load-k6-1  | 
load-k6-1  | 
load-k6-1  | running (2m40.0s), 40/40 VUs, 20441 complete and 0 interrupted iterations
load-k6-1  | fspiopQuotes   [  48% ] 40/40 VUs  2m40.0s/5m30.0s
load-k6-1  | 
load-k6-1  | 
load-k6-1  | running (2m41.0s), 40/40 VUs, 20569 complete and 0 interrupted iterations
load-k6-1  | fspiopQuotes   [  49% ] 40/40 VUs  2m41.0s/5m30.0s
load-k6-1  | 
load-k6-1  | 
load-k6-1  | running (2m42.0s), 40/40 VUs, 20699 complete and 0 interrupted iterations
load-k6-1  | fspiopQuotes   [  49% ] 40/40 VUs  2m42.0s/5m30.0s
load-k6-1  | 
load-k6-1  | 
load-k6-1  | running (2m43.0s), 40/40 VUs, 20828 complete and 0 interrupted iterations
load-k6-1  | fspiopQuotes   [  49% ] 40/40 VUs  2m43.0s/5m30.0s
load-k6-1  | 
load-k6-1  | 
load-k6-1  | running (2m44.0s), 40/40 VUs, 20964 complete and 0 interrupted iterations
load-k6-1  | fspiopQuotes   [  50% ] 40/40 VUs  2m44.0s/5m30.0s
load-k6-1  | 
load-k6-1  | 
load-k6-1  | running (2m45.0s), 40/40 VUs, 21097 complete and 0 interrupted iterations
load-k6-1  | fspiopQuotes   [  50% ] 40/40 VUs  2m45.0s/5m30.0s
load-k6-1  | 
load-k6-1  | 
load-k6-1  | running (2m46.0s), 40/40 VUs, 21227 complete and 0 interrupted iterations
load-k6-1  | fspiopQuotes   [  50% ] 40/40 VUs  2m46.0s/5m30.0s
load-k6-1  | 
load-k6-1  | 
load-k6-1  | running (2m47.0s), 40/40 VUs, 21358 complete and 0 interrupted iterations
load-k6-1  | fspiopQuotes   [  51% ] 40/40 VUs  2m47.0s/5m30.0s
load-k6-1  | 
load-k6-1  | 
load-k6-1  | running (2m48.0s), 40/40 VUs, 21484 complete and 0 interrupted iterations
load-k6-1  | fspiopQuotes   [  51% ] 40/40 VUs  2m48.0s/5m30.0s
load-k6-1  | 
load-k6-1  | 
load-k6-1  | running (2m49.0s), 40/40 VUs, 21613 complete and 0 interrupted iterations
load-k6-1  | fspiopQuotes   [  51% ] 40/40 VUs  2m49.0s/5m30.0s
load-k6-1  | 
load-k6-1  | 
load-k6-1  | running (2m50.0s), 40/40 VUs, 21741 complete and 0 interrupted iterations
load-k6-1  | fspiopQuotes   [  52% ] 40/40 VUs  2m50.0s/5m30.0s
load-k6-1  | 
load-k6-1  | 
load-k6-1  | running (2m51.0s), 40/40 VUs, 21878 complete and 0 interrupted iterations
load-k6-1  | fspiopQuotes   [  52% ] 40/40 VUs  2m51.0s/5m30.0s
load-k6-1  | 
load-k6-1  | 
load-k6-1  | running (2m52.0s), 40/40 VUs, 22007 complete and 0 interrupted iterations
load-k6-1  | fspiopQuotes   [  52% ] 40/40 VUs  2m52.0s/5m30.0s
load-k6-1  | 
load-k6-1  | 
load-k6-1  | running (2m53.0s), 40/40 VUs, 22138 complete and 0 interrupted iterations
load-k6-1  | fspiopQuotes   [  52% ] 40/40 VUs  2m53.0s/5m30.0s
load-k6-1  | 
load-k6-1  | 
load-k6-1  | running (2m54.0s), 40/40 VUs, 22272 complete and 0 interrupted iterations
load-k6-1  | fspiopQuotes   [  53% ] 40/40 VUs  2m54.0s/5m30.0s
load-k6-1  | 
load-k6-1  | 
load-k6-1  | running (2m55.0s), 40/40 VUs, 22400 complete and 0 interrupted iterations
load-k6-1  | fspiopQuotes   [  53% ] 40/40 VUs  2m55.0s/5m30.0s
load-k6-1  | 
load-k6-1  | 
load-k6-1  | running (2m56.0s), 40/40 VUs, 22527 complete and 0 interrupted iterations
load-k6-1  | fspiopQuotes   [  53% ] 40/40 VUs  2m56.0s/5m30.0s
load-k6-1  | 
load-k6-1  | 
load-k6-1  | running (2m57.0s), 40/40 VUs, 22656 complete and 0 interrupted iterations
load-k6-1  | fspiopQuotes   [  54% ] 40/40 VUs  2m57.0s/5m30.0s
load-k6-1  | 
load-k6-1  | 
load-k6-1  | running (2m58.0s), 40/40 VUs, 22783 complete and 0 interrupted iterations
load-k6-1  | fspiopQuotes   [  54% ] 40/40 VUs  2m58.0s/5m30.0s
load-k6-1  | 
load-k6-1  | 
load-k6-1  | running (2m59.0s), 40/40 VUs, 22908 complete and 0 interrupted iterations
load-k6-1  | fspiopQuotes   [  54% ] 40/40 VUs  2m59.0s/5m30.0s
load-k6-1  | 
load-k6-1  | 
load-k6-1  | running (3m00.0s), 40/40 VUs, 23040 complete and 0 interrupted iterations
load-k6-1  | fspiopQuotes   [  55% ] 40/40 VUs  3m00.0s/5m30.0s
load-k6-1  | 
load-k6-1  | 
load-k6-1  | running (3m01.0s), 40/40 VUs, 23166 complete and 0 interrupted iterations
load-k6-1  | fspiopQuotes   [  55% ] 40/40 VUs  3m01.0s/5m30.0s
load-k6-1  | 
load-k6-1  | 
load-k6-1  | running (3m02.0s), 40/40 VUs, 23292 complete and 0 interrupted iterations
load-k6-1  | fspiopQuotes   [  55% ] 40/40 VUs  3m02.0s/5m30.0s
load-k6-1  | 
load-k6-1  | 
load-k6-1  | running (3m03.0s), 40/40 VUs, 23434 complete and 0 interrupted iterations
load-k6-1  | fspiopQuotes   [  55% ] 40/40 VUs  3m03.0s/5m30.0s
load-k6-1  | 
load-k6-1  | 
load-k6-1  | running (3m04.0s), 40/40 VUs, 23564 complete and 0 interrupted iterations
load-k6-1  | fspiopQuotes   [  56% ] 40/40 VUs  3m04.0s/5m30.0s
load-k6-1  | 
load-k6-1  | 
load-k6-1  | running (3m05.0s), 40/40 VUs, 23698 complete and 0 interrupted iterations
load-k6-1  | fspiopQuotes   [  56% ] 40/40 VUs  3m05.0s/5m30.0s
load-k6-1  | 
load-k6-1  | 
load-k6-1  | running (3m06.0s), 40/40 VUs, 23830 complete and 0 interrupted iterations
load-k6-1  | fspiopQuotes   [  56% ] 40/40 VUs  3m06.0s/5m30.0s
load-k6-1  | 
load-k6-1  | 
load-k6-1  | running (3m07.0s), 40/40 VUs, 23961 complete and 0 interrupted iterations
load-k6-1  | fspiopQuotes   [  57% ] 40/40 VUs  3m07.0s/5m30.0s
load-k6-1  | 
load-k6-1  | 
load-k6-1  | running (3m08.0s), 40/40 VUs, 24093 complete and 0 interrupted iterations
load-k6-1  | fspiopQuotes   [  57% ] 40/40 VUs  3m08.0s/5m30.0s
load-k6-1  | 
load-k6-1  | 
load-k6-1  | running (3m09.0s), 40/40 VUs, 24230 complete and 0 interrupted iterations
load-k6-1  | fspiopQuotes   [  57% ] 40/40 VUs  3m09.0s/5m30.0s
load-k6-1  | 
load-k6-1  | 
load-k6-1  | running (3m10.0s), 40/40 VUs, 24355 complete and 0 interrupted iterations
load-k6-1  | fspiopQuotes   [  58% ] 40/40 VUs  3m10.0s/5m30.0s
load-k6-1  | 
load-k6-1  | 
load-k6-1  | running (3m11.0s), 40/40 VUs, 24487 complete and 0 interrupted iterations
load-k6-1  | fspiopQuotes   [  58% ] 40/40 VUs  3m11.0s/5m30.0s
load-k6-1  | 
load-k6-1  | 
load-k6-1  | running (3m12.0s), 40/40 VUs, 24620 complete and 0 interrupted iterations
load-k6-1  | fspiopQuotes   [  58% ] 40/40 VUs  3m12.0s/5m30.0s
load-k6-1  | 
load-k6-1  | 
load-k6-1  | running (3m13.0s), 40/40 VUs, 24743 complete and 0 interrupted iterations
load-k6-1  | fspiopQuotes   [  58% ] 40/40 VUs  3m13.0s/5m30.0s
load-k6-1  | 
load-k6-1  | 
load-k6-1  | running (3m14.0s), 40/40 VUs, 24873 complete and 0 interrupted iterations
load-k6-1  | fspiopQuotes   [  59% ] 40/40 VUs  3m14.0s/5m30.0s
load-k6-1  | 
load-k6-1  | 
load-k6-1  | running (3m15.0s), 40/40 VUs, 25006 complete and 0 interrupted iterations
load-k6-1  | fspiopQuotes   [  59% ] 40/40 VUs  3m15.0s/5m30.0s
load-k6-1  | 
load-k6-1  | 
load-k6-1  | running (3m16.0s), 40/40 VUs, 25132 complete and 0 interrupted iterations
load-k6-1  | fspiopQuotes   [  59% ] 40/40 VUs  3m16.0s/5m30.0s
load-k6-1  | 
load-k6-1  | 
load-k6-1  | running (3m17.0s), 40/40 VUs, 25263 complete and 0 interrupted iterations
load-k6-1  | fspiopQuotes   [  60% ] 40/40 VUs  3m17.0s/5m30.0s
load-k6-1  | 
load-k6-1  | 
load-k6-1  | running (3m18.0s), 40/40 VUs, 25395 complete and 0 interrupted iterations
load-k6-1  | fspiopQuotes   [  60% ] 40/40 VUs  3m18.0s/5m30.0s
load-k6-1  | 
load-k6-1  | 
load-k6-1  | running (3m19.0s), 40/40 VUs, 25524 complete and 0 interrupted iterations
load-k6-1  | fspiopQuotes   [  60% ] 40/40 VUs  3m19.0s/5m30.0s
load-k6-1  | 
load-k6-1  | 
load-k6-1  | running (3m20.0s), 40/40 VUs, 25652 complete and 0 interrupted iterations
load-k6-1  | fspiopQuotes   [  61% ] 40/40 VUs  3m20.0s/5m30.0s
load-k6-1  | 
load-k6-1  | 
load-k6-1  | running (3m21.0s), 40/40 VUs, 25785 complete and 0 interrupted iterations
load-k6-1  | fspiopQuotes   [  61% ] 40/40 VUs  3m21.0s/5m30.0s
load-k6-1  | 
load-k6-1  | 
load-k6-1  | running (3m22.0s), 40/40 VUs, 25912 complete and 0 interrupted iterations
load-k6-1  | fspiopQuotes   [  61% ] 40/40 VUs  3m22.0s/5m30.0s
load-k6-1  | 
load-k6-1  | 
load-k6-1  | running (3m23.0s), 40/40 VUs, 26042 complete and 0 interrupted iterations
load-k6-1  | fspiopQuotes   [  62% ] 40/40 VUs  3m23.0s/5m30.0s
load-k6-1  | 
load-k6-1  | 
load-k6-1  | running (3m24.0s), 40/40 VUs, 26170 complete and 0 interrupted iterations
load-k6-1  | fspiopQuotes   [  62% ] 40/40 VUs  3m24.0s/5m30.0s
load-k6-1  | 
load-k6-1  | 
load-k6-1  | running (3m25.0s), 40/40 VUs, 26297 complete and 0 interrupted iterations
load-k6-1  | fspiopQuotes   [  62% ] 40/40 VUs  3m25.0s/5m30.0s
load-k6-1  | 
load-k6-1  | 
load-k6-1  | running (3m26.0s), 40/40 VUs, 26429 complete and 0 interrupted iterations
load-k6-1  | fspiopQuotes   [  62% ] 40/40 VUs  3m26.0s/5m30.0s
load-k6-1  | 
load-k6-1  | 
load-k6-1  | running (3m27.0s), 40/40 VUs, 26558 complete and 0 interrupted iterations
load-k6-1  | fspiopQuotes   [  63% ] 40/40 VUs  3m27.0s/5m30.0s
load-k6-1  | 
load-k6-1  | 
load-k6-1  | running (3m28.0s), 40/40 VUs, 26687 complete and 0 interrupted iterations
load-k6-1  | fspiopQuotes   [  63% ] 40/40 VUs  3m28.0s/5m30.0s
load-k6-1  | 
load-k6-1  | 
load-k6-1  | running (3m29.0s), 40/40 VUs, 26823 complete and 0 interrupted iterations
load-k6-1  | fspiopQuotes   [  63% ] 40/40 VUs  3m29.0s/5m30.0s
load-k6-1  | 
load-k6-1  | 
load-k6-1  | running (3m30.0s), 40/40 VUs, 26959 complete and 0 interrupted iterations
load-k6-1  | fspiopQuotes   [  64% ] 40/40 VUs  3m30.0s/5m30.0s
load-k6-1  | 
load-k6-1  | 
load-k6-1  | running (3m31.0s), 40/40 VUs, 27097 complete and 0 interrupted iterations
load-k6-1  | fspiopQuotes   [  64% ] 40/40 VUs  3m31.0s/5m30.0s
load-k6-1  | 
load-k6-1  | 
load-k6-1  | running (3m32.0s), 40/40 VUs, 27230 complete and 0 interrupted iterations
load-k6-1  | fspiopQuotes   [  64% ] 40/40 VUs  3m32.0s/5m30.0s
load-k6-1  | 
load-k6-1  | 
load-k6-1  | running (3m33.0s), 40/40 VUs, 27364 complete and 0 interrupted iterations
load-k6-1  | fspiopQuotes   [  65% ] 40/40 VUs  3m33.0s/5m30.0s
load-k6-1  | 
load-k6-1  | 
load-k6-1  | running (3m34.0s), 40/40 VUs, 27498 complete and 0 interrupted iterations
load-k6-1  | fspiopQuotes   [  65% ] 40/40 VUs  3m34.0s/5m30.0s
load-k6-1  | 
load-k6-1  | 
load-k6-1  | running (3m35.0s), 40/40 VUs, 27621 complete and 0 interrupted iterations
load-k6-1  | fspiopQuotes   [  65% ] 40/40 VUs  3m35.0s/5m30.0s
load-k6-1  | 
load-k6-1  | 
load-k6-1  | running (3m36.0s), 40/40 VUs, 27758 complete and 0 interrupted iterations
load-k6-1  | fspiopQuotes   [  65% ] 40/40 VUs  3m36.0s/5m30.0s
load-k6-1  | 
load-k6-1  | 
load-k6-1  | running (3m37.0s), 40/40 VUs, 27882 complete and 0 interrupted iterations
load-k6-1  | fspiopQuotes   [  66% ] 40/40 VUs  3m37.0s/5m30.0s
load-k6-1  | 
load-k6-1  | 
load-k6-1  | running (3m38.0s), 40/40 VUs, 28004 complete and 0 interrupted iterations
load-k6-1  | fspiopQuotes   [  66% ] 40/40 VUs  3m38.0s/5m30.0s
load-k6-1  | 
load-k6-1  | 
load-k6-1  | running (3m39.0s), 40/40 VUs, 28129 complete and 0 interrupted iterations
load-k6-1  | fspiopQuotes   [  66% ] 40/40 VUs  3m39.0s/5m30.0s
load-k6-1  | 
load-k6-1  | 
load-k6-1  | running (3m40.0s), 40/40 VUs, 28259 complete and 0 interrupted iterations
load-k6-1  | fspiopQuotes   [  67% ] 40/40 VUs  3m40.0s/5m30.0s
load-k6-1  | 
load-k6-1  | 
load-k6-1  | running (3m41.0s), 40/40 VUs, 28387 complete and 0 interrupted iterations
load-k6-1  | fspiopQuotes   [  67% ] 40/40 VUs  3m41.0s/5m30.0s
load-k6-1  | 
load-k6-1  | 
load-k6-1  | running (3m42.0s), 40/40 VUs, 28517 complete and 0 interrupted iterations
load-k6-1  | fspiopQuotes   [  67% ] 40/40 VUs  3m42.0s/5m30.0s
load-k6-1  | 
load-k6-1  | 
load-k6-1  | running (3m43.0s), 40/40 VUs, 28646 complete and 0 interrupted iterations
load-k6-1  | fspiopQuotes   [  68% ] 40/40 VUs  3m43.0s/5m30.0s
load-k6-1  | 
load-k6-1  | 
load-k6-1  | running (3m44.0s), 40/40 VUs, 28769 complete and 0 interrupted iterations
load-k6-1  | fspiopQuotes   [  68% ] 40/40 VUs  3m44.0s/5m30.0s
load-k6-1  | 
load-k6-1  | 
load-k6-1  | running (3m45.0s), 40/40 VUs, 28897 complete and 0 interrupted iterations
load-k6-1  | fspiopQuotes   [  68% ] 40/40 VUs  3m45.0s/5m30.0s
load-k6-1  | 
load-k6-1  | 
load-k6-1  | running (3m46.0s), 40/40 VUs, 29024 complete and 0 interrupted iterations
load-k6-1  | fspiopQuotes   [  68% ] 40/40 VUs  3m46.0s/5m30.0s
load-k6-1  | 
load-k6-1  | 
load-k6-1  | running (3m47.0s), 40/40 VUs, 29154 complete and 0 interrupted iterations
load-k6-1  | fspiopQuotes   [  69% ] 40/40 VUs  3m47.0s/5m30.0s
load-k6-1  | 
load-k6-1  | 
load-k6-1  | running (3m48.0s), 40/40 VUs, 29276 complete and 0 interrupted iterations
load-k6-1  | fspiopQuotes   [  69% ] 40/40 VUs  3m48.0s/5m30.0s
load-k6-1  | 
load-k6-1  | 
load-k6-1  | running (3m49.0s), 40/40 VUs, 29406 complete and 0 interrupted iterations
load-k6-1  | fspiopQuotes   [  69% ] 40/40 VUs  3m49.0s/5m30.0s
load-k6-1  | 
load-k6-1  | 
load-k6-1  | running (3m50.0s), 40/40 VUs, 29528 complete and 0 interrupted iterations
load-k6-1  | fspiopQuotes   [  70% ] 40/40 VUs  3m50.0s/5m30.0s
load-k6-1  | 
load-k6-1  | 
load-k6-1  | running (3m51.0s), 40/40 VUs, 29658 complete and 0 interrupted iterations
load-k6-1  | fspiopQuotes   [  70% ] 40/40 VUs  3m51.0s/5m30.0s
load-k6-1  | 
load-k6-1  | 
load-k6-1  | running (3m52.0s), 40/40 VUs, 29793 complete and 0 interrupted iterations
load-k6-1  | fspiopQuotes   [  70% ] 40/40 VUs  3m52.0s/5m30.0s
load-k6-1  | 
load-k6-1  | 
load-k6-1  | running (3m53.0s), 40/40 VUs, 29923 complete and 0 interrupted iterations
load-k6-1  | fspiopQuotes   [  71% ] 40/40 VUs  3m53.0s/5m30.0s
load-k6-1  | 
load-k6-1  | 
load-k6-1  | running (3m54.0s), 40/40 VUs, 30058 complete and 0 interrupted iterations
load-k6-1  | fspiopQuotes   [  71% ] 40/40 VUs  3m54.0s/5m30.0s
load-k6-1  | 
load-k6-1  | 
load-k6-1  | running (3m55.0s), 40/40 VUs, 30195 complete and 0 interrupted iterations
load-k6-1  | fspiopQuotes   [  71% ] 40/40 VUs  3m55.0s/5m30.0s
load-k6-1  | 
load-k6-1  | 
load-k6-1  | running (3m56.0s), 40/40 VUs, 30330 complete and 0 interrupted iterations
load-k6-1  | fspiopQuotes   [  72% ] 40/40 VUs  3m56.0s/5m30.0s
load-k6-1  | 
load-k6-1  | 
load-k6-1  | running (3m57.0s), 40/40 VUs, 30466 complete and 0 interrupted iterations
load-k6-1  | fspiopQuotes   [  72% ] 40/40 VUs  3m57.0s/5m30.0s
load-k6-1  | 
load-k6-1  | 
load-k6-1  | running (3m58.0s), 40/40 VUs, 30603 complete and 0 interrupted iterations
load-k6-1  | fspiopQuotes   [  72% ] 40/40 VUs  3m58.0s/5m30.0s
load-k6-1  | 
load-k6-1  | 
load-k6-1  | running (3m59.0s), 40/40 VUs, 30733 complete and 0 interrupted iterations
load-k6-1  | fspiopQuotes   [  72% ] 40/40 VUs  3m59.0s/5m30.0s
load-k6-1  | 
load-k6-1  | 
load-k6-1  | running (4m00.0s), 40/40 VUs, 30862 complete and 0 interrupted iterations
load-k6-1  | fspiopQuotes   [  73% ] 40/40 VUs  4m00.0s/5m30.0s
load-k6-1  | 
load-k6-1  | 
load-k6-1  | running (4m01.0s), 40/40 VUs, 30987 complete and 0 interrupted iterations
load-k6-1  | fspiopQuotes   [  73% ] 40/40 VUs  4m01.0s/5m30.0s
load-k6-1  | 
load-k6-1  | 
load-k6-1  | running (4m02.0s), 40/40 VUs, 31112 complete and 0 interrupted iterations
load-k6-1  | fspiopQuotes   [  73% ] 40/40 VUs  4m02.0s/5m30.0s
load-k6-1  | 
load-k6-1  | 
load-k6-1  | running (4m03.0s), 40/40 VUs, 31238 complete and 0 interrupted iterations
load-k6-1  | fspiopQuotes   [  74% ] 40/40 VUs  4m03.0s/5m30.0s
load-k6-1  | 
load-k6-1  | 
load-k6-1  | running (4m04.0s), 40/40 VUs, 31374 complete and 0 interrupted iterations
load-k6-1  | fspiopQuotes   [  74% ] 40/40 VUs  4m04.0s/5m30.0s
load-k6-1  | 
load-k6-1  | 
load-k6-1  | running (4m05.0s), 40/40 VUs, 31502 complete and 0 interrupted iterations
load-k6-1  | fspiopQuotes   [  74% ] 40/40 VUs  4m05.0s/5m30.0s
load-k6-1  | 
load-k6-1  | 
load-k6-1  | running (4m06.0s), 40/40 VUs, 31637 complete and 0 interrupted iterations
load-k6-1  | fspiopQuotes   [  75% ] 40/40 VUs  4m06.0s/5m30.0s
load-k6-1  | 
load-k6-1  | 
load-k6-1  | running (4m07.0s), 40/40 VUs, 31767 complete and 0 interrupted iterations
load-k6-1  | fspiopQuotes   [  75% ] 40/40 VUs  4m07.0s/5m30.0s
load-k6-1  | 
load-k6-1  | 
load-k6-1  | running (4m08.0s), 40/40 VUs, 31897 complete and 0 interrupted iterations
load-k6-1  | fspiopQuotes   [  75% ] 40/40 VUs  4m08.0s/5m30.0s
load-k6-1  | 
load-k6-1  | 
load-k6-1  | running (4m09.0s), 40/40 VUs, 32025 complete and 0 interrupted iterations
load-k6-1  | fspiopQuotes   [  75% ] 40/40 VUs  4m09.0s/5m30.0s
load-k6-1  | 
load-k6-1  | 
load-k6-1  | running (4m10.0s), 40/40 VUs, 32156 complete and 0 interrupted iterations
load-k6-1  | fspiopQuotes   [  76% ] 40/40 VUs  4m10.0s/5m30.0s
load-k6-1  | 
load-k6-1  | 
load-k6-1  | running (4m11.0s), 40/40 VUs, 32283 complete and 0 interrupted iterations
load-k6-1  | fspiopQuotes   [  76% ] 40/40 VUs  4m11.0s/5m30.0s
load-k6-1  | 
load-k6-1  | 
load-k6-1  | running (4m12.0s), 40/40 VUs, 32416 complete and 0 interrupted iterations
load-k6-1  | fspiopQuotes   [  76% ] 40/40 VUs  4m12.0s/5m30.0s
load-k6-1  | 
load-k6-1  | 
load-k6-1  | running (4m13.0s), 40/40 VUs, 32544 complete and 0 interrupted iterations
load-k6-1  | fspiopQuotes   [  77% ] 40/40 VUs  4m13.0s/5m30.0s
load-k6-1  | 
load-k6-1  | 
load-k6-1  | running (4m14.0s), 40/40 VUs, 32670 complete and 0 interrupted iterations
load-k6-1  | fspiopQuotes   [  77% ] 40/40 VUs  4m14.0s/5m30.0s
load-k6-1  | 
load-k6-1  | 
load-k6-1  | running (4m15.0s), 40/40 VUs, 32802 complete and 0 interrupted iterations
load-k6-1  | fspiopQuotes   [  77% ] 40/40 VUs  4m15.0s/5m30.0s
load-k6-1  | 
load-k6-1  | 
load-k6-1  | running (4m16.0s), 40/40 VUs, 32927 complete and 0 interrupted iterations
load-k6-1  | fspiopQuotes   [  78% ] 40/40 VUs  4m16.0s/5m30.0s
load-k6-1  | 
load-k6-1  | 
load-k6-1  | running (4m17.0s), 40/40 VUs, 33058 complete and 0 interrupted iterations
load-k6-1  | fspiopQuotes   [  78% ] 40/40 VUs  4m17.0s/5m30.0s
load-k6-1  | 
load-k6-1  | 
load-k6-1  | running (4m18.0s), 40/40 VUs, 33189 complete and 0 interrupted iterations
load-k6-1  | fspiopQuotes   [  78% ] 40/40 VUs  4m18.0s/5m30.0s
load-k6-1  | 
load-k6-1  | 
load-k6-1  | running (4m19.0s), 40/40 VUs, 33328 complete and 0 interrupted iterations
load-k6-1  | fspiopQuotes   [  78% ] 40/40 VUs  4m19.0s/5m30.0s
load-k6-1  | 
load-k6-1  | 
load-k6-1  | running (4m20.0s), 40/40 VUs, 33459 complete and 0 interrupted iterations
load-k6-1  | fspiopQuotes   [  79% ] 40/40 VUs  4m20.0s/5m30.0s
load-k6-1  | 
load-k6-1  | 
load-k6-1  | running (4m21.0s), 40/40 VUs, 33593 complete and 0 interrupted iterations
load-k6-1  | fspiopQuotes   [  79% ] 40/40 VUs  4m21.0s/5m30.0s
load-k6-1  | 
load-k6-1  | 
load-k6-1  | running (4m22.0s), 40/40 VUs, 33724 complete and 0 interrupted iterations
load-k6-1  | fspiopQuotes   [  79% ] 40/40 VUs  4m22.0s/5m30.0s
load-k6-1  | 
load-k6-1  | 
load-k6-1  | running (4m23.0s), 40/40 VUs, 33852 complete and 0 interrupted iterations
load-k6-1  | fspiopQuotes   [  80% ] 40/40 VUs  4m23.0s/5m30.0s
load-k6-1  | 
load-k6-1  | 
load-k6-1  | running (4m24.0s), 40/40 VUs, 33977 complete and 0 interrupted iterations
load-k6-1  | fspiopQuotes   [  80% ] 40/40 VUs  4m24.0s/5m30.0s
load-k6-1  | 
load-k6-1  | 
load-k6-1  | running (4m25.0s), 40/40 VUs, 34112 complete and 0 interrupted iterations
load-k6-1  | fspiopQuotes   [  80% ] 40/40 VUs  4m25.0s/5m30.0s
load-k6-1  | 
load-k6-1  | 
load-k6-1  | running (4m26.0s), 40/40 VUs, 34245 complete and 0 interrupted iterations
load-k6-1  | fspiopQuotes   [  81% ] 40/40 VUs  4m26.0s/5m30.0s
load-k6-1  | 
load-k6-1  | 
load-k6-1  | running (4m27.0s), 40/40 VUs, 34377 complete and 0 interrupted iterations
load-k6-1  | fspiopQuotes   [  81% ] 40/40 VUs  4m27.0s/5m30.0s
load-k6-1  | 
load-k6-1  | 
load-k6-1  | running (4m28.0s), 40/40 VUs, 34508 complete and 0 interrupted iterations
load-k6-1  | fspiopQuotes   [  81% ] 40/40 VUs  4m28.0s/5m30.0s
load-k6-1  | 
load-k6-1  | 
load-k6-1  | running (4m29.0s), 40/40 VUs, 34640 complete and 0 interrupted iterations
load-k6-1  | fspiopQuotes   [  82% ] 40/40 VUs  4m29.0s/5m30.0s
load-k6-1  | 
load-k6-1  | 
load-k6-1  | running (4m30.0s), 40/40 VUs, 34766 complete and 0 interrupted iterations
load-k6-1  | fspiopQuotes   [  82% ] 40/40 VUs  4m30.0s/5m30.0s
load-k6-1  | 
load-k6-1  | 
load-k6-1  | running (4m31.0s), 40/40 VUs, 34897 complete and 0 interrupted iterations
load-k6-1  | fspiopQuotes   [  82% ] 40/40 VUs  4m31.0s/5m30.0s
load-k6-1  | 
load-k6-1  | 
load-k6-1  | running (4m32.0s), 40/40 VUs, 35029 complete and 0 interrupted iterations
load-k6-1  | fspiopQuotes   [  82% ] 40/40 VUs  4m32.0s/5m30.0s
load-k6-1  | 
load-k6-1  | 
load-k6-1  | running (4m33.0s), 40/40 VUs, 35154 complete and 0 interrupted iterations
load-k6-1  | fspiopQuotes   [  83% ] 40/40 VUs  4m33.0s/5m30.0s
load-k6-1  | 
load-k6-1  | 
load-k6-1  | running (4m34.0s), 40/40 VUs, 35282 complete and 0 interrupted iterations
load-k6-1  | fspiopQuotes   [  83% ] 40/40 VUs  4m34.0s/5m30.0s
load-k6-1  | 
load-k6-1  | 
load-k6-1  | running (4m35.0s), 40/40 VUs, 35411 complete and 0 interrupted iterations
load-k6-1  | fspiopQuotes   [  83% ] 40/40 VUs  4m35.0s/5m30.0s
load-k6-1  | 
load-k6-1  | 
load-k6-1  | running (4m36.0s), 40/40 VUs, 35535 complete and 0 interrupted iterations
load-k6-1  | fspiopQuotes   [  84% ] 40/40 VUs  4m36.0s/5m30.0s
load-k6-1  | 
load-k6-1  | 
load-k6-1  | running (4m37.0s), 40/40 VUs, 35663 complete and 0 interrupted iterations
load-k6-1  | fspiopQuotes   [  84% ] 40/40 VUs  4m37.0s/5m30.0s
load-k6-1  | 
load-k6-1  | 
load-k6-1  | running (4m38.0s), 40/40 VUs, 35797 complete and 0 interrupted iterations
load-k6-1  | fspiopQuotes   [  84% ] 40/40 VUs  4m38.0s/5m30.0s
load-k6-1  | 
load-k6-1  | 
load-k6-1  | running (4m39.0s), 40/40 VUs, 35929 complete and 0 interrupted iterations
load-k6-1  | fspiopQuotes   [  85% ] 40/40 VUs  4m39.0s/5m30.0s
load-k6-1  | 
load-k6-1  | 
load-k6-1  | running (4m40.0s), 40/40 VUs, 36060 complete and 0 interrupted iterations
load-k6-1  | fspiopQuotes   [  85% ] 40/40 VUs  4m40.0s/5m30.0s
load-k6-1  | 
load-k6-1  | 
load-k6-1  | running (4m41.0s), 40/40 VUs, 36195 complete and 0 interrupted iterations
load-k6-1  | fspiopQuotes   [  85% ] 40/40 VUs  4m41.0s/5m30.0s
load-k6-1  | 
load-k6-1  | 
load-k6-1  | running (4m42.0s), 40/40 VUs, 36322 complete and 0 interrupted iterations
load-k6-1  | fspiopQuotes   [  85% ] 40/40 VUs  4m42.0s/5m30.0s
load-k6-1  | 
load-k6-1  | 
load-k6-1  | running (4m43.0s), 40/40 VUs, 36445 complete and 0 interrupted iterations
load-k6-1  | fspiopQuotes   [  86% ] 40/40 VUs  4m43.0s/5m30.0s
load-k6-1  | 
load-k6-1  | 
load-k6-1  | running (4m44.0s), 40/40 VUs, 36579 complete and 0 interrupted iterations
load-k6-1  | fspiopQuotes   [  86% ] 40/40 VUs  4m44.0s/5m30.0s
load-k6-1  | 
load-k6-1  | 
load-k6-1  | running (4m45.0s), 40/40 VUs, 36713 complete and 0 interrupted iterations
load-k6-1  | fspiopQuotes   [  86% ] 40/40 VUs  4m45.0s/5m30.0s
load-k6-1  | 
load-k6-1  | 
load-k6-1  | running (4m46.0s), 40/40 VUs, 36840 complete and 0 interrupted iterations
load-k6-1  | fspiopQuotes   [  87% ] 40/40 VUs  4m46.0s/5m30.0s
load-k6-1  | 
load-k6-1  | 
load-k6-1  | running (4m47.0s), 40/40 VUs, 36979 complete and 0 interrupted iterations
load-k6-1  | fspiopQuotes   [  87% ] 40/40 VUs  4m47.0s/5m30.0s
load-k6-1  | 
load-k6-1  | 
load-k6-1  | running (4m48.0s), 40/40 VUs, 37110 complete and 0 interrupted iterations
load-k6-1  | fspiopQuotes   [  87% ] 40/40 VUs  4m48.0s/5m30.0s
load-k6-1  | 
load-k6-1  | 
load-k6-1  | running (4m49.0s), 40/40 VUs, 37249 complete and 0 interrupted iterations
load-k6-1  | fspiopQuotes   [  88% ] 40/40 VUs  4m49.0s/5m30.0s
load-k6-1  | 
load-k6-1  | 
load-k6-1  | running (4m50.0s), 40/40 VUs, 37386 complete and 0 interrupted iterations
load-k6-1  | fspiopQuotes   [  88% ] 40/40 VUs  4m50.0s/5m30.0s
load-k6-1  | 
load-k6-1  | 
load-k6-1  | running (4m51.0s), 40/40 VUs, 37515 complete and 0 interrupted iterations
load-k6-1  | fspiopQuotes   [  88% ] 40/40 VUs  4m51.0s/5m30.0s
load-k6-1  | 
load-k6-1  | 
load-k6-1  | running (4m52.0s), 40/40 VUs, 37641 complete and 0 interrupted iterations
load-k6-1  | fspiopQuotes   [  88% ] 40/40 VUs  4m52.0s/5m30.0s
load-k6-1  | 
load-k6-1  | 
load-k6-1  | running (4m53.0s), 40/40 VUs, 37765 complete and 0 interrupted iterations
load-k6-1  | fspiopQuotes   [  89% ] 40/40 VUs  4m53.0s/5m30.0s
load-k6-1  | 
load-k6-1  | 
load-k6-1  | running (4m54.0s), 40/40 VUs, 37896 complete and 0 interrupted iterations
load-k6-1  | fspiopQuotes   [  89% ] 40/40 VUs  4m54.0s/5m30.0s
load-k6-1  | 
load-k6-1  | 
load-k6-1  | running (4m55.0s), 40/40 VUs, 38023 complete and 0 interrupted iterations
load-k6-1  | fspiopQuotes   [  89% ] 40/40 VUs  4m55.0s/5m30.0s
load-k6-1  | 
load-k6-1  | 
load-k6-1  | running (4m56.0s), 40/40 VUs, 38147 complete and 0 interrupted iterations
load-k6-1  | fspiopQuotes   [  90% ] 40/40 VUs  4m56.0s/5m30.0s
load-k6-1  | 
load-k6-1  | 
load-k6-1  | running (4m57.0s), 40/40 VUs, 38272 complete and 0 interrupted iterations
load-k6-1  | fspiopQuotes   [  90% ] 40/40 VUs  4m57.0s/5m30.0s
load-k6-1  | 
load-k6-1  | 
load-k6-1  | running (4m58.0s), 40/40 VUs, 38392 complete and 0 interrupted iterations
load-k6-1  | fspiopQuotes   [  90% ] 40/40 VUs  4m58.0s/5m30.0s
load-k6-1  | 
load-k6-1  | 
load-k6-1  | running (4m59.0s), 40/40 VUs, 38518 complete and 0 interrupted iterations
load-k6-1  | fspiopQuotes   [  91% ] 40/40 VUs  4m59.0s/5m30.0s
load-k6-1  | 
load-k6-1  | 
load-k6-1  | running (5m00.0s), 40/40 VUs, 38643 complete and 0 interrupted iterations
load-k6-1  | fspiopQuotes   [  91% ] 40/40 VUs  5m00.0s/5m30.0s
load-k6-1  | 
load-k6-1  | 
load-k6-1  | running (5m01.0s), 40/40 VUs, 38773 complete and 0 interrupted iterations
load-k6-1  | fspiopQuotes   [  91% ] 40/40 VUs  5m01.0s/5m30.0s
load-k6-1  | 
load-k6-1  | 
load-k6-1  | running (5m02.0s), 40/40 VUs, 38899 complete and 0 interrupted iterations
load-k6-1  | fspiopQuotes   [  92% ] 40/40 VUs  5m02.0s/5m30.0s
load-k6-1  | 
load-k6-1  | 
load-k6-1  | running (5m03.0s), 40/40 VUs, 39022 complete and 0 interrupted iterations
load-k6-1  | fspiopQuotes   [  92% ] 40/40 VUs  5m03.0s/5m30.0s
load-k6-1  | 
load-k6-1  | 
load-k6-1  | running (5m04.0s), 40/40 VUs, 39157 complete and 0 interrupted iterations
load-k6-1  | fspiopQuotes   [  92% ] 40/40 VUs  5m04.0s/5m30.0s
load-k6-1  | 
load-k6-1  | 
load-k6-1  | running (5m05.0s), 40/40 VUs, 39284 complete and 0 interrupted iterations
load-k6-1  | fspiopQuotes   [  92% ] 40/40 VUs  5m05.0s/5m30.0s
load-k6-1  | 
load-k6-1  | 
load-k6-1  | running (5m06.0s), 40/40 VUs, 39412 complete and 0 interrupted iterations
load-k6-1  | fspiopQuotes   [  93% ] 40/40 VUs  5m06.0s/5m30.0s
load-k6-1  | 
load-k6-1  | 
load-k6-1  | running (5m07.0s), 40/40 VUs, 39543 complete and 0 interrupted iterations
load-k6-1  | fspiopQuotes   [  93% ] 40/40 VUs  5m07.0s/5m30.0s
load-k6-1  | 
load-k6-1  | 
load-k6-1  | running (5m08.0s), 40/40 VUs, 39675 complete and 0 interrupted iterations
load-k6-1  | fspiopQuotes   [  93% ] 40/40 VUs  5m08.0s/5m30.0s
load-k6-1  | 
load-k6-1  | 
load-k6-1  | running (5m09.0s), 40/40 VUs, 39803 complete and 0 interrupted iterations
load-k6-1  | fspiopQuotes   [  94% ] 40/40 VUs  5m09.0s/5m30.0s
load-k6-1  | 
load-k6-1  | 
load-k6-1  | running (5m10.0s), 40/40 VUs, 39932 complete and 0 interrupted iterations
load-k6-1  | fspiopQuotes   [  94% ] 40/40 VUs  5m10.0s/5m30.0s
load-k6-1  | 
load-k6-1  | 
load-k6-1  | running (5m11.0s), 40/40 VUs, 40069 complete and 0 interrupted iterations
load-k6-1  | fspiopQuotes   [  94% ] 40/40 VUs  5m11.0s/5m30.0s
load-k6-1  | 
load-k6-1  | 
load-k6-1  | running (5m12.0s), 40/40 VUs, 40192 complete and 0 interrupted iterations
load-k6-1  | fspiopQuotes   [  95% ] 40/40 VUs  5m12.0s/5m30.0s
load-k6-1  | 
load-k6-1  | 
load-k6-1  | running (5m13.0s), 40/40 VUs, 40318 complete and 0 interrupted iterations
load-k6-1  | fspiopQuotes   [  95% ] 40/40 VUs  5m13.0s/5m30.0s
load-k6-1  | 
load-k6-1  | 
load-k6-1  | running (5m14.0s), 40/40 VUs, 40443 complete and 0 interrupted iterations
load-k6-1  | fspiopQuotes   [  95% ] 40/40 VUs  5m14.0s/5m30.0s
load-k6-1  | 
load-k6-1  | 
load-k6-1  | running (5m15.0s), 40/40 VUs, 40568 complete and 0 interrupted iterations
load-k6-1  | fspiopQuotes   [  95% ] 40/40 VUs  5m15.0s/5m30.0s
load-k6-1  | 
load-k6-1  | 
load-k6-1  | running (5m16.0s), 40/40 VUs, 40696 complete and 0 interrupted iterations
load-k6-1  | fspiopQuotes   [  96% ] 40/40 VUs  5m16.0s/5m30.0s
load-k6-1  | 
load-k6-1  | 
load-k6-1  | running (5m17.0s), 40/40 VUs, 40831 complete and 0 interrupted iterations
load-k6-1  | fspiopQuotes   [  96% ] 40/40 VUs  5m17.0s/5m30.0s
load-k6-1  | 
load-k6-1  | 
load-k6-1  | running (5m18.0s), 40/40 VUs, 40961 complete and 0 interrupted iterations
load-k6-1  | fspiopQuotes   [  96% ] 40/40 VUs  5m18.0s/5m30.0s
load-k6-1  | 
load-k6-1  | 
load-k6-1  | running (5m19.0s), 40/40 VUs, 41087 complete and 0 interrupted iterations
load-k6-1  | fspiopQuotes   [  97% ] 40/40 VUs  5m19.0s/5m30.0s
load-k6-1  | 
load-k6-1  | 
load-k6-1  | running (5m20.0s), 40/40 VUs, 41224 complete and 0 interrupted iterations
load-k6-1  | fspiopQuotes   [  97% ] 40/40 VUs  5m20.0s/5m30.0s
load-k6-1  | 
load-k6-1  | 
load-k6-1  | running (5m21.0s), 40/40 VUs, 41350 complete and 0 interrupted iterations
load-k6-1  | fspiopQuotes   [  97% ] 40/40 VUs  5m21.0s/5m30.0s
load-k6-1  | 
load-k6-1  | 
load-k6-1  | running (5m22.0s), 40/40 VUs, 41478 complete and 0 interrupted iterations
load-k6-1  | fspiopQuotes   [  98% ] 40/40 VUs  5m22.0s/5m30.0s
load-k6-1  | 
load-k6-1  | 
load-k6-1  | running (5m23.0s), 40/40 VUs, 41607 complete and 0 interrupted iterations
load-k6-1  | fspiopQuotes   [  98% ] 40/40 VUs  5m23.0s/5m30.0s
load-k6-1  | 
load-k6-1  | 
load-k6-1  | running (5m24.0s), 40/40 VUs, 41725 complete and 0 interrupted iterations
load-k6-1  | fspiopQuotes   [  98% ] 40/40 VUs  5m24.0s/5m30.0s
load-k6-1  | 
load-k6-1  | 
load-k6-1  | running (5m25.0s), 40/40 VUs, 41857 complete and 0 interrupted iterations
load-k6-1  | fspiopQuotes   [  98% ] 40/40 VUs  5m25.0s/5m30.0s
load-k6-1  | 
load-k6-1  | 
load-k6-1  | running (5m26.0s), 40/40 VUs, 41990 complete and 0 interrupted iterations
load-k6-1  | fspiopQuotes   [  99% ] 40/40 VUs  5m26.0s/5m30.0s
load-k6-1  | 
load-k6-1  | 
load-k6-1  | running (5m27.0s), 40/40 VUs, 42124 complete and 0 interrupted iterations
load-k6-1  | fspiopQuotes   [  99% ] 40/40 VUs  5m27.0s/5m30.0s
load-k6-1  | 
load-k6-1  | 
load-k6-1  | running (5m28.0s), 40/40 VUs, 42252 complete and 0 interrupted iterations
load-k6-1  | fspiopQuotes   [  99% ] 40/40 VUs  5m28.0s/5m30.0s
load-k6-1  | 
load-k6-1  | 
load-k6-1  | running (5m29.0s), 40/40 VUs, 42374 complete and 0 interrupted iterations
load-k6-1  | fspiopQuotes   [ 100% ] 40/40 VUs  5m29.0s/5m30.0s
load-k6-1  | 
load-k6-1  | 
load-k6-1  | running (5m30.0s), 40/40 VUs, 42498 complete and 0 interrupted iterations
load-k6-1  | fspiopQuotes   [ 100% ] 40/40 VUs  5m30.0s/5m30.0s
load-k6-1  | 
load-k6-1  | 
load-k6-1  |      ✓ QUOTES_FSPIOP_POST_QUOTES_RESPONSE_IS_202
load-k6-1  |      ✓ QUOTES_E2E_FSPIOP_POST_QUOTES_SUCCESS
load-k6-1  | 
load-k6-1  |      █ Post Quotes
load-k6-1  | 
load-k6-1  |      checks.........................: 100.00% ✓ 85082      ✗ 0    
load-k6-1  |      data_received..................: 13 MB   40 kB/s
load-k6-1  |      data_sent......................: 51 MB   155 kB/s
load-k6-1  |      group_duration.................: avg=198.62µs min=131.65µs med=188.95µs max=20.38ms  p(90)=246.93µs p(95)=261.44µs
load-k6-1  |      http_req_blocked...............: avg=5.64µs   min=1.45µs   med=3.63µs   max=74.82ms  p(90)=4.72µs   p(95)=5.13µs  
load-k6-1  |      http_req_connecting............: avg=1.83µs   min=0s       med=0s       max=74.77ms  p(90)=0s       p(95)=0s      
load-k6-1  |    ✓ http_req_duration..............: avg=7.22ms   min=1.15ms   med=6.98ms   max=35.86ms  p(90)=10.3ms   p(95)=11.35ms 
load-k6-1  |        { expected_response:true }...: avg=7.22ms   min=1.15ms   med=6.98ms   max=35.86ms  p(90)=10.3ms   p(95)=11.35ms 
load-k6-1  |    ✓ http_req_failed................: 0.00%   ✓ 0          ✗ 42541
load-k6-1  |      http_req_receiving.............: avg=25.88µs  min=9.49µs   med=24.68µs  max=541.17µs p(90)=33.81µs  p(95)=37.47µs 
load-k6-1  |      http_req_sending...............: avg=19.2µs   min=8.37µs   med=18.66µs  max=1.37ms   p(90)=24.09µs  p(95)=25.73µs 
load-k6-1  |      http_req_tls_handshaking.......: avg=0s       min=0s       med=0s       max=0s       p(90)=0s       p(95)=0s      
load-k6-1  |      http_req_waiting...............: avg=7.17ms   min=1.11ms   med=6.93ms   max=35.79ms  p(90)=10.26ms  p(95)=11.3ms  
load-k6-1  |      http_reqs......................: 42541   128.845845/s
load-k6-1  |    ✓ iteration_duration.............: avg=296.26ms min=14.31ms  med=305.48ms max=518.29ms p(90)=325.94ms p(95)=332.45ms
load-k6-1  |      iterations.....................: 42541   128.845845/s
load-k6-1  |      vus............................: 40      min=2        max=40 
load-k6-1  |      vus_max........................: 40      min=40       max=40 
load-k6-1  |      ws_connecting..................: avg=414.9µs  min=178.49µs med=321.3µs  max=23.96ms  p(90)=624.16µs p(95)=884.18µs
load-k6-1  |      ws_msgs_received...............: 42541   128.845845/s
load-k6-1  |      ws_msgs_sent...................: 42541   128.845845/s
load-k6-1  |      ws_session_duration............: avg=295.99ms min=14.05ms  med=305.2ms  max=518.07ms p(90)=325.67ms p(95)=332.15ms
load-k6-1  |      ws_sessions....................: 42541   128.845845/s
load-k6-1  | 
load-k6-1  | 
load-k6-1  | running (5m30.2s), 00/40 VUs, 42541 complete and 0 interrupted iterations
load-k6-1  | fspiopQuotes ✓ [ 100% ] 00/40 VUs  5m30s
load-k6-1  | 
load-k6-1 exited with code 0
