Attaching to load-k6-1
load-k6-1  | 
load-k6-1  |           /\      |‾‾| /‾‾/   /‾‾/   
load-k6-1  |      /\  /  \     |  |/  /   /  /    
load-k6-1  |     /  \/    \    |     (   /   ‾‾\  
load-k6-1  |    /          \   |  |\  \ |  (‾)  | 
load-k6-1  |   / __________ \  |__| \__\ \_____/ .io
load-k6-1  | 
load-k6-1  |   execution: local
load-k6-1  |      script: /scripts/index.js
load-k6-1  |      output: Prometheus remote write (http://prometheus:9090/api/v1/write)
load-k6-1  | 
load-k6-1  |   scenarios: (100.00%) 1 scenario, 35 max VUs, 6m0s max duration (incl. graceful stop):
load-k6-1  |            * fspiopE2E: Up to 35 looping VUs for 5m30s over 2 stages (gracefulRampDown: 30s, exec: fspiopE2EScenarios, gracefulStop: 30s)
load-k6-1  | 
load-k6-1  | 
load-k6-1  | running (0m01.0s), 02/35 VUs, 6 complete and 0 interrupted iterations
load-k6-1  | fspiopE2E   [   0% ] 02/35 VUs  0m01.0s/5m30.0s
load-k6-1  | 
load-k6-1  | running (0m02.0s), 03/35 VUs, 24 complete and 0 interrupted iterations
load-k6-1  | fspiopE2E   [   1% ] 03/35 VUs  0m02.0s/5m30.0s
load-k6-1  | 
load-k6-1  | running (0m03.0s), 04/35 VUs, 54 complete and 0 interrupted iterations
load-k6-1  | fspiopE2E   [   1% ] 04/35 VUs  0m03.0s/5m30.0s
load-k6-1  | 
load-k6-1  | running (0m04.0s), 05/35 VUs, 89 complete and 0 interrupted iterations
load-k6-1  | fspiopE2E   [   1% ] 05/35 VUs  0m04.0s/5m30.0s
load-k6-1  | 
load-k6-1  | running (0m05.0s), 06/35 VUs, 135 complete and 0 interrupted iterations
load-k6-1  | fspiopE2E   [   2% ] 06/35 VUs  0m05.0s/5m30.0s
load-k6-1  | 
load-k6-1  | running (0m06.0s), 07/35 VUs, 188 complete and 0 interrupted iterations
load-k6-1  | fspiopE2E   [   2% ] 07/35 VUs  0m06.0s/5m30.0s
load-k6-1  | 
load-k6-1  | running (0m07.0s), 08/35 VUs, 239 complete and 0 interrupted iterations
load-k6-1  | fspiopE2E   [   2% ] 08/35 VUs  0m07.0s/5m30.0s
load-k6-1  | 
load-k6-1  | running (0m08.0s), 10/35 VUs, 303 complete and 0 interrupted iterations
load-k6-1  | fspiopE2E   [   2% ] 10/35 VUs  0m08.0s/5m30.0s
load-k6-1  | 
load-k6-1  | running (0m09.0s), 11/35 VUs, 372 complete and 0 interrupted iterations
load-k6-1  | fspiopE2E   [   3% ] 11/35 VUs  0m09.0s/5m30.0s
load-k6-1  | 
load-k6-1  | running (0m10.0s), 12/35 VUs, 442 complete and 0 interrupted iterations
load-k6-1  | fspiopE2E   [   3% ] 12/35 VUs  0m10.0s/5m30.0s
load-k6-1  | 
load-k6-1  | running (0m11.0s), 13/35 VUs, 525 complete and 0 interrupted iterations
load-k6-1  | fspiopE2E   [   3% ] 13/35 VUs  0m11.0s/5m30.0s
load-k6-1  | 
load-k6-1  | running (0m12.0s), 14/35 VUs, 611 complete and 0 interrupted iterations
load-k6-1  | fspiopE2E   [   4% ] 14/35 VUs  0m12.0s/5m30.0s
load-k6-1  | 
load-k6-1  | running (0m13.0s), 15/35 VUs, 707 complete and 0 interrupted iterations
load-k6-1  | fspiopE2E   [   4% ] 15/35 VUs  0m13.0s/5m30.0s
load-k6-1  | 
load-k6-1  | running (0m14.0s), 16/35 VUs, 816 complete and 0 interrupted iterations
load-k6-1  | fspiopE2E   [   4% ] 16/35 VUs  0m14.0s/5m30.0s
load-k6-1  | 
load-k6-1  | running (0m15.0s), 17/35 VUs, 915 complete and 0 interrupted iterations
load-k6-1  | fspiopE2E   [   5% ] 17/35 VUs  0m15.0s/5m30.0s
load-k6-1  | 
load-k6-1  | running (0m16.0s), 19/35 VUs, 1017 complete and 0 interrupted iterations
load-k6-1  | fspiopE2E   [   5% ] 19/35 VUs  0m16.0s/5m30.0s
load-k6-1  | 
load-k6-1  | running (0m17.0s), 20/35 VUs, 1129 complete and 0 interrupted iterations
load-k6-1  | fspiopE2E   [   5% ] 20/35 VUs  0m17.0s/5m30.0s
load-k6-1  | 
load-k6-1  | running (0m18.0s), 21/35 VUs, 1246 complete and 0 interrupted iterations
load-k6-1  | fspiopE2E   [   5% ] 21/35 VUs  0m18.0s/5m30.0s
load-k6-1  | 
load-k6-1  | running (0m19.0s), 22/35 VUs, 1362 complete and 0 interrupted iterations
load-k6-1  | fspiopE2E   [   6% ] 22/35 VUs  0m19.0s/5m30.0s
load-k6-1  | 
load-k6-1  | running (0m20.0s), 23/35 VUs, 1472 complete and 0 interrupted iterations
load-k6-1  | fspiopE2E   [   6% ] 23/35 VUs  0m20.0s/5m30.0s
load-k6-1  | 
load-k6-1  | running (0m21.0s), 24/35 VUs, 1590 complete and 0 interrupted iterations
load-k6-1  | fspiopE2E   [   6% ] 24/35 VUs  0m21.0s/5m30.0s
load-k6-1  | 
load-k6-1  | running (0m22.0s), 25/35 VUs, 1718 complete and 0 interrupted iterations
load-k6-1  | fspiopE2E   [   7% ] 25/35 VUs  0m22.0s/5m30.0s
load-k6-1  | 
load-k6-1  | running (0m23.0s), 27/35 VUs, 1829 complete and 0 interrupted iterations
load-k6-1  | fspiopE2E   [   7% ] 27/35 VUs  0m23.0s/5m30.0s
load-k6-1  | 
load-k6-1  | running (0m24.0s), 28/35 VUs, 1950 complete and 0 interrupted iterations
load-k6-1  | fspiopE2E   [   7% ] 28/35 VUs  0m24.0s/5m30.0s
load-k6-1  | 
load-k6-1  | running (0m25.0s), 29/35 VUs, 2071 complete and 0 interrupted iterations
load-k6-1  | fspiopE2E   [   8% ] 29/35 VUs  0m25.0s/5m30.0s
load-k6-1  | 
load-k6-1  | running (0m26.0s), 30/35 VUs, 2181 complete and 0 interrupted iterations
load-k6-1  | fspiopE2E   [   8% ] 30/35 VUs  0m26.0s/5m30.0s
load-k6-1  | 
load-k6-1  | running (0m27.0s), 31/35 VUs, 2309 complete and 0 interrupted iterations
load-k6-1  | fspiopE2E   [   8% ] 31/35 VUs  0m27.0s/5m30.0s
load-k6-1  | 
load-k6-1  | running (0m28.0s), 32/35 VUs, 2425 complete and 0 interrupted iterations
load-k6-1  | fspiopE2E   [   8% ] 32/35 VUs  0m28.0s/5m30.0s
load-k6-1  | 
load-k6-1  | running (0m29.0s), 33/35 VUs, 2548 complete and 0 interrupted iterations
load-k6-1  | fspiopE2E   [   9% ] 33/35 VUs  0m29.0s/5m30.0s
load-k6-1  | 
load-k6-1  | running (0m30.0s), 34/35 VUs, 2667 complete and 0 interrupted iterations
load-k6-1  | fspiopE2E   [   9% ] 34/35 VUs  0m30.0s/5m30.0s
load-k6-1  | 
load-k6-1  | running (0m31.0s), 35/35 VUs, 2781 complete and 0 interrupted iterations
load-k6-1  | fspiopE2E   [   9% ] 35/35 VUs  0m31.0s/5m30.0s
load-k6-1  | 
load-k6-1  | running (0m32.0s), 35/35 VUs, 2896 complete and 0 interrupted iterations
load-k6-1  | fspiopE2E   [  10% ] 35/35 VUs  0m32.0s/5m30.0s
load-k6-1  | 
load-k6-1  | running (0m33.0s), 35/35 VUs, 3016 complete and 0 interrupted iterations
load-k6-1  | fspiopE2E   [  10% ] 35/35 VUs  0m33.0s/5m30.0s
load-k6-1  | 
load-k6-1  | running (0m34.0s), 35/35 VUs, 3134 complete and 0 interrupted iterations
load-k6-1  | fspiopE2E   [  10% ] 35/35 VUs  0m34.0s/5m30.0s
load-k6-1  | 
load-k6-1  | running (0m35.0s), 35/35 VUs, 3265 complete and 0 interrupted iterations
load-k6-1  | fspiopE2E   [  11% ] 35/35 VUs  0m35.0s/5m30.0s
load-k6-1  | 
load-k6-1  | running (0m36.0s), 35/35 VUs, 3381 complete and 0 interrupted iterations
load-k6-1  | fspiopE2E   [  11% ] 35/35 VUs  0m36.0s/5m30.0s
load-k6-1  | 
load-k6-1  | running (0m37.0s), 35/35 VUs, 3511 complete and 0 interrupted iterations
load-k6-1  | fspiopE2E   [  11% ] 35/35 VUs  0m37.0s/5m30.0s
load-k6-1  | 
load-k6-1  | running (0m38.0s), 35/35 VUs, 3638 complete and 0 interrupted iterations
load-k6-1  | fspiopE2E   [  12% ] 35/35 VUs  0m38.0s/5m30.0s
load-k6-1  | 
load-k6-1  | running (0m39.0s), 35/35 VUs, 3762 complete and 0 interrupted iterations
load-k6-1  | fspiopE2E   [  12% ] 35/35 VUs  0m39.0s/5m30.0s
load-k6-1  | 
load-k6-1  | running (0m40.0s), 35/35 VUs, 3878 complete and 0 interrupted iterations
load-k6-1  | fspiopE2E   [  12% ] 35/35 VUs  0m40.0s/5m30.0s
load-k6-1  | 
load-k6-1  | running (0m41.0s), 35/35 VUs, 4003 complete and 0 interrupted iterations
load-k6-1  | fspiopE2E   [  12% ] 35/35 VUs  0m41.0s/5m30.0s
load-k6-1  | 
load-k6-1  | running (0m42.0s), 35/35 VUs, 4128 complete and 0 interrupted iterations
load-k6-1  | fspiopE2E   [  13% ] 35/35 VUs  0m42.0s/5m30.0s
load-k6-1  | 
load-k6-1  | running (0m43.0s), 35/35 VUs, 4249 complete and 0 interrupted iterations
load-k6-1  | fspiopE2E   [  13% ] 35/35 VUs  0m43.0s/5m30.0s
load-k6-1  | 
load-k6-1  | running (0m44.0s), 35/35 VUs, 4369 complete and 0 interrupted iterations
load-k6-1  | fspiopE2E   [  13% ] 35/35 VUs  0m44.0s/5m30.0s
load-k6-1  | 
load-k6-1  | running (0m45.0s), 35/35 VUs, 4490 complete and 0 interrupted iterations
load-k6-1  | fspiopE2E   [  14% ] 35/35 VUs  0m45.0s/5m30.0s
load-k6-1  | 
load-k6-1  | running (0m46.0s), 35/35 VUs, 4613 complete and 0 interrupted iterations
load-k6-1  | fspiopE2E   [  14% ] 35/35 VUs  0m46.0s/5m30.0s
load-k6-1  | 
load-k6-1  | running (0m47.0s), 35/35 VUs, 4734 complete and 0 interrupted iterations
load-k6-1  | fspiopE2E   [  14% ] 35/35 VUs  0m47.0s/5m30.0s
load-k6-1  | 
load-k6-1  | running (0m48.0s), 35/35 VUs, 4858 complete and 0 interrupted iterations
load-k6-1  | fspiopE2E   [  15% ] 35/35 VUs  0m48.0s/5m30.0s
load-k6-1  | 
load-k6-1  | running (0m49.0s), 35/35 VUs, 4991 complete and 0 interrupted iterations
load-k6-1  | fspiopE2E   [  15% ] 35/35 VUs  0m49.0s/5m30.0s
load-k6-1  | 
load-k6-1  | running (0m50.0s), 35/35 VUs, 5108 complete and 0 interrupted iterations
load-k6-1  | fspiopE2E   [  15% ] 35/35 VUs  0m50.0s/5m30.0s
load-k6-1  | 
load-k6-1  | running (0m51.0s), 35/35 VUs, 5229 complete and 0 interrupted iterations
load-k6-1  | fspiopE2E   [  15% ] 35/35 VUs  0m51.0s/5m30.0s
load-k6-1  | 
load-k6-1  | running (0m52.0s), 35/35 VUs, 5346 complete and 0 interrupted iterations
load-k6-1  | fspiopE2E   [  16% ] 35/35 VUs  0m52.0s/5m30.0s
load-k6-1  | 
load-k6-1  | running (0m53.0s), 35/35 VUs, 5476 complete and 0 interrupted iterations
load-k6-1  | fspiopE2E   [  16% ] 35/35 VUs  0m53.0s/5m30.0s
load-k6-1  | 
load-k6-1  | running (0m54.0s), 35/35 VUs, 5593 complete and 0 interrupted iterations
load-k6-1  | fspiopE2E   [  16% ] 35/35 VUs  0m54.0s/5m30.0s
load-k6-1  | 
load-k6-1  | running (0m55.0s), 35/35 VUs, 5720 complete and 0 interrupted iterations
load-k6-1  | fspiopE2E   [  17% ] 35/35 VUs  0m55.0s/5m30.0s
load-k6-1  | 
load-k6-1  | running (0m56.0s), 35/35 VUs, 5846 complete and 0 interrupted iterations
load-k6-1  | fspiopE2E   [  17% ] 35/35 VUs  0m56.0s/5m30.0s
load-k6-1  | 
load-k6-1  | running (0m57.0s), 35/35 VUs, 5964 complete and 0 interrupted iterations
load-k6-1  | fspiopE2E   [  17% ] 35/35 VUs  0m57.0s/5m30.0s
load-k6-1  | 
load-k6-1  | running (0m58.0s), 35/35 VUs, 6094 complete and 0 interrupted iterations
load-k6-1  | fspiopE2E   [  18% ] 35/35 VUs  0m58.0s/5m30.0s
load-k6-1  | 
load-k6-1  | running (0m59.0s), 35/35 VUs, 6214 complete and 0 interrupted iterations
load-k6-1  | fspiopE2E   [  18% ] 35/35 VUs  0m59.0s/5m30.0s
load-k6-1  | 
load-k6-1  | running (1m00.0s), 35/35 VUs, 6331 complete and 0 interrupted iterations
load-k6-1  | fspiopE2E   [  18% ] 35/35 VUs  1m00.0s/5m30.0s
load-k6-1  | 
load-k6-1  | running (1m01.0s), 35/35 VUs, 6459 complete and 0 interrupted iterations
load-k6-1  | fspiopE2E   [  18% ] 35/35 VUs  1m01.0s/5m30.0s
load-k6-1  | 
load-k6-1  | running (1m02.0s), 35/35 VUs, 6582 complete and 0 interrupted iterations
load-k6-1  | fspiopE2E   [  19% ] 35/35 VUs  1m02.0s/5m30.0s
load-k6-1  | 
load-k6-1  | running (1m03.0s), 35/35 VUs, 6698 complete and 0 interrupted iterations
load-k6-1  | fspiopE2E   [  19% ] 35/35 VUs  1m03.0s/5m30.0s
load-k6-1  | 
load-k6-1  | running (1m04.0s), 35/35 VUs, 6817 complete and 0 interrupted iterations
load-k6-1  | fspiopE2E   [  19% ] 35/35 VUs  1m04.0s/5m30.0s
load-k6-1  | 
load-k6-1  | running (1m05.0s), 35/35 VUs, 6942 complete and 0 interrupted iterations
load-k6-1  | fspiopE2E   [  20% ] 35/35 VUs  1m05.0s/5m30.0s
load-k6-1  | 
load-k6-1  | running (1m06.0s), 35/35 VUs, 7057 complete and 0 interrupted iterations
load-k6-1  | fspiopE2E   [  20% ] 35/35 VUs  1m06.0s/5m30.0s
load-k6-1  | 
load-k6-1  | running (1m07.0s), 35/35 VUs, 7182 complete and 0 interrupted iterations
load-k6-1  | fspiopE2E   [  20% ] 35/35 VUs  1m07.0s/5m30.0s
load-k6-1  | 
load-k6-1  | running (1m08.0s), 35/35 VUs, 7303 complete and 0 interrupted iterations
load-k6-1  | fspiopE2E   [  21% ] 35/35 VUs  1m08.0s/5m30.0s
load-k6-1  | 
load-k6-1  | running (1m09.0s), 35/35 VUs, 7422 complete and 0 interrupted iterations
load-k6-1  | fspiopE2E   [  21% ] 35/35 VUs  1m09.0s/5m30.0s
load-k6-1  | 
load-k6-1  | running (1m10.0s), 35/35 VUs, 7541 complete and 0 interrupted iterations
load-k6-1  | fspiopE2E   [  21% ] 35/35 VUs  1m10.0s/5m30.0s
load-k6-1  | 
load-k6-1  | running (1m11.0s), 35/35 VUs, 7658 complete and 0 interrupted iterations
load-k6-1  | fspiopE2E   [  22% ] 35/35 VUs  1m11.0s/5m30.0s
load-k6-1  | 
load-k6-1  | running (1m12.0s), 35/35 VUs, 7776 complete and 0 interrupted iterations
load-k6-1  | fspiopE2E   [  22% ] 35/35 VUs  1m12.0s/5m30.0s
load-k6-1  | 
load-k6-1  | running (1m13.0s), 35/35 VUs, 7889 complete and 0 interrupted iterations
load-k6-1  | fspiopE2E   [  22% ] 35/35 VUs  1m13.0s/5m30.0s
load-k6-1  | 
load-k6-1  | running (1m14.0s), 35/35 VUs, 8015 complete and 0 interrupted iterations
load-k6-1  | fspiopE2E   [  22% ] 35/35 VUs  1m14.0s/5m30.0s
load-k6-1  | 
load-k6-1  | running (1m15.0s), 35/35 VUs, 8138 complete and 0 interrupted iterations
load-k6-1  | fspiopE2E   [  23% ] 35/35 VUs  1m15.0s/5m30.0s
load-k6-1  | 
load-k6-1  | running (1m16.0s), 35/35 VUs, 8248 complete and 0 interrupted iterations
load-k6-1  | fspiopE2E   [  23% ] 35/35 VUs  1m16.0s/5m30.0s
load-k6-1  | 
load-k6-1  | running (1m17.0s), 35/35 VUs, 8370 complete and 0 interrupted iterations
load-k6-1  | fspiopE2E   [  23% ] 35/35 VUs  1m17.0s/5m30.0s
load-k6-1  | 
load-k6-1  | running (1m18.0s), 35/35 VUs, 8497 complete and 0 interrupted iterations
load-k6-1  | fspiopE2E   [  24% ] 35/35 VUs  1m18.0s/5m30.0s
load-k6-1  | 
load-k6-1  | running (1m19.0s), 35/35 VUs, 8616 complete and 0 interrupted iterations
load-k6-1  | fspiopE2E   [  24% ] 35/35 VUs  1m19.0s/5m30.0s
load-k6-1  | 
load-k6-1  | running (1m20.0s), 35/35 VUs, 8737 complete and 0 interrupted iterations
load-k6-1  | fspiopE2E   [  24% ] 35/35 VUs  1m20.0s/5m30.0s
load-k6-1  | 
load-k6-1  | running (1m21.0s), 35/35 VUs, 8855 complete and 0 interrupted iterations
load-k6-1  | fspiopE2E   [  25% ] 35/35 VUs  1m21.0s/5m30.0s
load-k6-1  | 
load-k6-1  | running (1m22.0s), 35/35 VUs, 8969 complete and 0 interrupted iterations
load-k6-1  | fspiopE2E   [  25% ] 35/35 VUs  1m22.0s/5m30.0s
load-k6-1  | 
load-k6-1  | running (1m23.0s), 35/35 VUs, 9088 complete and 0 interrupted iterations
load-k6-1  | fspiopE2E   [  25% ] 35/35 VUs  1m23.0s/5m30.0s
load-k6-1  | 
load-k6-1  | running (1m24.0s), 35/35 VUs, 9206 complete and 0 interrupted iterations
load-k6-1  | fspiopE2E   [  25% ] 35/35 VUs  1m24.0s/5m30.0s
load-k6-1  | 
load-k6-1  | running (1m25.0s), 35/35 VUs, 9336 complete and 0 interrupted iterations
load-k6-1  | fspiopE2E   [  26% ] 35/35 VUs  1m25.0s/5m30.0s
load-k6-1  | 
load-k6-1  | running (1m26.0s), 35/35 VUs, 9452 complete and 0 interrupted iterations
load-k6-1  | fspiopE2E   [  26% ] 35/35 VUs  1m26.0s/5m30.0s
load-k6-1  | 
load-k6-1  | running (1m27.0s), 35/35 VUs, 9576 complete and 0 interrupted iterations
load-k6-1  | fspiopE2E   [  26% ] 35/35 VUs  1m27.0s/5m30.0s
load-k6-1  | 
load-k6-1  | running (1m28.0s), 35/35 VUs, 9716 complete and 0 interrupted iterations
load-k6-1  | fspiopE2E   [  27% ] 35/35 VUs  1m28.0s/5m30.0s
load-k6-1  | 
load-k6-1  | running (1m29.0s), 35/35 VUs, 9844 complete and 0 interrupted iterations
load-k6-1  | fspiopE2E   [  27% ] 35/35 VUs  1m29.0s/5m30.0s
load-k6-1  | 
load-k6-1  | running (1m30.0s), 35/35 VUs, 9963 complete and 0 interrupted iterations
load-k6-1  | fspiopE2E   [  27% ] 35/35 VUs  1m30.0s/5m30.0s
load-k6-1  | 
load-k6-1  | running (1m31.0s), 35/35 VUs, 10086 complete and 0 interrupted iterations
load-k6-1  | fspiopE2E   [  28% ] 35/35 VUs  1m31.0s/5m30.0s
load-k6-1  | 
load-k6-1  | running (1m32.0s), 35/35 VUs, 10209 complete and 0 interrupted iterations
load-k6-1  | fspiopE2E   [  28% ] 35/35 VUs  1m32.0s/5m30.0s
load-k6-1  | 
load-k6-1  | running (1m33.0s), 35/35 VUs, 10336 complete and 0 interrupted iterations
load-k6-1  | fspiopE2E   [  28% ] 35/35 VUs  1m33.0s/5m30.0s
load-k6-1  | 
load-k6-1  | running (1m34.0s), 35/35 VUs, 10451 complete and 0 interrupted iterations
load-k6-1  | fspiopE2E   [  28% ] 35/35 VUs  1m34.0s/5m30.0s
load-k6-1  | 
load-k6-1  | running (1m35.0s), 35/35 VUs, 10568 complete and 0 interrupted iterations
load-k6-1  | fspiopE2E   [  29% ] 35/35 VUs  1m35.0s/5m30.0s
load-k6-1  | 
load-k6-1  | running (1m36.0s), 35/35 VUs, 10689 complete and 0 interrupted iterations
load-k6-1  | fspiopE2E   [  29% ] 35/35 VUs  1m36.0s/5m30.0s
load-k6-1  | 
load-k6-1  | running (1m37.0s), 35/35 VUs, 10809 complete and 0 interrupted iterations
load-k6-1  | fspiopE2E   [  29% ] 35/35 VUs  1m37.0s/5m30.0s
load-k6-1  | 
load-k6-1  | running (1m38.0s), 35/35 VUs, 10932 complete and 0 interrupted iterations
load-k6-1  | fspiopE2E   [  30% ] 35/35 VUs  1m38.0s/5m30.0s
load-k6-1  | 
load-k6-1  | running (1m39.0s), 35/35 VUs, 11050 complete and 0 interrupted iterations
load-k6-1  | fspiopE2E   [  30% ] 35/35 VUs  1m39.0s/5m30.0s
load-k6-1  | 
load-k6-1  | running (1m40.0s), 35/35 VUs, 11176 complete and 0 interrupted iterations
load-k6-1  | fspiopE2E   [  30% ] 35/35 VUs  1m40.0s/5m30.0s
load-k6-1  | 
load-k6-1  | running (1m41.0s), 35/35 VUs, 11287 complete and 0 interrupted iterations
load-k6-1  | fspiopE2E   [  31% ] 35/35 VUs  1m41.0s/5m30.0s
load-k6-1  | 
load-k6-1  | running (1m42.0s), 35/35 VUs, 11416 complete and 0 interrupted iterations
load-k6-1  | fspiopE2E   [  31% ] 35/35 VUs  1m42.0s/5m30.0s
load-k6-1  | 
load-k6-1  | running (1m43.0s), 35/35 VUs, 11539 complete and 0 interrupted iterations
load-k6-1  | fspiopE2E   [  31% ] 35/35 VUs  1m43.0s/5m30.0s
load-k6-1  | 
load-k6-1  | running (1m44.0s), 35/35 VUs, 11664 complete and 0 interrupted iterations
load-k6-1  | fspiopE2E   [  32% ] 35/35 VUs  1m44.0s/5m30.0s
load-k6-1  | 
load-k6-1  | running (1m45.0s), 35/35 VUs, 11788 complete and 0 interrupted iterations
load-k6-1  | fspiopE2E   [  32% ] 35/35 VUs  1m45.0s/5m30.0s
load-k6-1  | 
load-k6-1  | running (1m46.0s), 35/35 VUs, 11914 complete and 0 interrupted iterations
load-k6-1  | fspiopE2E   [  32% ] 35/35 VUs  1m46.0s/5m30.0s
load-k6-1  | 
load-k6-1  | running (1m47.0s), 35/35 VUs, 12039 complete and 0 interrupted iterations
load-k6-1  | fspiopE2E   [  32% ] 35/35 VUs  1m47.0s/5m30.0s
load-k6-1  | 
load-k6-1  | running (1m48.0s), 35/35 VUs, 12180 complete and 0 interrupted iterations
load-k6-1  | fspiopE2E   [  33% ] 35/35 VUs  1m48.0s/5m30.0s
load-k6-1  | 
load-k6-1  | running (1m49.0s), 35/35 VUs, 12301 complete and 0 interrupted iterations
load-k6-1  | fspiopE2E   [  33% ] 35/35 VUs  1m49.0s/5m30.0s
load-k6-1  | 
load-k6-1  | running (1m50.0s), 35/35 VUs, 12425 complete and 0 interrupted iterations
load-k6-1  | fspiopE2E   [  33% ] 35/35 VUs  1m50.0s/5m30.0s
load-k6-1  | 
load-k6-1  | running (1m51.0s), 35/35 VUs, 12551 complete and 0 interrupted iterations
load-k6-1  | fspiopE2E   [  34% ] 35/35 VUs  1m51.0s/5m30.0s
load-k6-1  | 
load-k6-1  | running (1m52.0s), 35/35 VUs, 12671 complete and 0 interrupted iterations
load-k6-1  | fspiopE2E   [  34% ] 35/35 VUs  1m52.0s/5m30.0s
load-k6-1  | 
load-k6-1  | running (1m53.0s), 35/35 VUs, 12788 complete and 0 interrupted iterations
load-k6-1  | fspiopE2E   [  34% ] 35/35 VUs  1m53.0s/5m30.0s
load-k6-1  | 
load-k6-1  | running (1m54.0s), 35/35 VUs, 12920 complete and 0 interrupted iterations
load-k6-1  | fspiopE2E   [  35% ] 35/35 VUs  1m54.0s/5m30.0s
load-k6-1  | 
load-k6-1  | running (1m55.0s), 35/35 VUs, 13046 complete and 0 interrupted iterations
load-k6-1  | fspiopE2E   [  35% ] 35/35 VUs  1m55.0s/5m30.0s
load-k6-1  | 
load-k6-1  | running (1m56.0s), 35/35 VUs, 13165 complete and 0 interrupted iterations
load-k6-1  | fspiopE2E   [  35% ] 35/35 VUs  1m56.0s/5m30.0s
load-k6-1  | 
load-k6-1  | running (1m57.0s), 35/35 VUs, 13293 complete and 0 interrupted iterations
load-k6-1  | fspiopE2E   [  35% ] 35/35 VUs  1m57.0s/5m30.0s
load-k6-1  | 
load-k6-1  | running (1m58.0s), 35/35 VUs, 13415 complete and 0 interrupted iterations
load-k6-1  | fspiopE2E   [  36% ] 35/35 VUs  1m58.0s/5m30.0s
load-k6-1  | 
load-k6-1  | running (1m59.0s), 35/35 VUs, 13537 complete and 0 interrupted iterations
load-k6-1  | fspiopE2E   [  36% ] 35/35 VUs  1m59.0s/5m30.0s
load-k6-1  | 
load-k6-1  | running (2m00.0s), 35/35 VUs, 13665 complete and 0 interrupted iterations
load-k6-1  | fspiopE2E   [  36% ] 35/35 VUs  2m00.0s/5m30.0s
load-k6-1  | 
load-k6-1  | running (2m01.0s), 35/35 VUs, 13786 complete and 0 interrupted iterations
load-k6-1  | fspiopE2E   [  37% ] 35/35 VUs  2m01.0s/5m30.0s
load-k6-1  | 
load-k6-1  | running (2m02.0s), 35/35 VUs, 13921 complete and 0 interrupted iterations
load-k6-1  | fspiopE2E   [  37% ] 35/35 VUs  2m02.0s/5m30.0s
load-k6-1  | 
load-k6-1  | running (2m03.0s), 35/35 VUs, 14042 complete and 0 interrupted iterations
load-k6-1  | fspiopE2E   [  37% ] 35/35 VUs  2m03.0s/5m30.0s
load-k6-1  | 
load-k6-1  | running (2m04.0s), 35/35 VUs, 14165 complete and 0 interrupted iterations
load-k6-1  | fspiopE2E   [  38% ] 35/35 VUs  2m04.0s/5m30.0s
load-k6-1  | 
load-k6-1  | running (2m05.0s), 35/35 VUs, 14296 complete and 0 interrupted iterations
load-k6-1  | fspiopE2E   [  38% ] 35/35 VUs  2m05.0s/5m30.0s
load-k6-1  | 
load-k6-1  | running (2m06.0s), 35/35 VUs, 14395 complete and 0 interrupted iterations
load-k6-1  | fspiopE2E   [  38% ] 35/35 VUs  2m06.0s/5m30.0s
load-k6-1  | 
load-k6-1  | running (2m07.0s), 35/35 VUs, 14510 complete and 0 interrupted iterations
load-k6-1  | fspiopE2E   [  38% ] 35/35 VUs  2m07.0s/5m30.0s
load-k6-1  | 
load-k6-1  | running (2m08.0s), 35/35 VUs, 14645 complete and 0 interrupted iterations
load-k6-1  | fspiopE2E   [  39% ] 35/35 VUs  2m08.0s/5m30.0s
load-k6-1  | 
load-k6-1  | running (2m09.0s), 35/35 VUs, 14761 complete and 0 interrupted iterations
load-k6-1  | fspiopE2E   [  39% ] 35/35 VUs  2m09.0s/5m30.0s
load-k6-1  | 
load-k6-1  | running (2m10.0s), 35/35 VUs, 14880 complete and 0 interrupted iterations
load-k6-1  | fspiopE2E   [  39% ] 35/35 VUs  2m10.0s/5m30.0s
load-k6-1  | 
load-k6-1  | running (2m11.0s), 35/35 VUs, 14990 complete and 0 interrupted iterations
load-k6-1  | fspiopE2E   [  40% ] 35/35 VUs  2m11.0s/5m30.0s
load-k6-1  | 
load-k6-1  | running (2m12.0s), 35/35 VUs, 15111 complete and 0 interrupted iterations
load-k6-1  | fspiopE2E   [  40% ] 35/35 VUs  2m12.0s/5m30.0s
load-k6-1  | 
load-k6-1  | running (2m13.0s), 35/35 VUs, 15219 complete and 0 interrupted iterations
load-k6-1  | fspiopE2E   [  40% ] 35/35 VUs  2m13.0s/5m30.0s
load-k6-1  | 
load-k6-1  | running (2m14.0s), 35/35 VUs, 15331 complete and 0 interrupted iterations
load-k6-1  | fspiopE2E   [  41% ] 35/35 VUs  2m14.0s/5m30.0s
load-k6-1  | 
load-k6-1  | running (2m15.0s), 35/35 VUs, 15465 complete and 0 interrupted iterations
load-k6-1  | fspiopE2E   [  41% ] 35/35 VUs  2m15.0s/5m30.0s
load-k6-1  | 
load-k6-1  | running (2m16.0s), 35/35 VUs, 15594 complete and 0 interrupted iterations
load-k6-1  | fspiopE2E   [  41% ] 35/35 VUs  2m16.0s/5m30.0s
load-k6-1  | 
load-k6-1  | running (2m17.0s), 35/35 VUs, 15721 complete and 0 interrupted iterations
load-k6-1  | fspiopE2E   [  42% ] 35/35 VUs  2m17.0s/5m30.0s
load-k6-1  | 
load-k6-1  | running (2m18.0s), 35/35 VUs, 15847 complete and 0 interrupted iterations
load-k6-1  | fspiopE2E   [  42% ] 35/35 VUs  2m18.0s/5m30.0s
load-k6-1  | 
load-k6-1  | running (2m19.0s), 35/35 VUs, 15967 complete and 0 interrupted iterations
load-k6-1  | fspiopE2E   [  42% ] 35/35 VUs  2m19.0s/5m30.0s
load-k6-1  | 
load-k6-1  | running (2m20.0s), 35/35 VUs, 16097 complete and 0 interrupted iterations
load-k6-1  | fspiopE2E   [  42% ] 35/35 VUs  2m20.0s/5m30.0s
load-k6-1  | 
load-k6-1  | running (2m21.0s), 35/35 VUs, 16223 complete and 0 interrupted iterations
load-k6-1  | fspiopE2E   [  43% ] 35/35 VUs  2m21.0s/5m30.0s
load-k6-1  | 
load-k6-1  | running (2m22.0s), 35/35 VUs, 16347 complete and 0 interrupted iterations
load-k6-1  | fspiopE2E   [  43% ] 35/35 VUs  2m22.0s/5m30.0s
load-k6-1  | 
load-k6-1  | running (2m23.0s), 35/35 VUs, 16472 complete and 0 interrupted iterations
load-k6-1  | fspiopE2E   [  43% ] 35/35 VUs  2m23.0s/5m30.0s
load-k6-1  | 
load-k6-1  | running (2m24.0s), 35/35 VUs, 16609 complete and 0 interrupted iterations
load-k6-1  | fspiopE2E   [  44% ] 35/35 VUs  2m24.0s/5m30.0s
load-k6-1  | 
load-k6-1  | running (2m25.0s), 35/35 VUs, 16726 complete and 0 interrupted iterations
load-k6-1  | fspiopE2E   [  44% ] 35/35 VUs  2m25.0s/5m30.0s
load-k6-1  | 
load-k6-1  | running (2m26.0s), 35/35 VUs, 16856 complete and 0 interrupted iterations
load-k6-1  | fspiopE2E   [  44% ] 35/35 VUs  2m26.0s/5m30.0s
load-k6-1  | 
load-k6-1  | running (2m27.0s), 35/35 VUs, 16983 complete and 0 interrupted iterations
load-k6-1  | fspiopE2E   [  45% ] 35/35 VUs  2m27.0s/5m30.0s
load-k6-1  | 
load-k6-1  | running (2m28.0s), 35/35 VUs, 17103 complete and 0 interrupted iterations
load-k6-1  | fspiopE2E   [  45% ] 35/35 VUs  2m28.0s/5m30.0s
load-k6-1  | 
load-k6-1  | running (2m29.0s), 35/35 VUs, 17217 complete and 0 interrupted iterations
load-k6-1  | fspiopE2E   [  45% ] 35/35 VUs  2m29.0s/5m30.0s
load-k6-1  | 
load-k6-1  | running (2m30.0s), 35/35 VUs, 17342 complete and 0 interrupted iterations
load-k6-1  | fspiopE2E   [  45% ] 35/35 VUs  2m30.0s/5m30.0s
load-k6-1  | 
load-k6-1  | running (2m31.0s), 35/35 VUs, 17471 complete and 0 interrupted iterations
load-k6-1  | fspiopE2E   [  46% ] 35/35 VUs  2m31.0s/5m30.0s
load-k6-1  | 
load-k6-1  | running (2m32.0s), 35/35 VUs, 17592 complete and 0 interrupted iterations
load-k6-1  | fspiopE2E   [  46% ] 35/35 VUs  2m32.0s/5m30.0s
load-k6-1  | 
load-k6-1  | running (2m33.0s), 35/35 VUs, 17720 complete and 0 interrupted iterations
load-k6-1  | fspiopE2E   [  46% ] 35/35 VUs  2m33.0s/5m30.0s
load-k6-1  | 
load-k6-1  | running (2m34.0s), 35/35 VUs, 17843 complete and 0 interrupted iterations
load-k6-1  | fspiopE2E   [  47% ] 35/35 VUs  2m34.0s/5m30.0s
load-k6-1  | 
load-k6-1  | running (2m35.0s), 35/35 VUs, 17968 complete and 0 interrupted iterations
load-k6-1  | fspiopE2E   [  47% ] 35/35 VUs  2m35.0s/5m30.0s
load-k6-1  | 
load-k6-1  | running (2m36.0s), 35/35 VUs, 18092 complete and 0 interrupted iterations
load-k6-1  | fspiopE2E   [  47% ] 35/35 VUs  2m36.0s/5m30.0s
load-k6-1  | 
load-k6-1  | running (2m37.0s), 35/35 VUs, 18197 complete and 0 interrupted iterations
load-k6-1  | fspiopE2E   [  48% ] 35/35 VUs  2m37.0s/5m30.0s
load-k6-1  | 
load-k6-1  | running (2m38.0s), 35/35 VUs, 18310 complete and 0 interrupted iterations
load-k6-1  | fspiopE2E   [  48% ] 35/35 VUs  2m38.0s/5m30.0s
load-k6-1  | 
load-k6-1  | running (2m39.0s), 35/35 VUs, 18438 complete and 0 interrupted iterations
load-k6-1  | fspiopE2E   [  48% ] 35/35 VUs  2m39.0s/5m30.0s
load-k6-1  | 
load-k6-1  | running (2m40.0s), 35/35 VUs, 18565 complete and 0 interrupted iterations
load-k6-1  | fspiopE2E   [  48% ] 35/35 VUs  2m40.0s/5m30.0s
load-k6-1  | 
load-k6-1  | running (2m41.0s), 35/35 VUs, 18700 complete and 0 interrupted iterations
load-k6-1  | fspiopE2E   [  49% ] 35/35 VUs  2m41.0s/5m30.0s
load-k6-1  | 
load-k6-1  | running (2m42.0s), 35/35 VUs, 18826 complete and 0 interrupted iterations
load-k6-1  | fspiopE2E   [  49% ] 35/35 VUs  2m42.0s/5m30.0s
load-k6-1  | 
load-k6-1  | running (2m43.0s), 35/35 VUs, 18945 complete and 0 interrupted iterations
load-k6-1  | fspiopE2E   [  49% ] 35/35 VUs  2m43.0s/5m30.0s
load-k6-1  | 
load-k6-1  | running (2m44.0s), 35/35 VUs, 19072 complete and 0 interrupted iterations
load-k6-1  | fspiopE2E   [  50% ] 35/35 VUs  2m44.0s/5m30.0s
load-k6-1  | 
load-k6-1  | running (2m45.0s), 35/35 VUs, 19206 complete and 0 interrupted iterations
load-k6-1  | fspiopE2E   [  50% ] 35/35 VUs  2m45.0s/5m30.0s
load-k6-1  | 
load-k6-1  | running (2m46.0s), 35/35 VUs, 19324 complete and 0 interrupted iterations
load-k6-1  | fspiopE2E   [  50% ] 35/35 VUs  2m46.0s/5m30.0s
load-k6-1  | 
load-k6-1  | running (2m47.0s), 35/35 VUs, 19448 complete and 0 interrupted iterations
load-k6-1  | fspiopE2E   [  51% ] 35/35 VUs  2m47.0s/5m30.0s
load-k6-1  | 
load-k6-1  | running (2m48.0s), 35/35 VUs, 19567 complete and 0 interrupted iterations
load-k6-1  | fspiopE2E   [  51% ] 35/35 VUs  2m48.0s/5m30.0s
load-k6-1  | 
load-k6-1  | running (2m49.0s), 35/35 VUs, 19687 complete and 0 interrupted iterations
load-k6-1  | fspiopE2E   [  51% ] 35/35 VUs  2m49.0s/5m30.0s
load-k6-1  | 
load-k6-1  | running (2m50.0s), 35/35 VUs, 19816 complete and 0 interrupted iterations
load-k6-1  | fspiopE2E   [  52% ] 35/35 VUs  2m50.0s/5m30.0s
load-k6-1  | 
load-k6-1  | running (2m51.0s), 35/35 VUs, 19938 complete and 0 interrupted iterations
load-k6-1  | fspiopE2E   [  52% ] 35/35 VUs  2m51.0s/5m30.0s
load-k6-1  | 
load-k6-1  | running (2m52.0s), 35/35 VUs, 20055 complete and 0 interrupted iterations
load-k6-1  | fspiopE2E   [  52% ] 35/35 VUs  2m52.0s/5m30.0s
load-k6-1  | 
load-k6-1  | running (2m53.0s), 35/35 VUs, 20182 complete and 0 interrupted iterations
load-k6-1  | fspiopE2E   [  52% ] 35/35 VUs  2m53.0s/5m30.0s
load-k6-1  | 
load-k6-1  | running (2m54.0s), 35/35 VUs, 20301 complete and 0 interrupted iterations
load-k6-1  | fspiopE2E   [  53% ] 35/35 VUs  2m54.0s/5m30.0s
load-k6-1  | 
load-k6-1  | running (2m55.0s), 35/35 VUs, 20415 complete and 0 interrupted iterations
load-k6-1  | fspiopE2E   [  53% ] 35/35 VUs  2m55.0s/5m30.0s
load-k6-1  | 
load-k6-1  | running (2m56.0s), 35/35 VUs, 20545 complete and 0 interrupted iterations
load-k6-1  | fspiopE2E   [  53% ] 35/35 VUs  2m56.0s/5m30.0s
load-k6-1  | 
load-k6-1  | running (2m57.0s), 35/35 VUs, 20667 complete and 0 interrupted iterations
load-k6-1  | fspiopE2E   [  54% ] 35/35 VUs  2m57.0s/5m30.0s
load-k6-1  | 
load-k6-1  | running (2m58.0s), 35/35 VUs, 20787 complete and 0 interrupted iterations
load-k6-1  | fspiopE2E   [  54% ] 35/35 VUs  2m58.0s/5m30.0s
load-k6-1  | 
load-k6-1  | running (2m59.0s), 35/35 VUs, 20913 complete and 0 interrupted iterations
load-k6-1  | fspiopE2E   [  54% ] 35/35 VUs  2m59.0s/5m30.0s
load-k6-1  | 
load-k6-1  | running (3m00.0s), 35/35 VUs, 21039 complete and 0 interrupted iterations
load-k6-1  | fspiopE2E   [  55% ] 35/35 VUs  3m00.0s/5m30.0s
load-k6-1  | 
load-k6-1  | running (3m01.0s), 35/35 VUs, 21170 complete and 0 interrupted iterations
load-k6-1  | fspiopE2E   [  55% ] 35/35 VUs  3m01.0s/5m30.0s
load-k6-1  | 
load-k6-1  | running (3m02.0s), 35/35 VUs, 21295 complete and 0 interrupted iterations
load-k6-1  | fspiopE2E   [  55% ] 35/35 VUs  3m02.0s/5m30.0s
load-k6-1  | 
load-k6-1  | running (3m03.0s), 35/35 VUs, 21413 complete and 0 interrupted iterations
load-k6-1  | fspiopE2E   [  55% ] 35/35 VUs  3m03.0s/5m30.0s
load-k6-1  | 
load-k6-1  | running (3m04.0s), 35/35 VUs, 21540 complete and 0 interrupted iterations
load-k6-1  | fspiopE2E   [  56% ] 35/35 VUs  3m04.0s/5m30.0s
load-k6-1  | 
load-k6-1  | running (3m05.0s), 35/35 VUs, 21665 complete and 0 interrupted iterations
load-k6-1  | fspiopE2E   [  56% ] 35/35 VUs  3m05.0s/5m30.0s
load-k6-1  | 
load-k6-1  | running (3m06.0s), 35/35 VUs, 21785 complete and 0 interrupted iterations
load-k6-1  | fspiopE2E   [  56% ] 35/35 VUs  3m06.0s/5m30.0s
load-k6-1  | 
load-k6-1  | running (3m07.0s), 35/35 VUs, 21901 complete and 0 interrupted iterations
load-k6-1  | fspiopE2E   [  57% ] 35/35 VUs  3m07.0s/5m30.0s
load-k6-1  | 
load-k6-1  | running (3m08.0s), 35/35 VUs, 22014 complete and 0 interrupted iterations
load-k6-1  | fspiopE2E   [  57% ] 35/35 VUs  3m08.0s/5m30.0s
load-k6-1  | 
load-k6-1  | running (3m09.0s), 35/35 VUs, 22137 complete and 0 interrupted iterations
load-k6-1  | fspiopE2E   [  57% ] 35/35 VUs  3m09.0s/5m30.0s
load-k6-1  | 
load-k6-1  | running (3m10.0s), 35/35 VUs, 22255 complete and 0 interrupted iterations
load-k6-1  | fspiopE2E   [  58% ] 35/35 VUs  3m10.0s/5m30.0s
load-k6-1  | 
load-k6-1  | running (3m11.0s), 35/35 VUs, 22376 complete and 0 interrupted iterations
load-k6-1  | fspiopE2E   [  58% ] 35/35 VUs  3m11.0s/5m30.0s
load-k6-1  | 
load-k6-1  | running (3m12.0s), 35/35 VUs, 22509 complete and 0 interrupted iterations
load-k6-1  | fspiopE2E   [  58% ] 35/35 VUs  3m12.0s/5m30.0s
load-k6-1  | 
load-k6-1  | running (3m13.0s), 35/35 VUs, 22632 complete and 0 interrupted iterations
load-k6-1  | fspiopE2E   [  58% ] 35/35 VUs  3m13.0s/5m30.0s
load-k6-1  | 
load-k6-1  | running (3m14.0s), 35/35 VUs, 22757 complete and 0 interrupted iterations
load-k6-1  | fspiopE2E   [  59% ] 35/35 VUs  3m14.0s/5m30.0s
load-k6-1  | 
load-k6-1  | running (3m15.0s), 35/35 VUs, 22873 complete and 0 interrupted iterations
load-k6-1  | fspiopE2E   [  59% ] 35/35 VUs  3m15.0s/5m30.0s
load-k6-1  | 
load-k6-1  | running (3m16.0s), 35/35 VUs, 22986 complete and 0 interrupted iterations
load-k6-1  | fspiopE2E   [  59% ] 35/35 VUs  3m16.0s/5m30.0s
load-k6-1  | 
load-k6-1  | running (3m17.0s), 35/35 VUs, 23098 complete and 0 interrupted iterations
load-k6-1  | fspiopE2E   [  60% ] 35/35 VUs  3m17.0s/5m30.0s
load-k6-1  | 
load-k6-1  | running (3m18.0s), 35/35 VUs, 23230 complete and 0 interrupted iterations
load-k6-1  | fspiopE2E   [  60% ] 35/35 VUs  3m18.0s/5m30.0s
load-k6-1  | 
load-k6-1  | running (3m19.0s), 35/35 VUs, 23348 complete and 0 interrupted iterations
load-k6-1  | fspiopE2E   [  60% ] 35/35 VUs  3m19.0s/5m30.0s
load-k6-1  | 
load-k6-1  | running (3m20.0s), 35/35 VUs, 23469 complete and 0 interrupted iterations
load-k6-1  | fspiopE2E   [  61% ] 35/35 VUs  3m20.0s/5m30.0s
load-k6-1  | 
load-k6-1  | running (3m21.0s), 35/35 VUs, 23578 complete and 0 interrupted iterations
load-k6-1  | fspiopE2E   [  61% ] 35/35 VUs  3m21.0s/5m30.0s
load-k6-1  | 
load-k6-1  | running (3m22.0s), 35/35 VUs, 23709 complete and 0 interrupted iterations
load-k6-1  | fspiopE2E   [  61% ] 35/35 VUs  3m22.0s/5m30.0s
load-k6-1  | 
load-k6-1  | running (3m23.0s), 35/35 VUs, 23828 complete and 0 interrupted iterations
load-k6-1  | fspiopE2E   [  62% ] 35/35 VUs  3m23.0s/5m30.0s
load-k6-1  | 
load-k6-1  | running (3m24.0s), 35/35 VUs, 23954 complete and 0 interrupted iterations
load-k6-1  | fspiopE2E   [  62% ] 35/35 VUs  3m24.0s/5m30.0s
load-k6-1  | 
load-k6-1  | running (3m25.0s), 35/35 VUs, 24075 complete and 0 interrupted iterations
load-k6-1  | fspiopE2E   [  62% ] 35/35 VUs  3m25.0s/5m30.0s
load-k6-1  | 
load-k6-1  | running (3m26.0s), 35/35 VUs, 24190 complete and 0 interrupted iterations
load-k6-1  | fspiopE2E   [  62% ] 35/35 VUs  3m26.0s/5m30.0s
load-k6-1  | 
load-k6-1  | running (3m27.0s), 35/35 VUs, 24324 complete and 0 interrupted iterations
load-k6-1  | fspiopE2E   [  63% ] 35/35 VUs  3m27.0s/5m30.0s
load-k6-1  | 
load-k6-1  | running (3m28.0s), 35/35 VUs, 24437 complete and 0 interrupted iterations
load-k6-1  | fspiopE2E   [  63% ] 35/35 VUs  3m28.0s/5m30.0s
load-k6-1  | 
load-k6-1  | running (3m29.0s), 35/35 VUs, 24558 complete and 0 interrupted iterations
load-k6-1  | fspiopE2E   [  63% ] 35/35 VUs  3m29.0s/5m30.0s
load-k6-1  | 
load-k6-1  | running (3m30.0s), 35/35 VUs, 24678 complete and 0 interrupted iterations
load-k6-1  | fspiopE2E   [  64% ] 35/35 VUs  3m30.0s/5m30.0s
load-k6-1  | 
load-k6-1  | running (3m31.0s), 35/35 VUs, 24805 complete and 0 interrupted iterations
load-k6-1  | fspiopE2E   [  64% ] 35/35 VUs  3m31.0s/5m30.0s
load-k6-1  | 
load-k6-1  | running (3m32.0s), 35/35 VUs, 24920 complete and 0 interrupted iterations
load-k6-1  | fspiopE2E   [  64% ] 35/35 VUs  3m32.0s/5m30.0s
load-k6-1  | 
load-k6-1  | running (3m33.0s), 35/35 VUs, 25038 complete and 0 interrupted iterations
load-k6-1  | fspiopE2E   [  65% ] 35/35 VUs  3m33.0s/5m30.0s
load-k6-1  | 
load-k6-1  | running (3m34.0s), 35/35 VUs, 25153 complete and 0 interrupted iterations
load-k6-1  | fspiopE2E   [  65% ] 35/35 VUs  3m34.0s/5m30.0s
load-k6-1  | 
load-k6-1  | running (3m35.0s), 35/35 VUs, 25279 complete and 0 interrupted iterations
load-k6-1  | fspiopE2E   [  65% ] 35/35 VUs  3m35.0s/5m30.0s
load-k6-1  | 
load-k6-1  | running (3m36.0s), 35/35 VUs, 25399 complete and 0 interrupted iterations
load-k6-1  | fspiopE2E   [  65% ] 35/35 VUs  3m36.0s/5m30.0s
load-k6-1  | 
load-k6-1  | running (3m37.0s), 35/35 VUs, 25522 complete and 0 interrupted iterations
load-k6-1  | fspiopE2E   [  66% ] 35/35 VUs  3m37.0s/5m30.0s
load-k6-1  | 
load-k6-1  | running (3m38.0s), 35/35 VUs, 25643 complete and 0 interrupted iterations
load-k6-1  | fspiopE2E   [  66% ] 35/35 VUs  3m38.0s/5m30.0s
load-k6-1  | 
load-k6-1  | running (3m39.0s), 35/35 VUs, 25773 complete and 0 interrupted iterations
load-k6-1  | fspiopE2E   [  66% ] 35/35 VUs  3m39.0s/5m30.0s
load-k6-1  | 
load-k6-1  | running (3m40.0s), 35/35 VUs, 25868 complete and 0 interrupted iterations
load-k6-1  | fspiopE2E   [  67% ] 35/35 VUs  3m40.0s/5m30.0s
load-k6-1  | 
load-k6-1  | running (3m41.0s), 35/35 VUs, 25987 complete and 0 interrupted iterations
load-k6-1  | fspiopE2E   [  67% ] 35/35 VUs  3m41.0s/5m30.0s
load-k6-1  | 
load-k6-1  | running (3m42.0s), 35/35 VUs, 26114 complete and 0 interrupted iterations
load-k6-1  | fspiopE2E   [  67% ] 35/35 VUs  3m42.0s/5m30.0s
load-k6-1  | 
load-k6-1  | running (3m43.0s), 35/35 VUs, 26229 complete and 0 interrupted iterations
load-k6-1  | fspiopE2E   [  68% ] 35/35 VUs  3m43.0s/5m30.0s
load-k6-1  | 
load-k6-1  | running (3m44.0s), 35/35 VUs, 26344 complete and 0 interrupted iterations
load-k6-1  | fspiopE2E   [  68% ] 35/35 VUs  3m44.0s/5m30.0s
load-k6-1  | 
load-k6-1  | running (3m45.0s), 35/35 VUs, 26456 complete and 0 interrupted iterations
load-k6-1  | fspiopE2E   [  68% ] 35/35 VUs  3m45.0s/5m30.0s
load-k6-1  | 
load-k6-1  | running (3m46.0s), 35/35 VUs, 26574 complete and 0 interrupted iterations
load-k6-1  | fspiopE2E   [  68% ] 35/35 VUs  3m46.0s/5m30.0s
load-k6-1  | 
load-k6-1  | running (3m47.0s), 35/35 VUs, 26691 complete and 0 interrupted iterations
load-k6-1  | fspiopE2E   [  69% ] 35/35 VUs  3m47.0s/5m30.0s
load-k6-1  | 
load-k6-1  | running (3m48.0s), 35/35 VUs, 26810 complete and 0 interrupted iterations
load-k6-1  | fspiopE2E   [  69% ] 35/35 VUs  3m48.0s/5m30.0s
load-k6-1  | 
load-k6-1  | running (3m49.0s), 35/35 VUs, 26933 complete and 0 interrupted iterations
load-k6-1  | fspiopE2E   [  69% ] 35/35 VUs  3m49.0s/5m30.0s
load-k6-1  | 
load-k6-1  | running (3m50.0s), 35/35 VUs, 27065 complete and 0 interrupted iterations
load-k6-1  | fspiopE2E   [  70% ] 35/35 VUs  3m50.0s/5m30.0s
load-k6-1  | 
load-k6-1  | running (3m51.0s), 35/35 VUs, 27194 complete and 0 interrupted iterations
load-k6-1  | fspiopE2E   [  70% ] 35/35 VUs  3m51.0s/5m30.0s
load-k6-1  | 
load-k6-1  | running (3m52.0s), 35/35 VUs, 27313 complete and 0 interrupted iterations
load-k6-1  | fspiopE2E   [  70% ] 35/35 VUs  3m52.0s/5m30.0s
load-k6-1  | 
load-k6-1  | running (3m53.0s), 35/35 VUs, 27437 complete and 0 interrupted iterations
load-k6-1  | fspiopE2E   [  71% ] 35/35 VUs  3m53.0s/5m30.0s
load-k6-1  | 
load-k6-1  | running (3m54.0s), 35/35 VUs, 27563 complete and 0 interrupted iterations
load-k6-1  | fspiopE2E   [  71% ] 35/35 VUs  3m54.0s/5m30.0s
load-k6-1  | 
load-k6-1  | running (3m55.0s), 35/35 VUs, 27684 complete and 0 interrupted iterations
load-k6-1  | fspiopE2E   [  71% ] 35/35 VUs  3m55.0s/5m30.0s
load-k6-1  | 
load-k6-1  | running (3m56.0s), 35/35 VUs, 27801 complete and 0 interrupted iterations
load-k6-1  | fspiopE2E   [  72% ] 35/35 VUs  3m56.0s/5m30.0s
load-k6-1  | 
load-k6-1  | running (3m57.0s), 35/35 VUs, 27920 complete and 0 interrupted iterations
load-k6-1  | fspiopE2E   [  72% ] 35/35 VUs  3m57.0s/5m30.0s
load-k6-1  | 
load-k6-1  | running (3m58.0s), 35/35 VUs, 28033 complete and 0 interrupted iterations
load-k6-1  | fspiopE2E   [  72% ] 35/35 VUs  3m58.0s/5m30.0s
load-k6-1  | 
load-k6-1  | running (3m59.0s), 35/35 VUs, 28159 complete and 0 interrupted iterations
load-k6-1  | fspiopE2E   [  72% ] 35/35 VUs  3m59.0s/5m30.0s
load-k6-1  | 
load-k6-1  | running (4m00.0s), 35/35 VUs, 28284 complete and 0 interrupted iterations
load-k6-1  | fspiopE2E   [  73% ] 35/35 VUs  4m00.0s/5m30.0s
load-k6-1  | 
load-k6-1  | running (4m01.0s), 35/35 VUs, 28412 complete and 0 interrupted iterations
load-k6-1  | fspiopE2E   [  73% ] 35/35 VUs  4m01.0s/5m30.0s
load-k6-1  | 
load-k6-1  | running (4m02.0s), 35/35 VUs, 28540 complete and 0 interrupted iterations
load-k6-1  | fspiopE2E   [  73% ] 35/35 VUs  4m02.0s/5m30.0s
load-k6-1  | 
load-k6-1  | running (4m03.0s), 35/35 VUs, 28671 complete and 0 interrupted iterations
load-k6-1  | fspiopE2E   [  74% ] 35/35 VUs  4m03.0s/5m30.0s
load-k6-1  | 
load-k6-1  | running (4m04.0s), 35/35 VUs, 28788 complete and 0 interrupted iterations
load-k6-1  | fspiopE2E   [  74% ] 35/35 VUs  4m04.0s/5m30.0s
load-k6-1  | 
load-k6-1  | running (4m05.0s), 35/35 VUs, 28908 complete and 0 interrupted iterations
load-k6-1  | fspiopE2E   [  74% ] 35/35 VUs  4m05.0s/5m30.0s
load-k6-1  | 
load-k6-1  | running (4m06.0s), 35/35 VUs, 29030 complete and 0 interrupted iterations
load-k6-1  | fspiopE2E   [  75% ] 35/35 VUs  4m06.0s/5m30.0s
load-k6-1  | 
load-k6-1  | running (4m07.0s), 35/35 VUs, 29160 complete and 0 interrupted iterations
load-k6-1  | fspiopE2E   [  75% ] 35/35 VUs  4m07.0s/5m30.0s
load-k6-1  | 
load-k6-1  | running (4m08.0s), 35/35 VUs, 29277 complete and 0 interrupted iterations
load-k6-1  | fspiopE2E   [  75% ] 35/35 VUs  4m08.0s/5m30.0s
load-k6-1  | 
load-k6-1  | running (4m09.0s), 35/35 VUs, 29407 complete and 0 interrupted iterations
load-k6-1  | fspiopE2E   [  75% ] 35/35 VUs  4m09.0s/5m30.0s
load-k6-1  | 
load-k6-1  | running (4m10.0s), 35/35 VUs, 29520 complete and 0 interrupted iterations
load-k6-1  | fspiopE2E   [  76% ] 35/35 VUs  4m10.0s/5m30.0s
load-k6-1  | 
load-k6-1  | running (4m11.0s), 35/35 VUs, 29628 complete and 0 interrupted iterations
load-k6-1  | fspiopE2E   [  76% ] 35/35 VUs  4m11.0s/5m30.0s
load-k6-1  | 
load-k6-1  | running (4m12.0s), 35/35 VUs, 29744 complete and 0 interrupted iterations
load-k6-1  | fspiopE2E   [  76% ] 35/35 VUs  4m12.0s/5m30.0s
load-k6-1  | 
load-k6-1  | running (4m13.0s), 35/35 VUs, 29870 complete and 0 interrupted iterations
load-k6-1  | fspiopE2E   [  77% ] 35/35 VUs  4m13.0s/5m30.0s
load-k6-1  | 
load-k6-1  | running (4m14.0s), 35/35 VUs, 29994 complete and 0 interrupted iterations
load-k6-1  | fspiopE2E   [  77% ] 35/35 VUs  4m14.0s/5m30.0s
load-k6-1  | 
load-k6-1  | running (4m15.0s), 35/35 VUs, 30122 complete and 0 interrupted iterations
load-k6-1  | fspiopE2E   [  77% ] 35/35 VUs  4m15.0s/5m30.0s
load-k6-1  | 
load-k6-1  | running (4m16.0s), 35/35 VUs, 30234 complete and 0 interrupted iterations
load-k6-1  | fspiopE2E   [  78% ] 35/35 VUs  4m16.0s/5m30.0s
load-k6-1  | 
load-k6-1  | running (4m17.0s), 35/35 VUs, 30350 complete and 0 interrupted iterations
load-k6-1  | fspiopE2E   [  78% ] 35/35 VUs  4m17.0s/5m30.0s
load-k6-1  | 
load-k6-1  | running (4m18.0s), 35/35 VUs, 30474 complete and 0 interrupted iterations
load-k6-1  | fspiopE2E   [  78% ] 35/35 VUs  4m18.0s/5m30.0s
load-k6-1  | 
load-k6-1  | running (4m19.0s), 35/35 VUs, 30584 complete and 0 interrupted iterations
load-k6-1  | fspiopE2E   [  78% ] 35/35 VUs  4m19.0s/5m30.0s
load-k6-1  | 
load-k6-1  | running (4m20.0s), 35/35 VUs, 30703 complete and 0 interrupted iterations
load-k6-1  | fspiopE2E   [  79% ] 35/35 VUs  4m20.0s/5m30.0s
load-k6-1  | 
load-k6-1  | running (4m21.0s), 35/35 VUs, 30825 complete and 0 interrupted iterations
load-k6-1  | fspiopE2E   [  79% ] 35/35 VUs  4m21.0s/5m30.0s
load-k6-1  | 
load-k6-1  | running (4m22.0s), 35/35 VUs, 30941 complete and 0 interrupted iterations
load-k6-1  | fspiopE2E   [  79% ] 35/35 VUs  4m22.0s/5m30.0s
load-k6-1  | 
load-k6-1  | running (4m23.0s), 35/35 VUs, 31076 complete and 0 interrupted iterations
load-k6-1  | fspiopE2E   [  80% ] 35/35 VUs  4m23.0s/5m30.0s
load-k6-1  | 
load-k6-1  | running (4m24.0s), 35/35 VUs, 31198 complete and 0 interrupted iterations
load-k6-1  | fspiopE2E   [  80% ] 35/35 VUs  4m24.0s/5m30.0s
load-k6-1  | 
load-k6-1  | running (4m25.0s), 35/35 VUs, 31324 complete and 0 interrupted iterations
load-k6-1  | fspiopE2E   [  80% ] 35/35 VUs  4m25.0s/5m30.0s
load-k6-1  | 
load-k6-1  | running (4m26.0s), 35/35 VUs, 31437 complete and 0 interrupted iterations
load-k6-1  | fspiopE2E   [  81% ] 35/35 VUs  4m26.0s/5m30.0s
load-k6-1  | 
load-k6-1  | running (4m27.0s), 35/35 VUs, 31554 complete and 0 interrupted iterations
load-k6-1  | fspiopE2E   [  81% ] 35/35 VUs  4m27.0s/5m30.0s
load-k6-1  | 
load-k6-1  | running (4m28.0s), 35/35 VUs, 31671 complete and 0 interrupted iterations
load-k6-1  | fspiopE2E   [  81% ] 35/35 VUs  4m28.0s/5m30.0s
load-k6-1  | 
load-k6-1  | running (4m29.0s), 35/35 VUs, 31785 complete and 0 interrupted iterations
load-k6-1  | fspiopE2E   [  82% ] 35/35 VUs  4m29.0s/5m30.0s
load-k6-1  | 
load-k6-1  | running (4m30.0s), 35/35 VUs, 31903 complete and 0 interrupted iterations
load-k6-1  | fspiopE2E   [  82% ] 35/35 VUs  4m30.0s/5m30.0s
load-k6-1  | 
load-k6-1  | running (4m31.0s), 35/35 VUs, 32019 complete and 0 interrupted iterations
load-k6-1  | fspiopE2E   [  82% ] 35/35 VUs  4m31.0s/5m30.0s
load-k6-1  | 
load-k6-1  | running (4m32.0s), 35/35 VUs, 32149 complete and 0 interrupted iterations
load-k6-1  | fspiopE2E   [  82% ] 35/35 VUs  4m32.0s/5m30.0s
load-k6-1  | 
load-k6-1  | running (4m33.0s), 35/35 VUs, 32272 complete and 0 interrupted iterations
load-k6-1  | fspiopE2E   [  83% ] 35/35 VUs  4m33.0s/5m30.0s
load-k6-1  | 
load-k6-1  | running (4m34.0s), 35/35 VUs, 32386 complete and 0 interrupted iterations
load-k6-1  | fspiopE2E   [  83% ] 35/35 VUs  4m34.0s/5m30.0s
load-k6-1  | 
load-k6-1  | running (4m35.0s), 35/35 VUs, 32511 complete and 0 interrupted iterations
load-k6-1  | fspiopE2E   [  83% ] 35/35 VUs  4m35.0s/5m30.0s
load-k6-1  | 
load-k6-1  | running (4m36.0s), 35/35 VUs, 32629 complete and 0 interrupted iterations
load-k6-1  | fspiopE2E   [  84% ] 35/35 VUs  4m36.0s/5m30.0s
load-k6-1  | 
load-k6-1  | running (4m37.0s), 35/35 VUs, 32743 complete and 0 interrupted iterations
load-k6-1  | fspiopE2E   [  84% ] 35/35 VUs  4m37.0s/5m30.0s
load-k6-1  | 
load-k6-1  | running (4m38.0s), 35/35 VUs, 32861 complete and 0 interrupted iterations
load-k6-1  | fspiopE2E   [  84% ] 35/35 VUs  4m38.0s/5m30.0s
load-k6-1  | 
load-k6-1  | running (4m39.0s), 35/35 VUs, 32989 complete and 0 interrupted iterations
load-k6-1  | fspiopE2E   [  85% ] 35/35 VUs  4m39.0s/5m30.0s
load-k6-1  | 
load-k6-1  | running (4m40.0s), 35/35 VUs, 33116 complete and 0 interrupted iterations
load-k6-1  | fspiopE2E   [  85% ] 35/35 VUs  4m40.0s/5m30.0s
load-k6-1  | 
load-k6-1  | running (4m41.0s), 35/35 VUs, 33250 complete and 0 interrupted iterations
load-k6-1  | fspiopE2E   [  85% ] 35/35 VUs  4m41.0s/5m30.0s
load-k6-1  | 
load-k6-1  | running (4m42.0s), 35/35 VUs, 33369 complete and 0 interrupted iterations
load-k6-1  | fspiopE2E   [  85% ] 35/35 VUs  4m42.0s/5m30.0s
load-k6-1  | 
load-k6-1  | running (4m43.0s), 35/35 VUs, 33489 complete and 0 interrupted iterations
load-k6-1  | fspiopE2E   [  86% ] 35/35 VUs  4m43.0s/5m30.0s
load-k6-1  | 
load-k6-1  | running (4m44.0s), 35/35 VUs, 33616 complete and 0 interrupted iterations
load-k6-1  | fspiopE2E   [  86% ] 35/35 VUs  4m44.0s/5m30.0s
load-k6-1  | 
load-k6-1  | running (4m45.0s), 35/35 VUs, 33736 complete and 0 interrupted iterations
load-k6-1  | fspiopE2E   [  86% ] 35/35 VUs  4m45.0s/5m30.0s
load-k6-1  | 
load-k6-1  | running (4m46.0s), 35/35 VUs, 33854 complete and 0 interrupted iterations
load-k6-1  | fspiopE2E   [  87% ] 35/35 VUs  4m46.0s/5m30.0s
load-k6-1  | 
load-k6-1  | running (4m47.0s), 35/35 VUs, 33972 complete and 0 interrupted iterations
load-k6-1  | fspiopE2E   [  87% ] 35/35 VUs  4m47.0s/5m30.0s
load-k6-1  | 
load-k6-1  | running (4m48.0s), 35/35 VUs, 34082 complete and 0 interrupted iterations
load-k6-1  | fspiopE2E   [  87% ] 35/35 VUs  4m48.0s/5m30.0s
load-k6-1  | 
load-k6-1  | running (4m49.0s), 35/35 VUs, 34204 complete and 0 interrupted iterations
load-k6-1  | fspiopE2E   [  88% ] 35/35 VUs  4m49.0s/5m30.0s
load-k6-1  | 
load-k6-1  | running (4m50.0s), 35/35 VUs, 34322 complete and 0 interrupted iterations
load-k6-1  | fspiopE2E   [  88% ] 35/35 VUs  4m50.0s/5m30.0s
load-k6-1  | 
load-k6-1  | running (4m51.0s), 35/35 VUs, 34427 complete and 0 interrupted iterations
load-k6-1  | fspiopE2E   [  88% ] 35/35 VUs  4m51.0s/5m30.0s
load-k6-1  | 
load-k6-1  | running (4m52.0s), 35/35 VUs, 34561 complete and 0 interrupted iterations
load-k6-1  | fspiopE2E   [  88% ] 35/35 VUs  4m52.0s/5m30.0s
load-k6-1  | 
load-k6-1  | running (4m53.0s), 35/35 VUs, 34690 complete and 0 interrupted iterations
load-k6-1  | fspiopE2E   [  89% ] 35/35 VUs  4m53.0s/5m30.0s
load-k6-1  | 
load-k6-1  | running (4m54.0s), 35/35 VUs, 34797 complete and 0 interrupted iterations
load-k6-1  | fspiopE2E   [  89% ] 35/35 VUs  4m54.0s/5m30.0s
load-k6-1  | 
load-k6-1  | running (4m55.0s), 35/35 VUs, 34920 complete and 0 interrupted iterations
load-k6-1  | fspiopE2E   [  89% ] 35/35 VUs  4m55.0s/5m30.0s
load-k6-1  | 
load-k6-1  | running (4m56.0s), 35/35 VUs, 35036 complete and 0 interrupted iterations
load-k6-1  | fspiopE2E   [  90% ] 35/35 VUs  4m56.0s/5m30.0s
load-k6-1  | 
load-k6-1  | running (4m57.0s), 35/35 VUs, 35156 complete and 0 interrupted iterations
load-k6-1  | fspiopE2E   [  90% ] 35/35 VUs  4m57.0s/5m30.0s
load-k6-1  | 
load-k6-1  | running (4m58.0s), 35/35 VUs, 35279 complete and 0 interrupted iterations
load-k6-1  | fspiopE2E   [  90% ] 35/35 VUs  4m58.0s/5m30.0s
load-k6-1  | 
load-k6-1  | running (4m59.0s), 35/35 VUs, 35404 complete and 0 interrupted iterations
load-k6-1  | fspiopE2E   [  91% ] 35/35 VUs  4m59.0s/5m30.0s
load-k6-1  | 
load-k6-1  | running (5m00.0s), 35/35 VUs, 35532 complete and 0 interrupted iterations
load-k6-1  | fspiopE2E   [  91% ] 35/35 VUs  5m00.0s/5m30.0s
load-k6-1  | 
load-k6-1  | running (5m01.0s), 35/35 VUs, 35658 complete and 0 interrupted iterations
load-k6-1  | fspiopE2E   [  91% ] 35/35 VUs  5m01.0s/5m30.0s
load-k6-1  | 
load-k6-1  | running (5m02.0s), 35/35 VUs, 35783 complete and 0 interrupted iterations
load-k6-1  | fspiopE2E   [  92% ] 35/35 VUs  5m02.0s/5m30.0s
load-k6-1  | 
load-k6-1  | running (5m03.0s), 35/35 VUs, 35911 complete and 0 interrupted iterations
load-k6-1  | fspiopE2E   [  92% ] 35/35 VUs  5m03.0s/5m30.0s
load-k6-1  | 
load-k6-1  | running (5m04.0s), 35/35 VUs, 36035 complete and 0 interrupted iterations
load-k6-1  | fspiopE2E   [  92% ] 35/35 VUs  5m04.0s/5m30.0s
load-k6-1  | 
load-k6-1  | running (5m05.0s), 35/35 VUs, 36162 complete and 0 interrupted iterations
load-k6-1  | fspiopE2E   [  92% ] 35/35 VUs  5m05.0s/5m30.0s
load-k6-1  | 
load-k6-1  | running (5m06.0s), 35/35 VUs, 36272 complete and 0 interrupted iterations
load-k6-1  | fspiopE2E   [  93% ] 35/35 VUs  5m06.0s/5m30.0s
load-k6-1  | 
load-k6-1  | running (5m07.0s), 35/35 VUs, 36392 complete and 0 interrupted iterations
load-k6-1  | fspiopE2E   [  93% ] 35/35 VUs  5m07.0s/5m30.0s
load-k6-1  | 
load-k6-1  | running (5m08.0s), 35/35 VUs, 36516 complete and 0 interrupted iterations
load-k6-1  | fspiopE2E   [  93% ] 35/35 VUs  5m08.0s/5m30.0s
load-k6-1  | 
load-k6-1  | running (5m09.0s), 35/35 VUs, 36638 complete and 0 interrupted iterations
load-k6-1  | fspiopE2E   [  94% ] 35/35 VUs  5m09.0s/5m30.0s
load-k6-1  | 
load-k6-1  | running (5m10.0s), 35/35 VUs, 36758 complete and 0 interrupted iterations
load-k6-1  | fspiopE2E   [  94% ] 35/35 VUs  5m10.0s/5m30.0s
load-k6-1  | 
load-k6-1  | running (5m11.0s), 35/35 VUs, 36892 complete and 0 interrupted iterations
load-k6-1  | fspiopE2E   [  94% ] 35/35 VUs  5m11.0s/5m30.0s
load-k6-1  | 
load-k6-1  | running (5m12.0s), 35/35 VUs, 37015 complete and 0 interrupted iterations
load-k6-1  | fspiopE2E   [  95% ] 35/35 VUs  5m12.0s/5m30.0s
load-k6-1  | 
load-k6-1  | running (5m13.0s), 35/35 VUs, 37147 complete and 0 interrupted iterations
load-k6-1  | fspiopE2E   [  95% ] 35/35 VUs  5m13.0s/5m30.0s
load-k6-1  | 
load-k6-1  | running (5m14.0s), 35/35 VUs, 37253 complete and 0 interrupted iterations
load-k6-1  | fspiopE2E   [  95% ] 35/35 VUs  5m14.0s/5m30.0s
load-k6-1  | 
load-k6-1  | running (5m15.0s), 35/35 VUs, 37367 complete and 0 interrupted iterations
load-k6-1  | fspiopE2E   [  95% ] 35/35 VUs  5m15.0s/5m30.0s
load-k6-1  | 
load-k6-1  | running (5m16.0s), 35/35 VUs, 37489 complete and 0 interrupted iterations
load-k6-1  | fspiopE2E   [  96% ] 35/35 VUs  5m16.0s/5m30.0s
load-k6-1  | 
load-k6-1  | running (5m17.0s), 35/35 VUs, 37610 complete and 0 interrupted iterations
load-k6-1  | fspiopE2E   [  96% ] 35/35 VUs  5m17.0s/5m30.0s
load-k6-1  | 
load-k6-1  | running (5m18.0s), 35/35 VUs, 37741 complete and 0 interrupted iterations
load-k6-1  | fspiopE2E   [  96% ] 35/35 VUs  5m18.0s/5m30.0s
load-k6-1  | 
load-k6-1  | running (5m19.0s), 35/35 VUs, 37863 complete and 0 interrupted iterations
load-k6-1  | fspiopE2E   [  97% ] 35/35 VUs  5m19.0s/5m30.0s
load-k6-1  | 
load-k6-1  | running (5m20.0s), 35/35 VUs, 37987 complete and 0 interrupted iterations
load-k6-1  | fspiopE2E   [  97% ] 35/35 VUs  5m20.0s/5m30.0s
load-k6-1  | 
load-k6-1  | running (5m21.0s), 35/35 VUs, 38113 complete and 0 interrupted iterations
load-k6-1  | fspiopE2E   [  97% ] 35/35 VUs  5m21.0s/5m30.0s
load-k6-1  | 
load-k6-1  | running (5m22.0s), 35/35 VUs, 38236 complete and 0 interrupted iterations
load-k6-1  | fspiopE2E   [  98% ] 35/35 VUs  5m22.0s/5m30.0s
load-k6-1  | 
load-k6-1  | running (5m23.0s), 35/35 VUs, 38358 complete and 0 interrupted iterations
load-k6-1  | fspiopE2E   [  98% ] 35/35 VUs  5m23.0s/5m30.0s
load-k6-1  | 
load-k6-1  | running (5m24.0s), 35/35 VUs, 38476 complete and 0 interrupted iterations
load-k6-1  | fspiopE2E   [  98% ] 35/35 VUs  5m24.0s/5m30.0s
load-k6-1  | 
load-k6-1  | running (5m25.0s), 35/35 VUs, 38589 complete and 0 interrupted iterations
load-k6-1  | fspiopE2E   [  98% ] 35/35 VUs  5m25.0s/5m30.0s
load-k6-1  | 
load-k6-1  | running (5m26.0s), 35/35 VUs, 38716 complete and 0 interrupted iterations
load-k6-1  | fspiopE2E   [  99% ] 35/35 VUs  5m26.0s/5m30.0s
load-k6-1  | 
load-k6-1  | running (5m27.0s), 35/35 VUs, 38840 complete and 0 interrupted iterations
load-k6-1  | fspiopE2E   [  99% ] 35/35 VUs  5m27.0s/5m30.0s
load-k6-1  | 
load-k6-1  | running (5m28.0s), 35/35 VUs, 38967 complete and 0 interrupted iterations
load-k6-1  | fspiopE2E   [  99% ] 35/35 VUs  5m28.0s/5m30.0s
load-k6-1  | 
load-k6-1  | running (5m29.0s), 35/35 VUs, 39089 complete and 0 interrupted iterations
load-k6-1  | fspiopE2E   [ 100% ] 35/35 VUs  5m29.0s/5m30.0s
load-k6-1  | 
load-k6-1  | running (5m30.0s), 35/35 VUs, 39217 complete and 0 interrupted iterations
load-k6-1  | fspiopE2E   [ 100% ] 35/35 VUs  5m30.0s/5m30.0s
load-k6-1  | 
load-k6-1  |      ✓ ALS_FSPIOP_GET_PARTIES_RESPONSE_IS_202
load-k6-1  |      ✓ ALS_E2E_FSPIOP_GET_PARTIES_SUCCESS
load-k6-1  |      ✓ QUOTES_FSPIOP_POST_QUOTES_RESPONSE_IS_202
load-k6-1  |      ✓ QUOTES_E2E_FSPIOP_POST_QUOTES_SUCCESS
load-k6-1  |      ✓ TRANSFERS_FSPIOP_POST_TRANSFERS_RESPONSE_IS_202
load-k6-1  |      ✓ TRANSFERS_E2E_FSPIOP_POST_TRANSFERS_SUCCESS
load-k6-1  | 
load-k6-1  |      █ E2E
load-k6-1  | 
load-k6-1  |      checks.........................: 100.00% ✓ 235530     ✗ 0     
load-k6-1  |      data_received..................: 37 MB   112 kB/s
load-k6-1  |      data_sent......................: 156 MB  473 kB/s
load-k6-1  |      group_duration.................: avg=299.55µs min=172.02µs med=289.33µs max=29.95ms  p(90)=355.51µs p(95)=378.5µs 
load-k6-1  |      http_req_blocked...............: avg=8.11µs   min=2.69µs   med=6.85µs   max=31.6ms   p(90)=9.33µs   p(95)=10.01µs 
load-k6-1  |      http_req_connecting............: avg=197ns    min=0s       med=0s       max=4.76ms   p(90)=0s       p(95)=0s      
load-k6-1  |    ✓ http_req_duration..............: avg=2.81ms   min=825.05µs med=2.39ms   max=73.1ms   p(90)=4.53ms   p(95)=5.75ms  
load-k6-1  |        { expected_response:true }...: avg=2.81ms   min=825.05µs med=2.39ms   max=73.1ms   p(90)=4.53ms   p(95)=5.75ms  
load-k6-1  |    ✓ http_req_failed................: 0.00%   ✓ 0          ✗ 117765
load-k6-1  |      http_req_receiving.............: avg=49.84µs  min=8.17µs   med=41.13µs  max=30.98ms  p(90)=75.97µs  p(95)=86.66µs 
load-k6-1  |      http_req_sending...............: avg=29.05µs  min=10.22µs  med=27µs     max=22.62ms  p(90)=39.75µs  p(95)=43.72µs 
load-k6-1  |      http_req_tls_handshaking.......: avg=0s       min=0s       med=0s       max=0s       p(90)=0s       p(95)=0s      
load-k6-1  |      http_req_waiting...............: avg=2.73ms   min=782.71µs med=2.31ms   max=73.03ms  p(90)=4.44ms   p(95)=5.66ms  
load-k6-1  |      http_reqs......................: 117765  356.641126/s
load-k6-1  |    ✓ iteration_duration.............: avg=280.92ms min=97.13ms  med=269.39ms max=786.61ms p(90)=388.42ms p(95)=407.92ms
load-k6-1  |      iterations.....................: 39255   118.880375/s
load-k6-1  |      vus............................: 35      min=2        max=35  
load-k6-1  |      vus_max........................: 35      min=35       max=35  
load-k6-1  |      ws_connecting..................: avg=814.68µs min=259.9µs  med=690.83µs max=62.07ms  p(90)=1.24ms   p(95)=1.54ms  
load-k6-1  |      ws_msgs_received...............: 117765  356.641126/s
load-k6-1  |      ws_msgs_sent...................: 117765  356.641126/s
load-k6-1  |      ws_session_duration............: avg=93.79ms  min=11.86ms  med=38.88ms  max=521.14ms p(90)=254.52ms p(95)=312.48ms
load-k6-1  |      ws_sessions....................: 117765  356.641126/s
load-k6-1  | 
load-k6-1  | 
load-k6-1  | running (5m30.2s), 00/35 VUs, 39255 complete and 0 interrupted iterations
load-k6-1  | fspiopE2E ✓ [ 100% ] 00/35 VUs  5m30s
load-k6-1 exited with code 0
