Attaching to load-k6-1
load-k6-1  | 
load-k6-1  |           /\      |‾‾| /‾‾/   /‾‾/   
load-k6-1  |      /\  /  \     |  |/  /   /  /    
load-k6-1  |     /  \/    \    |     (   /   ‾‾\  
load-k6-1  |    /          \   |  |\  \ |  (‾)  | 
load-k6-1  |   / __________ \  |__| \__\ \_____/ .io
load-k6-1  | 
load-k6-1  | 
load-k6-1  |   execution: local
load-k6-1  |      script: /scripts/index.js
load-k6-1  |      output: Prometheus remote write (http://prometheus:9090/api/v1/write)
load-k6-1  | 
load-k6-1  |   scenarios: (100.00%) 1 scenario, 1 max VUs, 6m0s max duration (incl. graceful stop):
load-k6-1  |            * fspiopQuotes: Up to 1 looping VUs for 5m30s over 2 stages (gracefulRampDown: 30s, exec: fspiopQuotesScenarios, gracefulStop: 30s)
load-k6-1  | 
load-k6-1  | 
load-k6-1  | 
load-k6-1  | running (0m01.0s), 1/1 VUs, 33 complete and 0 interrupted iterations
load-k6-1  | fspiopQuotes   [   0% ] 1/1 VUs  0m01.0s/5m30.0s
load-k6-1  | 
load-k6-1  | 
load-k6-1  | running (0m02.0s), 1/1 VUs, 73 complete and 0 interrupted iterations
load-k6-1  | fspiopQuotes   [   1% ] 1/1 VUs  0m02.0s/5m30.0s
load-k6-1  | 
load-k6-1  | 
load-k6-1  | running (0m03.0s), 1/1 VUs, 115 complete and 0 interrupted iterations
load-k6-1  | fspiopQuotes   [   1% ] 1/1 VUs  0m03.0s/5m30.0s
load-k6-1  | 
load-k6-1  | 
load-k6-1  | running (0m04.0s), 1/1 VUs, 155 complete and 0 interrupted iterations
load-k6-1  | fspiopQuotes   [   1% ] 1/1 VUs  0m04.0s/5m30.0s
load-k6-1  | 
load-k6-1  | 
load-k6-1  | running (0m05.0s), 1/1 VUs, 197 complete and 0 interrupted iterations
load-k6-1  | fspiopQuotes   [   2% ] 1/1 VUs  0m05.0s/5m30.0s
load-k6-1  | 
load-k6-1  | 
load-k6-1  | running (0m06.0s), 1/1 VUs, 238 complete and 0 interrupted iterations
load-k6-1  | fspiopQuotes   [   2% ] 1/1 VUs  0m06.0s/5m30.0s
load-k6-1  | 
load-k6-1  | 
load-k6-1  | running (0m07.0s), 1/1 VUs, 279 complete and 0 interrupted iterations
load-k6-1  | fspiopQuotes   [   2% ] 1/1 VUs  0m07.0s/5m30.0s
load-k6-1  | 
load-k6-1  | 
load-k6-1  | running (0m08.0s), 1/1 VUs, 321 complete and 0 interrupted iterations
load-k6-1  | fspiopQuotes   [   2% ] 1/1 VUs  0m08.0s/5m30.0s
load-k6-1  | 
load-k6-1  | 
load-k6-1  | running (0m09.0s), 1/1 VUs, 364 complete and 0 interrupted iterations
load-k6-1  | fspiopQuotes   [   3% ] 1/1 VUs  0m09.0s/5m30.0s
load-k6-1  | 
load-k6-1  | 
load-k6-1  | running (0m10.0s), 1/1 VUs, 405 complete and 0 interrupted iterations
load-k6-1  | fspiopQuotes   [   3% ] 1/1 VUs  0m10.0s/5m30.0s
load-k6-1  | 
load-k6-1  | 
load-k6-1  | running (0m11.0s), 1/1 VUs, 448 complete and 0 interrupted iterations
load-k6-1  | fspiopQuotes   [   3% ] 1/1 VUs  0m11.0s/5m30.0s
load-k6-1  | 
load-k6-1  | 
load-k6-1  | running (0m12.0s), 1/1 VUs, 489 complete and 0 interrupted iterations
load-k6-1  | fspiopQuotes   [   4% ] 1/1 VUs  0m12.0s/5m30.0s
load-k6-1  | 
load-k6-1  | 
load-k6-1  | running (0m13.0s), 1/1 VUs, 526 complete and 0 interrupted iterations
load-k6-1  | fspiopQuotes   [   4% ] 1/1 VUs  0m13.0s/5m30.0s
load-k6-1  | 
load-k6-1  | 
load-k6-1  | running (0m14.0s), 1/1 VUs, 568 complete and 0 interrupted iterations
load-k6-1  | fspiopQuotes   [   4% ] 1/1 VUs  0m14.0s/5m30.0s
load-k6-1  | 
load-k6-1  | 
load-k6-1  | running (0m15.0s), 1/1 VUs, 611 complete and 0 interrupted iterations
load-k6-1  | fspiopQuotes   [   5% ] 1/1 VUs  0m15.0s/5m30.0s
load-k6-1  | 
load-k6-1  | 
load-k6-1  | running (0m16.0s), 1/1 VUs, 654 complete and 0 interrupted iterations
load-k6-1  | fspiopQuotes   [   5% ] 1/1 VUs  0m16.0s/5m30.0s
load-k6-1  | 
load-k6-1  | 
load-k6-1  | running (0m17.0s), 1/1 VUs, 696 complete and 0 interrupted iterations
load-k6-1  | fspiopQuotes   [   5% ] 1/1 VUs  0m17.0s/5m30.0s
load-k6-1  | 
load-k6-1  | 
load-k6-1  | running (0m18.0s), 1/1 VUs, 739 complete and 0 interrupted iterations
load-k6-1  | fspiopQuotes   [   5% ] 1/1 VUs  0m18.0s/5m30.0s
load-k6-1  | 
load-k6-1  | 
load-k6-1  | running (0m19.0s), 1/1 VUs, 781 complete and 0 interrupted iterations
load-k6-1  | fspiopQuotes   [   6% ] 1/1 VUs  0m19.0s/5m30.0s
load-k6-1  | 
load-k6-1  | 
load-k6-1  | running (0m20.0s), 1/1 VUs, 825 complete and 0 interrupted iterations
load-k6-1  | fspiopQuotes   [   6% ] 1/1 VUs  0m20.0s/5m30.0s
load-k6-1  | 
load-k6-1  | 
load-k6-1  | running (0m21.0s), 1/1 VUs, 868 complete and 0 interrupted iterations
load-k6-1  | fspiopQuotes   [   6% ] 1/1 VUs  0m21.0s/5m30.0s
load-k6-1  | 
load-k6-1  | 
load-k6-1  | running (0m22.0s), 1/1 VUs, 912 complete and 0 interrupted iterations
load-k6-1  | fspiopQuotes   [   7% ] 1/1 VUs  0m22.0s/5m30.0s
load-k6-1  | 
load-k6-1  | 
load-k6-1  | running (0m23.0s), 1/1 VUs, 955 complete and 0 interrupted iterations
load-k6-1  | fspiopQuotes   [   7% ] 1/1 VUs  0m23.0s/5m30.0s
load-k6-1  | 
load-k6-1  | 
load-k6-1  | running (0m24.0s), 1/1 VUs, 999 complete and 0 interrupted iterations
load-k6-1  | fspiopQuotes   [   7% ] 1/1 VUs  0m24.0s/5m30.0s
load-k6-1  | 
load-k6-1  | 
load-k6-1  | running (0m25.0s), 1/1 VUs, 1041 complete and 0 interrupted iterations
load-k6-1  | fspiopQuotes   [   8% ] 1/1 VUs  0m25.0s/5m30.0s
load-k6-1  | 
load-k6-1  | 
load-k6-1  | running (0m26.0s), 1/1 VUs, 1083 complete and 0 interrupted iterations
load-k6-1  | fspiopQuotes   [   8% ] 1/1 VUs  0m26.0s/5m30.0s
load-k6-1  | 
load-k6-1  | 
load-k6-1  | running (0m27.0s), 1/1 VUs, 1127 complete and 0 interrupted iterations
load-k6-1  | fspiopQuotes   [   8% ] 1/1 VUs  0m27.0s/5m30.0s
load-k6-1  | 
load-k6-1  | 
load-k6-1  | running (0m28.0s), 1/1 VUs, 1170 complete and 0 interrupted iterations
load-k6-1  | fspiopQuotes   [   8% ] 1/1 VUs  0m28.0s/5m30.0s
load-k6-1  | 
load-k6-1  | 
load-k6-1  | running (0m29.0s), 1/1 VUs, 1212 complete and 0 interrupted iterations
load-k6-1  | fspiopQuotes   [   9% ] 1/1 VUs  0m29.0s/5m30.0s
load-k6-1  | 
load-k6-1  | 
load-k6-1  | running (0m30.0s), 1/1 VUs, 1255 complete and 0 interrupted iterations
load-k6-1  | fspiopQuotes   [   9% ] 1/1 VUs  0m30.0s/5m30.0s
load-k6-1  | 
load-k6-1  | 
load-k6-1  | running (0m31.0s), 1/1 VUs, 1300 complete and 0 interrupted iterations
load-k6-1  | fspiopQuotes   [   9% ] 1/1 VUs  0m31.0s/5m30.0s
load-k6-1  | 
load-k6-1  | 
load-k6-1  | running (0m32.0s), 1/1 VUs, 1343 complete and 0 interrupted iterations
load-k6-1  | fspiopQuotes   [  10% ] 1/1 VUs  0m32.0s/5m30.0s
load-k6-1  | 
load-k6-1  | 
load-k6-1  | running (0m33.0s), 1/1 VUs, 1382 complete and 0 interrupted iterations
load-k6-1  | fspiopQuotes   [  10% ] 1/1 VUs  0m33.0s/5m30.0s
load-k6-1  | 
load-k6-1  | 
load-k6-1  | running (0m34.0s), 1/1 VUs, 1422 complete and 0 interrupted iterations
load-k6-1  | fspiopQuotes   [  10% ] 1/1 VUs  0m34.0s/5m30.0s
load-k6-1  | 
load-k6-1  | 
load-k6-1  | running (0m35.0s), 1/1 VUs, 1465 complete and 0 interrupted iterations
load-k6-1  | fspiopQuotes   [  11% ] 1/1 VUs  0m35.0s/5m30.0s
load-k6-1  | 
load-k6-1  | 
load-k6-1  | running (0m36.0s), 1/1 VUs, 1509 complete and 0 interrupted iterations
load-k6-1  | fspiopQuotes   [  11% ] 1/1 VUs  0m36.0s/5m30.0s
load-k6-1  | 
load-k6-1  | 
load-k6-1  | running (0m37.0s), 1/1 VUs, 1551 complete and 0 interrupted iterations
load-k6-1  | fspiopQuotes   [  11% ] 1/1 VUs  0m37.0s/5m30.0s
load-k6-1  | 
load-k6-1  | 
load-k6-1  | running (0m38.0s), 1/1 VUs, 1594 complete and 0 interrupted iterations
load-k6-1  | fspiopQuotes   [  12% ] 1/1 VUs  0m38.0s/5m30.0s
load-k6-1  | 
load-k6-1  | 
load-k6-1  | running (0m39.0s), 1/1 VUs, 1639 complete and 0 interrupted iterations
load-k6-1  | fspiopQuotes   [  12% ] 1/1 VUs  0m39.0s/5m30.0s
load-k6-1  | 
load-k6-1  | 
load-k6-1  | running (0m40.0s), 1/1 VUs, 1684 complete and 0 interrupted iterations
load-k6-1  | fspiopQuotes   [  12% ] 1/1 VUs  0m40.0s/5m30.0s
load-k6-1  | 
load-k6-1  | 
load-k6-1  | running (0m41.0s), 1/1 VUs, 1729 complete and 0 interrupted iterations
load-k6-1  | fspiopQuotes   [  12% ] 1/1 VUs  0m41.0s/5m30.0s
load-k6-1  | 
load-k6-1  | 
load-k6-1  | running (0m42.0s), 1/1 VUs, 1774 complete and 0 interrupted iterations
load-k6-1  | fspiopQuotes   [  13% ] 1/1 VUs  0m42.0s/5m30.0s
load-k6-1  | 
load-k6-1  | 
load-k6-1  | running (0m43.0s), 1/1 VUs, 1820 complete and 0 interrupted iterations
load-k6-1  | fspiopQuotes   [  13% ] 1/1 VUs  0m43.0s/5m30.0s
load-k6-1  | 
load-k6-1  | 
load-k6-1  | running (0m44.0s), 1/1 VUs, 1865 complete and 0 interrupted iterations
load-k6-1  | fspiopQuotes   [  13% ] 1/1 VUs  0m44.0s/5m30.0s
load-k6-1  | 
load-k6-1  | 
load-k6-1  | running (0m45.0s), 1/1 VUs, 1910 complete and 0 interrupted iterations
load-k6-1  | fspiopQuotes   [  14% ] 1/1 VUs  0m45.0s/5m30.0s
load-k6-1  | 
load-k6-1  | 
load-k6-1  | running (0m46.0s), 1/1 VUs, 1954 complete and 0 interrupted iterations
load-k6-1  | fspiopQuotes   [  14% ] 1/1 VUs  0m46.0s/5m30.0s
load-k6-1  | 
load-k6-1  | 
load-k6-1  | running (0m47.0s), 1/1 VUs, 1999 complete and 0 interrupted iterations
load-k6-1  | fspiopQuotes   [  14% ] 1/1 VUs  0m47.0s/5m30.0s
load-k6-1  | 
load-k6-1  | 
load-k6-1  | running (0m48.0s), 1/1 VUs, 2045 complete and 0 interrupted iterations
load-k6-1  | fspiopQuotes   [  15% ] 1/1 VUs  0m48.0s/5m30.0s
load-k6-1  | 
load-k6-1  | 
load-k6-1  | running (0m49.0s), 1/1 VUs, 2089 complete and 0 interrupted iterations
load-k6-1  | fspiopQuotes   [  15% ] 1/1 VUs  0m49.0s/5m30.0s
load-k6-1  | 
load-k6-1  | 
load-k6-1  | running (0m50.0s), 1/1 VUs, 2134 complete and 0 interrupted iterations
load-k6-1  | fspiopQuotes   [  15% ] 1/1 VUs  0m50.0s/5m30.0s
load-k6-1  | 
load-k6-1  | 
load-k6-1  | running (0m51.0s), 1/1 VUs, 2176 complete and 0 interrupted iterations
load-k6-1  | fspiopQuotes   [  15% ] 1/1 VUs  0m51.0s/5m30.0s
load-k6-1  | 
load-k6-1  | 
load-k6-1  | running (0m52.0s), 1/1 VUs, 2221 complete and 0 interrupted iterations
load-k6-1  | fspiopQuotes   [  16% ] 1/1 VUs  0m52.0s/5m30.0s
load-k6-1  | 
load-k6-1  | 
load-k6-1  | running (0m53.0s), 1/1 VUs, 2263 complete and 0 interrupted iterations
load-k6-1  | fspiopQuotes   [  16% ] 1/1 VUs  0m53.0s/5m30.0s
load-k6-1  | 
load-k6-1  | 
load-k6-1  | running (0m54.0s), 1/1 VUs, 2306 complete and 0 interrupted iterations
load-k6-1  | fspiopQuotes   [  16% ] 1/1 VUs  0m54.0s/5m30.0s
load-k6-1  | 
load-k6-1  | 
load-k6-1  | running (0m55.0s), 1/1 VUs, 2345 complete and 0 interrupted iterations
load-k6-1  | fspiopQuotes   [  17% ] 1/1 VUs  0m55.0s/5m30.0s
load-k6-1  | 
load-k6-1  | 
load-k6-1  | running (0m56.0s), 1/1 VUs, 2388 complete and 0 interrupted iterations
load-k6-1  | fspiopQuotes   [  17% ] 1/1 VUs  0m56.0s/5m30.0s
load-k6-1  | 
load-k6-1  | 
load-k6-1  | running (0m57.0s), 1/1 VUs, 2429 complete and 0 interrupted iterations
load-k6-1  | fspiopQuotes   [  17% ] 1/1 VUs  0m57.0s/5m30.0s
load-k6-1  | 
load-k6-1  | 
load-k6-1  | running (0m58.0s), 1/1 VUs, 2473 complete and 0 interrupted iterations
load-k6-1  | fspiopQuotes   [  18% ] 1/1 VUs  0m58.0s/5m30.0s
load-k6-1  | 
load-k6-1  | 
load-k6-1  | running (0m59.0s), 1/1 VUs, 2517 complete and 0 interrupted iterations
load-k6-1  | fspiopQuotes   [  18% ] 1/1 VUs  0m59.0s/5m30.0s
load-k6-1  | 
load-k6-1  | 
load-k6-1  | running (1m00.0s), 1/1 VUs, 2560 complete and 0 interrupted iterations
load-k6-1  | fspiopQuotes   [  18% ] 1/1 VUs  1m00.0s/5m30.0s
load-k6-1  | 
load-k6-1  | 
load-k6-1  | running (1m01.0s), 1/1 VUs, 2602 complete and 0 interrupted iterations
load-k6-1  | fspiopQuotes   [  18% ] 1/1 VUs  1m01.0s/5m30.0s
load-k6-1  | 
load-k6-1  | 
load-k6-1  | running (1m02.0s), 1/1 VUs, 2645 complete and 0 interrupted iterations
load-k6-1  | fspiopQuotes   [  19% ] 1/1 VUs  1m02.0s/5m30.0s
load-k6-1  | 
load-k6-1  | 
load-k6-1  | running (1m03.0s), 1/1 VUs, 2687 complete and 0 interrupted iterations
load-k6-1  | fspiopQuotes   [  19% ] 1/1 VUs  1m03.0s/5m30.0s
load-k6-1  | 
load-k6-1  | 
load-k6-1  | running (1m04.0s), 1/1 VUs, 2730 complete and 0 interrupted iterations
load-k6-1  | fspiopQuotes   [  19% ] 1/1 VUs  1m04.0s/5m30.0s
load-k6-1  | 
load-k6-1  | 
load-k6-1  | running (1m05.0s), 1/1 VUs, 2773 complete and 0 interrupted iterations
load-k6-1  | fspiopQuotes   [  20% ] 1/1 VUs  1m05.0s/5m30.0s
load-k6-1  | 
load-k6-1  | 
load-k6-1  | running (1m06.0s), 1/1 VUs, 2817 complete and 0 interrupted iterations
load-k6-1  | fspiopQuotes   [  20% ] 1/1 VUs  1m06.0s/5m30.0s
load-k6-1  | 
load-k6-1  | 
load-k6-1  | running (1m07.0s), 1/1 VUs, 2861 complete and 0 interrupted iterations
load-k6-1  | fspiopQuotes   [  20% ] 1/1 VUs  1m07.0s/5m30.0s
load-k6-1  | 
load-k6-1  | 
load-k6-1  | running (1m08.0s), 1/1 VUs, 2903 complete and 0 interrupted iterations
load-k6-1  | fspiopQuotes   [  21% ] 1/1 VUs  1m08.0s/5m30.0s
load-k6-1  | 
load-k6-1  | 
load-k6-1  | running (1m09.0s), 1/1 VUs, 2946 complete and 0 interrupted iterations
load-k6-1  | fspiopQuotes   [  21% ] 1/1 VUs  1m09.0s/5m30.0s
load-k6-1  | 
load-k6-1  | 
load-k6-1  | running (1m10.0s), 1/1 VUs, 2989 complete and 0 interrupted iterations
load-k6-1  | fspiopQuotes   [  21% ] 1/1 VUs  1m10.0s/5m30.0s
load-k6-1  | 
load-k6-1  | 
load-k6-1  | running (1m11.0s), 1/1 VUs, 3032 complete and 0 interrupted iterations
load-k6-1  | fspiopQuotes   [  22% ] 1/1 VUs  1m11.0s/5m30.0s
load-k6-1  | 
load-k6-1  | 
load-k6-1  | running (1m12.0s), 1/1 VUs, 3076 complete and 0 interrupted iterations
load-k6-1  | fspiopQuotes   [  22% ] 1/1 VUs  1m12.0s/5m30.0s
load-k6-1  | 
load-k6-1  | 
load-k6-1  | running (1m13.0s), 1/1 VUs, 3119 complete and 0 interrupted iterations
load-k6-1  | fspiopQuotes   [  22% ] 1/1 VUs  1m13.0s/5m30.0s
load-k6-1  | 
load-k6-1  | 
load-k6-1  | running (1m14.0s), 1/1 VUs, 3163 complete and 0 interrupted iterations
load-k6-1  | fspiopQuotes   [  22% ] 1/1 VUs  1m14.0s/5m30.0s
load-k6-1  | 
load-k6-1  | 
load-k6-1  | running (1m15.0s), 1/1 VUs, 3208 complete and 0 interrupted iterations
load-k6-1  | fspiopQuotes   [  23% ] 1/1 VUs  1m15.0s/5m30.0s
load-k6-1  | 
load-k6-1  | 
load-k6-1  | running (1m16.0s), 1/1 VUs, 3253 complete and 0 interrupted iterations
load-k6-1  | fspiopQuotes   [  23% ] 1/1 VUs  1m16.0s/5m30.0s
load-k6-1  | 
load-k6-1  | 
load-k6-1  | running (1m17.0s), 1/1 VUs, 3294 complete and 0 interrupted iterations
load-k6-1  | fspiopQuotes   [  23% ] 1/1 VUs  1m17.0s/5m30.0s
load-k6-1  | 
load-k6-1  | 
load-k6-1  | running (1m18.0s), 1/1 VUs, 3338 complete and 0 interrupted iterations
load-k6-1  | fspiopQuotes   [  24% ] 1/1 VUs  1m18.0s/5m30.0s
load-k6-1  | 
load-k6-1  | 
load-k6-1  | running (1m19.0s), 1/1 VUs, 3382 complete and 0 interrupted iterations
load-k6-1  | fspiopQuotes   [  24% ] 1/1 VUs  1m19.0s/5m30.0s
load-k6-1  | 
load-k6-1  | 
load-k6-1  | running (1m20.0s), 1/1 VUs, 3427 complete and 0 interrupted iterations
load-k6-1  | fspiopQuotes   [  24% ] 1/1 VUs  1m20.0s/5m30.0s
load-k6-1  | 
load-k6-1  | 
load-k6-1  | running (1m21.0s), 1/1 VUs, 3472 complete and 0 interrupted iterations
load-k6-1  | fspiopQuotes   [  25% ] 1/1 VUs  1m21.0s/5m30.0s
load-k6-1  | 
load-k6-1  | 
load-k6-1  | running (1m22.0s), 1/1 VUs, 3515 complete and 0 interrupted iterations
load-k6-1  | fspiopQuotes   [  25% ] 1/1 VUs  1m22.0s/5m30.0s
load-k6-1  | 
load-k6-1  | 
load-k6-1  | running (1m23.0s), 1/1 VUs, 3560 complete and 0 interrupted iterations
load-k6-1  | fspiopQuotes   [  25% ] 1/1 VUs  1m23.0s/5m30.0s
load-k6-1  | 
load-k6-1  | 
load-k6-1  | running (1m24.0s), 1/1 VUs, 3604 complete and 0 interrupted iterations
load-k6-1  | fspiopQuotes   [  25% ] 1/1 VUs  1m24.0s/5m30.0s
load-k6-1  | 
load-k6-1  | 
load-k6-1  | running (1m25.0s), 1/1 VUs, 3647 complete and 0 interrupted iterations
load-k6-1  | fspiopQuotes   [  26% ] 1/1 VUs  1m25.0s/5m30.0s
load-k6-1  | 
load-k6-1  | 
load-k6-1  | running (1m26.0s), 1/1 VUs, 3690 complete and 0 interrupted iterations
load-k6-1  | fspiopQuotes   [  26% ] 1/1 VUs  1m26.0s/5m30.0s
load-k6-1  | 
load-k6-1  | 
load-k6-1  | running (1m27.0s), 1/1 VUs, 3734 complete and 0 interrupted iterations
load-k6-1  | fspiopQuotes   [  26% ] 1/1 VUs  1m27.0s/5m30.0s
load-k6-1  | 
load-k6-1  | 
load-k6-1  | running (1m28.0s), 1/1 VUs, 3777 complete and 0 interrupted iterations
load-k6-1  | fspiopQuotes   [  27% ] 1/1 VUs  1m28.0s/5m30.0s
load-k6-1  | 
load-k6-1  | 
load-k6-1  | running (1m29.0s), 1/1 VUs, 3819 complete and 0 interrupted iterations
load-k6-1  | fspiopQuotes   [  27% ] 1/1 VUs  1m29.0s/5m30.0s
load-k6-1  | 
load-k6-1  | 
load-k6-1  | running (1m30.0s), 1/1 VUs, 3864 complete and 0 interrupted iterations
load-k6-1  | fspiopQuotes   [  27% ] 1/1 VUs  1m30.0s/5m30.0s
load-k6-1  | 
load-k6-1  | 
load-k6-1  | running (1m31.0s), 1/1 VUs, 3908 complete and 0 interrupted iterations
load-k6-1  | fspiopQuotes   [  28% ] 1/1 VUs  1m31.0s/5m30.0s
load-k6-1  | 
load-k6-1  | 
load-k6-1  | running (1m32.0s), 1/1 VUs, 3953 complete and 0 interrupted iterations
load-k6-1  | fspiopQuotes   [  28% ] 1/1 VUs  1m32.0s/5m30.0s
load-k6-1  | 
load-k6-1  | 
load-k6-1  | running (1m33.0s), 1/1 VUs, 3996 complete and 0 interrupted iterations
load-k6-1  | fspiopQuotes   [  28% ] 1/1 VUs  1m33.0s/5m30.0s
load-k6-1  | 
load-k6-1  | 
load-k6-1  | running (1m34.0s), 1/1 VUs, 4040 complete and 0 interrupted iterations
load-k6-1  | fspiopQuotes   [  28% ] 1/1 VUs  1m34.0s/5m30.0s
load-k6-1  | 
load-k6-1  | 
load-k6-1  | running (1m35.0s), 1/1 VUs, 4085 complete and 0 interrupted iterations
load-k6-1  | fspiopQuotes   [  29% ] 1/1 VUs  1m35.0s/5m30.0s
load-k6-1  | 
load-k6-1  | 
load-k6-1  | running (1m36.0s), 1/1 VUs, 4129 complete and 0 interrupted iterations
load-k6-1  | fspiopQuotes   [  29% ] 1/1 VUs  1m36.0s/5m30.0s
load-k6-1  | 
load-k6-1  | 
load-k6-1  | running (1m37.0s), 1/1 VUs, 4172 complete and 0 interrupted iterations
load-k6-1  | fspiopQuotes   [  29% ] 1/1 VUs  1m37.0s/5m30.0s
load-k6-1  | 
load-k6-1  | 
load-k6-1  | running (1m38.0s), 1/1 VUs, 4217 complete and 0 interrupted iterations
load-k6-1  | fspiopQuotes   [  30% ] 1/1 VUs  1m38.0s/5m30.0s
load-k6-1  | 
load-k6-1  | 
load-k6-1  | running (1m39.0s), 1/1 VUs, 4262 complete and 0 interrupted iterations
load-k6-1  | fspiopQuotes   [  30% ] 1/1 VUs  1m39.0s/5m30.0s
load-k6-1  | 
load-k6-1  | 
load-k6-1  | running (1m40.0s), 1/1 VUs, 4307 complete and 0 interrupted iterations
load-k6-1  | fspiopQuotes   [  30% ] 1/1 VUs  1m40.0s/5m30.0s
load-k6-1  | 
load-k6-1  | 
load-k6-1  | running (1m41.0s), 1/1 VUs, 4352 complete and 0 interrupted iterations
load-k6-1  | fspiopQuotes   [  31% ] 1/1 VUs  1m41.0s/5m30.0s
load-k6-1  | 
load-k6-1  | 
load-k6-1  | running (1m42.0s), 1/1 VUs, 4397 complete and 0 interrupted iterations
load-k6-1  | fspiopQuotes   [  31% ] 1/1 VUs  1m42.0s/5m30.0s
load-k6-1  | 
load-k6-1  | 
load-k6-1  | running (1m43.0s), 1/1 VUs, 4443 complete and 0 interrupted iterations
load-k6-1  | fspiopQuotes   [  31% ] 1/1 VUs  1m43.0s/5m30.0s
load-k6-1  | 
load-k6-1  | 
load-k6-1  | running (1m44.0s), 1/1 VUs, 4488 complete and 0 interrupted iterations
load-k6-1  | fspiopQuotes   [  32% ] 1/1 VUs  1m44.0s/5m30.0s
load-k6-1  | 
load-k6-1  | 
load-k6-1  | running (1m45.0s), 1/1 VUs, 4533 complete and 0 interrupted iterations
load-k6-1  | fspiopQuotes   [  32% ] 1/1 VUs  1m45.0s/5m30.0s
load-k6-1  | 
load-k6-1  | 
load-k6-1  | running (1m46.0s), 1/1 VUs, 4577 complete and 0 interrupted iterations
load-k6-1  | fspiopQuotes   [  32% ] 1/1 VUs  1m46.0s/5m30.0s
load-k6-1  | 
load-k6-1  | 
load-k6-1  | running (1m47.0s), 1/1 VUs, 4621 complete and 0 interrupted iterations
load-k6-1  | fspiopQuotes   [  32% ] 1/1 VUs  1m47.0s/5m30.0s
load-k6-1  | 
load-k6-1  | 
load-k6-1  | running (1m48.0s), 1/1 VUs, 4667 complete and 0 interrupted iterations
load-k6-1  | fspiopQuotes   [  33% ] 1/1 VUs  1m48.0s/5m30.0s
load-k6-1  | 
load-k6-1  | 
load-k6-1  | running (1m49.0s), 1/1 VUs, 4711 complete and 0 interrupted iterations
load-k6-1  | fspiopQuotes   [  33% ] 1/1 VUs  1m49.0s/5m30.0s
load-k6-1  | 
load-k6-1  | 
load-k6-1  | running (1m50.0s), 1/1 VUs, 4756 complete and 0 interrupted iterations
load-k6-1  | fspiopQuotes   [  33% ] 1/1 VUs  1m50.0s/5m30.0s
load-k6-1  | 
load-k6-1  | 
load-k6-1  | running (1m51.0s), 1/1 VUs, 4800 complete and 0 interrupted iterations
load-k6-1  | fspiopQuotes   [  34% ] 1/1 VUs  1m51.0s/5m30.0s
load-k6-1  | 
load-k6-1  | 
load-k6-1  | running (1m52.0s), 1/1 VUs, 4844 complete and 0 interrupted iterations
load-k6-1  | fspiopQuotes   [  34% ] 1/1 VUs  1m52.0s/5m30.0s
load-k6-1  | 
load-k6-1  | 
load-k6-1  | running (1m53.0s), 1/1 VUs, 4887 complete and 0 interrupted iterations
load-k6-1  | fspiopQuotes   [  34% ] 1/1 VUs  1m53.0s/5m30.0s
load-k6-1  | 
load-k6-1  | 
load-k6-1  | running (1m54.0s), 1/1 VUs, 4931 complete and 0 interrupted iterations
load-k6-1  | fspiopQuotes   [  35% ] 1/1 VUs  1m54.0s/5m30.0s
load-k6-1  | 
load-k6-1  | 
load-k6-1  | running (1m55.0s), 1/1 VUs, 4976 complete and 0 interrupted iterations
load-k6-1  | fspiopQuotes   [  35% ] 1/1 VUs  1m55.0s/5m30.0s
load-k6-1  | 
load-k6-1  | 
load-k6-1  | running (1m56.0s), 1/1 VUs, 5021 complete and 0 interrupted iterations
load-k6-1  | fspiopQuotes   [  35% ] 1/1 VUs  1m56.0s/5m30.0s
load-k6-1  | 
load-k6-1  | 
load-k6-1  | running (1m57.0s), 1/1 VUs, 5066 complete and 0 interrupted iterations
load-k6-1  | fspiopQuotes   [  35% ] 1/1 VUs  1m57.0s/5m30.0s
load-k6-1  | 
load-k6-1  | 
load-k6-1  | running (1m58.0s), 1/1 VUs, 5108 complete and 0 interrupted iterations
load-k6-1  | fspiopQuotes   [  36% ] 1/1 VUs  1m58.0s/5m30.0s
load-k6-1  | 
load-k6-1  | 
load-k6-1  | running (1m59.0s), 1/1 VUs, 5152 complete and 0 interrupted iterations
load-k6-1  | fspiopQuotes   [  36% ] 1/1 VUs  1m59.0s/5m30.0s
load-k6-1  | 
load-k6-1  | 
load-k6-1  | running (2m00.0s), 1/1 VUs, 5195 complete and 0 interrupted iterations
load-k6-1  | fspiopQuotes   [  36% ] 1/1 VUs  2m00.0s/5m30.0s
load-k6-1  | 
load-k6-1  | 
load-k6-1  | running (2m01.0s), 1/1 VUs, 5239 complete and 0 interrupted iterations
load-k6-1  | fspiopQuotes   [  37% ] 1/1 VUs  2m01.0s/5m30.0s
load-k6-1  | 
load-k6-1  | 
load-k6-1  | running (2m02.0s), 1/1 VUs, 5284 complete and 0 interrupted iterations
load-k6-1  | fspiopQuotes   [  37% ] 1/1 VUs  2m02.0s/5m30.0s
load-k6-1  | 
load-k6-1  | 
load-k6-1  | running (2m03.0s), 1/1 VUs, 5328 complete and 0 interrupted iterations
load-k6-1  | fspiopQuotes   [  37% ] 1/1 VUs  2m03.0s/5m30.0s
load-k6-1  | 
load-k6-1  | 
load-k6-1  | running (2m04.0s), 1/1 VUs, 5369 complete and 0 interrupted iterations
load-k6-1  | fspiopQuotes   [  38% ] 1/1 VUs  2m04.0s/5m30.0s
load-k6-1  | 
load-k6-1  | 
load-k6-1  | running (2m05.0s), 1/1 VUs, 5414 complete and 0 interrupted iterations
load-k6-1  | fspiopQuotes   [  38% ] 1/1 VUs  2m05.0s/5m30.0s
load-k6-1  | 
load-k6-1  | 
load-k6-1  | running (2m06.0s), 1/1 VUs, 5458 complete and 0 interrupted iterations
load-k6-1  | fspiopQuotes   [  38% ] 1/1 VUs  2m06.0s/5m30.0s
load-k6-1  | 
load-k6-1  | 
load-k6-1  | running (2m07.0s), 1/1 VUs, 5502 complete and 0 interrupted iterations
load-k6-1  | fspiopQuotes   [  38% ] 1/1 VUs  2m07.0s/5m30.0s
load-k6-1  | 
load-k6-1  | 
load-k6-1  | running (2m08.0s), 1/1 VUs, 5548 complete and 0 interrupted iterations
load-k6-1  | fspiopQuotes   [  39% ] 1/1 VUs  2m08.0s/5m30.0s
load-k6-1  | 
load-k6-1  | 
load-k6-1  | running (2m09.0s), 1/1 VUs, 5592 complete and 0 interrupted iterations
load-k6-1  | fspiopQuotes   [  39% ] 1/1 VUs  2m09.0s/5m30.0s
load-k6-1  | 
load-k6-1  | 
load-k6-1  | running (2m10.0s), 1/1 VUs, 5637 complete and 0 interrupted iterations
load-k6-1  | fspiopQuotes   [  39% ] 1/1 VUs  2m10.0s/5m30.0s
load-k6-1  | 
load-k6-1  | 
load-k6-1  | running (2m11.0s), 1/1 VUs, 5682 complete and 0 interrupted iterations
load-k6-1  | fspiopQuotes   [  40% ] 1/1 VUs  2m11.0s/5m30.0s
load-k6-1  | 
load-k6-1  | 
load-k6-1  | running (2m12.0s), 1/1 VUs, 5727 complete and 0 interrupted iterations
load-k6-1  | fspiopQuotes   [  40% ] 1/1 VUs  2m12.0s/5m30.0s
load-k6-1  | 
load-k6-1  | 
load-k6-1  | running (2m13.0s), 1/1 VUs, 5772 complete and 0 interrupted iterations
load-k6-1  | fspiopQuotes   [  40% ] 1/1 VUs  2m13.0s/5m30.0s
load-k6-1  | 
load-k6-1  | 
load-k6-1  | running (2m14.0s), 1/1 VUs, 5816 complete and 0 interrupted iterations
load-k6-1  | fspiopQuotes   [  41% ] 1/1 VUs  2m14.0s/5m30.0s
load-k6-1  | 
load-k6-1  | 
load-k6-1  | running (2m15.0s), 1/1 VUs, 5862 complete and 0 interrupted iterations
load-k6-1  | fspiopQuotes   [  41% ] 1/1 VUs  2m15.0s/5m30.0s
load-k6-1  | 
load-k6-1  | 
load-k6-1  | running (2m16.0s), 1/1 VUs, 5907 complete and 0 interrupted iterations
load-k6-1  | fspiopQuotes   [  41% ] 1/1 VUs  2m16.0s/5m30.0s
load-k6-1  | 
load-k6-1  | 
load-k6-1  | running (2m17.0s), 1/1 VUs, 5952 complete and 0 interrupted iterations
load-k6-1  | fspiopQuotes   [  42% ] 1/1 VUs  2m17.0s/5m30.0s
load-k6-1  | 
load-k6-1  | 
load-k6-1  | running (2m18.0s), 1/1 VUs, 5997 complete and 0 interrupted iterations
load-k6-1  | fspiopQuotes   [  42% ] 1/1 VUs  2m18.0s/5m30.0s
load-k6-1  | 
load-k6-1  | 
load-k6-1  | running (2m19.0s), 1/1 VUs, 6043 complete and 0 interrupted iterations
load-k6-1  | fspiopQuotes   [  42% ] 1/1 VUs  2m19.0s/5m30.0s
load-k6-1  | 
load-k6-1  | 
load-k6-1  | running (2m20.0s), 1/1 VUs, 6088 complete and 0 interrupted iterations
load-k6-1  | fspiopQuotes   [  42% ] 1/1 VUs  2m20.0s/5m30.0s
load-k6-1  | 
load-k6-1  | 
load-k6-1  | running (2m21.0s), 1/1 VUs, 6133 complete and 0 interrupted iterations
load-k6-1  | fspiopQuotes   [  43% ] 1/1 VUs  2m21.0s/5m30.0s
load-k6-1  | 
load-k6-1  | 
load-k6-1  | running (2m22.0s), 1/1 VUs, 6179 complete and 0 interrupted iterations
load-k6-1  | fspiopQuotes   [  43% ] 1/1 VUs  2m22.0s/5m30.0s
load-k6-1  | 
load-k6-1  | 
load-k6-1  | running (2m23.0s), 1/1 VUs, 6224 complete and 0 interrupted iterations
load-k6-1  | fspiopQuotes   [  43% ] 1/1 VUs  2m23.0s/5m30.0s
load-k6-1  | 
load-k6-1  | 
load-k6-1  | running (2m24.0s), 1/1 VUs, 6269 complete and 0 interrupted iterations
load-k6-1  | fspiopQuotes   [  44% ] 1/1 VUs  2m24.0s/5m30.0s
load-k6-1  | 
load-k6-1  | 
load-k6-1  | running (2m25.0s), 1/1 VUs, 6315 complete and 0 interrupted iterations
load-k6-1  | fspiopQuotes   [  44% ] 1/1 VUs  2m25.0s/5m30.0s
load-k6-1  | 
load-k6-1  | 
load-k6-1  | running (2m26.0s), 1/1 VUs, 6361 complete and 0 interrupted iterations
load-k6-1  | fspiopQuotes   [  44% ] 1/1 VUs  2m26.0s/5m30.0s
load-k6-1  | 
load-k6-1  | 
load-k6-1  | running (2m27.0s), 1/1 VUs, 6400 complete and 0 interrupted iterations
load-k6-1  | fspiopQuotes   [  45% ] 1/1 VUs  2m27.0s/5m30.0s
load-k6-1  | 
load-k6-1  | 
load-k6-1  | running (2m28.0s), 1/1 VUs, 6444 complete and 0 interrupted iterations
load-k6-1  | fspiopQuotes   [  45% ] 1/1 VUs  2m28.0s/5m30.0s
load-k6-1  | 
load-k6-1  | 
load-k6-1  | running (2m29.0s), 1/1 VUs, 6489 complete and 0 interrupted iterations
load-k6-1  | fspiopQuotes   [  45% ] 1/1 VUs  2m29.0s/5m30.0s
load-k6-1  | 
load-k6-1  | 
load-k6-1  | running (2m30.0s), 1/1 VUs, 6534 complete and 0 interrupted iterations
load-k6-1  | fspiopQuotes   [  45% ] 1/1 VUs  2m30.0s/5m30.0s
load-k6-1  | 
load-k6-1  | 
load-k6-1  | running (2m31.0s), 1/1 VUs, 6577 complete and 0 interrupted iterations
load-k6-1  | fspiopQuotes   [  46% ] 1/1 VUs  2m31.0s/5m30.0s
load-k6-1  | 
load-k6-1  | 
load-k6-1  | running (2m32.0s), 1/1 VUs, 6619 complete and 0 interrupted iterations
load-k6-1  | fspiopQuotes   [  46% ] 1/1 VUs  2m32.0s/5m30.0s
load-k6-1  | 
load-k6-1  | 
load-k6-1  | running (2m33.0s), 1/1 VUs, 6663 complete and 0 interrupted iterations
load-k6-1  | fspiopQuotes   [  46% ] 1/1 VUs  2m33.0s/5m30.0s
load-k6-1  | 
load-k6-1  | 
load-k6-1  | running (2m34.0s), 1/1 VUs, 6706 complete and 0 interrupted iterations
load-k6-1  | fspiopQuotes   [  47% ] 1/1 VUs  2m34.0s/5m30.0s
load-k6-1  | 
load-k6-1  | 
load-k6-1  | running (2m35.0s), 1/1 VUs, 6751 complete and 0 interrupted iterations
load-k6-1  | fspiopQuotes   [  47% ] 1/1 VUs  2m35.0s/5m30.0s
load-k6-1  | 
load-k6-1  | 
load-k6-1  | running (2m36.0s), 1/1 VUs, 6796 complete and 0 interrupted iterations
load-k6-1  | fspiopQuotes   [  47% ] 1/1 VUs  2m36.0s/5m30.0s
load-k6-1  | 
load-k6-1  | 
load-k6-1  | running (2m37.0s), 1/1 VUs, 6839 complete and 0 interrupted iterations
load-k6-1  | fspiopQuotes   [  48% ] 1/1 VUs  2m37.0s/5m30.0s
load-k6-1  | 
load-k6-1  | 
load-k6-1  | running (2m38.0s), 1/1 VUs, 6884 complete and 0 interrupted iterations
load-k6-1  | fspiopQuotes   [  48% ] 1/1 VUs  2m38.0s/5m30.0s
load-k6-1  | 
load-k6-1  | 
load-k6-1  | running (2m39.0s), 1/1 VUs, 6929 complete and 0 interrupted iterations
load-k6-1  | fspiopQuotes   [  48% ] 1/1 VUs  2m39.0s/5m30.0s
load-k6-1  | 
load-k6-1  | 
load-k6-1  | running (2m40.0s), 1/1 VUs, 6975 complete and 0 interrupted iterations
load-k6-1  | fspiopQuotes   [  48% ] 1/1 VUs  2m40.0s/5m30.0s
load-k6-1  | 
load-k6-1  | 
load-k6-1  | running (2m41.0s), 1/1 VUs, 7020 complete and 0 interrupted iterations
load-k6-1  | fspiopQuotes   [  49% ] 1/1 VUs  2m41.0s/5m30.0s
load-k6-1  | 
load-k6-1  | 
load-k6-1  | running (2m42.0s), 1/1 VUs, 7066 complete and 0 interrupted iterations
load-k6-1  | fspiopQuotes   [  49% ] 1/1 VUs  2m42.0s/5m30.0s
load-k6-1  | 
load-k6-1  | 
load-k6-1  | running (2m43.0s), 1/1 VUs, 7110 complete and 0 interrupted iterations
load-k6-1  | fspiopQuotes   [  49% ] 1/1 VUs  2m43.0s/5m30.0s
load-k6-1  | 
load-k6-1  | 
load-k6-1  | running (2m44.0s), 1/1 VUs, 7155 complete and 0 interrupted iterations
load-k6-1  | fspiopQuotes   [  50% ] 1/1 VUs  2m44.0s/5m30.0s
load-k6-1  | 
load-k6-1  | 
load-k6-1  | running (2m45.0s), 1/1 VUs, 7201 complete and 0 interrupted iterations
load-k6-1  | fspiopQuotes   [  50% ] 1/1 VUs  2m45.0s/5m30.0s
load-k6-1  | 
load-k6-1  | 
load-k6-1  | running (2m46.0s), 1/1 VUs, 7247 complete and 0 interrupted iterations
load-k6-1  | fspiopQuotes   [  50% ] 1/1 VUs  2m46.0s/5m30.0s
load-k6-1  | 
load-k6-1  | 
load-k6-1  | running (2m47.0s), 1/1 VUs, 7291 complete and 0 interrupted iterations
load-k6-1  | fspiopQuotes   [  51% ] 1/1 VUs  2m47.0s/5m30.0s
load-k6-1  | 
load-k6-1  | 
load-k6-1  | running (2m48.0s), 1/1 VUs, 7334 complete and 0 interrupted iterations
load-k6-1  | fspiopQuotes   [  51% ] 1/1 VUs  2m48.0s/5m30.0s
load-k6-1  | 
load-k6-1  | 
load-k6-1  | running (2m49.0s), 1/1 VUs, 7380 complete and 0 interrupted iterations
load-k6-1  | fspiopQuotes   [  51% ] 1/1 VUs  2m49.0s/5m30.0s
load-k6-1  | 
load-k6-1  | 
load-k6-1  | running (2m50.0s), 1/1 VUs, 7425 complete and 0 interrupted iterations
load-k6-1  | fspiopQuotes   [  52% ] 1/1 VUs  2m50.0s/5m30.0s
load-k6-1  | 
load-k6-1  | 
load-k6-1  | running (2m51.0s), 1/1 VUs, 7469 complete and 0 interrupted iterations
load-k6-1  | fspiopQuotes   [  52% ] 1/1 VUs  2m51.0s/5m30.0s
load-k6-1  | 
load-k6-1  | 
load-k6-1  | running (2m52.0s), 1/1 VUs, 7513 complete and 0 interrupted iterations
load-k6-1  | fspiopQuotes   [  52% ] 1/1 VUs  2m52.0s/5m30.0s
load-k6-1  | 
load-k6-1  | 
load-k6-1  | running (2m53.0s), 1/1 VUs, 7557 complete and 0 interrupted iterations
load-k6-1  | fspiopQuotes   [  52% ] 1/1 VUs  2m53.0s/5m30.0s
load-k6-1  | 
load-k6-1  | 
load-k6-1  | running (2m54.0s), 1/1 VUs, 7602 complete and 0 interrupted iterations
load-k6-1  | fspiopQuotes   [  53% ] 1/1 VUs  2m54.0s/5m30.0s
load-k6-1  | 
load-k6-1  | 
load-k6-1  | running (2m55.0s), 1/1 VUs, 7647 complete and 0 interrupted iterations
load-k6-1  | fspiopQuotes   [  53% ] 1/1 VUs  2m55.0s/5m30.0s
load-k6-1  | 
load-k6-1  | 
load-k6-1  | running (2m56.0s), 1/1 VUs, 7694 complete and 0 interrupted iterations
load-k6-1  | fspiopQuotes   [  53% ] 1/1 VUs  2m56.0s/5m30.0s
load-k6-1  | 
load-k6-1  | 
load-k6-1  | running (2m57.0s), 1/1 VUs, 7740 complete and 0 interrupted iterations
load-k6-1  | fspiopQuotes   [  54% ] 1/1 VUs  2m57.0s/5m30.0s
load-k6-1  | 
load-k6-1  | 
load-k6-1  | running (2m58.0s), 1/1 VUs, 7787 complete and 0 interrupted iterations
load-k6-1  | fspiopQuotes   [  54% ] 1/1 VUs  2m58.0s/5m30.0s
load-k6-1  | 
load-k6-1  | 
load-k6-1  | running (2m59.0s), 1/1 VUs, 7833 complete and 0 interrupted iterations
load-k6-1  | fspiopQuotes   [  54% ] 1/1 VUs  2m59.0s/5m30.0s
load-k6-1  | 
load-k6-1  | 
load-k6-1  | running (3m00.0s), 1/1 VUs, 7876 complete and 0 interrupted iterations
load-k6-1  | fspiopQuotes   [  55% ] 1/1 VUs  3m00.0s/5m30.0s
load-k6-1  | 
load-k6-1  | 
load-k6-1  | running (3m01.0s), 1/1 VUs, 7921 complete and 0 interrupted iterations
load-k6-1  | fspiopQuotes   [  55% ] 1/1 VUs  3m01.0s/5m30.0s
load-k6-1  | 
load-k6-1  | 
load-k6-1  | running (3m02.0s), 1/1 VUs, 7965 complete and 0 interrupted iterations
load-k6-1  | fspiopQuotes   [  55% ] 1/1 VUs  3m02.0s/5m30.0s
load-k6-1  | 
load-k6-1  | 
load-k6-1  | running (3m03.0s), 1/1 VUs, 8009 complete and 0 interrupted iterations
load-k6-1  | fspiopQuotes   [  55% ] 1/1 VUs  3m03.0s/5m30.0s
load-k6-1  | 
load-k6-1  | 
load-k6-1  | running (3m04.0s), 1/1 VUs, 8055 complete and 0 interrupted iterations
load-k6-1  | fspiopQuotes   [  56% ] 1/1 VUs  3m04.0s/5m30.0s
load-k6-1  | 
load-k6-1  | 
load-k6-1  | running (3m05.0s), 1/1 VUs, 8100 complete and 0 interrupted iterations
load-k6-1  | fspiopQuotes   [  56% ] 1/1 VUs  3m05.0s/5m30.0s
load-k6-1  | 
load-k6-1  | 
load-k6-1  | running (3m06.0s), 1/1 VUs, 8146 complete and 0 interrupted iterations
load-k6-1  | fspiopQuotes   [  56% ] 1/1 VUs  3m06.0s/5m30.0s
load-k6-1  | 
load-k6-1  | 
load-k6-1  | running (3m07.0s), 1/1 VUs, 8191 complete and 0 interrupted iterations
load-k6-1  | fspiopQuotes   [  57% ] 1/1 VUs  3m07.0s/5m30.0s
load-k6-1  | 
load-k6-1  | 
load-k6-1  | running (3m08.0s), 1/1 VUs, 8233 complete and 0 interrupted iterations
load-k6-1  | fspiopQuotes   [  57% ] 1/1 VUs  3m08.0s/5m30.0s
load-k6-1  | 
load-k6-1  | 
load-k6-1  | running (3m09.0s), 1/1 VUs, 8278 complete and 0 interrupted iterations
load-k6-1  | fspiopQuotes   [  57% ] 1/1 VUs  3m09.0s/5m30.0s
load-k6-1  | 
load-k6-1  | 
load-k6-1  | running (3m10.0s), 1/1 VUs, 8320 complete and 0 interrupted iterations
load-k6-1  | fspiopQuotes   [  58% ] 1/1 VUs  3m10.0s/5m30.0s
load-k6-1  | 
load-k6-1  | 
load-k6-1  | running (3m11.0s), 1/1 VUs, 8365 complete and 0 interrupted iterations
load-k6-1  | fspiopQuotes   [  58% ] 1/1 VUs  3m11.0s/5m30.0s
load-k6-1  | 
load-k6-1  | 
load-k6-1  | running (3m12.0s), 1/1 VUs, 8407 complete and 0 interrupted iterations
load-k6-1  | fspiopQuotes   [  58% ] 1/1 VUs  3m12.0s/5m30.0s
load-k6-1  | 
load-k6-1  | 
load-k6-1  | running (3m13.0s), 1/1 VUs, 8450 complete and 0 interrupted iterations
load-k6-1  | fspiopQuotes   [  58% ] 1/1 VUs  3m13.0s/5m30.0s
load-k6-1  | 
load-k6-1  | 
load-k6-1  | running (3m14.0s), 1/1 VUs, 8494 complete and 0 interrupted iterations
load-k6-1  | fspiopQuotes   [  59% ] 1/1 VUs  3m14.0s/5m30.0s
load-k6-1  | 
load-k6-1  | 
load-k6-1  | running (3m15.0s), 1/1 VUs, 8538 complete and 0 interrupted iterations
load-k6-1  | fspiopQuotes   [  59% ] 1/1 VUs  3m15.0s/5m30.0s
load-k6-1  | 
load-k6-1  | 
load-k6-1  | running (3m16.0s), 1/1 VUs, 8582 complete and 0 interrupted iterations
load-k6-1  | fspiopQuotes   [  59% ] 1/1 VUs  3m16.0s/5m30.0s
load-k6-1  | 
load-k6-1  | 
load-k6-1  | running (3m17.0s), 1/1 VUs, 8627 complete and 0 interrupted iterations
load-k6-1  | fspiopQuotes   [  60% ] 1/1 VUs  3m17.0s/5m30.0s
load-k6-1  | 
load-k6-1  | 
load-k6-1  | running (3m18.0s), 1/1 VUs, 8671 complete and 0 interrupted iterations
load-k6-1  | fspiopQuotes   [  60% ] 1/1 VUs  3m18.0s/5m30.0s
load-k6-1  | 
load-k6-1  | 
load-k6-1  | running (3m19.0s), 1/1 VUs, 8712 complete and 0 interrupted iterations
load-k6-1  | fspiopQuotes   [  60% ] 1/1 VUs  3m19.0s/5m30.0s
load-k6-1  | 
load-k6-1  | 
load-k6-1  | running (3m20.0s), 1/1 VUs, 8757 complete and 0 interrupted iterations
load-k6-1  | fspiopQuotes   [  61% ] 1/1 VUs  3m20.0s/5m30.0s
load-k6-1  | 
load-k6-1  | 
load-k6-1  | running (3m21.0s), 1/1 VUs, 8801 complete and 0 interrupted iterations
load-k6-1  | fspiopQuotes   [  61% ] 1/1 VUs  3m21.0s/5m30.0s
load-k6-1  | 
load-k6-1  | 
load-k6-1  | running (3m22.0s), 1/1 VUs, 8847 complete and 0 interrupted iterations
load-k6-1  | fspiopQuotes   [  61% ] 1/1 VUs  3m22.0s/5m30.0s
load-k6-1  | 
load-k6-1  | 
load-k6-1  | running (3m23.0s), 1/1 VUs, 8893 complete and 0 interrupted iterations
load-k6-1  | fspiopQuotes   [  62% ] 1/1 VUs  3m23.0s/5m30.0s
load-k6-1  | 
load-k6-1  | 
load-k6-1  | running (3m24.0s), 1/1 VUs, 8938 complete and 0 interrupted iterations
load-k6-1  | fspiopQuotes   [  62% ] 1/1 VUs  3m24.0s/5m30.0s
load-k6-1  | 
load-k6-1  | 
load-k6-1  | running (3m25.0s), 1/1 VUs, 8983 complete and 0 interrupted iterations
load-k6-1  | fspiopQuotes   [  62% ] 1/1 VUs  3m25.0s/5m30.0s
load-k6-1  | 
load-k6-1  | 
load-k6-1  | running (3m26.0s), 1/1 VUs, 9029 complete and 0 interrupted iterations
load-k6-1  | fspiopQuotes   [  62% ] 1/1 VUs  3m26.0s/5m30.0s
load-k6-1  | 
load-k6-1  | 
load-k6-1  | running (3m27.0s), 1/1 VUs, 9075 complete and 0 interrupted iterations
load-k6-1  | fspiopQuotes   [  63% ] 1/1 VUs  3m27.0s/5m30.0s
load-k6-1  | 
load-k6-1  | 
load-k6-1  | running (3m28.0s), 1/1 VUs, 9122 complete and 0 interrupted iterations
load-k6-1  | fspiopQuotes   [  63% ] 1/1 VUs  3m28.0s/5m30.0s
load-k6-1  | 
load-k6-1  | 
load-k6-1  | running (3m29.0s), 1/1 VUs, 9168 complete and 0 interrupted iterations
load-k6-1  | fspiopQuotes   [  63% ] 1/1 VUs  3m29.0s/5m30.0s
load-k6-1  | 
load-k6-1  | 
load-k6-1  | running (3m30.0s), 1/1 VUs, 9212 complete and 0 interrupted iterations
load-k6-1  | fspiopQuotes   [  64% ] 1/1 VUs  3m30.0s/5m30.0s
load-k6-1  | 
load-k6-1  | 
load-k6-1  | running (3m31.0s), 1/1 VUs, 9258 complete and 0 interrupted iterations
load-k6-1  | fspiopQuotes   [  64% ] 1/1 VUs  3m31.0s/5m30.0s
load-k6-1  | 
load-k6-1  | 
load-k6-1  | running (3m32.0s), 1/1 VUs, 9302 complete and 0 interrupted iterations
load-k6-1  | fspiopQuotes   [  64% ] 1/1 VUs  3m32.0s/5m30.0s
load-k6-1  | 
load-k6-1  | 
load-k6-1  | running (3m33.0s), 1/1 VUs, 9345 complete and 0 interrupted iterations
load-k6-1  | fspiopQuotes   [  65% ] 1/1 VUs  3m33.0s/5m30.0s
load-k6-1  | 
load-k6-1  | 
load-k6-1  | running (3m34.0s), 1/1 VUs, 9387 complete and 0 interrupted iterations
load-k6-1  | fspiopQuotes   [  65% ] 1/1 VUs  3m34.0s/5m30.0s
load-k6-1  | 
load-k6-1  | 
load-k6-1  | running (3m35.0s), 1/1 VUs, 9430 complete and 0 interrupted iterations
load-k6-1  | fspiopQuotes   [  65% ] 1/1 VUs  3m35.0s/5m30.0s
load-k6-1  | 
load-k6-1  | 
load-k6-1  | running (3m36.0s), 1/1 VUs, 9473 complete and 0 interrupted iterations
load-k6-1  | fspiopQuotes   [  65% ] 1/1 VUs  3m36.0s/5m30.0s
load-k6-1  | 
load-k6-1  | 
load-k6-1  | running (3m37.0s), 1/1 VUs, 9518 complete and 0 interrupted iterations
load-k6-1  | fspiopQuotes   [  66% ] 1/1 VUs  3m37.0s/5m30.0s
load-k6-1  | 
load-k6-1  | 
load-k6-1  | running (3m38.0s), 1/1 VUs, 9564 complete and 0 interrupted iterations
load-k6-1  | fspiopQuotes   [  66% ] 1/1 VUs  3m38.0s/5m30.0s
load-k6-1  | 
load-k6-1  | 
load-k6-1  | running (3m39.0s), 1/1 VUs, 9608 complete and 0 interrupted iterations
load-k6-1  | fspiopQuotes   [  66% ] 1/1 VUs  3m39.0s/5m30.0s
load-k6-1  | 
load-k6-1  | 
load-k6-1  | running (3m40.0s), 1/1 VUs, 9654 complete and 0 interrupted iterations
load-k6-1  | fspiopQuotes   [  67% ] 1/1 VUs  3m40.0s/5m30.0s
load-k6-1  | 
load-k6-1  | 
load-k6-1  | running (3m41.0s), 1/1 VUs, 9700 complete and 0 interrupted iterations
load-k6-1  | fspiopQuotes   [  67% ] 1/1 VUs  3m41.0s/5m30.0s
load-k6-1  | 
load-k6-1  | 
load-k6-1  | running (3m42.0s), 1/1 VUs, 9745 complete and 0 interrupted iterations
load-k6-1  | fspiopQuotes   [  67% ] 1/1 VUs  3m42.0s/5m30.0s
load-k6-1  | 
load-k6-1  | 
load-k6-1  | running (3m43.0s), 1/1 VUs, 9790 complete and 0 interrupted iterations
load-k6-1  | fspiopQuotes   [  68% ] 1/1 VUs  3m43.0s/5m30.0s
load-k6-1  | 
load-k6-1  | 
load-k6-1  | running (3m44.0s), 1/1 VUs, 9835 complete and 0 interrupted iterations
load-k6-1  | fspiopQuotes   [  68% ] 1/1 VUs  3m44.0s/5m30.0s
load-k6-1  | 
load-k6-1  | 
load-k6-1  | running (3m45.0s), 1/1 VUs, 9879 complete and 0 interrupted iterations
load-k6-1  | fspiopQuotes   [  68% ] 1/1 VUs  3m45.0s/5m30.0s
load-k6-1  | 
load-k6-1  | 
load-k6-1  | running (3m46.0s), 1/1 VUs, 9924 complete and 0 interrupted iterations
load-k6-1  | fspiopQuotes   [  68% ] 1/1 VUs  3m46.0s/5m30.0s
load-k6-1  | 
load-k6-1  | 
load-k6-1  | running (3m47.0s), 1/1 VUs, 9969 complete and 0 interrupted iterations
load-k6-1  | fspiopQuotes   [  69% ] 1/1 VUs  3m47.0s/5m30.0s
load-k6-1  | 
load-k6-1  | 
load-k6-1  | running (3m48.0s), 1/1 VUs, 10012 complete and 0 interrupted iterations
load-k6-1  | fspiopQuotes   [  69% ] 1/1 VUs  3m48.0s/5m30.0s
load-k6-1  | 
load-k6-1  | 
load-k6-1  | running (3m49.0s), 1/1 VUs, 10055 complete and 0 interrupted iterations
load-k6-1  | fspiopQuotes   [  69% ] 1/1 VUs  3m49.0s/5m30.0s
load-k6-1  | 
load-k6-1  | 
load-k6-1  | running (3m50.0s), 1/1 VUs, 10097 complete and 0 interrupted iterations
load-k6-1  | fspiopQuotes   [  70% ] 1/1 VUs  3m50.0s/5m30.0s
load-k6-1  | 
load-k6-1  | 
load-k6-1  | running (3m51.0s), 1/1 VUs, 10140 complete and 0 interrupted iterations
load-k6-1  | fspiopQuotes   [  70% ] 1/1 VUs  3m51.0s/5m30.0s
load-k6-1  | 
load-k6-1  | 
load-k6-1  | running (3m52.0s), 1/1 VUs, 10183 complete and 0 interrupted iterations
load-k6-1  | fspiopQuotes   [  70% ] 1/1 VUs  3m52.0s/5m30.0s
load-k6-1  | 
load-k6-1  | 
load-k6-1  | running (3m53.0s), 1/1 VUs, 10225 complete and 0 interrupted iterations
load-k6-1  | fspiopQuotes   [  71% ] 1/1 VUs  3m53.0s/5m30.0s
load-k6-1  | 
load-k6-1  | 
load-k6-1  | running (3m54.0s), 1/1 VUs, 10269 complete and 0 interrupted iterations
load-k6-1  | fspiopQuotes   [  71% ] 1/1 VUs  3m54.0s/5m30.0s
load-k6-1  | 
load-k6-1  | 
load-k6-1  | running (3m55.0s), 1/1 VUs, 10313 complete and 0 interrupted iterations
load-k6-1  | fspiopQuotes   [  71% ] 1/1 VUs  3m55.0s/5m30.0s
load-k6-1  | 
load-k6-1  | 
load-k6-1  | running (3m56.0s), 1/1 VUs, 10358 complete and 0 interrupted iterations
load-k6-1  | fspiopQuotes   [  72% ] 1/1 VUs  3m56.0s/5m30.0s
load-k6-1  | 
load-k6-1  | 
load-k6-1  | running (3m57.0s), 1/1 VUs, 10402 complete and 0 interrupted iterations
load-k6-1  | fspiopQuotes   [  72% ] 1/1 VUs  3m57.0s/5m30.0s
load-k6-1  | 
load-k6-1  | 
load-k6-1  | running (3m58.0s), 1/1 VUs, 10443 complete and 0 interrupted iterations
load-k6-1  | fspiopQuotes   [  72% ] 1/1 VUs  3m58.0s/5m30.0s
load-k6-1  | 
load-k6-1  | 
load-k6-1  | running (3m59.0s), 1/1 VUs, 10488 complete and 0 interrupted iterations
load-k6-1  | fspiopQuotes   [  72% ] 1/1 VUs  3m59.0s/5m30.0s
load-k6-1  | 
load-k6-1  | 
load-k6-1  | running (4m00.0s), 1/1 VUs, 10533 complete and 0 interrupted iterations
load-k6-1  | fspiopQuotes   [  73% ] 1/1 VUs  4m00.0s/5m30.0s
load-k6-1  | 
load-k6-1  | 
load-k6-1  | running (4m01.0s), 1/1 VUs, 10573 complete and 0 interrupted iterations
load-k6-1  | fspiopQuotes   [  73% ] 1/1 VUs  4m01.0s/5m30.0s
load-k6-1  | 
load-k6-1  | 
load-k6-1  | running (4m02.0s), 1/1 VUs, 10616 complete and 0 interrupted iterations
load-k6-1  | fspiopQuotes   [  73% ] 1/1 VUs  4m02.0s/5m30.0s
load-k6-1  | 
load-k6-1  | 
load-k6-1  | running (4m03.0s), 1/1 VUs, 10658 complete and 0 interrupted iterations
load-k6-1  | fspiopQuotes   [  74% ] 1/1 VUs  4m03.0s/5m30.0s
load-k6-1  | 
load-k6-1  | 
load-k6-1  | running (4m04.0s), 1/1 VUs, 10702 complete and 0 interrupted iterations
load-k6-1  | fspiopQuotes   [  74% ] 1/1 VUs  4m04.0s/5m30.0s
load-k6-1  | 
load-k6-1  | 
load-k6-1  | running (4m05.0s), 1/1 VUs, 10745 complete and 0 interrupted iterations
load-k6-1  | fspiopQuotes   [  74% ] 1/1 VUs  4m05.0s/5m30.0s
load-k6-1  | 
load-k6-1  | 
load-k6-1  | running (4m06.0s), 1/1 VUs, 10788 complete and 0 interrupted iterations
load-k6-1  | fspiopQuotes   [  75% ] 1/1 VUs  4m06.0s/5m30.0s
load-k6-1  | 
load-k6-1  | 
load-k6-1  | running (4m07.0s), 1/1 VUs, 10832 complete and 0 interrupted iterations
load-k6-1  | fspiopQuotes   [  75% ] 1/1 VUs  4m07.0s/5m30.0s
load-k6-1  | 
load-k6-1  | 
load-k6-1  | running (4m08.0s), 1/1 VUs, 10878 complete and 0 interrupted iterations
load-k6-1  | fspiopQuotes   [  75% ] 1/1 VUs  4m08.0s/5m30.0s
load-k6-1  | 
load-k6-1  | 
load-k6-1  | running (4m09.0s), 1/1 VUs, 10923 complete and 0 interrupted iterations
load-k6-1  | fspiopQuotes   [  75% ] 1/1 VUs  4m09.0s/5m30.0s
load-k6-1  | 
load-k6-1  | 
load-k6-1  | running (4m10.0s), 1/1 VUs, 10969 complete and 0 interrupted iterations
load-k6-1  | fspiopQuotes   [  76% ] 1/1 VUs  4m10.0s/5m30.0s
load-k6-1  | 
load-k6-1  | 
load-k6-1  | running (4m11.0s), 1/1 VUs, 11014 complete and 0 interrupted iterations
load-k6-1  | fspiopQuotes   [  76% ] 1/1 VUs  4m11.0s/5m30.0s
load-k6-1  | 
load-k6-1  | 
load-k6-1  | running (4m12.0s), 1/1 VUs, 11058 complete and 0 interrupted iterations
load-k6-1  | fspiopQuotes   [  76% ] 1/1 VUs  4m12.0s/5m30.0s
load-k6-1  | 
load-k6-1  | 
load-k6-1  | running (4m13.0s), 1/1 VUs, 11102 complete and 0 interrupted iterations
load-k6-1  | fspiopQuotes   [  77% ] 1/1 VUs  4m13.0s/5m30.0s
load-k6-1  | 
load-k6-1  | 
load-k6-1  | running (4m14.0s), 1/1 VUs, 11146 complete and 0 interrupted iterations
load-k6-1  | fspiopQuotes   [  77% ] 1/1 VUs  4m14.0s/5m30.0s
load-k6-1  | 
load-k6-1  | 
load-k6-1  | running (4m15.0s), 1/1 VUs, 11193 complete and 0 interrupted iterations
load-k6-1  | fspiopQuotes   [  77% ] 1/1 VUs  4m15.0s/5m30.0s
load-k6-1  | 
load-k6-1  | 
load-k6-1  | running (4m16.0s), 1/1 VUs, 11240 complete and 0 interrupted iterations
load-k6-1  | fspiopQuotes   [  78% ] 1/1 VUs  4m16.0s/5m30.0s
load-k6-1  | 
load-k6-1  | 
load-k6-1  | running (4m17.0s), 1/1 VUs, 11285 complete and 0 interrupted iterations
load-k6-1  | fspiopQuotes   [  78% ] 1/1 VUs  4m17.0s/5m30.0s
load-k6-1  | 
load-k6-1  | 
load-k6-1  | running (4m18.0s), 1/1 VUs, 11330 complete and 0 interrupted iterations
load-k6-1  | fspiopQuotes   [  78% ] 1/1 VUs  4m18.0s/5m30.0s
load-k6-1  | 
load-k6-1  | 
load-k6-1  | running (4m19.0s), 1/1 VUs, 11376 complete and 0 interrupted iterations
load-k6-1  | fspiopQuotes   [  78% ] 1/1 VUs  4m19.0s/5m30.0s
load-k6-1  | 
load-k6-1  | 
load-k6-1  | running (4m20.0s), 1/1 VUs, 11422 complete and 0 interrupted iterations
load-k6-1  | fspiopQuotes   [  79% ] 1/1 VUs  4m20.0s/5m30.0s
load-k6-1  | 
load-k6-1  | 
load-k6-1  | running (4m21.0s), 1/1 VUs, 11467 complete and 0 interrupted iterations
load-k6-1  | fspiopQuotes   [  79% ] 1/1 VUs  4m21.0s/5m30.0s
load-k6-1  | 
load-k6-1  | 
load-k6-1  | running (4m22.0s), 1/1 VUs, 11512 complete and 0 interrupted iterations
load-k6-1  | fspiopQuotes   [  79% ] 1/1 VUs  4m22.0s/5m30.0s
load-k6-1  | 
load-k6-1  | 
load-k6-1  | running (4m23.0s), 1/1 VUs, 11557 complete and 0 interrupted iterations
load-k6-1  | fspiopQuotes   [  80% ] 1/1 VUs  4m23.0s/5m30.0s
load-k6-1  | 
load-k6-1  | 
load-k6-1  | running (4m24.0s), 1/1 VUs, 11600 complete and 0 interrupted iterations
load-k6-1  | fspiopQuotes   [  80% ] 1/1 VUs  4m24.0s/5m30.0s
load-k6-1  | 
load-k6-1  | 
load-k6-1  | running (4m25.0s), 1/1 VUs, 11644 complete and 0 interrupted iterations
load-k6-1  | fspiopQuotes   [  80% ] 1/1 VUs  4m25.0s/5m30.0s
load-k6-1  | 
load-k6-1  | 
load-k6-1  | running (4m26.0s), 1/1 VUs, 11689 complete and 0 interrupted iterations
load-k6-1  | fspiopQuotes   [  81% ] 1/1 VUs  4m26.0s/5m30.0s
load-k6-1  | 
load-k6-1  | 
load-k6-1  | running (4m27.0s), 1/1 VUs, 11733 complete and 0 interrupted iterations
load-k6-1  | fspiopQuotes   [  81% ] 1/1 VUs  4m27.0s/5m30.0s
load-k6-1  | 
load-k6-1  | 
load-k6-1  | running (4m28.0s), 1/1 VUs, 11779 complete and 0 interrupted iterations
load-k6-1  | fspiopQuotes   [  81% ] 1/1 VUs  4m28.0s/5m30.0s
load-k6-1  | 
load-k6-1  | 
load-k6-1  | running (4m29.0s), 1/1 VUs, 11816 complete and 0 interrupted iterations
load-k6-1  | fspiopQuotes   [  82% ] 1/1 VUs  4m29.0s/5m30.0s
load-k6-1  | 
load-k6-1  | 
load-k6-1  | running (4m30.0s), 1/1 VUs, 11861 complete and 0 interrupted iterations
load-k6-1  | fspiopQuotes   [  82% ] 1/1 VUs  4m30.0s/5m30.0s
load-k6-1  | 
load-k6-1  | 
load-k6-1  | running (4m31.0s), 1/1 VUs, 11908 complete and 0 interrupted iterations
load-k6-1  | fspiopQuotes   [  82% ] 1/1 VUs  4m31.0s/5m30.0s
load-k6-1  | 
load-k6-1  | 
load-k6-1  | running (4m32.0s), 1/1 VUs, 11953 complete and 0 interrupted iterations
load-k6-1  | fspiopQuotes   [  82% ] 1/1 VUs  4m32.0s/5m30.0s
load-k6-1  | 
load-k6-1  | 
load-k6-1  | running (4m33.0s), 1/1 VUs, 11997 complete and 0 interrupted iterations
load-k6-1  | fspiopQuotes   [  83% ] 1/1 VUs  4m33.0s/5m30.0s
load-k6-1  | 
load-k6-1  | 
load-k6-1  | running (4m34.0s), 1/1 VUs, 12041 complete and 0 interrupted iterations
load-k6-1  | fspiopQuotes   [  83% ] 1/1 VUs  4m34.0s/5m30.0s
load-k6-1  | 
load-k6-1  | 
load-k6-1  | running (4m35.0s), 1/1 VUs, 12087 complete and 0 interrupted iterations
load-k6-1  | fspiopQuotes   [  83% ] 1/1 VUs  4m35.0s/5m30.0s
load-k6-1  | 
load-k6-1  | 
load-k6-1  | running (4m36.0s), 1/1 VUs, 12131 complete and 0 interrupted iterations
load-k6-1  | fspiopQuotes   [  84% ] 1/1 VUs  4m36.0s/5m30.0s
load-k6-1  | 
load-k6-1  | 
load-k6-1  | running (4m37.0s), 1/1 VUs, 12175 complete and 0 interrupted iterations
load-k6-1  | fspiopQuotes   [  84% ] 1/1 VUs  4m37.0s/5m30.0s
load-k6-1  | 
load-k6-1  | 
load-k6-1  | running (4m38.0s), 1/1 VUs, 12221 complete and 0 interrupted iterations
load-k6-1  | fspiopQuotes   [  84% ] 1/1 VUs  4m38.0s/5m30.0s
load-k6-1  | 
load-k6-1  | 
load-k6-1  | running (4m39.0s), 1/1 VUs, 12268 complete and 0 interrupted iterations
load-k6-1  | fspiopQuotes   [  85% ] 1/1 VUs  4m39.0s/5m30.0s
load-k6-1  | 
load-k6-1  | 
load-k6-1  | running (4m40.0s), 1/1 VUs, 12315 complete and 0 interrupted iterations
load-k6-1  | fspiopQuotes   [  85% ] 1/1 VUs  4m40.0s/5m30.0s
load-k6-1  | 
load-k6-1  | 
load-k6-1  | running (4m41.0s), 1/1 VUs, 12361 complete and 0 interrupted iterations
load-k6-1  | fspiopQuotes   [  85% ] 1/1 VUs  4m41.0s/5m30.0s
load-k6-1  | 
load-k6-1  | 
load-k6-1  | running (4m42.0s), 1/1 VUs, 12407 complete and 0 interrupted iterations
load-k6-1  | fspiopQuotes   [  85% ] 1/1 VUs  4m42.0s/5m30.0s
load-k6-1  | 
load-k6-1  | 
load-k6-1  | running (4m43.0s), 1/1 VUs, 12454 complete and 0 interrupted iterations
load-k6-1  | fspiopQuotes   [  86% ] 1/1 VUs  4m43.0s/5m30.0s
load-k6-1  | 
load-k6-1  | 
load-k6-1  | running (4m44.0s), 1/1 VUs, 12500 complete and 0 interrupted iterations
load-k6-1  | fspiopQuotes   [  86% ] 1/1 VUs  4m44.0s/5m30.0s
load-k6-1  | 
load-k6-1  | 
load-k6-1  | running (4m45.0s), 1/1 VUs, 12547 complete and 0 interrupted iterations
load-k6-1  | fspiopQuotes   [  86% ] 1/1 VUs  4m45.0s/5m30.0s
load-k6-1  | 
load-k6-1  | 
load-k6-1  | running (4m46.0s), 1/1 VUs, 12593 complete and 0 interrupted iterations
load-k6-1  | fspiopQuotes   [  87% ] 1/1 VUs  4m46.0s/5m30.0s
load-k6-1  | 
load-k6-1  | 
load-k6-1  | running (4m47.0s), 1/1 VUs, 12640 complete and 0 interrupted iterations
load-k6-1  | fspiopQuotes   [  87% ] 1/1 VUs  4m47.0s/5m30.0s
load-k6-1  | 
load-k6-1  | 
load-k6-1  | running (4m48.0s), 1/1 VUs, 12687 complete and 0 interrupted iterations
load-k6-1  | fspiopQuotes   [  87% ] 1/1 VUs  4m48.0s/5m30.0s
load-k6-1  | 
load-k6-1  | 
load-k6-1  | running (4m49.0s), 1/1 VUs, 12730 complete and 0 interrupted iterations
load-k6-1  | fspiopQuotes   [  88% ] 1/1 VUs  4m49.0s/5m30.0s
load-k6-1  | 
load-k6-1  | 
load-k6-1  | running (4m50.0s), 1/1 VUs, 12775 complete and 0 interrupted iterations
load-k6-1  | fspiopQuotes   [  88% ] 1/1 VUs  4m50.0s/5m30.0s
load-k6-1  | 
load-k6-1  | 
load-k6-1  | running (4m51.0s), 1/1 VUs, 12818 complete and 0 interrupted iterations
load-k6-1  | fspiopQuotes   [  88% ] 1/1 VUs  4m51.0s/5m30.0s
load-k6-1  | 
load-k6-1  | 
load-k6-1  | running (4m52.0s), 1/1 VUs, 12862 complete and 0 interrupted iterations
load-k6-1  | fspiopQuotes   [  88% ] 1/1 VUs  4m52.0s/5m30.0s
load-k6-1  | 
load-k6-1  | 
load-k6-1  | running (4m53.0s), 1/1 VUs, 12905 complete and 0 interrupted iterations
load-k6-1  | fspiopQuotes   [  89% ] 1/1 VUs  4m53.0s/5m30.0s
load-k6-1  | 
load-k6-1  | 
load-k6-1  | running (4m54.0s), 1/1 VUs, 12949 complete and 0 interrupted iterations
load-k6-1  | fspiopQuotes   [  89% ] 1/1 VUs  4m54.0s/5m30.0s
load-k6-1  | 
load-k6-1  | 
load-k6-1  | running (4m55.0s), 1/1 VUs, 12995 complete and 0 interrupted iterations
load-k6-1  | fspiopQuotes   [  89% ] 1/1 VUs  4m55.0s/5m30.0s
load-k6-1  | 
load-k6-1  | 
load-k6-1  | running (4m56.0s), 1/1 VUs, 13041 complete and 0 interrupted iterations
load-k6-1  | fspiopQuotes   [  90% ] 1/1 VUs  4m56.0s/5m30.0s
load-k6-1  | 
load-k6-1  | 
load-k6-1  | running (4m57.0s), 1/1 VUs, 13087 complete and 0 interrupted iterations
load-k6-1  | fspiopQuotes   [  90% ] 1/1 VUs  4m57.0s/5m30.0s
load-k6-1  | 
load-k6-1  | 
load-k6-1  | running (4m58.0s), 1/1 VUs, 13133 complete and 0 interrupted iterations
load-k6-1  | fspiopQuotes   [  90% ] 1/1 VUs  4m58.0s/5m30.0s
load-k6-1  | 
load-k6-1  | 
load-k6-1  | running (4m59.0s), 1/1 VUs, 13180 complete and 0 interrupted iterations
load-k6-1  | fspiopQuotes   [  91% ] 1/1 VUs  4m59.0s/5m30.0s
load-k6-1  | 
load-k6-1  | 
load-k6-1  | running (5m00.0s), 1/1 VUs, 13225 complete and 0 interrupted iterations
load-k6-1  | fspiopQuotes   [  91% ] 1/1 VUs  5m00.0s/5m30.0s
load-k6-1  | 
load-k6-1  | 
load-k6-1  | running (5m01.0s), 1/1 VUs, 13271 complete and 0 interrupted iterations
load-k6-1  | fspiopQuotes   [  91% ] 1/1 VUs  5m01.0s/5m30.0s
load-k6-1  | 
load-k6-1  | 
load-k6-1  | running (5m02.0s), 1/1 VUs, 13317 complete and 0 interrupted iterations
load-k6-1  | fspiopQuotes   [  92% ] 1/1 VUs  5m02.0s/5m30.0s
load-k6-1  | 
load-k6-1  | 
load-k6-1  | running (5m03.0s), 1/1 VUs, 13363 complete and 0 interrupted iterations
load-k6-1  | fspiopQuotes   [  92% ] 1/1 VUs  5m03.0s/5m30.0s
load-k6-1  | 
load-k6-1  | 
load-k6-1  | running (5m04.0s), 1/1 VUs, 13408 complete and 0 interrupted iterations
load-k6-1  | fspiopQuotes   [  92% ] 1/1 VUs  5m04.0s/5m30.0s
load-k6-1  | 
load-k6-1  | 
load-k6-1  | running (5m05.0s), 1/1 VUs, 13449 complete and 0 interrupted iterations
load-k6-1  | fspiopQuotes   [  92% ] 1/1 VUs  5m05.0s/5m30.0s
load-k6-1  | 
load-k6-1  | 
load-k6-1  | running (5m06.0s), 1/1 VUs, 13496 complete and 0 interrupted iterations
load-k6-1  | fspiopQuotes   [  93% ] 1/1 VUs  5m06.0s/5m30.0s
load-k6-1  | 
load-k6-1  | 
load-k6-1  | running (5m07.0s), 1/1 VUs, 13542 complete and 0 interrupted iterations
load-k6-1  | fspiopQuotes   [  93% ] 1/1 VUs  5m07.0s/5m30.0s
load-k6-1  | 
load-k6-1  | 
load-k6-1  | running (5m08.0s), 1/1 VUs, 13585 complete and 0 interrupted iterations
load-k6-1  | fspiopQuotes   [  93% ] 1/1 VUs  5m08.0s/5m30.0s
load-k6-1  | 
load-k6-1  | 
load-k6-1  | running (5m09.0s), 1/1 VUs, 13631 complete and 0 interrupted iterations
load-k6-1  | fspiopQuotes   [  94% ] 1/1 VUs  5m09.0s/5m30.0s
load-k6-1  | 
load-k6-1  | 
load-k6-1  | running (5m10.0s), 1/1 VUs, 13677 complete and 0 interrupted iterations
load-k6-1  | fspiopQuotes   [  94% ] 1/1 VUs  5m10.0s/5m30.0s
load-k6-1  | 
load-k6-1  | 
load-k6-1  | running (5m11.0s), 1/1 VUs, 13719 complete and 0 interrupted iterations
load-k6-1  | fspiopQuotes   [  94% ] 1/1 VUs  5m11.0s/5m30.0s
load-k6-1  | 
load-k6-1  | 
load-k6-1  | running (5m12.0s), 1/1 VUs, 13764 complete and 0 interrupted iterations
load-k6-1  | fspiopQuotes   [  95% ] 1/1 VUs  5m12.0s/5m30.0s
load-k6-1  | 
load-k6-1  | 
load-k6-1  | running (5m13.0s), 1/1 VUs, 13809 complete and 0 interrupted iterations
load-k6-1  | fspiopQuotes   [  95% ] 1/1 VUs  5m13.0s/5m30.0s
load-k6-1  | 
load-k6-1  | 
load-k6-1  | running (5m14.0s), 1/1 VUs, 13854 complete and 0 interrupted iterations
load-k6-1  | fspiopQuotes   [  95% ] 1/1 VUs  5m14.0s/5m30.0s
load-k6-1  | 
load-k6-1  | 
load-k6-1  | running (5m15.0s), 1/1 VUs, 13901 complete and 0 interrupted iterations
load-k6-1  | fspiopQuotes   [  95% ] 1/1 VUs  5m15.0s/5m30.0s
load-k6-1  | 
load-k6-1  | 
load-k6-1  | running (5m16.0s), 1/1 VUs, 13948 complete and 0 interrupted iterations
load-k6-1  | fspiopQuotes   [  96% ] 1/1 VUs  5m16.0s/5m30.0s
load-k6-1  | 
load-k6-1  | 
load-k6-1  | running (5m17.0s), 1/1 VUs, 13992 complete and 0 interrupted iterations
load-k6-1  | fspiopQuotes   [  96% ] 1/1 VUs  5m17.0s/5m30.0s
load-k6-1  | 
load-k6-1  | 
load-k6-1  | running (5m18.0s), 1/1 VUs, 14038 complete and 0 interrupted iterations
load-k6-1  | fspiopQuotes   [  96% ] 1/1 VUs  5m18.0s/5m30.0s
load-k6-1  | 
load-k6-1  | 
load-k6-1  | running (5m19.0s), 1/1 VUs, 14084 complete and 0 interrupted iterations
load-k6-1  | fspiopQuotes   [  97% ] 1/1 VUs  5m19.0s/5m30.0s
load-k6-1  | 
load-k6-1  | 
load-k6-1  | running (5m20.0s), 1/1 VUs, 14131 complete and 0 interrupted iterations
load-k6-1  | fspiopQuotes   [  97% ] 1/1 VUs  5m20.0s/5m30.0s
load-k6-1  | 
load-k6-1  | 
load-k6-1  | running (5m21.0s), 1/1 VUs, 14178 complete and 0 interrupted iterations
load-k6-1  | fspiopQuotes   [  97% ] 1/1 VUs  5m21.0s/5m30.0s
load-k6-1  | 
load-k6-1  | 
load-k6-1  | running (5m22.0s), 1/1 VUs, 14224 complete and 0 interrupted iterations
load-k6-1  | fspiopQuotes   [  98% ] 1/1 VUs  5m22.0s/5m30.0s
load-k6-1  | 
load-k6-1  | 
load-k6-1  | running (5m23.0s), 1/1 VUs, 14271 complete and 0 interrupted iterations
load-k6-1  | fspiopQuotes   [  98% ] 1/1 VUs  5m23.0s/5m30.0s
load-k6-1  | 
load-k6-1  | 
load-k6-1  | running (5m24.0s), 1/1 VUs, 14318 complete and 0 interrupted iterations
load-k6-1  | fspiopQuotes   [  98% ] 1/1 VUs  5m24.0s/5m30.0s
load-k6-1  | 
load-k6-1  | 
load-k6-1  | running (5m25.0s), 1/1 VUs, 14365 complete and 0 interrupted iterations
load-k6-1  | fspiopQuotes   [  98% ] 1/1 VUs  5m25.0s/5m30.0s
load-k6-1  | 
load-k6-1  | 
load-k6-1  | running (5m26.0s), 1/1 VUs, 14412 complete and 0 interrupted iterations
load-k6-1  | fspiopQuotes   [  99% ] 1/1 VUs  5m26.0s/5m30.0s
load-k6-1  | 
load-k6-1  | 
load-k6-1  | running (5m27.0s), 1/1 VUs, 14457 complete and 0 interrupted iterations
load-k6-1  | fspiopQuotes   [  99% ] 1/1 VUs  5m27.0s/5m30.0s
load-k6-1  | 
load-k6-1  | 
load-k6-1  | running (5m28.0s), 1/1 VUs, 14503 complete and 0 interrupted iterations
load-k6-1  | fspiopQuotes   [  99% ] 1/1 VUs  5m28.0s/5m30.0s
load-k6-1  | 
load-k6-1  | 
load-k6-1  | running (5m29.0s), 1/1 VUs, 14550 complete and 0 interrupted iterations
load-k6-1  | fspiopQuotes   [ 100% ] 1/1 VUs  5m29.0s/5m30.0s
load-k6-1  | 
load-k6-1  | 
load-k6-1  | running (5m30.0s), 1/1 VUs, 14592 complete and 0 interrupted iterations
load-k6-1  | fspiopQuotes   [ 100% ] 1/1 VUs  5m30.0s/5m30.0s
load-k6-1  | 
load-k6-1  | 
load-k6-1  |      ✓ QUOTES_FSPIOP_POST_QUOTES_RESPONSE_IS_202
load-k6-1  |      ✓ QUOTES_E2E_FSPIOP_POST_QUOTES_SUCCESS
load-k6-1  | 
load-k6-1  |      █ Post Quotes
load-k6-1  | 
load-k6-1  |      checks.........................: 100.00% ✓ 29186     ✗ 0    
load-k6-1  |      data_received..................: 4.6 MB  14 kB/s
load-k6-1  |      data_sent......................: 18 MB   53 kB/s
load-k6-1  |      group_duration.................: avg=204.13µs min=144.21µs med=201.5µs  max=3.89ms   p(90)=229.83µs p(95)=247.82µs
load-k6-1  |      http_req_blocked...............: avg=3.84µs   min=1.82µs   med=3.69µs   max=429.79µs p(90)=4.73µs   p(95)=5.13µs  
load-k6-1  |      http_req_connecting............: avg=9ns      min=0s       med=0s       max=137.82µs p(90)=0s       p(95)=0s      
load-k6-1  |    ✓ http_req_duration..............: avg=1.07ms   min=715.71µs med=1.04ms   max=14.88ms  p(90)=1.27ms   p(95)=1.37ms  
load-k6-1  |        { expected_response:true }...: avg=1.07ms   min=715.71µs med=1.04ms   max=14.88ms  p(90)=1.27ms   p(95)=1.37ms  
load-k6-1  |    ✓ http_req_failed................: 0.00%   ✓ 0         ✗ 14593
load-k6-1  |      http_req_receiving.............: avg=26.4µs   min=15.9µs   med=25.61µs  max=211.78µs p(90)=32.11µs  p(95)=34.78µs 
load-k6-1  |      http_req_sending...............: avg=20.57µs  min=12.02µs  med=20.16µs  max=149.02µs p(90)=24.13µs  p(95)=25.65µs 
load-k6-1  |      http_req_tls_handshaking.......: avg=0s       min=0s       med=0s       max=0s       p(90)=0s       p(95)=0s      
load-k6-1  |      http_req_waiting...............: avg=1.02ms   min=680.58µs med=998.98µs max=14.65ms  p(90)=1.22ms   p(95)=1.32ms  
load-k6-1  |      http_reqs......................: 14593   44.218768/s
load-k6-1  |    ✓ iteration_duration.............: avg=22.59ms  min=19.54ms  med=22.26ms  max=122.2ms  p(90)=23.8ms   p(95)=24.49ms 
load-k6-1  |      iterations.....................: 14593   44.218768/s
load-k6-1  |      vus............................: 1       min=1       max=1  
load-k6-1  |      vus_max........................: 1       min=1       max=1  
load-k6-1  |      ws_connecting..................: avg=444.01µs min=268.47µs med=439.21µs max=16.97ms  p(90)=493.44µs p(95)=514.58µs
load-k6-1  |      ws_msgs_received...............: 14593   44.218768/s
load-k6-1  |      ws_msgs_sent...................: 14593   44.218768/s
load-k6-1  |      ws_session_duration............: avg=22.3ms   min=19.31ms  med=21.96ms  max=121.89ms p(90)=23.49ms  p(95)=24.17ms 
load-k6-1  |      ws_sessions....................: 14593   44.218768/s
load-k6-1  | 
load-k6-1  | 
load-k6-1  | running (5m30.0s), 0/1 VUs, 14593 complete and 0 interrupted iterations
load-k6-1  | fspiopQuotes ✓ [ 100% ] 0/1 VUs  5m30s
load-k6-1  | 
load-k6-1 exited with code 0
