Attaching to load-k6-1
load-k6-1  | 
load-k6-1  |           /\      |‾‾| /‾‾/   /‾‾/   
load-k6-1  |      /\  /  \     |  |/  /   /  /    
load-k6-1  |     /  \/    \    |     (   /   ‾‾\  
load-k6-1  |    /          \   |  |\  \ |  (‾)  | 
load-k6-1  |   / __________ \  |__| \__\ \_____/ .io
load-k6-1  | 
load-k6-1  |   execution: local
load-k6-1  |      script: /scripts/index.js
load-k6-1  |      output: Prometheus remote write (http://prometheus:9090/api/v1/write)
load-k6-1  | 
load-k6-1  |   scenarios: (100.00%) 1 scenario, 70 max VUs, 6m0s max duration (incl. graceful stop):
load-k6-1  |            * fspiopE2E: Up to 70 looping VUs for 5m30s over 2 stages (gracefulRampDown: 30s, exec: fspiopE2EScenarios, gracefulStop: 30s)
load-k6-1  | 
load-k6-1  | 
load-k6-1  | running (0m01.0s), 03/70 VUs, 0 complete and 0 interrupted iterations
load-k6-1  | fspiopE2E   [   0% ] 03/70 VUs  0m01.0s/5m30.0s
load-k6-1  | 
load-k6-1  | running (0m02.0s), 05/70 VUs, 0 complete and 0 interrupted iterations
load-k6-1  | fspiopE2E   [   1% ] 05/70 VUs  0m02.0s/5m30.0s
load-k6-1  | 
load-k6-1  | running (0m03.0s), 07/70 VUs, 0 complete and 0 interrupted iterations
load-k6-1  | fspiopE2E   [   1% ] 07/70 VUs  0m03.0s/5m30.0s
load-k6-1  | 
load-k6-1  | running (0m04.0s), 10/70 VUs, 7 complete and 0 interrupted iterations
load-k6-1  | fspiopE2E   [   1% ] 10/70 VUs  0m04.0s/5m30.0s
load-k6-1  | 
load-k6-1  | running (0m05.0s), 12/70 VUs, 32 complete and 0 interrupted iterations
load-k6-1  | fspiopE2E   [   2% ] 12/70 VUs  0m05.0s/5m30.0s
load-k6-1  | 
load-k6-1  | running (0m06.0s), 14/70 VUs, 100 complete and 0 interrupted iterations
load-k6-1  | fspiopE2E   [   2% ] 14/70 VUs  0m06.0s/5m30.0s
load-k6-1  | 
load-k6-1  | running (0m07.0s), 17/70 VUs, 174 complete and 0 interrupted iterations
load-k6-1  | fspiopE2E   [   2% ] 17/70 VUs  0m07.0s/5m30.0s
load-k6-1  | 
load-k6-1  | running (0m08.0s), 19/70 VUs, 260 complete and 0 interrupted iterations
load-k6-1  | fspiopE2E   [   2% ] 19/70 VUs  0m08.0s/5m30.0s
load-k6-1  | 
load-k6-1  | running (0m09.0s), 21/70 VUs, 343 complete and 0 interrupted iterations
load-k6-1  | fspiopE2E   [   3% ] 21/70 VUs  0m09.0s/5m30.0s
load-k6-1  | 
load-k6-1  | running (0m10.0s), 23/70 VUs, 447 complete and 0 interrupted iterations
load-k6-1  | fspiopE2E   [   3% ] 23/70 VUs  0m10.0s/5m30.0s
load-k6-1  | 
load-k6-1  | running (0m11.0s), 26/70 VUs, 535 complete and 0 interrupted iterations
load-k6-1  | fspiopE2E   [   3% ] 26/70 VUs  0m11.0s/5m30.0s
load-k6-1  | 
load-k6-1  | running (0m12.0s), 28/70 VUs, 638 complete and 0 interrupted iterations
load-k6-1  | fspiopE2E   [   4% ] 28/70 VUs  0m12.0s/5m30.0s
load-k6-1  | 
load-k6-1  | running (0m13.0s), 30/70 VUs, 742 complete and 0 interrupted iterations
load-k6-1  | fspiopE2E   [   4% ] 30/70 VUs  0m13.0s/5m30.0s
load-k6-1  | 
load-k6-1  | running (0m14.0s), 33/70 VUs, 848 complete and 0 interrupted iterations
load-k6-1  | fspiopE2E   [   4% ] 33/70 VUs  0m14.0s/5m30.0s
load-k6-1  | 
load-k6-1  | running (0m15.0s), 35/70 VUs, 956 complete and 0 interrupted iterations
load-k6-1  | fspiopE2E   [   5% ] 35/70 VUs  0m15.0s/5m30.0s
load-k6-1  | 
load-k6-1  | running (0m16.0s), 37/70 VUs, 1074 complete and 0 interrupted iterations
load-k6-1  | fspiopE2E   [   5% ] 37/70 VUs  0m16.0s/5m30.0s
load-k6-1  | 
load-k6-1  | running (0m17.0s), 40/70 VUs, 1186 complete and 0 interrupted iterations
load-k6-1  | fspiopE2E   [   5% ] 40/70 VUs  0m17.0s/5m30.0s
load-k6-1  | 
load-k6-1  | running (0m18.0s), 42/70 VUs, 1311 complete and 0 interrupted iterations
load-k6-1  | fspiopE2E   [   5% ] 42/70 VUs  0m18.0s/5m30.0s
load-k6-1  | 
load-k6-1  | running (0m19.0s), 44/70 VUs, 1443 complete and 0 interrupted iterations
load-k6-1  | fspiopE2E   [   6% ] 44/70 VUs  0m19.0s/5m30.0s
load-k6-1  | 
load-k6-1  | running (0m20.0s), 46/70 VUs, 1574 complete and 0 interrupted iterations
load-k6-1  | fspiopE2E   [   6% ] 46/70 VUs  0m20.0s/5m30.0s
load-k6-1  | 
load-k6-1  | running (0m21.0s), 49/70 VUs, 1717 complete and 0 interrupted iterations
load-k6-1  | fspiopE2E   [   6% ] 49/70 VUs  0m21.0s/5m30.0s
load-k6-1  | 
load-k6-1  | running (0m22.0s), 51/70 VUs, 1864 complete and 0 interrupted iterations
load-k6-1  | fspiopE2E   [   7% ] 51/70 VUs  0m22.0s/5m30.0s
load-k6-1  | 
load-k6-1  | running (0m23.0s), 53/70 VUs, 2004 complete and 0 interrupted iterations
load-k6-1  | fspiopE2E   [   7% ] 53/70 VUs  0m23.0s/5m30.0s
load-k6-1  | 
load-k6-1  | running (0m24.0s), 56/70 VUs, 2148 complete and 0 interrupted iterations
load-k6-1  | fspiopE2E   [   7% ] 56/70 VUs  0m24.0s/5m30.0s
load-k6-1  | 
load-k6-1  | running (0m25.0s), 58/70 VUs, 2289 complete and 0 interrupted iterations
load-k6-1  | fspiopE2E   [   8% ] 58/70 VUs  0m25.0s/5m30.0s
load-k6-1  | 
load-k6-1  | running (0m26.0s), 60/70 VUs, 2437 complete and 0 interrupted iterations
load-k6-1  | fspiopE2E   [   8% ] 60/70 VUs  0m26.0s/5m30.0s
load-k6-1  | 
load-k6-1  | running (0m27.0s), 63/70 VUs, 2580 complete and 0 interrupted iterations
load-k6-1  | fspiopE2E   [   8% ] 63/70 VUs  0m27.0s/5m30.0s
load-k6-1  | 
load-k6-1  | running (0m28.0s), 65/70 VUs, 2742 complete and 0 interrupted iterations
load-k6-1  | fspiopE2E   [   8% ] 65/70 VUs  0m28.0s/5m30.0s
load-k6-1  | 
load-k6-1  | running (0m29.0s), 67/70 VUs, 2881 complete and 0 interrupted iterations
load-k6-1  | fspiopE2E   [   9% ] 67/70 VUs  0m29.0s/5m30.0s
load-k6-1  | 
load-k6-1  | running (0m30.0s), 69/70 VUs, 3044 complete and 0 interrupted iterations
load-k6-1  | fspiopE2E   [   9% ] 69/70 VUs  0m30.0s/5m30.0s
load-k6-1  | 
load-k6-1  | running (0m31.0s), 70/70 VUs, 3211 complete and 0 interrupted iterations
load-k6-1  | fspiopE2E   [   9% ] 70/70 VUs  0m31.0s/5m30.0s
load-k6-1  | 
load-k6-1  | running (0m32.0s), 70/70 VUs, 3362 complete and 0 interrupted iterations
load-k6-1  | fspiopE2E   [  10% ] 70/70 VUs  0m32.0s/5m30.0s
load-k6-1  | 
load-k6-1  | running (0m33.0s), 70/70 VUs, 3526 complete and 0 interrupted iterations
load-k6-1  | fspiopE2E   [  10% ] 70/70 VUs  0m33.0s/5m30.0s
load-k6-1  | 
load-k6-1  | running (0m34.0s), 70/70 VUs, 3681 complete and 0 interrupted iterations
load-k6-1  | fspiopE2E   [  10% ] 70/70 VUs  0m34.0s/5m30.0s
load-k6-1  | 
load-k6-1  | running (0m35.0s), 70/70 VUs, 3831 complete and 0 interrupted iterations
load-k6-1  | fspiopE2E   [  11% ] 70/70 VUs  0m35.0s/5m30.0s
load-k6-1  | 
load-k6-1  | running (0m36.0s), 70/70 VUs, 3996 complete and 0 interrupted iterations
load-k6-1  | fspiopE2E   [  11% ] 70/70 VUs  0m36.0s/5m30.0s
load-k6-1  | 
load-k6-1  | running (0m37.0s), 70/70 VUs, 4152 complete and 0 interrupted iterations
load-k6-1  | fspiopE2E   [  11% ] 70/70 VUs  0m37.0s/5m30.0s
load-k6-1  | 
load-k6-1  | running (0m38.0s), 70/70 VUs, 4319 complete and 0 interrupted iterations
load-k6-1  | fspiopE2E   [  12% ] 70/70 VUs  0m38.0s/5m30.0s
load-k6-1  | 
load-k6-1  | running (0m39.0s), 70/70 VUs, 4481 complete and 0 interrupted iterations
load-k6-1  | fspiopE2E   [  12% ] 70/70 VUs  0m39.0s/5m30.0s
load-k6-1  | 
load-k6-1  | running (0m40.0s), 70/70 VUs, 4653 complete and 0 interrupted iterations
load-k6-1  | fspiopE2E   [  12% ] 70/70 VUs  0m40.0s/5m30.0s
load-k6-1  | 
load-k6-1  | running (0m41.0s), 70/70 VUs, 4826 complete and 0 interrupted iterations
load-k6-1  | fspiopE2E   [  12% ] 70/70 VUs  0m41.0s/5m30.0s
load-k6-1  | 
load-k6-1  | running (0m42.0s), 70/70 VUs, 4982 complete and 0 interrupted iterations
load-k6-1  | fspiopE2E   [  13% ] 70/70 VUs  0m42.0s/5m30.0s
load-k6-1  | 
load-k6-1  | running (0m43.0s), 70/70 VUs, 5130 complete and 0 interrupted iterations
load-k6-1  | fspiopE2E   [  13% ] 70/70 VUs  0m43.0s/5m30.0s
load-k6-1  | 
load-k6-1  | running (0m44.0s), 70/70 VUs, 5282 complete and 0 interrupted iterations
load-k6-1  | fspiopE2E   [  13% ] 70/70 VUs  0m44.0s/5m30.0s
load-k6-1  | 
load-k6-1  | running (0m45.0s), 70/70 VUs, 5455 complete and 0 interrupted iterations
load-k6-1  | fspiopE2E   [  14% ] 70/70 VUs  0m45.0s/5m30.0s
load-k6-1  | 
load-k6-1  | running (0m46.0s), 70/70 VUs, 5608 complete and 0 interrupted iterations
load-k6-1  | fspiopE2E   [  14% ] 70/70 VUs  0m46.0s/5m30.0s
load-k6-1  | 
load-k6-1  | running (0m47.0s), 70/70 VUs, 5770 complete and 0 interrupted iterations
load-k6-1  | fspiopE2E   [  14% ] 70/70 VUs  0m47.0s/5m30.0s
load-k6-1  | 
load-k6-1  | running (0m48.0s), 70/70 VUs, 5913 complete and 0 interrupted iterations
load-k6-1  | fspiopE2E   [  15% ] 70/70 VUs  0m48.0s/5m30.0s
load-k6-1  | 
load-k6-1  | running (0m49.0s), 70/70 VUs, 6069 complete and 0 interrupted iterations
load-k6-1  | fspiopE2E   [  15% ] 70/70 VUs  0m49.0s/5m30.0s
load-k6-1  | 
load-k6-1  | running (0m50.0s), 70/70 VUs, 6228 complete and 0 interrupted iterations
load-k6-1  | fspiopE2E   [  15% ] 70/70 VUs  0m50.0s/5m30.0s
load-k6-1  | 
load-k6-1  | running (0m51.0s), 70/70 VUs, 6408 complete and 0 interrupted iterations
load-k6-1  | fspiopE2E   [  15% ] 70/70 VUs  0m51.0s/5m30.0s
load-k6-1  | 
load-k6-1  | running (0m52.0s), 70/70 VUs, 6564 complete and 0 interrupted iterations
load-k6-1  | fspiopE2E   [  16% ] 70/70 VUs  0m52.0s/5m30.0s
load-k6-1  | 
load-k6-1  | running (0m53.0s), 70/70 VUs, 6734 complete and 0 interrupted iterations
load-k6-1  | fspiopE2E   [  16% ] 70/70 VUs  0m53.0s/5m30.0s
load-k6-1  | 
load-k6-1  | running (0m54.0s), 70/70 VUs, 6887 complete and 0 interrupted iterations
load-k6-1  | fspiopE2E   [  16% ] 70/70 VUs  0m54.0s/5m30.0s
load-k6-1  | 
load-k6-1  | running (0m55.0s), 70/70 VUs, 7053 complete and 0 interrupted iterations
load-k6-1  | fspiopE2E   [  17% ] 70/70 VUs  0m55.0s/5m30.0s
load-k6-1  | 
load-k6-1  | running (0m56.0s), 70/70 VUs, 7221 complete and 0 interrupted iterations
load-k6-1  | fspiopE2E   [  17% ] 70/70 VUs  0m56.0s/5m30.0s
load-k6-1  | 
load-k6-1  | running (0m57.0s), 70/70 VUs, 7380 complete and 0 interrupted iterations
load-k6-1  | fspiopE2E   [  17% ] 70/70 VUs  0m57.0s/5m30.0s
load-k6-1  | 
load-k6-1  | running (0m58.0s), 70/70 VUs, 7555 complete and 0 interrupted iterations
load-k6-1  | fspiopE2E   [  18% ] 70/70 VUs  0m58.0s/5m30.0s
load-k6-1  | 
load-k6-1  | running (0m59.0s), 70/70 VUs, 7717 complete and 0 interrupted iterations
load-k6-1  | fspiopE2E   [  18% ] 70/70 VUs  0m59.0s/5m30.0s
load-k6-1  | 
load-k6-1  | running (1m00.0s), 70/70 VUs, 7888 complete and 0 interrupted iterations
load-k6-1  | fspiopE2E   [  18% ] 70/70 VUs  1m00.0s/5m30.0s
load-k6-1  | 
load-k6-1  | running (1m01.0s), 70/70 VUs, 8047 complete and 0 interrupted iterations
load-k6-1  | fspiopE2E   [  18% ] 70/70 VUs  1m01.0s/5m30.0s
load-k6-1  | 
load-k6-1  | running (1m02.0s), 70/70 VUs, 8231 complete and 0 interrupted iterations
load-k6-1  | fspiopE2E   [  19% ] 70/70 VUs  1m02.0s/5m30.0s
load-k6-1  | 
load-k6-1  | running (1m03.0s), 70/70 VUs, 8400 complete and 0 interrupted iterations
load-k6-1  | fspiopE2E   [  19% ] 70/70 VUs  1m03.0s/5m30.0s
load-k6-1  | 
load-k6-1  | running (1m04.0s), 70/70 VUs, 8572 complete and 0 interrupted iterations
load-k6-1  | fspiopE2E   [  19% ] 70/70 VUs  1m04.0s/5m30.0s
load-k6-1  | 
load-k6-1  | running (1m05.0s), 70/70 VUs, 8737 complete and 0 interrupted iterations
load-k6-1  | fspiopE2E   [  20% ] 70/70 VUs  1m05.0s/5m30.0s
load-k6-1  | 
load-k6-1  | running (1m06.0s), 70/70 VUs, 8900 complete and 0 interrupted iterations
load-k6-1  | fspiopE2E   [  20% ] 70/70 VUs  1m06.0s/5m30.0s
load-k6-1  | 
load-k6-1  | running (1m07.0s), 70/70 VUs, 9071 complete and 0 interrupted iterations
load-k6-1  | fspiopE2E   [  20% ] 70/70 VUs  1m07.0s/5m30.0s
load-k6-1  | 
load-k6-1  | running (1m08.0s), 70/70 VUs, 9243 complete and 0 interrupted iterations
load-k6-1  | fspiopE2E   [  21% ] 70/70 VUs  1m08.0s/5m30.0s
load-k6-1  | 
load-k6-1  | running (1m09.0s), 70/70 VUs, 9418 complete and 0 interrupted iterations
load-k6-1  | fspiopE2E   [  21% ] 70/70 VUs  1m09.0s/5m30.0s
load-k6-1  | 
load-k6-1  | running (1m10.0s), 70/70 VUs, 9590 complete and 0 interrupted iterations
load-k6-1  | fspiopE2E   [  21% ] 70/70 VUs  1m10.0s/5m30.0s
load-k6-1  | 
load-k6-1  | running (1m11.0s), 70/70 VUs, 9760 complete and 0 interrupted iterations
load-k6-1  | fspiopE2E   [  22% ] 70/70 VUs  1m11.0s/5m30.0s
load-k6-1  | 
load-k6-1  | running (1m12.0s), 70/70 VUs, 9938 complete and 0 interrupted iterations
load-k6-1  | fspiopE2E   [  22% ] 70/70 VUs  1m12.0s/5m30.0s
load-k6-1  | 
load-k6-1  | running (1m13.0s), 70/70 VUs, 10114 complete and 0 interrupted iterations
load-k6-1  | fspiopE2E   [  22% ] 70/70 VUs  1m13.0s/5m30.0s
load-k6-1  | 
load-k6-1  | running (1m14.0s), 70/70 VUs, 10277 complete and 0 interrupted iterations
load-k6-1  | fspiopE2E   [  22% ] 70/70 VUs  1m14.0s/5m30.0s
load-k6-1  | 
load-k6-1  | running (1m15.0s), 70/70 VUs, 10460 complete and 0 interrupted iterations
load-k6-1  | fspiopE2E   [  23% ] 70/70 VUs  1m15.0s/5m30.0s
load-k6-1  | 
load-k6-1  | running (1m16.0s), 70/70 VUs, 10630 complete and 0 interrupted iterations
load-k6-1  | fspiopE2E   [  23% ] 70/70 VUs  1m16.0s/5m30.0s
load-k6-1  | 
load-k6-1  | running (1m17.0s), 70/70 VUs, 10797 complete and 0 interrupted iterations
load-k6-1  | fspiopE2E   [  23% ] 70/70 VUs  1m17.0s/5m30.0s
load-k6-1  | 
load-k6-1  | running (1m18.0s), 70/70 VUs, 10958 complete and 0 interrupted iterations
load-k6-1  | fspiopE2E   [  24% ] 70/70 VUs  1m18.0s/5m30.0s
load-k6-1  | 
load-k6-1  | running (1m19.0s), 70/70 VUs, 11126 complete and 0 interrupted iterations
load-k6-1  | fspiopE2E   [  24% ] 70/70 VUs  1m19.0s/5m30.0s
load-k6-1  | 
load-k6-1  | running (1m20.0s), 70/70 VUs, 11302 complete and 0 interrupted iterations
load-k6-1  | fspiopE2E   [  24% ] 70/70 VUs  1m20.0s/5m30.0s
load-k6-1  | 
load-k6-1  | running (1m21.0s), 70/70 VUs, 11475 complete and 0 interrupted iterations
load-k6-1  | fspiopE2E   [  25% ] 70/70 VUs  1m21.0s/5m30.0s
load-k6-1  | 
load-k6-1  | running (1m22.0s), 70/70 VUs, 11636 complete and 0 interrupted iterations
load-k6-1  | fspiopE2E   [  25% ] 70/70 VUs  1m22.0s/5m30.0s
load-k6-1  | 
load-k6-1  | running (1m23.0s), 70/70 VUs, 11782 complete and 0 interrupted iterations
load-k6-1  | fspiopE2E   [  25% ] 70/70 VUs  1m23.0s/5m30.0s
load-k6-1  | 
load-k6-1  | running (1m24.0s), 70/70 VUs, 11941 complete and 0 interrupted iterations
load-k6-1  | fspiopE2E   [  25% ] 70/70 VUs  1m24.0s/5m30.0s
load-k6-1  | 
load-k6-1  | running (1m25.0s), 70/70 VUs, 12115 complete and 0 interrupted iterations
load-k6-1  | fspiopE2E   [  26% ] 70/70 VUs  1m25.0s/5m30.0s
load-k6-1  | 
load-k6-1  | running (1m26.0s), 70/70 VUs, 12285 complete and 0 interrupted iterations
load-k6-1  | fspiopE2E   [  26% ] 70/70 VUs  1m26.0s/5m30.0s
load-k6-1  | 
load-k6-1  | running (1m27.0s), 70/70 VUs, 12462 complete and 0 interrupted iterations
load-k6-1  | fspiopE2E   [  26% ] 70/70 VUs  1m27.0s/5m30.0s
load-k6-1  | 
load-k6-1  | running (1m28.0s), 70/70 VUs, 12652 complete and 0 interrupted iterations
load-k6-1  | fspiopE2E   [  27% ] 70/70 VUs  1m28.0s/5m30.0s
load-k6-1  | 
load-k6-1  | running (1m29.0s), 70/70 VUs, 12811 complete and 0 interrupted iterations
load-k6-1  | fspiopE2E   [  27% ] 70/70 VUs  1m29.0s/5m30.0s
load-k6-1  | 
load-k6-1  | running (1m30.0s), 70/70 VUs, 13001 complete and 0 interrupted iterations
load-k6-1  | fspiopE2E   [  27% ] 70/70 VUs  1m30.0s/5m30.0s
load-k6-1  | 
load-k6-1  | running (1m31.0s), 70/70 VUs, 13168 complete and 0 interrupted iterations
load-k6-1  | fspiopE2E   [  28% ] 70/70 VUs  1m31.0s/5m30.0s
load-k6-1  | 
load-k6-1  | running (1m32.0s), 70/70 VUs, 13337 complete and 0 interrupted iterations
load-k6-1  | fspiopE2E   [  28% ] 70/70 VUs  1m32.0s/5m30.0s
load-k6-1  | 
load-k6-1  | running (1m33.0s), 70/70 VUs, 13505 complete and 0 interrupted iterations
load-k6-1  | fspiopE2E   [  28% ] 70/70 VUs  1m33.0s/5m30.0s
load-k6-1  | 
load-k6-1  | running (1m34.0s), 70/70 VUs, 13697 complete and 0 interrupted iterations
load-k6-1  | fspiopE2E   [  28% ] 70/70 VUs  1m34.0s/5m30.0s
load-k6-1  | 
load-k6-1  | running (1m35.0s), 70/70 VUs, 13864 complete and 0 interrupted iterations
load-k6-1  | fspiopE2E   [  29% ] 70/70 VUs  1m35.0s/5m30.0s
load-k6-1  | 
load-k6-1  | running (1m36.0s), 70/70 VUs, 14032 complete and 0 interrupted iterations
load-k6-1  | fspiopE2E   [  29% ] 70/70 VUs  1m36.0s/5m30.0s
load-k6-1  | 
load-k6-1  | running (1m37.0s), 70/70 VUs, 14212 complete and 0 interrupted iterations
load-k6-1  | fspiopE2E   [  29% ] 70/70 VUs  1m37.0s/5m30.0s
load-k6-1  | 
load-k6-1  | running (1m38.0s), 70/70 VUs, 14394 complete and 0 interrupted iterations
load-k6-1  | fspiopE2E   [  30% ] 70/70 VUs  1m38.0s/5m30.0s
load-k6-1  | 
load-k6-1  | running (1m39.0s), 70/70 VUs, 14582 complete and 0 interrupted iterations
load-k6-1  | fspiopE2E   [  30% ] 70/70 VUs  1m39.0s/5m30.0s
load-k6-1  | 
load-k6-1  | running (1m40.0s), 70/70 VUs, 14753 complete and 0 interrupted iterations
load-k6-1  | fspiopE2E   [  30% ] 70/70 VUs  1m40.0s/5m30.0s
load-k6-1  | 
load-k6-1  | running (1m41.0s), 70/70 VUs, 14934 complete and 0 interrupted iterations
load-k6-1  | fspiopE2E   [  31% ] 70/70 VUs  1m41.0s/5m30.0s
load-k6-1  | 
load-k6-1  | running (1m42.0s), 70/70 VUs, 15111 complete and 0 interrupted iterations
load-k6-1  | fspiopE2E   [  31% ] 70/70 VUs  1m42.0s/5m30.0s
load-k6-1  | 
load-k6-1  | running (1m43.0s), 70/70 VUs, 15289 complete and 0 interrupted iterations
load-k6-1  | fspiopE2E   [  31% ] 70/70 VUs  1m43.0s/5m30.0s
load-k6-1  | 
load-k6-1  | running (1m44.0s), 70/70 VUs, 15454 complete and 0 interrupted iterations
load-k6-1  | fspiopE2E   [  32% ] 70/70 VUs  1m44.0s/5m30.0s
load-k6-1  | 
load-k6-1  | running (1m45.0s), 70/70 VUs, 15640 complete and 0 interrupted iterations
load-k6-1  | fspiopE2E   [  32% ] 70/70 VUs  1m45.0s/5m30.0s
load-k6-1  | 
load-k6-1  | running (1m46.0s), 70/70 VUs, 15810 complete and 0 interrupted iterations
load-k6-1  | fspiopE2E   [  32% ] 70/70 VUs  1m46.0s/5m30.0s
load-k6-1  | 
load-k6-1  | running (1m47.0s), 70/70 VUs, 15982 complete and 0 interrupted iterations
load-k6-1  | fspiopE2E   [  32% ] 70/70 VUs  1m47.0s/5m30.0s
load-k6-1  | 
load-k6-1  | running (1m48.0s), 70/70 VUs, 16149 complete and 0 interrupted iterations
load-k6-1  | fspiopE2E   [  33% ] 70/70 VUs  1m48.0s/5m30.0s
load-k6-1  | 
load-k6-1  | running (1m49.0s), 70/70 VUs, 16318 complete and 0 interrupted iterations
load-k6-1  | fspiopE2E   [  33% ] 70/70 VUs  1m49.0s/5m30.0s
load-k6-1  | 
load-k6-1  | running (1m50.0s), 70/70 VUs, 16494 complete and 0 interrupted iterations
load-k6-1  | fspiopE2E   [  33% ] 70/70 VUs  1m50.0s/5m30.0s
load-k6-1  | 
load-k6-1  | running (1m51.0s), 70/70 VUs, 16668 complete and 0 interrupted iterations
load-k6-1  | fspiopE2E   [  34% ] 70/70 VUs  1m51.0s/5m30.0s
load-k6-1  | 
load-k6-1  | running (1m52.0s), 70/70 VUs, 16844 complete and 0 interrupted iterations
load-k6-1  | fspiopE2E   [  34% ] 70/70 VUs  1m52.0s/5m30.0s
load-k6-1  | 
load-k6-1  | running (1m53.0s), 70/70 VUs, 17005 complete and 0 interrupted iterations
load-k6-1  | fspiopE2E   [  34% ] 70/70 VUs  1m53.0s/5m30.0s
load-k6-1  | 
load-k6-1  | running (1m54.0s), 70/70 VUs, 17180 complete and 0 interrupted iterations
load-k6-1  | fspiopE2E   [  35% ] 70/70 VUs  1m54.0s/5m30.0s
load-k6-1  | 
load-k6-1  | running (1m55.0s), 70/70 VUs, 17363 complete and 0 interrupted iterations
load-k6-1  | fspiopE2E   [  35% ] 70/70 VUs  1m55.0s/5m30.0s
load-k6-1  | 
load-k6-1  | running (1m56.0s), 70/70 VUs, 17544 complete and 0 interrupted iterations
load-k6-1  | fspiopE2E   [  35% ] 70/70 VUs  1m56.0s/5m30.0s
load-k6-1  | 
load-k6-1  | running (1m57.0s), 70/70 VUs, 17723 complete and 0 interrupted iterations
load-k6-1  | fspiopE2E   [  35% ] 70/70 VUs  1m57.0s/5m30.0s
load-k6-1  | 
load-k6-1  | running (1m58.0s), 70/70 VUs, 17905 complete and 0 interrupted iterations
load-k6-1  | fspiopE2E   [  36% ] 70/70 VUs  1m58.0s/5m30.0s
load-k6-1  | 
load-k6-1  | running (1m59.0s), 70/70 VUs, 18065 complete and 0 interrupted iterations
load-k6-1  | fspiopE2E   [  36% ] 70/70 VUs  1m59.0s/5m30.0s
load-k6-1  | 
load-k6-1  | running (2m00.0s), 70/70 VUs, 18237 complete and 0 interrupted iterations
load-k6-1  | fspiopE2E   [  36% ] 70/70 VUs  2m00.0s/5m30.0s
load-k6-1  | 
load-k6-1  | running (2m01.0s), 70/70 VUs, 18397 complete and 0 interrupted iterations
load-k6-1  | fspiopE2E   [  37% ] 70/70 VUs  2m01.0s/5m30.0s
load-k6-1  | 
load-k6-1  | running (2m02.0s), 70/70 VUs, 18569 complete and 0 interrupted iterations
load-k6-1  | fspiopE2E   [  37% ] 70/70 VUs  2m02.0s/5m30.0s
load-k6-1  | 
load-k6-1  | running (2m03.0s), 70/70 VUs, 18749 complete and 0 interrupted iterations
load-k6-1  | fspiopE2E   [  37% ] 70/70 VUs  2m03.0s/5m30.0s
load-k6-1  | 
load-k6-1  | running (2m04.0s), 70/70 VUs, 18932 complete and 0 interrupted iterations
load-k6-1  | fspiopE2E   [  38% ] 70/70 VUs  2m04.0s/5m30.0s
load-k6-1  | 
load-k6-1  | running (2m05.0s), 70/70 VUs, 19100 complete and 0 interrupted iterations
load-k6-1  | fspiopE2E   [  38% ] 70/70 VUs  2m05.0s/5m30.0s
load-k6-1  | 
load-k6-1  | running (2m06.0s), 70/70 VUs, 19275 complete and 0 interrupted iterations
load-k6-1  | fspiopE2E   [  38% ] 70/70 VUs  2m06.0s/5m30.0s
load-k6-1  | 
load-k6-1  | running (2m07.0s), 70/70 VUs, 19438 complete and 0 interrupted iterations
load-k6-1  | fspiopE2E   [  38% ] 70/70 VUs  2m07.0s/5m30.0s
load-k6-1  | 
load-k6-1  | running (2m08.0s), 70/70 VUs, 19606 complete and 0 interrupted iterations
load-k6-1  | fspiopE2E   [  39% ] 70/70 VUs  2m08.0s/5m30.0s
load-k6-1  | 
load-k6-1  | running (2m09.0s), 70/70 VUs, 19788 complete and 0 interrupted iterations
load-k6-1  | fspiopE2E   [  39% ] 70/70 VUs  2m09.0s/5m30.0s
load-k6-1  | 
load-k6-1  | running (2m10.0s), 70/70 VUs, 19951 complete and 0 interrupted iterations
load-k6-1  | fspiopE2E   [  39% ] 70/70 VUs  2m10.0s/5m30.0s
load-k6-1  | 
load-k6-1  | running (2m11.0s), 70/70 VUs, 20116 complete and 0 interrupted iterations
load-k6-1  | fspiopE2E   [  40% ] 70/70 VUs  2m11.0s/5m30.0s
load-k6-1  | 
load-k6-1  | running (2m12.0s), 70/70 VUs, 20265 complete and 0 interrupted iterations
load-k6-1  | fspiopE2E   [  40% ] 70/70 VUs  2m12.0s/5m30.0s
load-k6-1  | 
load-k6-1  | running (2m13.0s), 70/70 VUs, 20436 complete and 0 interrupted iterations
load-k6-1  | fspiopE2E   [  40% ] 70/70 VUs  2m13.0s/5m30.0s
load-k6-1  | 
load-k6-1  | running (2m14.0s), 70/70 VUs, 20628 complete and 0 interrupted iterations
load-k6-1  | fspiopE2E   [  41% ] 70/70 VUs  2m14.0s/5m30.0s
load-k6-1  | 
load-k6-1  | running (2m15.0s), 70/70 VUs, 20789 complete and 0 interrupted iterations
load-k6-1  | fspiopE2E   [  41% ] 70/70 VUs  2m15.0s/5m30.0s
load-k6-1  | 
load-k6-1  | running (2m16.0s), 70/70 VUs, 20950 complete and 0 interrupted iterations
load-k6-1  | fspiopE2E   [  41% ] 70/70 VUs  2m16.0s/5m30.0s
load-k6-1  | 
load-k6-1  | running (2m17.0s), 70/70 VUs, 21133 complete and 0 interrupted iterations
load-k6-1  | fspiopE2E   [  42% ] 70/70 VUs  2m17.0s/5m30.0s
load-k6-1  | 
load-k6-1  | running (2m18.0s), 70/70 VUs, 21306 complete and 0 interrupted iterations
load-k6-1  | fspiopE2E   [  42% ] 70/70 VUs  2m18.0s/5m30.0s
load-k6-1  | 
load-k6-1  | running (2m19.0s), 70/70 VUs, 21480 complete and 0 interrupted iterations
load-k6-1  | fspiopE2E   [  42% ] 70/70 VUs  2m19.0s/5m30.0s
load-k6-1  | 
load-k6-1  | running (2m20.0s), 70/70 VUs, 21656 complete and 0 interrupted iterations
load-k6-1  | fspiopE2E   [  42% ] 70/70 VUs  2m20.0s/5m30.0s
load-k6-1  | 
load-k6-1  | running (2m21.0s), 70/70 VUs, 21814 complete and 0 interrupted iterations
load-k6-1  | fspiopE2E   [  43% ] 70/70 VUs  2m21.0s/5m30.0s
load-k6-1  | 
load-k6-1  | running (2m22.0s), 70/70 VUs, 21985 complete and 0 interrupted iterations
load-k6-1  | fspiopE2E   [  43% ] 70/70 VUs  2m22.0s/5m30.0s
load-k6-1  | 
load-k6-1  | running (2m23.0s), 70/70 VUs, 22156 complete and 0 interrupted iterations
load-k6-1  | fspiopE2E   [  43% ] 70/70 VUs  2m23.0s/5m30.0s
load-k6-1  | 
load-k6-1  | running (2m24.0s), 70/70 VUs, 22317 complete and 0 interrupted iterations
load-k6-1  | fspiopE2E   [  44% ] 70/70 VUs  2m24.0s/5m30.0s
load-k6-1  | 
load-k6-1  | running (2m25.0s), 70/70 VUs, 22492 complete and 0 interrupted iterations
load-k6-1  | fspiopE2E   [  44% ] 70/70 VUs  2m25.0s/5m30.0s
load-k6-1  | 
load-k6-1  | running (2m26.0s), 70/70 VUs, 22647 complete and 0 interrupted iterations
load-k6-1  | fspiopE2E   [  44% ] 70/70 VUs  2m26.0s/5m30.0s
load-k6-1  | 
load-k6-1  | running (2m27.0s), 70/70 VUs, 22819 complete and 0 interrupted iterations
load-k6-1  | fspiopE2E   [  45% ] 70/70 VUs  2m27.0s/5m30.0s
load-k6-1  | 
load-k6-1  | running (2m28.0s), 70/70 VUs, 22994 complete and 0 interrupted iterations
load-k6-1  | fspiopE2E   [  45% ] 70/70 VUs  2m28.0s/5m30.0s
load-k6-1  | 
load-k6-1  | running (2m29.0s), 70/70 VUs, 23149 complete and 0 interrupted iterations
load-k6-1  | fspiopE2E   [  45% ] 70/70 VUs  2m29.0s/5m30.0s
load-k6-1  | 
load-k6-1  | running (2m30.0s), 70/70 VUs, 23331 complete and 0 interrupted iterations
load-k6-1  | fspiopE2E   [  45% ] 70/70 VUs  2m30.0s/5m30.0s
load-k6-1  | 
load-k6-1  | running (2m31.0s), 70/70 VUs, 23509 complete and 0 interrupted iterations
load-k6-1  | fspiopE2E   [  46% ] 70/70 VUs  2m31.0s/5m30.0s
load-k6-1  | 
load-k6-1  | running (2m32.0s), 70/70 VUs, 23681 complete and 0 interrupted iterations
load-k6-1  | fspiopE2E   [  46% ] 70/70 VUs  2m32.0s/5m30.0s
load-k6-1  | 
load-k6-1  | running (2m33.0s), 70/70 VUs, 23868 complete and 0 interrupted iterations
load-k6-1  | fspiopE2E   [  46% ] 70/70 VUs  2m33.0s/5m30.0s
load-k6-1  | 
load-k6-1  | running (2m34.0s), 70/70 VUs, 24029 complete and 0 interrupted iterations
load-k6-1  | fspiopE2E   [  47% ] 70/70 VUs  2m34.0s/5m30.0s
load-k6-1  | 
load-k6-1  | running (2m35.0s), 70/70 VUs, 24200 complete and 0 interrupted iterations
load-k6-1  | fspiopE2E   [  47% ] 70/70 VUs  2m35.0s/5m30.0s
load-k6-1  | 
load-k6-1  | running (2m36.0s), 70/70 VUs, 24368 complete and 0 interrupted iterations
load-k6-1  | fspiopE2E   [  47% ] 70/70 VUs  2m36.0s/5m30.0s
load-k6-1  | 
load-k6-1  | running (2m37.0s), 70/70 VUs, 24541 complete and 0 interrupted iterations
load-k6-1  | fspiopE2E   [  48% ] 70/70 VUs  2m37.0s/5m30.0s
load-k6-1  | 
load-k6-1  | running (2m38.0s), 70/70 VUs, 24701 complete and 0 interrupted iterations
load-k6-1  | fspiopE2E   [  48% ] 70/70 VUs  2m38.0s/5m30.0s
load-k6-1  | 
load-k6-1  | running (2m39.0s), 70/70 VUs, 24863 complete and 0 interrupted iterations
load-k6-1  | fspiopE2E   [  48% ] 70/70 VUs  2m39.0s/5m30.0s
load-k6-1  | 
load-k6-1  | running (2m40.0s), 70/70 VUs, 25037 complete and 0 interrupted iterations
load-k6-1  | fspiopE2E   [  48% ] 70/70 VUs  2m40.0s/5m30.0s
load-k6-1  | 
load-k6-1  | running (2m41.0s), 70/70 VUs, 25186 complete and 0 interrupted iterations
load-k6-1  | fspiopE2E   [  49% ] 70/70 VUs  2m41.0s/5m30.0s
load-k6-1  | 
load-k6-1  | running (2m42.0s), 70/70 VUs, 25336 complete and 0 interrupted iterations
load-k6-1  | fspiopE2E   [  49% ] 70/70 VUs  2m42.0s/5m30.0s
load-k6-1  | 
load-k6-1  | running (2m43.0s), 70/70 VUs, 25494 complete and 0 interrupted iterations
load-k6-1  | fspiopE2E   [  49% ] 70/70 VUs  2m43.0s/5m30.0s
load-k6-1  | 
load-k6-1  | running (2m44.0s), 70/70 VUs, 25650 complete and 0 interrupted iterations
load-k6-1  | fspiopE2E   [  50% ] 70/70 VUs  2m44.0s/5m30.0s
load-k6-1  | 
load-k6-1  | running (2m45.0s), 70/70 VUs, 25830 complete and 0 interrupted iterations
load-k6-1  | fspiopE2E   [  50% ] 70/70 VUs  2m45.0s/5m30.0s
load-k6-1  | 
load-k6-1  | running (2m46.0s), 70/70 VUs, 25980 complete and 0 interrupted iterations
load-k6-1  | fspiopE2E   [  50% ] 70/70 VUs  2m46.0s/5m30.0s
load-k6-1  | 
load-k6-1  | running (2m47.0s), 70/70 VUs, 26152 complete and 0 interrupted iterations
load-k6-1  | fspiopE2E   [  51% ] 70/70 VUs  2m47.0s/5m30.0s
load-k6-1  | 
load-k6-1  | running (2m48.0s), 70/70 VUs, 26321 complete and 0 interrupted iterations
load-k6-1  | fspiopE2E   [  51% ] 70/70 VUs  2m48.0s/5m30.0s
load-k6-1  | 
load-k6-1  | running (2m49.0s), 70/70 VUs, 26504 complete and 0 interrupted iterations
load-k6-1  | fspiopE2E   [  51% ] 70/70 VUs  2m49.0s/5m30.0s
load-k6-1  | 
load-k6-1  | running (2m50.0s), 70/70 VUs, 26682 complete and 0 interrupted iterations
load-k6-1  | fspiopE2E   [  52% ] 70/70 VUs  2m50.0s/5m30.0s
load-k6-1  | 
load-k6-1  | running (2m51.0s), 70/70 VUs, 26825 complete and 0 interrupted iterations
load-k6-1  | fspiopE2E   [  52% ] 70/70 VUs  2m51.0s/5m30.0s
load-k6-1  | 
load-k6-1  | running (2m52.0s), 70/70 VUs, 26975 complete and 0 interrupted iterations
load-k6-1  | fspiopE2E   [  52% ] 70/70 VUs  2m52.0s/5m30.0s
load-k6-1  | 
load-k6-1  | running (2m53.0s), 70/70 VUs, 27149 complete and 0 interrupted iterations
load-k6-1  | fspiopE2E   [  52% ] 70/70 VUs  2m53.0s/5m30.0s
load-k6-1  | 
load-k6-1  | running (2m54.0s), 70/70 VUs, 27332 complete and 0 interrupted iterations
load-k6-1  | fspiopE2E   [  53% ] 70/70 VUs  2m54.0s/5m30.0s
load-k6-1  | 
load-k6-1  | running (2m55.0s), 70/70 VUs, 27517 complete and 0 interrupted iterations
load-k6-1  | fspiopE2E   [  53% ] 70/70 VUs  2m55.0s/5m30.0s
load-k6-1  | 
load-k6-1  | running (2m56.0s), 70/70 VUs, 27687 complete and 0 interrupted iterations
load-k6-1  | fspiopE2E   [  53% ] 70/70 VUs  2m56.0s/5m30.0s
load-k6-1  | 
load-k6-1  | running (2m57.0s), 70/70 VUs, 27859 complete and 0 interrupted iterations
load-k6-1  | fspiopE2E   [  54% ] 70/70 VUs  2m57.0s/5m30.0s
load-k6-1  | 
load-k6-1  | running (2m58.0s), 70/70 VUs, 28039 complete and 0 interrupted iterations
load-k6-1  | fspiopE2E   [  54% ] 70/70 VUs  2m58.0s/5m30.0s
load-k6-1  | 
load-k6-1  | running (2m59.0s), 70/70 VUs, 28193 complete and 0 interrupted iterations
load-k6-1  | fspiopE2E   [  54% ] 70/70 VUs  2m59.0s/5m30.0s
load-k6-1  | 
load-k6-1  | running (3m00.0s), 70/70 VUs, 28341 complete and 0 interrupted iterations
load-k6-1  | fspiopE2E   [  55% ] 70/70 VUs  3m00.0s/5m30.0s
load-k6-1  | 
load-k6-1  | running (3m01.0s), 70/70 VUs, 28501 complete and 0 interrupted iterations
load-k6-1  | fspiopE2E   [  55% ] 70/70 VUs  3m01.0s/5m30.0s
load-k6-1  | 
load-k6-1  | running (3m02.0s), 70/70 VUs, 28665 complete and 0 interrupted iterations
load-k6-1  | fspiopE2E   [  55% ] 70/70 VUs  3m02.0s/5m30.0s
load-k6-1  | 
load-k6-1  | running (3m03.0s), 70/70 VUs, 28829 complete and 0 interrupted iterations
load-k6-1  | fspiopE2E   [  55% ] 70/70 VUs  3m03.0s/5m30.0s
load-k6-1  | 
load-k6-1  | running (3m04.0s), 70/70 VUs, 29018 complete and 0 interrupted iterations
load-k6-1  | fspiopE2E   [  56% ] 70/70 VUs  3m04.0s/5m30.0s
load-k6-1  | 
load-k6-1  | running (3m05.0s), 70/70 VUs, 29185 complete and 0 interrupted iterations
load-k6-1  | fspiopE2E   [  56% ] 70/70 VUs  3m05.0s/5m30.0s
load-k6-1  | 
load-k6-1  | running (3m06.0s), 70/70 VUs, 29335 complete and 0 interrupted iterations
load-k6-1  | fspiopE2E   [  56% ] 70/70 VUs  3m06.0s/5m30.0s
load-k6-1  | 
load-k6-1  | running (3m07.0s), 70/70 VUs, 29488 complete and 0 interrupted iterations
load-k6-1  | fspiopE2E   [  57% ] 70/70 VUs  3m07.0s/5m30.0s
load-k6-1  | 
load-k6-1  | running (3m08.0s), 70/70 VUs, 29629 complete and 0 interrupted iterations
load-k6-1  | fspiopE2E   [  57% ] 70/70 VUs  3m08.0s/5m30.0s
load-k6-1  | 
load-k6-1  | running (3m09.0s), 70/70 VUs, 29795 complete and 0 interrupted iterations
load-k6-1  | fspiopE2E   [  57% ] 70/70 VUs  3m09.0s/5m30.0s
load-k6-1  | 
load-k6-1  | running (3m10.0s), 70/70 VUs, 29954 complete and 0 interrupted iterations
load-k6-1  | fspiopE2E   [  58% ] 70/70 VUs  3m10.0s/5m30.0s
load-k6-1  | 
load-k6-1  | running (3m11.0s), 70/70 VUs, 30113 complete and 0 interrupted iterations
load-k6-1  | fspiopE2E   [  58% ] 70/70 VUs  3m11.0s/5m30.0s
load-k6-1  | 
load-k6-1  | running (3m12.0s), 70/70 VUs, 30276 complete and 0 interrupted iterations
load-k6-1  | fspiopE2E   [  58% ] 70/70 VUs  3m12.0s/5m30.0s
load-k6-1  | 
load-k6-1  | running (3m13.0s), 70/70 VUs, 30447 complete and 0 interrupted iterations
load-k6-1  | fspiopE2E   [  58% ] 70/70 VUs  3m13.0s/5m30.0s
load-k6-1  | 
load-k6-1  | running (3m14.0s), 70/70 VUs, 30627 complete and 0 interrupted iterations
load-k6-1  | fspiopE2E   [  59% ] 70/70 VUs  3m14.0s/5m30.0s
load-k6-1  | 
load-k6-1  | running (3m15.0s), 70/70 VUs, 30789 complete and 0 interrupted iterations
load-k6-1  | fspiopE2E   [  59% ] 70/70 VUs  3m15.0s/5m30.0s
load-k6-1  | 
load-k6-1  | running (3m16.0s), 70/70 VUs, 30958 complete and 0 interrupted iterations
load-k6-1  | fspiopE2E   [  59% ] 70/70 VUs  3m16.0s/5m30.0s
load-k6-1  | 
load-k6-1  | running (3m17.0s), 70/70 VUs, 31115 complete and 0 interrupted iterations
load-k6-1  | fspiopE2E   [  60% ] 70/70 VUs  3m17.0s/5m30.0s
load-k6-1  | 
load-k6-1  | running (3m18.0s), 70/70 VUs, 31271 complete and 0 interrupted iterations
load-k6-1  | fspiopE2E   [  60% ] 70/70 VUs  3m18.0s/5m30.0s
load-k6-1  | 
load-k6-1  | running (3m19.0s), 70/70 VUs, 31423 complete and 0 interrupted iterations
load-k6-1  | fspiopE2E   [  60% ] 70/70 VUs  3m19.0s/5m30.0s
load-k6-1  | 
load-k6-1  | running (3m20.0s), 70/70 VUs, 31595 complete and 0 interrupted iterations
load-k6-1  | fspiopE2E   [  61% ] 70/70 VUs  3m20.0s/5m30.0s
load-k6-1  | 
load-k6-1  | running (3m21.0s), 70/70 VUs, 31752 complete and 0 interrupted iterations
load-k6-1  | fspiopE2E   [  61% ] 70/70 VUs  3m21.0s/5m30.0s
load-k6-1  | 
load-k6-1  | running (3m22.0s), 70/70 VUs, 31902 complete and 0 interrupted iterations
load-k6-1  | fspiopE2E   [  61% ] 70/70 VUs  3m22.0s/5m30.0s
load-k6-1  | 
load-k6-1  | running (3m23.0s), 70/70 VUs, 32064 complete and 0 interrupted iterations
load-k6-1  | fspiopE2E   [  62% ] 70/70 VUs  3m23.0s/5m30.0s
load-k6-1  | 
load-k6-1  | running (3m24.0s), 70/70 VUs, 32221 complete and 0 interrupted iterations
load-k6-1  | fspiopE2E   [  62% ] 70/70 VUs  3m24.0s/5m30.0s
load-k6-1  | 
load-k6-1  | running (3m25.0s), 70/70 VUs, 32384 complete and 0 interrupted iterations
load-k6-1  | fspiopE2E   [  62% ] 70/70 VUs  3m25.0s/5m30.0s
load-k6-1  | 
load-k6-1  | running (3m26.0s), 70/70 VUs, 32559 complete and 0 interrupted iterations
load-k6-1  | fspiopE2E   [  62% ] 70/70 VUs  3m26.0s/5m30.0s
load-k6-1  | 
load-k6-1  | running (3m27.0s), 70/70 VUs, 32717 complete and 0 interrupted iterations
load-k6-1  | fspiopE2E   [  63% ] 70/70 VUs  3m27.0s/5m30.0s
load-k6-1  | 
load-k6-1  | running (3m28.0s), 70/70 VUs, 32873 complete and 0 interrupted iterations
load-k6-1  | fspiopE2E   [  63% ] 70/70 VUs  3m28.0s/5m30.0s
load-k6-1  | 
load-k6-1  | running (3m29.0s), 70/70 VUs, 33030 complete and 0 interrupted iterations
load-k6-1  | fspiopE2E   [  63% ] 70/70 VUs  3m29.0s/5m30.0s
load-k6-1  | 
load-k6-1  | running (3m30.0s), 70/70 VUs, 33206 complete and 0 interrupted iterations
load-k6-1  | fspiopE2E   [  64% ] 70/70 VUs  3m30.0s/5m30.0s
load-k6-1  | 
load-k6-1  | running (3m31.0s), 70/70 VUs, 33386 complete and 0 interrupted iterations
load-k6-1  | fspiopE2E   [  64% ] 70/70 VUs  3m31.0s/5m30.0s
load-k6-1  | 
load-k6-1  | running (3m32.0s), 70/70 VUs, 33553 complete and 0 interrupted iterations
load-k6-1  | fspiopE2E   [  64% ] 70/70 VUs  3m32.0s/5m30.0s
load-k6-1  | 
load-k6-1  | running (3m33.0s), 70/70 VUs, 33694 complete and 0 interrupted iterations
load-k6-1  | fspiopE2E   [  65% ] 70/70 VUs  3m33.0s/5m30.0s
load-k6-1  | 
load-k6-1  | running (3m34.0s), 70/70 VUs, 33874 complete and 0 interrupted iterations
load-k6-1  | fspiopE2E   [  65% ] 70/70 VUs  3m34.0s/5m30.0s
load-k6-1  | 
load-k6-1  | running (3m35.0s), 70/70 VUs, 34025 complete and 0 interrupted iterations
load-k6-1  | fspiopE2E   [  65% ] 70/70 VUs  3m35.0s/5m30.0s
load-k6-1  | 
load-k6-1  | running (3m36.0s), 70/70 VUs, 34182 complete and 0 interrupted iterations
load-k6-1  | fspiopE2E   [  65% ] 70/70 VUs  3m36.0s/5m30.0s
load-k6-1  | 
load-k6-1  | running (3m37.0s), 70/70 VUs, 34328 complete and 0 interrupted iterations
load-k6-1  | fspiopE2E   [  66% ] 70/70 VUs  3m37.0s/5m30.0s
load-k6-1  | 
load-k6-1  | running (3m38.0s), 70/70 VUs, 34476 complete and 0 interrupted iterations
load-k6-1  | fspiopE2E   [  66% ] 70/70 VUs  3m38.0s/5m30.0s
load-k6-1  | 
load-k6-1  | running (3m39.0s), 70/70 VUs, 34643 complete and 0 interrupted iterations
load-k6-1  | fspiopE2E   [  66% ] 70/70 VUs  3m39.0s/5m30.0s
load-k6-1  | 
load-k6-1  | running (3m40.0s), 70/70 VUs, 34803 complete and 0 interrupted iterations
load-k6-1  | fspiopE2E   [  67% ] 70/70 VUs  3m40.0s/5m30.0s
load-k6-1  | 
load-k6-1  | running (3m41.0s), 70/70 VUs, 34940 complete and 0 interrupted iterations
load-k6-1  | fspiopE2E   [  67% ] 70/70 VUs  3m41.0s/5m30.0s
load-k6-1  | 
load-k6-1  | running (3m42.0s), 70/70 VUs, 35111 complete and 0 interrupted iterations
load-k6-1  | fspiopE2E   [  67% ] 70/70 VUs  3m42.0s/5m30.0s
load-k6-1  | 
load-k6-1  | running (3m43.0s), 70/70 VUs, 35261 complete and 0 interrupted iterations
load-k6-1  | fspiopE2E   [  68% ] 70/70 VUs  3m43.0s/5m30.0s
load-k6-1  | 
load-k6-1  | running (3m44.0s), 70/70 VUs, 35436 complete and 0 interrupted iterations
load-k6-1  | fspiopE2E   [  68% ] 70/70 VUs  3m44.0s/5m30.0s
load-k6-1  | 
load-k6-1  | running (3m45.0s), 70/70 VUs, 35599 complete and 0 interrupted iterations
load-k6-1  | fspiopE2E   [  68% ] 70/70 VUs  3m45.0s/5m30.0s
load-k6-1  | 
load-k6-1  | running (3m46.0s), 70/70 VUs, 35757 complete and 0 interrupted iterations
load-k6-1  | fspiopE2E   [  68% ] 70/70 VUs  3m46.0s/5m30.0s
load-k6-1  | 
load-k6-1  | running (3m47.0s), 70/70 VUs, 35924 complete and 0 interrupted iterations
load-k6-1  | fspiopE2E   [  69% ] 70/70 VUs  3m47.0s/5m30.0s
load-k6-1  | 
load-k6-1  | running (3m48.0s), 70/70 VUs, 36091 complete and 0 interrupted iterations
load-k6-1  | fspiopE2E   [  69% ] 70/70 VUs  3m48.0s/5m30.0s
load-k6-1  | 
load-k6-1  | running (3m49.0s), 70/70 VUs, 36249 complete and 0 interrupted iterations
load-k6-1  | fspiopE2E   [  69% ] 70/70 VUs  3m49.0s/5m30.0s
load-k6-1  | 
load-k6-1  | running (3m50.0s), 70/70 VUs, 36434 complete and 0 interrupted iterations
load-k6-1  | fspiopE2E   [  70% ] 70/70 VUs  3m50.0s/5m30.0s
load-k6-1  | 
load-k6-1  | running (3m51.0s), 70/70 VUs, 36597 complete and 0 interrupted iterations
load-k6-1  | fspiopE2E   [  70% ] 70/70 VUs  3m51.0s/5m30.0s
load-k6-1  | 
load-k6-1  | running (3m52.0s), 70/70 VUs, 36772 complete and 0 interrupted iterations
load-k6-1  | fspiopE2E   [  70% ] 70/70 VUs  3m52.0s/5m30.0s
load-k6-1  | 
load-k6-1  | running (3m53.0s), 70/70 VUs, 36950 complete and 0 interrupted iterations
load-k6-1  | fspiopE2E   [  71% ] 70/70 VUs  3m53.0s/5m30.0s
load-k6-1  | 
load-k6-1  | running (3m54.0s), 70/70 VUs, 37125 complete and 0 interrupted iterations
load-k6-1  | fspiopE2E   [  71% ] 70/70 VUs  3m54.0s/5m30.0s
load-k6-1  | 
load-k6-1  | running (3m55.0s), 70/70 VUs, 37281 complete and 0 interrupted iterations
load-k6-1  | fspiopE2E   [  71% ] 70/70 VUs  3m55.0s/5m30.0s
load-k6-1  | 
load-k6-1  | running (3m56.0s), 70/70 VUs, 37453 complete and 0 interrupted iterations
load-k6-1  | fspiopE2E   [  72% ] 70/70 VUs  3m56.0s/5m30.0s
load-k6-1  | 
load-k6-1  | running (3m57.0s), 70/70 VUs, 37624 complete and 0 interrupted iterations
load-k6-1  | fspiopE2E   [  72% ] 70/70 VUs  3m57.0s/5m30.0s
load-k6-1  | 
load-k6-1  | running (3m58.0s), 70/70 VUs, 37802 complete and 0 interrupted iterations
load-k6-1  | fspiopE2E   [  72% ] 70/70 VUs  3m58.0s/5m30.0s
load-k6-1  | 
load-k6-1  | running (3m59.0s), 70/70 VUs, 37972 complete and 0 interrupted iterations
load-k6-1  | fspiopE2E   [  72% ] 70/70 VUs  3m59.0s/5m30.0s
load-k6-1  | 
load-k6-1  | running (4m00.0s), 70/70 VUs, 38162 complete and 0 interrupted iterations
load-k6-1  | fspiopE2E   [  73% ] 70/70 VUs  4m00.0s/5m30.0s
load-k6-1  | 
load-k6-1  | running (4m01.0s), 70/70 VUs, 38342 complete and 0 interrupted iterations
load-k6-1  | fspiopE2E   [  73% ] 70/70 VUs  4m01.0s/5m30.0s
load-k6-1  | 
load-k6-1  | running (4m02.0s), 70/70 VUs, 38523 complete and 0 interrupted iterations
load-k6-1  | fspiopE2E   [  73% ] 70/70 VUs  4m02.0s/5m30.0s
load-k6-1  | 
load-k6-1  | running (4m03.0s), 70/70 VUs, 38709 complete and 0 interrupted iterations
load-k6-1  | fspiopE2E   [  74% ] 70/70 VUs  4m03.0s/5m30.0s
load-k6-1  | 
load-k6-1  | running (4m04.0s), 70/70 VUs, 38877 complete and 0 interrupted iterations
load-k6-1  | fspiopE2E   [  74% ] 70/70 VUs  4m04.0s/5m30.0s
load-k6-1  | 
load-k6-1  | running (4m05.0s), 70/70 VUs, 39045 complete and 0 interrupted iterations
load-k6-1  | fspiopE2E   [  74% ] 70/70 VUs  4m05.0s/5m30.0s
load-k6-1  | 
load-k6-1  | running (4m06.0s), 70/70 VUs, 39219 complete and 0 interrupted iterations
load-k6-1  | fspiopE2E   [  75% ] 70/70 VUs  4m06.0s/5m30.0s
load-k6-1  | 
load-k6-1  | running (4m07.0s), 70/70 VUs, 39398 complete and 0 interrupted iterations
load-k6-1  | fspiopE2E   [  75% ] 70/70 VUs  4m07.0s/5m30.0s
load-k6-1  | 
load-k6-1  | running (4m08.0s), 70/70 VUs, 39588 complete and 0 interrupted iterations
load-k6-1  | fspiopE2E   [  75% ] 70/70 VUs  4m08.0s/5m30.0s
load-k6-1  | 
load-k6-1  | running (4m09.0s), 70/70 VUs, 39767 complete and 0 interrupted iterations
load-k6-1  | fspiopE2E   [  75% ] 70/70 VUs  4m09.0s/5m30.0s
load-k6-1  | 
load-k6-1  | running (4m10.0s), 70/70 VUs, 39935 complete and 0 interrupted iterations
load-k6-1  | fspiopE2E   [  76% ] 70/70 VUs  4m10.0s/5m30.0s
load-k6-1  | 
load-k6-1  | running (4m11.0s), 70/70 VUs, 40106 complete and 0 interrupted iterations
load-k6-1  | fspiopE2E   [  76% ] 70/70 VUs  4m11.0s/5m30.0s
load-k6-1  | 
load-k6-1  | running (4m12.0s), 70/70 VUs, 40282 complete and 0 interrupted iterations
load-k6-1  | fspiopE2E   [  76% ] 70/70 VUs  4m12.0s/5m30.0s
load-k6-1  | 
load-k6-1  | running (4m13.0s), 70/70 VUs, 40469 complete and 0 interrupted iterations
load-k6-1  | fspiopE2E   [  77% ] 70/70 VUs  4m13.0s/5m30.0s
load-k6-1  | 
load-k6-1  | running (4m14.0s), 70/70 VUs, 40629 complete and 0 interrupted iterations
load-k6-1  | fspiopE2E   [  77% ] 70/70 VUs  4m14.0s/5m30.0s
load-k6-1  | 
load-k6-1  | running (4m15.0s), 70/70 VUs, 40791 complete and 0 interrupted iterations
load-k6-1  | fspiopE2E   [  77% ] 70/70 VUs  4m15.0s/5m30.0s
load-k6-1  | 
load-k6-1  | running (4m16.0s), 70/70 VUs, 40928 complete and 0 interrupted iterations
load-k6-1  | fspiopE2E   [  78% ] 70/70 VUs  4m16.0s/5m30.0s
load-k6-1  | 
load-k6-1  | running (4m17.0s), 70/70 VUs, 41091 complete and 0 interrupted iterations
load-k6-1  | fspiopE2E   [  78% ] 70/70 VUs  4m17.0s/5m30.0s
load-k6-1  | 
load-k6-1  | running (4m18.0s), 70/70 VUs, 41247 complete and 0 interrupted iterations
load-k6-1  | fspiopE2E   [  78% ] 70/70 VUs  4m18.0s/5m30.0s
load-k6-1  | 
load-k6-1  | running (4m19.0s), 70/70 VUs, 41413 complete and 0 interrupted iterations
load-k6-1  | fspiopE2E   [  78% ] 70/70 VUs  4m19.0s/5m30.0s
load-k6-1  | 
load-k6-1  | running (4m20.0s), 70/70 VUs, 41582 complete and 0 interrupted iterations
load-k6-1  | fspiopE2E   [  79% ] 70/70 VUs  4m20.0s/5m30.0s
load-k6-1  | 
load-k6-1  | running (4m21.0s), 70/70 VUs, 41762 complete and 0 interrupted iterations
load-k6-1  | fspiopE2E   [  79% ] 70/70 VUs  4m21.0s/5m30.0s
load-k6-1  | 
load-k6-1  | running (4m22.0s), 70/70 VUs, 41949 complete and 0 interrupted iterations
load-k6-1  | fspiopE2E   [  79% ] 70/70 VUs  4m22.0s/5m30.0s
load-k6-1  | 
load-k6-1  | running (4m23.0s), 70/70 VUs, 42113 complete and 0 interrupted iterations
load-k6-1  | fspiopE2E   [  80% ] 70/70 VUs  4m23.0s/5m30.0s
load-k6-1  | 
load-k6-1  | running (4m24.0s), 70/70 VUs, 42284 complete and 0 interrupted iterations
load-k6-1  | fspiopE2E   [  80% ] 70/70 VUs  4m24.0s/5m30.0s
load-k6-1  | 
load-k6-1  | running (4m25.0s), 70/70 VUs, 42454 complete and 0 interrupted iterations
load-k6-1  | fspiopE2E   [  80% ] 70/70 VUs  4m25.0s/5m30.0s
load-k6-1  | 
load-k6-1  | running (4m26.0s), 70/70 VUs, 42634 complete and 0 interrupted iterations
load-k6-1  | fspiopE2E   [  81% ] 70/70 VUs  4m26.0s/5m30.0s
load-k6-1  | 
load-k6-1  | running (4m27.0s), 70/70 VUs, 42812 complete and 0 interrupted iterations
load-k6-1  | fspiopE2E   [  81% ] 70/70 VUs  4m27.0s/5m30.0s
load-k6-1  | 
load-k6-1  | running (4m28.0s), 70/70 VUs, 42960 complete and 0 interrupted iterations
load-k6-1  | fspiopE2E   [  81% ] 70/70 VUs  4m28.0s/5m30.0s
load-k6-1  | 
load-k6-1  | running (4m29.0s), 70/70 VUs, 43135 complete and 0 interrupted iterations
load-k6-1  | fspiopE2E   [  82% ] 70/70 VUs  4m29.0s/5m30.0s
load-k6-1  | 
load-k6-1  | running (4m30.0s), 70/70 VUs, 43295 complete and 0 interrupted iterations
load-k6-1  | fspiopE2E   [  82% ] 70/70 VUs  4m30.0s/5m30.0s
load-k6-1  | 
load-k6-1  | running (4m31.0s), 70/70 VUs, 43470 complete and 0 interrupted iterations
load-k6-1  | fspiopE2E   [  82% ] 70/70 VUs  4m31.0s/5m30.0s
load-k6-1  | 
load-k6-1  | running (4m32.0s), 70/70 VUs, 43641 complete and 0 interrupted iterations
load-k6-1  | fspiopE2E   [  82% ] 70/70 VUs  4m32.0s/5m30.0s
load-k6-1  | 
load-k6-1  | running (4m33.0s), 70/70 VUs, 43819 complete and 0 interrupted iterations
load-k6-1  | fspiopE2E   [  83% ] 70/70 VUs  4m33.0s/5m30.0s
load-k6-1  | 
load-k6-1  | running (4m34.0s), 70/70 VUs, 44000 complete and 0 interrupted iterations
load-k6-1  | fspiopE2E   [  83% ] 70/70 VUs  4m34.0s/5m30.0s
load-k6-1  | 
load-k6-1  | running (4m35.0s), 70/70 VUs, 44170 complete and 0 interrupted iterations
load-k6-1  | fspiopE2E   [  83% ] 70/70 VUs  4m35.0s/5m30.0s
load-k6-1  | 
load-k6-1  | running (4m36.0s), 70/70 VUs, 44354 complete and 0 interrupted iterations
load-k6-1  | fspiopE2E   [  84% ] 70/70 VUs  4m36.0s/5m30.0s
load-k6-1  | 
load-k6-1  | running (4m37.0s), 70/70 VUs, 44496 complete and 0 interrupted iterations
load-k6-1  | fspiopE2E   [  84% ] 70/70 VUs  4m37.0s/5m30.0s
load-k6-1  | 
load-k6-1  | running (4m38.0s), 70/70 VUs, 44667 complete and 0 interrupted iterations
load-k6-1  | fspiopE2E   [  84% ] 70/70 VUs  4m38.0s/5m30.0s
load-k6-1  | 
load-k6-1  | running (4m39.0s), 70/70 VUs, 44848 complete and 0 interrupted iterations
load-k6-1  | fspiopE2E   [  85% ] 70/70 VUs  4m39.0s/5m30.0s
load-k6-1  | 
load-k6-1  | running (4m40.0s), 70/70 VUs, 45030 complete and 0 interrupted iterations
load-k6-1  | fspiopE2E   [  85% ] 70/70 VUs  4m40.0s/5m30.0s
load-k6-1  | 
load-k6-1  | running (4m41.0s), 70/70 VUs, 45199 complete and 0 interrupted iterations
load-k6-1  | fspiopE2E   [  85% ] 70/70 VUs  4m41.0s/5m30.0s
load-k6-1  | 
load-k6-1  | running (4m42.0s), 70/70 VUs, 45374 complete and 0 interrupted iterations
load-k6-1  | fspiopE2E   [  85% ] 70/70 VUs  4m42.0s/5m30.0s
load-k6-1  | 
load-k6-1  | running (4m43.0s), 70/70 VUs, 45535 complete and 0 interrupted iterations
load-k6-1  | fspiopE2E   [  86% ] 70/70 VUs  4m43.0s/5m30.0s
load-k6-1  | 
load-k6-1  | running (4m44.0s), 70/70 VUs, 45689 complete and 0 interrupted iterations
load-k6-1  | fspiopE2E   [  86% ] 70/70 VUs  4m44.0s/5m30.0s
load-k6-1  | 
load-k6-1  | running (4m45.0s), 70/70 VUs, 45825 complete and 0 interrupted iterations
load-k6-1  | fspiopE2E   [  86% ] 70/70 VUs  4m45.0s/5m30.0s
load-k6-1  | 
load-k6-1  | running (4m46.0s), 70/70 VUs, 45991 complete and 0 interrupted iterations
load-k6-1  | fspiopE2E   [  87% ] 70/70 VUs  4m46.0s/5m30.0s
load-k6-1  | 
load-k6-1  | running (4m47.0s), 70/70 VUs, 46158 complete and 0 interrupted iterations
load-k6-1  | fspiopE2E   [  87% ] 70/70 VUs  4m47.0s/5m30.0s
load-k6-1  | 
load-k6-1  | running (4m48.0s), 70/70 VUs, 46317 complete and 0 interrupted iterations
load-k6-1  | fspiopE2E   [  87% ] 70/70 VUs  4m48.0s/5m30.0s
load-k6-1  | 
load-k6-1  | running (4m49.0s), 70/70 VUs, 46477 complete and 0 interrupted iterations
load-k6-1  | fspiopE2E   [  88% ] 70/70 VUs  4m49.0s/5m30.0s
load-k6-1  | 
load-k6-1  | running (4m50.0s), 70/70 VUs, 46640 complete and 0 interrupted iterations
load-k6-1  | fspiopE2E   [  88% ] 70/70 VUs  4m50.0s/5m30.0s
load-k6-1  | 
load-k6-1  | running (4m51.0s), 70/70 VUs, 46805 complete and 0 interrupted iterations
load-k6-1  | fspiopE2E   [  88% ] 70/70 VUs  4m51.0s/5m30.0s
load-k6-1  | 
load-k6-1  | running (4m52.0s), 70/70 VUs, 46983 complete and 0 interrupted iterations
load-k6-1  | fspiopE2E   [  88% ] 70/70 VUs  4m52.0s/5m30.0s
load-k6-1  | 
load-k6-1  | running (4m53.0s), 70/70 VUs, 47135 complete and 0 interrupted iterations
load-k6-1  | fspiopE2E   [  89% ] 70/70 VUs  4m53.0s/5m30.0s
load-k6-1  | 
load-k6-1  | running (4m54.0s), 70/70 VUs, 47299 complete and 0 interrupted iterations
load-k6-1  | fspiopE2E   [  89% ] 70/70 VUs  4m54.0s/5m30.0s
load-k6-1  | 
load-k6-1  | running (4m55.0s), 70/70 VUs, 47456 complete and 0 interrupted iterations
load-k6-1  | fspiopE2E   [  89% ] 70/70 VUs  4m55.0s/5m30.0s
load-k6-1  | 
load-k6-1  | running (4m56.0s), 70/70 VUs, 47617 complete and 0 interrupted iterations
load-k6-1  | fspiopE2E   [  90% ] 70/70 VUs  4m56.0s/5m30.0s
load-k6-1  | 
load-k6-1  | running (4m57.0s), 70/70 VUs, 47800 complete and 0 interrupted iterations
load-k6-1  | fspiopE2E   [  90% ] 70/70 VUs  4m57.0s/5m30.0s
load-k6-1  | 
load-k6-1  | running (4m58.0s), 70/70 VUs, 47951 complete and 0 interrupted iterations
load-k6-1  | fspiopE2E   [  90% ] 70/70 VUs  4m58.0s/5m30.0s
load-k6-1  | 
load-k6-1  | running (4m59.0s), 70/70 VUs, 48097 complete and 0 interrupted iterations
load-k6-1  | fspiopE2E   [  91% ] 70/70 VUs  4m59.0s/5m30.0s
load-k6-1  | 
load-k6-1  | running (5m00.0s), 70/70 VUs, 48262 complete and 0 interrupted iterations
load-k6-1  | fspiopE2E   [  91% ] 70/70 VUs  5m00.0s/5m30.0s
load-k6-1  | 
load-k6-1  | running (5m01.0s), 70/70 VUs, 48427 complete and 0 interrupted iterations
load-k6-1  | fspiopE2E   [  91% ] 70/70 VUs  5m01.0s/5m30.0s
load-k6-1  | 
load-k6-1  | running (5m02.0s), 70/70 VUs, 48580 complete and 0 interrupted iterations
load-k6-1  | fspiopE2E   [  92% ] 70/70 VUs  5m02.0s/5m30.0s
load-k6-1  | 
load-k6-1  | running (5m03.0s), 70/70 VUs, 48752 complete and 0 interrupted iterations
load-k6-1  | fspiopE2E   [  92% ] 70/70 VUs  5m03.0s/5m30.0s
load-k6-1  | 
load-k6-1  | running (5m04.0s), 70/70 VUs, 48931 complete and 0 interrupted iterations
load-k6-1  | fspiopE2E   [  92% ] 70/70 VUs  5m04.0s/5m30.0s
load-k6-1  | 
load-k6-1  | running (5m05.0s), 70/70 VUs, 49098 complete and 0 interrupted iterations
load-k6-1  | fspiopE2E   [  92% ] 70/70 VUs  5m05.0s/5m30.0s
load-k6-1  | 
load-k6-1  | running (5m06.0s), 70/70 VUs, 49273 complete and 0 interrupted iterations
load-k6-1  | fspiopE2E   [  93% ] 70/70 VUs  5m06.0s/5m30.0s
load-k6-1  | 
load-k6-1  | running (5m07.0s), 70/70 VUs, 49449 complete and 0 interrupted iterations
load-k6-1  | fspiopE2E   [  93% ] 70/70 VUs  5m07.0s/5m30.0s
load-k6-1  | 
load-k6-1  | running (5m08.0s), 70/70 VUs, 49609 complete and 0 interrupted iterations
load-k6-1  | fspiopE2E   [  93% ] 70/70 VUs  5m08.0s/5m30.0s
load-k6-1  | 
load-k6-1  | running (5m09.0s), 70/70 VUs, 49781 complete and 0 interrupted iterations
load-k6-1  | fspiopE2E   [  94% ] 70/70 VUs  5m09.0s/5m30.0s
load-k6-1  | 
load-k6-1  | running (5m10.0s), 70/70 VUs, 49959 complete and 0 interrupted iterations
load-k6-1  | fspiopE2E   [  94% ] 70/70 VUs  5m10.0s/5m30.0s
load-k6-1  | 
load-k6-1  | running (5m11.0s), 70/70 VUs, 50113 complete and 0 interrupted iterations
load-k6-1  | fspiopE2E   [  94% ] 70/70 VUs  5m11.0s/5m30.0s
load-k6-1  | 
load-k6-1  | running (5m12.0s), 70/70 VUs, 50269 complete and 0 interrupted iterations
load-k6-1  | fspiopE2E   [  95% ] 70/70 VUs  5m12.0s/5m30.0s
load-k6-1  | 
load-k6-1  | running (5m13.0s), 70/70 VUs, 50432 complete and 0 interrupted iterations
load-k6-1  | fspiopE2E   [  95% ] 70/70 VUs  5m13.0s/5m30.0s
load-k6-1  | 
load-k6-1  | running (5m14.0s), 70/70 VUs, 50586 complete and 0 interrupted iterations
load-k6-1  | fspiopE2E   [  95% ] 70/70 VUs  5m14.0s/5m30.0s
load-k6-1  | 
load-k6-1  | running (5m15.0s), 70/70 VUs, 50748 complete and 0 interrupted iterations
load-k6-1  | fspiopE2E   [  95% ] 70/70 VUs  5m15.0s/5m30.0s
load-k6-1  | 
load-k6-1  | running (5m16.0s), 70/70 VUs, 50887 complete and 0 interrupted iterations
load-k6-1  | fspiopE2E   [  96% ] 70/70 VUs  5m16.0s/5m30.0s
load-k6-1  | 
load-k6-1  | running (5m17.0s), 70/70 VUs, 51046 complete and 0 interrupted iterations
load-k6-1  | fspiopE2E   [  96% ] 70/70 VUs  5m17.0s/5m30.0s
load-k6-1  | 
load-k6-1  | running (5m18.0s), 70/70 VUs, 51207 complete and 0 interrupted iterations
load-k6-1  | fspiopE2E   [  96% ] 70/70 VUs  5m18.0s/5m30.0s
load-k6-1  | 
load-k6-1  | running (5m19.0s), 70/70 VUs, 51383 complete and 0 interrupted iterations
load-k6-1  | fspiopE2E   [  97% ] 70/70 VUs  5m19.0s/5m30.0s
load-k6-1  | 
load-k6-1  | running (5m20.0s), 70/70 VUs, 51529 complete and 0 interrupted iterations
load-k6-1  | fspiopE2E   [  97% ] 70/70 VUs  5m20.0s/5m30.0s
load-k6-1  | 
load-k6-1  | running (5m21.0s), 70/70 VUs, 51687 complete and 0 interrupted iterations
load-k6-1  | fspiopE2E   [  97% ] 70/70 VUs  5m21.0s/5m30.0s
load-k6-1  | 
load-k6-1  | running (5m22.0s), 70/70 VUs, 51852 complete and 0 interrupted iterations
load-k6-1  | fspiopE2E   [  98% ] 70/70 VUs  5m22.0s/5m30.0s
load-k6-1  | 
load-k6-1  | running (5m23.0s), 70/70 VUs, 52013 complete and 0 interrupted iterations
load-k6-1  | fspiopE2E   [  98% ] 70/70 VUs  5m23.0s/5m30.0s
load-k6-1  | 
load-k6-1  | running (5m24.0s), 70/70 VUs, 52179 complete and 0 interrupted iterations
load-k6-1  | fspiopE2E   [  98% ] 70/70 VUs  5m24.0s/5m30.0s
load-k6-1  | 
load-k6-1  | running (5m25.0s), 70/70 VUs, 52328 complete and 0 interrupted iterations
load-k6-1  | fspiopE2E   [  98% ] 70/70 VUs  5m25.0s/5m30.0s
load-k6-1  | 
load-k6-1  | running (5m26.0s), 70/70 VUs, 52509 complete and 0 interrupted iterations
load-k6-1  | fspiopE2E   [  99% ] 70/70 VUs  5m26.0s/5m30.0s
load-k6-1  | 
load-k6-1  | running (5m27.0s), 70/70 VUs, 52650 complete and 0 interrupted iterations
load-k6-1  | fspiopE2E   [  99% ] 70/70 VUs  5m27.0s/5m30.0s
load-k6-1  | 
load-k6-1  | running (5m28.0s), 70/70 VUs, 52829 complete and 0 interrupted iterations
load-k6-1  | fspiopE2E   [  99% ] 70/70 VUs  5m28.0s/5m30.0s
load-k6-1  | 
load-k6-1  | running (5m29.0s), 70/70 VUs, 53002 complete and 0 interrupted iterations
load-k6-1  | fspiopE2E   [ 100% ] 70/70 VUs  5m29.0s/5m30.0s
load-k6-1  | 
load-k6-1  | running (5m30.0s), 70/70 VUs, 53185 complete and 0 interrupted iterations
load-k6-1  | fspiopE2E   [ 100% ] 70/70 VUs  5m30.0s/5m30.0s
load-k6-1  | 
load-k6-1  |      ✓ ALS_FSPIOP_GET_PARTIES_RESPONSE_IS_202
load-k6-1  |      ✓ ALS_E2E_FSPIOP_GET_PARTIES_SUCCESS
load-k6-1  |      ✓ QUOTES_FSPIOP_POST_QUOTES_RESPONSE_IS_202
load-k6-1  |      ✗ QUOTES_E2E_FSPIOP_POST_QUOTES_SUCCESS
load-k6-1  |       ↳  99% — ✓ 53258 / ✗ 2
load-k6-1  |      ✓ TRANSFERS_FSPIOP_POST_TRANSFERS_RESPONSE_IS_202
load-k6-1  |      ✓ TRANSFERS_E2E_FSPIOP_POST_TRANSFERS_SUCCESS
load-k6-1  | 
load-k6-1  |      █ E2E
load-k6-1  | 
load-k6-1  |      checks.........................: 99.99% ✓ 319554     ✗ 2     
load-k6-1  |      data_received..................: 50 MB  151 kB/s
load-k6-1  |      data_sent......................: 212 MB 641 kB/s
load-k6-1  |      group_duration.................: avg=329.28µs min=161.71µs med=290.14µs max=29.3ms   p(90)=384.38µs p(95)=461.74µs
load-k6-1  |      http_req_blocked...............: avg=8.21µs   min=2.54µs   med=6.39µs   max=6.68ms   p(90)=9.18µs   p(95)=10.03µs 
load-k6-1  |      http_req_connecting............: avg=315ns    min=0s       med=0s       max=5.44ms   p(90)=0s       p(95)=0s      
load-k6-1  |    ✓ http_req_duration..............: avg=6.5ms    min=820.38µs med=3.49ms   max=129.9ms  p(90)=15.92ms  p(95)=22.38ms 
load-k6-1  |        { expected_response:true }...: avg=6.5ms    min=820.38µs med=3.49ms   max=129.9ms  p(90)=15.92ms  p(95)=22.38ms 
load-k6-1  |    ✓ http_req_failed................: 0.00%  ✓ 0          ✗ 159778
load-k6-1  |      http_req_receiving.............: avg=50.94µs  min=8.32µs   med=37.25µs  max=95.57ms  p(90)=76.56µs  p(95)=89.03µs 
load-k6-1  |      http_req_sending...............: avg=29.16µs  min=9.9µs    med=23.36µs  max=35.43ms  p(90)=38.04µs  p(95)=43.72µs 
load-k6-1  |      http_req_tls_handshaking.......: avg=0s       min=0s       med=0s       max=0s       p(90)=0s       p(95)=0s      
load-k6-1  |      http_req_waiting...............: avg=6.42ms   min=781.01µs med=3.41ms   max=129.77ms p(90)=15.84ms  p(95)=22.29ms 
load-k6-1  |      http_reqs......................: 159778 483.380781/s
load-k6-1  |    ✓ iteration_duration.............: avg=414.35ms min=105.35ms med=399.09ms max=5.28s    p(90)=589.13ms p(95)=644.72ms
load-k6-1  |      iterations.....................: 53260  161.128944/s
load-k6-1  |      vus............................: 70     min=3        max=70  
load-k6-1  |      vus_max........................: 70     min=70       max=70  
load-k6-1  |      ws_connecting..................: avg=1.15ms   min=256.52µs med=852.34µs max=51.71ms  p(90)=2ms      p(95)=2.68ms  
load-k6-1  |      ws_msgs_received...............: 159776 483.37473/s
load-k6-1  |      ws_msgs_sent...................: 159778 483.380781/s
load-k6-1  |      ws_session_duration............: avg=138.59ms min=12.93ms  med=112.48ms max=5s       p(90)=267.39ms p(95)=337.6ms 
load-k6-1  |      ws_sessions....................: 159778 483.380781/s
load-k6-1  | 
load-k6-1  | 
load-k6-1  | running (5m30.5s), 00/70 VUs, 53260 complete and 0 interrupted iterations
load-k6-1  | fspiopE2E ✓ [ 100% ] 00/70 VUs  5m30s
load-k6-1 exited with code 0
