Attaching to load-k6-1
load-k6-1  | 
load-k6-1  |           /\      |‾‾| /‾‾/   /‾‾/   
load-k6-1  |      /\  /  \     |  |/  /   /  /    
load-k6-1  |     /  \/    \    |     (   /   ‾‾\  
load-k6-1  |    /          \   |  |\  \ |  (‾)  | 
load-k6-1  |   / __________ \  |__| \__\ \_____/ .io
load-k6-1  | 
load-k6-1  | 
load-k6-1  |   execution: local
load-k6-1  |      script: /scripts/index.js
load-k6-1  |      output: Prometheus remote write (http://prometheus:9090/api/v1/write)
load-k6-1  | 
load-k6-1  |   scenarios: (100.00%) 1 scenario, 20 max VUs, 6m0s max duration (incl. graceful stop):
load-k6-1  |            * fspiopTransfers: Up to 20 looping VUs for 5m30s over 2 stages (gracefulRampDown: 30s, exec: fspiopTransfersScenarios, gracefulStop: 30s)
load-k6-1  | 
load-k6-1  | 
load-k6-1  | 
load-k6-1  | running (0m01.0s), 01/20 VUs, 5 complete and 0 interrupted iterations
load-k6-1  | fspiopTransfers   [   0% ] 01/20 VUs  0m01.0s/5m30.0s
load-k6-1  | 
load-k6-1  | 
load-k6-1  | running (0m02.0s), 02/20 VUs, 17 complete and 0 interrupted iterations
load-k6-1  | fspiopTransfers   [   1% ] 02/20 VUs  0m02.0s/5m30.0s
load-k6-1  | 
load-k6-1  | 
load-k6-1  | running (0m03.0s), 02/20 VUs, 41 complete and 0 interrupted iterations
load-k6-1  | fspiopTransfers   [   1% ] 02/20 VUs  0m03.0s/5m30.0s
load-k6-1  | 
load-k6-1  | 
load-k6-1  | running (0m04.0s), 03/20 VUs, 77 complete and 0 interrupted iterations
load-k6-1  | fspiopTransfers   [   1% ] 03/20 VUs  0m04.0s/5m30.0s
load-k6-1  | 
load-k6-1  | 
load-k6-1  | running (0m05.0s), 04/20 VUs, 119 complete and 0 interrupted iterations
load-k6-1  | fspiopTransfers   [   2% ] 04/20 VUs  0m05.0s/5m30.0s
load-k6-1  | 
load-k6-1  | 
load-k6-1  | running (0m06.0s), 04/20 VUs, 168 complete and 0 interrupted iterations
load-k6-1  | fspiopTransfers   [   2% ] 04/20 VUs  0m06.0s/5m30.0s
load-k6-1  | 
load-k6-1  | 
load-k6-1  | running (0m07.0s), 05/20 VUs, 227 complete and 0 interrupted iterations
load-k6-1  | fspiopTransfers   [   2% ] 05/20 VUs  0m07.0s/5m30.0s
load-k6-1  | 
load-k6-1  | 
load-k6-1  | running (0m08.0s), 06/20 VUs, 293 complete and 0 interrupted iterations
load-k6-1  | fspiopTransfers   [   2% ] 06/20 VUs  0m08.0s/5m30.0s
load-k6-1  | 
load-k6-1  | 
load-k6-1  | running (0m09.0s), 06/20 VUs, 369 complete and 0 interrupted iterations
load-k6-1  | fspiopTransfers   [   3% ] 06/20 VUs  0m09.0s/5m30.0s
load-k6-1  | 
load-k6-1  | 
load-k6-1  | running (0m10.0s), 07/20 VUs, 452 complete and 0 interrupted iterations
load-k6-1  | fspiopTransfers   [   3% ] 07/20 VUs  0m10.0s/5m30.0s
load-k6-1  | 
load-k6-1  | 
load-k6-1  | running (0m11.0s), 07/20 VUs, 542 complete and 0 interrupted iterations
load-k6-1  | fspiopTransfers   [   3% ] 07/20 VUs  0m11.0s/5m30.0s
load-k6-1  | 
load-k6-1  | 
load-k6-1  | running (0m12.0s), 08/20 VUs, 641 complete and 0 interrupted iterations
load-k6-1  | fspiopTransfers   [   4% ] 08/20 VUs  0m12.0s/5m30.0s
load-k6-1  | 
load-k6-1  | 
load-k6-1  | running (0m13.0s), 09/20 VUs, 739 complete and 0 interrupted iterations
load-k6-1  | fspiopTransfers   [   4% ] 09/20 VUs  0m13.0s/5m30.0s
load-k6-1  | 
load-k6-1  | 
load-k6-1  | running (0m14.0s), 09/20 VUs, 846 complete and 0 interrupted iterations
load-k6-1  | fspiopTransfers   [   4% ] 09/20 VUs  0m14.0s/5m30.0s
load-k6-1  | 
load-k6-1  | 
load-k6-1  | running (0m15.0s), 10/20 VUs, 963 complete and 0 interrupted iterations
load-k6-1  | fspiopTransfers   [   5% ] 10/20 VUs  0m15.0s/5m30.0s
load-k6-1  | 
load-k6-1  | 
load-k6-1  | running (0m16.0s), 11/20 VUs, 1082 complete and 0 interrupted iterations
load-k6-1  | fspiopTransfers   [   5% ] 11/20 VUs  0m16.0s/5m30.0s
load-k6-1  | 
load-k6-1  | 
load-k6-1  | running (0m17.0s), 11/20 VUs, 1209 complete and 0 interrupted iterations
load-k6-1  | fspiopTransfers   [   5% ] 11/20 VUs  0m17.0s/5m30.0s
load-k6-1  | 
load-k6-1  | 
load-k6-1  | running (0m18.0s), 12/20 VUs, 1340 complete and 0 interrupted iterations
load-k6-1  | fspiopTransfers   [   5% ] 12/20 VUs  0m18.0s/5m30.0s
load-k6-1  | 
load-k6-1  | 
load-k6-1  | running (0m19.0s), 13/20 VUs, 1482 complete and 0 interrupted iterations
load-k6-1  | fspiopTransfers   [   6% ] 13/20 VUs  0m19.0s/5m30.0s
load-k6-1  | 
load-k6-1  | 
load-k6-1  | running (0m20.0s), 13/20 VUs, 1633 complete and 0 interrupted iterations
load-k6-1  | fspiopTransfers   [   6% ] 13/20 VUs  0m20.0s/5m30.0s
load-k6-1  | 
load-k6-1  | 
load-k6-1  | running (0m21.0s), 14/20 VUs, 1789 complete and 0 interrupted iterations
load-k6-1  | fspiopTransfers   [   6% ] 14/20 VUs  0m21.0s/5m30.0s
load-k6-1  | 
load-k6-1  | 
load-k6-1  | running (0m22.0s), 14/20 VUs, 1945 complete and 0 interrupted iterations
load-k6-1  | fspiopTransfers   [   7% ] 14/20 VUs  0m22.0s/5m30.0s
load-k6-1  | 
load-k6-1  | 
load-k6-1  | running (0m23.0s), 15/20 VUs, 2099 complete and 0 interrupted iterations
load-k6-1  | fspiopTransfers   [   7% ] 15/20 VUs  0m23.0s/5m30.0s
load-k6-1  | 
load-k6-1  | 
load-k6-1  | running (0m24.0s), 16/20 VUs, 2255 complete and 0 interrupted iterations
load-k6-1  | fspiopTransfers   [   7% ] 16/20 VUs  0m24.0s/5m30.0s
load-k6-1  | 
load-k6-1  | 
load-k6-1  | running (0m25.0s), 16/20 VUs, 2420 complete and 0 interrupted iterations
load-k6-1  | fspiopTransfers   [   8% ] 16/20 VUs  0m25.0s/5m30.0s
load-k6-1  | 
load-k6-1  | 
load-k6-1  | running (0m26.0s), 17/20 VUs, 2578 complete and 0 interrupted iterations
load-k6-1  | fspiopTransfers   [   8% ] 17/20 VUs  0m26.0s/5m30.0s
load-k6-1  | 
load-k6-1  | 
load-k6-1  | running (0m27.0s), 18/20 VUs, 2746 complete and 0 interrupted iterations
load-k6-1  | fspiopTransfers   [   8% ] 18/20 VUs  0m27.0s/5m30.0s
load-k6-1  | 
load-k6-1  | 
load-k6-1  | running (0m28.0s), 18/20 VUs, 2918 complete and 0 interrupted iterations
load-k6-1  | fspiopTransfers   [   8% ] 18/20 VUs  0m28.0s/5m30.0s
load-k6-1  | 
load-k6-1  | 
load-k6-1  | running (0m29.0s), 19/20 VUs, 3093 complete and 0 interrupted iterations
load-k6-1  | fspiopTransfers   [   9% ] 19/20 VUs  0m29.0s/5m30.0s
load-k6-1  | 
load-k6-1  | 
load-k6-1  | running (0m30.0s), 19/20 VUs, 3280 complete and 0 interrupted iterations
load-k6-1  | fspiopTransfers   [   9% ] 19/20 VUs  0m30.0s/5m30.0s
load-k6-1  | 
load-k6-1  | 
load-k6-1  | running (0m31.0s), 20/20 VUs, 3459 complete and 0 interrupted iterations
load-k6-1  | fspiopTransfers   [   9% ] 20/20 VUs  0m31.0s/5m30.0s
load-k6-1  | 
load-k6-1  | 
load-k6-1  | running (0m32.0s), 20/20 VUs, 3641 complete and 0 interrupted iterations
load-k6-1  | fspiopTransfers   [  10% ] 20/20 VUs  0m32.0s/5m30.0s
load-k6-1  | 
load-k6-1  | 
load-k6-1  | running (0m33.0s), 20/20 VUs, 3817 complete and 0 interrupted iterations
load-k6-1  | fspiopTransfers   [  10% ] 20/20 VUs  0m33.0s/5m30.0s
load-k6-1  | 
load-k6-1  | 
load-k6-1  | running (0m34.0s), 20/20 VUs, 4006 complete and 0 interrupted iterations
load-k6-1  | fspiopTransfers   [  10% ] 20/20 VUs  0m34.0s/5m30.0s
load-k6-1  | 
load-k6-1  | 
load-k6-1  | running (0m35.0s), 20/20 VUs, 4193 complete and 0 interrupted iterations
load-k6-1  | fspiopTransfers   [  11% ] 20/20 VUs  0m35.0s/5m30.0s
load-k6-1  | 
load-k6-1  | 
load-k6-1  | running (0m36.0s), 20/20 VUs, 4359 complete and 0 interrupted iterations
load-k6-1  | fspiopTransfers   [  11% ] 20/20 VUs  0m36.0s/5m30.0s
load-k6-1  | 
load-k6-1  | 
load-k6-1  | running (0m37.0s), 20/20 VUs, 4547 complete and 0 interrupted iterations
load-k6-1  | fspiopTransfers   [  11% ] 20/20 VUs  0m37.0s/5m30.0s
load-k6-1  | 
load-k6-1  | 
load-k6-1  | running (0m38.0s), 20/20 VUs, 4731 complete and 0 interrupted iterations
load-k6-1  | fspiopTransfers   [  12% ] 20/20 VUs  0m38.0s/5m30.0s
load-k6-1  | 
load-k6-1  | 
load-k6-1  | running (0m39.0s), 20/20 VUs, 4921 complete and 0 interrupted iterations
load-k6-1  | fspiopTransfers   [  12% ] 20/20 VUs  0m39.0s/5m30.0s
load-k6-1  | 
load-k6-1  | 
load-k6-1  | running (0m40.0s), 20/20 VUs, 5098 complete and 0 interrupted iterations
load-k6-1  | fspiopTransfers   [  12% ] 20/20 VUs  0m40.0s/5m30.0s
load-k6-1  | 
load-k6-1  | 
load-k6-1  | running (0m41.0s), 20/20 VUs, 5277 complete and 0 interrupted iterations
load-k6-1  | fspiopTransfers   [  12% ] 20/20 VUs  0m41.0s/5m30.0s
load-k6-1  | 
load-k6-1  | 
load-k6-1  | running (0m42.0s), 20/20 VUs, 5469 complete and 0 interrupted iterations
load-k6-1  | fspiopTransfers   [  13% ] 20/20 VUs  0m42.0s/5m30.0s
load-k6-1  | 
load-k6-1  | 
load-k6-1  | running (0m43.0s), 20/20 VUs, 5661 complete and 0 interrupted iterations
load-k6-1  | fspiopTransfers   [  13% ] 20/20 VUs  0m43.0s/5m30.0s
load-k6-1  | 
load-k6-1  | 
load-k6-1  | running (0m44.0s), 20/20 VUs, 5845 complete and 0 interrupted iterations
load-k6-1  | fspiopTransfers   [  13% ] 20/20 VUs  0m44.0s/5m30.0s
load-k6-1  | 
load-k6-1  | 
load-k6-1  | running (0m45.0s), 20/20 VUs, 6034 complete and 0 interrupted iterations
load-k6-1  | fspiopTransfers   [  14% ] 20/20 VUs  0m45.0s/5m30.0s
load-k6-1  | 
load-k6-1  | 
load-k6-1  | running (0m46.0s), 20/20 VUs, 6221 complete and 0 interrupted iterations
load-k6-1  | fspiopTransfers   [  14% ] 20/20 VUs  0m46.0s/5m30.0s
load-k6-1  | 
load-k6-1  | 
load-k6-1  | running (0m47.0s), 20/20 VUs, 6414 complete and 0 interrupted iterations
load-k6-1  | fspiopTransfers   [  14% ] 20/20 VUs  0m47.0s/5m30.0s
load-k6-1  | 
load-k6-1  | 
load-k6-1  | running (0m48.0s), 20/20 VUs, 6597 complete and 0 interrupted iterations
load-k6-1  | fspiopTransfers   [  15% ] 20/20 VUs  0m48.0s/5m30.0s
load-k6-1  | 
load-k6-1  | 
load-k6-1  | running (0m49.0s), 20/20 VUs, 6789 complete and 0 interrupted iterations
load-k6-1  | fspiopTransfers   [  15% ] 20/20 VUs  0m49.0s/5m30.0s
load-k6-1  | 
load-k6-1  | 
load-k6-1  | running (0m50.0s), 20/20 VUs, 6978 complete and 0 interrupted iterations
load-k6-1  | fspiopTransfers   [  15% ] 20/20 VUs  0m50.0s/5m30.0s
load-k6-1  | 
load-k6-1  | 
load-k6-1  | running (0m51.0s), 20/20 VUs, 7166 complete and 0 interrupted iterations
load-k6-1  | fspiopTransfers   [  15% ] 20/20 VUs  0m51.0s/5m30.0s
load-k6-1  | 
load-k6-1  | 
load-k6-1  | running (0m52.0s), 20/20 VUs, 7361 complete and 0 interrupted iterations
load-k6-1  | fspiopTransfers   [  16% ] 20/20 VUs  0m52.0s/5m30.0s
load-k6-1  | 
load-k6-1  | 
load-k6-1  | running (0m53.0s), 20/20 VUs, 7555 complete and 0 interrupted iterations
load-k6-1  | fspiopTransfers   [  16% ] 20/20 VUs  0m53.0s/5m30.0s
load-k6-1  | 
load-k6-1  | 
load-k6-1  | running (0m54.0s), 20/20 VUs, 7749 complete and 0 interrupted iterations
load-k6-1  | fspiopTransfers   [  16% ] 20/20 VUs  0m54.0s/5m30.0s
load-k6-1  | 
load-k6-1  | 
load-k6-1  | running (0m55.0s), 20/20 VUs, 7938 complete and 0 interrupted iterations
load-k6-1  | fspiopTransfers   [  17% ] 20/20 VUs  0m55.0s/5m30.0s
load-k6-1  | 
load-k6-1  | 
load-k6-1  | running (0m56.0s), 20/20 VUs, 8120 complete and 0 interrupted iterations
load-k6-1  | fspiopTransfers   [  17% ] 20/20 VUs  0m56.0s/5m30.0s
load-k6-1  | 
load-k6-1  | 
load-k6-1  | running (0m57.0s), 20/20 VUs, 8311 complete and 0 interrupted iterations
load-k6-1  | fspiopTransfers   [  17% ] 20/20 VUs  0m57.0s/5m30.0s
load-k6-1  | 
load-k6-1  | 
load-k6-1  | running (0m58.0s), 20/20 VUs, 8502 complete and 0 interrupted iterations
load-k6-1  | fspiopTransfers   [  18% ] 20/20 VUs  0m58.0s/5m30.0s
load-k6-1  | 
load-k6-1  | 
load-k6-1  | running (0m59.0s), 20/20 VUs, 8694 complete and 0 interrupted iterations
load-k6-1  | fspiopTransfers   [  18% ] 20/20 VUs  0m59.0s/5m30.0s
load-k6-1  | 
load-k6-1  | 
load-k6-1  | running (1m00.0s), 20/20 VUs, 8887 complete and 0 interrupted iterations
load-k6-1  | fspiopTransfers   [  18% ] 20/20 VUs  1m00.0s/5m30.0s
load-k6-1  | 
load-k6-1  | 
load-k6-1  | running (1m01.0s), 20/20 VUs, 9089 complete and 0 interrupted iterations
load-k6-1  | fspiopTransfers   [  18% ] 20/20 VUs  1m01.0s/5m30.0s
load-k6-1  | 
load-k6-1  | 
load-k6-1  | running (1m02.0s), 20/20 VUs, 9274 complete and 0 interrupted iterations
load-k6-1  | fspiopTransfers   [  19% ] 20/20 VUs  1m02.0s/5m30.0s
load-k6-1  | 
load-k6-1  | 
load-k6-1  | running (1m03.0s), 20/20 VUs, 9460 complete and 0 interrupted iterations
load-k6-1  | fspiopTransfers   [  19% ] 20/20 VUs  1m03.0s/5m30.0s
load-k6-1  | 
load-k6-1  | 
load-k6-1  | running (1m04.0s), 20/20 VUs, 9649 complete and 0 interrupted iterations
load-k6-1  | fspiopTransfers   [  19% ] 20/20 VUs  1m04.0s/5m30.0s
load-k6-1  | 
load-k6-1  | 
load-k6-1  | running (1m05.0s), 20/20 VUs, 9847 complete and 0 interrupted iterations
load-k6-1  | fspiopTransfers   [  20% ] 20/20 VUs  1m05.0s/5m30.0s
load-k6-1  | 
load-k6-1  | 
load-k6-1  | running (1m06.0s), 20/20 VUs, 10033 complete and 0 interrupted iterations
load-k6-1  | fspiopTransfers   [  20% ] 20/20 VUs  1m06.0s/5m30.0s
load-k6-1  | 
load-k6-1  | 
load-k6-1  | running (1m07.0s), 20/20 VUs, 10229 complete and 0 interrupted iterations
load-k6-1  | fspiopTransfers   [  20% ] 20/20 VUs  1m07.0s/5m30.0s
load-k6-1  | 
load-k6-1  | 
load-k6-1  | running (1m08.0s), 20/20 VUs, 10414 complete and 0 interrupted iterations
load-k6-1  | fspiopTransfers   [  21% ] 20/20 VUs  1m08.0s/5m30.0s
load-k6-1  | 
load-k6-1  | 
load-k6-1  | running (1m09.0s), 20/20 VUs, 10614 complete and 0 interrupted iterations
load-k6-1  | fspiopTransfers   [  21% ] 20/20 VUs  1m09.0s/5m30.0s
load-k6-1  | 
load-k6-1  | 
load-k6-1  | running (1m10.0s), 20/20 VUs, 10809 complete and 0 interrupted iterations
load-k6-1  | fspiopTransfers   [  21% ] 20/20 VUs  1m10.0s/5m30.0s
load-k6-1  | 
load-k6-1  | 
load-k6-1  | running (1m11.0s), 20/20 VUs, 11002 complete and 0 interrupted iterations
load-k6-1  | fspiopTransfers   [  22% ] 20/20 VUs  1m11.0s/5m30.0s
load-k6-1  | 
load-k6-1  | 
load-k6-1  | running (1m12.0s), 20/20 VUs, 11195 complete and 0 interrupted iterations
load-k6-1  | fspiopTransfers   [  22% ] 20/20 VUs  1m12.0s/5m30.0s
load-k6-1  | 
load-k6-1  | 
load-k6-1  | running (1m13.0s), 20/20 VUs, 11391 complete and 0 interrupted iterations
load-k6-1  | fspiopTransfers   [  22% ] 20/20 VUs  1m13.0s/5m30.0s
load-k6-1  | 
load-k6-1  | 
load-k6-1  | running (1m14.0s), 20/20 VUs, 11584 complete and 0 interrupted iterations
load-k6-1  | fspiopTransfers   [  22% ] 20/20 VUs  1m14.0s/5m30.0s
load-k6-1  | 
load-k6-1  | 
load-k6-1  | running (1m15.0s), 20/20 VUs, 11774 complete and 0 interrupted iterations
load-k6-1  | fspiopTransfers   [  23% ] 20/20 VUs  1m15.0s/5m30.0s
load-k6-1  | 
load-k6-1  | 
load-k6-1  | running (1m16.0s), 20/20 VUs, 11968 complete and 0 interrupted iterations
load-k6-1  | fspiopTransfers   [  23% ] 20/20 VUs  1m16.0s/5m30.0s
load-k6-1  | 
load-k6-1  | 
load-k6-1  | running (1m17.0s), 20/20 VUs, 12161 complete and 0 interrupted iterations
load-k6-1  | fspiopTransfers   [  23% ] 20/20 VUs  1m17.0s/5m30.0s
load-k6-1  | 
load-k6-1  | 
load-k6-1  | running (1m18.0s), 20/20 VUs, 12355 complete and 0 interrupted iterations
load-k6-1  | fspiopTransfers   [  24% ] 20/20 VUs  1m18.0s/5m30.0s
load-k6-1  | 
load-k6-1  | 
load-k6-1  | running (1m19.0s), 20/20 VUs, 12546 complete and 0 interrupted iterations
load-k6-1  | fspiopTransfers   [  24% ] 20/20 VUs  1m19.0s/5m30.0s
load-k6-1  | 
load-k6-1  | 
load-k6-1  | running (1m20.0s), 20/20 VUs, 12745 complete and 0 interrupted iterations
load-k6-1  | fspiopTransfers   [  24% ] 20/20 VUs  1m20.0s/5m30.0s
load-k6-1  | 
load-k6-1  | 
load-k6-1  | running (1m21.0s), 20/20 VUs, 12942 complete and 0 interrupted iterations
load-k6-1  | fspiopTransfers   [  25% ] 20/20 VUs  1m21.0s/5m30.0s
load-k6-1  | 
load-k6-1  | 
load-k6-1  | running (1m22.0s), 20/20 VUs, 13136 complete and 0 interrupted iterations
load-k6-1  | fspiopTransfers   [  25% ] 20/20 VUs  1m22.0s/5m30.0s
load-k6-1  | 
load-k6-1  | 
load-k6-1  | running (1m23.0s), 20/20 VUs, 13331 complete and 0 interrupted iterations
load-k6-1  | fspiopTransfers   [  25% ] 20/20 VUs  1m23.0s/5m30.0s
load-k6-1  | 
load-k6-1  | 
load-k6-1  | running (1m24.0s), 20/20 VUs, 13523 complete and 0 interrupted iterations
load-k6-1  | fspiopTransfers   [  25% ] 20/20 VUs  1m24.0s/5m30.0s
load-k6-1  | 
load-k6-1  | 
load-k6-1  | running (1m25.0s), 20/20 VUs, 13718 complete and 0 interrupted iterations
load-k6-1  | fspiopTransfers   [  26% ] 20/20 VUs  1m25.0s/5m30.0s
load-k6-1  | 
load-k6-1  | 
load-k6-1  | running (1m26.0s), 20/20 VUs, 13890 complete and 0 interrupted iterations
load-k6-1  | fspiopTransfers   [  26% ] 20/20 VUs  1m26.0s/5m30.0s
load-k6-1  | 
load-k6-1  | 
load-k6-1  | running (1m27.0s), 20/20 VUs, 14082 complete and 0 interrupted iterations
load-k6-1  | fspiopTransfers   [  26% ] 20/20 VUs  1m27.0s/5m30.0s
load-k6-1  | 
load-k6-1  | 
load-k6-1  | running (1m28.0s), 20/20 VUs, 14276 complete and 0 interrupted iterations
load-k6-1  | fspiopTransfers   [  27% ] 20/20 VUs  1m28.0s/5m30.0s
load-k6-1  | 
load-k6-1  | 
load-k6-1  | running (1m29.0s), 20/20 VUs, 14473 complete and 0 interrupted iterations
load-k6-1  | fspiopTransfers   [  27% ] 20/20 VUs  1m29.0s/5m30.0s
load-k6-1  | 
load-k6-1  | 
load-k6-1  | running (1m30.0s), 20/20 VUs, 14666 complete and 0 interrupted iterations
load-k6-1  | fspiopTransfers   [  27% ] 20/20 VUs  1m30.0s/5m30.0s
load-k6-1  | 
load-k6-1  | 
load-k6-1  | running (1m31.0s), 20/20 VUs, 14856 complete and 0 interrupted iterations
load-k6-1  | fspiopTransfers   [  28% ] 20/20 VUs  1m31.0s/5m30.0s
load-k6-1  | 
load-k6-1  | 
load-k6-1  | running (1m32.0s), 20/20 VUs, 15058 complete and 0 interrupted iterations
load-k6-1  | fspiopTransfers   [  28% ] 20/20 VUs  1m32.0s/5m30.0s
load-k6-1  | 
load-k6-1  | 
load-k6-1  | running (1m33.0s), 20/20 VUs, 15254 complete and 0 interrupted iterations
load-k6-1  | fspiopTransfers   [  28% ] 20/20 VUs  1m33.0s/5m30.0s
load-k6-1  | 
load-k6-1  | 
load-k6-1  | running (1m34.0s), 20/20 VUs, 15443 complete and 0 interrupted iterations
load-k6-1  | fspiopTransfers   [  28% ] 20/20 VUs  1m34.0s/5m30.0s
load-k6-1  | 
load-k6-1  | 
load-k6-1  | running (1m35.0s), 20/20 VUs, 15621 complete and 0 interrupted iterations
load-k6-1  | fspiopTransfers   [  29% ] 20/20 VUs  1m35.0s/5m30.0s
load-k6-1  | 
load-k6-1  | 
load-k6-1  | running (1m36.0s), 20/20 VUs, 15813 complete and 0 interrupted iterations
load-k6-1  | fspiopTransfers   [  29% ] 20/20 VUs  1m36.0s/5m30.0s
load-k6-1  | 
load-k6-1  | 
load-k6-1  | running (1m37.0s), 20/20 VUs, 16009 complete and 0 interrupted iterations
load-k6-1  | fspiopTransfers   [  29% ] 20/20 VUs  1m37.0s/5m30.0s
load-k6-1  | 
load-k6-1  | 
load-k6-1  | running (1m38.0s), 20/20 VUs, 16209 complete and 0 interrupted iterations
load-k6-1  | fspiopTransfers   [  30% ] 20/20 VUs  1m38.0s/5m30.0s
load-k6-1  | 
load-k6-1  | 
load-k6-1  | running (1m39.0s), 20/20 VUs, 16402 complete and 0 interrupted iterations
load-k6-1  | fspiopTransfers   [  30% ] 20/20 VUs  1m39.0s/5m30.0s
load-k6-1  | 
load-k6-1  | 
load-k6-1  | running (1m40.0s), 20/20 VUs, 16606 complete and 0 interrupted iterations
load-k6-1  | fspiopTransfers   [  30% ] 20/20 VUs  1m40.0s/5m30.0s
load-k6-1  | 
load-k6-1  | 
load-k6-1  | running (1m41.0s), 20/20 VUs, 16807 complete and 0 interrupted iterations
load-k6-1  | fspiopTransfers   [  31% ] 20/20 VUs  1m41.0s/5m30.0s
load-k6-1  | 
load-k6-1  | 
load-k6-1  | running (1m42.0s), 20/20 VUs, 17009 complete and 0 interrupted iterations
load-k6-1  | fspiopTransfers   [  31% ] 20/20 VUs  1m42.0s/5m30.0s
load-k6-1  | 
load-k6-1  | 
load-k6-1  | running (1m43.0s), 20/20 VUs, 17202 complete and 0 interrupted iterations
load-k6-1  | fspiopTransfers   [  31% ] 20/20 VUs  1m43.0s/5m30.0s
load-k6-1  | 
load-k6-1  | 
load-k6-1  | running (1m44.0s), 20/20 VUs, 17384 complete and 0 interrupted iterations
load-k6-1  | fspiopTransfers   [  32% ] 20/20 VUs  1m44.0s/5m30.0s
load-k6-1  | 
load-k6-1  | 
load-k6-1  | running (1m45.0s), 20/20 VUs, 17570 complete and 0 interrupted iterations
load-k6-1  | fspiopTransfers   [  32% ] 20/20 VUs  1m45.0s/5m30.0s
load-k6-1  | 
load-k6-1  | 
load-k6-1  | running (1m46.0s), 20/20 VUs, 17764 complete and 0 interrupted iterations
load-k6-1  | fspiopTransfers   [  32% ] 20/20 VUs  1m46.0s/5m30.0s
load-k6-1  | 
load-k6-1  | 
load-k6-1  | running (1m47.0s), 20/20 VUs, 17969 complete and 0 interrupted iterations
load-k6-1  | fspiopTransfers   [  32% ] 20/20 VUs  1m47.0s/5m30.0s
load-k6-1  | 
load-k6-1  | 
load-k6-1  | running (1m48.0s), 20/20 VUs, 18172 complete and 0 interrupted iterations
load-k6-1  | fspiopTransfers   [  33% ] 20/20 VUs  1m48.0s/5m30.0s
load-k6-1  | 
load-k6-1  | 
load-k6-1  | running (1m49.0s), 20/20 VUs, 18367 complete and 0 interrupted iterations
load-k6-1  | fspiopTransfers   [  33% ] 20/20 VUs  1m49.0s/5m30.0s
load-k6-1  | 
load-k6-1  | 
load-k6-1  | running (1m50.0s), 20/20 VUs, 18561 complete and 0 interrupted iterations
load-k6-1  | fspiopTransfers   [  33% ] 20/20 VUs  1m50.0s/5m30.0s
load-k6-1  | 
load-k6-1  | 
load-k6-1  | running (1m51.0s), 20/20 VUs, 18758 complete and 0 interrupted iterations
load-k6-1  | fspiopTransfers   [  34% ] 20/20 VUs  1m51.0s/5m30.0s
load-k6-1  | 
load-k6-1  | 
load-k6-1  | running (1m52.0s), 20/20 VUs, 18957 complete and 0 interrupted iterations
load-k6-1  | fspiopTransfers   [  34% ] 20/20 VUs  1m52.0s/5m30.0s
load-k6-1  | 
load-k6-1  | 
load-k6-1  | running (1m53.0s), 20/20 VUs, 19151 complete and 0 interrupted iterations
load-k6-1  | fspiopTransfers   [  34% ] 20/20 VUs  1m53.0s/5m30.0s
load-k6-1  | 
load-k6-1  | 
load-k6-1  | running (1m54.0s), 20/20 VUs, 19351 complete and 0 interrupted iterations
load-k6-1  | fspiopTransfers   [  35% ] 20/20 VUs  1m54.0s/5m30.0s
load-k6-1  | 
load-k6-1  | 
load-k6-1  | running (1m55.0s), 20/20 VUs, 19549 complete and 0 interrupted iterations
load-k6-1  | fspiopTransfers   [  35% ] 20/20 VUs  1m55.0s/5m30.0s
load-k6-1  | 
load-k6-1  | 
load-k6-1  | running (1m56.0s), 20/20 VUs, 19744 complete and 0 interrupted iterations
load-k6-1  | fspiopTransfers   [  35% ] 20/20 VUs  1m56.0s/5m30.0s
load-k6-1  | 
load-k6-1  | 
load-k6-1  | running (1m57.0s), 20/20 VUs, 19943 complete and 0 interrupted iterations
load-k6-1  | fspiopTransfers   [  35% ] 20/20 VUs  1m57.0s/5m30.0s
load-k6-1  | 
load-k6-1  | 
load-k6-1  | running (1m58.0s), 20/20 VUs, 20140 complete and 0 interrupted iterations
load-k6-1  | fspiopTransfers   [  36% ] 20/20 VUs  1m58.0s/5m30.0s
load-k6-1  | 
load-k6-1  | 
load-k6-1  | running (1m59.0s), 20/20 VUs, 20340 complete and 0 interrupted iterations
load-k6-1  | fspiopTransfers   [  36% ] 20/20 VUs  1m59.0s/5m30.0s
load-k6-1  | 
load-k6-1  | 
load-k6-1  | running (2m00.0s), 20/20 VUs, 20546 complete and 0 interrupted iterations
load-k6-1  | fspiopTransfers   [  36% ] 20/20 VUs  2m00.0s/5m30.0s
load-k6-1  | 
load-k6-1  | 
load-k6-1  | running (2m01.0s), 20/20 VUs, 20742 complete and 0 interrupted iterations
load-k6-1  | fspiopTransfers   [  37% ] 20/20 VUs  2m01.0s/5m30.0s
load-k6-1  | 
load-k6-1  | 
load-k6-1  | running (2m02.0s), 20/20 VUs, 20945 complete and 0 interrupted iterations
load-k6-1  | fspiopTransfers   [  37% ] 20/20 VUs  2m02.0s/5m30.0s
load-k6-1  | 
load-k6-1  | 
load-k6-1  | running (2m03.0s), 20/20 VUs, 21148 complete and 0 interrupted iterations
load-k6-1  | fspiopTransfers   [  37% ] 20/20 VUs  2m03.0s/5m30.0s
load-k6-1  | 
load-k6-1  | 
load-k6-1  | running (2m04.0s), 20/20 VUs, 21350 complete and 0 interrupted iterations
load-k6-1  | fspiopTransfers   [  38% ] 20/20 VUs  2m04.0s/5m30.0s
load-k6-1  | 
load-k6-1  | 
load-k6-1  | running (2m05.0s), 20/20 VUs, 21553 complete and 0 interrupted iterations
load-k6-1  | fspiopTransfers   [  38% ] 20/20 VUs  2m05.0s/5m30.0s
load-k6-1  | 
load-k6-1  | 
load-k6-1  | running (2m06.0s), 20/20 VUs, 21728 complete and 0 interrupted iterations
load-k6-1  | fspiopTransfers   [  38% ] 20/20 VUs  2m06.0s/5m30.0s
load-k6-1  | 
load-k6-1  | 
load-k6-1  | running (2m07.0s), 20/20 VUs, 21928 complete and 0 interrupted iterations
load-k6-1  | fspiopTransfers   [  38% ] 20/20 VUs  2m07.0s/5m30.0s
load-k6-1  | 
load-k6-1  | 
load-k6-1  | running (2m08.0s), 20/20 VUs, 22130 complete and 0 interrupted iterations
load-k6-1  | fspiopTransfers   [  39% ] 20/20 VUs  2m08.0s/5m30.0s
load-k6-1  | 
load-k6-1  | 
load-k6-1  | running (2m09.0s), 20/20 VUs, 22335 complete and 0 interrupted iterations
load-k6-1  | fspiopTransfers   [  39% ] 20/20 VUs  2m09.0s/5m30.0s
load-k6-1  | 
load-k6-1  | 
load-k6-1  | running (2m10.0s), 20/20 VUs, 22532 complete and 0 interrupted iterations
load-k6-1  | fspiopTransfers   [  39% ] 20/20 VUs  2m10.0s/5m30.0s
load-k6-1  | 
load-k6-1  | 
load-k6-1  | running (2m11.0s), 20/20 VUs, 22735 complete and 0 interrupted iterations
load-k6-1  | fspiopTransfers   [  40% ] 20/20 VUs  2m11.0s/5m30.0s
load-k6-1  | 
load-k6-1  | 
load-k6-1  | running (2m12.0s), 20/20 VUs, 22939 complete and 0 interrupted iterations
load-k6-1  | fspiopTransfers   [  40% ] 20/20 VUs  2m12.0s/5m30.0s
load-k6-1  | 
load-k6-1  | 
load-k6-1  | running (2m13.0s), 20/20 VUs, 23137 complete and 0 interrupted iterations
load-k6-1  | fspiopTransfers   [  40% ] 20/20 VUs  2m13.0s/5m30.0s
load-k6-1  | 
load-k6-1  | 
load-k6-1  | running (2m14.0s), 20/20 VUs, 23330 complete and 0 interrupted iterations
load-k6-1  | fspiopTransfers   [  41% ] 20/20 VUs  2m14.0s/5m30.0s
load-k6-1  | 
load-k6-1  | 
load-k6-1  | running (2m15.0s), 20/20 VUs, 23525 complete and 0 interrupted iterations
load-k6-1  | fspiopTransfers   [  41% ] 20/20 VUs  2m15.0s/5m30.0s
load-k6-1  | 
load-k6-1  | 
load-k6-1  | running (2m16.0s), 20/20 VUs, 23708 complete and 0 interrupted iterations
load-k6-1  | fspiopTransfers   [  41% ] 20/20 VUs  2m16.0s/5m30.0s
load-k6-1  | 
load-k6-1  | 
load-k6-1  | running (2m17.0s), 20/20 VUs, 23897 complete and 0 interrupted iterations
load-k6-1  | fspiopTransfers   [  42% ] 20/20 VUs  2m17.0s/5m30.0s
load-k6-1  | 
load-k6-1  | 
load-k6-1  | running (2m18.0s), 20/20 VUs, 24093 complete and 0 interrupted iterations
load-k6-1  | fspiopTransfers   [  42% ] 20/20 VUs  2m18.0s/5m30.0s
load-k6-1  | 
load-k6-1  | 
load-k6-1  | running (2m19.0s), 20/20 VUs, 24294 complete and 0 interrupted iterations
load-k6-1  | fspiopTransfers   [  42% ] 20/20 VUs  2m19.0s/5m30.0s
load-k6-1  | 
load-k6-1  | 
load-k6-1  | running (2m20.0s), 20/20 VUs, 24495 complete and 0 interrupted iterations
load-k6-1  | fspiopTransfers   [  42% ] 20/20 VUs  2m20.0s/5m30.0s
load-k6-1  | 
load-k6-1  | 
load-k6-1  | running (2m21.0s), 20/20 VUs, 24690 complete and 0 interrupted iterations
load-k6-1  | fspiopTransfers   [  43% ] 20/20 VUs  2m21.0s/5m30.0s
load-k6-1  | 
load-k6-1  | 
load-k6-1  | running (2m22.0s), 20/20 VUs, 24893 complete and 0 interrupted iterations
load-k6-1  | fspiopTransfers   [  43% ] 20/20 VUs  2m22.0s/5m30.0s
load-k6-1  | 
load-k6-1  | 
load-k6-1  | running (2m23.0s), 20/20 VUs, 25090 complete and 0 interrupted iterations
load-k6-1  | fspiopTransfers   [  43% ] 20/20 VUs  2m23.0s/5m30.0s
load-k6-1  | 
load-k6-1  | 
load-k6-1  | running (2m24.0s), 20/20 VUs, 25292 complete and 0 interrupted iterations
load-k6-1  | fspiopTransfers   [  44% ] 20/20 VUs  2m24.0s/5m30.0s
load-k6-1  | 
load-k6-1  | 
load-k6-1  | running (2m25.0s), 20/20 VUs, 25486 complete and 0 interrupted iterations
load-k6-1  | fspiopTransfers   [  44% ] 20/20 VUs  2m25.0s/5m30.0s
load-k6-1  | 
load-k6-1  | 
load-k6-1  | running (2m26.0s), 20/20 VUs, 25680 complete and 0 interrupted iterations
load-k6-1  | fspiopTransfers   [  44% ] 20/20 VUs  2m26.0s/5m30.0s
load-k6-1  | 
load-k6-1  | 
load-k6-1  | running (2m27.0s), 20/20 VUs, 25876 complete and 0 interrupted iterations
load-k6-1  | fspiopTransfers   [  45% ] 20/20 VUs  2m27.0s/5m30.0s
load-k6-1  | 
load-k6-1  | 
load-k6-1  | running (2m28.0s), 20/20 VUs, 26076 complete and 0 interrupted iterations
load-k6-1  | fspiopTransfers   [  45% ] 20/20 VUs  2m28.0s/5m30.0s
load-k6-1  | 
load-k6-1  | 
load-k6-1  | running (2m29.0s), 20/20 VUs, 26277 complete and 0 interrupted iterations
load-k6-1  | fspiopTransfers   [  45% ] 20/20 VUs  2m29.0s/5m30.0s
load-k6-1  | 
load-k6-1  | 
load-k6-1  | running (2m30.0s), 20/20 VUs, 26475 complete and 0 interrupted iterations
load-k6-1  | fspiopTransfers   [  45% ] 20/20 VUs  2m30.0s/5m30.0s
load-k6-1  | 
load-k6-1  | 
load-k6-1  | running (2m31.0s), 20/20 VUs, 26674 complete and 0 interrupted iterations
load-k6-1  | fspiopTransfers   [  46% ] 20/20 VUs  2m31.0s/5m30.0s
load-k6-1  | 
load-k6-1  | 
load-k6-1  | running (2m32.0s), 20/20 VUs, 26879 complete and 0 interrupted iterations
load-k6-1  | fspiopTransfers   [  46% ] 20/20 VUs  2m32.0s/5m30.0s
load-k6-1  | 
load-k6-1  | 
load-k6-1  | running (2m33.0s), 20/20 VUs, 27071 complete and 0 interrupted iterations
load-k6-1  | fspiopTransfers   [  46% ] 20/20 VUs  2m33.0s/5m30.0s
load-k6-1  | 
load-k6-1  | 
load-k6-1  | running (2m34.0s), 20/20 VUs, 27267 complete and 0 interrupted iterations
load-k6-1  | fspiopTransfers   [  47% ] 20/20 VUs  2m34.0s/5m30.0s
load-k6-1  | 
load-k6-1  | 
load-k6-1  | running (2m35.0s), 20/20 VUs, 27475 complete and 0 interrupted iterations
load-k6-1  | fspiopTransfers   [  47% ] 20/20 VUs  2m35.0s/5m30.0s
load-k6-1  | 
load-k6-1  | 
load-k6-1  | running (2m36.0s), 20/20 VUs, 27672 complete and 0 interrupted iterations
load-k6-1  | fspiopTransfers   [  47% ] 20/20 VUs  2m36.0s/5m30.0s
load-k6-1  | 
load-k6-1  | 
load-k6-1  | running (2m37.0s), 20/20 VUs, 27876 complete and 0 interrupted iterations
load-k6-1  | fspiopTransfers   [  48% ] 20/20 VUs  2m37.0s/5m30.0s
load-k6-1  | 
load-k6-1  | 
load-k6-1  | running (2m38.0s), 20/20 VUs, 28078 complete and 0 interrupted iterations
load-k6-1  | fspiopTransfers   [  48% ] 20/20 VUs  2m38.0s/5m30.0s
load-k6-1  | 
load-k6-1  | 
load-k6-1  | running (2m39.0s), 20/20 VUs, 28284 complete and 0 interrupted iterations
load-k6-1  | fspiopTransfers   [  48% ] 20/20 VUs  2m39.0s/5m30.0s
load-k6-1  | 
load-k6-1  | 
load-k6-1  | running (2m40.0s), 20/20 VUs, 28474 complete and 0 interrupted iterations
load-k6-1  | fspiopTransfers   [  48% ] 20/20 VUs  2m40.0s/5m30.0s
load-k6-1  | 
load-k6-1  | 
load-k6-1  | running (2m41.0s), 20/20 VUs, 28675 complete and 0 interrupted iterations
load-k6-1  | fspiopTransfers   [  49% ] 20/20 VUs  2m41.0s/5m30.0s
load-k6-1  | 
load-k6-1  | 
load-k6-1  | running (2m42.0s), 20/20 VUs, 28876 complete and 0 interrupted iterations
load-k6-1  | fspiopTransfers   [  49% ] 20/20 VUs  2m42.0s/5m30.0s
load-k6-1  | 
load-k6-1  | 
load-k6-1  | running (2m43.0s), 20/20 VUs, 29084 complete and 0 interrupted iterations
load-k6-1  | fspiopTransfers   [  49% ] 20/20 VUs  2m43.0s/5m30.0s
load-k6-1  | 
load-k6-1  | 
load-k6-1  | running (2m44.0s), 20/20 VUs, 29282 complete and 0 interrupted iterations
load-k6-1  | fspiopTransfers   [  50% ] 20/20 VUs  2m44.0s/5m30.0s
load-k6-1  | 
load-k6-1  | 
load-k6-1  | running (2m45.0s), 20/20 VUs, 29481 complete and 0 interrupted iterations
load-k6-1  | fspiopTransfers   [  50% ] 20/20 VUs  2m45.0s/5m30.0s
load-k6-1  | 
load-k6-1  | 
load-k6-1  | running (2m46.0s), 20/20 VUs, 29680 complete and 0 interrupted iterations
load-k6-1  | fspiopTransfers   [  50% ] 20/20 VUs  2m46.0s/5m30.0s
load-k6-1  | 
load-k6-1  | 
load-k6-1  | running (2m47.0s), 20/20 VUs, 29873 complete and 0 interrupted iterations
load-k6-1  | fspiopTransfers   [  51% ] 20/20 VUs  2m47.0s/5m30.0s
load-k6-1  | 
load-k6-1  | 
load-k6-1  | running (2m48.0s), 20/20 VUs, 30068 complete and 0 interrupted iterations
load-k6-1  | fspiopTransfers   [  51% ] 20/20 VUs  2m48.0s/5m30.0s
load-k6-1  | 
load-k6-1  | 
load-k6-1  | running (2m49.0s), 20/20 VUs, 30248 complete and 0 interrupted iterations
load-k6-1  | fspiopTransfers   [  51% ] 20/20 VUs  2m49.0s/5m30.0s
load-k6-1  | 
load-k6-1  | 
load-k6-1  | running (2m50.0s), 20/20 VUs, 30451 complete and 0 interrupted iterations
load-k6-1  | fspiopTransfers   [  52% ] 20/20 VUs  2m50.0s/5m30.0s
load-k6-1  | 
load-k6-1  | 
load-k6-1  | running (2m51.0s), 20/20 VUs, 30649 complete and 0 interrupted iterations
load-k6-1  | fspiopTransfers   [  52% ] 20/20 VUs  2m51.0s/5m30.0s
load-k6-1  | 
load-k6-1  | 
load-k6-1  | running (2m52.0s), 20/20 VUs, 30847 complete and 0 interrupted iterations
load-k6-1  | fspiopTransfers   [  52% ] 20/20 VUs  2m52.0s/5m30.0s
load-k6-1  | 
load-k6-1  | 
load-k6-1  | running (2m53.0s), 20/20 VUs, 31055 complete and 0 interrupted iterations
load-k6-1  | fspiopTransfers   [  52% ] 20/20 VUs  2m53.0s/5m30.0s
load-k6-1  | 
load-k6-1  | 
load-k6-1  | running (2m54.0s), 20/20 VUs, 31255 complete and 0 interrupted iterations
load-k6-1  | fspiopTransfers   [  53% ] 20/20 VUs  2m54.0s/5m30.0s
load-k6-1  | 
load-k6-1  | 
load-k6-1  | running (2m55.0s), 20/20 VUs, 31456 complete and 0 interrupted iterations
load-k6-1  | fspiopTransfers   [  53% ] 20/20 VUs  2m55.0s/5m30.0s
load-k6-1  | 
load-k6-1  | 
load-k6-1  | running (2m56.0s), 20/20 VUs, 31646 complete and 0 interrupted iterations
load-k6-1  | fspiopTransfers   [  53% ] 20/20 VUs  2m56.0s/5m30.0s
load-k6-1  | 
load-k6-1  | 
load-k6-1  | running (2m57.0s), 20/20 VUs, 31847 complete and 0 interrupted iterations
load-k6-1  | fspiopTransfers   [  54% ] 20/20 VUs  2m57.0s/5m30.0s
load-k6-1  | 
load-k6-1  | 
load-k6-1  | running (2m58.0s), 20/20 VUs, 32050 complete and 0 interrupted iterations
load-k6-1  | fspiopTransfers   [  54% ] 20/20 VUs  2m58.0s/5m30.0s
load-k6-1  | 
load-k6-1  | 
load-k6-1  | running (2m59.0s), 20/20 VUs, 32261 complete and 0 interrupted iterations
load-k6-1  | fspiopTransfers   [  54% ] 20/20 VUs  2m59.0s/5m30.0s
load-k6-1  | 
load-k6-1  | 
load-k6-1  | running (3m00.0s), 20/20 VUs, 32467 complete and 0 interrupted iterations
load-k6-1  | fspiopTransfers   [  55% ] 20/20 VUs  3m00.0s/5m30.0s
load-k6-1  | 
load-k6-1  | 
load-k6-1  | running (3m01.0s), 20/20 VUs, 32649 complete and 0 interrupted iterations
load-k6-1  | fspiopTransfers   [  55% ] 20/20 VUs  3m01.0s/5m30.0s
load-k6-1  | 
load-k6-1  | 
load-k6-1  | running (3m02.0s), 20/20 VUs, 32852 complete and 0 interrupted iterations
load-k6-1  | fspiopTransfers   [  55% ] 20/20 VUs  3m02.0s/5m30.0s
load-k6-1  | 
load-k6-1  | 
load-k6-1  | running (3m03.0s), 20/20 VUs, 33042 complete and 0 interrupted iterations
load-k6-1  | fspiopTransfers   [  55% ] 20/20 VUs  3m03.0s/5m30.0s
load-k6-1  | 
load-k6-1  | 
load-k6-1  | running (3m04.0s), 20/20 VUs, 33238 complete and 0 interrupted iterations
load-k6-1  | fspiopTransfers   [  56% ] 20/20 VUs  3m04.0s/5m30.0s
load-k6-1  | 
load-k6-1  | 
load-k6-1  | running (3m05.0s), 20/20 VUs, 33439 complete and 0 interrupted iterations
load-k6-1  | fspiopTransfers   [  56% ] 20/20 VUs  3m05.0s/5m30.0s
load-k6-1  | 
load-k6-1  | 
load-k6-1  | running (3m06.0s), 20/20 VUs, 33636 complete and 0 interrupted iterations
load-k6-1  | fspiopTransfers   [  56% ] 20/20 VUs  3m06.0s/5m30.0s
load-k6-1  | 
load-k6-1  | 
load-k6-1  | running (3m07.0s), 20/20 VUs, 33833 complete and 0 interrupted iterations
load-k6-1  | fspiopTransfers   [  57% ] 20/20 VUs  3m07.0s/5m30.0s
load-k6-1  | 
load-k6-1  | 
load-k6-1  | running (3m08.0s), 20/20 VUs, 34036 complete and 0 interrupted iterations
load-k6-1  | fspiopTransfers   [  57% ] 20/20 VUs  3m08.0s/5m30.0s
load-k6-1  | 
load-k6-1  | 
load-k6-1  | running (3m09.0s), 20/20 VUs, 34234 complete and 0 interrupted iterations
load-k6-1  | fspiopTransfers   [  57% ] 20/20 VUs  3m09.0s/5m30.0s
load-k6-1  | 
load-k6-1  | 
load-k6-1  | running (3m10.0s), 20/20 VUs, 34434 complete and 0 interrupted iterations
load-k6-1  | fspiopTransfers   [  58% ] 20/20 VUs  3m10.0s/5m30.0s
load-k6-1  | 
load-k6-1  | 
load-k6-1  | running (3m11.0s), 20/20 VUs, 34628 complete and 0 interrupted iterations
load-k6-1  | fspiopTransfers   [  58% ] 20/20 VUs  3m11.0s/5m30.0s
load-k6-1  | 
load-k6-1  | 
load-k6-1  | running (3m12.0s), 20/20 VUs, 34830 complete and 0 interrupted iterations
load-k6-1  | fspiopTransfers   [  58% ] 20/20 VUs  3m12.0s/5m30.0s
load-k6-1  | 
load-k6-1  | 
load-k6-1  | running (3m13.0s), 20/20 VUs, 35029 complete and 0 interrupted iterations
load-k6-1  | fspiopTransfers   [  58% ] 20/20 VUs  3m13.0s/5m30.0s
load-k6-1  | 
load-k6-1  | 
load-k6-1  | running (3m14.0s), 20/20 VUs, 35226 complete and 0 interrupted iterations
load-k6-1  | fspiopTransfers   [  59% ] 20/20 VUs  3m14.0s/5m30.0s
load-k6-1  | 
load-k6-1  | 
load-k6-1  | running (3m15.0s), 20/20 VUs, 35425 complete and 0 interrupted iterations
load-k6-1  | fspiopTransfers   [  59% ] 20/20 VUs  3m15.0s/5m30.0s
load-k6-1  | 
load-k6-1  | 
load-k6-1  | running (3m16.0s), 20/20 VUs, 35619 complete and 0 interrupted iterations
load-k6-1  | fspiopTransfers   [  59% ] 20/20 VUs  3m16.0s/5m30.0s
load-k6-1  | 
load-k6-1  | 
load-k6-1  | running (3m17.0s), 20/20 VUs, 35810 complete and 0 interrupted iterations
load-k6-1  | fspiopTransfers   [  60% ] 20/20 VUs  3m17.0s/5m30.0s
load-k6-1  | 
load-k6-1  | 
load-k6-1  | running (3m18.0s), 20/20 VUs, 36006 complete and 0 interrupted iterations
load-k6-1  | fspiopTransfers   [  60% ] 20/20 VUs  3m18.0s/5m30.0s
load-k6-1  | 
load-k6-1  | 
load-k6-1  | running (3m19.0s), 20/20 VUs, 36201 complete and 0 interrupted iterations
load-k6-1  | fspiopTransfers   [  60% ] 20/20 VUs  3m19.0s/5m30.0s
load-k6-1  | 
load-k6-1  | 
load-k6-1  | running (3m20.0s), 20/20 VUs, 36395 complete and 0 interrupted iterations
load-k6-1  | fspiopTransfers   [  61% ] 20/20 VUs  3m20.0s/5m30.0s
load-k6-1  | 
load-k6-1  | 
load-k6-1  | running (3m21.0s), 20/20 VUs, 36578 complete and 0 interrupted iterations
load-k6-1  | fspiopTransfers   [  61% ] 20/20 VUs  3m21.0s/5m30.0s
load-k6-1  | 
load-k6-1  | 
load-k6-1  | running (3m22.0s), 20/20 VUs, 36771 complete and 0 interrupted iterations
load-k6-1  | fspiopTransfers   [  61% ] 20/20 VUs  3m22.0s/5m30.0s
load-k6-1  | 
load-k6-1  | 
load-k6-1  | running (3m23.0s), 20/20 VUs, 36960 complete and 0 interrupted iterations
load-k6-1  | fspiopTransfers   [  62% ] 20/20 VUs  3m23.0s/5m30.0s
load-k6-1  | 
load-k6-1  | 
load-k6-1  | running (3m24.0s), 20/20 VUs, 37161 complete and 0 interrupted iterations
load-k6-1  | fspiopTransfers   [  62% ] 20/20 VUs  3m24.0s/5m30.0s
load-k6-1  | 
load-k6-1  | 
load-k6-1  | running (3m25.0s), 20/20 VUs, 37358 complete and 0 interrupted iterations
load-k6-1  | fspiopTransfers   [  62% ] 20/20 VUs  3m25.0s/5m30.0s
load-k6-1  | 
load-k6-1  | 
load-k6-1  | running (3m26.0s), 20/20 VUs, 37549 complete and 0 interrupted iterations
load-k6-1  | fspiopTransfers   [  62% ] 20/20 VUs  3m26.0s/5m30.0s
load-k6-1  | 
load-k6-1  | 
load-k6-1  | running (3m27.0s), 20/20 VUs, 37748 complete and 0 interrupted iterations
load-k6-1  | fspiopTransfers   [  63% ] 20/20 VUs  3m27.0s/5m30.0s
load-k6-1  | 
load-k6-1  | 
load-k6-1  | running (3m28.0s), 20/20 VUs, 37948 complete and 0 interrupted iterations
load-k6-1  | fspiopTransfers   [  63% ] 20/20 VUs  3m28.0s/5m30.0s
load-k6-1  | 
load-k6-1  | 
load-k6-1  | running (3m29.0s), 20/20 VUs, 38143 complete and 0 interrupted iterations
load-k6-1  | fspiopTransfers   [  63% ] 20/20 VUs  3m29.0s/5m30.0s
load-k6-1  | 
load-k6-1  | 
load-k6-1  | running (3m30.0s), 20/20 VUs, 38344 complete and 0 interrupted iterations
load-k6-1  | fspiopTransfers   [  64% ] 20/20 VUs  3m30.0s/5m30.0s
load-k6-1  | 
load-k6-1  | 
load-k6-1  | running (3m31.0s), 20/20 VUs, 38545 complete and 0 interrupted iterations
load-k6-1  | fspiopTransfers   [  64% ] 20/20 VUs  3m31.0s/5m30.0s
load-k6-1  | 
load-k6-1  | 
load-k6-1  | running (3m32.0s), 20/20 VUs, 38747 complete and 0 interrupted iterations
load-k6-1  | fspiopTransfers   [  64% ] 20/20 VUs  3m32.0s/5m30.0s
load-k6-1  | 
load-k6-1  | 
load-k6-1  | running (3m33.0s), 20/20 VUs, 38950 complete and 0 interrupted iterations
load-k6-1  | fspiopTransfers   [  65% ] 20/20 VUs  3m33.0s/5m30.0s
load-k6-1  | 
load-k6-1  | 
load-k6-1  | running (3m34.0s), 20/20 VUs, 39152 complete and 0 interrupted iterations
load-k6-1  | fspiopTransfers   [  65% ] 20/20 VUs  3m34.0s/5m30.0s
load-k6-1  | 
load-k6-1  | 
load-k6-1  | running (3m35.0s), 20/20 VUs, 39343 complete and 0 interrupted iterations
load-k6-1  | fspiopTransfers   [  65% ] 20/20 VUs  3m35.0s/5m30.0s
load-k6-1  | 
load-k6-1  | 
load-k6-1  | running (3m36.0s), 20/20 VUs, 39534 complete and 0 interrupted iterations
load-k6-1  | fspiopTransfers   [  65% ] 20/20 VUs  3m36.0s/5m30.0s
load-k6-1  | 
load-k6-1  | 
load-k6-1  | running (3m37.0s), 20/20 VUs, 39726 complete and 0 interrupted iterations
load-k6-1  | fspiopTransfers   [  66% ] 20/20 VUs  3m37.0s/5m30.0s
load-k6-1  | 
load-k6-1  | 
load-k6-1  | running (3m38.0s), 20/20 VUs, 39927 complete and 0 interrupted iterations
load-k6-1  | fspiopTransfers   [  66% ] 20/20 VUs  3m38.0s/5m30.0s
load-k6-1  | 
load-k6-1  | 
load-k6-1  | running (3m39.0s), 20/20 VUs, 40126 complete and 0 interrupted iterations
load-k6-1  | fspiopTransfers   [  66% ] 20/20 VUs  3m39.0s/5m30.0s
load-k6-1  | 
load-k6-1  | 
load-k6-1  | running (3m40.0s), 20/20 VUs, 40325 complete and 0 interrupted iterations
load-k6-1  | fspiopTransfers   [  67% ] 20/20 VUs  3m40.0s/5m30.0s
load-k6-1  | 
load-k6-1  | 
load-k6-1  | running (3m41.0s), 20/20 VUs, 40523 complete and 0 interrupted iterations
load-k6-1  | fspiopTransfers   [  67% ] 20/20 VUs  3m41.0s/5m30.0s
load-k6-1  | 
load-k6-1  | 
load-k6-1  | running (3m42.0s), 20/20 VUs, 40721 complete and 0 interrupted iterations
load-k6-1  | fspiopTransfers   [  67% ] 20/20 VUs  3m42.0s/5m30.0s
load-k6-1  | 
load-k6-1  | 
load-k6-1  | running (3m43.0s), 20/20 VUs, 40920 complete and 0 interrupted iterations
load-k6-1  | fspiopTransfers   [  68% ] 20/20 VUs  3m43.0s/5m30.0s
load-k6-1  | 
load-k6-1  | 
load-k6-1  | running (3m44.0s), 20/20 VUs, 41112 complete and 0 interrupted iterations
load-k6-1  | fspiopTransfers   [  68% ] 20/20 VUs  3m44.0s/5m30.0s
load-k6-1  | 
load-k6-1  | 
load-k6-1  | running (3m45.0s), 20/20 VUs, 41308 complete and 0 interrupted iterations
load-k6-1  | fspiopTransfers   [  68% ] 20/20 VUs  3m45.0s/5m30.0s
load-k6-1  | 
load-k6-1  | 
load-k6-1  | running (3m46.0s), 20/20 VUs, 41495 complete and 0 interrupted iterations
load-k6-1  | fspiopTransfers   [  68% ] 20/20 VUs  3m46.0s/5m30.0s
load-k6-1  | 
load-k6-1  | 
load-k6-1  | running (3m47.0s), 20/20 VUs, 41675 complete and 0 interrupted iterations
load-k6-1  | fspiopTransfers   [  69% ] 20/20 VUs  3m47.0s/5m30.0s
load-k6-1  | 
load-k6-1  | 
load-k6-1  | running (3m48.0s), 20/20 VUs, 41876 complete and 0 interrupted iterations
load-k6-1  | fspiopTransfers   [  69% ] 20/20 VUs  3m48.0s/5m30.0s
load-k6-1  | 
load-k6-1  | 
load-k6-1  | running (3m49.0s), 20/20 VUs, 42060 complete and 0 interrupted iterations
load-k6-1  | fspiopTransfers   [  69% ] 20/20 VUs  3m49.0s/5m30.0s
load-k6-1  | 
load-k6-1  | 
load-k6-1  | running (3m50.0s), 20/20 VUs, 42242 complete and 0 interrupted iterations
load-k6-1  | fspiopTransfers   [  70% ] 20/20 VUs  3m50.0s/5m30.0s
load-k6-1  | 
load-k6-1  | 
load-k6-1  | running (3m51.0s), 20/20 VUs, 42437 complete and 0 interrupted iterations
load-k6-1  | fspiopTransfers   [  70% ] 20/20 VUs  3m51.0s/5m30.0s
load-k6-1  | 
load-k6-1  | 
load-k6-1  | running (3m52.0s), 20/20 VUs, 42636 complete and 0 interrupted iterations
load-k6-1  | fspiopTransfers   [  70% ] 20/20 VUs  3m52.0s/5m30.0s
load-k6-1  | 
load-k6-1  | 
load-k6-1  | running (3m53.0s), 20/20 VUs, 42819 complete and 0 interrupted iterations
load-k6-1  | fspiopTransfers   [  71% ] 20/20 VUs  3m53.0s/5m30.0s
load-k6-1  | 
load-k6-1  | 
load-k6-1  | running (3m54.0s), 20/20 VUs, 43017 complete and 0 interrupted iterations
load-k6-1  | fspiopTransfers   [  71% ] 20/20 VUs  3m54.0s/5m30.0s
load-k6-1  | 
load-k6-1  | 
load-k6-1  | running (3m55.0s), 20/20 VUs, 43217 complete and 0 interrupted iterations
load-k6-1  | fspiopTransfers   [  71% ] 20/20 VUs  3m55.0s/5m30.0s
load-k6-1  | 
load-k6-1  | 
load-k6-1  | running (3m56.0s), 20/20 VUs, 43401 complete and 0 interrupted iterations
load-k6-1  | fspiopTransfers   [  72% ] 20/20 VUs  3m56.0s/5m30.0s
load-k6-1  | 
load-k6-1  | 
load-k6-1  | running (3m57.0s), 20/20 VUs, 43600 complete and 0 interrupted iterations
load-k6-1  | fspiopTransfers   [  72% ] 20/20 VUs  3m57.0s/5m30.0s
load-k6-1  | 
load-k6-1  | 
load-k6-1  | running (3m58.0s), 20/20 VUs, 43805 complete and 0 interrupted iterations
load-k6-1  | fspiopTransfers   [  72% ] 20/20 VUs  3m58.0s/5m30.0s
load-k6-1  | 
load-k6-1  | 
load-k6-1  | running (3m59.0s), 20/20 VUs, 43998 complete and 0 interrupted iterations
load-k6-1  | fspiopTransfers   [  72% ] 20/20 VUs  3m59.0s/5m30.0s
load-k6-1  | 
load-k6-1  | 
load-k6-1  | running (4m00.0s), 20/20 VUs, 44205 complete and 0 interrupted iterations
load-k6-1  | fspiopTransfers   [  73% ] 20/20 VUs  4m00.0s/5m30.0s
load-k6-1  | 
load-k6-1  | 
load-k6-1  | running (4m01.0s), 20/20 VUs, 44410 complete and 0 interrupted iterations
load-k6-1  | fspiopTransfers   [  73% ] 20/20 VUs  4m01.0s/5m30.0s
load-k6-1  | 
load-k6-1  | 
load-k6-1  | running (4m02.0s), 20/20 VUs, 44607 complete and 0 interrupted iterations
load-k6-1  | fspiopTransfers   [  73% ] 20/20 VUs  4m02.0s/5m30.0s
load-k6-1  | 
load-k6-1  | 
load-k6-1  | running (4m03.0s), 20/20 VUs, 44805 complete and 0 interrupted iterations
load-k6-1  | fspiopTransfers   [  74% ] 20/20 VUs  4m03.0s/5m30.0s
load-k6-1  | 
load-k6-1  | 
load-k6-1  | running (4m04.0s), 20/20 VUs, 44994 complete and 0 interrupted iterations
load-k6-1  | fspiopTransfers   [  74% ] 20/20 VUs  4m04.0s/5m30.0s
load-k6-1  | 
load-k6-1  | 
load-k6-1  | running (4m05.0s), 20/20 VUs, 45187 complete and 0 interrupted iterations
load-k6-1  | fspiopTransfers   [  74% ] 20/20 VUs  4m05.0s/5m30.0s
load-k6-1  | 
load-k6-1  | 
load-k6-1  | running (4m06.0s), 20/20 VUs, 45371 complete and 0 interrupted iterations
load-k6-1  | fspiopTransfers   [  75% ] 20/20 VUs  4m06.0s/5m30.0s
load-k6-1  | 
load-k6-1  | 
load-k6-1  | running (4m07.0s), 20/20 VUs, 45557 complete and 0 interrupted iterations
load-k6-1  | fspiopTransfers   [  75% ] 20/20 VUs  4m07.0s/5m30.0s
load-k6-1  | 
load-k6-1  | 
load-k6-1  | running (4m08.0s), 20/20 VUs, 45758 complete and 0 interrupted iterations
load-k6-1  | fspiopTransfers   [  75% ] 20/20 VUs  4m08.0s/5m30.0s
load-k6-1  | 
load-k6-1  | 
load-k6-1  | running (4m09.0s), 20/20 VUs, 45956 complete and 0 interrupted iterations
load-k6-1  | fspiopTransfers   [  75% ] 20/20 VUs  4m09.0s/5m30.0s
load-k6-1  | 
load-k6-1  | 
load-k6-1  | running (4m10.0s), 20/20 VUs, 46156 complete and 0 interrupted iterations
load-k6-1  | fspiopTransfers   [  76% ] 20/20 VUs  4m10.0s/5m30.0s
load-k6-1  | 
load-k6-1  | 
load-k6-1  | running (4m11.0s), 20/20 VUs, 46340 complete and 0 interrupted iterations
load-k6-1  | fspiopTransfers   [  76% ] 20/20 VUs  4m11.0s/5m30.0s
load-k6-1  | 
load-k6-1  | 
load-k6-1  | running (4m12.0s), 20/20 VUs, 46532 complete and 0 interrupted iterations
load-k6-1  | fspiopTransfers   [  76% ] 20/20 VUs  4m12.0s/5m30.0s
load-k6-1  | 
load-k6-1  | 
load-k6-1  | running (4m13.0s), 20/20 VUs, 46734 complete and 0 interrupted iterations
load-k6-1  | fspiopTransfers   [  77% ] 20/20 VUs  4m13.0s/5m30.0s
load-k6-1  | 
load-k6-1  | 
load-k6-1  | running (4m14.0s), 20/20 VUs, 46931 complete and 0 interrupted iterations
load-k6-1  | fspiopTransfers   [  77% ] 20/20 VUs  4m14.0s/5m30.0s
load-k6-1  | 
load-k6-1  | 
load-k6-1  | running (4m15.0s), 20/20 VUs, 47127 complete and 0 interrupted iterations
load-k6-1  | fspiopTransfers   [  77% ] 20/20 VUs  4m15.0s/5m30.0s
load-k6-1  | 
load-k6-1  | 
load-k6-1  | running (4m16.0s), 20/20 VUs, 47320 complete and 0 interrupted iterations
load-k6-1  | fspiopTransfers   [  78% ] 20/20 VUs  4m16.0s/5m30.0s
load-k6-1  | 
load-k6-1  | 
load-k6-1  | running (4m17.0s), 20/20 VUs, 47517 complete and 0 interrupted iterations
load-k6-1  | fspiopTransfers   [  78% ] 20/20 VUs  4m17.0s/5m30.0s
load-k6-1  | 
load-k6-1  | 
load-k6-1  | running (4m18.0s), 20/20 VUs, 47715 complete and 0 interrupted iterations
load-k6-1  | fspiopTransfers   [  78% ] 20/20 VUs  4m18.0s/5m30.0s
load-k6-1  | 
load-k6-1  | 
load-k6-1  | running (4m19.0s), 20/20 VUs, 47899 complete and 0 interrupted iterations
load-k6-1  | fspiopTransfers   [  78% ] 20/20 VUs  4m19.0s/5m30.0s
load-k6-1  | 
load-k6-1  | 
load-k6-1  | running (4m20.0s), 20/20 VUs, 48095 complete and 0 interrupted iterations
load-k6-1  | fspiopTransfers   [  79% ] 20/20 VUs  4m20.0s/5m30.0s
load-k6-1  | 
load-k6-1  | 
load-k6-1  | running (4m21.0s), 20/20 VUs, 48300 complete and 0 interrupted iterations
load-k6-1  | fspiopTransfers   [  79% ] 20/20 VUs  4m21.0s/5m30.0s
load-k6-1  | 
load-k6-1  | 
load-k6-1  | running (4m22.0s), 20/20 VUs, 48506 complete and 0 interrupted iterations
load-k6-1  | fspiopTransfers   [  79% ] 20/20 VUs  4m22.0s/5m30.0s
load-k6-1  | 
load-k6-1  | 
load-k6-1  | running (4m23.0s), 20/20 VUs, 48707 complete and 0 interrupted iterations
load-k6-1  | fspiopTransfers   [  80% ] 20/20 VUs  4m23.0s/5m30.0s
load-k6-1  | 
load-k6-1  | 
load-k6-1  | running (4m24.0s), 20/20 VUs, 48905 complete and 0 interrupted iterations
load-k6-1  | fspiopTransfers   [  80% ] 20/20 VUs  4m24.0s/5m30.0s
load-k6-1  | 
load-k6-1  | 
load-k6-1  | running (4m25.0s), 20/20 VUs, 49093 complete and 0 interrupted iterations
load-k6-1  | fspiopTransfers   [  80% ] 20/20 VUs  4m25.0s/5m30.0s
load-k6-1  | 
load-k6-1  | 
load-k6-1  | running (4m26.0s), 20/20 VUs, 49281 complete and 0 interrupted iterations
load-k6-1  | fspiopTransfers   [  81% ] 20/20 VUs  4m26.0s/5m30.0s
load-k6-1  | 
load-k6-1  | 
load-k6-1  | running (4m27.0s), 20/20 VUs, 49481 complete and 0 interrupted iterations
load-k6-1  | fspiopTransfers   [  81% ] 20/20 VUs  4m27.0s/5m30.0s
load-k6-1  | 
load-k6-1  | 
load-k6-1  | running (4m28.0s), 20/20 VUs, 49689 complete and 0 interrupted iterations
load-k6-1  | fspiopTransfers   [  81% ] 20/20 VUs  4m28.0s/5m30.0s
load-k6-1  | 
load-k6-1  | 
load-k6-1  | running (4m29.0s), 20/20 VUs, 49893 complete and 0 interrupted iterations
load-k6-1  | fspiopTransfers   [  82% ] 20/20 VUs  4m29.0s/5m30.0s
load-k6-1  | 
load-k6-1  | 
load-k6-1  | running (4m30.0s), 20/20 VUs, 50094 complete and 0 interrupted iterations
load-k6-1  | fspiopTransfers   [  82% ] 20/20 VUs  4m30.0s/5m30.0s
load-k6-1  | 
load-k6-1  | 
load-k6-1  | running (4m31.0s), 20/20 VUs, 50275 complete and 0 interrupted iterations
load-k6-1  | fspiopTransfers   [  82% ] 20/20 VUs  4m31.0s/5m30.0s
load-k6-1  | 
load-k6-1  | 
load-k6-1  | running (4m32.0s), 20/20 VUs, 50466 complete and 0 interrupted iterations
load-k6-1  | fspiopTransfers   [  82% ] 20/20 VUs  4m32.0s/5m30.0s
load-k6-1  | 
load-k6-1  | 
load-k6-1  | running (4m33.0s), 20/20 VUs, 50658 complete and 0 interrupted iterations
load-k6-1  | fspiopTransfers   [  83% ] 20/20 VUs  4m33.0s/5m30.0s
load-k6-1  | 
load-k6-1  | 
load-k6-1  | running (4m34.0s), 20/20 VUs, 50854 complete and 0 interrupted iterations
load-k6-1  | fspiopTransfers   [  83% ] 20/20 VUs  4m34.0s/5m30.0s
load-k6-1  | 
load-k6-1  | 
load-k6-1  | running (4m35.0s), 20/20 VUs, 51050 complete and 0 interrupted iterations
load-k6-1  | fspiopTransfers   [  83% ] 20/20 VUs  4m35.0s/5m30.0s
load-k6-1  | 
load-k6-1  | 
load-k6-1  | running (4m36.0s), 20/20 VUs, 51233 complete and 0 interrupted iterations
load-k6-1  | fspiopTransfers   [  84% ] 20/20 VUs  4m36.0s/5m30.0s
load-k6-1  | 
load-k6-1  | 
load-k6-1  | running (4m37.0s), 20/20 VUs, 51425 complete and 0 interrupted iterations
load-k6-1  | fspiopTransfers   [  84% ] 20/20 VUs  4m37.0s/5m30.0s
load-k6-1  | 
load-k6-1  | 
load-k6-1  | running (4m38.0s), 20/20 VUs, 51620 complete and 0 interrupted iterations
load-k6-1  | fspiopTransfers   [  84% ] 20/20 VUs  4m38.0s/5m30.0s
load-k6-1  | 
load-k6-1  | 
load-k6-1  | running (4m39.0s), 20/20 VUs, 51816 complete and 0 interrupted iterations
load-k6-1  | fspiopTransfers   [  85% ] 20/20 VUs  4m39.0s/5m30.0s
load-k6-1  | 
load-k6-1  | 
load-k6-1  | running (4m40.0s), 20/20 VUs, 52000 complete and 0 interrupted iterations
load-k6-1  | fspiopTransfers   [  85% ] 20/20 VUs  4m40.0s/5m30.0s
load-k6-1  | 
load-k6-1  | 
load-k6-1  | running (4m41.0s), 20/20 VUs, 52190 complete and 0 interrupted iterations
load-k6-1  | fspiopTransfers   [  85% ] 20/20 VUs  4m41.0s/5m30.0s
load-k6-1  | 
load-k6-1  | 
load-k6-1  | running (4m42.0s), 20/20 VUs, 52391 complete and 0 interrupted iterations
load-k6-1  | fspiopTransfers   [  85% ] 20/20 VUs  4m42.0s/5m30.0s
load-k6-1  | 
load-k6-1  | 
load-k6-1  | running (4m43.0s), 20/20 VUs, 52577 complete and 0 interrupted iterations
load-k6-1  | fspiopTransfers   [  86% ] 20/20 VUs  4m43.0s/5m30.0s
load-k6-1  | 
load-k6-1  | 
load-k6-1  | running (4m44.0s), 20/20 VUs, 52769 complete and 0 interrupted iterations
load-k6-1  | fspiopTransfers   [  86% ] 20/20 VUs  4m44.0s/5m30.0s
load-k6-1  | 
load-k6-1  | 
load-k6-1  | running (4m45.0s), 20/20 VUs, 52961 complete and 0 interrupted iterations
load-k6-1  | fspiopTransfers   [  86% ] 20/20 VUs  4m45.0s/5m30.0s
load-k6-1  | 
load-k6-1  | 
load-k6-1  | running (4m46.0s), 20/20 VUs, 53146 complete and 0 interrupted iterations
load-k6-1  | fspiopTransfers   [  87% ] 20/20 VUs  4m46.0s/5m30.0s
load-k6-1  | 
load-k6-1  | 
load-k6-1  | running (4m47.0s), 20/20 VUs, 53338 complete and 0 interrupted iterations
load-k6-1  | fspiopTransfers   [  87% ] 20/20 VUs  4m47.0s/5m30.0s
load-k6-1  | 
load-k6-1  | 
load-k6-1  | running (4m48.0s), 20/20 VUs, 53533 complete and 0 interrupted iterations
load-k6-1  | fspiopTransfers   [  87% ] 20/20 VUs  4m48.0s/5m30.0s
load-k6-1  | 
load-k6-1  | 
load-k6-1  | running (4m49.0s), 20/20 VUs, 53732 complete and 0 interrupted iterations
load-k6-1  | fspiopTransfers   [  88% ] 20/20 VUs  4m49.0s/5m30.0s
load-k6-1  | 
load-k6-1  | 
load-k6-1  | running (4m50.0s), 20/20 VUs, 53933 complete and 0 interrupted iterations
load-k6-1  | fspiopTransfers   [  88% ] 20/20 VUs  4m50.0s/5m30.0s
load-k6-1  | 
load-k6-1  | 
load-k6-1  | running (4m51.0s), 20/20 VUs, 54124 complete and 0 interrupted iterations
load-k6-1  | fspiopTransfers   [  88% ] 20/20 VUs  4m51.0s/5m30.0s
load-k6-1  | 
load-k6-1  | 
load-k6-1  | running (4m52.0s), 20/20 VUs, 54325 complete and 0 interrupted iterations
load-k6-1  | fspiopTransfers   [  88% ] 20/20 VUs  4m52.0s/5m30.0s
load-k6-1  | 
load-k6-1  | 
load-k6-1  | running (4m53.0s), 20/20 VUs, 54518 complete and 0 interrupted iterations
load-k6-1  | fspiopTransfers   [  89% ] 20/20 VUs  4m53.0s/5m30.0s
load-k6-1  | 
load-k6-1  | 
load-k6-1  | running (4m54.0s), 20/20 VUs, 54711 complete and 0 interrupted iterations
load-k6-1  | fspiopTransfers   [  89% ] 20/20 VUs  4m54.0s/5m30.0s
load-k6-1  | 
load-k6-1  | 
load-k6-1  | running (4m55.0s), 20/20 VUs, 54901 complete and 0 interrupted iterations
load-k6-1  | fspiopTransfers   [  89% ] 20/20 VUs  4m55.0s/5m30.0s
load-k6-1  | 
load-k6-1  | 
load-k6-1  | running (4m56.0s), 20/20 VUs, 55095 complete and 0 interrupted iterations
load-k6-1  | fspiopTransfers   [  90% ] 20/20 VUs  4m56.0s/5m30.0s
load-k6-1  | 
load-k6-1  | 
load-k6-1  | running (4m57.0s), 20/20 VUs, 55277 complete and 0 interrupted iterations
load-k6-1  | fspiopTransfers   [  90% ] 20/20 VUs  4m57.0s/5m30.0s
load-k6-1  | 
load-k6-1  | 
load-k6-1  | running (4m58.0s), 20/20 VUs, 55472 complete and 0 interrupted iterations
load-k6-1  | fspiopTransfers   [  90% ] 20/20 VUs  4m58.0s/5m30.0s
load-k6-1  | 
load-k6-1  | 
load-k6-1  | running (4m59.0s), 20/20 VUs, 55663 complete and 0 interrupted iterations
load-k6-1  | fspiopTransfers   [  91% ] 20/20 VUs  4m59.0s/5m30.0s
load-k6-1  | 
load-k6-1  | 
load-k6-1  | running (5m00.0s), 20/20 VUs, 55860 complete and 0 interrupted iterations
load-k6-1  | fspiopTransfers   [  91% ] 20/20 VUs  5m00.0s/5m30.0s
load-k6-1  | 
load-k6-1  | 
load-k6-1  | running (5m01.0s), 20/20 VUs, 56052 complete and 0 interrupted iterations
load-k6-1  | fspiopTransfers   [  91% ] 20/20 VUs  5m01.0s/5m30.0s
load-k6-1  | 
load-k6-1  | 
load-k6-1  | running (5m02.0s), 20/20 VUs, 56248 complete and 0 interrupted iterations
load-k6-1  | fspiopTransfers   [  92% ] 20/20 VUs  5m02.0s/5m30.0s
load-k6-1  | 
load-k6-1  | 
load-k6-1  | running (5m03.0s), 20/20 VUs, 56435 complete and 0 interrupted iterations
load-k6-1  | fspiopTransfers   [  92% ] 20/20 VUs  5m03.0s/5m30.0s
load-k6-1  | 
load-k6-1  | 
load-k6-1  | running (5m04.0s), 20/20 VUs, 56629 complete and 0 interrupted iterations
load-k6-1  | fspiopTransfers   [  92% ] 20/20 VUs  5m04.0s/5m30.0s
load-k6-1  | 
load-k6-1  | 
load-k6-1  | running (5m05.0s), 20/20 VUs, 56825 complete and 0 interrupted iterations
load-k6-1  | fspiopTransfers   [  92% ] 20/20 VUs  5m05.0s/5m30.0s
load-k6-1  | 
load-k6-1  | 
load-k6-1  | running (5m06.0s), 20/20 VUs, 57004 complete and 0 interrupted iterations
load-k6-1  | fspiopTransfers   [  93% ] 20/20 VUs  5m06.0s/5m30.0s
load-k6-1  | 
load-k6-1  | 
load-k6-1  | running (5m07.0s), 20/20 VUs, 57190 complete and 0 interrupted iterations
load-k6-1  | fspiopTransfers   [  93% ] 20/20 VUs  5m07.0s/5m30.0s
load-k6-1  | 
load-k6-1  | 
load-k6-1  | running (5m08.0s), 20/20 VUs, 57380 complete and 0 interrupted iterations
load-k6-1  | fspiopTransfers   [  93% ] 20/20 VUs  5m08.0s/5m30.0s
load-k6-1  | 
load-k6-1  | 
load-k6-1  | running (5m09.0s), 20/20 VUs, 57558 complete and 0 interrupted iterations
load-k6-1  | fspiopTransfers   [  94% ] 20/20 VUs  5m09.0s/5m30.0s
load-k6-1  | 
load-k6-1  | 
load-k6-1  | running (5m10.0s), 20/20 VUs, 57750 complete and 0 interrupted iterations
load-k6-1  | fspiopTransfers   [  94% ] 20/20 VUs  5m10.0s/5m30.0s
load-k6-1  | 
load-k6-1  | 
load-k6-1  | running (5m11.0s), 20/20 VUs, 57936 complete and 0 interrupted iterations
load-k6-1  | fspiopTransfers   [  94% ] 20/20 VUs  5m11.0s/5m30.0s
load-k6-1  | 
load-k6-1  | 
load-k6-1  | running (5m12.0s), 20/20 VUs, 58131 complete and 0 interrupted iterations
load-k6-1  | fspiopTransfers   [  95% ] 20/20 VUs  5m12.0s/5m30.0s
load-k6-1  | 
load-k6-1  | 
load-k6-1  | running (5m13.0s), 20/20 VUs, 58319 complete and 0 interrupted iterations
load-k6-1  | fspiopTransfers   [  95% ] 20/20 VUs  5m13.0s/5m30.0s
load-k6-1  | 
load-k6-1  | 
load-k6-1  | running (5m14.0s), 20/20 VUs, 58511 complete and 0 interrupted iterations
load-k6-1  | fspiopTransfers   [  95% ] 20/20 VUs  5m14.0s/5m30.0s
load-k6-1  | 
load-k6-1  | 
load-k6-1  | running (5m15.0s), 20/20 VUs, 58699 complete and 0 interrupted iterations
load-k6-1  | fspiopTransfers   [  95% ] 20/20 VUs  5m15.0s/5m30.0s
load-k6-1  | 
load-k6-1  | 
load-k6-1  | running (5m16.0s), 20/20 VUs, 58888 complete and 0 interrupted iterations
load-k6-1  | fspiopTransfers   [  96% ] 20/20 VUs  5m16.0s/5m30.0s
load-k6-1  | 
load-k6-1  | 
load-k6-1  | running (5m17.0s), 20/20 VUs, 59080 complete and 0 interrupted iterations
load-k6-1  | fspiopTransfers   [  96% ] 20/20 VUs  5m17.0s/5m30.0s
load-k6-1  | 
load-k6-1  | 
load-k6-1  | running (5m18.0s), 20/20 VUs, 59271 complete and 0 interrupted iterations
load-k6-1  | fspiopTransfers   [  96% ] 20/20 VUs  5m18.0s/5m30.0s
load-k6-1  | 
load-k6-1  | 
load-k6-1  | running (5m19.0s), 20/20 VUs, 59469 complete and 0 interrupted iterations
load-k6-1  | fspiopTransfers   [  97% ] 20/20 VUs  5m19.0s/5m30.0s
load-k6-1  | 
load-k6-1  | 
load-k6-1  | running (5m20.0s), 20/20 VUs, 59661 complete and 0 interrupted iterations
load-k6-1  | fspiopTransfers   [  97% ] 20/20 VUs  5m20.0s/5m30.0s
load-k6-1  | 
load-k6-1  | 
load-k6-1  | running (5m21.0s), 20/20 VUs, 59852 complete and 0 interrupted iterations
load-k6-1  | fspiopTransfers   [  97% ] 20/20 VUs  5m21.0s/5m30.0s
load-k6-1  | 
load-k6-1  | 
load-k6-1  | running (5m22.0s), 20/20 VUs, 60044 complete and 0 interrupted iterations
load-k6-1  | fspiopTransfers   [  98% ] 20/20 VUs  5m22.0s/5m30.0s
load-k6-1  | 
load-k6-1  | 
load-k6-1  | running (5m23.0s), 20/20 VUs, 60218 complete and 0 interrupted iterations
load-k6-1  | fspiopTransfers   [  98% ] 20/20 VUs  5m23.0s/5m30.0s
load-k6-1  | 
load-k6-1  | 
load-k6-1  | running (5m24.0s), 20/20 VUs, 60408 complete and 0 interrupted iterations
load-k6-1  | fspiopTransfers   [  98% ] 20/20 VUs  5m24.0s/5m30.0s
load-k6-1  | 
load-k6-1  | 
load-k6-1  | running (5m25.0s), 20/20 VUs, 60612 complete and 0 interrupted iterations
load-k6-1  | fspiopTransfers   [  98% ] 20/20 VUs  5m25.0s/5m30.0s
load-k6-1  | 
load-k6-1  | 
load-k6-1  | running (5m26.0s), 20/20 VUs, 60799 complete and 0 interrupted iterations
load-k6-1  | fspiopTransfers   [  99% ] 20/20 VUs  5m26.0s/5m30.0s
load-k6-1  | 
load-k6-1  | 
load-k6-1  | running (5m27.0s), 20/20 VUs, 60986 complete and 0 interrupted iterations
load-k6-1  | fspiopTransfers   [  99% ] 20/20 VUs  5m27.0s/5m30.0s
load-k6-1  | 
load-k6-1  | 
load-k6-1  | running (5m28.0s), 20/20 VUs, 61181 complete and 0 interrupted iterations
load-k6-1  | fspiopTransfers   [  99% ] 20/20 VUs  5m28.0s/5m30.0s
load-k6-1  | 
load-k6-1  | 
load-k6-1  | running (5m29.0s), 20/20 VUs, 61364 complete and 0 interrupted iterations
load-k6-1  | fspiopTransfers   [ 100% ] 20/20 VUs  5m29.0s/5m30.0s
load-k6-1  | 
load-k6-1  | 
load-k6-1  | running (5m30.0s), 20/20 VUs, 61550 complete and 0 interrupted iterations
load-k6-1  | fspiopTransfers   [ 100% ] 20/20 VUs  5m30.0s/5m30.0s
load-k6-1  | 
load-k6-1  | 
load-k6-1  |      ✓ TRANSFERS_FSPIOP_POST_TRANSFERS_RESPONSE_IS_202
load-k6-1  |      ✓ TRANSFERS_E2E_FSPIOP_POST_TRANSFERS_SUCCESS
load-k6-1  | 
load-k6-1  |      █ Post Transfers
load-k6-1  | 
load-k6-1  |      checks.........................: 100.00% ✓ 123142     ✗ 0    
load-k6-1  |      data_received..................: 19 MB   58 kB/s
load-k6-1  |      data_sent......................: 128 MB  386 kB/s
load-k6-1  |      group_duration.................: avg=265.25µs min=137.39µs med=257.01µs max=19.03ms  p(90)=298.61µs p(95)=317.59µs
load-k6-1  |      http_req_blocked...............: avg=4.9µs    min=1.36µs   med=4.46µs   max=1.19ms   p(90)=5.55µs   p(95)=6.01µs  
load-k6-1  |      http_req_connecting............: avg=47ns     min=0s       med=0s       max=626.78µs p(90)=0s       p(95)=0s      
load-k6-1  |    ✓ http_req_duration..............: avg=1.64ms   min=772.05µs med=1.49ms   max=32.27ms  p(90)=2.21ms   p(95)=2.61ms  
load-k6-1  |        { expected_response:true }...: avg=1.64ms   min=772.05µs med=1.49ms   max=32.27ms  p(90)=2.21ms   p(95)=2.61ms  
load-k6-1  |    ✓ http_req_failed................: 0.00%   ✓ 0          ✗ 61571
load-k6-1  |      http_req_receiving.............: avg=36.01µs  min=9.67µs   med=33.41µs  max=14.6ms   p(90)=44.44µs  p(95)=48.42µs 
load-k6-1  |      http_req_sending...............: avg=24.79µs  min=9.12µs   med=23.11µs  max=6.07ms   p(90)=29.16µs  p(95)=32.25µs 
load-k6-1  |      http_req_tls_handshaking.......: avg=0s       min=0s       med=0s       max=0s       p(90)=0s       p(95)=0s      
load-k6-1  |      http_req_waiting...............: avg=1.58ms   min=733.85µs med=1.43ms   max=32.19ms  p(90)=2.15ms   p(95)=2.54ms  
load-k6-1  |      http_reqs......................: 61571   186.524829/s
load-k6-1  |    ✓ iteration_duration.............: avg=102.31ms min=64.79ms  med=99.94ms  max=291.01ms p(90)=125.05ms p(95)=134ms   
load-k6-1  |      iterations.....................: 61571   186.524829/s
load-k6-1  |      vus............................: 20      min=1        max=20 
load-k6-1  |      vus_max........................: 20      min=20       max=20 
load-k6-1  |      ws_connecting..................: avg=645.2µs  min=268.61µs med=543.03µs max=23.51ms  p(90)=925.91µs p(95)=1.21ms  
load-k6-1  |      ws_msgs_received...............: 61571   186.524829/s
load-k6-1  |      ws_msgs_sent...................: 61571   186.524829/s
load-k6-1  |      ws_session_duration............: avg=101.95ms min=64.53ms  med=99.57ms  max=290.71ms p(90)=124.68ms p(95)=133.6ms 
load-k6-1  |      ws_sessions....................: 61571   186.524829/s
load-k6-1  | 
load-k6-1  | 
load-k6-1  | running (5m30.1s), 00/20 VUs, 61571 complete and 0 interrupted iterations
load-k6-1  | fspiopTransfers ✓ [ 100% ] 00/20 VUs  5m30s
load-k6-1  | 
load-k6-1 exited with code 0
