Attaching to load-k6-1
load-k6-1  | 
load-k6-1  |           /\      |‾‾| /‾‾/   /‾‾/   
load-k6-1  |      /\  /  \     |  |/  /   /  /    
load-k6-1  |     /  \/    \    |     (   /   ‾‾\  
load-k6-1  |    /          \   |  |\  \ |  (‾)  | 
load-k6-1  |   / __________ \  |__| \__\ \_____/ .io
load-k6-1  | 
load-k6-1  |   execution: local
load-k6-1  |      script: /scripts/index.js
load-k6-1  |      output: Prometheus remote write (http://prometheus:9090/api/v1/write)
load-k6-1  | 
load-k6-1  |   scenarios: (100.00%) 1 scenario, 15 max VUs, 6m0s max duration (incl. graceful stop):
load-k6-1  |            * fspiopE2E: Up to 15 looping VUs for 5m30s over 2 stages (gracefulRampDown: 30s, exec: fspiopE2EScenarios, gracefulStop: 30s)
load-k6-1  | 
load-k6-1  | 
load-k6-1  | running (0m01.0s), 01/15 VUs, 0 complete and 0 interrupted iterations
load-k6-1  | fspiopE2E   [   0% ] 01/15 VUs  0m01.0s/5m30.0s
load-k6-1  | 
load-k6-1  | running (0m02.0s), 01/15 VUs, 0 complete and 0 interrupted iterations
load-k6-1  | fspiopE2E   [   1% ] 01/15 VUs  0m02.0s/5m30.0s
load-k6-1  | 
load-k6-1  | running (0m03.0s), 02/15 VUs, 0 complete and 0 interrupted iterations
load-k6-1  | fspiopE2E   [   1% ] 02/15 VUs  0m03.0s/5m30.0s
load-k6-1  | 
load-k6-1  | running (0m04.0s), 02/15 VUs, 2 complete and 0 interrupted iterations
load-k6-1  | fspiopE2E   [   1% ] 02/15 VUs  0m04.0s/5m30.0s
load-k6-1  | 
load-k6-1  | running (0m05.0s), 03/15 VUs, 7 complete and 0 interrupted iterations
load-k6-1  | fspiopE2E   [   2% ] 03/15 VUs  0m05.0s/5m30.0s
load-k6-1  | 
load-k6-1  | running (0m06.0s), 03/15 VUs, 18 complete and 0 interrupted iterations
load-k6-1  | fspiopE2E   [   2% ] 03/15 VUs  0m06.0s/5m30.0s
load-k6-1  | 
load-k6-1  | running (0m07.0s), 04/15 VUs, 43 complete and 0 interrupted iterations
load-k6-1  | fspiopE2E   [   2% ] 04/15 VUs  0m07.0s/5m30.0s
load-k6-1  | 
load-k6-1  | running (0m08.0s), 04/15 VUs, 72 complete and 0 interrupted iterations
load-k6-1  | fspiopE2E   [   2% ] 04/15 VUs  0m08.0s/5m30.0s
load-k6-1  | 
load-k6-1  | running (0m09.0s), 05/15 VUs, 107 complete and 0 interrupted iterations
load-k6-1  | fspiopE2E   [   3% ] 05/15 VUs  0m09.0s/5m30.0s
load-k6-1  | 
load-k6-1  | running (0m10.0s), 05/15 VUs, 138 complete and 0 interrupted iterations
load-k6-1  | fspiopE2E   [   3% ] 05/15 VUs  0m10.0s/5m30.0s
load-k6-1  | 
load-k6-1  | running (0m11.0s), 06/15 VUs, 175 complete and 0 interrupted iterations
load-k6-1  | fspiopE2E   [   3% ] 06/15 VUs  0m11.0s/5m30.0s
load-k6-1  | 
load-k6-1  | running (0m12.0s), 06/15 VUs, 220 complete and 0 interrupted iterations
load-k6-1  | fspiopE2E   [   4% ] 06/15 VUs  0m12.0s/5m30.0s
load-k6-1  | 
load-k6-1  | running (0m13.0s), 07/15 VUs, 260 complete and 0 interrupted iterations
load-k6-1  | fspiopE2E   [   4% ] 07/15 VUs  0m13.0s/5m30.0s
load-k6-1  | 
load-k6-1  | running (0m14.0s), 07/15 VUs, 307 complete and 0 interrupted iterations
load-k6-1  | fspiopE2E   [   4% ] 07/15 VUs  0m14.0s/5m30.0s
load-k6-1  | 
load-k6-1  | running (0m15.0s), 07/15 VUs, 356 complete and 0 interrupted iterations
load-k6-1  | fspiopE2E   [   5% ] 07/15 VUs  0m15.0s/5m30.0s
load-k6-1  | 
load-k6-1  | running (0m16.0s), 08/15 VUs, 415 complete and 0 interrupted iterations
load-k6-1  | fspiopE2E   [   5% ] 08/15 VUs  0m16.0s/5m30.0s
load-k6-1  | 
load-k6-1  | running (0m17.0s), 08/15 VUs, 473 complete and 0 interrupted iterations
load-k6-1  | fspiopE2E   [   5% ] 08/15 VUs  0m17.0s/5m30.0s
load-k6-1  | 
load-k6-1  | running (0m18.0s), 09/15 VUs, 540 complete and 0 interrupted iterations
load-k6-1  | fspiopE2E   [   5% ] 09/15 VUs  0m18.0s/5m30.0s
load-k6-1  | 
load-k6-1  | running (0m19.0s), 09/15 VUs, 607 complete and 0 interrupted iterations
load-k6-1  | fspiopE2E   [   6% ] 09/15 VUs  0m19.0s/5m30.0s
load-k6-1  | 
load-k6-1  | running (0m20.0s), 10/15 VUs, 674 complete and 0 interrupted iterations
load-k6-1  | fspiopE2E   [   6% ] 10/15 VUs  0m20.0s/5m30.0s
load-k6-1  | 
load-k6-1  | running (0m21.0s), 10/15 VUs, 741 complete and 0 interrupted iterations
load-k6-1  | fspiopE2E   [   6% ] 10/15 VUs  0m21.0s/5m30.0s
load-k6-1  | 
load-k6-1  | running (0m22.0s), 11/15 VUs, 820 complete and 0 interrupted iterations
load-k6-1  | fspiopE2E   [   7% ] 11/15 VUs  0m22.0s/5m30.0s
load-k6-1  | 
load-k6-1  | running (0m23.0s), 11/15 VUs, 901 complete and 0 interrupted iterations
load-k6-1  | fspiopE2E   [   7% ] 11/15 VUs  0m23.0s/5m30.0s
load-k6-1  | 
load-k6-1  | running (0m24.0s), 12/15 VUs, 981 complete and 0 interrupted iterations
load-k6-1  | fspiopE2E   [   7% ] 12/15 VUs  0m24.0s/5m30.0s
load-k6-1  | 
load-k6-1  | running (0m25.0s), 12/15 VUs, 1060 complete and 0 interrupted iterations
load-k6-1  | fspiopE2E   [   8% ] 12/15 VUs  0m25.0s/5m30.0s
load-k6-1  | 
load-k6-1  | running (0m26.0s), 13/15 VUs, 1144 complete and 0 interrupted iterations
load-k6-1  | fspiopE2E   [   8% ] 13/15 VUs  0m26.0s/5m30.0s
load-k6-1  | 
load-k6-1  | running (0m27.0s), 13/15 VUs, 1237 complete and 0 interrupted iterations
load-k6-1  | fspiopE2E   [   8% ] 13/15 VUs  0m27.0s/5m30.0s
load-k6-1  | 
load-k6-1  | running (0m28.0s), 14/15 VUs, 1328 complete and 0 interrupted iterations
load-k6-1  | fspiopE2E   [   8% ] 14/15 VUs  0m28.0s/5m30.0s
load-k6-1  | 
load-k6-1  | running (0m29.0s), 14/15 VUs, 1423 complete and 0 interrupted iterations
load-k6-1  | fspiopE2E   [   9% ] 14/15 VUs  0m29.0s/5m30.0s
load-k6-1  | 
load-k6-1  | running (0m30.0s), 14/15 VUs, 1518 complete and 0 interrupted iterations
load-k6-1  | fspiopE2E   [   9% ] 14/15 VUs  0m30.0s/5m30.0s
load-k6-1  | 
load-k6-1  | running (0m31.0s), 15/15 VUs, 1618 complete and 0 interrupted iterations
load-k6-1  | fspiopE2E   [   9% ] 15/15 VUs  0m31.0s/5m30.0s
load-k6-1  | 
load-k6-1  | running (0m32.0s), 15/15 VUs, 1718 complete and 0 interrupted iterations
load-k6-1  | fspiopE2E   [  10% ] 15/15 VUs  0m32.0s/5m30.0s
load-k6-1  | 
load-k6-1  | running (0m33.0s), 15/15 VUs, 1822 complete and 0 interrupted iterations
load-k6-1  | fspiopE2E   [  10% ] 15/15 VUs  0m33.0s/5m30.0s
load-k6-1  | 
load-k6-1  | running (0m34.0s), 15/15 VUs, 1921 complete and 0 interrupted iterations
load-k6-1  | fspiopE2E   [  10% ] 15/15 VUs  0m34.0s/5m30.0s
load-k6-1  | 
load-k6-1  | running (0m35.0s), 15/15 VUs, 2022 complete and 0 interrupted iterations
load-k6-1  | fspiopE2E   [  11% ] 15/15 VUs  0m35.0s/5m30.0s
load-k6-1  | 
load-k6-1  | running (0m36.0s), 15/15 VUs, 2119 complete and 0 interrupted iterations
load-k6-1  | fspiopE2E   [  11% ] 15/15 VUs  0m36.0s/5m30.0s
load-k6-1  | 
load-k6-1  | running (0m37.0s), 15/15 VUs, 2220 complete and 0 interrupted iterations
load-k6-1  | fspiopE2E   [  11% ] 15/15 VUs  0m37.0s/5m30.0s
load-k6-1  | 
load-k6-1  | running (0m38.0s), 15/15 VUs, 2324 complete and 0 interrupted iterations
load-k6-1  | fspiopE2E   [  12% ] 15/15 VUs  0m38.0s/5m30.0s
load-k6-1  | 
load-k6-1  | running (0m39.0s), 15/15 VUs, 2426 complete and 0 interrupted iterations
load-k6-1  | fspiopE2E   [  12% ] 15/15 VUs  0m39.0s/5m30.0s
load-k6-1  | 
load-k6-1  | running (0m40.0s), 15/15 VUs, 2526 complete and 0 interrupted iterations
load-k6-1  | fspiopE2E   [  12% ] 15/15 VUs  0m40.0s/5m30.0s
load-k6-1  | 
load-k6-1  | running (0m41.0s), 15/15 VUs, 2625 complete and 0 interrupted iterations
load-k6-1  | fspiopE2E   [  12% ] 15/15 VUs  0m41.0s/5m30.0s
load-k6-1  | 
load-k6-1  | running (0m42.0s), 15/15 VUs, 2730 complete and 0 interrupted iterations
load-k6-1  | fspiopE2E   [  13% ] 15/15 VUs  0m42.0s/5m30.0s
load-k6-1  | 
load-k6-1  | running (0m43.0s), 15/15 VUs, 2835 complete and 0 interrupted iterations
load-k6-1  | fspiopE2E   [  13% ] 15/15 VUs  0m43.0s/5m30.0s
load-k6-1  | 
load-k6-1  | running (0m44.0s), 15/15 VUs, 2939 complete and 0 interrupted iterations
load-k6-1  | fspiopE2E   [  13% ] 15/15 VUs  0m44.0s/5m30.0s
load-k6-1  | 
load-k6-1  | running (0m45.0s), 15/15 VUs, 3042 complete and 0 interrupted iterations
load-k6-1  | fspiopE2E   [  14% ] 15/15 VUs  0m45.0s/5m30.0s
load-k6-1  | 
load-k6-1  | running (0m46.0s), 15/15 VUs, 3149 complete and 0 interrupted iterations
load-k6-1  | fspiopE2E   [  14% ] 15/15 VUs  0m46.0s/5m30.0s
load-k6-1  | 
load-k6-1  | running (0m47.0s), 15/15 VUs, 3251 complete and 0 interrupted iterations
load-k6-1  | fspiopE2E   [  14% ] 15/15 VUs  0m47.0s/5m30.0s
load-k6-1  | 
load-k6-1  | running (0m48.0s), 15/15 VUs, 3352 complete and 0 interrupted iterations
load-k6-1  | fspiopE2E   [  15% ] 15/15 VUs  0m48.0s/5m30.0s
load-k6-1  | 
load-k6-1  | running (0m49.0s), 15/15 VUs, 3452 complete and 0 interrupted iterations
load-k6-1  | fspiopE2E   [  15% ] 15/15 VUs  0m49.0s/5m30.0s
load-k6-1  | 
load-k6-1  | running (0m50.0s), 15/15 VUs, 3553 complete and 0 interrupted iterations
load-k6-1  | fspiopE2E   [  15% ] 15/15 VUs  0m50.0s/5m30.0s
load-k6-1  | 
load-k6-1  | running (0m51.0s), 15/15 VUs, 3652 complete and 0 interrupted iterations
load-k6-1  | fspiopE2E   [  15% ] 15/15 VUs  0m51.0s/5m30.0s
load-k6-1  | 
load-k6-1  | running (0m52.0s), 15/15 VUs, 3746 complete and 0 interrupted iterations
load-k6-1  | fspiopE2E   [  16% ] 15/15 VUs  0m52.0s/5m30.0s
load-k6-1  | 
load-k6-1  | running (0m53.0s), 15/15 VUs, 3843 complete and 0 interrupted iterations
load-k6-1  | fspiopE2E   [  16% ] 15/15 VUs  0m53.0s/5m30.0s
load-k6-1  | 
load-k6-1  | running (0m54.0s), 15/15 VUs, 3954 complete and 0 interrupted iterations
load-k6-1  | fspiopE2E   [  16% ] 15/15 VUs  0m54.0s/5m30.0s
load-k6-1  | 
load-k6-1  | running (0m55.0s), 15/15 VUs, 4060 complete and 0 interrupted iterations
load-k6-1  | fspiopE2E   [  17% ] 15/15 VUs  0m55.0s/5m30.0s
load-k6-1  | 
load-k6-1  | running (0m56.0s), 15/15 VUs, 4161 complete and 0 interrupted iterations
load-k6-1  | fspiopE2E   [  17% ] 15/15 VUs  0m56.0s/5m30.0s
load-k6-1  | 
load-k6-1  | running (0m57.0s), 15/15 VUs, 4271 complete and 0 interrupted iterations
load-k6-1  | fspiopE2E   [  17% ] 15/15 VUs  0m57.0s/5m30.0s
load-k6-1  | 
load-k6-1  | running (0m58.0s), 15/15 VUs, 4380 complete and 0 interrupted iterations
load-k6-1  | fspiopE2E   [  18% ] 15/15 VUs  0m58.0s/5m30.0s
load-k6-1  | 
load-k6-1  | running (0m59.0s), 15/15 VUs, 4489 complete and 0 interrupted iterations
load-k6-1  | fspiopE2E   [  18% ] 15/15 VUs  0m59.0s/5m30.0s
load-k6-1  | 
load-k6-1  | running (1m00.0s), 15/15 VUs, 4593 complete and 0 interrupted iterations
load-k6-1  | fspiopE2E   [  18% ] 15/15 VUs  1m00.0s/5m30.0s
load-k6-1  | 
load-k6-1  | running (1m01.0s), 15/15 VUs, 4695 complete and 0 interrupted iterations
load-k6-1  | fspiopE2E   [  18% ] 15/15 VUs  1m01.0s/5m30.0s
load-k6-1  | 
load-k6-1  | running (1m02.0s), 15/15 VUs, 4791 complete and 0 interrupted iterations
load-k6-1  | fspiopE2E   [  19% ] 15/15 VUs  1m02.0s/5m30.0s
load-k6-1  | 
load-k6-1  | running (1m03.0s), 15/15 VUs, 4897 complete and 0 interrupted iterations
load-k6-1  | fspiopE2E   [  19% ] 15/15 VUs  1m03.0s/5m30.0s
load-k6-1  | 
load-k6-1  | running (1m04.0s), 15/15 VUs, 4995 complete and 0 interrupted iterations
load-k6-1  | fspiopE2E   [  19% ] 15/15 VUs  1m04.0s/5m30.0s
load-k6-1  | 
load-k6-1  | running (1m05.0s), 15/15 VUs, 5091 complete and 0 interrupted iterations
load-k6-1  | fspiopE2E   [  20% ] 15/15 VUs  1m05.0s/5m30.0s
load-k6-1  | 
load-k6-1  | running (1m06.0s), 15/15 VUs, 5193 complete and 0 interrupted iterations
load-k6-1  | fspiopE2E   [  20% ] 15/15 VUs  1m06.0s/5m30.0s
load-k6-1  | 
load-k6-1  | running (1m07.0s), 15/15 VUs, 5297 complete and 0 interrupted iterations
load-k6-1  | fspiopE2E   [  20% ] 15/15 VUs  1m07.0s/5m30.0s
load-k6-1  | 
load-k6-1  | running (1m08.0s), 15/15 VUs, 5408 complete and 0 interrupted iterations
load-k6-1  | fspiopE2E   [  21% ] 15/15 VUs  1m08.0s/5m30.0s
load-k6-1  | 
load-k6-1  | running (1m09.0s), 15/15 VUs, 5511 complete and 0 interrupted iterations
load-k6-1  | fspiopE2E   [  21% ] 15/15 VUs  1m09.0s/5m30.0s
load-k6-1  | 
load-k6-1  | running (1m10.0s), 15/15 VUs, 5616 complete and 0 interrupted iterations
load-k6-1  | fspiopE2E   [  21% ] 15/15 VUs  1m10.0s/5m30.0s
load-k6-1  | 
load-k6-1  | running (1m11.0s), 15/15 VUs, 5721 complete and 0 interrupted iterations
load-k6-1  | fspiopE2E   [  22% ] 15/15 VUs  1m11.0s/5m30.0s
load-k6-1  | 
load-k6-1  | running (1m12.0s), 15/15 VUs, 5823 complete and 0 interrupted iterations
load-k6-1  | fspiopE2E   [  22% ] 15/15 VUs  1m12.0s/5m30.0s
load-k6-1  | 
load-k6-1  | running (1m13.0s), 15/15 VUs, 5921 complete and 0 interrupted iterations
load-k6-1  | fspiopE2E   [  22% ] 15/15 VUs  1m13.0s/5m30.0s
load-k6-1  | 
load-k6-1  | running (1m14.0s), 15/15 VUs, 6021 complete and 0 interrupted iterations
load-k6-1  | fspiopE2E   [  22% ] 15/15 VUs  1m14.0s/5m30.0s
load-k6-1  | 
load-k6-1  | running (1m15.0s), 15/15 VUs, 6127 complete and 0 interrupted iterations
load-k6-1  | fspiopE2E   [  23% ] 15/15 VUs  1m15.0s/5m30.0s
load-k6-1  | 
load-k6-1  | running (1m16.0s), 15/15 VUs, 6234 complete and 0 interrupted iterations
load-k6-1  | fspiopE2E   [  23% ] 15/15 VUs  1m16.0s/5m30.0s
load-k6-1  | 
load-k6-1  | running (1m17.0s), 15/15 VUs, 6340 complete and 0 interrupted iterations
load-k6-1  | fspiopE2E   [  23% ] 15/15 VUs  1m17.0s/5m30.0s
load-k6-1  | 
load-k6-1  | running (1m18.0s), 15/15 VUs, 6449 complete and 0 interrupted iterations
load-k6-1  | fspiopE2E   [  24% ] 15/15 VUs  1m18.0s/5m30.0s
load-k6-1  | 
load-k6-1  | running (1m19.0s), 15/15 VUs, 6560 complete and 0 interrupted iterations
load-k6-1  | fspiopE2E   [  24% ] 15/15 VUs  1m19.0s/5m30.0s
load-k6-1  | 
load-k6-1  | running (1m20.0s), 15/15 VUs, 6661 complete and 0 interrupted iterations
load-k6-1  | fspiopE2E   [  24% ] 15/15 VUs  1m20.0s/5m30.0s
load-k6-1  | 
load-k6-1  | running (1m21.0s), 15/15 VUs, 6766 complete and 0 interrupted iterations
load-k6-1  | fspiopE2E   [  25% ] 15/15 VUs  1m21.0s/5m30.0s
load-k6-1  | 
load-k6-1  | running (1m22.0s), 15/15 VUs, 6866 complete and 0 interrupted iterations
load-k6-1  | fspiopE2E   [  25% ] 15/15 VUs  1m22.0s/5m30.0s
load-k6-1  | 
load-k6-1  | running (1m23.0s), 15/15 VUs, 6971 complete and 0 interrupted iterations
load-k6-1  | fspiopE2E   [  25% ] 15/15 VUs  1m23.0s/5m30.0s
load-k6-1  | 
load-k6-1  | running (1m24.0s), 15/15 VUs, 7073 complete and 0 interrupted iterations
load-k6-1  | fspiopE2E   [  25% ] 15/15 VUs  1m24.0s/5m30.0s
load-k6-1  | 
load-k6-1  | running (1m25.0s), 15/15 VUs, 7175 complete and 0 interrupted iterations
load-k6-1  | fspiopE2E   [  26% ] 15/15 VUs  1m25.0s/5m30.0s
load-k6-1  | 
load-k6-1  | running (1m26.0s), 15/15 VUs, 7281 complete and 0 interrupted iterations
load-k6-1  | fspiopE2E   [  26% ] 15/15 VUs  1m26.0s/5m30.0s
load-k6-1  | 
load-k6-1  | running (1m27.0s), 15/15 VUs, 7387 complete and 0 interrupted iterations
load-k6-1  | fspiopE2E   [  26% ] 15/15 VUs  1m27.0s/5m30.0s
load-k6-1  | 
load-k6-1  | running (1m28.0s), 15/15 VUs, 7486 complete and 0 interrupted iterations
load-k6-1  | fspiopE2E   [  27% ] 15/15 VUs  1m28.0s/5m30.0s
load-k6-1  | 
load-k6-1  | running (1m29.0s), 15/15 VUs, 7591 complete and 0 interrupted iterations
load-k6-1  | fspiopE2E   [  27% ] 15/15 VUs  1m29.0s/5m30.0s
load-k6-1  | 
load-k6-1  | running (1m30.0s), 15/15 VUs, 7691 complete and 0 interrupted iterations
load-k6-1  | fspiopE2E   [  27% ] 15/15 VUs  1m30.0s/5m30.0s
load-k6-1  | 
load-k6-1  | running (1m31.0s), 15/15 VUs, 7794 complete and 0 interrupted iterations
load-k6-1  | fspiopE2E   [  28% ] 15/15 VUs  1m31.0s/5m30.0s
load-k6-1  | 
load-k6-1  | running (1m32.0s), 15/15 VUs, 7899 complete and 0 interrupted iterations
load-k6-1  | fspiopE2E   [  28% ] 15/15 VUs  1m32.0s/5m30.0s
load-k6-1  | 
load-k6-1  | running (1m33.0s), 15/15 VUs, 8000 complete and 0 interrupted iterations
load-k6-1  | fspiopE2E   [  28% ] 15/15 VUs  1m33.0s/5m30.0s
load-k6-1  | 
load-k6-1  | running (1m34.0s), 15/15 VUs, 8108 complete and 0 interrupted iterations
load-k6-1  | fspiopE2E   [  28% ] 15/15 VUs  1m34.0s/5m30.0s
load-k6-1  | 
load-k6-1  | running (1m35.0s), 15/15 VUs, 8218 complete and 0 interrupted iterations
load-k6-1  | fspiopE2E   [  29% ] 15/15 VUs  1m35.0s/5m30.0s
load-k6-1  | 
load-k6-1  | running (1m36.0s), 15/15 VUs, 8330 complete and 0 interrupted iterations
load-k6-1  | fspiopE2E   [  29% ] 15/15 VUs  1m36.0s/5m30.0s
load-k6-1  | 
load-k6-1  | running (1m37.0s), 15/15 VUs, 8437 complete and 0 interrupted iterations
load-k6-1  | fspiopE2E   [  29% ] 15/15 VUs  1m37.0s/5m30.0s
load-k6-1  | 
load-k6-1  | running (1m38.0s), 15/15 VUs, 8543 complete and 0 interrupted iterations
load-k6-1  | fspiopE2E   [  30% ] 15/15 VUs  1m38.0s/5m30.0s
load-k6-1  | 
load-k6-1  | running (1m39.0s), 15/15 VUs, 8645 complete and 0 interrupted iterations
load-k6-1  | fspiopE2E   [  30% ] 15/15 VUs  1m39.0s/5m30.0s
load-k6-1  | 
load-k6-1  | running (1m40.0s), 15/15 VUs, 8748 complete and 0 interrupted iterations
load-k6-1  | fspiopE2E   [  30% ] 15/15 VUs  1m40.0s/5m30.0s
load-k6-1  | 
load-k6-1  | running (1m41.0s), 15/15 VUs, 8846 complete and 0 interrupted iterations
load-k6-1  | fspiopE2E   [  31% ] 15/15 VUs  1m41.0s/5m30.0s
load-k6-1  | 
load-k6-1  | running (1m42.0s), 15/15 VUs, 8950 complete and 0 interrupted iterations
load-k6-1  | fspiopE2E   [  31% ] 15/15 VUs  1m42.0s/5m30.0s
load-k6-1  | 
load-k6-1  | running (1m43.0s), 15/15 VUs, 9055 complete and 0 interrupted iterations
load-k6-1  | fspiopE2E   [  31% ] 15/15 VUs  1m43.0s/5m30.0s
load-k6-1  | 
load-k6-1  | running (1m44.0s), 15/15 VUs, 9157 complete and 0 interrupted iterations
load-k6-1  | fspiopE2E   [  32% ] 15/15 VUs  1m44.0s/5m30.0s
load-k6-1  | 
load-k6-1  | running (1m45.0s), 15/15 VUs, 9264 complete and 0 interrupted iterations
load-k6-1  | fspiopE2E   [  32% ] 15/15 VUs  1m45.0s/5m30.0s
load-k6-1  | 
load-k6-1  | running (1m46.0s), 15/15 VUs, 9370 complete and 0 interrupted iterations
load-k6-1  | fspiopE2E   [  32% ] 15/15 VUs  1m46.0s/5m30.0s
load-k6-1  | 
load-k6-1  | running (1m47.0s), 15/15 VUs, 9474 complete and 0 interrupted iterations
load-k6-1  | fspiopE2E   [  32% ] 15/15 VUs  1m47.0s/5m30.0s
load-k6-1  | 
load-k6-1  | running (1m48.0s), 15/15 VUs, 9574 complete and 0 interrupted iterations
load-k6-1  | fspiopE2E   [  33% ] 15/15 VUs  1m48.0s/5m30.0s
load-k6-1  | 
load-k6-1  | running (1m49.0s), 15/15 VUs, 9677 complete and 0 interrupted iterations
load-k6-1  | fspiopE2E   [  33% ] 15/15 VUs  1m49.0s/5m30.0s
load-k6-1  | 
load-k6-1  | running (1m50.0s), 15/15 VUs, 9788 complete and 0 interrupted iterations
load-k6-1  | fspiopE2E   [  33% ] 15/15 VUs  1m50.0s/5m30.0s
load-k6-1  | 
load-k6-1  | running (1m51.0s), 15/15 VUs, 9892 complete and 0 interrupted iterations
load-k6-1  | fspiopE2E   [  34% ] 15/15 VUs  1m51.0s/5m30.0s
load-k6-1  | 
load-k6-1  | running (1m52.0s), 15/15 VUs, 9992 complete and 0 interrupted iterations
load-k6-1  | fspiopE2E   [  34% ] 15/15 VUs  1m52.0s/5m30.0s
load-k6-1  | 
load-k6-1  | running (1m53.0s), 15/15 VUs, 10099 complete and 0 interrupted iterations
load-k6-1  | fspiopE2E   [  34% ] 15/15 VUs  1m53.0s/5m30.0s
load-k6-1  | 
load-k6-1  | running (1m54.0s), 15/15 VUs, 10204 complete and 0 interrupted iterations
load-k6-1  | fspiopE2E   [  35% ] 15/15 VUs  1m54.0s/5m30.0s
load-k6-1  | 
load-k6-1  | running (1m55.0s), 15/15 VUs, 10306 complete and 0 interrupted iterations
load-k6-1  | fspiopE2E   [  35% ] 15/15 VUs  1m55.0s/5m30.0s
load-k6-1  | 
load-k6-1  | running (1m56.0s), 15/15 VUs, 10412 complete and 0 interrupted iterations
load-k6-1  | fspiopE2E   [  35% ] 15/15 VUs  1m56.0s/5m30.0s
load-k6-1  | 
load-k6-1  | running (1m57.0s), 15/15 VUs, 10514 complete and 0 interrupted iterations
load-k6-1  | fspiopE2E   [  35% ] 15/15 VUs  1m57.0s/5m30.0s
load-k6-1  | 
load-k6-1  | running (1m58.0s), 15/15 VUs, 10620 complete and 0 interrupted iterations
load-k6-1  | fspiopE2E   [  36% ] 15/15 VUs  1m58.0s/5m30.0s
load-k6-1  | 
load-k6-1  | running (1m59.0s), 15/15 VUs, 10720 complete and 0 interrupted iterations
load-k6-1  | fspiopE2E   [  36% ] 15/15 VUs  1m59.0s/5m30.0s
load-k6-1  | 
load-k6-1  | running (2m00.0s), 15/15 VUs, 10821 complete and 0 interrupted iterations
load-k6-1  | fspiopE2E   [  36% ] 15/15 VUs  2m00.0s/5m30.0s
load-k6-1  | 
load-k6-1  | running (2m01.0s), 15/15 VUs, 10930 complete and 0 interrupted iterations
load-k6-1  | fspiopE2E   [  37% ] 15/15 VUs  2m01.0s/5m30.0s
load-k6-1  | 
load-k6-1  | running (2m02.0s), 15/15 VUs, 11037 complete and 0 interrupted iterations
load-k6-1  | fspiopE2E   [  37% ] 15/15 VUs  2m02.0s/5m30.0s
load-k6-1  | 
load-k6-1  | running (2m03.0s), 15/15 VUs, 11141 complete and 0 interrupted iterations
load-k6-1  | fspiopE2E   [  37% ] 15/15 VUs  2m03.0s/5m30.0s
load-k6-1  | 
load-k6-1  | running (2m04.0s), 15/15 VUs, 11236 complete and 0 interrupted iterations
load-k6-1  | fspiopE2E   [  38% ] 15/15 VUs  2m04.0s/5m30.0s
load-k6-1  | 
load-k6-1  | running (2m05.0s), 15/15 VUs, 11338 complete and 0 interrupted iterations
load-k6-1  | fspiopE2E   [  38% ] 15/15 VUs  2m05.0s/5m30.0s
load-k6-1  | 
load-k6-1  | running (2m06.0s), 15/15 VUs, 11445 complete and 0 interrupted iterations
load-k6-1  | fspiopE2E   [  38% ] 15/15 VUs  2m06.0s/5m30.0s
load-k6-1  | 
load-k6-1  | running (2m07.0s), 15/15 VUs, 11551 complete and 0 interrupted iterations
load-k6-1  | fspiopE2E   [  38% ] 15/15 VUs  2m07.0s/5m30.0s
load-k6-1  | 
load-k6-1  | running (2m08.0s), 15/15 VUs, 11651 complete and 0 interrupted iterations
load-k6-1  | fspiopE2E   [  39% ] 15/15 VUs  2m08.0s/5m30.0s
load-k6-1  | 
load-k6-1  | running (2m09.0s), 15/15 VUs, 11757 complete and 0 interrupted iterations
load-k6-1  | fspiopE2E   [  39% ] 15/15 VUs  2m09.0s/5m30.0s
load-k6-1  | 
load-k6-1  | running (2m10.0s), 15/15 VUs, 11859 complete and 0 interrupted iterations
load-k6-1  | fspiopE2E   [  39% ] 15/15 VUs  2m10.0s/5m30.0s
load-k6-1  | 
load-k6-1  | running (2m11.0s), 15/15 VUs, 11971 complete and 0 interrupted iterations
load-k6-1  | fspiopE2E   [  40% ] 15/15 VUs  2m11.0s/5m30.0s
load-k6-1  | 
load-k6-1  | running (2m12.0s), 15/15 VUs, 12073 complete and 0 interrupted iterations
load-k6-1  | fspiopE2E   [  40% ] 15/15 VUs  2m12.0s/5m30.0s
load-k6-1  | 
load-k6-1  | running (2m13.0s), 15/15 VUs, 12176 complete and 0 interrupted iterations
load-k6-1  | fspiopE2E   [  40% ] 15/15 VUs  2m13.0s/5m30.0s
load-k6-1  | 
load-k6-1  | running (2m14.0s), 15/15 VUs, 12283 complete and 0 interrupted iterations
load-k6-1  | fspiopE2E   [  41% ] 15/15 VUs  2m14.0s/5m30.0s
load-k6-1  | 
load-k6-1  | running (2m15.0s), 15/15 VUs, 12386 complete and 0 interrupted iterations
load-k6-1  | fspiopE2E   [  41% ] 15/15 VUs  2m15.0s/5m30.0s
load-k6-1  | 
load-k6-1  | running (2m16.0s), 15/15 VUs, 12497 complete and 0 interrupted iterations
load-k6-1  | fspiopE2E   [  41% ] 15/15 VUs  2m16.0s/5m30.0s
load-k6-1  | 
load-k6-1  | running (2m17.0s), 15/15 VUs, 12601 complete and 0 interrupted iterations
load-k6-1  | fspiopE2E   [  42% ] 15/15 VUs  2m17.0s/5m30.0s
load-k6-1  | 
load-k6-1  | running (2m18.0s), 15/15 VUs, 12705 complete and 0 interrupted iterations
load-k6-1  | fspiopE2E   [  42% ] 15/15 VUs  2m18.0s/5m30.0s
load-k6-1  | 
load-k6-1  | running (2m19.0s), 15/15 VUs, 12811 complete and 0 interrupted iterations
load-k6-1  | fspiopE2E   [  42% ] 15/15 VUs  2m19.0s/5m30.0s
load-k6-1  | 
load-k6-1  | running (2m20.0s), 15/15 VUs, 12921 complete and 0 interrupted iterations
load-k6-1  | fspiopE2E   [  42% ] 15/15 VUs  2m20.0s/5m30.0s
load-k6-1  | 
load-k6-1  | running (2m21.0s), 15/15 VUs, 13035 complete and 0 interrupted iterations
load-k6-1  | fspiopE2E   [  43% ] 15/15 VUs  2m21.0s/5m30.0s
load-k6-1  | 
load-k6-1  | running (2m22.0s), 15/15 VUs, 13138 complete and 0 interrupted iterations
load-k6-1  | fspiopE2E   [  43% ] 15/15 VUs  2m22.0s/5m30.0s
load-k6-1  | 
load-k6-1  | running (2m23.0s), 15/15 VUs, 13240 complete and 0 interrupted iterations
load-k6-1  | fspiopE2E   [  43% ] 15/15 VUs  2m23.0s/5m30.0s
load-k6-1  | 
load-k6-1  | running (2m24.0s), 15/15 VUs, 13344 complete and 0 interrupted iterations
load-k6-1  | fspiopE2E   [  44% ] 15/15 VUs  2m24.0s/5m30.0s
load-k6-1  | 
load-k6-1  | running (2m25.0s), 15/15 VUs, 13455 complete and 0 interrupted iterations
load-k6-1  | fspiopE2E   [  44% ] 15/15 VUs  2m25.0s/5m30.0s
load-k6-1  | 
load-k6-1  | running (2m26.0s), 15/15 VUs, 13561 complete and 0 interrupted iterations
load-k6-1  | fspiopE2E   [  44% ] 15/15 VUs  2m26.0s/5m30.0s
load-k6-1  | 
load-k6-1  | running (2m27.0s), 15/15 VUs, 13669 complete and 0 interrupted iterations
load-k6-1  | fspiopE2E   [  45% ] 15/15 VUs  2m27.0s/5m30.0s
load-k6-1  | 
load-k6-1  | running (2m28.0s), 15/15 VUs, 13771 complete and 0 interrupted iterations
load-k6-1  | fspiopE2E   [  45% ] 15/15 VUs  2m28.0s/5m30.0s
load-k6-1  | 
load-k6-1  | running (2m29.0s), 15/15 VUs, 13878 complete and 0 interrupted iterations
load-k6-1  | fspiopE2E   [  45% ] 15/15 VUs  2m29.0s/5m30.0s
load-k6-1  | 
load-k6-1  | running (2m30.0s), 15/15 VUs, 13988 complete and 0 interrupted iterations
load-k6-1  | fspiopE2E   [  45% ] 15/15 VUs  2m30.0s/5m30.0s
load-k6-1  | 
load-k6-1  | running (2m31.0s), 15/15 VUs, 14083 complete and 0 interrupted iterations
load-k6-1  | fspiopE2E   [  46% ] 15/15 VUs  2m31.0s/5m30.0s
load-k6-1  | 
load-k6-1  | running (2m32.0s), 15/15 VUs, 14186 complete and 0 interrupted iterations
load-k6-1  | fspiopE2E   [  46% ] 15/15 VUs  2m32.0s/5m30.0s
load-k6-1  | 
load-k6-1  | running (2m33.0s), 15/15 VUs, 14289 complete and 0 interrupted iterations
load-k6-1  | fspiopE2E   [  46% ] 15/15 VUs  2m33.0s/5m30.0s
load-k6-1  | 
load-k6-1  | running (2m34.0s), 15/15 VUs, 14398 complete and 0 interrupted iterations
load-k6-1  | fspiopE2E   [  47% ] 15/15 VUs  2m34.0s/5m30.0s
load-k6-1  | 
load-k6-1  | running (2m35.0s), 15/15 VUs, 14504 complete and 0 interrupted iterations
load-k6-1  | fspiopE2E   [  47% ] 15/15 VUs  2m35.0s/5m30.0s
load-k6-1  | 
load-k6-1  | running (2m36.0s), 15/15 VUs, 14608 complete and 0 interrupted iterations
load-k6-1  | fspiopE2E   [  47% ] 15/15 VUs  2m36.0s/5m30.0s
load-k6-1  | 
load-k6-1  | running (2m37.0s), 15/15 VUs, 14718 complete and 0 interrupted iterations
load-k6-1  | fspiopE2E   [  48% ] 15/15 VUs  2m37.0s/5m30.0s
load-k6-1  | 
load-k6-1  | running (2m38.0s), 15/15 VUs, 14824 complete and 0 interrupted iterations
load-k6-1  | fspiopE2E   [  48% ] 15/15 VUs  2m38.0s/5m30.0s
load-k6-1  | 
load-k6-1  | running (2m39.0s), 15/15 VUs, 14932 complete and 0 interrupted iterations
load-k6-1  | fspiopE2E   [  48% ] 15/15 VUs  2m39.0s/5m30.0s
load-k6-1  | 
load-k6-1  | running (2m40.0s), 15/15 VUs, 15038 complete and 0 interrupted iterations
load-k6-1  | fspiopE2E   [  48% ] 15/15 VUs  2m40.0s/5m30.0s
load-k6-1  | 
load-k6-1  | running (2m41.0s), 15/15 VUs, 15135 complete and 0 interrupted iterations
load-k6-1  | fspiopE2E   [  49% ] 15/15 VUs  2m41.0s/5m30.0s
load-k6-1  | 
load-k6-1  | running (2m42.0s), 15/15 VUs, 15237 complete and 0 interrupted iterations
load-k6-1  | fspiopE2E   [  49% ] 15/15 VUs  2m42.0s/5m30.0s
load-k6-1  | 
load-k6-1  | running (2m43.0s), 15/15 VUs, 15343 complete and 0 interrupted iterations
load-k6-1  | fspiopE2E   [  49% ] 15/15 VUs  2m43.0s/5m30.0s
load-k6-1  | 
load-k6-1  | running (2m44.0s), 15/15 VUs, 15442 complete and 0 interrupted iterations
load-k6-1  | fspiopE2E   [  50% ] 15/15 VUs  2m44.0s/5m30.0s
load-k6-1  | 
load-k6-1  | running (2m45.0s), 15/15 VUs, 15549 complete and 0 interrupted iterations
load-k6-1  | fspiopE2E   [  50% ] 15/15 VUs  2m45.0s/5m30.0s
load-k6-1  | 
load-k6-1  | running (2m46.0s), 15/15 VUs, 15660 complete and 0 interrupted iterations
load-k6-1  | fspiopE2E   [  50% ] 15/15 VUs  2m46.0s/5m30.0s
load-k6-1  | 
load-k6-1  | running (2m47.0s), 15/15 VUs, 15761 complete and 0 interrupted iterations
load-k6-1  | fspiopE2E   [  51% ] 15/15 VUs  2m47.0s/5m30.0s
load-k6-1  | 
load-k6-1  | running (2m48.0s), 15/15 VUs, 15872 complete and 0 interrupted iterations
load-k6-1  | fspiopE2E   [  51% ] 15/15 VUs  2m48.0s/5m30.0s
load-k6-1  | 
load-k6-1  | running (2m49.0s), 15/15 VUs, 15970 complete and 0 interrupted iterations
load-k6-1  | fspiopE2E   [  51% ] 15/15 VUs  2m49.0s/5m30.0s
load-k6-1  | 
load-k6-1  | running (2m50.0s), 15/15 VUs, 16074 complete and 0 interrupted iterations
load-k6-1  | fspiopE2E   [  52% ] 15/15 VUs  2m50.0s/5m30.0s
load-k6-1  | 
load-k6-1  | running (2m51.0s), 15/15 VUs, 16188 complete and 0 interrupted iterations
load-k6-1  | fspiopE2E   [  52% ] 15/15 VUs  2m51.0s/5m30.0s
load-k6-1  | 
load-k6-1  | running (2m52.0s), 15/15 VUs, 16289 complete and 0 interrupted iterations
load-k6-1  | fspiopE2E   [  52% ] 15/15 VUs  2m52.0s/5m30.0s
load-k6-1  | 
load-k6-1  | running (2m53.0s), 15/15 VUs, 16402 complete and 0 interrupted iterations
load-k6-1  | fspiopE2E   [  52% ] 15/15 VUs  2m53.0s/5m30.0s
load-k6-1  | 
load-k6-1  | running (2m54.0s), 15/15 VUs, 16511 complete and 0 interrupted iterations
load-k6-1  | fspiopE2E   [  53% ] 15/15 VUs  2m54.0s/5m30.0s
load-k6-1  | 
load-k6-1  | running (2m55.0s), 15/15 VUs, 16612 complete and 0 interrupted iterations
load-k6-1  | fspiopE2E   [  53% ] 15/15 VUs  2m55.0s/5m30.0s
load-k6-1  | 
load-k6-1  | running (2m56.0s), 15/15 VUs, 16721 complete and 0 interrupted iterations
load-k6-1  | fspiopE2E   [  53% ] 15/15 VUs  2m56.0s/5m30.0s
load-k6-1  | 
load-k6-1  | running (2m57.0s), 15/15 VUs, 16830 complete and 0 interrupted iterations
load-k6-1  | fspiopE2E   [  54% ] 15/15 VUs  2m57.0s/5m30.0s
load-k6-1  | 
load-k6-1  | running (2m58.0s), 15/15 VUs, 16934 complete and 0 interrupted iterations
load-k6-1  | fspiopE2E   [  54% ] 15/15 VUs  2m58.0s/5m30.0s
load-k6-1  | 
load-k6-1  | running (2m59.0s), 15/15 VUs, 17031 complete and 0 interrupted iterations
load-k6-1  | fspiopE2E   [  54% ] 15/15 VUs  2m59.0s/5m30.0s
load-k6-1  | 
load-k6-1  | running (3m00.0s), 15/15 VUs, 17139 complete and 0 interrupted iterations
load-k6-1  | fspiopE2E   [  55% ] 15/15 VUs  3m00.0s/5m30.0s
load-k6-1  | 
load-k6-1  | running (3m01.0s), 15/15 VUs, 17245 complete and 0 interrupted iterations
load-k6-1  | fspiopE2E   [  55% ] 15/15 VUs  3m01.0s/5m30.0s
load-k6-1  | 
load-k6-1  | running (3m02.0s), 15/15 VUs, 17357 complete and 0 interrupted iterations
load-k6-1  | fspiopE2E   [  55% ] 15/15 VUs  3m02.0s/5m30.0s
load-k6-1  | 
load-k6-1  | running (3m03.0s), 15/15 VUs, 17465 complete and 0 interrupted iterations
load-k6-1  | fspiopE2E   [  55% ] 15/15 VUs  3m03.0s/5m30.0s
load-k6-1  | 
load-k6-1  | running (3m04.0s), 15/15 VUs, 17576 complete and 0 interrupted iterations
load-k6-1  | fspiopE2E   [  56% ] 15/15 VUs  3m04.0s/5m30.0s
load-k6-1  | 
load-k6-1  | running (3m05.0s), 15/15 VUs, 17678 complete and 0 interrupted iterations
load-k6-1  | fspiopE2E   [  56% ] 15/15 VUs  3m05.0s/5m30.0s
load-k6-1  | 
load-k6-1  | running (3m06.0s), 15/15 VUs, 17787 complete and 0 interrupted iterations
load-k6-1  | fspiopE2E   [  56% ] 15/15 VUs  3m06.0s/5m30.0s
load-k6-1  | 
load-k6-1  | running (3m07.0s), 15/15 VUs, 17888 complete and 0 interrupted iterations
load-k6-1  | fspiopE2E   [  57% ] 15/15 VUs  3m07.0s/5m30.0s
load-k6-1  | 
load-k6-1  | running (3m08.0s), 15/15 VUs, 17993 complete and 0 interrupted iterations
load-k6-1  | fspiopE2E   [  57% ] 15/15 VUs  3m08.0s/5m30.0s
load-k6-1  | 
load-k6-1  | running (3m09.0s), 15/15 VUs, 18100 complete and 0 interrupted iterations
load-k6-1  | fspiopE2E   [  57% ] 15/15 VUs  3m09.0s/5m30.0s
load-k6-1  | 
load-k6-1  | running (3m10.0s), 15/15 VUs, 18202 complete and 0 interrupted iterations
load-k6-1  | fspiopE2E   [  58% ] 15/15 VUs  3m10.0s/5m30.0s
load-k6-1  | 
load-k6-1  | running (3m11.0s), 15/15 VUs, 18314 complete and 0 interrupted iterations
load-k6-1  | fspiopE2E   [  58% ] 15/15 VUs  3m11.0s/5m30.0s
load-k6-1  | 
load-k6-1  | running (3m12.0s), 15/15 VUs, 18412 complete and 0 interrupted iterations
load-k6-1  | fspiopE2E   [  58% ] 15/15 VUs  3m12.0s/5m30.0s
load-k6-1  | 
load-k6-1  | running (3m13.0s), 15/15 VUs, 18518 complete and 0 interrupted iterations
load-k6-1  | fspiopE2E   [  58% ] 15/15 VUs  3m13.0s/5m30.0s
load-k6-1  | 
load-k6-1  | running (3m14.0s), 15/15 VUs, 18630 complete and 0 interrupted iterations
load-k6-1  | fspiopE2E   [  59% ] 15/15 VUs  3m14.0s/5m30.0s
load-k6-1  | 
load-k6-1  | running (3m15.0s), 15/15 VUs, 18733 complete and 0 interrupted iterations
load-k6-1  | fspiopE2E   [  59% ] 15/15 VUs  3m15.0s/5m30.0s
load-k6-1  | 
load-k6-1  | running (3m16.0s), 15/15 VUs, 18841 complete and 0 interrupted iterations
load-k6-1  | fspiopE2E   [  59% ] 15/15 VUs  3m16.0s/5m30.0s
load-k6-1  | 
load-k6-1  | running (3m17.0s), 15/15 VUs, 18942 complete and 0 interrupted iterations
load-k6-1  | fspiopE2E   [  60% ] 15/15 VUs  3m17.0s/5m30.0s
load-k6-1  | 
load-k6-1  | running (3m18.0s), 15/15 VUs, 19047 complete and 0 interrupted iterations
load-k6-1  | fspiopE2E   [  60% ] 15/15 VUs  3m18.0s/5m30.0s
load-k6-1  | 
load-k6-1  | running (3m19.0s), 15/15 VUs, 19151 complete and 0 interrupted iterations
load-k6-1  | fspiopE2E   [  60% ] 15/15 VUs  3m19.0s/5m30.0s
load-k6-1  | 
load-k6-1  | running (3m20.0s), 15/15 VUs, 19255 complete and 0 interrupted iterations
load-k6-1  | fspiopE2E   [  61% ] 15/15 VUs  3m20.0s/5m30.0s
load-k6-1  | 
load-k6-1  | running (3m21.0s), 15/15 VUs, 19365 complete and 0 interrupted iterations
load-k6-1  | fspiopE2E   [  61% ] 15/15 VUs  3m21.0s/5m30.0s
load-k6-1  | 
load-k6-1  | running (3m22.0s), 15/15 VUs, 19472 complete and 0 interrupted iterations
load-k6-1  | fspiopE2E   [  61% ] 15/15 VUs  3m22.0s/5m30.0s
load-k6-1  | 
load-k6-1  | running (3m23.0s), 15/15 VUs, 19581 complete and 0 interrupted iterations
load-k6-1  | fspiopE2E   [  62% ] 15/15 VUs  3m23.0s/5m30.0s
load-k6-1  | 
load-k6-1  | running (3m24.0s), 15/15 VUs, 19686 complete and 0 interrupted iterations
load-k6-1  | fspiopE2E   [  62% ] 15/15 VUs  3m24.0s/5m30.0s
load-k6-1  | 
load-k6-1  | running (3m25.0s), 15/15 VUs, 19791 complete and 0 interrupted iterations
load-k6-1  | fspiopE2E   [  62% ] 15/15 VUs  3m25.0s/5m30.0s
load-k6-1  | 
load-k6-1  | running (3m26.0s), 15/15 VUs, 19890 complete and 0 interrupted iterations
load-k6-1  | fspiopE2E   [  62% ] 15/15 VUs  3m26.0s/5m30.0s
load-k6-1  | 
load-k6-1  | running (3m27.0s), 15/15 VUs, 19998 complete and 0 interrupted iterations
load-k6-1  | fspiopE2E   [  63% ] 15/15 VUs  3m27.0s/5m30.0s
load-k6-1  | 
load-k6-1  | running (3m28.0s), 15/15 VUs, 20095 complete and 0 interrupted iterations
load-k6-1  | fspiopE2E   [  63% ] 15/15 VUs  3m28.0s/5m30.0s
load-k6-1  | 
load-k6-1  | running (3m29.0s), 15/15 VUs, 20203 complete and 0 interrupted iterations
load-k6-1  | fspiopE2E   [  63% ] 15/15 VUs  3m29.0s/5m30.0s
load-k6-1  | 
load-k6-1  | running (3m30.0s), 15/15 VUs, 20312 complete and 0 interrupted iterations
load-k6-1  | fspiopE2E   [  64% ] 15/15 VUs  3m30.0s/5m30.0s
load-k6-1  | 
load-k6-1  | running (3m31.0s), 15/15 VUs, 20421 complete and 0 interrupted iterations
load-k6-1  | fspiopE2E   [  64% ] 15/15 VUs  3m31.0s/5m30.0s
load-k6-1  | 
load-k6-1  | running (3m32.0s), 15/15 VUs, 20534 complete and 0 interrupted iterations
load-k6-1  | fspiopE2E   [  64% ] 15/15 VUs  3m32.0s/5m30.0s
load-k6-1  | 
load-k6-1  | running (3m33.0s), 15/15 VUs, 20644 complete and 0 interrupted iterations
load-k6-1  | fspiopE2E   [  65% ] 15/15 VUs  3m33.0s/5m30.0s
load-k6-1  | 
load-k6-1  | running (3m34.0s), 15/15 VUs, 20751 complete and 0 interrupted iterations
load-k6-1  | fspiopE2E   [  65% ] 15/15 VUs  3m34.0s/5m30.0s
load-k6-1  | 
load-k6-1  | running (3m35.0s), 15/15 VUs, 20862 complete and 0 interrupted iterations
load-k6-1  | fspiopE2E   [  65% ] 15/15 VUs  3m35.0s/5m30.0s
load-k6-1  | 
load-k6-1  | running (3m36.0s), 15/15 VUs, 20972 complete and 0 interrupted iterations
load-k6-1  | fspiopE2E   [  65% ] 15/15 VUs  3m36.0s/5m30.0s
load-k6-1  | 
load-k6-1  | running (3m37.0s), 15/15 VUs, 21083 complete and 0 interrupted iterations
load-k6-1  | fspiopE2E   [  66% ] 15/15 VUs  3m37.0s/5m30.0s
load-k6-1  | 
load-k6-1  | running (3m38.0s), 15/15 VUs, 21181 complete and 0 interrupted iterations
load-k6-1  | fspiopE2E   [  66% ] 15/15 VUs  3m38.0s/5m30.0s
load-k6-1  | 
load-k6-1  | running (3m39.0s), 15/15 VUs, 21279 complete and 0 interrupted iterations
load-k6-1  | fspiopE2E   [  66% ] 15/15 VUs  3m39.0s/5m30.0s
load-k6-1  | 
load-k6-1  | running (3m40.0s), 15/15 VUs, 21379 complete and 0 interrupted iterations
load-k6-1  | fspiopE2E   [  67% ] 15/15 VUs  3m40.0s/5m30.0s
load-k6-1  | 
load-k6-1  | running (3m41.0s), 15/15 VUs, 21487 complete and 0 interrupted iterations
load-k6-1  | fspiopE2E   [  67% ] 15/15 VUs  3m41.0s/5m30.0s
load-k6-1  | 
load-k6-1  | running (3m42.0s), 15/15 VUs, 21595 complete and 0 interrupted iterations
load-k6-1  | fspiopE2E   [  67% ] 15/15 VUs  3m42.0s/5m30.0s
load-k6-1  | 
load-k6-1  | running (3m43.0s), 15/15 VUs, 21702 complete and 0 interrupted iterations
load-k6-1  | fspiopE2E   [  68% ] 15/15 VUs  3m43.0s/5m30.0s
load-k6-1  | 
load-k6-1  | running (3m44.0s), 15/15 VUs, 21811 complete and 0 interrupted iterations
load-k6-1  | fspiopE2E   [  68% ] 15/15 VUs  3m44.0s/5m30.0s
load-k6-1  | 
load-k6-1  | running (3m45.0s), 15/15 VUs, 21913 complete and 0 interrupted iterations
load-k6-1  | fspiopE2E   [  68% ] 15/15 VUs  3m45.0s/5m30.0s
load-k6-1  | 
load-k6-1  | running (3m46.0s), 15/15 VUs, 22016 complete and 0 interrupted iterations
load-k6-1  | fspiopE2E   [  68% ] 15/15 VUs  3m46.0s/5m30.0s
load-k6-1  | 
load-k6-1  | running (3m47.0s), 15/15 VUs, 22115 complete and 0 interrupted iterations
load-k6-1  | fspiopE2E   [  69% ] 15/15 VUs  3m47.0s/5m30.0s
load-k6-1  | 
load-k6-1  | running (3m48.0s), 15/15 VUs, 22224 complete and 0 interrupted iterations
load-k6-1  | fspiopE2E   [  69% ] 15/15 VUs  3m48.0s/5m30.0s
load-k6-1  | 
load-k6-1  | running (3m49.0s), 15/15 VUs, 22327 complete and 0 interrupted iterations
load-k6-1  | fspiopE2E   [  69% ] 15/15 VUs  3m49.0s/5m30.0s
load-k6-1  | 
load-k6-1  | running (3m50.0s), 15/15 VUs, 22432 complete and 0 interrupted iterations
load-k6-1  | fspiopE2E   [  70% ] 15/15 VUs  3m50.0s/5m30.0s
load-k6-1  | 
load-k6-1  | running (3m51.0s), 15/15 VUs, 22542 complete and 0 interrupted iterations
load-k6-1  | fspiopE2E   [  70% ] 15/15 VUs  3m51.0s/5m30.0s
load-k6-1  | 
load-k6-1  | running (3m52.0s), 15/15 VUs, 22654 complete and 0 interrupted iterations
load-k6-1  | fspiopE2E   [  70% ] 15/15 VUs  3m52.0s/5m30.0s
load-k6-1  | 
load-k6-1  | running (3m53.0s), 15/15 VUs, 22758 complete and 0 interrupted iterations
load-k6-1  | fspiopE2E   [  71% ] 15/15 VUs  3m53.0s/5m30.0s
load-k6-1  | 
load-k6-1  | running (3m54.0s), 15/15 VUs, 22862 complete and 0 interrupted iterations
load-k6-1  | fspiopE2E   [  71% ] 15/15 VUs  3m54.0s/5m30.0s
load-k6-1  | 
load-k6-1  | running (3m55.0s), 15/15 VUs, 22970 complete and 0 interrupted iterations
load-k6-1  | fspiopE2E   [  71% ] 15/15 VUs  3m55.0s/5m30.0s
load-k6-1  | 
load-k6-1  | running (3m56.0s), 15/15 VUs, 23080 complete and 0 interrupted iterations
load-k6-1  | fspiopE2E   [  72% ] 15/15 VUs  3m56.0s/5m30.0s
load-k6-1  | 
load-k6-1  | running (3m57.0s), 15/15 VUs, 23186 complete and 0 interrupted iterations
load-k6-1  | fspiopE2E   [  72% ] 15/15 VUs  3m57.0s/5m30.0s
load-k6-1  | 
load-k6-1  | running (3m58.0s), 15/15 VUs, 23295 complete and 0 interrupted iterations
load-k6-1  | fspiopE2E   [  72% ] 15/15 VUs  3m58.0s/5m30.0s
load-k6-1  | 
load-k6-1  | running (3m59.0s), 15/15 VUs, 23405 complete and 0 interrupted iterations
load-k6-1  | fspiopE2E   [  72% ] 15/15 VUs  3m59.0s/5m30.0s
load-k6-1  | 
load-k6-1  | running (4m00.0s), 15/15 VUs, 23510 complete and 0 interrupted iterations
load-k6-1  | fspiopE2E   [  73% ] 15/15 VUs  4m00.0s/5m30.0s
load-k6-1  | 
load-k6-1  | running (4m01.0s), 15/15 VUs, 23612 complete and 0 interrupted iterations
load-k6-1  | fspiopE2E   [  73% ] 15/15 VUs  4m01.0s/5m30.0s
load-k6-1  | 
load-k6-1  | running (4m02.0s), 15/15 VUs, 23725 complete and 0 interrupted iterations
load-k6-1  | fspiopE2E   [  73% ] 15/15 VUs  4m02.0s/5m30.0s
load-k6-1  | 
load-k6-1  | running (4m03.0s), 15/15 VUs, 23836 complete and 0 interrupted iterations
load-k6-1  | fspiopE2E   [  74% ] 15/15 VUs  4m03.0s/5m30.0s
load-k6-1  | 
load-k6-1  | running (4m04.0s), 15/15 VUs, 23933 complete and 0 interrupted iterations
load-k6-1  | fspiopE2E   [  74% ] 15/15 VUs  4m04.0s/5m30.0s
load-k6-1  | 
load-k6-1  | running (4m05.0s), 15/15 VUs, 24036 complete and 0 interrupted iterations
load-k6-1  | fspiopE2E   [  74% ] 15/15 VUs  4m05.0s/5m30.0s
load-k6-1  | 
load-k6-1  | running (4m06.0s), 15/15 VUs, 24140 complete and 0 interrupted iterations
load-k6-1  | fspiopE2E   [  75% ] 15/15 VUs  4m06.0s/5m30.0s
load-k6-1  | 
load-k6-1  | running (4m07.0s), 15/15 VUs, 24248 complete and 0 interrupted iterations
load-k6-1  | fspiopE2E   [  75% ] 15/15 VUs  4m07.0s/5m30.0s
load-k6-1  | 
load-k6-1  | running (4m08.0s), 15/15 VUs, 24352 complete and 0 interrupted iterations
load-k6-1  | fspiopE2E   [  75% ] 15/15 VUs  4m08.0s/5m30.0s
load-k6-1  | 
load-k6-1  | running (4m09.0s), 15/15 VUs, 24461 complete and 0 interrupted iterations
load-k6-1  | fspiopE2E   [  75% ] 15/15 VUs  4m09.0s/5m30.0s
load-k6-1  | 
load-k6-1  | running (4m10.0s), 15/15 VUs, 24570 complete and 0 interrupted iterations
load-k6-1  | fspiopE2E   [  76% ] 15/15 VUs  4m10.0s/5m30.0s
load-k6-1  | 
load-k6-1  | running (4m11.0s), 15/15 VUs, 24671 complete and 0 interrupted iterations
load-k6-1  | fspiopE2E   [  76% ] 15/15 VUs  4m11.0s/5m30.0s
load-k6-1  | 
load-k6-1  | running (4m12.0s), 15/15 VUs, 24778 complete and 0 interrupted iterations
load-k6-1  | fspiopE2E   [  76% ] 15/15 VUs  4m12.0s/5m30.0s
load-k6-1  | 
load-k6-1  | running (4m13.0s), 15/15 VUs, 24881 complete and 0 interrupted iterations
load-k6-1  | fspiopE2E   [  77% ] 15/15 VUs  4m13.0s/5m30.0s
load-k6-1  | 
load-k6-1  | running (4m14.0s), 15/15 VUs, 24991 complete and 0 interrupted iterations
load-k6-1  | fspiopE2E   [  77% ] 15/15 VUs  4m14.0s/5m30.0s
load-k6-1  | 
load-k6-1  | running (4m15.0s), 15/15 VUs, 25099 complete and 0 interrupted iterations
load-k6-1  | fspiopE2E   [  77% ] 15/15 VUs  4m15.0s/5m30.0s
load-k6-1  | 
load-k6-1  | running (4m16.0s), 15/15 VUs, 25204 complete and 0 interrupted iterations
load-k6-1  | fspiopE2E   [  78% ] 15/15 VUs  4m16.0s/5m30.0s
load-k6-1  | 
load-k6-1  | running (4m17.0s), 15/15 VUs, 25308 complete and 0 interrupted iterations
load-k6-1  | fspiopE2E   [  78% ] 15/15 VUs  4m17.0s/5m30.0s
load-k6-1  | 
load-k6-1  | running (4m18.0s), 15/15 VUs, 25411 complete and 0 interrupted iterations
load-k6-1  | fspiopE2E   [  78% ] 15/15 VUs  4m18.0s/5m30.0s
load-k6-1  | 
load-k6-1  | running (4m19.0s), 15/15 VUs, 25520 complete and 0 interrupted iterations
load-k6-1  | fspiopE2E   [  78% ] 15/15 VUs  4m19.0s/5m30.0s
load-k6-1  | 
load-k6-1  | running (4m20.0s), 15/15 VUs, 25627 complete and 0 interrupted iterations
load-k6-1  | fspiopE2E   [  79% ] 15/15 VUs  4m20.0s/5m30.0s
load-k6-1  | 
load-k6-1  | running (4m21.0s), 15/15 VUs, 25738 complete and 0 interrupted iterations
load-k6-1  | fspiopE2E   [  79% ] 15/15 VUs  4m21.0s/5m30.0s
load-k6-1  | 
load-k6-1  | running (4m22.0s), 15/15 VUs, 25842 complete and 0 interrupted iterations
load-k6-1  | fspiopE2E   [  79% ] 15/15 VUs  4m22.0s/5m30.0s
load-k6-1  | 
load-k6-1  | running (4m23.0s), 15/15 VUs, 25946 complete and 0 interrupted iterations
load-k6-1  | fspiopE2E   [  80% ] 15/15 VUs  4m23.0s/5m30.0s
load-k6-1  | 
load-k6-1  | running (4m24.0s), 15/15 VUs, 26047 complete and 0 interrupted iterations
load-k6-1  | fspiopE2E   [  80% ] 15/15 VUs  4m24.0s/5m30.0s
load-k6-1  | 
load-k6-1  | running (4m25.0s), 15/15 VUs, 26154 complete and 0 interrupted iterations
load-k6-1  | fspiopE2E   [  80% ] 15/15 VUs  4m25.0s/5m30.0s
load-k6-1  | 
load-k6-1  | running (4m26.0s), 15/15 VUs, 26252 complete and 0 interrupted iterations
load-k6-1  | fspiopE2E   [  81% ] 15/15 VUs  4m26.0s/5m30.0s
load-k6-1  | 
load-k6-1  | running (4m27.0s), 15/15 VUs, 26360 complete and 0 interrupted iterations
load-k6-1  | fspiopE2E   [  81% ] 15/15 VUs  4m27.0s/5m30.0s
load-k6-1  | 
load-k6-1  | running (4m28.0s), 15/15 VUs, 26469 complete and 0 interrupted iterations
load-k6-1  | fspiopE2E   [  81% ] 15/15 VUs  4m28.0s/5m30.0s
load-k6-1  | 
load-k6-1  | running (4m29.0s), 15/15 VUs, 26577 complete and 0 interrupted iterations
load-k6-1  | fspiopE2E   [  82% ] 15/15 VUs  4m29.0s/5m30.0s
load-k6-1  | 
load-k6-1  | running (4m30.0s), 15/15 VUs, 26675 complete and 0 interrupted iterations
load-k6-1  | fspiopE2E   [  82% ] 15/15 VUs  4m30.0s/5m30.0s
load-k6-1  | 
load-k6-1  | running (4m31.0s), 15/15 VUs, 26785 complete and 0 interrupted iterations
load-k6-1  | fspiopE2E   [  82% ] 15/15 VUs  4m31.0s/5m30.0s
load-k6-1  | 
load-k6-1  | running (4m32.0s), 15/15 VUs, 26889 complete and 0 interrupted iterations
load-k6-1  | fspiopE2E   [  82% ] 15/15 VUs  4m32.0s/5m30.0s
load-k6-1  | 
load-k6-1  | running (4m33.0s), 15/15 VUs, 26996 complete and 0 interrupted iterations
load-k6-1  | fspiopE2E   [  83% ] 15/15 VUs  4m33.0s/5m30.0s
load-k6-1  | 
load-k6-1  | running (4m34.0s), 15/15 VUs, 27101 complete and 0 interrupted iterations
load-k6-1  | fspiopE2E   [  83% ] 15/15 VUs  4m34.0s/5m30.0s
load-k6-1  | 
load-k6-1  | running (4m35.0s), 15/15 VUs, 27209 complete and 0 interrupted iterations
load-k6-1  | fspiopE2E   [  83% ] 15/15 VUs  4m35.0s/5m30.0s
load-k6-1  | 
load-k6-1  | running (4m36.0s), 15/15 VUs, 27302 complete and 0 interrupted iterations
load-k6-1  | fspiopE2E   [  84% ] 15/15 VUs  4m36.0s/5m30.0s
load-k6-1  | 
load-k6-1  | running (4m37.0s), 15/15 VUs, 27412 complete and 0 interrupted iterations
load-k6-1  | fspiopE2E   [  84% ] 15/15 VUs  4m37.0s/5m30.0s
load-k6-1  | 
load-k6-1  | running (4m38.0s), 15/15 VUs, 27517 complete and 0 interrupted iterations
load-k6-1  | fspiopE2E   [  84% ] 15/15 VUs  4m38.0s/5m30.0s
load-k6-1  | 
load-k6-1  | running (4m39.0s), 15/15 VUs, 27625 complete and 0 interrupted iterations
load-k6-1  | fspiopE2E   [  85% ] 15/15 VUs  4m39.0s/5m30.0s
load-k6-1  | 
load-k6-1  | running (4m40.0s), 15/15 VUs, 27728 complete and 0 interrupted iterations
load-k6-1  | fspiopE2E   [  85% ] 15/15 VUs  4m40.0s/5m30.0s
load-k6-1  | 
load-k6-1  | running (4m41.0s), 15/15 VUs, 27834 complete and 0 interrupted iterations
load-k6-1  | fspiopE2E   [  85% ] 15/15 VUs  4m41.0s/5m30.0s
load-k6-1  | 
load-k6-1  | running (4m42.0s), 15/15 VUs, 27939 complete and 0 interrupted iterations
load-k6-1  | fspiopE2E   [  85% ] 15/15 VUs  4m42.0s/5m30.0s
load-k6-1  | 
load-k6-1  | running (4m43.0s), 15/15 VUs, 28038 complete and 0 interrupted iterations
load-k6-1  | fspiopE2E   [  86% ] 15/15 VUs  4m43.0s/5m30.0s
load-k6-1  | 
load-k6-1  | running (4m44.0s), 15/15 VUs, 28144 complete and 0 interrupted iterations
load-k6-1  | fspiopE2E   [  86% ] 15/15 VUs  4m44.0s/5m30.0s
load-k6-1  | 
load-k6-1  | running (4m45.0s), 15/15 VUs, 28248 complete and 0 interrupted iterations
load-k6-1  | fspiopE2E   [  86% ] 15/15 VUs  4m45.0s/5m30.0s
load-k6-1  | 
load-k6-1  | running (4m46.0s), 15/15 VUs, 28357 complete and 0 interrupted iterations
load-k6-1  | fspiopE2E   [  87% ] 15/15 VUs  4m46.0s/5m30.0s
load-k6-1  | 
load-k6-1  | running (4m47.0s), 15/15 VUs, 28459 complete and 0 interrupted iterations
load-k6-1  | fspiopE2E   [  87% ] 15/15 VUs  4m47.0s/5m30.0s
load-k6-1  | 
load-k6-1  | running (4m48.0s), 15/15 VUs, 28568 complete and 0 interrupted iterations
load-k6-1  | fspiopE2E   [  87% ] 15/15 VUs  4m48.0s/5m30.0s
load-k6-1  | 
load-k6-1  | running (4m49.0s), 15/15 VUs, 28675 complete and 0 interrupted iterations
load-k6-1  | fspiopE2E   [  88% ] 15/15 VUs  4m49.0s/5m30.0s
load-k6-1  | 
load-k6-1  | running (4m50.0s), 15/15 VUs, 28775 complete and 0 interrupted iterations
load-k6-1  | fspiopE2E   [  88% ] 15/15 VUs  4m50.0s/5m30.0s
load-k6-1  | 
load-k6-1  | running (4m51.0s), 15/15 VUs, 28883 complete and 0 interrupted iterations
load-k6-1  | fspiopE2E   [  88% ] 15/15 VUs  4m51.0s/5m30.0s
load-k6-1  | 
load-k6-1  | running (4m52.0s), 15/15 VUs, 28990 complete and 0 interrupted iterations
load-k6-1  | fspiopE2E   [  88% ] 15/15 VUs  4m52.0s/5m30.0s
load-k6-1  | 
load-k6-1  | running (4m53.0s), 15/15 VUs, 29098 complete and 0 interrupted iterations
load-k6-1  | fspiopE2E   [  89% ] 15/15 VUs  4m53.0s/5m30.0s
load-k6-1  | 
load-k6-1  | running (4m54.0s), 15/15 VUs, 29203 complete and 0 interrupted iterations
load-k6-1  | fspiopE2E   [  89% ] 15/15 VUs  4m54.0s/5m30.0s
load-k6-1  | 
load-k6-1  | running (4m55.0s), 15/15 VUs, 29302 complete and 0 interrupted iterations
load-k6-1  | fspiopE2E   [  89% ] 15/15 VUs  4m55.0s/5m30.0s
load-k6-1  | 
load-k6-1  | running (4m56.0s), 15/15 VUs, 29399 complete and 0 interrupted iterations
load-k6-1  | fspiopE2E   [  90% ] 15/15 VUs  4m56.0s/5m30.0s
load-k6-1  | 
load-k6-1  | running (4m57.0s), 15/15 VUs, 29504 complete and 0 interrupted iterations
load-k6-1  | fspiopE2E   [  90% ] 15/15 VUs  4m57.0s/5m30.0s
load-k6-1  | 
load-k6-1  | running (4m58.0s), 15/15 VUs, 29611 complete and 0 interrupted iterations
load-k6-1  | fspiopE2E   [  90% ] 15/15 VUs  4m58.0s/5m30.0s
load-k6-1  | 
load-k6-1  | running (4m59.0s), 15/15 VUs, 29716 complete and 0 interrupted iterations
load-k6-1  | fspiopE2E   [  91% ] 15/15 VUs  4m59.0s/5m30.0s
load-k6-1  | 
load-k6-1  | running (5m00.0s), 15/15 VUs, 29826 complete and 0 interrupted iterations
load-k6-1  | fspiopE2E   [  91% ] 15/15 VUs  5m00.0s/5m30.0s
load-k6-1  | 
load-k6-1  | running (5m01.0s), 15/15 VUs, 29935 complete and 0 interrupted iterations
load-k6-1  | fspiopE2E   [  91% ] 15/15 VUs  5m01.0s/5m30.0s
load-k6-1  | 
load-k6-1  | running (5m02.0s), 15/15 VUs, 30040 complete and 0 interrupted iterations
load-k6-1  | fspiopE2E   [  92% ] 15/15 VUs  5m02.0s/5m30.0s
load-k6-1  | 
load-k6-1  | running (5m03.0s), 15/15 VUs, 30148 complete and 0 interrupted iterations
load-k6-1  | fspiopE2E   [  92% ] 15/15 VUs  5m03.0s/5m30.0s
load-k6-1  | 
load-k6-1  | running (5m04.0s), 15/15 VUs, 30253 complete and 0 interrupted iterations
load-k6-1  | fspiopE2E   [  92% ] 15/15 VUs  5m04.0s/5m30.0s
load-k6-1  | 
load-k6-1  | running (5m05.0s), 15/15 VUs, 30364 complete and 0 interrupted iterations
load-k6-1  | fspiopE2E   [  92% ] 15/15 VUs  5m05.0s/5m30.0s
load-k6-1  | 
load-k6-1  | running (5m06.0s), 15/15 VUs, 30473 complete and 0 interrupted iterations
load-k6-1  | fspiopE2E   [  93% ] 15/15 VUs  5m06.0s/5m30.0s
load-k6-1  | 
load-k6-1  | running (5m07.0s), 15/15 VUs, 30586 complete and 0 interrupted iterations
load-k6-1  | fspiopE2E   [  93% ] 15/15 VUs  5m07.0s/5m30.0s
load-k6-1  | 
load-k6-1  | running (5m08.0s), 15/15 VUs, 30690 complete and 0 interrupted iterations
load-k6-1  | fspiopE2E   [  93% ] 15/15 VUs  5m08.0s/5m30.0s
load-k6-1  | 
load-k6-1  | running (5m09.0s), 15/15 VUs, 30799 complete and 0 interrupted iterations
load-k6-1  | fspiopE2E   [  94% ] 15/15 VUs  5m09.0s/5m30.0s
load-k6-1  | 
load-k6-1  | running (5m10.0s), 15/15 VUs, 30912 complete and 0 interrupted iterations
load-k6-1  | fspiopE2E   [  94% ] 15/15 VUs  5m10.0s/5m30.0s
load-k6-1  | 
load-k6-1  | running (5m11.0s), 15/15 VUs, 31008 complete and 0 interrupted iterations
load-k6-1  | fspiopE2E   [  94% ] 15/15 VUs  5m11.0s/5m30.0s
load-k6-1  | 
load-k6-1  | running (5m12.0s), 15/15 VUs, 31111 complete and 0 interrupted iterations
load-k6-1  | fspiopE2E   [  95% ] 15/15 VUs  5m12.0s/5m30.0s
load-k6-1  | 
load-k6-1  | running (5m13.0s), 15/15 VUs, 31217 complete and 0 interrupted iterations
load-k6-1  | fspiopE2E   [  95% ] 15/15 VUs  5m13.0s/5m30.0s
load-k6-1  | 
load-k6-1  | running (5m14.0s), 15/15 VUs, 31316 complete and 0 interrupted iterations
load-k6-1  | fspiopE2E   [  95% ] 15/15 VUs  5m14.0s/5m30.0s
load-k6-1  | 
load-k6-1  | running (5m15.0s), 15/15 VUs, 31420 complete and 0 interrupted iterations
load-k6-1  | fspiopE2E   [  95% ] 15/15 VUs  5m15.0s/5m30.0s
load-k6-1  | 
load-k6-1  | running (5m16.0s), 15/15 VUs, 31530 complete and 0 interrupted iterations
load-k6-1  | fspiopE2E   [  96% ] 15/15 VUs  5m16.0s/5m30.0s
load-k6-1  | 
load-k6-1  | running (5m17.0s), 15/15 VUs, 31635 complete and 0 interrupted iterations
load-k6-1  | fspiopE2E   [  96% ] 15/15 VUs  5m17.0s/5m30.0s
load-k6-1  | 
load-k6-1  | running (5m18.0s), 15/15 VUs, 31737 complete and 0 interrupted iterations
load-k6-1  | fspiopE2E   [  96% ] 15/15 VUs  5m18.0s/5m30.0s
load-k6-1  | 
load-k6-1  | running (5m19.0s), 15/15 VUs, 31843 complete and 0 interrupted iterations
load-k6-1  | fspiopE2E   [  97% ] 15/15 VUs  5m19.0s/5m30.0s
load-k6-1  | 
load-k6-1  | running (5m20.0s), 15/15 VUs, 31942 complete and 0 interrupted iterations
load-k6-1  | fspiopE2E   [  97% ] 15/15 VUs  5m20.0s/5m30.0s
load-k6-1  | 
load-k6-1  | running (5m21.0s), 15/15 VUs, 32049 complete and 0 interrupted iterations
load-k6-1  | fspiopE2E   [  97% ] 15/15 VUs  5m21.0s/5m30.0s
load-k6-1  | 
load-k6-1  | running (5m22.0s), 15/15 VUs, 32160 complete and 0 interrupted iterations
load-k6-1  | fspiopE2E   [  98% ] 15/15 VUs  5m22.0s/5m30.0s
load-k6-1  | 
load-k6-1  | running (5m23.0s), 15/15 VUs, 32272 complete and 0 interrupted iterations
load-k6-1  | fspiopE2E   [  98% ] 15/15 VUs  5m23.0s/5m30.0s
load-k6-1  | 
load-k6-1  | running (5m24.0s), 15/15 VUs, 32372 complete and 0 interrupted iterations
load-k6-1  | fspiopE2E   [  98% ] 15/15 VUs  5m24.0s/5m30.0s
load-k6-1  | 
load-k6-1  | running (5m25.0s), 15/15 VUs, 32483 complete and 0 interrupted iterations
load-k6-1  | fspiopE2E   [  98% ] 15/15 VUs  5m25.0s/5m30.0s
load-k6-1  | 
load-k6-1  | running (5m26.0s), 15/15 VUs, 32589 complete and 0 interrupted iterations
load-k6-1  | fspiopE2E   [  99% ] 15/15 VUs  5m26.0s/5m30.0s
load-k6-1  | 
load-k6-1  | running (5m27.0s), 15/15 VUs, 32695 complete and 0 interrupted iterations
load-k6-1  | fspiopE2E   [  99% ] 15/15 VUs  5m27.0s/5m30.0s
load-k6-1  | 
load-k6-1  | running (5m28.0s), 15/15 VUs, 32804 complete and 0 interrupted iterations
load-k6-1  | fspiopE2E   [  99% ] 15/15 VUs  5m28.0s/5m30.0s
load-k6-1  | 
load-k6-1  | running (5m29.0s), 15/15 VUs, 32899 complete and 0 interrupted iterations
load-k6-1  | fspiopE2E   [ 100% ] 15/15 VUs  5m29.0s/5m30.0s
load-k6-1  | 
load-k6-1  | running (5m30.0s), 15/15 VUs, 33005 complete and 0 interrupted iterations
load-k6-1  | fspiopE2E   [ 100% ] 15/15 VUs  5m30.0s/5m30.0s
load-k6-1  | 
load-k6-1  |      ✓ ALS_FSPIOP_GET_PARTIES_RESPONSE_IS_202
load-k6-1  |      ✓ ALS_E2E_FSPIOP_GET_PARTIES_SUCCESS
load-k6-1  |      ✓ QUOTES_FSPIOP_POST_QUOTES_RESPONSE_IS_202
load-k6-1  |      ✓ QUOTES_E2E_FSPIOP_POST_QUOTES_SUCCESS
load-k6-1  |      ✓ TRANSFERS_FSPIOP_POST_TRANSFERS_RESPONSE_IS_202
load-k6-1  |      ✓ TRANSFERS_E2E_FSPIOP_POST_TRANSFERS_SUCCESS
load-k6-1  | 
load-k6-1  |      █ E2E
load-k6-1  | 
load-k6-1  |      checks.........................: 100.00% ✓ 198120     ✗ 0    
load-k6-1  |      data_received..................: 31 MB   94 kB/s
load-k6-1  |      data_sent......................: 131 MB  398 kB/s
load-k6-1  |      group_duration.................: avg=293.21µs min=176.23µs med=290.18µs max=9.58ms  p(90)=349.2µs  p(95)=366.86µs
load-k6-1  |      http_req_blocked...............: avg=7.24µs   min=2.63µs   med=6.64µs   max=5.6ms   p(90)=8.8µs    p(95)=9.4µs   
load-k6-1  |      http_req_connecting............: avg=110ns    min=0s       med=0s       max=2.44ms  p(90)=0s       p(95)=0s      
load-k6-1  |    ✓ http_req_duration..............: avg=2.62ms   min=863.01µs med=2.34ms   max=65.94ms p(90)=4.05ms   p(95)=4.91ms  
load-k6-1  |        { expected_response:true }...: avg=2.62ms   min=863.01µs med=2.34ms   max=65.94ms p(90)=4.05ms   p(95)=4.91ms  
load-k6-1  |    ✓ http_req_failed................: 0.00%   ✓ 0          ✗ 99060
load-k6-1  |      http_req_receiving.............: avg=48.45µs  min=9.24µs   med=42.47µs  max=37.53ms p(90)=73.48µs  p(95)=83.13µs 
load-k6-1  |      http_req_sending...............: avg=29.18µs  min=10.36µs  med=27.78µs  max=2.89ms  p(90)=39.28µs  p(95)=42.55µs 
load-k6-1  |      http_req_tls_handshaking.......: avg=0s       min=0s       med=0s       max=0s      p(90)=0s       p(95)=0s      
load-k6-1  |      http_req_waiting...............: avg=2.54ms   min=806.83µs med=2.27ms   max=65.88ms p(90)=3.97ms   p(95)=4.83ms  
load-k6-1  |      http_reqs......................: 99060   300.093062/s
load-k6-1  |    ✓ iteration_duration.............: avg=143.08ms min=91.76ms  med=138.39ms max=3.41s   p(90)=175.47ms p(95)=189.75ms
load-k6-1  |      iterations.....................: 33020   100.031021/s
load-k6-1  |      vus............................: 15      min=1        max=15 
load-k6-1  |      vus_max........................: 15      min=15       max=15 
load-k6-1  |      ws_connecting..................: avg=784.67µs min=283.85µs med=687.54µs max=35.96ms p(90)=1.18ms   p(95)=1.42ms  
load-k6-1  |      ws_msgs_received...............: 99060   300.093062/s
load-k6-1  |      ws_msgs_sent...................: 99060   300.093062/s
load-k6-1  |      ws_session_duration............: avg=47.78ms  min=11.42ms  med=32.55ms  max=3.18s   p(90)=93.74ms  p(95)=103.3ms 
load-k6-1  |      ws_sessions....................: 99060   300.093062/s
load-k6-1  | 
load-k6-1  | 
load-k6-1  | running (5m30.1s), 00/15 VUs, 33020 complete and 0 interrupted iterations
load-k6-1  | fspiopE2E ✓ [ 100% ] 00/15 VUs  5m30s
load-k6-1 exited with code 0
