Attaching to load-k6-1
load-k6-1  | 
load-k6-1  |           /\      |‾‾| /‾‾/   /‾‾/   
load-k6-1  |      /\  /  \     |  |/  /   /  /    
load-k6-1  |     /  \/    \    |     (   /   ‾‾\  
load-k6-1  |    /          \   |  |\  \ |  (‾)  | 
load-k6-1  |   / __________ \  |__| \__\ \_____/ .io
load-k6-1  | 
load-k6-1  |   execution: local
load-k6-1  |      script: /scripts/index.js
load-k6-1  |      output: Prometheus remote write (http://prometheus:9090/api/v1/write)
load-k6-1  | 
load-k6-1  |   scenarios: (100.00%) 1 scenario, 70 max VUs, 6m0s max duration (incl. graceful stop):
load-k6-1  |            * fspiopE2E: Up to 70 looping VUs for 5m30s over 2 stages (gracefulRampDown: 30s, exec: fspiopE2EScenarios, gracefulStop: 30s)
load-k6-1  | 
load-k6-1  | 
load-k6-1  | running (0m01.0s), 03/70 VUs, 0 complete and 0 interrupted iterations
load-k6-1  | fspiopE2E   [   0% ] 03/70 VUs  0m01.0s/5m30.0s
load-k6-1  | 
load-k6-1  | running (0m02.0s), 05/70 VUs, 0 complete and 0 interrupted iterations
load-k6-1  | fspiopE2E   [   1% ] 05/70 VUs  0m02.0s/5m30.0s
load-k6-1  | 
load-k6-1  | running (0m03.0s), 07/70 VUs, 0 complete and 0 interrupted iterations
load-k6-1  | fspiopE2E   [   1% ] 07/70 VUs  0m03.0s/5m30.0s
load-k6-1  | 
load-k6-1  | running (0m04.0s), 10/70 VUs, 4 complete and 0 interrupted iterations
load-k6-1  | fspiopE2E   [   1% ] 10/70 VUs  0m04.0s/5m30.0s
load-k6-1  | 
load-k6-1  | running (0m05.0s), 12/70 VUs, 33 complete and 0 interrupted iterations
load-k6-1  | fspiopE2E   [   2% ] 12/70 VUs  0m05.0s/5m30.0s
load-k6-1  | 
load-k6-1  | running (0m06.0s), 14/70 VUs, 92 complete and 0 interrupted iterations
load-k6-1  | fspiopE2E   [   2% ] 14/70 VUs  0m06.0s/5m30.0s
load-k6-1  | 
load-k6-1  | running (0m07.0s), 17/70 VUs, 162 complete and 0 interrupted iterations
load-k6-1  | fspiopE2E   [   2% ] 17/70 VUs  0m07.0s/5m30.0s
load-k6-1  | 
load-k6-1  | running (0m08.0s), 19/70 VUs, 242 complete and 0 interrupted iterations
load-k6-1  | fspiopE2E   [   2% ] 19/70 VUs  0m08.0s/5m30.0s
load-k6-1  | 
load-k6-1  | running (0m09.0s), 21/70 VUs, 330 complete and 0 interrupted iterations
load-k6-1  | fspiopE2E   [   3% ] 21/70 VUs  0m09.0s/5m30.0s
load-k6-1  | 
load-k6-1  | running (0m10.0s), 23/70 VUs, 411 complete and 0 interrupted iterations
load-k6-1  | fspiopE2E   [   3% ] 23/70 VUs  0m10.0s/5m30.0s
load-k6-1  | 
load-k6-1  | running (0m11.0s), 26/70 VUs, 524 complete and 0 interrupted iterations
load-k6-1  | fspiopE2E   [   3% ] 26/70 VUs  0m11.0s/5m30.0s
load-k6-1  | 
load-k6-1  | running (0m12.0s), 28/70 VUs, 623 complete and 0 interrupted iterations
load-k6-1  | fspiopE2E   [   4% ] 28/70 VUs  0m12.0s/5m30.0s
load-k6-1  | 
load-k6-1  | running (0m13.0s), 30/70 VUs, 719 complete and 0 interrupted iterations
load-k6-1  | fspiopE2E   [   4% ] 30/70 VUs  0m13.0s/5m30.0s
load-k6-1  | 
load-k6-1  | running (0m14.0s), 33/70 VUs, 842 complete and 0 interrupted iterations
load-k6-1  | fspiopE2E   [   4% ] 33/70 VUs  0m14.0s/5m30.0s
load-k6-1  | 
load-k6-1  | running (0m15.0s), 35/70 VUs, 937 complete and 0 interrupted iterations
load-k6-1  | fspiopE2E   [   5% ] 35/70 VUs  0m15.0s/5m30.0s
load-k6-1  | 
load-k6-1  | running (0m16.0s), 37/70 VUs, 1046 complete and 0 interrupted iterations
load-k6-1  | fspiopE2E   [   5% ] 37/70 VUs  0m16.0s/5m30.0s
load-k6-1  | 
load-k6-1  | running (0m17.0s), 40/70 VUs, 1175 complete and 0 interrupted iterations
load-k6-1  | fspiopE2E   [   5% ] 40/70 VUs  0m17.0s/5m30.0s
load-k6-1  | 
load-k6-1  | running (0m18.0s), 42/70 VUs, 1309 complete and 0 interrupted iterations
load-k6-1  | fspiopE2E   [   5% ] 42/70 VUs  0m18.0s/5m30.0s
load-k6-1  | 
load-k6-1  | running (0m19.0s), 44/70 VUs, 1437 complete and 0 interrupted iterations
load-k6-1  | fspiopE2E   [   6% ] 44/70 VUs  0m19.0s/5m30.0s
load-k6-1  | 
load-k6-1  | running (0m20.0s), 46/70 VUs, 1562 complete and 0 interrupted iterations
load-k6-1  | fspiopE2E   [   6% ] 46/70 VUs  0m20.0s/5m30.0s
load-k6-1  | 
load-k6-1  | running (0m21.0s), 49/70 VUs, 1700 complete and 0 interrupted iterations
load-k6-1  | fspiopE2E   [   6% ] 49/70 VUs  0m21.0s/5m30.0s
load-k6-1  | 
load-k6-1  | running (0m22.0s), 51/70 VUs, 1851 complete and 0 interrupted iterations
load-k6-1  | fspiopE2E   [   7% ] 51/70 VUs  0m22.0s/5m30.0s
load-k6-1  | 
load-k6-1  | running (0m23.0s), 53/70 VUs, 2003 complete and 0 interrupted iterations
load-k6-1  | fspiopE2E   [   7% ] 53/70 VUs  0m23.0s/5m30.0s
load-k6-1  | 
load-k6-1  | running (0m24.0s), 56/70 VUs, 2162 complete and 0 interrupted iterations
load-k6-1  | fspiopE2E   [   7% ] 56/70 VUs  0m24.0s/5m30.0s
load-k6-1  | 
load-k6-1  | running (0m25.0s), 58/70 VUs, 2314 complete and 0 interrupted iterations
load-k6-1  | fspiopE2E   [   8% ] 58/70 VUs  0m25.0s/5m30.0s
load-k6-1  | 
load-k6-1  | running (0m26.0s), 60/70 VUs, 2476 complete and 0 interrupted iterations
load-k6-1  | fspiopE2E   [   8% ] 60/70 VUs  0m26.0s/5m30.0s
load-k6-1  | 
load-k6-1  | running (0m27.0s), 63/70 VUs, 2628 complete and 0 interrupted iterations
load-k6-1  | fspiopE2E   [   8% ] 63/70 VUs  0m27.0s/5m30.0s
load-k6-1  | 
load-k6-1  | running (0m28.0s), 65/70 VUs, 2794 complete and 0 interrupted iterations
load-k6-1  | fspiopE2E   [   8% ] 65/70 VUs  0m28.0s/5m30.0s
load-k6-1  | 
load-k6-1  | running (0m29.0s), 67/70 VUs, 2955 complete and 0 interrupted iterations
load-k6-1  | fspiopE2E   [   9% ] 67/70 VUs  0m29.0s/5m30.0s
load-k6-1  | 
load-k6-1  | running (0m30.0s), 69/70 VUs, 3104 complete and 0 interrupted iterations
load-k6-1  | fspiopE2E   [   9% ] 69/70 VUs  0m30.0s/5m30.0s
load-k6-1  | 
load-k6-1  | running (0m31.0s), 70/70 VUs, 3258 complete and 0 interrupted iterations
load-k6-1  | fspiopE2E   [   9% ] 70/70 VUs  0m31.0s/5m30.0s
load-k6-1  | 
load-k6-1  | running (0m32.0s), 70/70 VUs, 3417 complete and 0 interrupted iterations
load-k6-1  | fspiopE2E   [  10% ] 70/70 VUs  0m32.0s/5m30.0s
load-k6-1  | 
load-k6-1  | running (0m33.0s), 70/70 VUs, 3588 complete and 0 interrupted iterations
load-k6-1  | fspiopE2E   [  10% ] 70/70 VUs  0m33.0s/5m30.0s
load-k6-1  | 
load-k6-1  | running (0m34.0s), 70/70 VUs, 3752 complete and 0 interrupted iterations
load-k6-1  | fspiopE2E   [  10% ] 70/70 VUs  0m34.0s/5m30.0s
load-k6-1  | 
load-k6-1  | running (0m35.0s), 70/70 VUs, 3909 complete and 0 interrupted iterations
load-k6-1  | fspiopE2E   [  11% ] 70/70 VUs  0m35.0s/5m30.0s
load-k6-1  | 
load-k6-1  | running (0m36.0s), 70/70 VUs, 4051 complete and 0 interrupted iterations
load-k6-1  | fspiopE2E   [  11% ] 70/70 VUs  0m36.0s/5m30.0s
load-k6-1  | 
load-k6-1  | running (0m37.0s), 70/70 VUs, 4201 complete and 0 interrupted iterations
load-k6-1  | fspiopE2E   [  11% ] 70/70 VUs  0m37.0s/5m30.0s
load-k6-1  | 
load-k6-1  | running (0m38.0s), 70/70 VUs, 4347 complete and 0 interrupted iterations
load-k6-1  | fspiopE2E   [  12% ] 70/70 VUs  0m38.0s/5m30.0s
load-k6-1  | 
load-k6-1  | running (0m39.0s), 70/70 VUs, 4497 complete and 0 interrupted iterations
load-k6-1  | fspiopE2E   [  12% ] 70/70 VUs  0m39.0s/5m30.0s
load-k6-1  | 
load-k6-1  | running (0m40.0s), 70/70 VUs, 4641 complete and 0 interrupted iterations
load-k6-1  | fspiopE2E   [  12% ] 70/70 VUs  0m40.0s/5m30.0s
load-k6-1  | 
load-k6-1  | running (0m41.0s), 70/70 VUs, 4817 complete and 0 interrupted iterations
load-k6-1  | fspiopE2E   [  12% ] 70/70 VUs  0m41.0s/5m30.0s
load-k6-1  | 
load-k6-1  | running (0m42.0s), 70/70 VUs, 4961 complete and 0 interrupted iterations
load-k6-1  | fspiopE2E   [  13% ] 70/70 VUs  0m42.0s/5m30.0s
load-k6-1  | 
load-k6-1  | running (0m43.0s), 70/70 VUs, 5110 complete and 0 interrupted iterations
load-k6-1  | fspiopE2E   [  13% ] 70/70 VUs  0m43.0s/5m30.0s
load-k6-1  | 
load-k6-1  | running (0m44.0s), 70/70 VUs, 5273 complete and 0 interrupted iterations
load-k6-1  | fspiopE2E   [  13% ] 70/70 VUs  0m44.0s/5m30.0s
load-k6-1  | 
load-k6-1  | running (0m45.0s), 70/70 VUs, 5436 complete and 0 interrupted iterations
load-k6-1  | fspiopE2E   [  14% ] 70/70 VUs  0m45.0s/5m30.0s
load-k6-1  | 
load-k6-1  | running (0m46.0s), 70/70 VUs, 5601 complete and 0 interrupted iterations
load-k6-1  | fspiopE2E   [  14% ] 70/70 VUs  0m46.0s/5m30.0s
load-k6-1  | 
load-k6-1  | running (0m47.0s), 70/70 VUs, 5755 complete and 0 interrupted iterations
load-k6-1  | fspiopE2E   [  14% ] 70/70 VUs  0m47.0s/5m30.0s
load-k6-1  | 
load-k6-1  | running (0m48.0s), 70/70 VUs, 5914 complete and 0 interrupted iterations
load-k6-1  | fspiopE2E   [  15% ] 70/70 VUs  0m48.0s/5m30.0s
load-k6-1  | 
load-k6-1  | running (0m49.0s), 70/70 VUs, 6082 complete and 0 interrupted iterations
load-k6-1  | fspiopE2E   [  15% ] 70/70 VUs  0m49.0s/5m30.0s
load-k6-1  | 
load-k6-1  | running (0m50.0s), 70/70 VUs, 6248 complete and 0 interrupted iterations
load-k6-1  | fspiopE2E   [  15% ] 70/70 VUs  0m50.0s/5m30.0s
load-k6-1  | 
load-k6-1  | running (0m51.0s), 70/70 VUs, 6423 complete and 0 interrupted iterations
load-k6-1  | fspiopE2E   [  15% ] 70/70 VUs  0m51.0s/5m30.0s
load-k6-1  | 
load-k6-1  | running (0m52.0s), 70/70 VUs, 6576 complete and 0 interrupted iterations
load-k6-1  | fspiopE2E   [  16% ] 70/70 VUs  0m52.0s/5m30.0s
load-k6-1  | 
load-k6-1  | running (0m53.0s), 70/70 VUs, 6760 complete and 0 interrupted iterations
load-k6-1  | fspiopE2E   [  16% ] 70/70 VUs  0m53.0s/5m30.0s
load-k6-1  | 
load-k6-1  | running (0m54.0s), 70/70 VUs, 6922 complete and 0 interrupted iterations
load-k6-1  | fspiopE2E   [  16% ] 70/70 VUs  0m54.0s/5m30.0s
load-k6-1  | 
load-k6-1  | running (0m55.0s), 70/70 VUs, 7089 complete and 0 interrupted iterations
load-k6-1  | fspiopE2E   [  17% ] 70/70 VUs  0m55.0s/5m30.0s
load-k6-1  | 
load-k6-1  | running (0m56.0s), 70/70 VUs, 7262 complete and 0 interrupted iterations
load-k6-1  | fspiopE2E   [  17% ] 70/70 VUs  0m56.0s/5m30.0s
load-k6-1  | 
load-k6-1  | running (0m57.0s), 70/70 VUs, 7440 complete and 0 interrupted iterations
load-k6-1  | fspiopE2E   [  17% ] 70/70 VUs  0m57.0s/5m30.0s
load-k6-1  | 
load-k6-1  | running (0m58.0s), 70/70 VUs, 7617 complete and 0 interrupted iterations
load-k6-1  | fspiopE2E   [  18% ] 70/70 VUs  0m58.0s/5m30.0s
load-k6-1  | 
load-k6-1  | running (0m59.0s), 70/70 VUs, 7803 complete and 0 interrupted iterations
load-k6-1  | fspiopE2E   [  18% ] 70/70 VUs  0m59.0s/5m30.0s
load-k6-1  | 
load-k6-1  | running (1m00.0s), 70/70 VUs, 7981 complete and 0 interrupted iterations
load-k6-1  | fspiopE2E   [  18% ] 70/70 VUs  1m00.0s/5m30.0s
load-k6-1  | 
load-k6-1  | running (1m01.0s), 70/70 VUs, 8140 complete and 0 interrupted iterations
load-k6-1  | fspiopE2E   [  18% ] 70/70 VUs  1m01.0s/5m30.0s
load-k6-1  | 
load-k6-1  | running (1m02.0s), 70/70 VUs, 8316 complete and 0 interrupted iterations
load-k6-1  | fspiopE2E   [  19% ] 70/70 VUs  1m02.0s/5m30.0s
load-k6-1  | 
load-k6-1  | running (1m03.0s), 70/70 VUs, 8485 complete and 0 interrupted iterations
load-k6-1  | fspiopE2E   [  19% ] 70/70 VUs  1m03.0s/5m30.0s
load-k6-1  | 
load-k6-1  | running (1m04.0s), 70/70 VUs, 8662 complete and 0 interrupted iterations
load-k6-1  | fspiopE2E   [  19% ] 70/70 VUs  1m04.0s/5m30.0s
load-k6-1  | 
load-k6-1  | running (1m05.0s), 70/70 VUs, 8830 complete and 0 interrupted iterations
load-k6-1  | fspiopE2E   [  20% ] 70/70 VUs  1m05.0s/5m30.0s
load-k6-1  | 
load-k6-1  | running (1m06.0s), 70/70 VUs, 8995 complete and 0 interrupted iterations
load-k6-1  | fspiopE2E   [  20% ] 70/70 VUs  1m06.0s/5m30.0s
load-k6-1  | 
load-k6-1  | running (1m07.0s), 70/70 VUs, 9154 complete and 0 interrupted iterations
load-k6-1  | fspiopE2E   [  20% ] 70/70 VUs  1m07.0s/5m30.0s
load-k6-1  | 
load-k6-1  | running (1m08.0s), 70/70 VUs, 9317 complete and 0 interrupted iterations
load-k6-1  | fspiopE2E   [  21% ] 70/70 VUs  1m08.0s/5m30.0s
load-k6-1  | 
load-k6-1  | running (1m09.0s), 70/70 VUs, 9488 complete and 0 interrupted iterations
load-k6-1  | fspiopE2E   [  21% ] 70/70 VUs  1m09.0s/5m30.0s
load-k6-1  | 
load-k6-1  | running (1m10.0s), 70/70 VUs, 9630 complete and 0 interrupted iterations
load-k6-1  | fspiopE2E   [  21% ] 70/70 VUs  1m10.0s/5m30.0s
load-k6-1  | 
load-k6-1  | running (1m11.0s), 70/70 VUs, 9784 complete and 0 interrupted iterations
load-k6-1  | fspiopE2E   [  22% ] 70/70 VUs  1m11.0s/5m30.0s
load-k6-1  | 
load-k6-1  | running (1m12.0s), 70/70 VUs, 9954 complete and 0 interrupted iterations
load-k6-1  | fspiopE2E   [  22% ] 70/70 VUs  1m12.0s/5m30.0s
load-k6-1  | 
load-k6-1  | running (1m13.0s), 70/70 VUs, 10108 complete and 0 interrupted iterations
load-k6-1  | fspiopE2E   [  22% ] 70/70 VUs  1m13.0s/5m30.0s
load-k6-1  | 
load-k6-1  | running (1m14.0s), 70/70 VUs, 10277 complete and 0 interrupted iterations
load-k6-1  | fspiopE2E   [  22% ] 70/70 VUs  1m14.0s/5m30.0s
load-k6-1  | 
load-k6-1  | running (1m15.0s), 70/70 VUs, 10451 complete and 0 interrupted iterations
load-k6-1  | fspiopE2E   [  23% ] 70/70 VUs  1m15.0s/5m30.0s
load-k6-1  | 
load-k6-1  | running (1m16.0s), 70/70 VUs, 10627 complete and 0 interrupted iterations
load-k6-1  | fspiopE2E   [  23% ] 70/70 VUs  1m16.0s/5m30.0s
load-k6-1  | 
load-k6-1  | running (1m17.0s), 70/70 VUs, 10785 complete and 0 interrupted iterations
load-k6-1  | fspiopE2E   [  23% ] 70/70 VUs  1m17.0s/5m30.0s
load-k6-1  | 
load-k6-1  | running (1m18.0s), 70/70 VUs, 10975 complete and 0 interrupted iterations
load-k6-1  | fspiopE2E   [  24% ] 70/70 VUs  1m18.0s/5m30.0s
load-k6-1  | 
load-k6-1  | running (1m19.0s), 70/70 VUs, 11138 complete and 0 interrupted iterations
load-k6-1  | fspiopE2E   [  24% ] 70/70 VUs  1m19.0s/5m30.0s
load-k6-1  | 
load-k6-1  | running (1m20.0s), 70/70 VUs, 11292 complete and 0 interrupted iterations
load-k6-1  | fspiopE2E   [  24% ] 70/70 VUs  1m20.0s/5m30.0s
load-k6-1  | 
load-k6-1  | running (1m21.0s), 70/70 VUs, 11444 complete and 0 interrupted iterations
load-k6-1  | fspiopE2E   [  25% ] 70/70 VUs  1m21.0s/5m30.0s
load-k6-1  | 
load-k6-1  | running (1m22.0s), 70/70 VUs, 11618 complete and 0 interrupted iterations
load-k6-1  | fspiopE2E   [  25% ] 70/70 VUs  1m22.0s/5m30.0s
load-k6-1  | 
load-k6-1  | running (1m23.0s), 70/70 VUs, 11772 complete and 0 interrupted iterations
load-k6-1  | fspiopE2E   [  25% ] 70/70 VUs  1m23.0s/5m30.0s
load-k6-1  | 
load-k6-1  | running (1m24.0s), 70/70 VUs, 11930 complete and 0 interrupted iterations
load-k6-1  | fspiopE2E   [  25% ] 70/70 VUs  1m24.0s/5m30.0s
load-k6-1  | 
load-k6-1  | running (1m25.0s), 70/70 VUs, 12096 complete and 0 interrupted iterations
load-k6-1  | fspiopE2E   [  26% ] 70/70 VUs  1m25.0s/5m30.0s
load-k6-1  | 
load-k6-1  | running (1m26.0s), 70/70 VUs, 12262 complete and 0 interrupted iterations
load-k6-1  | fspiopE2E   [  26% ] 70/70 VUs  1m26.0s/5m30.0s
load-k6-1  | 
load-k6-1  | running (1m27.0s), 70/70 VUs, 12433 complete and 0 interrupted iterations
load-k6-1  | fspiopE2E   [  26% ] 70/70 VUs  1m27.0s/5m30.0s
load-k6-1  | 
load-k6-1  | running (1m28.0s), 70/70 VUs, 12615 complete and 0 interrupted iterations
load-k6-1  | fspiopE2E   [  27% ] 70/70 VUs  1m28.0s/5m30.0s
load-k6-1  | 
load-k6-1  | running (1m29.0s), 70/70 VUs, 12786 complete and 0 interrupted iterations
load-k6-1  | fspiopE2E   [  27% ] 70/70 VUs  1m29.0s/5m30.0s
load-k6-1  | 
load-k6-1  | running (1m30.0s), 70/70 VUs, 12960 complete and 0 interrupted iterations
load-k6-1  | fspiopE2E   [  27% ] 70/70 VUs  1m30.0s/5m30.0s
load-k6-1  | 
load-k6-1  | running (1m31.0s), 70/70 VUs, 13135 complete and 0 interrupted iterations
load-k6-1  | fspiopE2E   [  28% ] 70/70 VUs  1m31.0s/5m30.0s
load-k6-1  | 
load-k6-1  | running (1m32.0s), 70/70 VUs, 13285 complete and 0 interrupted iterations
load-k6-1  | fspiopE2E   [  28% ] 70/70 VUs  1m32.0s/5m30.0s
load-k6-1  | 
load-k6-1  | running (1m33.0s), 70/70 VUs, 13471 complete and 0 interrupted iterations
load-k6-1  | fspiopE2E   [  28% ] 70/70 VUs  1m33.0s/5m30.0s
load-k6-1  | 
load-k6-1  | running (1m34.0s), 70/70 VUs, 13640 complete and 0 interrupted iterations
load-k6-1  | fspiopE2E   [  28% ] 70/70 VUs  1m34.0s/5m30.0s
load-k6-1  | 
load-k6-1  | running (1m35.0s), 70/70 VUs, 13810 complete and 0 interrupted iterations
load-k6-1  | fspiopE2E   [  29% ] 70/70 VUs  1m35.0s/5m30.0s
load-k6-1  | 
load-k6-1  | running (1m36.0s), 70/70 VUs, 13970 complete and 0 interrupted iterations
load-k6-1  | fspiopE2E   [  29% ] 70/70 VUs  1m36.0s/5m30.0s
load-k6-1  | 
load-k6-1  | running (1m37.0s), 70/70 VUs, 14109 complete and 0 interrupted iterations
load-k6-1  | fspiopE2E   [  29% ] 70/70 VUs  1m37.0s/5m30.0s
load-k6-1  | 
load-k6-1  | running (1m38.0s), 70/70 VUs, 14274 complete and 0 interrupted iterations
load-k6-1  | fspiopE2E   [  30% ] 70/70 VUs  1m38.0s/5m30.0s
load-k6-1  | 
load-k6-1  | running (1m39.0s), 70/70 VUs, 14451 complete and 0 interrupted iterations
load-k6-1  | fspiopE2E   [  30% ] 70/70 VUs  1m39.0s/5m30.0s
load-k6-1  | 
load-k6-1  | running (1m40.0s), 70/70 VUs, 14613 complete and 0 interrupted iterations
load-k6-1  | fspiopE2E   [  30% ] 70/70 VUs  1m40.0s/5m30.0s
load-k6-1  | 
load-k6-1  | running (1m41.0s), 70/70 VUs, 14765 complete and 0 interrupted iterations
load-k6-1  | fspiopE2E   [  31% ] 70/70 VUs  1m41.0s/5m30.0s
load-k6-1  | 
load-k6-1  | running (1m42.0s), 70/70 VUs, 14910 complete and 0 interrupted iterations
load-k6-1  | fspiopE2E   [  31% ] 70/70 VUs  1m42.0s/5m30.0s
load-k6-1  | 
load-k6-1  | running (1m43.0s), 70/70 VUs, 15071 complete and 0 interrupted iterations
load-k6-1  | fspiopE2E   [  31% ] 70/70 VUs  1m43.0s/5m30.0s
load-k6-1  | 
load-k6-1  | running (1m44.0s), 70/70 VUs, 15233 complete and 0 interrupted iterations
load-k6-1  | fspiopE2E   [  32% ] 70/70 VUs  1m44.0s/5m30.0s
load-k6-1  | 
load-k6-1  | running (1m45.0s), 70/70 VUs, 15399 complete and 0 interrupted iterations
load-k6-1  | fspiopE2E   [  32% ] 70/70 VUs  1m45.0s/5m30.0s
load-k6-1  | 
load-k6-1  | running (1m46.0s), 70/70 VUs, 15544 complete and 0 interrupted iterations
load-k6-1  | fspiopE2E   [  32% ] 70/70 VUs  1m46.0s/5m30.0s
load-k6-1  | 
load-k6-1  | running (1m47.0s), 70/70 VUs, 15693 complete and 0 interrupted iterations
load-k6-1  | fspiopE2E   [  32% ] 70/70 VUs  1m47.0s/5m30.0s
load-k6-1  | 
load-k6-1  | running (1m48.0s), 70/70 VUs, 15867 complete and 0 interrupted iterations
load-k6-1  | fspiopE2E   [  33% ] 70/70 VUs  1m48.0s/5m30.0s
load-k6-1  | 
load-k6-1  | running (1m49.0s), 70/70 VUs, 16030 complete and 0 interrupted iterations
load-k6-1  | fspiopE2E   [  33% ] 70/70 VUs  1m49.0s/5m30.0s
load-k6-1  | 
load-k6-1  | running (1m50.0s), 70/70 VUs, 16200 complete and 0 interrupted iterations
load-k6-1  | fspiopE2E   [  33% ] 70/70 VUs  1m50.0s/5m30.0s
load-k6-1  | 
load-k6-1  | running (1m51.0s), 70/70 VUs, 16378 complete and 0 interrupted iterations
load-k6-1  | fspiopE2E   [  34% ] 70/70 VUs  1m51.0s/5m30.0s
load-k6-1  | 
load-k6-1  | running (1m52.0s), 70/70 VUs, 16552 complete and 0 interrupted iterations
load-k6-1  | fspiopE2E   [  34% ] 70/70 VUs  1m52.0s/5m30.0s
load-k6-1  | 
load-k6-1  | running (1m53.0s), 70/70 VUs, 16712 complete and 0 interrupted iterations
load-k6-1  | fspiopE2E   [  34% ] 70/70 VUs  1m53.0s/5m30.0s
load-k6-1  | 
load-k6-1  | running (1m54.0s), 70/70 VUs, 16862 complete and 0 interrupted iterations
load-k6-1  | fspiopE2E   [  35% ] 70/70 VUs  1m54.0s/5m30.0s
load-k6-1  | 
load-k6-1  | running (1m55.0s), 70/70 VUs, 17030 complete and 0 interrupted iterations
load-k6-1  | fspiopE2E   [  35% ] 70/70 VUs  1m55.0s/5m30.0s
load-k6-1  | 
load-k6-1  | running (1m56.0s), 70/70 VUs, 17197 complete and 0 interrupted iterations
load-k6-1  | fspiopE2E   [  35% ] 70/70 VUs  1m56.0s/5m30.0s
load-k6-1  | 
load-k6-1  | running (1m57.0s), 70/70 VUs, 17358 complete and 0 interrupted iterations
load-k6-1  | fspiopE2E   [  35% ] 70/70 VUs  1m57.0s/5m30.0s
load-k6-1  | 
load-k6-1  | running (1m58.0s), 70/70 VUs, 17510 complete and 0 interrupted iterations
load-k6-1  | fspiopE2E   [  36% ] 70/70 VUs  1m58.0s/5m30.0s
load-k6-1  | 
load-k6-1  | running (1m59.0s), 70/70 VUs, 17673 complete and 0 interrupted iterations
load-k6-1  | fspiopE2E   [  36% ] 70/70 VUs  1m59.0s/5m30.0s
load-k6-1  | 
load-k6-1  | running (2m00.0s), 70/70 VUs, 17826 complete and 0 interrupted iterations
load-k6-1  | fspiopE2E   [  36% ] 70/70 VUs  2m00.0s/5m30.0s
load-k6-1  | 
load-k6-1  | running (2m01.0s), 70/70 VUs, 17988 complete and 0 interrupted iterations
load-k6-1  | fspiopE2E   [  37% ] 70/70 VUs  2m01.0s/5m30.0s
load-k6-1  | 
load-k6-1  | running (2m02.0s), 70/70 VUs, 18154 complete and 0 interrupted iterations
load-k6-1  | fspiopE2E   [  37% ] 70/70 VUs  2m02.0s/5m30.0s
load-k6-1  | 
load-k6-1  | running (2m03.0s), 70/70 VUs, 18319 complete and 0 interrupted iterations
load-k6-1  | fspiopE2E   [  37% ] 70/70 VUs  2m03.0s/5m30.0s
load-k6-1  | 
load-k6-1  | running (2m04.0s), 70/70 VUs, 18484 complete and 0 interrupted iterations
load-k6-1  | fspiopE2E   [  38% ] 70/70 VUs  2m04.0s/5m30.0s
load-k6-1  | 
load-k6-1  | running (2m05.0s), 70/70 VUs, 18664 complete and 0 interrupted iterations
load-k6-1  | fspiopE2E   [  38% ] 70/70 VUs  2m05.0s/5m30.0s
load-k6-1  | 
load-k6-1  | running (2m06.0s), 70/70 VUs, 18816 complete and 0 interrupted iterations
load-k6-1  | fspiopE2E   [  38% ] 70/70 VUs  2m06.0s/5m30.0s
load-k6-1  | 
load-k6-1  | running (2m07.0s), 70/70 VUs, 18979 complete and 0 interrupted iterations
load-k6-1  | fspiopE2E   [  38% ] 70/70 VUs  2m07.0s/5m30.0s
load-k6-1  | 
load-k6-1  | running (2m08.0s), 70/70 VUs, 19142 complete and 0 interrupted iterations
load-k6-1  | fspiopE2E   [  39% ] 70/70 VUs  2m08.0s/5m30.0s
load-k6-1  | 
load-k6-1  | running (2m09.0s), 70/70 VUs, 19315 complete and 0 interrupted iterations
load-k6-1  | fspiopE2E   [  39% ] 70/70 VUs  2m09.0s/5m30.0s
load-k6-1  | 
load-k6-1  | running (2m10.0s), 70/70 VUs, 19479 complete and 0 interrupted iterations
load-k6-1  | fspiopE2E   [  39% ] 70/70 VUs  2m10.0s/5m30.0s
load-k6-1  | 
load-k6-1  | running (2m11.0s), 70/70 VUs, 19645 complete and 0 interrupted iterations
load-k6-1  | fspiopE2E   [  40% ] 70/70 VUs  2m11.0s/5m30.0s
load-k6-1  | 
load-k6-1  | running (2m12.0s), 70/70 VUs, 19814 complete and 0 interrupted iterations
load-k6-1  | fspiopE2E   [  40% ] 70/70 VUs  2m12.0s/5m30.0s
load-k6-1  | 
load-k6-1  | running (2m13.0s), 70/70 VUs, 19986 complete and 0 interrupted iterations
load-k6-1  | fspiopE2E   [  40% ] 70/70 VUs  2m13.0s/5m30.0s
load-k6-1  | 
load-k6-1  | running (2m14.0s), 70/70 VUs, 20135 complete and 0 interrupted iterations
load-k6-1  | fspiopE2E   [  41% ] 70/70 VUs  2m14.0s/5m30.0s
load-k6-1  | 
load-k6-1  | running (2m15.0s), 70/70 VUs, 20294 complete and 0 interrupted iterations
load-k6-1  | fspiopE2E   [  41% ] 70/70 VUs  2m15.0s/5m30.0s
load-k6-1  | 
load-k6-1  | running (2m16.0s), 70/70 VUs, 20459 complete and 0 interrupted iterations
load-k6-1  | fspiopE2E   [  41% ] 70/70 VUs  2m16.0s/5m30.0s
load-k6-1  | 
load-k6-1  | running (2m17.0s), 70/70 VUs, 20631 complete and 0 interrupted iterations
load-k6-1  | fspiopE2E   [  42% ] 70/70 VUs  2m17.0s/5m30.0s
load-k6-1  | 
load-k6-1  | running (2m18.0s), 70/70 VUs, 20793 complete and 0 interrupted iterations
load-k6-1  | fspiopE2E   [  42% ] 70/70 VUs  2m18.0s/5m30.0s
load-k6-1  | 
load-k6-1  | running (2m19.0s), 70/70 VUs, 20962 complete and 0 interrupted iterations
load-k6-1  | fspiopE2E   [  42% ] 70/70 VUs  2m19.0s/5m30.0s
load-k6-1  | 
load-k6-1  | running (2m20.0s), 70/70 VUs, 21139 complete and 0 interrupted iterations
load-k6-1  | fspiopE2E   [  42% ] 70/70 VUs  2m20.0s/5m30.0s
load-k6-1  | 
load-k6-1  | running (2m21.0s), 70/70 VUs, 21304 complete and 0 interrupted iterations
load-k6-1  | fspiopE2E   [  43% ] 70/70 VUs  2m21.0s/5m30.0s
load-k6-1  | 
load-k6-1  | running (2m22.0s), 70/70 VUs, 21472 complete and 0 interrupted iterations
load-k6-1  | fspiopE2E   [  43% ] 70/70 VUs  2m22.0s/5m30.0s
load-k6-1  | 
load-k6-1  | running (2m23.0s), 70/70 VUs, 21648 complete and 0 interrupted iterations
load-k6-1  | fspiopE2E   [  43% ] 70/70 VUs  2m23.0s/5m30.0s
load-k6-1  | 
load-k6-1  | running (2m24.0s), 70/70 VUs, 21817 complete and 0 interrupted iterations
load-k6-1  | fspiopE2E   [  44% ] 70/70 VUs  2m24.0s/5m30.0s
load-k6-1  | 
load-k6-1  | running (2m25.0s), 70/70 VUs, 21990 complete and 0 interrupted iterations
load-k6-1  | fspiopE2E   [  44% ] 70/70 VUs  2m25.0s/5m30.0s
load-k6-1  | 
load-k6-1  | running (2m26.0s), 70/70 VUs, 22147 complete and 0 interrupted iterations
load-k6-1  | fspiopE2E   [  44% ] 70/70 VUs  2m26.0s/5m30.0s
load-k6-1  | 
load-k6-1  | running (2m27.0s), 70/70 VUs, 22325 complete and 0 interrupted iterations
load-k6-1  | fspiopE2E   [  45% ] 70/70 VUs  2m27.0s/5m30.0s
load-k6-1  | 
load-k6-1  | running (2m28.0s), 70/70 VUs, 22482 complete and 0 interrupted iterations
load-k6-1  | fspiopE2E   [  45% ] 70/70 VUs  2m28.0s/5m30.0s
load-k6-1  | 
load-k6-1  | running (2m29.0s), 70/70 VUs, 22633 complete and 0 interrupted iterations
load-k6-1  | fspiopE2E   [  45% ] 70/70 VUs  2m29.0s/5m30.0s
load-k6-1  | 
load-k6-1  | running (2m30.0s), 70/70 VUs, 22816 complete and 0 interrupted iterations
load-k6-1  | fspiopE2E   [  45% ] 70/70 VUs  2m30.0s/5m30.0s
load-k6-1  | 
load-k6-1  | running (2m31.0s), 70/70 VUs, 22958 complete and 0 interrupted iterations
load-k6-1  | fspiopE2E   [  46% ] 70/70 VUs  2m31.0s/5m30.0s
load-k6-1  | 
load-k6-1  | running (2m32.0s), 70/70 VUs, 23127 complete and 0 interrupted iterations
load-k6-1  | fspiopE2E   [  46% ] 70/70 VUs  2m32.0s/5m30.0s
load-k6-1  | 
load-k6-1  | running (2m33.0s), 70/70 VUs, 23302 complete and 0 interrupted iterations
load-k6-1  | fspiopE2E   [  46% ] 70/70 VUs  2m33.0s/5m30.0s
load-k6-1  | 
load-k6-1  | running (2m34.0s), 70/70 VUs, 23449 complete and 0 interrupted iterations
load-k6-1  | fspiopE2E   [  47% ] 70/70 VUs  2m34.0s/5m30.0s
load-k6-1  | 
load-k6-1  | running (2m35.0s), 70/70 VUs, 23628 complete and 0 interrupted iterations
load-k6-1  | fspiopE2E   [  47% ] 70/70 VUs  2m35.0s/5m30.0s
load-k6-1  | 
load-k6-1  | running (2m36.0s), 70/70 VUs, 23784 complete and 0 interrupted iterations
load-k6-1  | fspiopE2E   [  47% ] 70/70 VUs  2m36.0s/5m30.0s
load-k6-1  | 
load-k6-1  | running (2m37.0s), 70/70 VUs, 23958 complete and 0 interrupted iterations
load-k6-1  | fspiopE2E   [  48% ] 70/70 VUs  2m37.0s/5m30.0s
load-k6-1  | 
load-k6-1  | running (2m38.0s), 70/70 VUs, 24129 complete and 0 interrupted iterations
load-k6-1  | fspiopE2E   [  48% ] 70/70 VUs  2m38.0s/5m30.0s
load-k6-1  | 
load-k6-1  | running (2m39.0s), 70/70 VUs, 24299 complete and 0 interrupted iterations
load-k6-1  | fspiopE2E   [  48% ] 70/70 VUs  2m39.0s/5m30.0s
load-k6-1  | 
load-k6-1  | running (2m40.0s), 70/70 VUs, 24462 complete and 0 interrupted iterations
load-k6-1  | fspiopE2E   [  48% ] 70/70 VUs  2m40.0s/5m30.0s
load-k6-1  | 
load-k6-1  | running (2m41.0s), 70/70 VUs, 24630 complete and 0 interrupted iterations
load-k6-1  | fspiopE2E   [  49% ] 70/70 VUs  2m41.0s/5m30.0s
load-k6-1  | 
load-k6-1  | running (2m42.0s), 70/70 VUs, 24788 complete and 0 interrupted iterations
load-k6-1  | fspiopE2E   [  49% ] 70/70 VUs  2m42.0s/5m30.0s
load-k6-1  | 
load-k6-1  | running (2m43.0s), 70/70 VUs, 24961 complete and 0 interrupted iterations
load-k6-1  | fspiopE2E   [  49% ] 70/70 VUs  2m43.0s/5m30.0s
load-k6-1  | 
load-k6-1  | running (2m44.0s), 70/70 VUs, 25140 complete and 0 interrupted iterations
load-k6-1  | fspiopE2E   [  50% ] 70/70 VUs  2m44.0s/5m30.0s
load-k6-1  | 
load-k6-1  | running (2m45.0s), 70/70 VUs, 25316 complete and 0 interrupted iterations
load-k6-1  | fspiopE2E   [  50% ] 70/70 VUs  2m45.0s/5m30.0s
load-k6-1  | 
load-k6-1  | running (2m46.0s), 70/70 VUs, 25482 complete and 0 interrupted iterations
load-k6-1  | fspiopE2E   [  50% ] 70/70 VUs  2m46.0s/5m30.0s
load-k6-1  | 
load-k6-1  | running (2m47.0s), 70/70 VUs, 25667 complete and 0 interrupted iterations
load-k6-1  | fspiopE2E   [  51% ] 70/70 VUs  2m47.0s/5m30.0s
load-k6-1  | 
load-k6-1  | running (2m48.0s), 70/70 VUs, 25836 complete and 0 interrupted iterations
load-k6-1  | fspiopE2E   [  51% ] 70/70 VUs  2m48.0s/5m30.0s
load-k6-1  | 
load-k6-1  | running (2m49.0s), 70/70 VUs, 26019 complete and 0 interrupted iterations
load-k6-1  | fspiopE2E   [  51% ] 70/70 VUs  2m49.0s/5m30.0s
load-k6-1  | 
load-k6-1  | running (2m50.0s), 70/70 VUs, 26185 complete and 0 interrupted iterations
load-k6-1  | fspiopE2E   [  52% ] 70/70 VUs  2m50.0s/5m30.0s
load-k6-1  | 
load-k6-1  | running (2m51.0s), 70/70 VUs, 26358 complete and 0 interrupted iterations
load-k6-1  | fspiopE2E   [  52% ] 70/70 VUs  2m51.0s/5m30.0s
load-k6-1  | 
load-k6-1  | running (2m52.0s), 70/70 VUs, 26517 complete and 0 interrupted iterations
load-k6-1  | fspiopE2E   [  52% ] 70/70 VUs  2m52.0s/5m30.0s
load-k6-1  | 
load-k6-1  | running (2m53.0s), 70/70 VUs, 26707 complete and 0 interrupted iterations
load-k6-1  | fspiopE2E   [  52% ] 70/70 VUs  2m53.0s/5m30.0s
load-k6-1  | 
load-k6-1  | running (2m54.0s), 70/70 VUs, 26887 complete and 0 interrupted iterations
load-k6-1  | fspiopE2E   [  53% ] 70/70 VUs  2m54.0s/5m30.0s
load-k6-1  | 
load-k6-1  | running (2m55.0s), 70/70 VUs, 27084 complete and 0 interrupted iterations
load-k6-1  | fspiopE2E   [  53% ] 70/70 VUs  2m55.0s/5m30.0s
load-k6-1  | 
load-k6-1  | running (2m56.0s), 70/70 VUs, 27248 complete and 0 interrupted iterations
load-k6-1  | fspiopE2E   [  53% ] 70/70 VUs  2m56.0s/5m30.0s
load-k6-1  | 
load-k6-1  | running (2m57.0s), 70/70 VUs, 27418 complete and 0 interrupted iterations
load-k6-1  | fspiopE2E   [  54% ] 70/70 VUs  2m57.0s/5m30.0s
load-k6-1  | 
load-k6-1  | running (2m58.0s), 70/70 VUs, 27594 complete and 0 interrupted iterations
load-k6-1  | fspiopE2E   [  54% ] 70/70 VUs  2m58.0s/5m30.0s
load-k6-1  | 
load-k6-1  | running (2m59.0s), 70/70 VUs, 27777 complete and 0 interrupted iterations
load-k6-1  | fspiopE2E   [  54% ] 70/70 VUs  2m59.0s/5m30.0s
load-k6-1  | 
load-k6-1  | running (3m00.0s), 70/70 VUs, 27929 complete and 0 interrupted iterations
load-k6-1  | fspiopE2E   [  55% ] 70/70 VUs  3m00.0s/5m30.0s
load-k6-1  | 
load-k6-1  | running (3m01.0s), 70/70 VUs, 28095 complete and 0 interrupted iterations
load-k6-1  | fspiopE2E   [  55% ] 70/70 VUs  3m01.0s/5m30.0s
load-k6-1  | 
load-k6-1  | running (3m02.0s), 70/70 VUs, 28272 complete and 0 interrupted iterations
load-k6-1  | fspiopE2E   [  55% ] 70/70 VUs  3m02.0s/5m30.0s
load-k6-1  | 
load-k6-1  | running (3m03.0s), 70/70 VUs, 28445 complete and 0 interrupted iterations
load-k6-1  | fspiopE2E   [  55% ] 70/70 VUs  3m03.0s/5m30.0s
load-k6-1  | 
load-k6-1  | running (3m04.0s), 70/70 VUs, 28619 complete and 0 interrupted iterations
load-k6-1  | fspiopE2E   [  56% ] 70/70 VUs  3m04.0s/5m30.0s
load-k6-1  | 
load-k6-1  | running (3m05.0s), 70/70 VUs, 28797 complete and 0 interrupted iterations
load-k6-1  | fspiopE2E   [  56% ] 70/70 VUs  3m05.0s/5m30.0s
load-k6-1  | 
load-k6-1  | running (3m06.0s), 70/70 VUs, 28983 complete and 0 interrupted iterations
load-k6-1  | fspiopE2E   [  56% ] 70/70 VUs  3m06.0s/5m30.0s
load-k6-1  | 
load-k6-1  | running (3m07.0s), 70/70 VUs, 29170 complete and 0 interrupted iterations
load-k6-1  | fspiopE2E   [  57% ] 70/70 VUs  3m07.0s/5m30.0s
load-k6-1  | 
load-k6-1  | running (3m08.0s), 70/70 VUs, 29334 complete and 0 interrupted iterations
load-k6-1  | fspiopE2E   [  57% ] 70/70 VUs  3m08.0s/5m30.0s
load-k6-1  | 
load-k6-1  | running (3m09.0s), 70/70 VUs, 29511 complete and 0 interrupted iterations
load-k6-1  | fspiopE2E   [  57% ] 70/70 VUs  3m09.0s/5m30.0s
load-k6-1  | 
load-k6-1  | running (3m10.0s), 70/70 VUs, 29684 complete and 0 interrupted iterations
load-k6-1  | fspiopE2E   [  58% ] 70/70 VUs  3m10.0s/5m30.0s
load-k6-1  | 
load-k6-1  | running (3m11.0s), 70/70 VUs, 29857 complete and 0 interrupted iterations
load-k6-1  | fspiopE2E   [  58% ] 70/70 VUs  3m11.0s/5m30.0s
load-k6-1  | 
load-k6-1  | running (3m12.0s), 70/70 VUs, 30047 complete and 0 interrupted iterations
load-k6-1  | fspiopE2E   [  58% ] 70/70 VUs  3m12.0s/5m30.0s
load-k6-1  | 
load-k6-1  | running (3m13.0s), 70/70 VUs, 30237 complete and 0 interrupted iterations
load-k6-1  | fspiopE2E   [  58% ] 70/70 VUs  3m13.0s/5m30.0s
load-k6-1  | 
load-k6-1  | running (3m14.0s), 70/70 VUs, 30404 complete and 0 interrupted iterations
load-k6-1  | fspiopE2E   [  59% ] 70/70 VUs  3m14.0s/5m30.0s
load-k6-1  | 
load-k6-1  | running (3m15.0s), 70/70 VUs, 30582 complete and 0 interrupted iterations
load-k6-1  | fspiopE2E   [  59% ] 70/70 VUs  3m15.0s/5m30.0s
load-k6-1  | 
load-k6-1  | running (3m16.0s), 70/70 VUs, 30765 complete and 0 interrupted iterations
load-k6-1  | fspiopE2E   [  59% ] 70/70 VUs  3m16.0s/5m30.0s
load-k6-1  | 
load-k6-1  | running (3m17.0s), 70/70 VUs, 30958 complete and 0 interrupted iterations
load-k6-1  | fspiopE2E   [  60% ] 70/70 VUs  3m17.0s/5m30.0s
load-k6-1  | 
load-k6-1  | running (3m18.0s), 70/70 VUs, 31113 complete and 0 interrupted iterations
load-k6-1  | fspiopE2E   [  60% ] 70/70 VUs  3m18.0s/5m30.0s
load-k6-1  | 
load-k6-1  | running (3m19.0s), 70/70 VUs, 31297 complete and 0 interrupted iterations
load-k6-1  | fspiopE2E   [  60% ] 70/70 VUs  3m19.0s/5m30.0s
load-k6-1  | 
load-k6-1  | running (3m20.0s), 70/70 VUs, 31494 complete and 0 interrupted iterations
load-k6-1  | fspiopE2E   [  61% ] 70/70 VUs  3m20.0s/5m30.0s
load-k6-1  | 
load-k6-1  | running (3m21.0s), 70/70 VUs, 31658 complete and 0 interrupted iterations
load-k6-1  | fspiopE2E   [  61% ] 70/70 VUs  3m21.0s/5m30.0s
load-k6-1  | 
load-k6-1  | running (3m22.0s), 70/70 VUs, 31846 complete and 0 interrupted iterations
load-k6-1  | fspiopE2E   [  61% ] 70/70 VUs  3m22.0s/5m30.0s
load-k6-1  | 
load-k6-1  | running (3m23.0s), 70/70 VUs, 32013 complete and 0 interrupted iterations
load-k6-1  | fspiopE2E   [  62% ] 70/70 VUs  3m23.0s/5m30.0s
load-k6-1  | 
load-k6-1  | running (3m24.0s), 70/70 VUs, 32208 complete and 0 interrupted iterations
load-k6-1  | fspiopE2E   [  62% ] 70/70 VUs  3m24.0s/5m30.0s
load-k6-1  | 
load-k6-1  | running (3m25.0s), 70/70 VUs, 32376 complete and 0 interrupted iterations
load-k6-1  | fspiopE2E   [  62% ] 70/70 VUs  3m25.0s/5m30.0s
load-k6-1  | 
load-k6-1  | running (3m26.0s), 70/70 VUs, 32555 complete and 0 interrupted iterations
load-k6-1  | fspiopE2E   [  62% ] 70/70 VUs  3m26.0s/5m30.0s
load-k6-1  | 
load-k6-1  | running (3m27.0s), 70/70 VUs, 32739 complete and 0 interrupted iterations
load-k6-1  | fspiopE2E   [  63% ] 70/70 VUs  3m27.0s/5m30.0s
load-k6-1  | 
load-k6-1  | running (3m28.0s), 70/70 VUs, 32911 complete and 0 interrupted iterations
load-k6-1  | fspiopE2E   [  63% ] 70/70 VUs  3m28.0s/5m30.0s
load-k6-1  | 
load-k6-1  | running (3m29.0s), 70/70 VUs, 33073 complete and 0 interrupted iterations
load-k6-1  | fspiopE2E   [  63% ] 70/70 VUs  3m29.0s/5m30.0s
load-k6-1  | 
load-k6-1  | running (3m30.0s), 70/70 VUs, 33242 complete and 0 interrupted iterations
load-k6-1  | fspiopE2E   [  64% ] 70/70 VUs  3m30.0s/5m30.0s
load-k6-1  | 
load-k6-1  | running (3m31.0s), 70/70 VUs, 33411 complete and 0 interrupted iterations
load-k6-1  | fspiopE2E   [  64% ] 70/70 VUs  3m31.0s/5m30.0s
load-k6-1  | 
load-k6-1  | running (3m32.0s), 70/70 VUs, 33567 complete and 0 interrupted iterations
load-k6-1  | fspiopE2E   [  64% ] 70/70 VUs  3m32.0s/5m30.0s
load-k6-1  | 
load-k6-1  | running (3m33.0s), 70/70 VUs, 33766 complete and 0 interrupted iterations
load-k6-1  | fspiopE2E   [  65% ] 70/70 VUs  3m33.0s/5m30.0s
load-k6-1  | 
load-k6-1  | running (3m34.0s), 70/70 VUs, 33949 complete and 0 interrupted iterations
load-k6-1  | fspiopE2E   [  65% ] 70/70 VUs  3m34.0s/5m30.0s
load-k6-1  | 
load-k6-1  | running (3m35.0s), 70/70 VUs, 34135 complete and 0 interrupted iterations
load-k6-1  | fspiopE2E   [  65% ] 70/70 VUs  3m35.0s/5m30.0s
load-k6-1  | 
load-k6-1  | running (3m36.0s), 70/70 VUs, 34319 complete and 0 interrupted iterations
load-k6-1  | fspiopE2E   [  65% ] 70/70 VUs  3m36.0s/5m30.0s
load-k6-1  | 
load-k6-1  | running (3m37.0s), 70/70 VUs, 34490 complete and 0 interrupted iterations
load-k6-1  | fspiopE2E   [  66% ] 70/70 VUs  3m37.0s/5m30.0s
load-k6-1  | 
load-k6-1  | running (3m38.0s), 70/70 VUs, 34657 complete and 0 interrupted iterations
load-k6-1  | fspiopE2E   [  66% ] 70/70 VUs  3m38.0s/5m30.0s
load-k6-1  | 
load-k6-1  | running (3m39.0s), 70/70 VUs, 34823 complete and 0 interrupted iterations
load-k6-1  | fspiopE2E   [  66% ] 70/70 VUs  3m39.0s/5m30.0s
load-k6-1  | 
load-k6-1  | running (3m40.0s), 70/70 VUs, 34995 complete and 0 interrupted iterations
load-k6-1  | fspiopE2E   [  67% ] 70/70 VUs  3m40.0s/5m30.0s
load-k6-1  | 
load-k6-1  | running (3m41.0s), 70/70 VUs, 35177 complete and 0 interrupted iterations
load-k6-1  | fspiopE2E   [  67% ] 70/70 VUs  3m41.0s/5m30.0s
load-k6-1  | 
load-k6-1  | running (3m42.0s), 70/70 VUs, 35378 complete and 0 interrupted iterations
load-k6-1  | fspiopE2E   [  67% ] 70/70 VUs  3m42.0s/5m30.0s
load-k6-1  | 
load-k6-1  | running (3m43.0s), 70/70 VUs, 35544 complete and 0 interrupted iterations
load-k6-1  | fspiopE2E   [  68% ] 70/70 VUs  3m43.0s/5m30.0s
load-k6-1  | 
load-k6-1  | running (3m44.0s), 70/70 VUs, 35734 complete and 0 interrupted iterations
load-k6-1  | fspiopE2E   [  68% ] 70/70 VUs  3m44.0s/5m30.0s
load-k6-1  | 
load-k6-1  | running (3m45.0s), 70/70 VUs, 35926 complete and 0 interrupted iterations
load-k6-1  | fspiopE2E   [  68% ] 70/70 VUs  3m45.0s/5m30.0s
load-k6-1  | 
load-k6-1  | running (3m46.0s), 70/70 VUs, 36106 complete and 0 interrupted iterations
load-k6-1  | fspiopE2E   [  68% ] 70/70 VUs  3m46.0s/5m30.0s
load-k6-1  | 
load-k6-1  | running (3m47.0s), 70/70 VUs, 36295 complete and 0 interrupted iterations
load-k6-1  | fspiopE2E   [  69% ] 70/70 VUs  3m47.0s/5m30.0s
load-k6-1  | 
load-k6-1  | running (3m48.0s), 70/70 VUs, 36483 complete and 0 interrupted iterations
load-k6-1  | fspiopE2E   [  69% ] 70/70 VUs  3m48.0s/5m30.0s
load-k6-1  | 
load-k6-1  | running (3m49.0s), 70/70 VUs, 36640 complete and 0 interrupted iterations
load-k6-1  | fspiopE2E   [  69% ] 70/70 VUs  3m49.0s/5m30.0s
load-k6-1  | 
load-k6-1  | running (3m50.0s), 70/70 VUs, 36811 complete and 0 interrupted iterations
load-k6-1  | fspiopE2E   [  70% ] 70/70 VUs  3m50.0s/5m30.0s
load-k6-1  | 
load-k6-1  | running (3m51.0s), 70/70 VUs, 36993 complete and 0 interrupted iterations
load-k6-1  | fspiopE2E   [  70% ] 70/70 VUs  3m51.0s/5m30.0s
load-k6-1  | 
load-k6-1  | running (3m52.0s), 70/70 VUs, 37180 complete and 0 interrupted iterations
load-k6-1  | fspiopE2E   [  70% ] 70/70 VUs  3m52.0s/5m30.0s
load-k6-1  | 
load-k6-1  | running (3m53.0s), 70/70 VUs, 37369 complete and 0 interrupted iterations
load-k6-1  | fspiopE2E   [  71% ] 70/70 VUs  3m53.0s/5m30.0s
load-k6-1  | 
load-k6-1  | running (3m54.0s), 70/70 VUs, 37541 complete and 0 interrupted iterations
load-k6-1  | fspiopE2E   [  71% ] 70/70 VUs  3m54.0s/5m30.0s
load-k6-1  | 
load-k6-1  | running (3m55.0s), 70/70 VUs, 37737 complete and 0 interrupted iterations
load-k6-1  | fspiopE2E   [  71% ] 70/70 VUs  3m55.0s/5m30.0s
load-k6-1  | 
load-k6-1  | running (3m56.0s), 70/70 VUs, 37916 complete and 0 interrupted iterations
load-k6-1  | fspiopE2E   [  72% ] 70/70 VUs  3m56.0s/5m30.0s
load-k6-1  | 
load-k6-1  | running (3m57.0s), 70/70 VUs, 38093 complete and 0 interrupted iterations
load-k6-1  | fspiopE2E   [  72% ] 70/70 VUs  3m57.0s/5m30.0s
load-k6-1  | 
load-k6-1  | running (3m58.0s), 70/70 VUs, 38263 complete and 0 interrupted iterations
load-k6-1  | fspiopE2E   [  72% ] 70/70 VUs  3m58.0s/5m30.0s
load-k6-1  | 
load-k6-1  | running (3m59.0s), 70/70 VUs, 38449 complete and 0 interrupted iterations
load-k6-1  | fspiopE2E   [  72% ] 70/70 VUs  3m59.0s/5m30.0s
load-k6-1  | 
load-k6-1  | running (4m00.0s), 70/70 VUs, 38618 complete and 0 interrupted iterations
load-k6-1  | fspiopE2E   [  73% ] 70/70 VUs  4m00.0s/5m30.0s
load-k6-1  | 
load-k6-1  | running (4m01.0s), 70/70 VUs, 38787 complete and 0 interrupted iterations
load-k6-1  | fspiopE2E   [  73% ] 70/70 VUs  4m01.0s/5m30.0s
load-k6-1  | 
load-k6-1  | running (4m02.0s), 70/70 VUs, 38974 complete and 0 interrupted iterations
load-k6-1  | fspiopE2E   [  73% ] 70/70 VUs  4m02.0s/5m30.0s
load-k6-1  | 
load-k6-1  | running (4m03.0s), 70/70 VUs, 39160 complete and 0 interrupted iterations
load-k6-1  | fspiopE2E   [  74% ] 70/70 VUs  4m03.0s/5m30.0s
load-k6-1  | 
load-k6-1  | running (4m04.0s), 70/70 VUs, 39328 complete and 0 interrupted iterations
load-k6-1  | fspiopE2E   [  74% ] 70/70 VUs  4m04.0s/5m30.0s
load-k6-1  | 
load-k6-1  | running (4m05.0s), 70/70 VUs, 39508 complete and 0 interrupted iterations
load-k6-1  | fspiopE2E   [  74% ] 70/70 VUs  4m05.0s/5m30.0s
load-k6-1  | 
load-k6-1  | running (4m06.0s), 70/70 VUs, 39700 complete and 0 interrupted iterations
load-k6-1  | fspiopE2E   [  75% ] 70/70 VUs  4m06.0s/5m30.0s
load-k6-1  | 
load-k6-1  | running (4m07.0s), 70/70 VUs, 39870 complete and 0 interrupted iterations
load-k6-1  | fspiopE2E   [  75% ] 70/70 VUs  4m07.0s/5m30.0s
load-k6-1  | 
load-k6-1  | running (4m08.0s), 70/70 VUs, 40047 complete and 0 interrupted iterations
load-k6-1  | fspiopE2E   [  75% ] 70/70 VUs  4m08.0s/5m30.0s
load-k6-1  | 
load-k6-1  | running (4m09.0s), 70/70 VUs, 40228 complete and 0 interrupted iterations
load-k6-1  | fspiopE2E   [  75% ] 70/70 VUs  4m09.0s/5m30.0s
load-k6-1  | 
load-k6-1  | running (4m10.0s), 70/70 VUs, 40407 complete and 0 interrupted iterations
load-k6-1  | fspiopE2E   [  76% ] 70/70 VUs  4m10.0s/5m30.0s
load-k6-1  | 
load-k6-1  | running (4m11.0s), 70/70 VUs, 40585 complete and 0 interrupted iterations
load-k6-1  | fspiopE2E   [  76% ] 70/70 VUs  4m11.0s/5m30.0s
load-k6-1  | 
load-k6-1  | running (4m12.0s), 70/70 VUs, 40773 complete and 0 interrupted iterations
load-k6-1  | fspiopE2E   [  76% ] 70/70 VUs  4m12.0s/5m30.0s
load-k6-1  | 
load-k6-1  | running (4m13.0s), 70/70 VUs, 40930 complete and 0 interrupted iterations
load-k6-1  | fspiopE2E   [  77% ] 70/70 VUs  4m13.0s/5m30.0s
load-k6-1  | 
load-k6-1  | running (4m14.0s), 70/70 VUs, 41124 complete and 0 interrupted iterations
load-k6-1  | fspiopE2E   [  77% ] 70/70 VUs  4m14.0s/5m30.0s
load-k6-1  | 
load-k6-1  | running (4m15.0s), 70/70 VUs, 41304 complete and 0 interrupted iterations
load-k6-1  | fspiopE2E   [  77% ] 70/70 VUs  4m15.0s/5m30.0s
load-k6-1  | 
load-k6-1  | running (4m16.0s), 70/70 VUs, 41471 complete and 0 interrupted iterations
load-k6-1  | fspiopE2E   [  78% ] 70/70 VUs  4m16.0s/5m30.0s
load-k6-1  | 
load-k6-1  | running (4m17.0s), 70/70 VUs, 41645 complete and 0 interrupted iterations
load-k6-1  | fspiopE2E   [  78% ] 70/70 VUs  4m17.0s/5m30.0s
load-k6-1  | 
load-k6-1  | running (4m18.0s), 70/70 VUs, 41829 complete and 0 interrupted iterations
load-k6-1  | fspiopE2E   [  78% ] 70/70 VUs  4m18.0s/5m30.0s
load-k6-1  | 
load-k6-1  | running (4m19.0s), 70/70 VUs, 42001 complete and 0 interrupted iterations
load-k6-1  | fspiopE2E   [  78% ] 70/70 VUs  4m19.0s/5m30.0s
load-k6-1  | 
load-k6-1  | running (4m20.0s), 70/70 VUs, 42178 complete and 0 interrupted iterations
load-k6-1  | fspiopE2E   [  79% ] 70/70 VUs  4m20.0s/5m30.0s
load-k6-1  | 
load-k6-1  | running (4m21.0s), 70/70 VUs, 42356 complete and 0 interrupted iterations
load-k6-1  | fspiopE2E   [  79% ] 70/70 VUs  4m21.0s/5m30.0s
load-k6-1  | 
load-k6-1  | running (4m22.0s), 70/70 VUs, 42547 complete and 0 interrupted iterations
load-k6-1  | fspiopE2E   [  79% ] 70/70 VUs  4m22.0s/5m30.0s
load-k6-1  | 
load-k6-1  | running (4m23.0s), 70/70 VUs, 42730 complete and 0 interrupted iterations
load-k6-1  | fspiopE2E   [  80% ] 70/70 VUs  4m23.0s/5m30.0s
load-k6-1  | 
load-k6-1  | running (4m24.0s), 70/70 VUs, 42901 complete and 0 interrupted iterations
load-k6-1  | fspiopE2E   [  80% ] 70/70 VUs  4m24.0s/5m30.0s
load-k6-1  | 
load-k6-1  | running (4m25.0s), 70/70 VUs, 43053 complete and 0 interrupted iterations
load-k6-1  | fspiopE2E   [  80% ] 70/70 VUs  4m25.0s/5m30.0s
load-k6-1  | 
load-k6-1  | running (4m26.0s), 70/70 VUs, 43236 complete and 0 interrupted iterations
load-k6-1  | fspiopE2E   [  81% ] 70/70 VUs  4m26.0s/5m30.0s
load-k6-1  | 
load-k6-1  | running (4m27.0s), 70/70 VUs, 43414 complete and 0 interrupted iterations
load-k6-1  | fspiopE2E   [  81% ] 70/70 VUs  4m27.0s/5m30.0s
load-k6-1  | 
load-k6-1  | running (4m28.0s), 70/70 VUs, 43606 complete and 0 interrupted iterations
load-k6-1  | fspiopE2E   [  81% ] 70/70 VUs  4m28.0s/5m30.0s
load-k6-1  | 
load-k6-1  | running (4m29.0s), 70/70 VUs, 43787 complete and 0 interrupted iterations
load-k6-1  | fspiopE2E   [  82% ] 70/70 VUs  4m29.0s/5m30.0s
load-k6-1  | 
load-k6-1  | running (4m30.0s), 70/70 VUs, 43973 complete and 0 interrupted iterations
load-k6-1  | fspiopE2E   [  82% ] 70/70 VUs  4m30.0s/5m30.0s
load-k6-1  | 
load-k6-1  | running (4m31.0s), 70/70 VUs, 44133 complete and 0 interrupted iterations
load-k6-1  | fspiopE2E   [  82% ] 70/70 VUs  4m31.0s/5m30.0s
load-k6-1  | 
load-k6-1  | running (4m32.0s), 70/70 VUs, 44316 complete and 0 interrupted iterations
load-k6-1  | fspiopE2E   [  82% ] 70/70 VUs  4m32.0s/5m30.0s
load-k6-1  | 
load-k6-1  | running (4m33.0s), 70/70 VUs, 44507 complete and 0 interrupted iterations
load-k6-1  | fspiopE2E   [  83% ] 70/70 VUs  4m33.0s/5m30.0s
load-k6-1  | 
load-k6-1  | running (4m34.0s), 70/70 VUs, 44684 complete and 0 interrupted iterations
load-k6-1  | fspiopE2E   [  83% ] 70/70 VUs  4m34.0s/5m30.0s
load-k6-1  | 
load-k6-1  | running (4m35.0s), 70/70 VUs, 44861 complete and 0 interrupted iterations
load-k6-1  | fspiopE2E   [  83% ] 70/70 VUs  4m35.0s/5m30.0s
load-k6-1  | 
load-k6-1  | running (4m36.0s), 70/70 VUs, 45032 complete and 0 interrupted iterations
load-k6-1  | fspiopE2E   [  84% ] 70/70 VUs  4m36.0s/5m30.0s
load-k6-1  | 
load-k6-1  | running (4m37.0s), 70/70 VUs, 45216 complete and 0 interrupted iterations
load-k6-1  | fspiopE2E   [  84% ] 70/70 VUs  4m37.0s/5m30.0s
load-k6-1  | 
load-k6-1  | running (4m38.0s), 70/70 VUs, 45379 complete and 0 interrupted iterations
load-k6-1  | fspiopE2E   [  84% ] 70/70 VUs  4m38.0s/5m30.0s
load-k6-1  | 
load-k6-1  | running (4m39.0s), 70/70 VUs, 45564 complete and 0 interrupted iterations
load-k6-1  | fspiopE2E   [  85% ] 70/70 VUs  4m39.0s/5m30.0s
load-k6-1  | 
load-k6-1  | running (4m40.0s), 70/70 VUs, 45740 complete and 0 interrupted iterations
load-k6-1  | fspiopE2E   [  85% ] 70/70 VUs  4m40.0s/5m30.0s
load-k6-1  | 
load-k6-1  | running (4m41.0s), 70/70 VUs, 45925 complete and 0 interrupted iterations
load-k6-1  | fspiopE2E   [  85% ] 70/70 VUs  4m41.0s/5m30.0s
load-k6-1  | 
load-k6-1  | running (4m42.0s), 70/70 VUs, 46126 complete and 0 interrupted iterations
load-k6-1  | fspiopE2E   [  85% ] 70/70 VUs  4m42.0s/5m30.0s
load-k6-1  | 
load-k6-1  | running (4m43.0s), 70/70 VUs, 46315 complete and 0 interrupted iterations
load-k6-1  | fspiopE2E   [  86% ] 70/70 VUs  4m43.0s/5m30.0s
load-k6-1  | 
load-k6-1  | running (4m44.0s), 70/70 VUs, 46476 complete and 0 interrupted iterations
load-k6-1  | fspiopE2E   [  86% ] 70/70 VUs  4m44.0s/5m30.0s
load-k6-1  | 
load-k6-1  | running (4m45.0s), 70/70 VUs, 46665 complete and 0 interrupted iterations
load-k6-1  | fspiopE2E   [  86% ] 70/70 VUs  4m45.0s/5m30.0s
load-k6-1  | 
load-k6-1  | running (4m46.0s), 70/70 VUs, 46830 complete and 0 interrupted iterations
load-k6-1  | fspiopE2E   [  87% ] 70/70 VUs  4m46.0s/5m30.0s
load-k6-1  | 
load-k6-1  | running (4m47.0s), 70/70 VUs, 46999 complete and 0 interrupted iterations
load-k6-1  | fspiopE2E   [  87% ] 70/70 VUs  4m47.0s/5m30.0s
load-k6-1  | 
load-k6-1  | running (4m48.0s), 70/70 VUs, 47189 complete and 0 interrupted iterations
load-k6-1  | fspiopE2E   [  87% ] 70/70 VUs  4m48.0s/5m30.0s
load-k6-1  | 
load-k6-1  | running (4m49.0s), 70/70 VUs, 47369 complete and 0 interrupted iterations
load-k6-1  | fspiopE2E   [  88% ] 70/70 VUs  4m49.0s/5m30.0s
load-k6-1  | 
load-k6-1  | running (4m50.0s), 70/70 VUs, 47553 complete and 0 interrupted iterations
load-k6-1  | fspiopE2E   [  88% ] 70/70 VUs  4m50.0s/5m30.0s
load-k6-1  | 
load-k6-1  | running (4m51.0s), 70/70 VUs, 47689 complete and 0 interrupted iterations
load-k6-1  | fspiopE2E   [  88% ] 70/70 VUs  4m51.0s/5m30.0s
load-k6-1  | 
load-k6-1  | running (4m52.0s), 70/70 VUs, 47869 complete and 0 interrupted iterations
load-k6-1  | fspiopE2E   [  88% ] 70/70 VUs  4m52.0s/5m30.0s
load-k6-1  | 
load-k6-1  | running (4m53.0s), 70/70 VUs, 48050 complete and 0 interrupted iterations
load-k6-1  | fspiopE2E   [  89% ] 70/70 VUs  4m53.0s/5m30.0s
load-k6-1  | 
load-k6-1  | running (4m54.0s), 70/70 VUs, 48237 complete and 0 interrupted iterations
load-k6-1  | fspiopE2E   [  89% ] 70/70 VUs  4m54.0s/5m30.0s
load-k6-1  | 
load-k6-1  | running (4m55.0s), 70/70 VUs, 48428 complete and 0 interrupted iterations
load-k6-1  | fspiopE2E   [  89% ] 70/70 VUs  4m55.0s/5m30.0s
load-k6-1  | 
load-k6-1  | running (4m56.0s), 70/70 VUs, 48595 complete and 0 interrupted iterations
load-k6-1  | fspiopE2E   [  90% ] 70/70 VUs  4m56.0s/5m30.0s
load-k6-1  | 
load-k6-1  | running (4m57.0s), 70/70 VUs, 48753 complete and 0 interrupted iterations
load-k6-1  | fspiopE2E   [  90% ] 70/70 VUs  4m57.0s/5m30.0s
load-k6-1  | 
load-k6-1  | running (4m58.0s), 70/70 VUs, 48920 complete and 0 interrupted iterations
load-k6-1  | fspiopE2E   [  90% ] 70/70 VUs  4m58.0s/5m30.0s
load-k6-1  | 
load-k6-1  | running (4m59.0s), 70/70 VUs, 49090 complete and 0 interrupted iterations
load-k6-1  | fspiopE2E   [  91% ] 70/70 VUs  4m59.0s/5m30.0s
load-k6-1  | 
load-k6-1  | running (5m00.0s), 70/70 VUs, 49285 complete and 0 interrupted iterations
load-k6-1  | fspiopE2E   [  91% ] 70/70 VUs  5m00.0s/5m30.0s
load-k6-1  | 
load-k6-1  | running (5m01.0s), 70/70 VUs, 49471 complete and 0 interrupted iterations
load-k6-1  | fspiopE2E   [  91% ] 70/70 VUs  5m01.0s/5m30.0s
load-k6-1  | 
load-k6-1  | running (5m02.0s), 70/70 VUs, 49646 complete and 0 interrupted iterations
load-k6-1  | fspiopE2E   [  92% ] 70/70 VUs  5m02.0s/5m30.0s
load-k6-1  | 
load-k6-1  | running (5m03.0s), 70/70 VUs, 49828 complete and 0 interrupted iterations
load-k6-1  | fspiopE2E   [  92% ] 70/70 VUs  5m03.0s/5m30.0s
load-k6-1  | 
load-k6-1  | running (5m04.0s), 70/70 VUs, 50010 complete and 0 interrupted iterations
load-k6-1  | fspiopE2E   [  92% ] 70/70 VUs  5m04.0s/5m30.0s
load-k6-1  | 
load-k6-1  | running (5m05.0s), 70/70 VUs, 50183 complete and 0 interrupted iterations
load-k6-1  | fspiopE2E   [  92% ] 70/70 VUs  5m05.0s/5m30.0s
load-k6-1  | 
load-k6-1  | running (5m06.0s), 70/70 VUs, 50329 complete and 0 interrupted iterations
load-k6-1  | fspiopE2E   [  93% ] 70/70 VUs  5m06.0s/5m30.0s
load-k6-1  | 
load-k6-1  | running (5m07.0s), 70/70 VUs, 50511 complete and 0 interrupted iterations
load-k6-1  | fspiopE2E   [  93% ] 70/70 VUs  5m07.0s/5m30.0s
load-k6-1  | 
load-k6-1  | running (5m08.0s), 70/70 VUs, 50689 complete and 0 interrupted iterations
load-k6-1  | fspiopE2E   [  93% ] 70/70 VUs  5m08.0s/5m30.0s
load-k6-1  | 
load-k6-1  | running (5m09.0s), 70/70 VUs, 50874 complete and 0 interrupted iterations
load-k6-1  | fspiopE2E   [  94% ] 70/70 VUs  5m09.0s/5m30.0s
load-k6-1  | 
load-k6-1  | running (5m10.0s), 70/70 VUs, 51040 complete and 0 interrupted iterations
load-k6-1  | fspiopE2E   [  94% ] 70/70 VUs  5m10.0s/5m30.0s
load-k6-1  | 
load-k6-1  | running (5m11.0s), 70/70 VUs, 51242 complete and 0 interrupted iterations
load-k6-1  | fspiopE2E   [  94% ] 70/70 VUs  5m11.0s/5m30.0s
load-k6-1  | 
load-k6-1  | running (5m12.0s), 70/70 VUs, 51407 complete and 0 interrupted iterations
load-k6-1  | fspiopE2E   [  95% ] 70/70 VUs  5m12.0s/5m30.0s
load-k6-1  | 
load-k6-1  | running (5m13.0s), 70/70 VUs, 51600 complete and 0 interrupted iterations
load-k6-1  | fspiopE2E   [  95% ] 70/70 VUs  5m13.0s/5m30.0s
load-k6-1  | 
load-k6-1  | running (5m14.0s), 70/70 VUs, 51777 complete and 0 interrupted iterations
load-k6-1  | fspiopE2E   [  95% ] 70/70 VUs  5m14.0s/5m30.0s
load-k6-1  | 
load-k6-1  | running (5m15.0s), 70/70 VUs, 51942 complete and 0 interrupted iterations
load-k6-1  | fspiopE2E   [  95% ] 70/70 VUs  5m15.0s/5m30.0s
load-k6-1  | 
load-k6-1  | running (5m16.0s), 70/70 VUs, 52106 complete and 0 interrupted iterations
load-k6-1  | fspiopE2E   [  96% ] 70/70 VUs  5m16.0s/5m30.0s
load-k6-1  | 
load-k6-1  | running (5m17.0s), 70/70 VUs, 52292 complete and 0 interrupted iterations
load-k6-1  | fspiopE2E   [  96% ] 70/70 VUs  5m17.0s/5m30.0s
load-k6-1  | 
load-k6-1  | running (5m18.0s), 70/70 VUs, 52467 complete and 0 interrupted iterations
load-k6-1  | fspiopE2E   [  96% ] 70/70 VUs  5m18.0s/5m30.0s
load-k6-1  | 
load-k6-1  | running (5m19.0s), 70/70 VUs, 52650 complete and 0 interrupted iterations
load-k6-1  | fspiopE2E   [  97% ] 70/70 VUs  5m19.0s/5m30.0s
load-k6-1  | 
load-k6-1  | running (5m20.0s), 70/70 VUs, 52839 complete and 0 interrupted iterations
load-k6-1  | fspiopE2E   [  97% ] 70/70 VUs  5m20.0s/5m30.0s
load-k6-1  | 
load-k6-1  | running (5m21.0s), 70/70 VUs, 53005 complete and 0 interrupted iterations
load-k6-1  | fspiopE2E   [  97% ] 70/70 VUs  5m21.0s/5m30.0s
load-k6-1  | 
load-k6-1  | running (5m22.0s), 70/70 VUs, 53179 complete and 0 interrupted iterations
load-k6-1  | fspiopE2E   [  98% ] 70/70 VUs  5m22.0s/5m30.0s
load-k6-1  | 
load-k6-1  | running (5m23.0s), 70/70 VUs, 53365 complete and 0 interrupted iterations
load-k6-1  | fspiopE2E   [  98% ] 70/70 VUs  5m23.0s/5m30.0s
load-k6-1  | 
load-k6-1  | running (5m24.0s), 70/70 VUs, 53520 complete and 0 interrupted iterations
load-k6-1  | fspiopE2E   [  98% ] 70/70 VUs  5m24.0s/5m30.0s
load-k6-1  | 
load-k6-1  | running (5m25.0s), 70/70 VUs, 53707 complete and 0 interrupted iterations
load-k6-1  | fspiopE2E   [  98% ] 70/70 VUs  5m25.0s/5m30.0s
load-k6-1  | 
load-k6-1  | running (5m26.0s), 70/70 VUs, 53890 complete and 0 interrupted iterations
load-k6-1  | fspiopE2E   [  99% ] 70/70 VUs  5m26.0s/5m30.0s
load-k6-1  | 
load-k6-1  | running (5m27.0s), 70/70 VUs, 54081 complete and 0 interrupted iterations
load-k6-1  | fspiopE2E   [  99% ] 70/70 VUs  5m27.0s/5m30.0s
load-k6-1  | 
load-k6-1  | running (5m28.0s), 70/70 VUs, 54265 complete and 0 interrupted iterations
load-k6-1  | fspiopE2E   [  99% ] 70/70 VUs  5m28.0s/5m30.0s
load-k6-1  | 
load-k6-1  | running (5m29.0s), 70/70 VUs, 54444 complete and 0 interrupted iterations
load-k6-1  | fspiopE2E   [ 100% ] 70/70 VUs  5m29.0s/5m30.0s
load-k6-1  | 
load-k6-1  | running (5m30.0s), 70/70 VUs, 54611 complete and 0 interrupted iterations
load-k6-1  | fspiopE2E   [ 100% ] 70/70 VUs  5m30.0s/5m30.0s
load-k6-1  | 
load-k6-1  |      ✓ ALS_FSPIOP_GET_PARTIES_RESPONSE_IS_202
load-k6-1  |      ✓ ALS_E2E_FSPIOP_GET_PARTIES_SUCCESS
load-k6-1  |      ✓ QUOTES_FSPIOP_POST_QUOTES_RESPONSE_IS_202
load-k6-1  |      ✗ QUOTES_E2E_FSPIOP_POST_QUOTES_SUCCESS
load-k6-1  |       ↳  99% — ✓ 54683 / ✗ 1
load-k6-1  |      ✓ TRANSFERS_FSPIOP_POST_TRANSFERS_RESPONSE_IS_202
load-k6-1  |      ✗ TRANSFERS_E2E_FSPIOP_POST_TRANSFERS_SUCCESS
load-k6-1  |       ↳  99% — ✓ 54682 / ✗ 1
load-k6-1  | 
load-k6-1  |      █ E2E
load-k6-1  | 
load-k6-1  |      checks.........................: 99.99% ✓ 328100     ✗ 2     
load-k6-1  |      data_received..................: 51 MB  156 kB/s
load-k6-1  |      data_sent......................: 217 MB 658 kB/s
load-k6-1  |      group_duration.................: avg=335.65µs min=163.48µs med=287.83µs max=95.41ms  p(90)=379.88µs p(95)=454.61µs
load-k6-1  |      http_req_blocked...............: avg=8.68µs   min=2.49µs   med=6.43µs   max=23.36ms  p(90)=9.38µs   p(95)=10.24µs 
load-k6-1  |      http_req_connecting............: avg=302ns    min=0s       med=0s       max=2.7ms    p(90)=0s       p(95)=0s      
load-k6-1  |    ✓ http_req_duration..............: avg=6.05ms   min=797.87µs med=3.33ms   max=107.92ms p(90)=14.63ms  p(95)=20.5ms  
load-k6-1  |        { expected_response:true }...: avg=6.05ms   min=797.87µs med=3.33ms   max=107.92ms p(90)=14.63ms  p(95)=20.5ms  
load-k6-1  |    ✓ http_req_failed................: 0.00%  ✓ 0          ✗ 164051
load-k6-1  |      http_req_receiving.............: avg=50.2µs   min=7.95µs   med=36.86µs  max=76.95ms  p(90)=76.09µs  p(95)=89.14µs 
load-k6-1  |      http_req_sending...............: avg=28.81µs  min=9.95µs   med=23.35µs  max=17.26ms  p(90)=38µs     p(95)=43.65µs 
load-k6-1  |      http_req_tls_handshaking.......: avg=0s       min=0s       med=0s       max=0s       p(90)=0s       p(95)=0s      
load-k6-1  |      http_req_waiting...............: avg=5.98ms   min=762.27µs med=3.25ms   max=107.86ms p(90)=14.54ms  p(95)=20.41ms 
load-k6-1  |      http_reqs......................: 164051 496.714669/s
load-k6-1  |    ✓ iteration_duration.............: avg=403.37ms min=100.45ms med=392.89ms max=5.41s    p(90)=556.98ms p(95)=611.08ms
load-k6-1  |      iterations.....................: 54684  165.572566/s
load-k6-1  |      vus............................: 70     min=3        max=70  
load-k6-1  |      vus_max........................: 70     min=70       max=70  
load-k6-1  |      ws_connecting..................: avg=1.11ms   min=256.21µs med=828.36µs max=88.53ms  p(90)=1.91ms   p(95)=2.53ms  
load-k6-1  |      ws_msgs_received...............: 164049 496.708613/s
load-k6-1  |      ws_msgs_sent...................: 164051 496.714669/s
load-k6-1  |      ws_session_duration............: avg=134.89ms min=12.28ms  med=113ms    max=5s       p(90)=254.37ms p(95)=317.3ms 
load-k6-1  |      ws_sessions....................: 164051 496.714669/s
load-k6-1  | 
load-k6-1  | 
load-k6-1  | running (5m30.3s), 00/70 VUs, 54684 complete and 0 interrupted iterations
load-k6-1  | fspiopE2E ✓ [ 100% ] 00/70 VUs  5m30s
load-k6-1 exited with code 0
