Attaching to load-k6-1
load-k6-1  | 
load-k6-1  |           /\      |‾‾| /‾‾/   /‾‾/   
load-k6-1  |      /\  /  \     |  |/  /   /  /    
load-k6-1  |     /  \/    \    |     (   /   ‾‾\  
load-k6-1  |    /          \   |  |\  \ |  (‾)  | 
load-k6-1  |   / __________ \  |__| \__\ \_____/ .io
load-k6-1  | 
load-k6-1  |   execution: local
load-k6-1  |      script: /scripts/index.js
load-k6-1  |      output: Prometheus remote write (http://prometheus:9090/api/v1/write)
load-k6-1  | 
load-k6-1  |   scenarios: (100.00%) 1 scenario, 60 max VUs, 6m0s max duration (incl. graceful stop):
load-k6-1  |            * fspiopE2E: Up to 60 looping VUs for 5m30s over 2 stages (gracefulRampDown: 30s, exec: fspiopE2EScenarios, gracefulStop: 30s)
load-k6-1  | 
load-k6-1  | 
load-k6-1  | running (0m01.0s), 02/60 VUs, 9 complete and 0 interrupted iterations
load-k6-1  | fspiopE2E   [   0% ] 02/60 VUs  0m01.0s/5m30.0s
load-k6-1  | 
load-k6-1  | running (0m02.0s), 04/60 VUs, 35 complete and 0 interrupted iterations
load-k6-1  | fspiopE2E   [   1% ] 04/60 VUs  0m02.0s/5m30.0s
load-k6-1  | 
load-k6-1  | running (0m03.0s), 06/60 VUs, 72 complete and 0 interrupted iterations
load-k6-1  | fspiopE2E   [   1% ] 06/60 VUs  0m03.0s/5m30.0s
load-k6-1  | 
load-k6-1  | running (0m04.0s), 08/60 VUs, 128 complete and 0 interrupted iterations
load-k6-1  | fspiopE2E   [   1% ] 08/60 VUs  0m04.0s/5m30.0s
load-k6-1  | 
load-k6-1  | running (0m05.0s), 10/60 VUs, 196 complete and 0 interrupted iterations
load-k6-1  | fspiopE2E   [   2% ] 10/60 VUs  0m05.0s/5m30.0s
load-k6-1  | 
load-k6-1  | running (0m06.0s), 12/60 VUs, 277 complete and 0 interrupted iterations
load-k6-1  | fspiopE2E   [   2% ] 12/60 VUs  0m06.0s/5m30.0s
load-k6-1  | 
load-k6-1  | running (0m07.0s), 14/60 VUs, 363 complete and 0 interrupted iterations
load-k6-1  | fspiopE2E   [   2% ] 14/60 VUs  0m07.0s/5m30.0s
load-k6-1  | 
load-k6-1  | running (0m08.0s), 16/60 VUs, 454 complete and 0 interrupted iterations
load-k6-1  | fspiopE2E   [   2% ] 16/60 VUs  0m08.0s/5m30.0s
load-k6-1  | 
load-k6-1  | running (0m09.0s), 18/60 VUs, 551 complete and 0 interrupted iterations
load-k6-1  | fspiopE2E   [   3% ] 18/60 VUs  0m09.0s/5m30.0s
load-k6-1  | 
load-k6-1  | running (0m10.0s), 20/60 VUs, 653 complete and 0 interrupted iterations
load-k6-1  | fspiopE2E   [   3% ] 20/60 VUs  0m10.0s/5m30.0s
load-k6-1  | 
load-k6-1  | running (0m11.0s), 22/60 VUs, 759 complete and 0 interrupted iterations
load-k6-1  | fspiopE2E   [   3% ] 22/60 VUs  0m11.0s/5m30.0s
load-k6-1  | 
load-k6-1  | running (0m12.0s), 24/60 VUs, 875 complete and 0 interrupted iterations
load-k6-1  | fspiopE2E   [   4% ] 24/60 VUs  0m12.0s/5m30.0s
load-k6-1  | 
load-k6-1  | running (0m13.0s), 26/60 VUs, 991 complete and 0 interrupted iterations
load-k6-1  | fspiopE2E   [   4% ] 26/60 VUs  0m13.0s/5m30.0s
load-k6-1  | 
load-k6-1  | running (0m14.0s), 28/60 VUs, 1108 complete and 0 interrupted iterations
load-k6-1  | fspiopE2E   [   4% ] 28/60 VUs  0m14.0s/5m30.0s
load-k6-1  | 
load-k6-1  | running (0m15.0s), 30/60 VUs, 1244 complete and 0 interrupted iterations
load-k6-1  | fspiopE2E   [   5% ] 30/60 VUs  0m15.0s/5m30.0s
load-k6-1  | 
load-k6-1  | running (0m16.0s), 32/60 VUs, 1364 complete and 0 interrupted iterations
load-k6-1  | fspiopE2E   [   5% ] 32/60 VUs  0m16.0s/5m30.0s
load-k6-1  | 
load-k6-1  | running (0m17.0s), 34/60 VUs, 1504 complete and 0 interrupted iterations
load-k6-1  | fspiopE2E   [   5% ] 34/60 VUs  0m17.0s/5m30.0s
load-k6-1  | 
load-k6-1  | running (0m18.0s), 36/60 VUs, 1641 complete and 0 interrupted iterations
load-k6-1  | fspiopE2E   [   5% ] 36/60 VUs  0m18.0s/5m30.0s
load-k6-1  | 
load-k6-1  | running (0m19.0s), 38/60 VUs, 1789 complete and 0 interrupted iterations
load-k6-1  | fspiopE2E   [   6% ] 38/60 VUs  0m19.0s/5m30.0s
load-k6-1  | 
load-k6-1  | running (0m20.0s), 40/60 VUs, 1936 complete and 0 interrupted iterations
load-k6-1  | fspiopE2E   [   6% ] 40/60 VUs  0m20.0s/5m30.0s
load-k6-1  | 
load-k6-1  | running (0m21.0s), 42/60 VUs, 2083 complete and 0 interrupted iterations
load-k6-1  | fspiopE2E   [   6% ] 42/60 VUs  0m21.0s/5m30.0s
load-k6-1  | 
load-k6-1  | running (0m22.0s), 44/60 VUs, 2218 complete and 0 interrupted iterations
load-k6-1  | fspiopE2E   [   7% ] 44/60 VUs  0m22.0s/5m30.0s
load-k6-1  | 
load-k6-1  | running (0m23.0s), 46/60 VUs, 2375 complete and 0 interrupted iterations
load-k6-1  | fspiopE2E   [   7% ] 46/60 VUs  0m23.0s/5m30.0s
load-k6-1  | 
load-k6-1  | running (0m24.0s), 48/60 VUs, 2520 complete and 0 interrupted iterations
load-k6-1  | fspiopE2E   [   7% ] 48/60 VUs  0m24.0s/5m30.0s
load-k6-1  | 
load-k6-1  | running (0m25.0s), 50/60 VUs, 2687 complete and 0 interrupted iterations
load-k6-1  | fspiopE2E   [   8% ] 50/60 VUs  0m25.0s/5m30.0s
load-k6-1  | 
load-k6-1  | running (0m26.0s), 52/60 VUs, 2838 complete and 0 interrupted iterations
load-k6-1  | fspiopE2E   [   8% ] 52/60 VUs  0m26.0s/5m30.0s
load-k6-1  | 
load-k6-1  | running (0m27.0s), 54/60 VUs, 3005 complete and 0 interrupted iterations
load-k6-1  | fspiopE2E   [   8% ] 54/60 VUs  0m27.0s/5m30.0s
load-k6-1  | 
load-k6-1  | running (0m28.0s), 55/60 VUs, 3167 complete and 0 interrupted iterations
load-k6-1  | fspiopE2E   [   8% ] 55/60 VUs  0m28.0s/5m30.0s
load-k6-1  | 
load-k6-1  | running (0m29.0s), 57/60 VUs, 3327 complete and 0 interrupted iterations
load-k6-1  | fspiopE2E   [   9% ] 57/60 VUs  0m29.0s/5m30.0s
load-k6-1  | 
load-k6-1  | running (0m30.0s), 59/60 VUs, 3505 complete and 0 interrupted iterations
load-k6-1  | fspiopE2E   [   9% ] 59/60 VUs  0m30.0s/5m30.0s
load-k6-1  | 
load-k6-1  | running (0m31.0s), 60/60 VUs, 3658 complete and 0 interrupted iterations
load-k6-1  | fspiopE2E   [   9% ] 60/60 VUs  0m31.0s/5m30.0s
load-k6-1  | 
load-k6-1  | running (0m32.0s), 60/60 VUs, 3814 complete and 0 interrupted iterations
load-k6-1  | fspiopE2E   [  10% ] 60/60 VUs  0m32.0s/5m30.0s
load-k6-1  | 
load-k6-1  | running (0m33.0s), 60/60 VUs, 3991 complete and 0 interrupted iterations
load-k6-1  | fspiopE2E   [  10% ] 60/60 VUs  0m33.0s/5m30.0s
load-k6-1  | 
load-k6-1  | running (0m34.0s), 60/60 VUs, 4156 complete and 0 interrupted iterations
load-k6-1  | fspiopE2E   [  10% ] 60/60 VUs  0m34.0s/5m30.0s
load-k6-1  | 
load-k6-1  | running (0m35.0s), 60/60 VUs, 4309 complete and 0 interrupted iterations
load-k6-1  | fspiopE2E   [  11% ] 60/60 VUs  0m35.0s/5m30.0s
load-k6-1  | 
load-k6-1  | running (0m36.0s), 60/60 VUs, 4486 complete and 0 interrupted iterations
load-k6-1  | fspiopE2E   [  11% ] 60/60 VUs  0m36.0s/5m30.0s
load-k6-1  | 
load-k6-1  | running (0m37.0s), 60/60 VUs, 4655 complete and 0 interrupted iterations
load-k6-1  | fspiopE2E   [  11% ] 60/60 VUs  0m37.0s/5m30.0s
load-k6-1  | 
load-k6-1  | running (0m38.0s), 60/60 VUs, 4803 complete and 0 interrupted iterations
load-k6-1  | fspiopE2E   [  12% ] 60/60 VUs  0m38.0s/5m30.0s
load-k6-1  | 
load-k6-1  | running (0m39.0s), 60/60 VUs, 4985 complete and 0 interrupted iterations
load-k6-1  | fspiopE2E   [  12% ] 60/60 VUs  0m39.0s/5m30.0s
load-k6-1  | 
load-k6-1  | running (0m40.0s), 60/60 VUs, 5150 complete and 0 interrupted iterations
load-k6-1  | fspiopE2E   [  12% ] 60/60 VUs  0m40.0s/5m30.0s
load-k6-1  | 
load-k6-1  | running (0m41.0s), 60/60 VUs, 5314 complete and 0 interrupted iterations
load-k6-1  | fspiopE2E   [  12% ] 60/60 VUs  0m41.0s/5m30.0s
load-k6-1  | 
load-k6-1  | running (0m42.0s), 60/60 VUs, 5484 complete and 0 interrupted iterations
load-k6-1  | fspiopE2E   [  13% ] 60/60 VUs  0m42.0s/5m30.0s
load-k6-1  | 
load-k6-1  | running (0m43.0s), 60/60 VUs, 5657 complete and 0 interrupted iterations
load-k6-1  | fspiopE2E   [  13% ] 60/60 VUs  0m43.0s/5m30.0s
load-k6-1  | 
load-k6-1  | running (0m44.0s), 60/60 VUs, 5811 complete and 0 interrupted iterations
load-k6-1  | fspiopE2E   [  13% ] 60/60 VUs  0m44.0s/5m30.0s
load-k6-1  | 
load-k6-1  | running (0m45.0s), 60/60 VUs, 5972 complete and 0 interrupted iterations
load-k6-1  | fspiopE2E   [  14% ] 60/60 VUs  0m45.0s/5m30.0s
load-k6-1  | 
load-k6-1  | running (0m46.0s), 60/60 VUs, 6145 complete and 0 interrupted iterations
load-k6-1  | fspiopE2E   [  14% ] 60/60 VUs  0m46.0s/5m30.0s
load-k6-1  | 
load-k6-1  | running (0m47.0s), 60/60 VUs, 6319 complete and 0 interrupted iterations
load-k6-1  | fspiopE2E   [  14% ] 60/60 VUs  0m47.0s/5m30.0s
load-k6-1  | 
load-k6-1  | running (0m48.0s), 60/60 VUs, 6479 complete and 0 interrupted iterations
load-k6-1  | fspiopE2E   [  15% ] 60/60 VUs  0m48.0s/5m30.0s
load-k6-1  | 
load-k6-1  | running (0m49.0s), 60/60 VUs, 6655 complete and 0 interrupted iterations
load-k6-1  | fspiopE2E   [  15% ] 60/60 VUs  0m49.0s/5m30.0s
load-k6-1  | 
load-k6-1  | running (0m50.0s), 60/60 VUs, 6828 complete and 0 interrupted iterations
load-k6-1  | fspiopE2E   [  15% ] 60/60 VUs  0m50.0s/5m30.0s
load-k6-1  | 
load-k6-1  | running (0m51.0s), 60/60 VUs, 7016 complete and 0 interrupted iterations
load-k6-1  | fspiopE2E   [  15% ] 60/60 VUs  0m51.0s/5m30.0s
load-k6-1  | 
load-k6-1  | running (0m52.0s), 60/60 VUs, 7188 complete and 0 interrupted iterations
load-k6-1  | fspiopE2E   [  16% ] 60/60 VUs  0m52.0s/5m30.0s
load-k6-1  | 
load-k6-1  | running (0m53.0s), 60/60 VUs, 7365 complete and 0 interrupted iterations
load-k6-1  | fspiopE2E   [  16% ] 60/60 VUs  0m53.0s/5m30.0s
load-k6-1  | 
load-k6-1  | running (0m54.0s), 60/60 VUs, 7535 complete and 0 interrupted iterations
load-k6-1  | fspiopE2E   [  16% ] 60/60 VUs  0m54.0s/5m30.0s
load-k6-1  | 
load-k6-1  | running (0m55.0s), 60/60 VUs, 7677 complete and 0 interrupted iterations
load-k6-1  | fspiopE2E   [  17% ] 60/60 VUs  0m55.0s/5m30.0s
load-k6-1  | 
load-k6-1  | running (0m56.0s), 60/60 VUs, 7833 complete and 0 interrupted iterations
load-k6-1  | fspiopE2E   [  17% ] 60/60 VUs  0m56.0s/5m30.0s
load-k6-1  | 
load-k6-1  | running (0m57.0s), 60/60 VUs, 7994 complete and 0 interrupted iterations
load-k6-1  | fspiopE2E   [  17% ] 60/60 VUs  0m57.0s/5m30.0s
load-k6-1  | 
load-k6-1  | running (0m58.0s), 60/60 VUs, 8170 complete and 0 interrupted iterations
load-k6-1  | fspiopE2E   [  18% ] 60/60 VUs  0m58.0s/5m30.0s
load-k6-1  | 
load-k6-1  | running (0m59.0s), 60/60 VUs, 8348 complete and 0 interrupted iterations
load-k6-1  | fspiopE2E   [  18% ] 60/60 VUs  0m59.0s/5m30.0s
load-k6-1  | 
load-k6-1  | running (1m00.0s), 60/60 VUs, 8530 complete and 0 interrupted iterations
load-k6-1  | fspiopE2E   [  18% ] 60/60 VUs  1m00.0s/5m30.0s
load-k6-1  | 
load-k6-1  | running (1m01.0s), 60/60 VUs, 8704 complete and 0 interrupted iterations
load-k6-1  | fspiopE2E   [  18% ] 60/60 VUs  1m01.0s/5m30.0s
load-k6-1  | 
load-k6-1  | running (1m02.0s), 60/60 VUs, 8870 complete and 0 interrupted iterations
load-k6-1  | fspiopE2E   [  19% ] 60/60 VUs  1m02.0s/5m30.0s
load-k6-1  | 
load-k6-1  | running (1m03.0s), 60/60 VUs, 9047 complete and 0 interrupted iterations
load-k6-1  | fspiopE2E   [  19% ] 60/60 VUs  1m03.0s/5m30.0s
load-k6-1  | 
load-k6-1  | running (1m04.0s), 60/60 VUs, 9218 complete and 0 interrupted iterations
load-k6-1  | fspiopE2E   [  19% ] 60/60 VUs  1m04.0s/5m30.0s
load-k6-1  | 
load-k6-1  | running (1m05.0s), 60/60 VUs, 9387 complete and 0 interrupted iterations
load-k6-1  | fspiopE2E   [  20% ] 60/60 VUs  1m05.0s/5m30.0s
load-k6-1  | 
load-k6-1  | running (1m06.0s), 60/60 VUs, 9539 complete and 0 interrupted iterations
load-k6-1  | fspiopE2E   [  20% ] 60/60 VUs  1m06.0s/5m30.0s
load-k6-1  | 
load-k6-1  | running (1m07.0s), 60/60 VUs, 9720 complete and 0 interrupted iterations
load-k6-1  | fspiopE2E   [  20% ] 60/60 VUs  1m07.0s/5m30.0s
load-k6-1  | 
load-k6-1  | running (1m08.0s), 60/60 VUs, 9902 complete and 0 interrupted iterations
load-k6-1  | fspiopE2E   [  21% ] 60/60 VUs  1m08.0s/5m30.0s
load-k6-1  | 
load-k6-1  | running (1m09.0s), 60/60 VUs, 10072 complete and 0 interrupted iterations
load-k6-1  | fspiopE2E   [  21% ] 60/60 VUs  1m09.0s/5m30.0s
load-k6-1  | 
load-k6-1  | running (1m10.0s), 60/60 VUs, 10241 complete and 0 interrupted iterations
load-k6-1  | fspiopE2E   [  21% ] 60/60 VUs  1m10.0s/5m30.0s
load-k6-1  | 
load-k6-1  | running (1m11.0s), 60/60 VUs, 10409 complete and 0 interrupted iterations
load-k6-1  | fspiopE2E   [  22% ] 60/60 VUs  1m11.0s/5m30.0s
load-k6-1  | 
load-k6-1  | running (1m12.0s), 60/60 VUs, 10576 complete and 0 interrupted iterations
load-k6-1  | fspiopE2E   [  22% ] 60/60 VUs  1m12.0s/5m30.0s
load-k6-1  | 
load-k6-1  | running (1m13.0s), 60/60 VUs, 10753 complete and 0 interrupted iterations
load-k6-1  | fspiopE2E   [  22% ] 60/60 VUs  1m13.0s/5m30.0s
load-k6-1  | 
load-k6-1  | running (1m14.0s), 60/60 VUs, 10905 complete and 0 interrupted iterations
load-k6-1  | fspiopE2E   [  22% ] 60/60 VUs  1m14.0s/5m30.0s
load-k6-1  | 
load-k6-1  | running (1m15.0s), 60/60 VUs, 11066 complete and 0 interrupted iterations
load-k6-1  | fspiopE2E   [  23% ] 60/60 VUs  1m15.0s/5m30.0s
load-k6-1  | 
load-k6-1  | running (1m16.0s), 60/60 VUs, 11228 complete and 0 interrupted iterations
load-k6-1  | fspiopE2E   [  23% ] 60/60 VUs  1m16.0s/5m30.0s
load-k6-1  | 
load-k6-1  | running (1m17.0s), 60/60 VUs, 11410 complete and 0 interrupted iterations
load-k6-1  | fspiopE2E   [  23% ] 60/60 VUs  1m17.0s/5m30.0s
load-k6-1  | 
load-k6-1  | running (1m18.0s), 60/60 VUs, 11571 complete and 0 interrupted iterations
load-k6-1  | fspiopE2E   [  24% ] 60/60 VUs  1m18.0s/5m30.0s
load-k6-1  | 
load-k6-1  | running (1m19.0s), 60/60 VUs, 11750 complete and 0 interrupted iterations
load-k6-1  | fspiopE2E   [  24% ] 60/60 VUs  1m19.0s/5m30.0s
load-k6-1  | 
load-k6-1  | running (1m20.0s), 60/60 VUs, 11932 complete and 0 interrupted iterations
load-k6-1  | fspiopE2E   [  24% ] 60/60 VUs  1m20.0s/5m30.0s
load-k6-1  | 
load-k6-1  | running (1m21.0s), 60/60 VUs, 12086 complete and 0 interrupted iterations
load-k6-1  | fspiopE2E   [  25% ] 60/60 VUs  1m21.0s/5m30.0s
load-k6-1  | 
load-k6-1  | running (1m22.0s), 60/60 VUs, 12276 complete and 0 interrupted iterations
load-k6-1  | fspiopE2E   [  25% ] 60/60 VUs  1m22.0s/5m30.0s
load-k6-1  | 
load-k6-1  | running (1m23.0s), 60/60 VUs, 12431 complete and 0 interrupted iterations
load-k6-1  | fspiopE2E   [  25% ] 60/60 VUs  1m23.0s/5m30.0s
load-k6-1  | 
load-k6-1  | running (1m24.0s), 60/60 VUs, 12580 complete and 0 interrupted iterations
load-k6-1  | fspiopE2E   [  25% ] 60/60 VUs  1m24.0s/5m30.0s
load-k6-1  | 
load-k6-1  | running (1m25.0s), 60/60 VUs, 12772 complete and 0 interrupted iterations
load-k6-1  | fspiopE2E   [  26% ] 60/60 VUs  1m25.0s/5m30.0s
load-k6-1  | 
load-k6-1  | running (1m26.0s), 60/60 VUs, 12927 complete and 0 interrupted iterations
load-k6-1  | fspiopE2E   [  26% ] 60/60 VUs  1m26.0s/5m30.0s
load-k6-1  | 
load-k6-1  | running (1m27.0s), 60/60 VUs, 13104 complete and 0 interrupted iterations
load-k6-1  | fspiopE2E   [  26% ] 60/60 VUs  1m27.0s/5m30.0s
load-k6-1  | 
load-k6-1  | running (1m28.0s), 60/60 VUs, 13276 complete and 0 interrupted iterations
load-k6-1  | fspiopE2E   [  27% ] 60/60 VUs  1m28.0s/5m30.0s
load-k6-1  | 
load-k6-1  | running (1m29.0s), 60/60 VUs, 13454 complete and 0 interrupted iterations
load-k6-1  | fspiopE2E   [  27% ] 60/60 VUs  1m29.0s/5m30.0s
load-k6-1  | 
load-k6-1  | running (1m30.0s), 60/60 VUs, 13621 complete and 0 interrupted iterations
load-k6-1  | fspiopE2E   [  27% ] 60/60 VUs  1m30.0s/5m30.0s
load-k6-1  | 
load-k6-1  | running (1m31.0s), 60/60 VUs, 13779 complete and 0 interrupted iterations
load-k6-1  | fspiopE2E   [  28% ] 60/60 VUs  1m31.0s/5m30.0s
load-k6-1  | 
load-k6-1  | running (1m32.0s), 60/60 VUs, 13958 complete and 0 interrupted iterations
load-k6-1  | fspiopE2E   [  28% ] 60/60 VUs  1m32.0s/5m30.0s
load-k6-1  | 
load-k6-1  | running (1m33.0s), 60/60 VUs, 14119 complete and 0 interrupted iterations
load-k6-1  | fspiopE2E   [  28% ] 60/60 VUs  1m33.0s/5m30.0s
load-k6-1  | 
load-k6-1  | running (1m34.0s), 60/60 VUs, 14307 complete and 0 interrupted iterations
load-k6-1  | fspiopE2E   [  28% ] 60/60 VUs  1m34.0s/5m30.0s
load-k6-1  | 
load-k6-1  | running (1m35.0s), 60/60 VUs, 14472 complete and 0 interrupted iterations
load-k6-1  | fspiopE2E   [  29% ] 60/60 VUs  1m35.0s/5m30.0s
load-k6-1  | 
load-k6-1  | running (1m36.0s), 60/60 VUs, 14640 complete and 0 interrupted iterations
load-k6-1  | fspiopE2E   [  29% ] 60/60 VUs  1m36.0s/5m30.0s
load-k6-1  | 
load-k6-1  | running (1m37.0s), 60/60 VUs, 14814 complete and 0 interrupted iterations
load-k6-1  | fspiopE2E   [  29% ] 60/60 VUs  1m37.0s/5m30.0s
load-k6-1  | 
load-k6-1  | running (1m38.0s), 60/60 VUs, 14992 complete and 0 interrupted iterations
load-k6-1  | fspiopE2E   [  30% ] 60/60 VUs  1m38.0s/5m30.0s
load-k6-1  | 
load-k6-1  | running (1m39.0s), 60/60 VUs, 15162 complete and 0 interrupted iterations
load-k6-1  | fspiopE2E   [  30% ] 60/60 VUs  1m39.0s/5m30.0s
load-k6-1  | 
load-k6-1  | running (1m40.0s), 60/60 VUs, 15333 complete and 0 interrupted iterations
load-k6-1  | fspiopE2E   [  30% ] 60/60 VUs  1m40.0s/5m30.0s
load-k6-1  | 
load-k6-1  | running (1m41.0s), 60/60 VUs, 15502 complete and 0 interrupted iterations
load-k6-1  | fspiopE2E   [  31% ] 60/60 VUs  1m41.0s/5m30.0s
load-k6-1  | 
load-k6-1  | running (1m42.0s), 60/60 VUs, 15672 complete and 0 interrupted iterations
load-k6-1  | fspiopE2E   [  31% ] 60/60 VUs  1m42.0s/5m30.0s
load-k6-1  | 
load-k6-1  | running (1m43.0s), 60/60 VUs, 15837 complete and 0 interrupted iterations
load-k6-1  | fspiopE2E   [  31% ] 60/60 VUs  1m43.0s/5m30.0s
load-k6-1  | 
load-k6-1  | running (1m44.0s), 60/60 VUs, 16013 complete and 0 interrupted iterations
load-k6-1  | fspiopE2E   [  32% ] 60/60 VUs  1m44.0s/5m30.0s
load-k6-1  | 
load-k6-1  | running (1m45.0s), 60/60 VUs, 16186 complete and 0 interrupted iterations
load-k6-1  | fspiopE2E   [  32% ] 60/60 VUs  1m45.0s/5m30.0s
load-k6-1  | 
load-k6-1  | running (1m46.0s), 60/60 VUs, 16354 complete and 0 interrupted iterations
load-k6-1  | fspiopE2E   [  32% ] 60/60 VUs  1m46.0s/5m30.0s
load-k6-1  | 
load-k6-1  | running (1m47.0s), 60/60 VUs, 16545 complete and 0 interrupted iterations
load-k6-1  | fspiopE2E   [  32% ] 60/60 VUs  1m47.0s/5m30.0s
load-k6-1  | 
load-k6-1  | running (1m48.0s), 60/60 VUs, 16696 complete and 0 interrupted iterations
load-k6-1  | fspiopE2E   [  33% ] 60/60 VUs  1m48.0s/5m30.0s
load-k6-1  | 
load-k6-1  | running (1m49.0s), 60/60 VUs, 16867 complete and 0 interrupted iterations
load-k6-1  | fspiopE2E   [  33% ] 60/60 VUs  1m49.0s/5m30.0s
load-k6-1  | 
load-k6-1  | running (1m50.0s), 60/60 VUs, 17055 complete and 0 interrupted iterations
load-k6-1  | fspiopE2E   [  33% ] 60/60 VUs  1m50.0s/5m30.0s
load-k6-1  | 
load-k6-1  | running (1m51.0s), 60/60 VUs, 17217 complete and 0 interrupted iterations
load-k6-1  | fspiopE2E   [  34% ] 60/60 VUs  1m51.0s/5m30.0s
load-k6-1  | 
load-k6-1  | running (1m52.0s), 60/60 VUs, 17380 complete and 0 interrupted iterations
load-k6-1  | fspiopE2E   [  34% ] 60/60 VUs  1m52.0s/5m30.0s
load-k6-1  | 
load-k6-1  | running (1m53.0s), 60/60 VUs, 17564 complete and 0 interrupted iterations
load-k6-1  | fspiopE2E   [  34% ] 60/60 VUs  1m53.0s/5m30.0s
load-k6-1  | 
load-k6-1  | running (1m54.0s), 60/60 VUs, 17722 complete and 0 interrupted iterations
load-k6-1  | fspiopE2E   [  35% ] 60/60 VUs  1m54.0s/5m30.0s
load-k6-1  | 
load-k6-1  | running (1m55.0s), 60/60 VUs, 17891 complete and 0 interrupted iterations
load-k6-1  | fspiopE2E   [  35% ] 60/60 VUs  1m55.0s/5m30.0s
load-k6-1  | 
load-k6-1  | running (1m56.0s), 60/60 VUs, 18046 complete and 0 interrupted iterations
load-k6-1  | fspiopE2E   [  35% ] 60/60 VUs  1m56.0s/5m30.0s
load-k6-1  | 
load-k6-1  | running (1m57.0s), 60/60 VUs, 18213 complete and 0 interrupted iterations
load-k6-1  | fspiopE2E   [  35% ] 60/60 VUs  1m57.0s/5m30.0s
load-k6-1  | 
load-k6-1  | running (1m58.0s), 60/60 VUs, 18381 complete and 0 interrupted iterations
load-k6-1  | fspiopE2E   [  36% ] 60/60 VUs  1m58.0s/5m30.0s
load-k6-1  | 
load-k6-1  | running (1m59.0s), 60/60 VUs, 18537 complete and 0 interrupted iterations
load-k6-1  | fspiopE2E   [  36% ] 60/60 VUs  1m59.0s/5m30.0s
load-k6-1  | 
load-k6-1  | running (2m00.0s), 60/60 VUs, 18703 complete and 0 interrupted iterations
load-k6-1  | fspiopE2E   [  36% ] 60/60 VUs  2m00.0s/5m30.0s
load-k6-1  | 
load-k6-1  | running (2m01.0s), 60/60 VUs, 18863 complete and 0 interrupted iterations
load-k6-1  | fspiopE2E   [  37% ] 60/60 VUs  2m01.0s/5m30.0s
load-k6-1  | 
load-k6-1  | running (2m02.0s), 60/60 VUs, 19041 complete and 0 interrupted iterations
load-k6-1  | fspiopE2E   [  37% ] 60/60 VUs  2m02.0s/5m30.0s
load-k6-1  | 
load-k6-1  | running (2m03.0s), 60/60 VUs, 19203 complete and 0 interrupted iterations
load-k6-1  | fspiopE2E   [  37% ] 60/60 VUs  2m03.0s/5m30.0s
load-k6-1  | 
load-k6-1  | running (2m04.0s), 60/60 VUs, 19379 complete and 0 interrupted iterations
load-k6-1  | fspiopE2E   [  38% ] 60/60 VUs  2m04.0s/5m30.0s
load-k6-1  | 
load-k6-1  | running (2m05.0s), 60/60 VUs, 19555 complete and 0 interrupted iterations
load-k6-1  | fspiopE2E   [  38% ] 60/60 VUs  2m05.0s/5m30.0s
load-k6-1  | 
load-k6-1  | running (2m06.0s), 60/60 VUs, 19731 complete and 0 interrupted iterations
load-k6-1  | fspiopE2E   [  38% ] 60/60 VUs  2m06.0s/5m30.0s
load-k6-1  | 
load-k6-1  | running (2m07.0s), 60/60 VUs, 19901 complete and 0 interrupted iterations
load-k6-1  | fspiopE2E   [  38% ] 60/60 VUs  2m07.0s/5m30.0s
load-k6-1  | 
load-k6-1  | running (2m08.0s), 60/60 VUs, 20078 complete and 0 interrupted iterations
load-k6-1  | fspiopE2E   [  39% ] 60/60 VUs  2m08.0s/5m30.0s
load-k6-1  | 
load-k6-1  | running (2m09.0s), 60/60 VUs, 20255 complete and 0 interrupted iterations
load-k6-1  | fspiopE2E   [  39% ] 60/60 VUs  2m09.0s/5m30.0s
load-k6-1  | 
load-k6-1  | running (2m10.0s), 60/60 VUs, 20421 complete and 0 interrupted iterations
load-k6-1  | fspiopE2E   [  39% ] 60/60 VUs  2m10.0s/5m30.0s
load-k6-1  | 
load-k6-1  | running (2m11.0s), 60/60 VUs, 20591 complete and 0 interrupted iterations
load-k6-1  | fspiopE2E   [  40% ] 60/60 VUs  2m11.0s/5m30.0s
load-k6-1  | 
load-k6-1  | running (2m12.0s), 60/60 VUs, 20762 complete and 0 interrupted iterations
load-k6-1  | fspiopE2E   [  40% ] 60/60 VUs  2m12.0s/5m30.0s
load-k6-1  | 
load-k6-1  | running (2m13.0s), 60/60 VUs, 20949 complete and 0 interrupted iterations
load-k6-1  | fspiopE2E   [  40% ] 60/60 VUs  2m13.0s/5m30.0s
load-k6-1  | 
load-k6-1  | running (2m14.0s), 60/60 VUs, 21128 complete and 0 interrupted iterations
load-k6-1  | fspiopE2E   [  41% ] 60/60 VUs  2m14.0s/5m30.0s
load-k6-1  | 
load-k6-1  | running (2m15.0s), 60/60 VUs, 21299 complete and 0 interrupted iterations
load-k6-1  | fspiopE2E   [  41% ] 60/60 VUs  2m15.0s/5m30.0s
load-k6-1  | 
load-k6-1  | running (2m16.0s), 60/60 VUs, 21468 complete and 0 interrupted iterations
load-k6-1  | fspiopE2E   [  41% ] 60/60 VUs  2m16.0s/5m30.0s
load-k6-1  | 
load-k6-1  | running (2m17.0s), 60/60 VUs, 21635 complete and 0 interrupted iterations
load-k6-1  | fspiopE2E   [  42% ] 60/60 VUs  2m17.0s/5m30.0s
load-k6-1  | 
load-k6-1  | running (2m18.0s), 60/60 VUs, 21797 complete and 0 interrupted iterations
load-k6-1  | fspiopE2E   [  42% ] 60/60 VUs  2m18.0s/5m30.0s
load-k6-1  | 
load-k6-1  | running (2m19.0s), 60/60 VUs, 21983 complete and 0 interrupted iterations
load-k6-1  | fspiopE2E   [  42% ] 60/60 VUs  2m19.0s/5m30.0s
load-k6-1  | 
load-k6-1  | running (2m20.0s), 60/60 VUs, 22133 complete and 0 interrupted iterations
load-k6-1  | fspiopE2E   [  42% ] 60/60 VUs  2m20.0s/5m30.0s
load-k6-1  | 
load-k6-1  | running (2m21.0s), 60/60 VUs, 22306 complete and 0 interrupted iterations
load-k6-1  | fspiopE2E   [  43% ] 60/60 VUs  2m21.0s/5m30.0s
load-k6-1  | 
load-k6-1  | running (2m22.0s), 60/60 VUs, 22466 complete and 0 interrupted iterations
load-k6-1  | fspiopE2E   [  43% ] 60/60 VUs  2m22.0s/5m30.0s
load-k6-1  | 
load-k6-1  | running (2m23.0s), 60/60 VUs, 22638 complete and 0 interrupted iterations
load-k6-1  | fspiopE2E   [  43% ] 60/60 VUs  2m23.0s/5m30.0s
load-k6-1  | 
load-k6-1  | running (2m24.0s), 60/60 VUs, 22783 complete and 0 interrupted iterations
load-k6-1  | fspiopE2E   [  44% ] 60/60 VUs  2m24.0s/5m30.0s
load-k6-1  | 
load-k6-1  | running (2m25.0s), 60/60 VUs, 22958 complete and 0 interrupted iterations
load-k6-1  | fspiopE2E   [  44% ] 60/60 VUs  2m25.0s/5m30.0s
load-k6-1  | 
load-k6-1  | running (2m26.0s), 60/60 VUs, 23119 complete and 0 interrupted iterations
load-k6-1  | fspiopE2E   [  44% ] 60/60 VUs  2m26.0s/5m30.0s
load-k6-1  | 
load-k6-1  | running (2m27.0s), 60/60 VUs, 23297 complete and 0 interrupted iterations
load-k6-1  | fspiopE2E   [  45% ] 60/60 VUs  2m27.0s/5m30.0s
load-k6-1  | 
load-k6-1  | running (2m28.0s), 60/60 VUs, 23459 complete and 0 interrupted iterations
load-k6-1  | fspiopE2E   [  45% ] 60/60 VUs  2m28.0s/5m30.0s
load-k6-1  | 
load-k6-1  | running (2m29.0s), 60/60 VUs, 23629 complete and 0 interrupted iterations
load-k6-1  | fspiopE2E   [  45% ] 60/60 VUs  2m29.0s/5m30.0s
load-k6-1  | 
load-k6-1  | running (2m30.0s), 60/60 VUs, 23808 complete and 0 interrupted iterations
load-k6-1  | fspiopE2E   [  45% ] 60/60 VUs  2m30.0s/5m30.0s
load-k6-1  | 
load-k6-1  | running (2m31.0s), 60/60 VUs, 23971 complete and 0 interrupted iterations
load-k6-1  | fspiopE2E   [  46% ] 60/60 VUs  2m31.0s/5m30.0s
load-k6-1  | 
load-k6-1  | running (2m32.0s), 60/60 VUs, 24143 complete and 0 interrupted iterations
load-k6-1  | fspiopE2E   [  46% ] 60/60 VUs  2m32.0s/5m30.0s
load-k6-1  | 
load-k6-1  | running (2m33.0s), 60/60 VUs, 24329 complete and 0 interrupted iterations
load-k6-1  | fspiopE2E   [  46% ] 60/60 VUs  2m33.0s/5m30.0s
load-k6-1  | 
load-k6-1  | running (2m34.0s), 60/60 VUs, 24480 complete and 0 interrupted iterations
load-k6-1  | fspiopE2E   [  47% ] 60/60 VUs  2m34.0s/5m30.0s
load-k6-1  | 
load-k6-1  | running (2m35.0s), 60/60 VUs, 24669 complete and 0 interrupted iterations
load-k6-1  | fspiopE2E   [  47% ] 60/60 VUs  2m35.0s/5m30.0s
load-k6-1  | 
load-k6-1  | running (2m36.0s), 60/60 VUs, 24844 complete and 0 interrupted iterations
load-k6-1  | fspiopE2E   [  47% ] 60/60 VUs  2m36.0s/5m30.0s
load-k6-1  | 
load-k6-1  | running (2m37.0s), 60/60 VUs, 25001 complete and 0 interrupted iterations
load-k6-1  | fspiopE2E   [  48% ] 60/60 VUs  2m37.0s/5m30.0s
load-k6-1  | 
load-k6-1  | running (2m38.0s), 60/60 VUs, 25175 complete and 0 interrupted iterations
load-k6-1  | fspiopE2E   [  48% ] 60/60 VUs  2m38.0s/5m30.0s
load-k6-1  | 
load-k6-1  | running (2m39.0s), 60/60 VUs, 25346 complete and 0 interrupted iterations
load-k6-1  | fspiopE2E   [  48% ] 60/60 VUs  2m39.0s/5m30.0s
load-k6-1  | 
load-k6-1  | running (2m40.0s), 60/60 VUs, 25513 complete and 0 interrupted iterations
load-k6-1  | fspiopE2E   [  48% ] 60/60 VUs  2m40.0s/5m30.0s
load-k6-1  | 
load-k6-1  | running (2m41.0s), 60/60 VUs, 25685 complete and 0 interrupted iterations
load-k6-1  | fspiopE2E   [  49% ] 60/60 VUs  2m41.0s/5m30.0s
load-k6-1  | 
load-k6-1  | running (2m42.0s), 60/60 VUs, 25863 complete and 0 interrupted iterations
load-k6-1  | fspiopE2E   [  49% ] 60/60 VUs  2m42.0s/5m30.0s
load-k6-1  | 
load-k6-1  | running (2m43.0s), 60/60 VUs, 26038 complete and 0 interrupted iterations
load-k6-1  | fspiopE2E   [  49% ] 60/60 VUs  2m43.0s/5m30.0s
load-k6-1  | 
load-k6-1  | running (2m44.0s), 60/60 VUs, 26203 complete and 0 interrupted iterations
load-k6-1  | fspiopE2E   [  50% ] 60/60 VUs  2m44.0s/5m30.0s
load-k6-1  | 
load-k6-1  | running (2m45.0s), 60/60 VUs, 26369 complete and 0 interrupted iterations
load-k6-1  | fspiopE2E   [  50% ] 60/60 VUs  2m45.0s/5m30.0s
load-k6-1  | 
load-k6-1  | running (2m46.0s), 60/60 VUs, 26525 complete and 0 interrupted iterations
load-k6-1  | fspiopE2E   [  50% ] 60/60 VUs  2m46.0s/5m30.0s
load-k6-1  | 
load-k6-1  | running (2m47.0s), 60/60 VUs, 26695 complete and 0 interrupted iterations
load-k6-1  | fspiopE2E   [  51% ] 60/60 VUs  2m47.0s/5m30.0s
load-k6-1  | 
load-k6-1  | running (2m48.0s), 60/60 VUs, 26868 complete and 0 interrupted iterations
load-k6-1  | fspiopE2E   [  51% ] 60/60 VUs  2m48.0s/5m30.0s
load-k6-1  | 
load-k6-1  | running (2m49.0s), 60/60 VUs, 27040 complete and 0 interrupted iterations
load-k6-1  | fspiopE2E   [  51% ] 60/60 VUs  2m49.0s/5m30.0s
load-k6-1  | 
load-k6-1  | running (2m50.0s), 60/60 VUs, 27205 complete and 0 interrupted iterations
load-k6-1  | fspiopE2E   [  52% ] 60/60 VUs  2m50.0s/5m30.0s
load-k6-1  | 
load-k6-1  | running (2m51.0s), 60/60 VUs, 27380 complete and 0 interrupted iterations
load-k6-1  | fspiopE2E   [  52% ] 60/60 VUs  2m51.0s/5m30.0s
load-k6-1  | 
load-k6-1  | running (2m52.0s), 60/60 VUs, 27551 complete and 0 interrupted iterations
load-k6-1  | fspiopE2E   [  52% ] 60/60 VUs  2m52.0s/5m30.0s
load-k6-1  | 
load-k6-1  | running (2m53.0s), 60/60 VUs, 27718 complete and 0 interrupted iterations
load-k6-1  | fspiopE2E   [  52% ] 60/60 VUs  2m53.0s/5m30.0s
load-k6-1  | 
load-k6-1  | running (2m54.0s), 60/60 VUs, 27873 complete and 0 interrupted iterations
load-k6-1  | fspiopE2E   [  53% ] 60/60 VUs  2m54.0s/5m30.0s
load-k6-1  | 
load-k6-1  | running (2m55.0s), 60/60 VUs, 28021 complete and 0 interrupted iterations
load-k6-1  | fspiopE2E   [  53% ] 60/60 VUs  2m55.0s/5m30.0s
load-k6-1  | 
load-k6-1  | running (2m56.0s), 60/60 VUs, 28186 complete and 0 interrupted iterations
load-k6-1  | fspiopE2E   [  53% ] 60/60 VUs  2m56.0s/5m30.0s
load-k6-1  | 
load-k6-1  | running (2m57.0s), 60/60 VUs, 28358 complete and 0 interrupted iterations
load-k6-1  | fspiopE2E   [  54% ] 60/60 VUs  2m57.0s/5m30.0s
load-k6-1  | 
load-k6-1  | running (2m58.0s), 60/60 VUs, 28516 complete and 0 interrupted iterations
load-k6-1  | fspiopE2E   [  54% ] 60/60 VUs  2m58.0s/5m30.0s
load-k6-1  | 
load-k6-1  | running (2m59.0s), 60/60 VUs, 28668 complete and 0 interrupted iterations
load-k6-1  | fspiopE2E   [  54% ] 60/60 VUs  2m59.0s/5m30.0s
load-k6-1  | 
load-k6-1  | running (3m00.0s), 60/60 VUs, 28826 complete and 0 interrupted iterations
load-k6-1  | fspiopE2E   [  55% ] 60/60 VUs  3m00.0s/5m30.0s
load-k6-1  | 
load-k6-1  | running (3m01.0s), 60/60 VUs, 29007 complete and 0 interrupted iterations
load-k6-1  | fspiopE2E   [  55% ] 60/60 VUs  3m01.0s/5m30.0s
load-k6-1  | 
load-k6-1  | running (3m02.0s), 60/60 VUs, 29187 complete and 0 interrupted iterations
load-k6-1  | fspiopE2E   [  55% ] 60/60 VUs  3m02.0s/5m30.0s
load-k6-1  | 
load-k6-1  | running (3m03.0s), 60/60 VUs, 29366 complete and 0 interrupted iterations
load-k6-1  | fspiopE2E   [  55% ] 60/60 VUs  3m03.0s/5m30.0s
load-k6-1  | 
load-k6-1  | running (3m04.0s), 60/60 VUs, 29538 complete and 0 interrupted iterations
load-k6-1  | fspiopE2E   [  56% ] 60/60 VUs  3m04.0s/5m30.0s
load-k6-1  | 
load-k6-1  | running (3m05.0s), 60/60 VUs, 29687 complete and 0 interrupted iterations
load-k6-1  | fspiopE2E   [  56% ] 60/60 VUs  3m05.0s/5m30.0s
load-k6-1  | 
load-k6-1  | running (3m06.0s), 60/60 VUs, 29861 complete and 0 interrupted iterations
load-k6-1  | fspiopE2E   [  56% ] 60/60 VUs  3m06.0s/5m30.0s
load-k6-1  | 
load-k6-1  | running (3m07.0s), 60/60 VUs, 30044 complete and 0 interrupted iterations
load-k6-1  | fspiopE2E   [  57% ] 60/60 VUs  3m07.0s/5m30.0s
load-k6-1  | 
load-k6-1  | running (3m08.0s), 60/60 VUs, 30208 complete and 0 interrupted iterations
load-k6-1  | fspiopE2E   [  57% ] 60/60 VUs  3m08.0s/5m30.0s
load-k6-1  | 
load-k6-1  | running (3m09.0s), 60/60 VUs, 30362 complete and 0 interrupted iterations
load-k6-1  | fspiopE2E   [  57% ] 60/60 VUs  3m09.0s/5m30.0s
load-k6-1  | 
load-k6-1  | running (3m10.0s), 60/60 VUs, 30540 complete and 0 interrupted iterations
load-k6-1  | fspiopE2E   [  58% ] 60/60 VUs  3m10.0s/5m30.0s
load-k6-1  | 
load-k6-1  | running (3m11.0s), 60/60 VUs, 30706 complete and 0 interrupted iterations
load-k6-1  | fspiopE2E   [  58% ] 60/60 VUs  3m11.0s/5m30.0s
load-k6-1  | 
load-k6-1  | running (3m12.0s), 60/60 VUs, 30887 complete and 0 interrupted iterations
load-k6-1  | fspiopE2E   [  58% ] 60/60 VUs  3m12.0s/5m30.0s
load-k6-1  | 
load-k6-1  | running (3m13.0s), 60/60 VUs, 31054 complete and 0 interrupted iterations
load-k6-1  | fspiopE2E   [  58% ] 60/60 VUs  3m13.0s/5m30.0s
load-k6-1  | 
load-k6-1  | running (3m14.0s), 60/60 VUs, 31219 complete and 0 interrupted iterations
load-k6-1  | fspiopE2E   [  59% ] 60/60 VUs  3m14.0s/5m30.0s
load-k6-1  | 
load-k6-1  | running (3m15.0s), 60/60 VUs, 31392 complete and 0 interrupted iterations
load-k6-1  | fspiopE2E   [  59% ] 60/60 VUs  3m15.0s/5m30.0s
load-k6-1  | 
load-k6-1  | running (3m16.0s), 60/60 VUs, 31532 complete and 0 interrupted iterations
load-k6-1  | fspiopE2E   [  59% ] 60/60 VUs  3m16.0s/5m30.0s
load-k6-1  | 
load-k6-1  | running (3m17.0s), 60/60 VUs, 31704 complete and 0 interrupted iterations
load-k6-1  | fspiopE2E   [  60% ] 60/60 VUs  3m17.0s/5m30.0s
load-k6-1  | 
load-k6-1  | running (3m18.0s), 60/60 VUs, 31891 complete and 0 interrupted iterations
load-k6-1  | fspiopE2E   [  60% ] 60/60 VUs  3m18.0s/5m30.0s
load-k6-1  | 
load-k6-1  | running (3m19.0s), 60/60 VUs, 32055 complete and 0 interrupted iterations
load-k6-1  | fspiopE2E   [  60% ] 60/60 VUs  3m19.0s/5m30.0s
load-k6-1  | 
load-k6-1  | running (3m20.0s), 60/60 VUs, 32231 complete and 0 interrupted iterations
load-k6-1  | fspiopE2E   [  61% ] 60/60 VUs  3m20.0s/5m30.0s
load-k6-1  | 
load-k6-1  | running (3m21.0s), 60/60 VUs, 32387 complete and 0 interrupted iterations
load-k6-1  | fspiopE2E   [  61% ] 60/60 VUs  3m21.0s/5m30.0s
load-k6-1  | 
load-k6-1  | running (3m22.0s), 60/60 VUs, 32539 complete and 0 interrupted iterations
load-k6-1  | fspiopE2E   [  61% ] 60/60 VUs  3m22.0s/5m30.0s
load-k6-1  | 
load-k6-1  | running (3m23.0s), 60/60 VUs, 32706 complete and 0 interrupted iterations
load-k6-1  | fspiopE2E   [  62% ] 60/60 VUs  3m23.0s/5m30.0s
load-k6-1  | 
load-k6-1  | running (3m24.0s), 60/60 VUs, 32894 complete and 0 interrupted iterations
load-k6-1  | fspiopE2E   [  62% ] 60/60 VUs  3m24.0s/5m30.0s
load-k6-1  | 
load-k6-1  | running (3m25.0s), 60/60 VUs, 33056 complete and 0 interrupted iterations
load-k6-1  | fspiopE2E   [  62% ] 60/60 VUs  3m25.0s/5m30.0s
load-k6-1  | 
load-k6-1  | running (3m26.0s), 60/60 VUs, 33182 complete and 0 interrupted iterations
load-k6-1  | fspiopE2E   [  62% ] 60/60 VUs  3m26.0s/5m30.0s
load-k6-1  | 
load-k6-1  | running (3m27.0s), 60/60 VUs, 33350 complete and 0 interrupted iterations
load-k6-1  | fspiopE2E   [  63% ] 60/60 VUs  3m27.0s/5m30.0s
load-k6-1  | 
load-k6-1  | running (3m28.0s), 60/60 VUs, 33520 complete and 0 interrupted iterations
load-k6-1  | fspiopE2E   [  63% ] 60/60 VUs  3m28.0s/5m30.0s
load-k6-1  | 
load-k6-1  | running (3m29.0s), 60/60 VUs, 33690 complete and 0 interrupted iterations
load-k6-1  | fspiopE2E   [  63% ] 60/60 VUs  3m29.0s/5m30.0s
load-k6-1  | 
load-k6-1  | running (3m30.0s), 60/60 VUs, 33852 complete and 0 interrupted iterations
load-k6-1  | fspiopE2E   [  64% ] 60/60 VUs  3m30.0s/5m30.0s
load-k6-1  | 
load-k6-1  | running (3m31.0s), 60/60 VUs, 34015 complete and 0 interrupted iterations
load-k6-1  | fspiopE2E   [  64% ] 60/60 VUs  3m31.0s/5m30.0s
load-k6-1  | 
load-k6-1  | running (3m32.0s), 60/60 VUs, 34190 complete and 0 interrupted iterations
load-k6-1  | fspiopE2E   [  64% ] 60/60 VUs  3m32.0s/5m30.0s
load-k6-1  | 
load-k6-1  | running (3m33.0s), 60/60 VUs, 34358 complete and 0 interrupted iterations
load-k6-1  | fspiopE2E   [  65% ] 60/60 VUs  3m33.0s/5m30.0s
load-k6-1  | 
load-k6-1  | running (3m34.0s), 60/60 VUs, 34521 complete and 0 interrupted iterations
load-k6-1  | fspiopE2E   [  65% ] 60/60 VUs  3m34.0s/5m30.0s
load-k6-1  | 
load-k6-1  | running (3m35.0s), 60/60 VUs, 34684 complete and 0 interrupted iterations
load-k6-1  | fspiopE2E   [  65% ] 60/60 VUs  3m35.0s/5m30.0s
load-k6-1  | 
load-k6-1  | running (3m36.0s), 60/60 VUs, 34859 complete and 0 interrupted iterations
load-k6-1  | fspiopE2E   [  65% ] 60/60 VUs  3m36.0s/5m30.0s
load-k6-1  | 
load-k6-1  | running (3m37.0s), 60/60 VUs, 35024 complete and 0 interrupted iterations
load-k6-1  | fspiopE2E   [  66% ] 60/60 VUs  3m37.0s/5m30.0s
load-k6-1  | 
load-k6-1  | running (3m38.0s), 60/60 VUs, 35175 complete and 0 interrupted iterations
load-k6-1  | fspiopE2E   [  66% ] 60/60 VUs  3m38.0s/5m30.0s
load-k6-1  | 
load-k6-1  | running (3m39.0s), 60/60 VUs, 35355 complete and 0 interrupted iterations
load-k6-1  | fspiopE2E   [  66% ] 60/60 VUs  3m39.0s/5m30.0s
load-k6-1  | 
load-k6-1  | running (3m40.0s), 60/60 VUs, 35499 complete and 0 interrupted iterations
load-k6-1  | fspiopE2E   [  67% ] 60/60 VUs  3m40.0s/5m30.0s
load-k6-1  | 
load-k6-1  | running (3m41.0s), 60/60 VUs, 35662 complete and 0 interrupted iterations
load-k6-1  | fspiopE2E   [  67% ] 60/60 VUs  3m41.0s/5m30.0s
load-k6-1  | 
load-k6-1  | running (3m42.0s), 60/60 VUs, 35847 complete and 0 interrupted iterations
load-k6-1  | fspiopE2E   [  67% ] 60/60 VUs  3m42.0s/5m30.0s
load-k6-1  | 
load-k6-1  | running (3m43.0s), 60/60 VUs, 36018 complete and 0 interrupted iterations
load-k6-1  | fspiopE2E   [  68% ] 60/60 VUs  3m43.0s/5m30.0s
load-k6-1  | 
load-k6-1  | running (3m44.0s), 60/60 VUs, 36177 complete and 0 interrupted iterations
load-k6-1  | fspiopE2E   [  68% ] 60/60 VUs  3m44.0s/5m30.0s
load-k6-1  | 
load-k6-1  | running (3m45.0s), 60/60 VUs, 36342 complete and 0 interrupted iterations
load-k6-1  | fspiopE2E   [  68% ] 60/60 VUs  3m45.0s/5m30.0s
load-k6-1  | 
load-k6-1  | running (3m46.0s), 60/60 VUs, 36504 complete and 0 interrupted iterations
load-k6-1  | fspiopE2E   [  68% ] 60/60 VUs  3m46.0s/5m30.0s
load-k6-1  | 
load-k6-1  | running (3m47.0s), 60/60 VUs, 36670 complete and 0 interrupted iterations
load-k6-1  | fspiopE2E   [  69% ] 60/60 VUs  3m47.0s/5m30.0s
load-k6-1  | 
load-k6-1  | running (3m48.0s), 60/60 VUs, 36801 complete and 0 interrupted iterations
load-k6-1  | fspiopE2E   [  69% ] 60/60 VUs  3m48.0s/5m30.0s
load-k6-1  | 
load-k6-1  | running (3m49.0s), 60/60 VUs, 36960 complete and 0 interrupted iterations
load-k6-1  | fspiopE2E   [  69% ] 60/60 VUs  3m49.0s/5m30.0s
load-k6-1  | 
load-k6-1  | running (3m50.0s), 60/60 VUs, 37133 complete and 0 interrupted iterations
load-k6-1  | fspiopE2E   [  70% ] 60/60 VUs  3m50.0s/5m30.0s
load-k6-1  | 
load-k6-1  | running (3m51.0s), 60/60 VUs, 37302 complete and 0 interrupted iterations
load-k6-1  | fspiopE2E   [  70% ] 60/60 VUs  3m51.0s/5m30.0s
load-k6-1  | 
load-k6-1  | running (3m52.0s), 60/60 VUs, 37465 complete and 0 interrupted iterations
load-k6-1  | fspiopE2E   [  70% ] 60/60 VUs  3m52.0s/5m30.0s
load-k6-1  | 
load-k6-1  | running (3m53.0s), 60/60 VUs, 37631 complete and 0 interrupted iterations
load-k6-1  | fspiopE2E   [  71% ] 60/60 VUs  3m53.0s/5m30.0s
load-k6-1  | 
load-k6-1  | running (3m54.0s), 60/60 VUs, 37800 complete and 0 interrupted iterations
load-k6-1  | fspiopE2E   [  71% ] 60/60 VUs  3m54.0s/5m30.0s
load-k6-1  | 
load-k6-1  | running (3m55.0s), 60/60 VUs, 37964 complete and 0 interrupted iterations
load-k6-1  | fspiopE2E   [  71% ] 60/60 VUs  3m55.0s/5m30.0s
load-k6-1  | 
load-k6-1  | running (3m56.0s), 60/60 VUs, 38137 complete and 0 interrupted iterations
load-k6-1  | fspiopE2E   [  72% ] 60/60 VUs  3m56.0s/5m30.0s
load-k6-1  | 
load-k6-1  | running (3m57.0s), 60/60 VUs, 38282 complete and 0 interrupted iterations
load-k6-1  | fspiopE2E   [  72% ] 60/60 VUs  3m57.0s/5m30.0s
load-k6-1  | 
load-k6-1  | running (3m58.0s), 60/60 VUs, 38424 complete and 0 interrupted iterations
load-k6-1  | fspiopE2E   [  72% ] 60/60 VUs  3m58.0s/5m30.0s
load-k6-1  | 
load-k6-1  | running (3m59.0s), 60/60 VUs, 38569 complete and 0 interrupted iterations
load-k6-1  | fspiopE2E   [  72% ] 60/60 VUs  3m59.0s/5m30.0s
load-k6-1  | 
load-k6-1  | running (4m00.0s), 60/60 VUs, 38736 complete and 0 interrupted iterations
load-k6-1  | fspiopE2E   [  73% ] 60/60 VUs  4m00.0s/5m30.0s
load-k6-1  | 
load-k6-1  | running (4m01.0s), 60/60 VUs, 38882 complete and 0 interrupted iterations
load-k6-1  | fspiopE2E   [  73% ] 60/60 VUs  4m01.0s/5m30.0s
load-k6-1  | 
load-k6-1  | running (4m02.0s), 60/60 VUs, 39058 complete and 0 interrupted iterations
load-k6-1  | fspiopE2E   [  73% ] 60/60 VUs  4m02.0s/5m30.0s
load-k6-1  | 
load-k6-1  | running (4m03.0s), 60/60 VUs, 39232 complete and 0 interrupted iterations
load-k6-1  | fspiopE2E   [  74% ] 60/60 VUs  4m03.0s/5m30.0s
load-k6-1  | 
load-k6-1  | running (4m04.0s), 60/60 VUs, 39387 complete and 0 interrupted iterations
load-k6-1  | fspiopE2E   [  74% ] 60/60 VUs  4m04.0s/5m30.0s
load-k6-1  | 
load-k6-1  | running (4m05.0s), 60/60 VUs, 39555 complete and 0 interrupted iterations
load-k6-1  | fspiopE2E   [  74% ] 60/60 VUs  4m05.0s/5m30.0s
load-k6-1  | 
load-k6-1  | running (4m06.0s), 60/60 VUs, 39729 complete and 0 interrupted iterations
load-k6-1  | fspiopE2E   [  75% ] 60/60 VUs  4m06.0s/5m30.0s
load-k6-1  | 
load-k6-1  | running (4m07.0s), 60/60 VUs, 39892 complete and 0 interrupted iterations
load-k6-1  | fspiopE2E   [  75% ] 60/60 VUs  4m07.0s/5m30.0s
load-k6-1  | 
load-k6-1  | running (4m08.0s), 60/60 VUs, 40061 complete and 0 interrupted iterations
load-k6-1  | fspiopE2E   [  75% ] 60/60 VUs  4m08.0s/5m30.0s
load-k6-1  | 
load-k6-1  | running (4m09.0s), 60/60 VUs, 40235 complete and 0 interrupted iterations
load-k6-1  | fspiopE2E   [  75% ] 60/60 VUs  4m09.0s/5m30.0s
load-k6-1  | 
load-k6-1  | running (4m10.0s), 60/60 VUs, 40403 complete and 0 interrupted iterations
load-k6-1  | fspiopE2E   [  76% ] 60/60 VUs  4m10.0s/5m30.0s
load-k6-1  | 
load-k6-1  | running (4m11.0s), 60/60 VUs, 40566 complete and 0 interrupted iterations
load-k6-1  | fspiopE2E   [  76% ] 60/60 VUs  4m11.0s/5m30.0s
load-k6-1  | 
load-k6-1  | running (4m12.0s), 60/60 VUs, 40740 complete and 0 interrupted iterations
load-k6-1  | fspiopE2E   [  76% ] 60/60 VUs  4m12.0s/5m30.0s
load-k6-1  | 
load-k6-1  | running (4m13.0s), 60/60 VUs, 40908 complete and 0 interrupted iterations
load-k6-1  | fspiopE2E   [  77% ] 60/60 VUs  4m13.0s/5m30.0s
load-k6-1  | 
load-k6-1  | running (4m14.0s), 60/60 VUs, 41085 complete and 0 interrupted iterations
load-k6-1  | fspiopE2E   [  77% ] 60/60 VUs  4m14.0s/5m30.0s
load-k6-1  | 
load-k6-1  | running (4m15.0s), 60/60 VUs, 41235 complete and 0 interrupted iterations
load-k6-1  | fspiopE2E   [  77% ] 60/60 VUs  4m15.0s/5m30.0s
load-k6-1  | 
load-k6-1  | running (4m16.0s), 60/60 VUs, 41399 complete and 0 interrupted iterations
load-k6-1  | fspiopE2E   [  78% ] 60/60 VUs  4m16.0s/5m30.0s
load-k6-1  | 
load-k6-1  | running (4m17.0s), 60/60 VUs, 41569 complete and 0 interrupted iterations
load-k6-1  | fspiopE2E   [  78% ] 60/60 VUs  4m17.0s/5m30.0s
load-k6-1  | 
load-k6-1  | running (4m18.0s), 60/60 VUs, 41717 complete and 0 interrupted iterations
load-k6-1  | fspiopE2E   [  78% ] 60/60 VUs  4m18.0s/5m30.0s
load-k6-1  | 
load-k6-1  | running (4m19.0s), 60/60 VUs, 41849 complete and 0 interrupted iterations
load-k6-1  | fspiopE2E   [  78% ] 60/60 VUs  4m19.0s/5m30.0s
load-k6-1  | 
load-k6-1  | running (4m20.0s), 60/60 VUs, 42026 complete and 0 interrupted iterations
load-k6-1  | fspiopE2E   [  79% ] 60/60 VUs  4m20.0s/5m30.0s
load-k6-1  | 
load-k6-1  | running (4m21.0s), 60/60 VUs, 42201 complete and 0 interrupted iterations
load-k6-1  | fspiopE2E   [  79% ] 60/60 VUs  4m21.0s/5m30.0s
load-k6-1  | 
load-k6-1  | running (4m22.0s), 60/60 VUs, 42364 complete and 0 interrupted iterations
load-k6-1  | fspiopE2E   [  79% ] 60/60 VUs  4m22.0s/5m30.0s
load-k6-1  | 
load-k6-1  | running (4m23.0s), 60/60 VUs, 42529 complete and 0 interrupted iterations
load-k6-1  | fspiopE2E   [  80% ] 60/60 VUs  4m23.0s/5m30.0s
load-k6-1  | 
load-k6-1  | running (4m24.0s), 60/60 VUs, 42701 complete and 0 interrupted iterations
load-k6-1  | fspiopE2E   [  80% ] 60/60 VUs  4m24.0s/5m30.0s
load-k6-1  | 
load-k6-1  | running (4m25.0s), 60/60 VUs, 42868 complete and 0 interrupted iterations
load-k6-1  | fspiopE2E   [  80% ] 60/60 VUs  4m25.0s/5m30.0s
load-k6-1  | 
load-k6-1  | running (4m26.0s), 60/60 VUs, 43046 complete and 0 interrupted iterations
load-k6-1  | fspiopE2E   [  81% ] 60/60 VUs  4m26.0s/5m30.0s
load-k6-1  | 
load-k6-1  | running (4m27.0s), 60/60 VUs, 43211 complete and 0 interrupted iterations
load-k6-1  | fspiopE2E   [  81% ] 60/60 VUs  4m27.0s/5m30.0s
load-k6-1  | 
load-k6-1  | running (4m28.0s), 60/60 VUs, 43372 complete and 0 interrupted iterations
load-k6-1  | fspiopE2E   [  81% ] 60/60 VUs  4m28.0s/5m30.0s
load-k6-1  | 
load-k6-1  | running (4m29.0s), 60/60 VUs, 43517 complete and 0 interrupted iterations
load-k6-1  | fspiopE2E   [  82% ] 60/60 VUs  4m29.0s/5m30.0s
load-k6-1  | 
load-k6-1  | running (4m30.0s), 60/60 VUs, 43686 complete and 0 interrupted iterations
load-k6-1  | fspiopE2E   [  82% ] 60/60 VUs  4m30.0s/5m30.0s
load-k6-1  | 
load-k6-1  | running (4m31.0s), 60/60 VUs, 43854 complete and 0 interrupted iterations
load-k6-1  | fspiopE2E   [  82% ] 60/60 VUs  4m31.0s/5m30.0s
load-k6-1  | 
load-k6-1  | running (4m32.0s), 60/60 VUs, 44025 complete and 0 interrupted iterations
load-k6-1  | fspiopE2E   [  82% ] 60/60 VUs  4m32.0s/5m30.0s
load-k6-1  | 
load-k6-1  | running (4m33.0s), 60/60 VUs, 44150 complete and 0 interrupted iterations
load-k6-1  | fspiopE2E   [  83% ] 60/60 VUs  4m33.0s/5m30.0s
load-k6-1  | 
load-k6-1  | running (4m34.0s), 60/60 VUs, 44322 complete and 0 interrupted iterations
load-k6-1  | fspiopE2E   [  83% ] 60/60 VUs  4m34.0s/5m30.0s
load-k6-1  | 
load-k6-1  | running (4m35.0s), 60/60 VUs, 44497 complete and 0 interrupted iterations
load-k6-1  | fspiopE2E   [  83% ] 60/60 VUs  4m35.0s/5m30.0s
load-k6-1  | 
load-k6-1  | running (4m36.0s), 60/60 VUs, 44664 complete and 0 interrupted iterations
load-k6-1  | fspiopE2E   [  84% ] 60/60 VUs  4m36.0s/5m30.0s
load-k6-1  | 
load-k6-1  | running (4m37.0s), 60/60 VUs, 44815 complete and 0 interrupted iterations
load-k6-1  | fspiopE2E   [  84% ] 60/60 VUs  4m37.0s/5m30.0s
load-k6-1  | 
load-k6-1  | running (4m38.0s), 60/60 VUs, 44985 complete and 0 interrupted iterations
load-k6-1  | fspiopE2E   [  84% ] 60/60 VUs  4m38.0s/5m30.0s
load-k6-1  | 
load-k6-1  | running (4m39.0s), 60/60 VUs, 45164 complete and 0 interrupted iterations
load-k6-1  | fspiopE2E   [  85% ] 60/60 VUs  4m39.0s/5m30.0s
load-k6-1  | 
load-k6-1  | running (4m40.0s), 60/60 VUs, 45334 complete and 0 interrupted iterations
load-k6-1  | fspiopE2E   [  85% ] 60/60 VUs  4m40.0s/5m30.0s
load-k6-1  | 
load-k6-1  | running (4m41.0s), 60/60 VUs, 45497 complete and 0 interrupted iterations
load-k6-1  | fspiopE2E   [  85% ] 60/60 VUs  4m41.0s/5m30.0s
load-k6-1  | 
load-k6-1  | running (4m42.0s), 60/60 VUs, 45664 complete and 0 interrupted iterations
load-k6-1  | fspiopE2E   [  85% ] 60/60 VUs  4m42.0s/5m30.0s
load-k6-1  | 
load-k6-1  | running (4m43.0s), 60/60 VUs, 45831 complete and 0 interrupted iterations
load-k6-1  | fspiopE2E   [  86% ] 60/60 VUs  4m43.0s/5m30.0s
load-k6-1  | 
load-k6-1  | running (4m44.0s), 60/60 VUs, 46004 complete and 0 interrupted iterations
load-k6-1  | fspiopE2E   [  86% ] 60/60 VUs  4m44.0s/5m30.0s
load-k6-1  | 
load-k6-1  | running (4m45.0s), 60/60 VUs, 46167 complete and 0 interrupted iterations
load-k6-1  | fspiopE2E   [  86% ] 60/60 VUs  4m45.0s/5m30.0s
load-k6-1  | 
load-k6-1  | running (4m46.0s), 60/60 VUs, 46349 complete and 0 interrupted iterations
load-k6-1  | fspiopE2E   [  87% ] 60/60 VUs  4m46.0s/5m30.0s
load-k6-1  | 
load-k6-1  | running (4m47.0s), 60/60 VUs, 46480 complete and 0 interrupted iterations
load-k6-1  | fspiopE2E   [  87% ] 60/60 VUs  4m47.0s/5m30.0s
load-k6-1  | 
load-k6-1  | running (4m48.0s), 60/60 VUs, 46630 complete and 0 interrupted iterations
load-k6-1  | fspiopE2E   [  87% ] 60/60 VUs  4m48.0s/5m30.0s
load-k6-1  | 
load-k6-1  | running (4m49.0s), 60/60 VUs, 46795 complete and 0 interrupted iterations
load-k6-1  | fspiopE2E   [  88% ] 60/60 VUs  4m49.0s/5m30.0s
load-k6-1  | 
load-k6-1  | running (4m50.0s), 60/60 VUs, 46960 complete and 0 interrupted iterations
load-k6-1  | fspiopE2E   [  88% ] 60/60 VUs  4m50.0s/5m30.0s
load-k6-1  | 
load-k6-1  | running (4m51.0s), 60/60 VUs, 47125 complete and 0 interrupted iterations
load-k6-1  | fspiopE2E   [  88% ] 60/60 VUs  4m51.0s/5m30.0s
load-k6-1  | 
load-k6-1  | running (4m52.0s), 60/60 VUs, 47294 complete and 0 interrupted iterations
load-k6-1  | fspiopE2E   [  88% ] 60/60 VUs  4m52.0s/5m30.0s
load-k6-1  | 
load-k6-1  | running (4m53.0s), 60/60 VUs, 47456 complete and 0 interrupted iterations
load-k6-1  | fspiopE2E   [  89% ] 60/60 VUs  4m53.0s/5m30.0s
load-k6-1  | 
load-k6-1  | running (4m54.0s), 60/60 VUs, 47618 complete and 0 interrupted iterations
load-k6-1  | fspiopE2E   [  89% ] 60/60 VUs  4m54.0s/5m30.0s
load-k6-1  | 
load-k6-1  | running (4m55.0s), 60/60 VUs, 47789 complete and 0 interrupted iterations
load-k6-1  | fspiopE2E   [  89% ] 60/60 VUs  4m55.0s/5m30.0s
load-k6-1  | 
load-k6-1  | running (4m56.0s), 60/60 VUs, 47963 complete and 0 interrupted iterations
load-k6-1  | fspiopE2E   [  90% ] 60/60 VUs  4m56.0s/5m30.0s
load-k6-1  | 
load-k6-1  | running (4m57.0s), 60/60 VUs, 48120 complete and 0 interrupted iterations
load-k6-1  | fspiopE2E   [  90% ] 60/60 VUs  4m57.0s/5m30.0s
load-k6-1  | 
load-k6-1  | running (4m58.0s), 60/60 VUs, 48290 complete and 0 interrupted iterations
load-k6-1  | fspiopE2E   [  90% ] 60/60 VUs  4m58.0s/5m30.0s
load-k6-1  | 
load-k6-1  | running (4m59.0s), 60/60 VUs, 48469 complete and 0 interrupted iterations
load-k6-1  | fspiopE2E   [  91% ] 60/60 VUs  4m59.0s/5m30.0s
load-k6-1  | 
load-k6-1  | running (5m00.0s), 60/60 VUs, 48624 complete and 0 interrupted iterations
load-k6-1  | fspiopE2E   [  91% ] 60/60 VUs  5m00.0s/5m30.0s
load-k6-1  | 
load-k6-1  | running (5m01.0s), 60/60 VUs, 48765 complete and 0 interrupted iterations
load-k6-1  | fspiopE2E   [  91% ] 60/60 VUs  5m01.0s/5m30.0s
load-k6-1  | 
load-k6-1  | running (5m02.0s), 60/60 VUs, 48917 complete and 0 interrupted iterations
load-k6-1  | fspiopE2E   [  92% ] 60/60 VUs  5m02.0s/5m30.0s
load-k6-1  | 
load-k6-1  | running (5m03.0s), 60/60 VUs, 49055 complete and 0 interrupted iterations
load-k6-1  | fspiopE2E   [  92% ] 60/60 VUs  5m03.0s/5m30.0s
load-k6-1  | 
load-k6-1  | running (5m04.0s), 60/60 VUs, 49220 complete and 0 interrupted iterations
load-k6-1  | fspiopE2E   [  92% ] 60/60 VUs  5m04.0s/5m30.0s
load-k6-1  | 
load-k6-1  | running (5m05.0s), 60/60 VUs, 49399 complete and 0 interrupted iterations
load-k6-1  | fspiopE2E   [  92% ] 60/60 VUs  5m05.0s/5m30.0s
load-k6-1  | 
load-k6-1  | running (5m06.0s), 60/60 VUs, 49577 complete and 0 interrupted iterations
load-k6-1  | fspiopE2E   [  93% ] 60/60 VUs  5m06.0s/5m30.0s
load-k6-1  | 
load-k6-1  | running (5m07.0s), 60/60 VUs, 49747 complete and 0 interrupted iterations
load-k6-1  | fspiopE2E   [  93% ] 60/60 VUs  5m07.0s/5m30.0s
load-k6-1  | 
load-k6-1  | running (5m08.0s), 60/60 VUs, 49921 complete and 0 interrupted iterations
load-k6-1  | fspiopE2E   [  93% ] 60/60 VUs  5m08.0s/5m30.0s
load-k6-1  | 
load-k6-1  | running (5m09.0s), 60/60 VUs, 50088 complete and 0 interrupted iterations
load-k6-1  | fspiopE2E   [  94% ] 60/60 VUs  5m09.0s/5m30.0s
load-k6-1  | 
load-k6-1  | running (5m10.0s), 60/60 VUs, 50265 complete and 0 interrupted iterations
load-k6-1  | fspiopE2E   [  94% ] 60/60 VUs  5m10.0s/5m30.0s
load-k6-1  | 
load-k6-1  | running (5m11.0s), 60/60 VUs, 50418 complete and 0 interrupted iterations
load-k6-1  | fspiopE2E   [  94% ] 60/60 VUs  5m11.0s/5m30.0s
load-k6-1  | 
load-k6-1  | running (5m12.0s), 60/60 VUs, 50587 complete and 0 interrupted iterations
load-k6-1  | fspiopE2E   [  95% ] 60/60 VUs  5m12.0s/5m30.0s
load-k6-1  | 
load-k6-1  | running (5m13.0s), 60/60 VUs, 50734 complete and 0 interrupted iterations
load-k6-1  | fspiopE2E   [  95% ] 60/60 VUs  5m13.0s/5m30.0s
load-k6-1  | 
load-k6-1  | running (5m14.0s), 60/60 VUs, 50900 complete and 0 interrupted iterations
load-k6-1  | fspiopE2E   [  95% ] 60/60 VUs  5m14.0s/5m30.0s
load-k6-1  | 
load-k6-1  | running (5m15.0s), 60/60 VUs, 51059 complete and 0 interrupted iterations
load-k6-1  | fspiopE2E   [  95% ] 60/60 VUs  5m15.0s/5m30.0s
load-k6-1  | 
load-k6-1  | running (5m16.0s), 60/60 VUs, 51213 complete and 0 interrupted iterations
load-k6-1  | fspiopE2E   [  96% ] 60/60 VUs  5m16.0s/5m30.0s
load-k6-1  | 
load-k6-1  | running (5m17.0s), 60/60 VUs, 51365 complete and 0 interrupted iterations
load-k6-1  | fspiopE2E   [  96% ] 60/60 VUs  5m17.0s/5m30.0s
load-k6-1  | 
load-k6-1  | running (5m18.0s), 60/60 VUs, 51542 complete and 0 interrupted iterations
load-k6-1  | fspiopE2E   [  96% ] 60/60 VUs  5m18.0s/5m30.0s
load-k6-1  | 
load-k6-1  | running (5m19.0s), 60/60 VUs, 51723 complete and 0 interrupted iterations
load-k6-1  | fspiopE2E   [  97% ] 60/60 VUs  5m19.0s/5m30.0s
load-k6-1  | 
load-k6-1  | running (5m20.0s), 60/60 VUs, 51892 complete and 0 interrupted iterations
load-k6-1  | fspiopE2E   [  97% ] 60/60 VUs  5m20.0s/5m30.0s
load-k6-1  | 
load-k6-1  | running (5m21.0s), 60/60 VUs, 52058 complete and 0 interrupted iterations
load-k6-1  | fspiopE2E   [  97% ] 60/60 VUs  5m21.0s/5m30.0s
load-k6-1  | 
load-k6-1  | running (5m22.0s), 60/60 VUs, 52226 complete and 0 interrupted iterations
load-k6-1  | fspiopE2E   [  98% ] 60/60 VUs  5m22.0s/5m30.0s
load-k6-1  | 
load-k6-1  | running (5m23.0s), 60/60 VUs, 52390 complete and 0 interrupted iterations
load-k6-1  | fspiopE2E   [  98% ] 60/60 VUs  5m23.0s/5m30.0s
load-k6-1  | 
load-k6-1  | running (5m24.0s), 60/60 VUs, 52564 complete and 0 interrupted iterations
load-k6-1  | fspiopE2E   [  98% ] 60/60 VUs  5m24.0s/5m30.0s
load-k6-1  | 
load-k6-1  | running (5m25.0s), 60/60 VUs, 52729 complete and 0 interrupted iterations
load-k6-1  | fspiopE2E   [  98% ] 60/60 VUs  5m25.0s/5m30.0s
load-k6-1  | 
load-k6-1  | running (5m26.0s), 60/60 VUs, 52907 complete and 0 interrupted iterations
load-k6-1  | fspiopE2E   [  99% ] 60/60 VUs  5m26.0s/5m30.0s
load-k6-1  | 
load-k6-1  | running (5m27.0s), 60/60 VUs, 53089 complete and 0 interrupted iterations
load-k6-1  | fspiopE2E   [  99% ] 60/60 VUs  5m27.0s/5m30.0s
load-k6-1  | 
load-k6-1  | running (5m28.0s), 60/60 VUs, 53258 complete and 0 interrupted iterations
load-k6-1  | fspiopE2E   [  99% ] 60/60 VUs  5m28.0s/5m30.0s
load-k6-1  | 
load-k6-1  | running (5m29.0s), 60/60 VUs, 53406 complete and 0 interrupted iterations
load-k6-1  | fspiopE2E   [ 100% ] 60/60 VUs  5m29.0s/5m30.0s
load-k6-1  | 
load-k6-1  | running (5m30.0s), 60/60 VUs, 53586 complete and 0 interrupted iterations
load-k6-1  | fspiopE2E   [ 100% ] 60/60 VUs  5m30.0s/5m30.0s
load-k6-1  | 
load-k6-1  |      ✓ ALS_FSPIOP_GET_PARTIES_RESPONSE_IS_202
load-k6-1  |      ✓ ALS_E2E_FSPIOP_GET_PARTIES_SUCCESS
load-k6-1  |      ✓ QUOTES_FSPIOP_POST_QUOTES_RESPONSE_IS_202
load-k6-1  |      ✗ QUOTES_E2E_FSPIOP_POST_QUOTES_SUCCESS
load-k6-1  |       ↳  99% — ✓ 53652 / ✗ 1
load-k6-1  |      ✓ TRANSFERS_FSPIOP_POST_TRANSFERS_RESPONSE_IS_202
load-k6-1  |      ✓ TRANSFERS_E2E_FSPIOP_POST_TRANSFERS_SUCCESS
load-k6-1  | 
load-k6-1  |      █ E2E
load-k6-1  | 
load-k6-1  |      checks.........................: 99.99% ✓ 321915     ✗ 1     
load-k6-1  |      data_received..................: 50 MB  153 kB/s
load-k6-1  |      data_sent......................: 213 MB 646 kB/s
load-k6-1  |      group_duration.................: avg=331.07µs min=169.95µs med=287.55µs max=80.86ms p(90)=380.33µs p(95)=467.52µs
load-k6-1  |      http_req_blocked...............: avg=8.86µs   min=2.7µs    med=6.56µs   max=15.22ms p(90)=9.24µs   p(95)=10.11µs 
load-k6-1  |      http_req_connecting............: avg=297ns    min=0s       med=0s       max=4.15ms  p(90)=0s       p(95)=0s      
load-k6-1  |    ✓ http_req_duration..............: avg=5.15ms   min=786.1µs  med=3.23ms   max=92.34ms p(90)=11.37ms  p(95)=15.03ms 
load-k6-1  |        { expected_response:true }...: avg=5.15ms   min=786.1µs  med=3.23ms   max=92.34ms p(90)=11.37ms  p(95)=15.03ms 
load-k6-1  |    ✓ http_req_failed................: 0.00%  ✓ 0          ✗ 160958
load-k6-1  |      http_req_receiving.............: avg=50.87µs  min=8.26µs   med=37.36µs  max=54.91ms p(90)=77.28µs  p(95)=89.78µs 
load-k6-1  |      http_req_sending...............: avg=29.67µs  min=10.04µs  med=23.43µs  max=14.9ms  p(90)=38.53µs  p(95)=44.29µs 
load-k6-1  |      http_req_tls_handshaking.......: avg=0s       min=0s       med=0s       max=0s      p(90)=0s       p(95)=0s      
load-k6-1  |      http_req_waiting...............: avg=5.07ms   min=747.03µs med=3.15ms   max=92.25ms p(90)=11.28ms  p(95)=14.94ms 
load-k6-1  |      http_reqs......................: 160958 487.351373/s
load-k6-1  |    ✓ iteration_duration.............: avg=352.39ms min=102.74ms med=345.25ms max=5.18s   p(90)=483.01ms p(95)=529.69ms
load-k6-1  |      iterations.....................: 53653  162.451467/s
load-k6-1  |      vus............................: 60     min=2        max=60  
load-k6-1  |      vus_max........................: 60     min=60       max=60  
load-k6-1  |      ws_connecting..................: avg=1.13ms   min=259.82µs med=843.51µs max=68.02ms p(90)=1.94ms   p(95)=2.58ms  
load-k6-1  |      ws_msgs_received...............: 160957 487.348345/s
load-k6-1  |      ws_msgs_sent...................: 160958 487.351373/s
load-k6-1  |      ws_session_duration............: avg=117.92ms min=12.75ms  med=105.18ms max=5.01s   p(90)=212.08ms p(95)=250.85ms
load-k6-1  |      ws_sessions....................: 160958 487.351373/s
load-k6-1  | 
load-k6-1  | 
load-k6-1  | running (5m30.3s), 00/60 VUs, 53653 complete and 0 interrupted iterations
load-k6-1  | fspiopE2E ✓ [ 100% ] 00/60 VUs  5m30s
load-k6-1 exited with code 0
