Attaching to load-k6-1
load-k6-1  | 
load-k6-1  |           /\      |‾‾| /‾‾/   /‾‾/   
load-k6-1  |      /\  /  \     |  |/  /   /  /    
load-k6-1  |     /  \/    \    |     (   /   ‾‾\  
load-k6-1  |    /          \   |  |\  \ |  (‾)  | 
load-k6-1  |   / __________ \  |__| \__\ \_____/ .io
load-k6-1  | 
load-k6-1  | 
load-k6-1  |   execution: local
load-k6-1  |      script: /scripts/index.js
load-k6-1  |      output: Prometheus remote write (http://prometheus:9090/api/v1/write)
load-k6-1  | 
load-k6-1  |   scenarios: (100.00%) 1 scenario, 30 max VUs, 6m0s max duration (incl. graceful stop):
load-k6-1  |            * fspiopTransfers: Up to 30 looping VUs for 5m30s over 2 stages (gracefulRampDown: 30s, exec: fspiopTransfersScenarios, gracefulStop: 30s)
load-k6-1  | 
load-k6-1  | 
load-k6-1  | 
load-k6-1  | running (0m01.0s), 01/30 VUs, 11 complete and 0 interrupted iterations
load-k6-1  | fspiopTransfers   [   0% ] 01/30 VUs  0m01.0s/5m30.0s
load-k6-1  | 
load-k6-1  | 
load-k6-1  | running (0m02.0s), 02/30 VUs, 38 complete and 0 interrupted iterations
load-k6-1  | fspiopTransfers   [   1% ] 02/30 VUs  0m02.0s/5m30.0s
load-k6-1  | 
load-k6-1  | 
load-k6-1  | running (0m03.0s), 03/30 VUs, 80 complete and 0 interrupted iterations
load-k6-1  | fspiopTransfers   [   1% ] 03/30 VUs  0m03.0s/5m30.0s
load-k6-1  | 
load-k6-1  | 
load-k6-1  | running (0m04.0s), 04/30 VUs, 132 complete and 0 interrupted iterations
load-k6-1  | fspiopTransfers   [   1% ] 04/30 VUs  0m04.0s/5m30.0s
load-k6-1  | 
load-k6-1  | 
load-k6-1  | running (0m05.0s), 05/30 VUs, 200 complete and 0 interrupted iterations
load-k6-1  | fspiopTransfers   [   2% ] 05/30 VUs  0m05.0s/5m30.0s
load-k6-1  | 
load-k6-1  | 
load-k6-1  | running (0m06.0s), 06/30 VUs, 281 complete and 0 interrupted iterations
load-k6-1  | fspiopTransfers   [   2% ] 06/30 VUs  0m06.0s/5m30.0s
load-k6-1  | 
load-k6-1  | 
load-k6-1  | running (0m07.0s), 07/30 VUs, 376 complete and 0 interrupted iterations
load-k6-1  | fspiopTransfers   [   2% ] 07/30 VUs  0m07.0s/5m30.0s
load-k6-1  | 
load-k6-1  | 
load-k6-1  | running (0m08.0s), 08/30 VUs, 477 complete and 0 interrupted iterations
load-k6-1  | fspiopTransfers   [   2% ] 08/30 VUs  0m08.0s/5m30.0s
load-k6-1  | 
load-k6-1  | 
load-k6-1  | running (0m09.0s), 09/30 VUs, 593 complete and 0 interrupted iterations
load-k6-1  | fspiopTransfers   [   3% ] 09/30 VUs  0m09.0s/5m30.0s
load-k6-1  | 
load-k6-1  | 
load-k6-1  | running (0m10.0s), 10/30 VUs, 720 complete and 0 interrupted iterations
load-k6-1  | fspiopTransfers   [   3% ] 10/30 VUs  0m10.0s/5m30.0s
load-k6-1  | 
load-k6-1  | 
load-k6-1  | running (0m11.0s), 11/30 VUs, 858 complete and 0 interrupted iterations
load-k6-1  | fspiopTransfers   [   3% ] 11/30 VUs  0m11.0s/5m30.0s
load-k6-1  | 
load-k6-1  | 
load-k6-1  | running (0m12.0s), 12/30 VUs, 997 complete and 0 interrupted iterations
load-k6-1  | fspiopTransfers   [   4% ] 12/30 VUs  0m12.0s/5m30.0s
load-k6-1  | 
load-k6-1  | 
load-k6-1  | running (0m13.0s), 13/30 VUs, 1143 complete and 0 interrupted iterations
load-k6-1  | fspiopTransfers   [   4% ] 13/30 VUs  0m13.0s/5m30.0s
load-k6-1  | 
load-k6-1  | 
load-k6-1  | running (0m14.0s), 14/30 VUs, 1292 complete and 0 interrupted iterations
load-k6-1  | fspiopTransfers   [   4% ] 14/30 VUs  0m14.0s/5m30.0s
load-k6-1  | 
load-k6-1  | 
load-k6-1  | running (0m15.0s), 15/30 VUs, 1445 complete and 0 interrupted iterations
load-k6-1  | fspiopTransfers   [   5% ] 15/30 VUs  0m15.0s/5m30.0s
load-k6-1  | 
load-k6-1  | 
load-k6-1  | running (0m16.0s), 16/30 VUs, 1597 complete and 0 interrupted iterations
load-k6-1  | fspiopTransfers   [   5% ] 16/30 VUs  0m16.0s/5m30.0s
load-k6-1  | 
load-k6-1  | 
load-k6-1  | running (0m17.0s), 17/30 VUs, 1757 complete and 0 interrupted iterations
load-k6-1  | fspiopTransfers   [   5% ] 17/30 VUs  0m17.0s/5m30.0s
load-k6-1  | 
load-k6-1  | 
load-k6-1  | running (0m18.0s), 18/30 VUs, 1923 complete and 0 interrupted iterations
load-k6-1  | fspiopTransfers   [   5% ] 18/30 VUs  0m18.0s/5m30.0s
load-k6-1  | 
load-k6-1  | 
load-k6-1  | running (0m19.0s), 19/30 VUs, 2094 complete and 0 interrupted iterations
load-k6-1  | fspiopTransfers   [   6% ] 19/30 VUs  0m19.0s/5m30.0s
load-k6-1  | 
load-k6-1  | 
load-k6-1  | running (0m20.0s), 20/30 VUs, 2273 complete and 0 interrupted iterations
load-k6-1  | fspiopTransfers   [   6% ] 20/30 VUs  0m20.0s/5m30.0s
load-k6-1  | 
load-k6-1  | 
load-k6-1  | running (0m21.0s), 21/30 VUs, 2449 complete and 0 interrupted iterations
load-k6-1  | fspiopTransfers   [   6% ] 21/30 VUs  0m21.0s/5m30.0s
load-k6-1  | 
load-k6-1  | 
load-k6-1  | running (0m22.0s), 22/30 VUs, 2630 complete and 0 interrupted iterations
load-k6-1  | fspiopTransfers   [   7% ] 22/30 VUs  0m22.0s/5m30.0s
load-k6-1  | 
load-k6-1  | 
load-k6-1  | running (0m23.0s), 23/30 VUs, 2816 complete and 0 interrupted iterations
load-k6-1  | fspiopTransfers   [   7% ] 23/30 VUs  0m23.0s/5m30.0s
load-k6-1  | 
load-k6-1  | 
load-k6-1  | running (0m24.0s), 24/30 VUs, 3010 complete and 0 interrupted iterations
load-k6-1  | fspiopTransfers   [   7% ] 24/30 VUs  0m24.0s/5m30.0s
load-k6-1  | 
load-k6-1  | 
load-k6-1  | running (0m25.0s), 25/30 VUs, 3205 complete and 0 interrupted iterations
load-k6-1  | fspiopTransfers   [   8% ] 25/30 VUs  0m25.0s/5m30.0s
load-k6-1  | 
load-k6-1  | 
load-k6-1  | running (0m26.0s), 26/30 VUs, 3380 complete and 0 interrupted iterations
load-k6-1  | fspiopTransfers   [   8% ] 26/30 VUs  0m26.0s/5m30.0s
load-k6-1  | 
load-k6-1  | 
load-k6-1  | running (0m27.0s), 27/30 VUs, 3570 complete and 0 interrupted iterations
load-k6-1  | fspiopTransfers   [   8% ] 27/30 VUs  0m27.0s/5m30.0s
load-k6-1  | 
load-k6-1  | 
load-k6-1  | running (0m28.0s), 28/30 VUs, 3778 complete and 0 interrupted iterations
load-k6-1  | fspiopTransfers   [   8% ] 28/30 VUs  0m28.0s/5m30.0s
load-k6-1  | 
load-k6-1  | 
load-k6-1  | running (0m29.0s), 29/30 VUs, 3979 complete and 0 interrupted iterations
load-k6-1  | fspiopTransfers   [   9% ] 29/30 VUs  0m29.0s/5m30.0s
load-k6-1  | 
load-k6-1  | 
load-k6-1  | running (0m30.0s), 29/30 VUs, 4183 complete and 0 interrupted iterations
load-k6-1  | fspiopTransfers   [   9% ] 29/30 VUs  0m30.0s/5m30.0s
load-k6-1  | 
load-k6-1  | 
load-k6-1  | running (0m31.0s), 30/30 VUs, 4382 complete and 0 interrupted iterations
load-k6-1  | fspiopTransfers   [   9% ] 30/30 VUs  0m31.0s/5m30.0s
load-k6-1  | 
load-k6-1  | 
load-k6-1  | running (0m32.0s), 30/30 VUs, 4594 complete and 0 interrupted iterations
load-k6-1  | fspiopTransfers   [  10% ] 30/30 VUs  0m32.0s/5m30.0s
load-k6-1  | 
load-k6-1  | 
load-k6-1  | running (0m33.0s), 30/30 VUs, 4810 complete and 0 interrupted iterations
load-k6-1  | fspiopTransfers   [  10% ] 30/30 VUs  0m33.0s/5m30.0s
load-k6-1  | 
load-k6-1  | 
load-k6-1  | running (0m34.0s), 30/30 VUs, 4998 complete and 0 interrupted iterations
load-k6-1  | fspiopTransfers   [  10% ] 30/30 VUs  0m34.0s/5m30.0s
load-k6-1  | 
load-k6-1  | 
load-k6-1  | running (0m35.0s), 30/30 VUs, 5187 complete and 0 interrupted iterations
load-k6-1  | fspiopTransfers   [  11% ] 30/30 VUs  0m35.0s/5m30.0s
load-k6-1  | 
load-k6-1  | 
load-k6-1  | running (0m36.0s), 30/30 VUs, 5387 complete and 0 interrupted iterations
load-k6-1  | fspiopTransfers   [  11% ] 30/30 VUs  0m36.0s/5m30.0s
load-k6-1  | 
load-k6-1  | 
load-k6-1  | running (0m37.0s), 30/30 VUs, 5588 complete and 0 interrupted iterations
load-k6-1  | fspiopTransfers   [  11% ] 30/30 VUs  0m37.0s/5m30.0s
load-k6-1  | 
load-k6-1  | 
load-k6-1  | running (0m38.0s), 30/30 VUs, 5800 complete and 0 interrupted iterations
load-k6-1  | fspiopTransfers   [  12% ] 30/30 VUs  0m38.0s/5m30.0s
load-k6-1  | 
load-k6-1  | 
load-k6-1  | running (0m39.0s), 30/30 VUs, 6008 complete and 0 interrupted iterations
load-k6-1  | fspiopTransfers   [  12% ] 30/30 VUs  0m39.0s/5m30.0s
load-k6-1  | 
load-k6-1  | 
load-k6-1  | running (0m40.0s), 30/30 VUs, 6210 complete and 0 interrupted iterations
load-k6-1  | fspiopTransfers   [  12% ] 30/30 VUs  0m40.0s/5m30.0s
load-k6-1  | 
load-k6-1  | 
load-k6-1  | running (0m41.0s), 30/30 VUs, 6407 complete and 0 interrupted iterations
load-k6-1  | fspiopTransfers   [  12% ] 30/30 VUs  0m41.0s/5m30.0s
load-k6-1  | 
load-k6-1  | 
load-k6-1  | running (0m42.0s), 30/30 VUs, 6612 complete and 0 interrupted iterations
load-k6-1  | fspiopTransfers   [  13% ] 30/30 VUs  0m42.0s/5m30.0s
load-k6-1  | 
load-k6-1  | 
load-k6-1  | running (0m43.0s), 30/30 VUs, 6816 complete and 0 interrupted iterations
load-k6-1  | fspiopTransfers   [  13% ] 30/30 VUs  0m43.0s/5m30.0s
load-k6-1  | 
load-k6-1  | 
load-k6-1  | running (0m44.0s), 30/30 VUs, 7012 complete and 0 interrupted iterations
load-k6-1  | fspiopTransfers   [  13% ] 30/30 VUs  0m44.0s/5m30.0s
load-k6-1  | 
load-k6-1  | 
load-k6-1  | running (0m45.0s), 30/30 VUs, 7202 complete and 0 interrupted iterations
load-k6-1  | fspiopTransfers   [  14% ] 30/30 VUs  0m45.0s/5m30.0s
load-k6-1  | 
load-k6-1  | 
load-k6-1  | running (0m46.0s), 30/30 VUs, 7411 complete and 0 interrupted iterations
load-k6-1  | fspiopTransfers   [  14% ] 30/30 VUs  0m46.0s/5m30.0s
load-k6-1  | 
load-k6-1  | 
load-k6-1  | running (0m47.0s), 30/30 VUs, 7615 complete and 0 interrupted iterations
load-k6-1  | fspiopTransfers   [  14% ] 30/30 VUs  0m47.0s/5m30.0s
load-k6-1  | 
load-k6-1  | 
load-k6-1  | running (0m48.0s), 30/30 VUs, 7824 complete and 0 interrupted iterations
load-k6-1  | fspiopTransfers   [  15% ] 30/30 VUs  0m48.0s/5m30.0s
load-k6-1  | 
load-k6-1  | 
load-k6-1  | running (0m49.0s), 30/30 VUs, 8020 complete and 0 interrupted iterations
load-k6-1  | fspiopTransfers   [  15% ] 30/30 VUs  0m49.0s/5m30.0s
load-k6-1  | 
load-k6-1  | 
load-k6-1  | running (0m50.0s), 30/30 VUs, 8222 complete and 0 interrupted iterations
load-k6-1  | fspiopTransfers   [  15% ] 30/30 VUs  0m50.0s/5m30.0s
load-k6-1  | 
load-k6-1  | 
load-k6-1  | running (0m51.0s), 30/30 VUs, 8437 complete and 0 interrupted iterations
load-k6-1  | fspiopTransfers   [  15% ] 30/30 VUs  0m51.0s/5m30.0s
load-k6-1  | 
load-k6-1  | 
load-k6-1  | running (0m52.0s), 30/30 VUs, 8648 complete and 0 interrupted iterations
load-k6-1  | fspiopTransfers   [  16% ] 30/30 VUs  0m52.0s/5m30.0s
load-k6-1  | 
load-k6-1  | 
load-k6-1  | running (0m53.0s), 30/30 VUs, 8857 complete and 0 interrupted iterations
load-k6-1  | fspiopTransfers   [  16% ] 30/30 VUs  0m53.0s/5m30.0s
load-k6-1  | 
load-k6-1  | 
load-k6-1  | running (0m54.0s), 30/30 VUs, 9063 complete and 0 interrupted iterations
load-k6-1  | fspiopTransfers   [  16% ] 30/30 VUs  0m54.0s/5m30.0s
load-k6-1  | 
load-k6-1  | 
load-k6-1  | running (0m55.0s), 30/30 VUs, 9268 complete and 0 interrupted iterations
load-k6-1  | fspiopTransfers   [  17% ] 30/30 VUs  0m55.0s/5m30.0s
load-k6-1  | 
load-k6-1  | 
load-k6-1  | running (0m56.0s), 30/30 VUs, 9488 complete and 0 interrupted iterations
load-k6-1  | fspiopTransfers   [  17% ] 30/30 VUs  0m56.0s/5m30.0s
load-k6-1  | 
load-k6-1  | 
load-k6-1  | running (0m57.0s), 30/30 VUs, 9714 complete and 0 interrupted iterations
load-k6-1  | fspiopTransfers   [  17% ] 30/30 VUs  0m57.0s/5m30.0s
load-k6-1  | 
load-k6-1  | 
load-k6-1  | running (0m58.0s), 30/30 VUs, 9931 complete and 0 interrupted iterations
load-k6-1  | fspiopTransfers   [  18% ] 30/30 VUs  0m58.0s/5m30.0s
load-k6-1  | 
load-k6-1  | 
load-k6-1  | running (0m59.0s), 30/30 VUs, 10149 complete and 0 interrupted iterations
load-k6-1  | fspiopTransfers   [  18% ] 30/30 VUs  0m59.0s/5m30.0s
load-k6-1  | 
load-k6-1  | 
load-k6-1  | running (1m00.0s), 30/30 VUs, 10358 complete and 0 interrupted iterations
load-k6-1  | fspiopTransfers   [  18% ] 30/30 VUs  1m00.0s/5m30.0s
load-k6-1  | 
load-k6-1  | 
load-k6-1  | running (1m01.0s), 30/30 VUs, 10566 complete and 0 interrupted iterations
load-k6-1  | fspiopTransfers   [  18% ] 30/30 VUs  1m01.0s/5m30.0s
load-k6-1  | 
load-k6-1  | 
load-k6-1  | running (1m02.0s), 30/30 VUs, 10779 complete and 0 interrupted iterations
load-k6-1  | fspiopTransfers   [  19% ] 30/30 VUs  1m02.0s/5m30.0s
load-k6-1  | 
load-k6-1  | 
load-k6-1  | running (1m03.0s), 30/30 VUs, 10998 complete and 0 interrupted iterations
load-k6-1  | fspiopTransfers   [  19% ] 30/30 VUs  1m03.0s/5m30.0s
load-k6-1  | 
load-k6-1  | 
load-k6-1  | running (1m04.0s), 30/30 VUs, 11200 complete and 0 interrupted iterations
load-k6-1  | fspiopTransfers   [  19% ] 30/30 VUs  1m04.0s/5m30.0s
load-k6-1  | 
load-k6-1  | 
load-k6-1  | running (1m05.0s), 30/30 VUs, 11401 complete and 0 interrupted iterations
load-k6-1  | fspiopTransfers   [  20% ] 30/30 VUs  1m05.0s/5m30.0s
load-k6-1  | 
load-k6-1  | 
load-k6-1  | running (1m06.0s), 30/30 VUs, 11612 complete and 0 interrupted iterations
load-k6-1  | fspiopTransfers   [  20% ] 30/30 VUs  1m06.0s/5m30.0s
load-k6-1  | 
load-k6-1  | 
load-k6-1  | running (1m07.0s), 30/30 VUs, 11826 complete and 0 interrupted iterations
load-k6-1  | fspiopTransfers   [  20% ] 30/30 VUs  1m07.0s/5m30.0s
load-k6-1  | 
load-k6-1  | 
load-k6-1  | running (1m08.0s), 30/30 VUs, 12042 complete and 0 interrupted iterations
load-k6-1  | fspiopTransfers   [  21% ] 30/30 VUs  1m08.0s/5m30.0s
load-k6-1  | 
load-k6-1  | 
load-k6-1  | running (1m09.0s), 30/30 VUs, 12258 complete and 0 interrupted iterations
load-k6-1  | fspiopTransfers   [  21% ] 30/30 VUs  1m09.0s/5m30.0s
load-k6-1  | 
load-k6-1  | 
load-k6-1  | running (1m10.0s), 30/30 VUs, 12473 complete and 0 interrupted iterations
load-k6-1  | fspiopTransfers   [  21% ] 30/30 VUs  1m10.0s/5m30.0s
load-k6-1  | 
load-k6-1  | 
load-k6-1  | running (1m11.0s), 30/30 VUs, 12687 complete and 0 interrupted iterations
load-k6-1  | fspiopTransfers   [  22% ] 30/30 VUs  1m11.0s/5m30.0s
load-k6-1  | 
load-k6-1  | 
load-k6-1  | running (1m12.0s), 30/30 VUs, 12910 complete and 0 interrupted iterations
load-k6-1  | fspiopTransfers   [  22% ] 30/30 VUs  1m12.0s/5m30.0s
load-k6-1  | 
load-k6-1  | 
load-k6-1  | running (1m13.0s), 30/30 VUs, 13133 complete and 0 interrupted iterations
load-k6-1  | fspiopTransfers   [  22% ] 30/30 VUs  1m13.0s/5m30.0s
load-k6-1  | 
load-k6-1  | 
load-k6-1  | running (1m14.0s), 30/30 VUs, 13335 complete and 0 interrupted iterations
load-k6-1  | fspiopTransfers   [  22% ] 30/30 VUs  1m14.0s/5m30.0s
load-k6-1  | 
load-k6-1  | 
load-k6-1  | running (1m15.0s), 30/30 VUs, 13539 complete and 0 interrupted iterations
load-k6-1  | fspiopTransfers   [  23% ] 30/30 VUs  1m15.0s/5m30.0s
load-k6-1  | 
load-k6-1  | 
load-k6-1  | running (1m16.0s), 30/30 VUs, 13752 complete and 0 interrupted iterations
load-k6-1  | fspiopTransfers   [  23% ] 30/30 VUs  1m16.0s/5m30.0s
load-k6-1  | 
load-k6-1  | 
load-k6-1  | running (1m17.0s), 30/30 VUs, 13964 complete and 0 interrupted iterations
load-k6-1  | fspiopTransfers   [  23% ] 30/30 VUs  1m17.0s/5m30.0s
load-k6-1  | 
load-k6-1  | 
load-k6-1  | running (1m18.0s), 30/30 VUs, 14179 complete and 0 interrupted iterations
load-k6-1  | fspiopTransfers   [  24% ] 30/30 VUs  1m18.0s/5m30.0s
load-k6-1  | 
load-k6-1  | 
load-k6-1  | running (1m19.0s), 30/30 VUs, 14393 complete and 0 interrupted iterations
load-k6-1  | fspiopTransfers   [  24% ] 30/30 VUs  1m19.0s/5m30.0s
load-k6-1  | 
load-k6-1  | 
load-k6-1  | running (1m20.0s), 30/30 VUs, 14609 complete and 0 interrupted iterations
load-k6-1  | fspiopTransfers   [  24% ] 30/30 VUs  1m20.0s/5m30.0s
load-k6-1  | 
load-k6-1  | 
load-k6-1  | running (1m21.0s), 30/30 VUs, 14818 complete and 0 interrupted iterations
load-k6-1  | fspiopTransfers   [  25% ] 30/30 VUs  1m21.0s/5m30.0s
load-k6-1  | 
load-k6-1  | 
load-k6-1  | running (1m22.0s), 30/30 VUs, 15023 complete and 0 interrupted iterations
load-k6-1  | fspiopTransfers   [  25% ] 30/30 VUs  1m22.0s/5m30.0s
load-k6-1  | 
load-k6-1  | 
load-k6-1  | running (1m23.0s), 30/30 VUs, 15234 complete and 0 interrupted iterations
load-k6-1  | fspiopTransfers   [  25% ] 30/30 VUs  1m23.0s/5m30.0s
load-k6-1  | 
load-k6-1  | 
load-k6-1  | running (1m24.0s), 30/30 VUs, 15451 complete and 0 interrupted iterations
load-k6-1  | fspiopTransfers   [  25% ] 30/30 VUs  1m24.0s/5m30.0s
load-k6-1  | 
load-k6-1  | 
load-k6-1  | running (1m25.0s), 30/30 VUs, 15620 complete and 0 interrupted iterations
load-k6-1  | fspiopTransfers   [  26% ] 30/30 VUs  1m25.0s/5m30.0s
load-k6-1  | 
load-k6-1  | 
load-k6-1  | running (1m26.0s), 30/30 VUs, 15819 complete and 0 interrupted iterations
load-k6-1  | fspiopTransfers   [  26% ] 30/30 VUs  1m26.0s/5m30.0s
load-k6-1  | 
load-k6-1  | 
load-k6-1  | running (1m27.0s), 30/30 VUs, 16033 complete and 0 interrupted iterations
load-k6-1  | fspiopTransfers   [  26% ] 30/30 VUs  1m27.0s/5m30.0s
load-k6-1  | 
load-k6-1  | 
load-k6-1  | running (1m28.0s), 30/30 VUs, 16251 complete and 0 interrupted iterations
load-k6-1  | fspiopTransfers   [  27% ] 30/30 VUs  1m28.0s/5m30.0s
load-k6-1  | 
load-k6-1  | 
load-k6-1  | running (1m29.0s), 30/30 VUs, 16474 complete and 0 interrupted iterations
load-k6-1  | fspiopTransfers   [  27% ] 30/30 VUs  1m29.0s/5m30.0s
load-k6-1  | 
load-k6-1  | 
load-k6-1  | running (1m30.0s), 30/30 VUs, 16689 complete and 0 interrupted iterations
load-k6-1  | fspiopTransfers   [  27% ] 30/30 VUs  1m30.0s/5m30.0s
load-k6-1  | 
load-k6-1  | 
load-k6-1  | running (1m31.0s), 30/30 VUs, 16906 complete and 0 interrupted iterations
load-k6-1  | fspiopTransfers   [  28% ] 30/30 VUs  1m31.0s/5m30.0s
load-k6-1  | 
load-k6-1  | 
load-k6-1  | running (1m32.0s), 30/30 VUs, 17128 complete and 0 interrupted iterations
load-k6-1  | fspiopTransfers   [  28% ] 30/30 VUs  1m32.0s/5m30.0s
load-k6-1  | 
load-k6-1  | 
load-k6-1  | running (1m33.0s), 30/30 VUs, 17333 complete and 0 interrupted iterations
load-k6-1  | fspiopTransfers   [  28% ] 30/30 VUs  1m33.0s/5m30.0s
load-k6-1  | 
load-k6-1  | 
load-k6-1  | running (1m34.0s), 30/30 VUs, 17540 complete and 0 interrupted iterations
load-k6-1  | fspiopTransfers   [  28% ] 30/30 VUs  1m34.0s/5m30.0s
load-k6-1  | 
load-k6-1  | 
load-k6-1  | running (1m35.0s), 30/30 VUs, 17742 complete and 0 interrupted iterations
load-k6-1  | fspiopTransfers   [  29% ] 30/30 VUs  1m35.0s/5m30.0s
load-k6-1  | 
load-k6-1  | 
load-k6-1  | running (1m36.0s), 30/30 VUs, 17951 complete and 0 interrupted iterations
load-k6-1  | fspiopTransfers   [  29% ] 30/30 VUs  1m36.0s/5m30.0s
load-k6-1  | 
load-k6-1  | 
load-k6-1  | running (1m37.0s), 30/30 VUs, 18162 complete and 0 interrupted iterations
load-k6-1  | fspiopTransfers   [  29% ] 30/30 VUs  1m37.0s/5m30.0s
load-k6-1  | 
load-k6-1  | 
load-k6-1  | running (1m38.0s), 30/30 VUs, 18375 complete and 0 interrupted iterations
load-k6-1  | fspiopTransfers   [  30% ] 30/30 VUs  1m38.0s/5m30.0s
load-k6-1  | 
load-k6-1  | 
load-k6-1  | running (1m39.0s), 30/30 VUs, 18591 complete and 0 interrupted iterations
load-k6-1  | fspiopTransfers   [  30% ] 30/30 VUs  1m39.0s/5m30.0s
load-k6-1  | 
load-k6-1  | 
load-k6-1  | running (1m40.0s), 30/30 VUs, 18810 complete and 0 interrupted iterations
load-k6-1  | fspiopTransfers   [  30% ] 30/30 VUs  1m40.0s/5m30.0s
load-k6-1  | 
load-k6-1  | 
load-k6-1  | running (1m41.0s), 30/30 VUs, 19014 complete and 0 interrupted iterations
load-k6-1  | fspiopTransfers   [  31% ] 30/30 VUs  1m41.0s/5m30.0s
load-k6-1  | 
load-k6-1  | 
load-k6-1  | running (1m42.0s), 30/30 VUs, 19226 complete and 0 interrupted iterations
load-k6-1  | fspiopTransfers   [  31% ] 30/30 VUs  1m42.0s/5m30.0s
load-k6-1  | 
load-k6-1  | 
load-k6-1  | running (1m43.0s), 30/30 VUs, 19442 complete and 0 interrupted iterations
load-k6-1  | fspiopTransfers   [  31% ] 30/30 VUs  1m43.0s/5m30.0s
load-k6-1  | 
load-k6-1  | 
load-k6-1  | running (1m44.0s), 30/30 VUs, 19653 complete and 0 interrupted iterations
load-k6-1  | fspiopTransfers   [  32% ] 30/30 VUs  1m44.0s/5m30.0s
load-k6-1  | 
load-k6-1  | 
load-k6-1  | running (1m45.0s), 30/30 VUs, 19859 complete and 0 interrupted iterations
load-k6-1  | fspiopTransfers   [  32% ] 30/30 VUs  1m45.0s/5m30.0s
load-k6-1  | 
load-k6-1  | 
load-k6-1  | running (1m46.0s), 30/30 VUs, 20075 complete and 0 interrupted iterations
load-k6-1  | fspiopTransfers   [  32% ] 30/30 VUs  1m46.0s/5m30.0s
load-k6-1  | 
load-k6-1  | 
load-k6-1  | running (1m47.0s), 30/30 VUs, 20292 complete and 0 interrupted iterations
load-k6-1  | fspiopTransfers   [  32% ] 30/30 VUs  1m47.0s/5m30.0s
load-k6-1  | 
load-k6-1  | 
load-k6-1  | running (1m48.0s), 30/30 VUs, 20503 complete and 0 interrupted iterations
load-k6-1  | fspiopTransfers   [  33% ] 30/30 VUs  1m48.0s/5m30.0s
load-k6-1  | 
load-k6-1  | 
load-k6-1  | running (1m49.0s), 30/30 VUs, 20706 complete and 0 interrupted iterations
load-k6-1  | fspiopTransfers   [  33% ] 30/30 VUs  1m49.0s/5m30.0s
load-k6-1  | 
load-k6-1  | 
load-k6-1  | running (1m50.0s), 30/30 VUs, 20909 complete and 0 interrupted iterations
load-k6-1  | fspiopTransfers   [  33% ] 30/30 VUs  1m50.0s/5m30.0s
load-k6-1  | 
load-k6-1  | 
load-k6-1  | running (1m51.0s), 30/30 VUs, 21119 complete and 0 interrupted iterations
load-k6-1  | fspiopTransfers   [  34% ] 30/30 VUs  1m51.0s/5m30.0s
load-k6-1  | 
load-k6-1  | 
load-k6-1  | running (1m52.0s), 30/30 VUs, 21340 complete and 0 interrupted iterations
load-k6-1  | fspiopTransfers   [  34% ] 30/30 VUs  1m52.0s/5m30.0s
load-k6-1  | 
load-k6-1  | 
load-k6-1  | running (1m53.0s), 30/30 VUs, 21548 complete and 0 interrupted iterations
load-k6-1  | fspiopTransfers   [  34% ] 30/30 VUs  1m53.0s/5m30.0s
load-k6-1  | 
load-k6-1  | 
load-k6-1  | running (1m54.0s), 30/30 VUs, 21734 complete and 0 interrupted iterations
load-k6-1  | fspiopTransfers   [  35% ] 30/30 VUs  1m54.0s/5m30.0s
load-k6-1  | 
load-k6-1  | 
load-k6-1  | running (1m55.0s), 30/30 VUs, 21928 complete and 0 interrupted iterations
load-k6-1  | fspiopTransfers   [  35% ] 30/30 VUs  1m55.0s/5m30.0s
load-k6-1  | 
load-k6-1  | 
load-k6-1  | running (1m56.0s), 30/30 VUs, 22142 complete and 0 interrupted iterations
load-k6-1  | fspiopTransfers   [  35% ] 30/30 VUs  1m56.0s/5m30.0s
load-k6-1  | 
load-k6-1  | 
load-k6-1  | running (1m57.0s), 30/30 VUs, 22367 complete and 0 interrupted iterations
load-k6-1  | fspiopTransfers   [  35% ] 30/30 VUs  1m57.0s/5m30.0s
load-k6-1  | 
load-k6-1  | 
load-k6-1  | running (1m58.0s), 30/30 VUs, 22579 complete and 0 interrupted iterations
load-k6-1  | fspiopTransfers   [  36% ] 30/30 VUs  1m58.0s/5m30.0s
load-k6-1  | 
load-k6-1  | 
load-k6-1  | running (1m59.0s), 30/30 VUs, 22793 complete and 0 interrupted iterations
load-k6-1  | fspiopTransfers   [  36% ] 30/30 VUs  1m59.0s/5m30.0s
load-k6-1  | 
load-k6-1  | 
load-k6-1  | running (2m00.0s), 30/30 VUs, 23010 complete and 0 interrupted iterations
load-k6-1  | fspiopTransfers   [  36% ] 30/30 VUs  2m00.0s/5m30.0s
load-k6-1  | 
load-k6-1  | 
load-k6-1  | running (2m01.0s), 30/30 VUs, 23218 complete and 0 interrupted iterations
load-k6-1  | fspiopTransfers   [  37% ] 30/30 VUs  2m01.0s/5m30.0s
load-k6-1  | 
load-k6-1  | 
load-k6-1  | running (2m02.0s), 30/30 VUs, 23426 complete and 0 interrupted iterations
load-k6-1  | fspiopTransfers   [  37% ] 30/30 VUs  2m02.0s/5m30.0s
load-k6-1  | 
load-k6-1  | 
load-k6-1  | running (2m03.0s), 30/30 VUs, 23641 complete and 0 interrupted iterations
load-k6-1  | fspiopTransfers   [  37% ] 30/30 VUs  2m03.0s/5m30.0s
load-k6-1  | 
load-k6-1  | 
load-k6-1  | running (2m04.0s), 30/30 VUs, 23853 complete and 0 interrupted iterations
load-k6-1  | fspiopTransfers   [  38% ] 30/30 VUs  2m04.0s/5m30.0s
load-k6-1  | 
load-k6-1  | 
load-k6-1  | running (2m05.0s), 30/30 VUs, 24048 complete and 0 interrupted iterations
load-k6-1  | fspiopTransfers   [  38% ] 30/30 VUs  2m05.0s/5m30.0s
load-k6-1  | 
load-k6-1  | 
load-k6-1  | running (2m06.0s), 30/30 VUs, 24251 complete and 0 interrupted iterations
load-k6-1  | fspiopTransfers   [  38% ] 30/30 VUs  2m06.0s/5m30.0s
load-k6-1  | 
load-k6-1  | 
load-k6-1  | running (2m07.0s), 30/30 VUs, 24460 complete and 0 interrupted iterations
load-k6-1  | fspiopTransfers   [  38% ] 30/30 VUs  2m07.0s/5m30.0s
load-k6-1  | 
load-k6-1  | 
load-k6-1  | running (2m08.0s), 30/30 VUs, 24676 complete and 0 interrupted iterations
load-k6-1  | fspiopTransfers   [  39% ] 30/30 VUs  2m08.0s/5m30.0s
load-k6-1  | 
load-k6-1  | 
load-k6-1  | running (2m09.0s), 30/30 VUs, 24883 complete and 0 interrupted iterations
load-k6-1  | fspiopTransfers   [  39% ] 30/30 VUs  2m09.0s/5m30.0s
load-k6-1  | 
load-k6-1  | 
load-k6-1  | running (2m10.0s), 30/30 VUs, 25098 complete and 0 interrupted iterations
load-k6-1  | fspiopTransfers   [  39% ] 30/30 VUs  2m10.0s/5m30.0s
load-k6-1  | 
load-k6-1  | 
load-k6-1  | running (2m11.0s), 30/30 VUs, 25305 complete and 0 interrupted iterations
load-k6-1  | fspiopTransfers   [  40% ] 30/30 VUs  2m11.0s/5m30.0s
load-k6-1  | 
load-k6-1  | 
load-k6-1  | running (2m12.0s), 30/30 VUs, 25518 complete and 0 interrupted iterations
load-k6-1  | fspiopTransfers   [  40% ] 30/30 VUs  2m12.0s/5m30.0s
load-k6-1  | 
load-k6-1  | 
load-k6-1  | running (2m13.0s), 30/30 VUs, 25722 complete and 0 interrupted iterations
load-k6-1  | fspiopTransfers   [  40% ] 30/30 VUs  2m13.0s/5m30.0s
load-k6-1  | 
load-k6-1  | 
load-k6-1  | running (2m14.0s), 30/30 VUs, 25930 complete and 0 interrupted iterations
load-k6-1  | fspiopTransfers   [  41% ] 30/30 VUs  2m14.0s/5m30.0s
load-k6-1  | 
load-k6-1  | 
load-k6-1  | running (2m15.0s), 30/30 VUs, 26136 complete and 0 interrupted iterations
load-k6-1  | fspiopTransfers   [  41% ] 30/30 VUs  2m15.0s/5m30.0s
load-k6-1  | 
load-k6-1  | 
load-k6-1  | running (2m16.0s), 30/30 VUs, 26352 complete and 0 interrupted iterations
load-k6-1  | fspiopTransfers   [  41% ] 30/30 VUs  2m16.0s/5m30.0s
load-k6-1  | 
load-k6-1  | 
load-k6-1  | running (2m17.0s), 30/30 VUs, 26574 complete and 0 interrupted iterations
load-k6-1  | fspiopTransfers   [  42% ] 30/30 VUs  2m17.0s/5m30.0s
load-k6-1  | 
load-k6-1  | 
load-k6-1  | running (2m18.0s), 30/30 VUs, 26791 complete and 0 interrupted iterations
load-k6-1  | fspiopTransfers   [  42% ] 30/30 VUs  2m18.0s/5m30.0s
load-k6-1  | 
load-k6-1  | 
load-k6-1  | running (2m19.0s), 30/30 VUs, 27006 complete and 0 interrupted iterations
load-k6-1  | fspiopTransfers   [  42% ] 30/30 VUs  2m19.0s/5m30.0s
load-k6-1  | 
load-k6-1  | 
load-k6-1  | running (2m20.0s), 30/30 VUs, 27228 complete and 0 interrupted iterations
load-k6-1  | fspiopTransfers   [  42% ] 30/30 VUs  2m20.0s/5m30.0s
load-k6-1  | 
load-k6-1  | 
load-k6-1  | running (2m21.0s), 30/30 VUs, 27445 complete and 0 interrupted iterations
load-k6-1  | fspiopTransfers   [  43% ] 30/30 VUs  2m21.0s/5m30.0s
load-k6-1  | 
load-k6-1  | 
load-k6-1  | running (2m22.0s), 30/30 VUs, 27661 complete and 0 interrupted iterations
load-k6-1  | fspiopTransfers   [  43% ] 30/30 VUs  2m22.0s/5m30.0s
load-k6-1  | 
load-k6-1  | 
load-k6-1  | running (2m23.0s), 30/30 VUs, 27887 complete and 0 interrupted iterations
load-k6-1  | fspiopTransfers   [  43% ] 30/30 VUs  2m23.0s/5m30.0s
load-k6-1  | 
load-k6-1  | 
load-k6-1  | running (2m24.0s), 30/30 VUs, 28090 complete and 0 interrupted iterations
load-k6-1  | fspiopTransfers   [  44% ] 30/30 VUs  2m24.0s/5m30.0s
load-k6-1  | 
load-k6-1  | 
load-k6-1  | running (2m25.0s), 30/30 VUs, 28294 complete and 0 interrupted iterations
load-k6-1  | fspiopTransfers   [  44% ] 30/30 VUs  2m25.0s/5m30.0s
load-k6-1  | 
load-k6-1  | 
load-k6-1  | running (2m26.0s), 30/30 VUs, 28497 complete and 0 interrupted iterations
load-k6-1  | fspiopTransfers   [  44% ] 30/30 VUs  2m26.0s/5m30.0s
load-k6-1  | 
load-k6-1  | 
load-k6-1  | running (2m27.0s), 30/30 VUs, 28708 complete and 0 interrupted iterations
load-k6-1  | fspiopTransfers   [  45% ] 30/30 VUs  2m27.0s/5m30.0s
load-k6-1  | 
load-k6-1  | 
load-k6-1  | running (2m28.0s), 30/30 VUs, 28922 complete and 0 interrupted iterations
load-k6-1  | fspiopTransfers   [  45% ] 30/30 VUs  2m28.0s/5m30.0s
load-k6-1  | 
load-k6-1  | 
load-k6-1  | running (2m29.0s), 30/30 VUs, 29139 complete and 0 interrupted iterations
load-k6-1  | fspiopTransfers   [  45% ] 30/30 VUs  2m29.0s/5m30.0s
load-k6-1  | 
load-k6-1  | 
load-k6-1  | running (2m30.0s), 30/30 VUs, 29355 complete and 0 interrupted iterations
load-k6-1  | fspiopTransfers   [  45% ] 30/30 VUs  2m30.0s/5m30.0s
load-k6-1  | 
load-k6-1  | 
load-k6-1  | running (2m31.0s), 30/30 VUs, 29574 complete and 0 interrupted iterations
load-k6-1  | fspiopTransfers   [  46% ] 30/30 VUs  2m31.0s/5m30.0s
load-k6-1  | 
load-k6-1  | 
load-k6-1  | running (2m32.0s), 30/30 VUs, 29794 complete and 0 interrupted iterations
load-k6-1  | fspiopTransfers   [  46% ] 30/30 VUs  2m32.0s/5m30.0s
load-k6-1  | 
load-k6-1  | 
load-k6-1  | running (2m33.0s), 30/30 VUs, 30014 complete and 0 interrupted iterations
load-k6-1  | fspiopTransfers   [  46% ] 30/30 VUs  2m33.0s/5m30.0s
load-k6-1  | 
load-k6-1  | 
load-k6-1  | running (2m34.0s), 30/30 VUs, 30220 complete and 0 interrupted iterations
load-k6-1  | fspiopTransfers   [  47% ] 30/30 VUs  2m34.0s/5m30.0s
load-k6-1  | 
load-k6-1  | 
load-k6-1  | running (2m35.0s), 30/30 VUs, 30419 complete and 0 interrupted iterations
load-k6-1  | fspiopTransfers   [  47% ] 30/30 VUs  2m35.0s/5m30.0s
load-k6-1  | 
load-k6-1  | 
load-k6-1  | running (2m36.0s), 30/30 VUs, 30635 complete and 0 interrupted iterations
load-k6-1  | fspiopTransfers   [  47% ] 30/30 VUs  2m36.0s/5m30.0s
load-k6-1  | 
load-k6-1  | 
load-k6-1  | running (2m37.0s), 30/30 VUs, 30846 complete and 0 interrupted iterations
load-k6-1  | fspiopTransfers   [  48% ] 30/30 VUs  2m37.0s/5m30.0s
load-k6-1  | 
load-k6-1  | 
load-k6-1  | running (2m38.0s), 30/30 VUs, 31062 complete and 0 interrupted iterations
load-k6-1  | fspiopTransfers   [  48% ] 30/30 VUs  2m38.0s/5m30.0s
load-k6-1  | 
load-k6-1  | 
load-k6-1  | running (2m39.0s), 30/30 VUs, 31269 complete and 0 interrupted iterations
load-k6-1  | fspiopTransfers   [  48% ] 30/30 VUs  2m39.0s/5m30.0s
load-k6-1  | 
load-k6-1  | 
load-k6-1  | running (2m40.0s), 30/30 VUs, 31484 complete and 0 interrupted iterations
load-k6-1  | fspiopTransfers   [  48% ] 30/30 VUs  2m40.0s/5m30.0s
load-k6-1  | 
load-k6-1  | 
load-k6-1  | running (2m41.0s), 30/30 VUs, 31693 complete and 0 interrupted iterations
load-k6-1  | fspiopTransfers   [  49% ] 30/30 VUs  2m41.0s/5m30.0s
load-k6-1  | 
load-k6-1  | 
load-k6-1  | running (2m42.0s), 30/30 VUs, 31919 complete and 0 interrupted iterations
load-k6-1  | fspiopTransfers   [  49% ] 30/30 VUs  2m42.0s/5m30.0s
load-k6-1  | 
load-k6-1  | 
load-k6-1  | running (2m43.0s), 30/30 VUs, 32139 complete and 0 interrupted iterations
load-k6-1  | fspiopTransfers   [  49% ] 30/30 VUs  2m43.0s/5m30.0s
load-k6-1  | 
load-k6-1  | 
load-k6-1  | running (2m44.0s), 30/30 VUs, 32362 complete and 0 interrupted iterations
load-k6-1  | fspiopTransfers   [  50% ] 30/30 VUs  2m44.0s/5m30.0s
load-k6-1  | 
load-k6-1  | 
load-k6-1  | running (2m45.0s), 30/30 VUs, 32575 complete and 0 interrupted iterations
load-k6-1  | fspiopTransfers   [  50% ] 30/30 VUs  2m45.0s/5m30.0s
load-k6-1  | 
load-k6-1  | 
load-k6-1  | running (2m46.0s), 30/30 VUs, 32795 complete and 0 interrupted iterations
load-k6-1  | fspiopTransfers   [  50% ] 30/30 VUs  2m46.0s/5m30.0s
load-k6-1  | 
load-k6-1  | 
load-k6-1  | running (2m47.0s), 30/30 VUs, 33009 complete and 0 interrupted iterations
load-k6-1  | fspiopTransfers   [  51% ] 30/30 VUs  2m47.0s/5m30.0s
load-k6-1  | 
load-k6-1  | 
load-k6-1  | running (2m48.0s), 30/30 VUs, 33229 complete and 0 interrupted iterations
load-k6-1  | fspiopTransfers   [  51% ] 30/30 VUs  2m48.0s/5m30.0s
load-k6-1  | 
load-k6-1  | 
load-k6-1  | running (2m49.0s), 30/30 VUs, 33458 complete and 0 interrupted iterations
load-k6-1  | fspiopTransfers   [  51% ] 30/30 VUs  2m49.0s/5m30.0s
load-k6-1  | 
load-k6-1  | 
load-k6-1  | running (2m50.0s), 30/30 VUs, 33669 complete and 0 interrupted iterations
load-k6-1  | fspiopTransfers   [  52% ] 30/30 VUs  2m50.0s/5m30.0s
load-k6-1  | 
load-k6-1  | 
load-k6-1  | running (2m51.0s), 30/30 VUs, 33889 complete and 0 interrupted iterations
load-k6-1  | fspiopTransfers   [  52% ] 30/30 VUs  2m51.0s/5m30.0s
load-k6-1  | 
load-k6-1  | 
load-k6-1  | running (2m52.0s), 30/30 VUs, 34109 complete and 0 interrupted iterations
load-k6-1  | fspiopTransfers   [  52% ] 30/30 VUs  2m52.0s/5m30.0s
load-k6-1  | 
load-k6-1  | 
load-k6-1  | running (2m53.0s), 30/30 VUs, 34325 complete and 0 interrupted iterations
load-k6-1  | fspiopTransfers   [  52% ] 30/30 VUs  2m53.0s/5m30.0s
load-k6-1  | 
load-k6-1  | 
load-k6-1  | running (2m54.0s), 30/30 VUs, 34534 complete and 0 interrupted iterations
load-k6-1  | fspiopTransfers   [  53% ] 30/30 VUs  2m54.0s/5m30.0s
load-k6-1  | 
load-k6-1  | 
load-k6-1  | running (2m55.0s), 30/30 VUs, 34751 complete and 0 interrupted iterations
load-k6-1  | fspiopTransfers   [  53% ] 30/30 VUs  2m55.0s/5m30.0s
load-k6-1  | 
load-k6-1  | 
load-k6-1  | running (2m56.0s), 30/30 VUs, 34893 complete and 0 interrupted iterations
load-k6-1  | fspiopTransfers   [  53% ] 30/30 VUs  2m56.0s/5m30.0s
load-k6-1  | 
load-k6-1  | 
load-k6-1  | running (2m57.0s), 30/30 VUs, 35112 complete and 0 interrupted iterations
load-k6-1  | fspiopTransfers   [  54% ] 30/30 VUs  2m57.0s/5m30.0s
load-k6-1  | 
load-k6-1  | 
load-k6-1  | running (2m58.0s), 30/30 VUs, 35315 complete and 0 interrupted iterations
load-k6-1  | fspiopTransfers   [  54% ] 30/30 VUs  2m58.0s/5m30.0s
load-k6-1  | 
load-k6-1  | 
load-k6-1  | running (2m59.0s), 30/30 VUs, 35519 complete and 0 interrupted iterations
load-k6-1  | fspiopTransfers   [  54% ] 30/30 VUs  2m59.0s/5m30.0s
load-k6-1  | 
load-k6-1  | 
load-k6-1  | running (3m00.0s), 30/30 VUs, 35740 complete and 0 interrupted iterations
load-k6-1  | fspiopTransfers   [  55% ] 30/30 VUs  3m00.0s/5m30.0s
load-k6-1  | 
load-k6-1  | 
load-k6-1  | running (3m01.0s), 30/30 VUs, 35935 complete and 0 interrupted iterations
load-k6-1  | fspiopTransfers   [  55% ] 30/30 VUs  3m01.0s/5m30.0s
load-k6-1  | 
load-k6-1  | 
load-k6-1  | running (3m02.0s), 30/30 VUs, 36147 complete and 0 interrupted iterations
load-k6-1  | fspiopTransfers   [  55% ] 30/30 VUs  3m02.0s/5m30.0s
load-k6-1  | 
load-k6-1  | 
load-k6-1  | running (3m03.0s), 30/30 VUs, 36358 complete and 0 interrupted iterations
load-k6-1  | fspiopTransfers   [  55% ] 30/30 VUs  3m03.0s/5m30.0s
load-k6-1  | 
load-k6-1  | 
load-k6-1  | running (3m04.0s), 30/30 VUs, 36575 complete and 0 interrupted iterations
load-k6-1  | fspiopTransfers   [  56% ] 30/30 VUs  3m04.0s/5m30.0s
load-k6-1  | 
load-k6-1  | 
load-k6-1  | running (3m05.0s), 30/30 VUs, 36792 complete and 0 interrupted iterations
load-k6-1  | fspiopTransfers   [  56% ] 30/30 VUs  3m05.0s/5m30.0s
load-k6-1  | 
load-k6-1  | 
load-k6-1  | running (3m06.0s), 30/30 VUs, 37013 complete and 0 interrupted iterations
load-k6-1  | fspiopTransfers   [  56% ] 30/30 VUs  3m06.0s/5m30.0s
load-k6-1  | 
load-k6-1  | 
load-k6-1  | running (3m07.0s), 30/30 VUs, 37228 complete and 0 interrupted iterations
load-k6-1  | fspiopTransfers   [  57% ] 30/30 VUs  3m07.0s/5m30.0s
load-k6-1  | 
load-k6-1  | 
load-k6-1  | running (3m08.0s), 30/30 VUs, 37443 complete and 0 interrupted iterations
load-k6-1  | fspiopTransfers   [  57% ] 30/30 VUs  3m08.0s/5m30.0s
load-k6-1  | 
load-k6-1  | 
load-k6-1  | running (3m09.0s), 30/30 VUs, 37672 complete and 0 interrupted iterations
load-k6-1  | fspiopTransfers   [  57% ] 30/30 VUs  3m09.0s/5m30.0s
load-k6-1  | 
load-k6-1  | 
load-k6-1  | running (3m10.0s), 30/30 VUs, 37885 complete and 0 interrupted iterations
load-k6-1  | fspiopTransfers   [  58% ] 30/30 VUs  3m10.0s/5m30.0s
load-k6-1  | 
load-k6-1  | 
load-k6-1  | running (3m11.0s), 30/30 VUs, 38091 complete and 0 interrupted iterations
load-k6-1  | fspiopTransfers   [  58% ] 30/30 VUs  3m11.0s/5m30.0s
load-k6-1  | 
load-k6-1  | 
load-k6-1  | running (3m12.0s), 30/30 VUs, 38302 complete and 0 interrupted iterations
load-k6-1  | fspiopTransfers   [  58% ] 30/30 VUs  3m12.0s/5m30.0s
load-k6-1  | 
load-k6-1  | 
load-k6-1  | running (3m13.0s), 30/30 VUs, 38508 complete and 0 interrupted iterations
load-k6-1  | fspiopTransfers   [  58% ] 30/30 VUs  3m13.0s/5m30.0s
load-k6-1  | 
load-k6-1  | 
load-k6-1  | running (3m14.0s), 30/30 VUs, 38730 complete and 0 interrupted iterations
load-k6-1  | fspiopTransfers   [  59% ] 30/30 VUs  3m14.0s/5m30.0s
load-k6-1  | 
load-k6-1  | 
load-k6-1  | running (3m15.0s), 30/30 VUs, 38948 complete and 0 interrupted iterations
load-k6-1  | fspiopTransfers   [  59% ] 30/30 VUs  3m15.0s/5m30.0s
load-k6-1  | 
load-k6-1  | 
load-k6-1  | running (3m16.0s), 30/30 VUs, 39164 complete and 0 interrupted iterations
load-k6-1  | fspiopTransfers   [  59% ] 30/30 VUs  3m16.0s/5m30.0s
load-k6-1  | 
load-k6-1  | 
load-k6-1  | running (3m17.0s), 30/30 VUs, 39374 complete and 0 interrupted iterations
load-k6-1  | fspiopTransfers   [  60% ] 30/30 VUs  3m17.0s/5m30.0s
load-k6-1  | 
load-k6-1  | 
load-k6-1  | running (3m18.0s), 30/30 VUs, 39589 complete and 0 interrupted iterations
load-k6-1  | fspiopTransfers   [  60% ] 30/30 VUs  3m18.0s/5m30.0s
load-k6-1  | 
load-k6-1  | 
load-k6-1  | running (3m19.0s), 30/30 VUs, 39791 complete and 0 interrupted iterations
load-k6-1  | fspiopTransfers   [  60% ] 30/30 VUs  3m19.0s/5m30.0s
load-k6-1  | 
load-k6-1  | 
load-k6-1  | running (3m20.0s), 30/30 VUs, 40012 complete and 0 interrupted iterations
load-k6-1  | fspiopTransfers   [  61% ] 30/30 VUs  3m20.0s/5m30.0s
load-k6-1  | 
load-k6-1  | 
load-k6-1  | running (3m21.0s), 30/30 VUs, 40222 complete and 0 interrupted iterations
load-k6-1  | fspiopTransfers   [  61% ] 30/30 VUs  3m21.0s/5m30.0s
load-k6-1  | 
load-k6-1  | 
load-k6-1  | running (3m22.0s), 30/30 VUs, 40438 complete and 0 interrupted iterations
load-k6-1  | fspiopTransfers   [  61% ] 30/30 VUs  3m22.0s/5m30.0s
load-k6-1  | 
load-k6-1  | 
load-k6-1  | running (3m23.0s), 30/30 VUs, 40653 complete and 0 interrupted iterations
load-k6-1  | fspiopTransfers   [  62% ] 30/30 VUs  3m23.0s/5m30.0s
load-k6-1  | 
load-k6-1  | 
load-k6-1  | running (3m24.0s), 30/30 VUs, 40858 complete and 0 interrupted iterations
load-k6-1  | fspiopTransfers   [  62% ] 30/30 VUs  3m24.0s/5m30.0s
load-k6-1  | 
load-k6-1  | 
load-k6-1  | running (3m25.0s), 30/30 VUs, 41068 complete and 0 interrupted iterations
load-k6-1  | fspiopTransfers   [  62% ] 30/30 VUs  3m25.0s/5m30.0s
load-k6-1  | 
load-k6-1  | 
load-k6-1  | running (3m26.0s), 30/30 VUs, 41272 complete and 0 interrupted iterations
load-k6-1  | fspiopTransfers   [  62% ] 30/30 VUs  3m26.0s/5m30.0s
load-k6-1  | 
load-k6-1  | 
load-k6-1  | running (3m27.0s), 30/30 VUs, 41487 complete and 0 interrupted iterations
load-k6-1  | fspiopTransfers   [  63% ] 30/30 VUs  3m27.0s/5m30.0s
load-k6-1  | 
load-k6-1  | 
load-k6-1  | running (3m28.0s), 30/30 VUs, 41693 complete and 0 interrupted iterations
load-k6-1  | fspiopTransfers   [  63% ] 30/30 VUs  3m28.0s/5m30.0s
load-k6-1  | 
load-k6-1  | 
load-k6-1  | running (3m29.0s), 30/30 VUs, 41914 complete and 0 interrupted iterations
load-k6-1  | fspiopTransfers   [  63% ] 30/30 VUs  3m29.0s/5m30.0s
load-k6-1  | 
load-k6-1  | 
load-k6-1  | running (3m30.0s), 30/30 VUs, 42124 complete and 0 interrupted iterations
load-k6-1  | fspiopTransfers   [  64% ] 30/30 VUs  3m30.0s/5m30.0s
load-k6-1  | 
load-k6-1  | 
load-k6-1  | running (3m31.0s), 30/30 VUs, 42321 complete and 0 interrupted iterations
load-k6-1  | fspiopTransfers   [  64% ] 30/30 VUs  3m31.0s/5m30.0s
load-k6-1  | 
load-k6-1  | 
load-k6-1  | running (3m32.0s), 30/30 VUs, 42528 complete and 0 interrupted iterations
load-k6-1  | fspiopTransfers   [  64% ] 30/30 VUs  3m32.0s/5m30.0s
load-k6-1  | 
load-k6-1  | 
load-k6-1  | running (3m33.0s), 30/30 VUs, 42743 complete and 0 interrupted iterations
load-k6-1  | fspiopTransfers   [  65% ] 30/30 VUs  3m33.0s/5m30.0s
load-k6-1  | 
load-k6-1  | 
load-k6-1  | running (3m34.0s), 30/30 VUs, 42952 complete and 0 interrupted iterations
load-k6-1  | fspiopTransfers   [  65% ] 30/30 VUs  3m34.0s/5m30.0s
load-k6-1  | 
load-k6-1  | 
load-k6-1  | running (3m35.0s), 30/30 VUs, 43162 complete and 0 interrupted iterations
load-k6-1  | fspiopTransfers   [  65% ] 30/30 VUs  3m35.0s/5m30.0s
load-k6-1  | 
load-k6-1  | 
load-k6-1  | running (3m36.0s), 30/30 VUs, 43360 complete and 0 interrupted iterations
load-k6-1  | fspiopTransfers   [  65% ] 30/30 VUs  3m36.0s/5m30.0s
load-k6-1  | 
load-k6-1  | 
load-k6-1  | running (3m37.0s), 30/30 VUs, 43580 complete and 0 interrupted iterations
load-k6-1  | fspiopTransfers   [  66% ] 30/30 VUs  3m37.0s/5m30.0s
load-k6-1  | 
load-k6-1  | 
load-k6-1  | running (3m38.0s), 30/30 VUs, 43802 complete and 0 interrupted iterations
load-k6-1  | fspiopTransfers   [  66% ] 30/30 VUs  3m38.0s/5m30.0s
load-k6-1  | 
load-k6-1  | 
load-k6-1  | running (3m39.0s), 30/30 VUs, 44025 complete and 0 interrupted iterations
load-k6-1  | fspiopTransfers   [  66% ] 30/30 VUs  3m39.0s/5m30.0s
load-k6-1  | 
load-k6-1  | 
load-k6-1  | running (3m40.0s), 30/30 VUs, 44240 complete and 0 interrupted iterations
load-k6-1  | fspiopTransfers   [  67% ] 30/30 VUs  3m40.0s/5m30.0s
load-k6-1  | 
load-k6-1  | 
load-k6-1  | running (3m41.0s), 30/30 VUs, 44457 complete and 0 interrupted iterations
load-k6-1  | fspiopTransfers   [  67% ] 30/30 VUs  3m41.0s/5m30.0s
load-k6-1  | 
load-k6-1  | 
load-k6-1  | running (3m42.0s), 30/30 VUs, 44668 complete and 0 interrupted iterations
load-k6-1  | fspiopTransfers   [  67% ] 30/30 VUs  3m42.0s/5m30.0s
load-k6-1  | 
load-k6-1  | 
load-k6-1  | running (3m43.0s), 30/30 VUs, 44881 complete and 0 interrupted iterations
load-k6-1  | fspiopTransfers   [  68% ] 30/30 VUs  3m43.0s/5m30.0s
load-k6-1  | 
load-k6-1  | 
load-k6-1  | running (3m44.0s), 30/30 VUs, 45097 complete and 0 interrupted iterations
load-k6-1  | fspiopTransfers   [  68% ] 30/30 VUs  3m44.0s/5m30.0s
load-k6-1  | 
load-k6-1  | 
load-k6-1  | running (3m45.0s), 30/30 VUs, 45315 complete and 0 interrupted iterations
load-k6-1  | fspiopTransfers   [  68% ] 30/30 VUs  3m45.0s/5m30.0s
load-k6-1  | 
load-k6-1  | 
load-k6-1  | running (3m46.0s), 30/30 VUs, 45504 complete and 0 interrupted iterations
load-k6-1  | fspiopTransfers   [  68% ] 30/30 VUs  3m46.0s/5m30.0s
load-k6-1  | 
load-k6-1  | 
load-k6-1  | running (3m47.0s), 30/30 VUs, 45723 complete and 0 interrupted iterations
load-k6-1  | fspiopTransfers   [  69% ] 30/30 VUs  3m47.0s/5m30.0s
load-k6-1  | 
load-k6-1  | 
load-k6-1  | running (3m48.0s), 30/30 VUs, 45944 complete and 0 interrupted iterations
load-k6-1  | fspiopTransfers   [  69% ] 30/30 VUs  3m48.0s/5m30.0s
load-k6-1  | 
load-k6-1  | 
load-k6-1  | running (3m49.0s), 30/30 VUs, 46154 complete and 0 interrupted iterations
load-k6-1  | fspiopTransfers   [  69% ] 30/30 VUs  3m49.0s/5m30.0s
load-k6-1  | 
load-k6-1  | 
load-k6-1  | running (3m50.0s), 30/30 VUs, 46371 complete and 0 interrupted iterations
load-k6-1  | fspiopTransfers   [  70% ] 30/30 VUs  3m50.0s/5m30.0s
load-k6-1  | 
load-k6-1  | 
load-k6-1  | running (3m51.0s), 30/30 VUs, 46578 complete and 0 interrupted iterations
load-k6-1  | fspiopTransfers   [  70% ] 30/30 VUs  3m51.0s/5m30.0s
load-k6-1  | 
load-k6-1  | 
load-k6-1  | running (3m52.0s), 30/30 VUs, 46797 complete and 0 interrupted iterations
load-k6-1  | fspiopTransfers   [  70% ] 30/30 VUs  3m52.0s/5m30.0s
load-k6-1  | 
load-k6-1  | 
load-k6-1  | running (3m53.0s), 30/30 VUs, 47026 complete and 0 interrupted iterations
load-k6-1  | fspiopTransfers   [  71% ] 30/30 VUs  3m53.0s/5m30.0s
load-k6-1  | 
load-k6-1  | 
load-k6-1  | running (3m54.0s), 30/30 VUs, 47246 complete and 0 interrupted iterations
load-k6-1  | fspiopTransfers   [  71% ] 30/30 VUs  3m54.0s/5m30.0s
load-k6-1  | 
load-k6-1  | 
load-k6-1  | running (3m55.0s), 30/30 VUs, 47460 complete and 0 interrupted iterations
load-k6-1  | fspiopTransfers   [  71% ] 30/30 VUs  3m55.0s/5m30.0s
load-k6-1  | 
load-k6-1  | 
load-k6-1  | running (3m56.0s), 30/30 VUs, 47672 complete and 0 interrupted iterations
load-k6-1  | fspiopTransfers   [  72% ] 30/30 VUs  3m56.0s/5m30.0s
load-k6-1  | 
load-k6-1  | 
load-k6-1  | running (3m57.0s), 30/30 VUs, 47877 complete and 0 interrupted iterations
load-k6-1  | fspiopTransfers   [  72% ] 30/30 VUs  3m57.0s/5m30.0s
load-k6-1  | 
load-k6-1  | 
load-k6-1  | running (3m58.0s), 30/30 VUs, 48092 complete and 0 interrupted iterations
load-k6-1  | fspiopTransfers   [  72% ] 30/30 VUs  3m58.0s/5m30.0s
load-k6-1  | 
load-k6-1  | 
load-k6-1  | running (3m59.0s), 30/30 VUs, 48309 complete and 0 interrupted iterations
load-k6-1  | fspiopTransfers   [  72% ] 30/30 VUs  3m59.0s/5m30.0s
load-k6-1  | 
load-k6-1  | 
load-k6-1  | running (4m00.0s), 30/30 VUs, 48525 complete and 0 interrupted iterations
load-k6-1  | fspiopTransfers   [  73% ] 30/30 VUs  4m00.0s/5m30.0s
load-k6-1  | 
load-k6-1  | 
load-k6-1  | running (4m01.0s), 30/30 VUs, 48740 complete and 0 interrupted iterations
load-k6-1  | fspiopTransfers   [  73% ] 30/30 VUs  4m01.0s/5m30.0s
load-k6-1  | 
load-k6-1  | 
load-k6-1  | running (4m02.0s), 30/30 VUs, 48954 complete and 0 interrupted iterations
load-k6-1  | fspiopTransfers   [  73% ] 30/30 VUs  4m02.0s/5m30.0s
load-k6-1  | 
load-k6-1  | 
load-k6-1  | running (4m03.0s), 30/30 VUs, 49150 complete and 0 interrupted iterations
load-k6-1  | fspiopTransfers   [  74% ] 30/30 VUs  4m03.0s/5m30.0s
load-k6-1  | 
load-k6-1  | 
load-k6-1  | running (4m04.0s), 30/30 VUs, 49360 complete and 0 interrupted iterations
load-k6-1  | fspiopTransfers   [  74% ] 30/30 VUs  4m04.0s/5m30.0s
load-k6-1  | 
load-k6-1  | 
load-k6-1  | running (4m05.0s), 30/30 VUs, 49573 complete and 0 interrupted iterations
load-k6-1  | fspiopTransfers   [  74% ] 30/30 VUs  4m05.0s/5m30.0s
load-k6-1  | 
load-k6-1  | 
load-k6-1  | running (4m06.0s), 30/30 VUs, 49779 complete and 0 interrupted iterations
load-k6-1  | fspiopTransfers   [  75% ] 30/30 VUs  4m06.0s/5m30.0s
load-k6-1  | 
load-k6-1  | 
load-k6-1  | running (4m07.0s), 30/30 VUs, 50001 complete and 0 interrupted iterations
load-k6-1  | fspiopTransfers   [  75% ] 30/30 VUs  4m07.0s/5m30.0s
load-k6-1  | 
load-k6-1  | 
load-k6-1  | running (4m08.0s), 30/30 VUs, 50209 complete and 0 interrupted iterations
load-k6-1  | fspiopTransfers   [  75% ] 30/30 VUs  4m08.0s/5m30.0s
load-k6-1  | 
load-k6-1  | 
load-k6-1  | running (4m09.0s), 30/30 VUs, 50419 complete and 0 interrupted iterations
load-k6-1  | fspiopTransfers   [  75% ] 30/30 VUs  4m09.0s/5m30.0s
load-k6-1  | 
load-k6-1  | 
load-k6-1  | running (4m10.0s), 30/30 VUs, 50638 complete and 0 interrupted iterations
load-k6-1  | fspiopTransfers   [  76% ] 30/30 VUs  4m10.0s/5m30.0s
load-k6-1  | 
load-k6-1  | 
load-k6-1  | running (4m11.0s), 30/30 VUs, 50856 complete and 0 interrupted iterations
load-k6-1  | fspiopTransfers   [  76% ] 30/30 VUs  4m11.0s/5m30.0s
load-k6-1  | 
load-k6-1  | 
load-k6-1  | running (4m12.0s), 30/30 VUs, 51077 complete and 0 interrupted iterations
load-k6-1  | fspiopTransfers   [  76% ] 30/30 VUs  4m12.0s/5m30.0s
load-k6-1  | 
load-k6-1  | 
load-k6-1  | running (4m13.0s), 30/30 VUs, 51297 complete and 0 interrupted iterations
load-k6-1  | fspiopTransfers   [  77% ] 30/30 VUs  4m13.0s/5m30.0s
load-k6-1  | 
load-k6-1  | 
load-k6-1  | running (4m14.0s), 30/30 VUs, 51510 complete and 0 interrupted iterations
load-k6-1  | fspiopTransfers   [  77% ] 30/30 VUs  4m14.0s/5m30.0s
load-k6-1  | 
load-k6-1  | 
load-k6-1  | running (4m15.0s), 30/30 VUs, 51714 complete and 0 interrupted iterations
load-k6-1  | fspiopTransfers   [  77% ] 30/30 VUs  4m15.0s/5m30.0s
load-k6-1  | 
load-k6-1  | 
load-k6-1  | running (4m16.0s), 30/30 VUs, 51933 complete and 0 interrupted iterations
load-k6-1  | fspiopTransfers   [  78% ] 30/30 VUs  4m16.0s/5m30.0s
load-k6-1  | 
load-k6-1  | 
load-k6-1  | running (4m17.0s), 30/30 VUs, 52150 complete and 0 interrupted iterations
load-k6-1  | fspiopTransfers   [  78% ] 30/30 VUs  4m17.0s/5m30.0s
load-k6-1  | 
load-k6-1  | 
load-k6-1  | running (4m18.0s), 30/30 VUs, 52369 complete and 0 interrupted iterations
load-k6-1  | fspiopTransfers   [  78% ] 30/30 VUs  4m18.0s/5m30.0s
load-k6-1  | 
load-k6-1  | 
load-k6-1  | running (4m19.0s), 30/30 VUs, 52574 complete and 0 interrupted iterations
load-k6-1  | fspiopTransfers   [  78% ] 30/30 VUs  4m19.0s/5m30.0s
load-k6-1  | 
load-k6-1  | 
load-k6-1  | running (4m20.0s), 30/30 VUs, 52789 complete and 0 interrupted iterations
load-k6-1  | fspiopTransfers   [  79% ] 30/30 VUs  4m20.0s/5m30.0s
load-k6-1  | 
load-k6-1  | 
load-k6-1  | running (4m21.0s), 30/30 VUs, 53004 complete and 0 interrupted iterations
load-k6-1  | fspiopTransfers   [  79% ] 30/30 VUs  4m21.0s/5m30.0s
load-k6-1  | 
load-k6-1  | 
load-k6-1  | running (4m22.0s), 30/30 VUs, 53229 complete and 0 interrupted iterations
load-k6-1  | fspiopTransfers   [  79% ] 30/30 VUs  4m22.0s/5m30.0s
load-k6-1  | 
load-k6-1  | 
load-k6-1  | running (4m23.0s), 30/30 VUs, 53448 complete and 0 interrupted iterations
load-k6-1  | fspiopTransfers   [  80% ] 30/30 VUs  4m23.0s/5m30.0s
load-k6-1  | 
load-k6-1  | 
load-k6-1  | running (4m24.0s), 30/30 VUs, 53659 complete and 0 interrupted iterations
load-k6-1  | fspiopTransfers   [  80% ] 30/30 VUs  4m24.0s/5m30.0s
load-k6-1  | 
load-k6-1  | 
load-k6-1  | running (4m25.0s), 30/30 VUs, 53872 complete and 0 interrupted iterations
load-k6-1  | fspiopTransfers   [  80% ] 30/30 VUs  4m25.0s/5m30.0s
load-k6-1  | 
load-k6-1  | 
load-k6-1  | running (4m26.0s), 30/30 VUs, 54085 complete and 0 interrupted iterations
load-k6-1  | fspiopTransfers   [  81% ] 30/30 VUs  4m26.0s/5m30.0s
load-k6-1  | 
load-k6-1  | 
load-k6-1  | running (4m27.0s), 30/30 VUs, 54300 complete and 0 interrupted iterations
load-k6-1  | fspiopTransfers   [  81% ] 30/30 VUs  4m27.0s/5m30.0s
load-k6-1  | 
load-k6-1  | 
load-k6-1  | running (4m28.0s), 30/30 VUs, 54528 complete and 0 interrupted iterations
load-k6-1  | fspiopTransfers   [  81% ] 30/30 VUs  4m28.0s/5m30.0s
load-k6-1  | 
load-k6-1  | 
load-k6-1  | running (4m29.0s), 30/30 VUs, 54739 complete and 0 interrupted iterations
load-k6-1  | fspiopTransfers   [  82% ] 30/30 VUs  4m29.0s/5m30.0s
load-k6-1  | 
load-k6-1  | 
load-k6-1  | running (4m30.0s), 30/30 VUs, 54939 complete and 0 interrupted iterations
load-k6-1  | fspiopTransfers   [  82% ] 30/30 VUs  4m30.0s/5m30.0s
load-k6-1  | 
load-k6-1  | 
load-k6-1  | running (4m31.0s), 30/30 VUs, 55150 complete and 0 interrupted iterations
load-k6-1  | fspiopTransfers   [  82% ] 30/30 VUs  4m31.0s/5m30.0s
load-k6-1  | 
load-k6-1  | 
load-k6-1  | running (4m32.0s), 30/30 VUs, 55360 complete and 0 interrupted iterations
load-k6-1  | fspiopTransfers   [  82% ] 30/30 VUs  4m32.0s/5m30.0s
load-k6-1  | 
load-k6-1  | 
load-k6-1  | running (4m33.0s), 30/30 VUs, 55570 complete and 0 interrupted iterations
load-k6-1  | fspiopTransfers   [  83% ] 30/30 VUs  4m33.0s/5m30.0s
load-k6-1  | 
load-k6-1  | 
load-k6-1  | running (4m34.0s), 30/30 VUs, 55789 complete and 0 interrupted iterations
load-k6-1  | fspiopTransfers   [  83% ] 30/30 VUs  4m34.0s/5m30.0s
load-k6-1  | 
load-k6-1  | 
load-k6-1  | running (4m35.0s), 30/30 VUs, 55981 complete and 0 interrupted iterations
load-k6-1  | fspiopTransfers   [  83% ] 30/30 VUs  4m35.0s/5m30.0s
load-k6-1  | 
load-k6-1  | 
load-k6-1  | running (4m36.0s), 30/30 VUs, 56190 complete and 0 interrupted iterations
load-k6-1  | fspiopTransfers   [  84% ] 30/30 VUs  4m36.0s/5m30.0s
load-k6-1  | 
load-k6-1  | 
load-k6-1  | running (4m37.0s), 30/30 VUs, 56405 complete and 0 interrupted iterations
load-k6-1  | fspiopTransfers   [  84% ] 30/30 VUs  4m37.0s/5m30.0s
load-k6-1  | 
load-k6-1  | 
load-k6-1  | running (4m38.0s), 30/30 VUs, 56615 complete and 0 interrupted iterations
load-k6-1  | fspiopTransfers   [  84% ] 30/30 VUs  4m38.0s/5m30.0s
load-k6-1  | 
load-k6-1  | 
load-k6-1  | running (4m39.0s), 30/30 VUs, 56818 complete and 0 interrupted iterations
load-k6-1  | fspiopTransfers   [  85% ] 30/30 VUs  4m39.0s/5m30.0s
load-k6-1  | 
load-k6-1  | 
load-k6-1  | running (4m40.0s), 30/30 VUs, 57028 complete and 0 interrupted iterations
load-k6-1  | fspiopTransfers   [  85% ] 30/30 VUs  4m40.0s/5m30.0s
load-k6-1  | 
load-k6-1  | 
load-k6-1  | running (4m41.0s), 30/30 VUs, 57238 complete and 0 interrupted iterations
load-k6-1  | fspiopTransfers   [  85% ] 30/30 VUs  4m41.0s/5m30.0s
load-k6-1  | 
load-k6-1  | 
load-k6-1  | running (4m42.0s), 30/30 VUs, 57458 complete and 0 interrupted iterations
load-k6-1  | fspiopTransfers   [  85% ] 30/30 VUs  4m42.0s/5m30.0s
load-k6-1  | 
load-k6-1  | 
load-k6-1  | running (4m43.0s), 30/30 VUs, 57648 complete and 0 interrupted iterations
load-k6-1  | fspiopTransfers   [  86% ] 30/30 VUs  4m43.0s/5m30.0s
load-k6-1  | 
load-k6-1  | 
load-k6-1  | running (4m44.0s), 30/30 VUs, 57868 complete and 0 interrupted iterations
load-k6-1  | fspiopTransfers   [  86% ] 30/30 VUs  4m44.0s/5m30.0s
load-k6-1  | 
load-k6-1  | 
load-k6-1  | running (4m45.0s), 30/30 VUs, 58071 complete and 0 interrupted iterations
load-k6-1  | fspiopTransfers   [  86% ] 30/30 VUs  4m45.0s/5m30.0s
load-k6-1  | 
load-k6-1  | 
load-k6-1  | running (4m46.0s), 30/30 VUs, 58283 complete and 0 interrupted iterations
load-k6-1  | fspiopTransfers   [  87% ] 30/30 VUs  4m46.0s/5m30.0s
load-k6-1  | 
load-k6-1  | 
load-k6-1  | running (4m47.0s), 30/30 VUs, 58499 complete and 0 interrupted iterations
load-k6-1  | fspiopTransfers   [  87% ] 30/30 VUs  4m47.0s/5m30.0s
load-k6-1  | 
load-k6-1  | 
load-k6-1  | running (4m48.0s), 30/30 VUs, 58711 complete and 0 interrupted iterations
load-k6-1  | fspiopTransfers   [  87% ] 30/30 VUs  4m48.0s/5m30.0s
load-k6-1  | 
load-k6-1  | 
load-k6-1  | running (4m49.0s), 30/30 VUs, 58919 complete and 0 interrupted iterations
load-k6-1  | fspiopTransfers   [  88% ] 30/30 VUs  4m49.0s/5m30.0s
load-k6-1  | 
load-k6-1  | 
load-k6-1  | running (4m50.0s), 30/30 VUs, 59127 complete and 0 interrupted iterations
load-k6-1  | fspiopTransfers   [  88% ] 30/30 VUs  4m50.0s/5m30.0s
load-k6-1  | 
load-k6-1  | 
load-k6-1  | running (4m51.0s), 30/30 VUs, 59340 complete and 0 interrupted iterations
load-k6-1  | fspiopTransfers   [  88% ] 30/30 VUs  4m51.0s/5m30.0s
load-k6-1  | 
load-k6-1  | 
load-k6-1  | running (4m52.0s), 30/30 VUs, 59554 complete and 0 interrupted iterations
load-k6-1  | fspiopTransfers   [  88% ] 30/30 VUs  4m52.0s/5m30.0s
load-k6-1  | 
load-k6-1  | 
load-k6-1  | running (4m53.0s), 30/30 VUs, 59762 complete and 0 interrupted iterations
load-k6-1  | fspiopTransfers   [  89% ] 30/30 VUs  4m53.0s/5m30.0s
load-k6-1  | 
load-k6-1  | 
load-k6-1  | running (4m54.0s), 30/30 VUs, 59975 complete and 0 interrupted iterations
load-k6-1  | fspiopTransfers   [  89% ] 30/30 VUs  4m54.0s/5m30.0s
load-k6-1  | 
load-k6-1  | 
load-k6-1  | running (4m55.0s), 30/30 VUs, 60187 complete and 0 interrupted iterations
load-k6-1  | fspiopTransfers   [  89% ] 30/30 VUs  4m55.0s/5m30.0s
load-k6-1  | 
load-k6-1  | 
load-k6-1  | running (4m56.0s), 30/30 VUs, 60399 complete and 0 interrupted iterations
load-k6-1  | fspiopTransfers   [  90% ] 30/30 VUs  4m56.0s/5m30.0s
load-k6-1  | 
load-k6-1  | 
load-k6-1  | running (4m57.0s), 30/30 VUs, 60584 complete and 0 interrupted iterations
load-k6-1  | fspiopTransfers   [  90% ] 30/30 VUs  4m57.0s/5m30.0s
load-k6-1  | 
load-k6-1  | 
load-k6-1  | running (4m58.0s), 30/30 VUs, 60784 complete and 0 interrupted iterations
load-k6-1  | fspiopTransfers   [  90% ] 30/30 VUs  4m58.0s/5m30.0s
load-k6-1  | 
load-k6-1  | 
load-k6-1  | running (4m59.0s), 30/30 VUs, 60993 complete and 0 interrupted iterations
load-k6-1  | fspiopTransfers   [  91% ] 30/30 VUs  4m59.0s/5m30.0s
load-k6-1  | 
load-k6-1  | 
load-k6-1  | running (5m00.0s), 30/30 VUs, 61220 complete and 0 interrupted iterations
load-k6-1  | fspiopTransfers   [  91% ] 30/30 VUs  5m00.0s/5m30.0s
load-k6-1  | 
load-k6-1  | 
load-k6-1  | running (5m01.0s), 30/30 VUs, 61447 complete and 0 interrupted iterations
load-k6-1  | fspiopTransfers   [  91% ] 30/30 VUs  5m01.0s/5m30.0s
load-k6-1  | 
load-k6-1  | 
load-k6-1  | running (5m02.0s), 30/30 VUs, 61665 complete and 0 interrupted iterations
load-k6-1  | fspiopTransfers   [  92% ] 30/30 VUs  5m02.0s/5m30.0s
load-k6-1  | 
load-k6-1  | 
load-k6-1  | running (5m03.0s), 30/30 VUs, 61881 complete and 0 interrupted iterations
load-k6-1  | fspiopTransfers   [  92% ] 30/30 VUs  5m03.0s/5m30.0s
load-k6-1  | 
load-k6-1  | 
load-k6-1  | running (5m04.0s), 30/30 VUs, 62107 complete and 0 interrupted iterations
load-k6-1  | fspiopTransfers   [  92% ] 30/30 VUs  5m04.0s/5m30.0s
load-k6-1  | 
load-k6-1  | 
load-k6-1  | running (5m05.0s), 30/30 VUs, 62322 complete and 0 interrupted iterations
load-k6-1  | fspiopTransfers   [  92% ] 30/30 VUs  5m05.0s/5m30.0s
load-k6-1  | 
load-k6-1  | 
load-k6-1  | running (5m06.0s), 30/30 VUs, 62537 complete and 0 interrupted iterations
load-k6-1  | fspiopTransfers   [  93% ] 30/30 VUs  5m06.0s/5m30.0s
load-k6-1  | 
load-k6-1  | 
load-k6-1  | running (5m07.0s), 30/30 VUs, 62750 complete and 0 interrupted iterations
load-k6-1  | fspiopTransfers   [  93% ] 30/30 VUs  5m07.0s/5m30.0s
load-k6-1  | 
load-k6-1  | 
load-k6-1  | running (5m08.0s), 30/30 VUs, 62954 complete and 0 interrupted iterations
load-k6-1  | fspiopTransfers   [  93% ] 30/30 VUs  5m08.0s/5m30.0s
load-k6-1  | 
load-k6-1  | 
load-k6-1  | running (5m09.0s), 30/30 VUs, 63163 complete and 0 interrupted iterations
load-k6-1  | fspiopTransfers   [  94% ] 30/30 VUs  5m09.0s/5m30.0s
load-k6-1  | 
load-k6-1  | 
load-k6-1  | running (5m10.0s), 30/30 VUs, 63370 complete and 0 interrupted iterations
load-k6-1  | fspiopTransfers   [  94% ] 30/30 VUs  5m10.0s/5m30.0s
load-k6-1  | 
load-k6-1  | 
load-k6-1  | running (5m11.0s), 30/30 VUs, 63575 complete and 0 interrupted iterations
load-k6-1  | fspiopTransfers   [  94% ] 30/30 VUs  5m11.0s/5m30.0s
load-k6-1  | 
load-k6-1  | 
load-k6-1  | running (5m12.0s), 30/30 VUs, 63793 complete and 0 interrupted iterations
load-k6-1  | fspiopTransfers   [  95% ] 30/30 VUs  5m12.0s/5m30.0s
load-k6-1  | 
load-k6-1  | 
load-k6-1  | running (5m13.0s), 30/30 VUs, 64011 complete and 0 interrupted iterations
load-k6-1  | fspiopTransfers   [  95% ] 30/30 VUs  5m13.0s/5m30.0s
load-k6-1  | 
load-k6-1  | 
load-k6-1  | running (5m14.0s), 30/30 VUs, 64226 complete and 0 interrupted iterations
load-k6-1  | fspiopTransfers   [  95% ] 30/30 VUs  5m14.0s/5m30.0s
load-k6-1  | 
load-k6-1  | 
load-k6-1  | running (5m15.0s), 30/30 VUs, 64441 complete and 0 interrupted iterations
load-k6-1  | fspiopTransfers   [  95% ] 30/30 VUs  5m15.0s/5m30.0s
load-k6-1  | 
load-k6-1  | 
load-k6-1  | running (5m16.0s), 30/30 VUs, 64656 complete and 0 interrupted iterations
load-k6-1  | fspiopTransfers   [  96% ] 30/30 VUs  5m16.0s/5m30.0s
load-k6-1  | 
load-k6-1  | 
load-k6-1  | running (5m17.0s), 30/30 VUs, 64869 complete and 0 interrupted iterations
load-k6-1  | fspiopTransfers   [  96% ] 30/30 VUs  5m17.0s/5m30.0s
load-k6-1  | 
load-k6-1  | 
load-k6-1  | running (5m18.0s), 30/30 VUs, 65089 complete and 0 interrupted iterations
load-k6-1  | fspiopTransfers   [  96% ] 30/30 VUs  5m18.0s/5m30.0s
load-k6-1  | 
load-k6-1  | 
load-k6-1  | running (5m19.0s), 30/30 VUs, 65305 complete and 0 interrupted iterations
load-k6-1  | fspiopTransfers   [  97% ] 30/30 VUs  5m19.0s/5m30.0s
load-k6-1  | 
load-k6-1  | 
load-k6-1  | running (5m20.0s), 30/30 VUs, 65521 complete and 0 interrupted iterations
load-k6-1  | fspiopTransfers   [  97% ] 30/30 VUs  5m20.0s/5m30.0s
load-k6-1  | 
load-k6-1  | 
load-k6-1  | running (5m21.0s), 30/30 VUs, 65743 complete and 0 interrupted iterations
load-k6-1  | fspiopTransfers   [  97% ] 30/30 VUs  5m21.0s/5m30.0s
load-k6-1  | 
load-k6-1  | 
load-k6-1  | running (5m22.0s), 30/30 VUs, 65965 complete and 0 interrupted iterations
load-k6-1  | fspiopTransfers   [  98% ] 30/30 VUs  5m22.0s/5m30.0s
load-k6-1  | 
load-k6-1  | 
load-k6-1  | running (5m23.0s), 30/30 VUs, 66183 complete and 0 interrupted iterations
load-k6-1  | fspiopTransfers   [  98% ] 30/30 VUs  5m23.0s/5m30.0s
load-k6-1  | 
load-k6-1  | 
load-k6-1  | running (5m24.0s), 30/30 VUs, 66392 complete and 0 interrupted iterations
load-k6-1  | fspiopTransfers   [  98% ] 30/30 VUs  5m24.0s/5m30.0s
load-k6-1  | 
load-k6-1  | 
load-k6-1  | running (5m25.0s), 30/30 VUs, 66595 complete and 0 interrupted iterations
load-k6-1  | fspiopTransfers   [  98% ] 30/30 VUs  5m25.0s/5m30.0s
load-k6-1  | 
load-k6-1  | 
load-k6-1  | running (5m26.0s), 30/30 VUs, 66815 complete and 0 interrupted iterations
load-k6-1  | fspiopTransfers   [  99% ] 30/30 VUs  5m26.0s/5m30.0s
load-k6-1  | 
load-k6-1  | 
load-k6-1  | running (5m27.0s), 30/30 VUs, 67035 complete and 0 interrupted iterations
load-k6-1  | fspiopTransfers   [  99% ] 30/30 VUs  5m27.0s/5m30.0s
load-k6-1  | 
load-k6-1  | 
load-k6-1  | running (5m28.0s), 30/30 VUs, 67256 complete and 0 interrupted iterations
load-k6-1  | fspiopTransfers   [  99% ] 30/30 VUs  5m28.0s/5m30.0s
load-k6-1  | 
load-k6-1  | 
load-k6-1  | running (5m29.0s), 30/30 VUs, 67477 complete and 0 interrupted iterations
load-k6-1  | fspiopTransfers   [ 100% ] 30/30 VUs  5m29.0s/5m30.0s
load-k6-1  | 
load-k6-1  | 
load-k6-1  | running (5m30.0s), 30/30 VUs, 67695 complete and 0 interrupted iterations
load-k6-1  | fspiopTransfers   [ 100% ] 30/30 VUs  5m30.0s/5m30.0s
load-k6-1  | 
load-k6-1  | 
load-k6-1  |      ✓ TRANSFERS_FSPIOP_POST_TRANSFERS_RESPONSE_IS_202
load-k6-1  |      ✓ TRANSFERS_E2E_FSPIOP_POST_TRANSFERS_SUCCESS
load-k6-1  | 
load-k6-1  |      █ Post Transfers
load-k6-1  | 
load-k6-1  |      checks.........................: 100.00% ✓ 135450     ✗ 0    
load-k6-1  |      data_received..................: 21 MB   64 kB/s
load-k6-1  |      data_sent......................: 140 MB  425 kB/s
load-k6-1  |      group_duration.................: avg=269.49µs min=124.02µs med=258.48µs max=19.26ms  p(90)=302.96µs p(95)=339.23µs
load-k6-1  |      http_req_blocked...............: avg=6.28µs   min=1.6µs    med=4.47µs   max=81.14ms  p(90)=5.53µs   p(95)=5.99µs  
load-k6-1  |      http_req_connecting............: avg=1.25µs   min=0s       med=0s       max=81.08ms  p(90)=0s       p(95)=0s      
load-k6-1  |    ✓ http_req_duration..............: avg=1.69ms   min=799.76µs med=1.51ms   max=50.78ms  p(90)=2.32ms   p(95)=2.71ms  
load-k6-1  |        { expected_response:true }...: avg=1.69ms   min=799.76µs med=1.51ms   max=50.78ms  p(90)=2.32ms   p(95)=2.71ms  
load-k6-1  |    ✓ http_req_failed................: 0.00%   ✓ 0          ✗ 67725
load-k6-1  |      http_req_receiving.............: avg=35.54µs  min=9.64µs   med=32.89µs  max=7.39ms   p(90)=44.24µs  p(95)=48.85µs 
load-k6-1  |      http_req_sending...............: avg=24.69µs  min=8.95µs   med=22.11µs  max=10.51ms  p(90)=28.87µs  p(95)=33.01µs 
load-k6-1  |      http_req_tls_handshaking.......: avg=0s       min=0s       med=0s       max=0s       p(90)=0s       p(95)=0s      
load-k6-1  |      http_req_waiting...............: avg=1.63ms   min=749.85µs med=1.45ms   max=50.72ms  p(90)=2.25ms   p(95)=2.64ms  
load-k6-1  |      http_reqs......................: 67725   205.153155/s
load-k6-1  |    ✓ iteration_duration.............: avg=139.54ms min=62.9ms   med=136.88ms max=488.55ms p(90)=181.02ms p(95)=195.36ms
load-k6-1  |      iterations.....................: 67725   205.153155/s
load-k6-1  |      vus............................: 30      min=1        max=30 
load-k6-1  |      vus_max........................: 30      min=30       max=30 
load-k6-1  |      ws_connecting..................: avg=693.21µs min=258.03µs med=568.79µs max=26.18ms  p(90)=1.06ms   p(95)=1.35ms  
load-k6-1  |      ws_msgs_received...............: 67725   205.153155/s
load-k6-1  |      ws_msgs_sent...................: 67725   205.153155/s
load-k6-1  |      ws_session_duration............: avg=139.17ms min=62.54ms  med=136.51ms max=488.26ms p(90)=180.65ms p(95)=194.99ms
load-k6-1  |      ws_sessions....................: 67725   205.153155/s
load-k6-1  | 
load-k6-1  | 
load-k6-1  | running (5m30.1s), 00/30 VUs, 67725 complete and 0 interrupted iterations
load-k6-1  | fspiopTransfers ✓ [ 100% ] 00/30 VUs  5m30s
load-k6-1  | 
load-k6-1 exited with code 0
