Attaching to load-k6-1
load-k6-1  | 
load-k6-1  |           /\      |‾‾| /‾‾/   /‾‾/   
load-k6-1  |      /\  /  \     |  |/  /   /  /    
load-k6-1  |     /  \/    \    |     (   /   ‾‾\  
load-k6-1  |    /          \   |  |\  \ |  (‾)  | 
load-k6-1  |   / __________ \  |__| \__\ \_____/ .io
load-k6-1  | 
load-k6-1  | 
load-k6-1  |   execution: local
load-k6-1  |      script: /scripts/index.js
load-k6-1  |      output: Prometheus remote write (http://prometheus:9090/api/v1/write)
load-k6-1  | 
load-k6-1  |   scenarios: (100.00%) 1 scenario, 50 max VUs, 6m0s max duration (incl. graceful stop):
load-k6-1  |            * fspiopQuotes: Up to 50 looping VUs for 5m30s over 2 stages (gracefulRampDown: 30s, exec: fspiopQuotesScenarios, gracefulStop: 30s)
load-k6-1  | 
load-k6-1  | 
load-k6-1  | 
load-k6-1  | running (0m01.0s), 02/50 VUs, 0 complete and 0 interrupted iterations
load-k6-1  | fspiopQuotes   [   0% ] 02/50 VUs  0m01.0s/5m30.0s
load-k6-1  | 
load-k6-1  | 
load-k6-1  | running (0m02.0s), 04/50 VUs, 0 complete and 0 interrupted iterations
load-k6-1  | fspiopQuotes   [   1% ] 04/50 VUs  0m02.0s/5m30.0s
load-k6-1  | 
load-k6-1  | 
load-k6-1  | running (0m03.0s), 05/50 VUs, 0 complete and 0 interrupted iterations
load-k6-1  | fspiopQuotes   [   1% ] 05/50 VUs  0m03.0s/5m30.0s
load-k6-1  | 
load-k6-1  | 
load-k6-1  | running (0m04.0s), 07/50 VUs, 1 complete and 0 interrupted iterations
load-k6-1  | fspiopQuotes   [   1% ] 07/50 VUs  0m04.0s/5m30.0s
load-k6-1  | 
load-k6-1  | 
load-k6-1  | running (0m05.0s), 09/50 VUs, 1 complete and 0 interrupted iterations
load-k6-1  | fspiopQuotes   [   2% ] 09/50 VUs  0m05.0s/5m30.0s
load-k6-1  | 
load-k6-1  | 
load-k6-1  | running (0m06.0s), 10/50 VUs, 4 complete and 0 interrupted iterations
load-k6-1  | fspiopQuotes   [   2% ] 10/50 VUs  0m06.0s/5m30.0s
load-k6-1  | 
load-k6-1  | 
load-k6-1  | running (0m07.0s), 12/50 VUs, 8 complete and 0 interrupted iterations
load-k6-1  | fspiopQuotes   [   2% ] 12/50 VUs  0m07.0s/5m30.0s
load-k6-1  | 
load-k6-1  | 
load-k6-1  | running (0m08.0s), 14/50 VUs, 11 complete and 0 interrupted iterations
load-k6-1  | fspiopQuotes   [   2% ] 14/50 VUs  0m08.0s/5m30.0s
load-k6-1  | 
load-k6-1  | 
load-k6-1  | running (0m09.0s), 15/50 VUs, 13 complete and 0 interrupted iterations
load-k6-1  | fspiopQuotes   [   3% ] 15/50 VUs  0m09.0s/5m30.0s
load-k6-1  | 
load-k6-1  | 
load-k6-1  | running (0m10.0s), 17/50 VUs, 17 complete and 0 interrupted iterations
load-k6-1  | fspiopQuotes   [   3% ] 17/50 VUs  0m10.0s/5m30.0s
load-k6-1  | 
load-k6-1  | 
load-k6-1  | running (0m11.0s), 18/50 VUs, 22 complete and 0 interrupted iterations
load-k6-1  | fspiopQuotes   [   3% ] 18/50 VUs  0m11.0s/5m30.0s
load-k6-1  | 
load-k6-1  | 
load-k6-1  | running (0m12.0s), 20/50 VUs, 32 complete and 0 interrupted iterations
load-k6-1  | fspiopQuotes   [   4% ] 20/50 VUs  0m12.0s/5m30.0s
load-k6-1  | 
load-k6-1  | 
load-k6-1  | running (0m13.0s), 22/50 VUs, 34 complete and 0 interrupted iterations
load-k6-1  | fspiopQuotes   [   4% ] 22/50 VUs  0m13.0s/5m30.0s
load-k6-1  | 
load-k6-1  | 
load-k6-1  | running (0m14.0s), 23/50 VUs, 40 complete and 0 interrupted iterations
load-k6-1  | fspiopQuotes   [   4% ] 23/50 VUs  0m14.0s/5m30.0s
load-k6-1  | 
load-k6-1  | 
load-k6-1  | running (0m15.0s), 25/50 VUs, 50 complete and 0 interrupted iterations
load-k6-1  | fspiopQuotes   [   5% ] 25/50 VUs  0m15.0s/5m30.0s
load-k6-1  | 
load-k6-1  | 
load-k6-1  | running (0m16.0s), 27/50 VUs, 59 complete and 0 interrupted iterations
load-k6-1  | fspiopQuotes   [   5% ] 27/50 VUs  0m16.0s/5m30.0s
load-k6-1  | 
load-k6-1  | 
load-k6-1  | running (0m17.0s), 28/50 VUs, 74 complete and 0 interrupted iterations
load-k6-1  | fspiopQuotes   [   5% ] 28/50 VUs  0m17.0s/5m30.0s
load-k6-1  | 
load-k6-1  | 
load-k6-1  | running (0m18.0s), 30/50 VUs, 82 complete and 0 interrupted iterations
load-k6-1  | fspiopQuotes   [   5% ] 30/50 VUs  0m18.0s/5m30.0s
load-k6-1  | 
load-k6-1  | 
load-k6-1  | running (0m19.0s), 32/50 VUs, 96 complete and 0 interrupted iterations
load-k6-1  | fspiopQuotes   [   6% ] 32/50 VUs  0m19.0s/5m30.0s
load-k6-1  | 
load-k6-1  | 
load-k6-1  | running (0m20.0s), 33/50 VUs, 118 complete and 0 interrupted iterations
load-k6-1  | fspiopQuotes   [   6% ] 33/50 VUs  0m20.0s/5m30.0s
load-k6-1  | 
load-k6-1  | 
load-k6-1  | running (0m21.0s), 35/50 VUs, 140 complete and 0 interrupted iterations
load-k6-1  | fspiopQuotes   [   6% ] 35/50 VUs  0m21.0s/5m30.0s
load-k6-1  | 
load-k6-1  | 
load-k6-1  | running (0m22.0s), 36/50 VUs, 155 complete and 0 interrupted iterations
load-k6-1  | fspiopQuotes   [   7% ] 36/50 VUs  0m22.0s/5m30.0s
load-k6-1  | 
load-k6-1  | 
load-k6-1  | running (0m23.0s), 38/50 VUs, 187 complete and 0 interrupted iterations
load-k6-1  | fspiopQuotes   [   7% ] 38/50 VUs  0m23.0s/5m30.0s
load-k6-1  | 
load-k6-1  | 
load-k6-1  | running (0m24.0s), 40/50 VUs, 223 complete and 0 interrupted iterations
load-k6-1  | fspiopQuotes   [   7% ] 40/50 VUs  0m24.0s/5m30.0s
load-k6-1  | 
load-k6-1  | 
load-k6-1  | running (0m25.0s), 41/50 VUs, 251 complete and 0 interrupted iterations
load-k6-1  | fspiopQuotes   [   8% ] 41/50 VUs  0m25.0s/5m30.0s
load-k6-1  | 
load-k6-1  | 
load-k6-1  | running (0m26.0s), 43/50 VUs, 293 complete and 0 interrupted iterations
load-k6-1  | fspiopQuotes   [   8% ] 43/50 VUs  0m26.0s/5m30.0s
load-k6-1  | 
load-k6-1  | 
load-k6-1  | running (0m27.0s), 45/50 VUs, 336 complete and 0 interrupted iterations
load-k6-1  | fspiopQuotes   [   8% ] 45/50 VUs  0m27.0s/5m30.0s
load-k6-1  | 
load-k6-1  | 
load-k6-1  | running (0m28.0s), 46/50 VUs, 362 complete and 0 interrupted iterations
load-k6-1  | fspiopQuotes   [   8% ] 46/50 VUs  0m28.0s/5m30.0s
load-k6-1  | 
load-k6-1  | 
load-k6-1  | running (0m29.0s), 48/50 VUs, 402 complete and 0 interrupted iterations
load-k6-1  | fspiopQuotes   [   9% ] 48/50 VUs  0m29.0s/5m30.0s
load-k6-1  | 
load-k6-1  | 
load-k6-1  | running (0m30.0s), 49/50 VUs, 463 complete and 0 interrupted iterations
load-k6-1  | fspiopQuotes   [   9% ] 49/50 VUs  0m30.0s/5m30.0s
load-k6-1  | 
load-k6-1  | 
load-k6-1  | running (0m31.0s), 50/50 VUs, 523 complete and 0 interrupted iterations
load-k6-1  | fspiopQuotes   [   9% ] 50/50 VUs  0m31.0s/5m30.0s
load-k6-1  | 
load-k6-1  | 
load-k6-1  | running (0m32.0s), 50/50 VUs, 789 complete and 0 interrupted iterations
load-k6-1  | fspiopQuotes   [  10% ] 50/50 VUs  0m32.0s/5m30.0s
load-k6-1  | 
load-k6-1  | 
load-k6-1  | running (0m33.0s), 50/50 VUs, 1158 complete and 0 interrupted iterations
load-k6-1  | fspiopQuotes   [  10% ] 50/50 VUs  0m33.0s/5m30.0s
load-k6-1  | 
load-k6-1  | 
load-k6-1  | running (0m34.0s), 50/50 VUs, 1575 complete and 0 interrupted iterations
load-k6-1  | fspiopQuotes   [  10% ] 50/50 VUs  0m34.0s/5m30.0s
load-k6-1  | 
load-k6-1  | 
load-k6-1  | running (0m35.0s), 50/50 VUs, 2024 complete and 0 interrupted iterations
load-k6-1  | fspiopQuotes   [  11% ] 50/50 VUs  0m35.0s/5m30.0s
load-k6-1  | 
load-k6-1  | 
load-k6-1  | running (0m36.0s), 50/50 VUs, 2434 complete and 0 interrupted iterations
load-k6-1  | fspiopQuotes   [  11% ] 50/50 VUs  0m36.0s/5m30.0s
load-k6-1  | 
load-k6-1  | 
load-k6-1  | running (0m37.0s), 50/50 VUs, 2876 complete and 0 interrupted iterations
load-k6-1  | fspiopQuotes   [  11% ] 50/50 VUs  0m37.0s/5m30.0s
load-k6-1  | 
load-k6-1  | 
load-k6-1  | running (0m38.0s), 50/50 VUs, 3342 complete and 0 interrupted iterations
load-k6-1  | fspiopQuotes   [  12% ] 50/50 VUs  0m38.0s/5m30.0s
load-k6-1  | 
load-k6-1  | 
load-k6-1  | running (0m39.0s), 50/50 VUs, 3814 complete and 0 interrupted iterations
load-k6-1  | fspiopQuotes   [  12% ] 50/50 VUs  0m39.0s/5m30.0s
load-k6-1  | 
load-k6-1  | 
load-k6-1  | running (0m40.0s), 50/50 VUs, 4291 complete and 0 interrupted iterations
load-k6-1  | fspiopQuotes   [  12% ] 50/50 VUs  0m40.0s/5m30.0s
load-k6-1  | 
load-k6-1  | 
load-k6-1  | running (0m41.0s), 50/50 VUs, 4739 complete and 0 interrupted iterations
load-k6-1  | fspiopQuotes   [  12% ] 50/50 VUs  0m41.0s/5m30.0s
load-k6-1  | 
load-k6-1  | 
load-k6-1  | running (0m42.0s), 50/50 VUs, 5243 complete and 0 interrupted iterations
load-k6-1  | fspiopQuotes   [  13% ] 50/50 VUs  0m42.0s/5m30.0s
load-k6-1  | 
load-k6-1  | 
load-k6-1  | running (0m43.0s), 50/50 VUs, 5733 complete and 0 interrupted iterations
load-k6-1  | fspiopQuotes   [  13% ] 50/50 VUs  0m43.0s/5m30.0s
load-k6-1  | 
load-k6-1  | 
load-k6-1  | running (0m44.0s), 50/50 VUs, 6228 complete and 0 interrupted iterations
load-k6-1  | fspiopQuotes   [  13% ] 50/50 VUs  0m44.0s/5m30.0s
load-k6-1  | 
load-k6-1  | 
load-k6-1  | running (0m45.0s), 50/50 VUs, 6730 complete and 0 interrupted iterations
load-k6-1  | fspiopQuotes   [  14% ] 50/50 VUs  0m45.0s/5m30.0s
load-k6-1  | 
load-k6-1  | 
load-k6-1  | running (0m46.0s), 50/50 VUs, 7256 complete and 0 interrupted iterations
load-k6-1  | fspiopQuotes   [  14% ] 50/50 VUs  0m46.0s/5m30.0s
load-k6-1  | 
load-k6-1  | 
load-k6-1  | running (0m47.0s), 50/50 VUs, 7809 complete and 0 interrupted iterations
load-k6-1  | fspiopQuotes   [  14% ] 50/50 VUs  0m47.0s/5m30.0s
load-k6-1  | 
load-k6-1  | 
load-k6-1  | running (0m48.0s), 50/50 VUs, 8322 complete and 0 interrupted iterations
load-k6-1  | fspiopQuotes   [  15% ] 50/50 VUs  0m48.0s/5m30.0s
load-k6-1  | 
load-k6-1  | 
load-k6-1  | running (0m49.0s), 50/50 VUs, 8810 complete and 0 interrupted iterations
load-k6-1  | fspiopQuotes   [  15% ] 50/50 VUs  0m49.0s/5m30.0s
load-k6-1  | 
load-k6-1  | 
load-k6-1  | running (0m50.0s), 50/50 VUs, 9340 complete and 0 interrupted iterations
load-k6-1  | fspiopQuotes   [  15% ] 50/50 VUs  0m50.0s/5m30.0s
load-k6-1  | 
load-k6-1  | 
load-k6-1  | running (0m51.0s), 50/50 VUs, 9873 complete and 0 interrupted iterations
load-k6-1  | fspiopQuotes   [  15% ] 50/50 VUs  0m51.0s/5m30.0s
load-k6-1  | 
load-k6-1  | 
load-k6-1  | running (0m52.0s), 50/50 VUs, 10395 complete and 0 interrupted iterations
load-k6-1  | fspiopQuotes   [  16% ] 50/50 VUs  0m52.0s/5m30.0s
load-k6-1  | 
load-k6-1  | 
load-k6-1  | running (0m53.0s), 50/50 VUs, 10953 complete and 0 interrupted iterations
load-k6-1  | fspiopQuotes   [  16% ] 50/50 VUs  0m53.0s/5m30.0s
load-k6-1  | 
load-k6-1  | 
load-k6-1  | running (0m54.0s), 50/50 VUs, 11453 complete and 0 interrupted iterations
load-k6-1  | fspiopQuotes   [  16% ] 50/50 VUs  0m54.0s/5m30.0s
load-k6-1  | 
load-k6-1  | 
load-k6-1  | running (0m55.0s), 50/50 VUs, 11936 complete and 0 interrupted iterations
load-k6-1  | fspiopQuotes   [  17% ] 50/50 VUs  0m55.0s/5m30.0s
load-k6-1  | 
load-k6-1  | 
load-k6-1  | running (0m56.0s), 50/50 VUs, 12475 complete and 0 interrupted iterations
load-k6-1  | fspiopQuotes   [  17% ] 50/50 VUs  0m56.0s/5m30.0s
load-k6-1  | 
load-k6-1  | 
load-k6-1  | running (0m57.0s), 50/50 VUs, 13026 complete and 0 interrupted iterations
load-k6-1  | fspiopQuotes   [  17% ] 50/50 VUs  0m57.0s/5m30.0s
load-k6-1  | 
load-k6-1  | 
load-k6-1  | running (0m58.0s), 50/50 VUs, 13568 complete and 0 interrupted iterations
load-k6-1  | fspiopQuotes   [  18% ] 50/50 VUs  0m58.0s/5m30.0s
load-k6-1  | 
load-k6-1  | 
load-k6-1  | running (0m59.0s), 50/50 VUs, 14073 complete and 0 interrupted iterations
load-k6-1  | fspiopQuotes   [  18% ] 50/50 VUs  0m59.0s/5m30.0s
load-k6-1  | 
load-k6-1  | 
load-k6-1  | running (1m00.0s), 50/50 VUs, 14635 complete and 0 interrupted iterations
load-k6-1  | fspiopQuotes   [  18% ] 50/50 VUs  1m00.0s/5m30.0s
load-k6-1  | 
load-k6-1  | 
load-k6-1  | running (1m01.0s), 50/50 VUs, 15199 complete and 0 interrupted iterations
load-k6-1  | fspiopQuotes   [  18% ] 50/50 VUs  1m01.0s/5m30.0s
load-k6-1  | 
load-k6-1  | 
load-k6-1  | running (1m02.0s), 50/50 VUs, 15743 complete and 0 interrupted iterations
load-k6-1  | fspiopQuotes   [  19% ] 50/50 VUs  1m02.0s/5m30.0s
load-k6-1  | 
load-k6-1  | 
load-k6-1  | running (1m03.0s), 50/50 VUs, 16291 complete and 0 interrupted iterations
load-k6-1  | fspiopQuotes   [  19% ] 50/50 VUs  1m03.0s/5m30.0s
load-k6-1  | 
load-k6-1  | 
load-k6-1  | running (1m04.0s), 50/50 VUs, 16851 complete and 0 interrupted iterations
load-k6-1  | fspiopQuotes   [  19% ] 50/50 VUs  1m04.0s/5m30.0s
load-k6-1  | 
load-k6-1  | 
load-k6-1  | running (1m05.0s), 50/50 VUs, 17443 complete and 0 interrupted iterations
load-k6-1  | fspiopQuotes   [  20% ] 50/50 VUs  1m05.0s/5m30.0s
load-k6-1  | 
load-k6-1  | 
load-k6-1  | running (1m06.0s), 50/50 VUs, 17992 complete and 0 interrupted iterations
load-k6-1  | fspiopQuotes   [  20% ] 50/50 VUs  1m06.0s/5m30.0s
load-k6-1  | 
load-k6-1  | 
load-k6-1  | running (1m07.0s), 50/50 VUs, 18570 complete and 0 interrupted iterations
load-k6-1  | fspiopQuotes   [  20% ] 50/50 VUs  1m07.0s/5m30.0s
load-k6-1  | 
load-k6-1  | 
load-k6-1  | running (1m08.0s), 50/50 VUs, 19197 complete and 0 interrupted iterations
load-k6-1  | fspiopQuotes   [  21% ] 50/50 VUs  1m08.0s/5m30.0s
load-k6-1  | 
load-k6-1  | 
load-k6-1  | running (1m09.0s), 50/50 VUs, 19792 complete and 0 interrupted iterations
load-k6-1  | fspiopQuotes   [  21% ] 50/50 VUs  1m09.0s/5m30.0s
load-k6-1  | 
load-k6-1  | 
load-k6-1  | running (1m10.0s), 50/50 VUs, 20408 complete and 0 interrupted iterations
load-k6-1  | fspiopQuotes   [  21% ] 50/50 VUs  1m10.0s/5m30.0s
load-k6-1  | 
load-k6-1  | 
load-k6-1  | running (1m11.0s), 50/50 VUs, 21027 complete and 0 interrupted iterations
load-k6-1  | fspiopQuotes   [  22% ] 50/50 VUs  1m11.0s/5m30.0s
load-k6-1  | 
load-k6-1  | 
load-k6-1  | running (1m12.0s), 50/50 VUs, 21648 complete and 0 interrupted iterations
load-k6-1  | fspiopQuotes   [  22% ] 50/50 VUs  1m12.0s/5m30.0s
load-k6-1  | 
load-k6-1  | 
load-k6-1  | running (1m13.0s), 50/50 VUs, 22269 complete and 0 interrupted iterations
load-k6-1  | fspiopQuotes   [  22% ] 50/50 VUs  1m13.0s/5m30.0s
load-k6-1  | 
load-k6-1  | 
load-k6-1  | running (1m14.0s), 50/50 VUs, 22860 complete and 0 interrupted iterations
load-k6-1  | fspiopQuotes   [  22% ] 50/50 VUs  1m14.0s/5m30.0s
load-k6-1  | 
load-k6-1  | 
load-k6-1  | running (1m15.0s), 50/50 VUs, 23479 complete and 0 interrupted iterations
load-k6-1  | fspiopQuotes   [  23% ] 50/50 VUs  1m15.0s/5m30.0s
load-k6-1  | 
load-k6-1  | 
load-k6-1  | running (1m16.0s), 50/50 VUs, 24094 complete and 0 interrupted iterations
load-k6-1  | fspiopQuotes   [  23% ] 50/50 VUs  1m16.0s/5m30.0s
load-k6-1  | 
load-k6-1  | 
load-k6-1  | running (1m17.0s), 50/50 VUs, 24778 complete and 0 interrupted iterations
load-k6-1  | fspiopQuotes   [  23% ] 50/50 VUs  1m17.0s/5m30.0s
load-k6-1  | 
load-k6-1  | 
load-k6-1  | running (1m18.0s), 50/50 VUs, 25415 complete and 0 interrupted iterations
load-k6-1  | fspiopQuotes   [  24% ] 50/50 VUs  1m18.0s/5m30.0s
load-k6-1  | 
load-k6-1  | 
load-k6-1  | running (1m19.0s), 50/50 VUs, 26040 complete and 0 interrupted iterations
load-k6-1  | fspiopQuotes   [  24% ] 50/50 VUs  1m19.0s/5m30.0s
load-k6-1  | 
load-k6-1  | 
load-k6-1  | running (1m20.0s), 50/50 VUs, 26684 complete and 0 interrupted iterations
load-k6-1  | fspiopQuotes   [  24% ] 50/50 VUs  1m20.0s/5m30.0s
load-k6-1  | 
load-k6-1  | 
load-k6-1  | running (1m21.0s), 50/50 VUs, 27281 complete and 0 interrupted iterations
load-k6-1  | fspiopQuotes   [  25% ] 50/50 VUs  1m21.0s/5m30.0s
load-k6-1  | 
load-k6-1  | 
load-k6-1  | running (1m22.0s), 50/50 VUs, 27941 complete and 0 interrupted iterations
load-k6-1  | fspiopQuotes   [  25% ] 50/50 VUs  1m22.0s/5m30.0s
load-k6-1  | 
load-k6-1  | 
load-k6-1  | running (1m23.0s), 50/50 VUs, 28574 complete and 0 interrupted iterations
load-k6-1  | fspiopQuotes   [  25% ] 50/50 VUs  1m23.0s/5m30.0s
load-k6-1  | 
load-k6-1  | 
load-k6-1  | running (1m24.0s), 50/50 VUs, 29223 complete and 0 interrupted iterations
load-k6-1  | fspiopQuotes   [  25% ] 50/50 VUs  1m24.0s/5m30.0s
load-k6-1  | 
load-k6-1  | 
load-k6-1  | running (1m25.0s), 50/50 VUs, 29900 complete and 0 interrupted iterations
load-k6-1  | fspiopQuotes   [  26% ] 50/50 VUs  1m25.0s/5m30.0s
load-k6-1  | 
load-k6-1  | 
load-k6-1  | running (1m26.0s), 50/50 VUs, 30529 complete and 0 interrupted iterations
load-k6-1  | fspiopQuotes   [  26% ] 50/50 VUs  1m26.0s/5m30.0s
load-k6-1  | 
load-k6-1  | 
load-k6-1  | running (1m27.0s), 50/50 VUs, 31231 complete and 0 interrupted iterations
load-k6-1  | fspiopQuotes   [  26% ] 50/50 VUs  1m27.0s/5m30.0s
load-k6-1  | 
load-k6-1  | 
load-k6-1  | running (1m28.0s), 50/50 VUs, 31902 complete and 0 interrupted iterations
load-k6-1  | fspiopQuotes   [  27% ] 50/50 VUs  1m28.0s/5m30.0s
load-k6-1  | 
load-k6-1  | 
load-k6-1  | running (1m29.0s), 50/50 VUs, 32537 complete and 0 interrupted iterations
load-k6-1  | fspiopQuotes   [  27% ] 50/50 VUs  1m29.0s/5m30.0s
load-k6-1  | 
load-k6-1  | 
load-k6-1  | running (1m30.0s), 50/50 VUs, 33217 complete and 0 interrupted iterations
load-k6-1  | fspiopQuotes   [  27% ] 50/50 VUs  1m30.0s/5m30.0s
load-k6-1  | 
load-k6-1  | 
load-k6-1  | running (1m31.0s), 50/50 VUs, 33805 complete and 0 interrupted iterations
load-k6-1  | fspiopQuotes   [  28% ] 50/50 VUs  1m31.0s/5m30.0s
load-k6-1  | 
load-k6-1  | 
load-k6-1  | running (1m32.0s), 50/50 VUs, 34444 complete and 0 interrupted iterations
load-k6-1  | fspiopQuotes   [  28% ] 50/50 VUs  1m32.0s/5m30.0s
load-k6-1  | 
load-k6-1  | 
load-k6-1  | running (1m33.0s), 50/50 VUs, 35113 complete and 0 interrupted iterations
load-k6-1  | fspiopQuotes   [  28% ] 50/50 VUs  1m33.0s/5m30.0s
load-k6-1  | 
load-k6-1  | 
load-k6-1  | running (1m34.0s), 50/50 VUs, 35735 complete and 0 interrupted iterations
load-k6-1  | fspiopQuotes   [  28% ] 50/50 VUs  1m34.0s/5m30.0s
load-k6-1  | 
load-k6-1  | 
load-k6-1  | running (1m35.0s), 50/50 VUs, 36405 complete and 0 interrupted iterations
load-k6-1  | fspiopQuotes   [  29% ] 50/50 VUs  1m35.0s/5m30.0s
load-k6-1  | 
load-k6-1  | 
load-k6-1  | running (1m36.0s), 50/50 VUs, 36952 complete and 0 interrupted iterations
load-k6-1  | fspiopQuotes   [  29% ] 50/50 VUs  1m36.0s/5m30.0s
load-k6-1  | 
load-k6-1  | 
load-k6-1  | running (1m37.0s), 50/50 VUs, 37584 complete and 0 interrupted iterations
load-k6-1  | fspiopQuotes   [  29% ] 50/50 VUs  1m37.0s/5m30.0s
load-k6-1  | 
load-k6-1  | 
load-k6-1  | running (1m38.0s), 50/50 VUs, 38251 complete and 0 interrupted iterations
load-k6-1  | fspiopQuotes   [  30% ] 50/50 VUs  1m38.0s/5m30.0s
load-k6-1  | 
load-k6-1  | 
load-k6-1  | running (1m39.0s), 50/50 VUs, 38909 complete and 0 interrupted iterations
load-k6-1  | fspiopQuotes   [  30% ] 50/50 VUs  1m39.0s/5m30.0s
load-k6-1  | 
load-k6-1  | 
load-k6-1  | running (1m40.0s), 50/50 VUs, 39529 complete and 0 interrupted iterations
load-k6-1  | fspiopQuotes   [  30% ] 50/50 VUs  1m40.0s/5m30.0s
load-k6-1  | 
load-k6-1  | 
load-k6-1  | running (1m41.0s), 50/50 VUs, 40178 complete and 0 interrupted iterations
load-k6-1  | fspiopQuotes   [  31% ] 50/50 VUs  1m41.0s/5m30.0s
load-k6-1  | 
load-k6-1  | 
load-k6-1  | running (1m42.0s), 50/50 VUs, 40838 complete and 0 interrupted iterations
load-k6-1  | fspiopQuotes   [  31% ] 50/50 VUs  1m42.0s/5m30.0s
load-k6-1  | 
load-k6-1  | 
load-k6-1  | running (1m43.0s), 50/50 VUs, 41462 complete and 0 interrupted iterations
load-k6-1  | fspiopQuotes   [  31% ] 50/50 VUs  1m43.0s/5m30.0s
load-k6-1  | 
load-k6-1  | 
load-k6-1  | running (1m44.0s), 50/50 VUs, 42135 complete and 0 interrupted iterations
load-k6-1  | fspiopQuotes   [  32% ] 50/50 VUs  1m44.0s/5m30.0s
load-k6-1  | 
load-k6-1  | 
load-k6-1  | running (1m45.0s), 50/50 VUs, 42833 complete and 0 interrupted iterations
load-k6-1  | fspiopQuotes   [  32% ] 50/50 VUs  1m45.0s/5m30.0s
load-k6-1  | 
load-k6-1  | 
load-k6-1  | running (1m46.0s), 50/50 VUs, 43461 complete and 0 interrupted iterations
load-k6-1  | fspiopQuotes   [  32% ] 50/50 VUs  1m46.0s/5m30.0s
load-k6-1  | 
load-k6-1  | 
load-k6-1  | running (1m47.0s), 50/50 VUs, 44134 complete and 0 interrupted iterations
load-k6-1  | fspiopQuotes   [  32% ] 50/50 VUs  1m47.0s/5m30.0s
load-k6-1  | 
load-k6-1  | 
load-k6-1  | running (1m48.0s), 50/50 VUs, 44787 complete and 0 interrupted iterations
load-k6-1  | fspiopQuotes   [  33% ] 50/50 VUs  1m48.0s/5m30.0s
load-k6-1  | 
load-k6-1  | 
load-k6-1  | running (1m49.0s), 50/50 VUs, 45431 complete and 0 interrupted iterations
load-k6-1  | fspiopQuotes   [  33% ] 50/50 VUs  1m49.0s/5m30.0s
load-k6-1  | 
load-k6-1  | 
load-k6-1  | running (1m50.0s), 50/50 VUs, 46047 complete and 0 interrupted iterations
load-k6-1  | fspiopQuotes   [  33% ] 50/50 VUs  1m50.0s/5m30.0s
load-k6-1  | 
load-k6-1  | 
load-k6-1  | running (1m51.0s), 50/50 VUs, 46702 complete and 0 interrupted iterations
load-k6-1  | fspiopQuotes   [  34% ] 50/50 VUs  1m51.0s/5m30.0s
load-k6-1  | 
load-k6-1  | 
load-k6-1  | running (1m52.0s), 50/50 VUs, 47377 complete and 0 interrupted iterations
load-k6-1  | fspiopQuotes   [  34% ] 50/50 VUs  1m52.0s/5m30.0s
load-k6-1  | 
load-k6-1  | 
load-k6-1  | running (1m53.0s), 50/50 VUs, 48046 complete and 0 interrupted iterations
load-k6-1  | fspiopQuotes   [  34% ] 50/50 VUs  1m53.0s/5m30.0s
load-k6-1  | 
load-k6-1  | 
load-k6-1  | running (1m54.0s), 50/50 VUs, 48688 complete and 0 interrupted iterations
load-k6-1  | fspiopQuotes   [  35% ] 50/50 VUs  1m54.0s/5m30.0s
load-k6-1  | 
load-k6-1  | 
load-k6-1  | running (1m55.0s), 50/50 VUs, 49385 complete and 0 interrupted iterations
load-k6-1  | fspiopQuotes   [  35% ] 50/50 VUs  1m55.0s/5m30.0s
load-k6-1  | 
load-k6-1  | 
load-k6-1  | running (1m56.0s), 50/50 VUs, 50042 complete and 0 interrupted iterations
load-k6-1  | fspiopQuotes   [  35% ] 50/50 VUs  1m56.0s/5m30.0s
load-k6-1  | 
load-k6-1  | 
load-k6-1  | running (1m57.0s), 50/50 VUs, 50679 complete and 0 interrupted iterations
load-k6-1  | fspiopQuotes   [  35% ] 50/50 VUs  1m57.0s/5m30.0s
load-k6-1  | 
load-k6-1  | 
load-k6-1  | running (1m58.0s), 50/50 VUs, 51341 complete and 0 interrupted iterations
load-k6-1  | fspiopQuotes   [  36% ] 50/50 VUs  1m58.0s/5m30.0s
load-k6-1  | 
load-k6-1  | 
load-k6-1  | running (1m59.0s), 50/50 VUs, 52001 complete and 0 interrupted iterations
load-k6-1  | fspiopQuotes   [  36% ] 50/50 VUs  1m59.0s/5m30.0s
load-k6-1  | 
load-k6-1  | 
load-k6-1  | running (2m00.0s), 50/50 VUs, 52682 complete and 0 interrupted iterations
load-k6-1  | fspiopQuotes   [  36% ] 50/50 VUs  2m00.0s/5m30.0s
load-k6-1  | 
load-k6-1  | 
load-k6-1  | running (2m01.0s), 50/50 VUs, 53283 complete and 0 interrupted iterations
load-k6-1  | fspiopQuotes   [  37% ] 50/50 VUs  2m01.0s/5m30.0s
load-k6-1  | 
load-k6-1  | 
load-k6-1  | running (2m02.0s), 50/50 VUs, 53959 complete and 0 interrupted iterations
load-k6-1  | fspiopQuotes   [  37% ] 50/50 VUs  2m02.0s/5m30.0s
load-k6-1  | 
load-k6-1  | 
load-k6-1  | running (2m03.0s), 50/50 VUs, 54579 complete and 0 interrupted iterations
load-k6-1  | fspiopQuotes   [  37% ] 50/50 VUs  2m03.0s/5m30.0s
load-k6-1  | 
load-k6-1  | 
load-k6-1  | running (2m04.0s), 50/50 VUs, 55194 complete and 0 interrupted iterations
load-k6-1  | fspiopQuotes   [  38% ] 50/50 VUs  2m04.0s/5m30.0s
load-k6-1  | 
load-k6-1  | 
load-k6-1  | running (2m05.0s), 50/50 VUs, 55813 complete and 0 interrupted iterations
load-k6-1  | fspiopQuotes   [  38% ] 50/50 VUs  2m05.0s/5m30.0s
load-k6-1  | 
load-k6-1  | 
load-k6-1  | running (2m06.0s), 50/50 VUs, 56436 complete and 0 interrupted iterations
load-k6-1  | fspiopQuotes   [  38% ] 50/50 VUs  2m06.0s/5m30.0s
load-k6-1  | 
load-k6-1  | 
load-k6-1  | running (2m07.0s), 50/50 VUs, 57073 complete and 0 interrupted iterations
load-k6-1  | fspiopQuotes   [  38% ] 50/50 VUs  2m07.0s/5m30.0s
load-k6-1  | 
load-k6-1  | 
load-k6-1  | running (2m08.0s), 50/50 VUs, 57729 complete and 0 interrupted iterations
load-k6-1  | fspiopQuotes   [  39% ] 50/50 VUs  2m08.0s/5m30.0s
load-k6-1  | 
load-k6-1  | 
load-k6-1  | running (2m09.0s), 50/50 VUs, 58348 complete and 0 interrupted iterations
load-k6-1  | fspiopQuotes   [  39% ] 50/50 VUs  2m09.0s/5m30.0s
load-k6-1  | 
load-k6-1  | 
load-k6-1  | running (2m10.0s), 50/50 VUs, 58950 complete and 0 interrupted iterations
load-k6-1  | fspiopQuotes   [  39% ] 50/50 VUs  2m10.0s/5m30.0s
load-k6-1  | 
load-k6-1  | 
load-k6-1  | running (2m11.0s), 50/50 VUs, 59625 complete and 0 interrupted iterations
load-k6-1  | fspiopQuotes   [  40% ] 50/50 VUs  2m11.0s/5m30.0s
load-k6-1  | 
load-k6-1  | 
load-k6-1  | running (2m12.0s), 50/50 VUs, 60319 complete and 0 interrupted iterations
load-k6-1  | fspiopQuotes   [  40% ] 50/50 VUs  2m12.0s/5m30.0s
load-k6-1  | 
load-k6-1  | 
load-k6-1  | running (2m13.0s), 50/50 VUs, 60898 complete and 0 interrupted iterations
load-k6-1  | fspiopQuotes   [  40% ] 50/50 VUs  2m13.0s/5m30.0s
load-k6-1  | 
load-k6-1  | 
load-k6-1  | running (2m14.0s), 50/50 VUs, 61536 complete and 0 interrupted iterations
load-k6-1  | fspiopQuotes   [  41% ] 50/50 VUs  2m14.0s/5m30.0s
load-k6-1  | 
load-k6-1  | 
load-k6-1  | running (2m15.0s), 50/50 VUs, 62197 complete and 0 interrupted iterations
load-k6-1  | fspiopQuotes   [  41% ] 50/50 VUs  2m15.0s/5m30.0s
load-k6-1  | 
load-k6-1  | 
load-k6-1  | running (2m16.0s), 50/50 VUs, 62841 complete and 0 interrupted iterations
load-k6-1  | fspiopQuotes   [  41% ] 50/50 VUs  2m16.0s/5m30.0s
load-k6-1  | 
load-k6-1  | 
load-k6-1  | running (2m17.0s), 50/50 VUs, 63499 complete and 0 interrupted iterations
load-k6-1  | fspiopQuotes   [  42% ] 50/50 VUs  2m17.0s/5m30.0s
load-k6-1  | 
load-k6-1  | 
load-k6-1  | running (2m18.0s), 50/50 VUs, 64143 complete and 0 interrupted iterations
load-k6-1  | fspiopQuotes   [  42% ] 50/50 VUs  2m18.0s/5m30.0s
load-k6-1  | 
load-k6-1  | 
load-k6-1  | running (2m19.0s), 50/50 VUs, 64736 complete and 0 interrupted iterations
load-k6-1  | fspiopQuotes   [  42% ] 50/50 VUs  2m19.0s/5m30.0s
load-k6-1  | 
load-k6-1  | 
load-k6-1  | running (2m20.0s), 50/50 VUs, 65398 complete and 0 interrupted iterations
load-k6-1  | fspiopQuotes   [  42% ] 50/50 VUs  2m20.0s/5m30.0s
load-k6-1  | 
load-k6-1  | 
load-k6-1  | running (2m21.0s), 50/50 VUs, 66051 complete and 0 interrupted iterations
load-k6-1  | fspiopQuotes   [  43% ] 50/50 VUs  2m21.0s/5m30.0s
load-k6-1  | 
load-k6-1  | 
load-k6-1  | running (2m22.0s), 50/50 VUs, 66709 complete and 0 interrupted iterations
load-k6-1  | fspiopQuotes   [  43% ] 50/50 VUs  2m22.0s/5m30.0s
load-k6-1  | 
load-k6-1  | 
load-k6-1  | running (2m23.0s), 50/50 VUs, 67360 complete and 0 interrupted iterations
load-k6-1  | fspiopQuotes   [  43% ] 50/50 VUs  2m23.0s/5m30.0s
load-k6-1  | 
load-k6-1  | 
load-k6-1  | running (2m24.0s), 50/50 VUs, 67943 complete and 0 interrupted iterations
load-k6-1  | fspiopQuotes   [  44% ] 50/50 VUs  2m24.0s/5m30.0s
load-k6-1  | 
load-k6-1  | 
load-k6-1  | running (2m25.0s), 50/50 VUs, 68592 complete and 0 interrupted iterations
load-k6-1  | fspiopQuotes   [  44% ] 50/50 VUs  2m25.0s/5m30.0s
load-k6-1  | 
load-k6-1  | 
load-k6-1  | running (2m26.0s), 50/50 VUs, 69224 complete and 0 interrupted iterations
load-k6-1  | fspiopQuotes   [  44% ] 50/50 VUs  2m26.0s/5m30.0s
load-k6-1  | 
load-k6-1  | 
load-k6-1  | running (2m27.0s), 50/50 VUs, 69884 complete and 0 interrupted iterations
load-k6-1  | fspiopQuotes   [  45% ] 50/50 VUs  2m27.0s/5m30.0s
load-k6-1  | 
load-k6-1  | 
load-k6-1  | running (2m28.0s), 50/50 VUs, 70558 complete and 0 interrupted iterations
load-k6-1  | fspiopQuotes   [  45% ] 50/50 VUs  2m28.0s/5m30.0s
load-k6-1  | 
load-k6-1  | 
load-k6-1  | running (2m29.0s), 50/50 VUs, 71044 complete and 0 interrupted iterations
load-k6-1  | fspiopQuotes   [  45% ] 50/50 VUs  2m29.0s/5m30.0s
load-k6-1  | 
load-k6-1  | 
load-k6-1  | running (2m30.0s), 50/50 VUs, 71628 complete and 0 interrupted iterations
load-k6-1  | fspiopQuotes   [  45% ] 50/50 VUs  2m30.0s/5m30.0s
load-k6-1  | 
load-k6-1  | 
load-k6-1  | running (2m31.0s), 50/50 VUs, 72244 complete and 0 interrupted iterations
load-k6-1  | fspiopQuotes   [  46% ] 50/50 VUs  2m31.0s/5m30.0s
load-k6-1  | 
load-k6-1  | 
load-k6-1  | running (2m32.0s), 50/50 VUs, 72833 complete and 0 interrupted iterations
load-k6-1  | fspiopQuotes   [  46% ] 50/50 VUs  2m32.0s/5m30.0s
load-k6-1  | 
load-k6-1  | 
load-k6-1  | running (2m33.0s), 50/50 VUs, 73453 complete and 0 interrupted iterations
load-k6-1  | fspiopQuotes   [  46% ] 50/50 VUs  2m33.0s/5m30.0s
load-k6-1  | 
load-k6-1  | 
load-k6-1  | running (2m34.0s), 50/50 VUs, 74011 complete and 0 interrupted iterations
load-k6-1  | fspiopQuotes   [  47% ] 50/50 VUs  2m34.0s/5m30.0s
load-k6-1  | 
load-k6-1  | 
load-k6-1  | running (2m35.0s), 50/50 VUs, 74512 complete and 0 interrupted iterations
load-k6-1  | fspiopQuotes   [  47% ] 50/50 VUs  2m35.0s/5m30.0s
load-k6-1  | 
load-k6-1  | 
load-k6-1  | running (2m36.0s), 50/50 VUs, 75040 complete and 0 interrupted iterations
load-k6-1  | fspiopQuotes   [  47% ] 50/50 VUs  2m36.0s/5m30.0s
load-k6-1  | 
load-k6-1  | 
load-k6-1  | running (2m37.0s), 50/50 VUs, 75621 complete and 0 interrupted iterations
load-k6-1  | fspiopQuotes   [  48% ] 50/50 VUs  2m37.0s/5m30.0s
load-k6-1  | 
load-k6-1  | 
load-k6-1  | running (2m38.0s), 50/50 VUs, 76207 complete and 0 interrupted iterations
load-k6-1  | fspiopQuotes   [  48% ] 50/50 VUs  2m38.0s/5m30.0s
load-k6-1  | 
load-k6-1  | 
load-k6-1  | running (2m39.0s), 50/50 VUs, 76814 complete and 0 interrupted iterations
load-k6-1  | fspiopQuotes   [  48% ] 50/50 VUs  2m39.0s/5m30.0s
load-k6-1  | 
load-k6-1  | 
load-k6-1  | running (2m40.0s), 50/50 VUs, 77384 complete and 0 interrupted iterations
load-k6-1  | fspiopQuotes   [  48% ] 50/50 VUs  2m40.0s/5m30.0s
load-k6-1  | 
load-k6-1  | 
load-k6-1  | running (2m41.0s), 50/50 VUs, 77813 complete and 0 interrupted iterations
load-k6-1  | fspiopQuotes   [  49% ] 50/50 VUs  2m41.0s/5m30.0s
load-k6-1  | 
load-k6-1  | 
load-k6-1  | running (2m42.0s), 50/50 VUs, 78321 complete and 0 interrupted iterations
load-k6-1  | fspiopQuotes   [  49% ] 50/50 VUs  2m42.0s/5m30.0s
load-k6-1  | 
load-k6-1  | 
load-k6-1  | running (2m43.0s), 50/50 VUs, 78919 complete and 0 interrupted iterations
load-k6-1  | fspiopQuotes   [  49% ] 50/50 VUs  2m43.0s/5m30.0s
load-k6-1  | 
load-k6-1  | 
load-k6-1  | running (2m44.0s), 50/50 VUs, 79516 complete and 0 interrupted iterations
load-k6-1  | fspiopQuotes   [  50% ] 50/50 VUs  2m44.0s/5m30.0s
load-k6-1  | 
load-k6-1  | 
load-k6-1  | running (2m45.0s), 50/50 VUs, 80151 complete and 0 interrupted iterations
load-k6-1  | fspiopQuotes   [  50% ] 50/50 VUs  2m45.0s/5m30.0s
load-k6-1  | 
load-k6-1  | 
load-k6-1  | running (2m46.0s), 50/50 VUs, 80778 complete and 0 interrupted iterations
load-k6-1  | fspiopQuotes   [  50% ] 50/50 VUs  2m46.0s/5m30.0s
load-k6-1  | 
load-k6-1  | 
load-k6-1  | running (2m47.0s), 50/50 VUs, 81455 complete and 0 interrupted iterations
load-k6-1  | fspiopQuotes   [  51% ] 50/50 VUs  2m47.0s/5m30.0s
load-k6-1  | 
load-k6-1  | 
load-k6-1  | running (2m48.0s), 50/50 VUs, 82033 complete and 0 interrupted iterations
load-k6-1  | fspiopQuotes   [  51% ] 50/50 VUs  2m48.0s/5m30.0s
load-k6-1  | 
load-k6-1  | 
load-k6-1  | running (2m49.0s), 50/50 VUs, 82681 complete and 0 interrupted iterations
load-k6-1  | fspiopQuotes   [  51% ] 50/50 VUs  2m49.0s/5m30.0s
load-k6-1  | 
load-k6-1  | 
load-k6-1  | running (2m50.0s), 50/50 VUs, 83345 complete and 0 interrupted iterations
load-k6-1  | fspiopQuotes   [  52% ] 50/50 VUs  2m50.0s/5m30.0s
load-k6-1  | 
load-k6-1  | 
load-k6-1  | running (2m51.0s), 50/50 VUs, 83952 complete and 0 interrupted iterations
load-k6-1  | fspiopQuotes   [  52% ] 50/50 VUs  2m51.0s/5m30.0s
load-k6-1  | 
load-k6-1  | 
load-k6-1  | running (2m52.0s), 50/50 VUs, 84574 complete and 0 interrupted iterations
load-k6-1  | fspiopQuotes   [  52% ] 50/50 VUs  2m52.0s/5m30.0s
load-k6-1  | 
load-k6-1  | 
load-k6-1  | running (2m53.0s), 50/50 VUs, 85164 complete and 0 interrupted iterations
load-k6-1  | fspiopQuotes   [  52% ] 50/50 VUs  2m53.0s/5m30.0s
load-k6-1  | 
load-k6-1  | 
load-k6-1  | running (2m54.0s), 50/50 VUs, 85751 complete and 0 interrupted iterations
load-k6-1  | fspiopQuotes   [  53% ] 50/50 VUs  2m54.0s/5m30.0s
load-k6-1  | 
load-k6-1  | 
load-k6-1  | running (2m55.0s), 50/50 VUs, 86427 complete and 0 interrupted iterations
load-k6-1  | fspiopQuotes   [  53% ] 50/50 VUs  2m55.0s/5m30.0s
load-k6-1  | 
load-k6-1  | 
load-k6-1  | running (2m56.0s), 50/50 VUs, 87065 complete and 0 interrupted iterations
load-k6-1  | fspiopQuotes   [  53% ] 50/50 VUs  2m56.0s/5m30.0s
load-k6-1  | 
load-k6-1  | 
load-k6-1  | running (2m57.0s), 50/50 VUs, 87707 complete and 0 interrupted iterations
load-k6-1  | fspiopQuotes   [  54% ] 50/50 VUs  2m57.0s/5m30.0s
load-k6-1  | 
load-k6-1  | 
load-k6-1  | running (2m58.0s), 50/50 VUs, 88392 complete and 0 interrupted iterations
load-k6-1  | fspiopQuotes   [  54% ] 50/50 VUs  2m58.0s/5m30.0s
load-k6-1  | 
load-k6-1  | 
load-k6-1  | running (2m59.0s), 50/50 VUs, 89050 complete and 0 interrupted iterations
load-k6-1  | fspiopQuotes   [  54% ] 50/50 VUs  2m59.0s/5m30.0s
load-k6-1  | 
load-k6-1  | 
load-k6-1  | running (3m00.0s), 50/50 VUs, 89602 complete and 0 interrupted iterations
load-k6-1  | fspiopQuotes   [  55% ] 50/50 VUs  3m00.0s/5m30.0s
load-k6-1  | 
load-k6-1  | 
load-k6-1  | running (3m01.0s), 50/50 VUs, 90228 complete and 0 interrupted iterations
load-k6-1  | fspiopQuotes   [  55% ] 50/50 VUs  3m01.0s/5m30.0s
load-k6-1  | 
load-k6-1  | 
load-k6-1  | running (3m02.0s), 50/50 VUs, 90850 complete and 0 interrupted iterations
load-k6-1  | fspiopQuotes   [  55% ] 50/50 VUs  3m02.0s/5m30.0s
load-k6-1  | 
load-k6-1  | 
load-k6-1  | running (3m03.0s), 50/50 VUs, 91489 complete and 0 interrupted iterations
load-k6-1  | fspiopQuotes   [  55% ] 50/50 VUs  3m03.0s/5m30.0s
load-k6-1  | 
load-k6-1  | 
load-k6-1  | running (3m04.0s), 50/50 VUs, 92144 complete and 0 interrupted iterations
load-k6-1  | fspiopQuotes   [  56% ] 50/50 VUs  3m04.0s/5m30.0s
load-k6-1  | 
load-k6-1  | 
load-k6-1  | running (3m05.0s), 50/50 VUs, 92831 complete and 0 interrupted iterations
load-k6-1  | fspiopQuotes   [  56% ] 50/50 VUs  3m05.0s/5m30.0s
load-k6-1  | 
load-k6-1  | 
load-k6-1  | running (3m06.0s), 50/50 VUs, 93467 complete and 0 interrupted iterations
load-k6-1  | fspiopQuotes   [  56% ] 50/50 VUs  3m06.0s/5m30.0s
load-k6-1  | 
load-k6-1  | 
load-k6-1  | running (3m07.0s), 50/50 VUs, 94005 complete and 0 interrupted iterations
load-k6-1  | fspiopQuotes   [  57% ] 50/50 VUs  3m07.0s/5m30.0s
load-k6-1  | 
load-k6-1  | 
load-k6-1  | running (3m08.0s), 50/50 VUs, 94592 complete and 0 interrupted iterations
load-k6-1  | fspiopQuotes   [  57% ] 50/50 VUs  3m08.0s/5m30.0s
load-k6-1  | 
load-k6-1  | 
load-k6-1  | running (3m09.0s), 50/50 VUs, 95156 complete and 0 interrupted iterations
load-k6-1  | fspiopQuotes   [  57% ] 50/50 VUs  3m09.0s/5m30.0s
load-k6-1  | 
load-k6-1  | 
load-k6-1  | running (3m10.0s), 50/50 VUs, 95768 complete and 0 interrupted iterations
load-k6-1  | fspiopQuotes   [  58% ] 50/50 VUs  3m10.0s/5m30.0s
load-k6-1  | 
load-k6-1  | 
load-k6-1  | running (3m11.0s), 50/50 VUs, 96424 complete and 0 interrupted iterations
load-k6-1  | fspiopQuotes   [  58% ] 50/50 VUs  3m11.0s/5m30.0s
load-k6-1  | 
load-k6-1  | 
load-k6-1  | running (3m12.0s), 50/50 VUs, 97079 complete and 0 interrupted iterations
load-k6-1  | fspiopQuotes   [  58% ] 50/50 VUs  3m12.0s/5m30.0s
load-k6-1  | 
load-k6-1  | 
load-k6-1  | running (3m13.0s), 50/50 VUs, 97752 complete and 0 interrupted iterations
load-k6-1  | fspiopQuotes   [  58% ] 50/50 VUs  3m13.0s/5m30.0s
load-k6-1  | 
load-k6-1  | 
load-k6-1  | running (3m14.0s), 50/50 VUs, 98382 complete and 0 interrupted iterations
load-k6-1  | fspiopQuotes   [  59% ] 50/50 VUs  3m14.0s/5m30.0s
load-k6-1  | 
load-k6-1  | 
load-k6-1  | running (3m15.0s), 50/50 VUs, 98942 complete and 0 interrupted iterations
load-k6-1  | fspiopQuotes   [  59% ] 50/50 VUs  3m15.0s/5m30.0s
load-k6-1  | 
load-k6-1  | 
load-k6-1  | running (3m16.0s), 50/50 VUs, 99563 complete and 0 interrupted iterations
load-k6-1  | fspiopQuotes   [  59% ] 50/50 VUs  3m16.0s/5m30.0s
load-k6-1  | 
load-k6-1  | 
load-k6-1  | running (3m17.0s), 50/50 VUs, 100174 complete and 0 interrupted iterations
load-k6-1  | fspiopQuotes   [  60% ] 50/50 VUs  3m17.0s/5m30.0s
load-k6-1  | 
load-k6-1  | 
load-k6-1  | running (3m18.0s), 50/50 VUs, 100840 complete and 0 interrupted iterations
load-k6-1  | fspiopQuotes   [  60% ] 50/50 VUs  3m18.0s/5m30.0s
load-k6-1  | 
load-k6-1  | 
load-k6-1  | running (3m19.0s), 50/50 VUs, 101451 complete and 0 interrupted iterations
load-k6-1  | fspiopQuotes   [  60% ] 50/50 VUs  3m19.0s/5m30.0s
load-k6-1  | 
load-k6-1  | 
load-k6-1  | running (3m20.0s), 50/50 VUs, 102096 complete and 0 interrupted iterations
load-k6-1  | fspiopQuotes   [  61% ] 50/50 VUs  3m20.0s/5m30.0s
load-k6-1  | 
load-k6-1  | 
load-k6-1  | running (3m21.0s), 50/50 VUs, 102716 complete and 0 interrupted iterations
load-k6-1  | fspiopQuotes   [  61% ] 50/50 VUs  3m21.0s/5m30.0s
load-k6-1  | 
load-k6-1  | 
load-k6-1  | running (3m22.0s), 50/50 VUs, 103280 complete and 0 interrupted iterations
load-k6-1  | fspiopQuotes   [  61% ] 50/50 VUs  3m22.0s/5m30.0s
load-k6-1  | 
load-k6-1  | 
load-k6-1  | running (3m23.0s), 50/50 VUs, 103944 complete and 0 interrupted iterations
load-k6-1  | fspiopQuotes   [  62% ] 50/50 VUs  3m23.0s/5m30.0s
load-k6-1  | 
load-k6-1  | 
load-k6-1  | running (3m24.0s), 50/50 VUs, 104604 complete and 0 interrupted iterations
load-k6-1  | fspiopQuotes   [  62% ] 50/50 VUs  3m24.0s/5m30.0s
load-k6-1  | 
load-k6-1  | 
load-k6-1  | running (3m25.0s), 50/50 VUs, 105256 complete and 0 interrupted iterations
load-k6-1  | fspiopQuotes   [  62% ] 50/50 VUs  3m25.0s/5m30.0s
load-k6-1  | 
load-k6-1  | 
load-k6-1  | running (3m26.0s), 50/50 VUs, 105905 complete and 0 interrupted iterations
load-k6-1  | fspiopQuotes   [  62% ] 50/50 VUs  3m26.0s/5m30.0s
load-k6-1  | 
load-k6-1  | 
load-k6-1  | running (3m27.0s), 50/50 VUs, 106560 complete and 0 interrupted iterations
load-k6-1  | fspiopQuotes   [  63% ] 50/50 VUs  3m27.0s/5m30.0s
load-k6-1  | 
load-k6-1  | 
load-k6-1  | running (3m28.0s), 50/50 VUs, 107213 complete and 0 interrupted iterations
load-k6-1  | fspiopQuotes   [  63% ] 50/50 VUs  3m28.0s/5m30.0s
load-k6-1  | 
load-k6-1  | 
load-k6-1  | running (3m29.0s), 50/50 VUs, 107738 complete and 0 interrupted iterations
load-k6-1  | fspiopQuotes   [  63% ] 50/50 VUs  3m29.0s/5m30.0s
load-k6-1  | 
load-k6-1  | 
load-k6-1  | running (3m30.0s), 50/50 VUs, 108413 complete and 0 interrupted iterations
load-k6-1  | fspiopQuotes   [  64% ] 50/50 VUs  3m30.0s/5m30.0s
load-k6-1  | 
load-k6-1  | 
load-k6-1  | running (3m31.0s), 50/50 VUs, 109066 complete and 0 interrupted iterations
load-k6-1  | fspiopQuotes   [  64% ] 50/50 VUs  3m31.0s/5m30.0s
load-k6-1  | 
load-k6-1  | 
load-k6-1  | running (3m32.0s), 50/50 VUs, 109715 complete and 0 interrupted iterations
load-k6-1  | fspiopQuotes   [  64% ] 50/50 VUs  3m32.0s/5m30.0s
load-k6-1  | 
load-k6-1  | 
load-k6-1  | running (3m33.0s), 50/50 VUs, 110379 complete and 0 interrupted iterations
load-k6-1  | fspiopQuotes   [  65% ] 50/50 VUs  3m33.0s/5m30.0s
load-k6-1  | 
load-k6-1  | 
load-k6-1  | running (3m34.0s), 50/50 VUs, 111038 complete and 0 interrupted iterations
load-k6-1  | fspiopQuotes   [  65% ] 50/50 VUs  3m34.0s/5m30.0s
load-k6-1  | 
load-k6-1  | 
load-k6-1  | running (3m35.0s), 50/50 VUs, 111697 complete and 0 interrupted iterations
load-k6-1  | fspiopQuotes   [  65% ] 50/50 VUs  3m35.0s/5m30.0s
load-k6-1  | 
load-k6-1  | 
load-k6-1  | running (3m36.0s), 50/50 VUs, 112345 complete and 0 interrupted iterations
load-k6-1  | fspiopQuotes   [  65% ] 50/50 VUs  3m36.0s/5m30.0s
load-k6-1  | 
load-k6-1  | 
load-k6-1  | running (3m37.0s), 50/50 VUs, 112875 complete and 0 interrupted iterations
load-k6-1  | fspiopQuotes   [  66% ] 50/50 VUs  3m37.0s/5m30.0s
load-k6-1  | 
load-k6-1  | 
load-k6-1  | running (3m38.0s), 50/50 VUs, 113540 complete and 0 interrupted iterations
load-k6-1  | fspiopQuotes   [  66% ] 50/50 VUs  3m38.0s/5m30.0s
load-k6-1  | 
load-k6-1  | 
load-k6-1  | running (3m39.0s), 50/50 VUs, 114163 complete and 0 interrupted iterations
load-k6-1  | fspiopQuotes   [  66% ] 50/50 VUs  3m39.0s/5m30.0s
load-k6-1  | 
load-k6-1  | 
load-k6-1  | running (3m40.0s), 50/50 VUs, 114796 complete and 0 interrupted iterations
load-k6-1  | fspiopQuotes   [  67% ] 50/50 VUs  3m40.0s/5m30.0s
load-k6-1  | 
load-k6-1  | 
load-k6-1  | running (3m41.0s), 50/50 VUs, 115391 complete and 0 interrupted iterations
load-k6-1  | fspiopQuotes   [  67% ] 50/50 VUs  3m41.0s/5m30.0s
load-k6-1  | 
load-k6-1  | 
load-k6-1  | running (3m42.0s), 50/50 VUs, 116048 complete and 0 interrupted iterations
load-k6-1  | fspiopQuotes   [  67% ] 50/50 VUs  3m42.0s/5m30.0s
load-k6-1  | 
load-k6-1  | 
load-k6-1  | running (3m43.0s), 50/50 VUs, 116700 complete and 0 interrupted iterations
load-k6-1  | fspiopQuotes   [  68% ] 50/50 VUs  3m43.0s/5m30.0s
load-k6-1  | 
load-k6-1  | 
load-k6-1  | running (3m44.0s), 50/50 VUs, 117372 complete and 0 interrupted iterations
load-k6-1  | fspiopQuotes   [  68% ] 50/50 VUs  3m44.0s/5m30.0s
load-k6-1  | 
load-k6-1  | 
load-k6-1  | running (3m45.0s), 50/50 VUs, 118061 complete and 0 interrupted iterations
load-k6-1  | fspiopQuotes   [  68% ] 50/50 VUs  3m45.0s/5m30.0s
load-k6-1  | 
load-k6-1  | 
load-k6-1  | running (3m46.0s), 50/50 VUs, 118583 complete and 0 interrupted iterations
load-k6-1  | fspiopQuotes   [  68% ] 50/50 VUs  3m46.0s/5m30.0s
load-k6-1  | 
load-k6-1  | 
load-k6-1  | running (3m47.0s), 50/50 VUs, 119268 complete and 0 interrupted iterations
load-k6-1  | fspiopQuotes   [  69% ] 50/50 VUs  3m47.0s/5m30.0s
load-k6-1  | 
load-k6-1  | 
load-k6-1  | running (3m48.0s), 50/50 VUs, 119960 complete and 0 interrupted iterations
load-k6-1  | fspiopQuotes   [  69% ] 50/50 VUs  3m48.0s/5m30.0s
load-k6-1  | 
load-k6-1  | 
load-k6-1  | running (3m49.0s), 50/50 VUs, 120619 complete and 0 interrupted iterations
load-k6-1  | fspiopQuotes   [  69% ] 50/50 VUs  3m49.0s/5m30.0s
load-k6-1  | 
load-k6-1  | 
load-k6-1  | running (3m50.0s), 50/50 VUs, 121294 complete and 0 interrupted iterations
load-k6-1  | fspiopQuotes   [  70% ] 50/50 VUs  3m50.0s/5m30.0s
load-k6-1  | 
load-k6-1  | 
load-k6-1  | running (3m51.0s), 50/50 VUs, 121964 complete and 0 interrupted iterations
load-k6-1  | fspiopQuotes   [  70% ] 50/50 VUs  3m51.0s/5m30.0s
load-k6-1  | 
load-k6-1  | 
load-k6-1  | running (3m52.0s), 50/50 VUs, 122654 complete and 0 interrupted iterations
load-k6-1  | fspiopQuotes   [  70% ] 50/50 VUs  3m52.0s/5m30.0s
load-k6-1  | 
load-k6-1  | 
load-k6-1  | running (3m53.0s), 50/50 VUs, 123328 complete and 0 interrupted iterations
load-k6-1  | fspiopQuotes   [  71% ] 50/50 VUs  3m53.0s/5m30.0s
load-k6-1  | 
load-k6-1  | 
load-k6-1  | running (3m54.0s), 50/50 VUs, 124000 complete and 0 interrupted iterations
load-k6-1  | fspiopQuotes   [  71% ] 50/50 VUs  3m54.0s/5m30.0s
load-k6-1  | 
load-k6-1  | 
load-k6-1  | running (3m55.0s), 50/50 VUs, 124580 complete and 0 interrupted iterations
load-k6-1  | fspiopQuotes   [  71% ] 50/50 VUs  3m55.0s/5m30.0s
load-k6-1  | 
load-k6-1  | 
load-k6-1  | running (3m56.0s), 50/50 VUs, 125224 complete and 0 interrupted iterations
load-k6-1  | fspiopQuotes   [  72% ] 50/50 VUs  3m56.0s/5m30.0s
load-k6-1  | 
load-k6-1  | 
load-k6-1  | running (3m57.0s), 50/50 VUs, 125900 complete and 0 interrupted iterations
load-k6-1  | fspiopQuotes   [  72% ] 50/50 VUs  3m57.0s/5m30.0s
load-k6-1  | 
load-k6-1  | 
load-k6-1  | running (3m58.0s), 50/50 VUs, 126582 complete and 0 interrupted iterations
load-k6-1  | fspiopQuotes   [  72% ] 50/50 VUs  3m58.0s/5m30.0s
load-k6-1  | 
load-k6-1  | 
load-k6-1  | running (3m59.0s), 50/50 VUs, 127172 complete and 0 interrupted iterations
load-k6-1  | fspiopQuotes   [  72% ] 50/50 VUs  3m59.0s/5m30.0s
load-k6-1  | 
load-k6-1  | 
load-k6-1  | running (4m00.0s), 50/50 VUs, 127699 complete and 0 interrupted iterations
load-k6-1  | fspiopQuotes   [  73% ] 50/50 VUs  4m00.0s/5m30.0s
load-k6-1  | 
load-k6-1  | 
load-k6-1  | running (4m01.0s), 50/50 VUs, 128348 complete and 0 interrupted iterations
load-k6-1  | fspiopQuotes   [  73% ] 50/50 VUs  4m01.0s/5m30.0s
load-k6-1  | 
load-k6-1  | 
load-k6-1  | running (4m02.0s), 50/50 VUs, 129038 complete and 0 interrupted iterations
load-k6-1  | fspiopQuotes   [  73% ] 50/50 VUs  4m02.0s/5m30.0s
load-k6-1  | 
load-k6-1  | 
load-k6-1  | running (4m03.0s), 50/50 VUs, 129556 complete and 0 interrupted iterations
load-k6-1  | fspiopQuotes   [  74% ] 50/50 VUs  4m03.0s/5m30.0s
load-k6-1  | 
load-k6-1  | 
load-k6-1  | running (4m04.0s), 50/50 VUs, 130223 complete and 0 interrupted iterations
load-k6-1  | fspiopQuotes   [  74% ] 50/50 VUs  4m04.0s/5m30.0s
load-k6-1  | 
load-k6-1  | 
load-k6-1  | running (4m05.0s), 50/50 VUs, 130889 complete and 0 interrupted iterations
load-k6-1  | fspiopQuotes   [  74% ] 50/50 VUs  4m05.0s/5m30.0s
load-k6-1  | 
load-k6-1  | 
load-k6-1  | running (4m06.0s), 50/50 VUs, 131548 complete and 0 interrupted iterations
load-k6-1  | fspiopQuotes   [  75% ] 50/50 VUs  4m06.0s/5m30.0s
load-k6-1  | 
load-k6-1  | 
load-k6-1  | running (4m07.0s), 50/50 VUs, 132201 complete and 0 interrupted iterations
load-k6-1  | fspiopQuotes   [  75% ] 50/50 VUs  4m07.0s/5m30.0s
load-k6-1  | 
load-k6-1  | 
load-k6-1  | running (4m08.0s), 50/50 VUs, 132836 complete and 0 interrupted iterations
load-k6-1  | fspiopQuotes   [  75% ] 50/50 VUs  4m08.0s/5m30.0s
load-k6-1  | 
load-k6-1  | 
load-k6-1  | running (4m09.0s), 50/50 VUs, 133491 complete and 0 interrupted iterations
load-k6-1  | fspiopQuotes   [  75% ] 50/50 VUs  4m09.0s/5m30.0s
load-k6-1  | 
load-k6-1  | 
load-k6-1  | running (4m10.0s), 50/50 VUs, 134150 complete and 0 interrupted iterations
load-k6-1  | fspiopQuotes   [  76% ] 50/50 VUs  4m10.0s/5m30.0s
load-k6-1  | 
load-k6-1  | 
load-k6-1  | running (4m11.0s), 50/50 VUs, 134805 complete and 0 interrupted iterations
load-k6-1  | fspiopQuotes   [  76% ] 50/50 VUs  4m11.0s/5m30.0s
load-k6-1  | 
load-k6-1  | 
load-k6-1  | running (4m12.0s), 50/50 VUs, 135358 complete and 0 interrupted iterations
load-k6-1  | fspiopQuotes   [  76% ] 50/50 VUs  4m12.0s/5m30.0s
load-k6-1  | 
load-k6-1  | 
load-k6-1  | running (4m13.0s), 50/50 VUs, 135942 complete and 0 interrupted iterations
load-k6-1  | fspiopQuotes   [  77% ] 50/50 VUs  4m13.0s/5m30.0s
load-k6-1  | 
load-k6-1  | 
load-k6-1  | running (4m14.0s), 50/50 VUs, 136562 complete and 0 interrupted iterations
load-k6-1  | fspiopQuotes   [  77% ] 50/50 VUs  4m14.0s/5m30.0s
load-k6-1  | 
load-k6-1  | 
load-k6-1  | running (4m15.0s), 50/50 VUs, 137224 complete and 0 interrupted iterations
load-k6-1  | fspiopQuotes   [  77% ] 50/50 VUs  4m15.0s/5m30.0s
load-k6-1  | 
load-k6-1  | 
load-k6-1  | running (4m16.0s), 50/50 VUs, 137879 complete and 0 interrupted iterations
load-k6-1  | fspiopQuotes   [  78% ] 50/50 VUs  4m16.0s/5m30.0s
load-k6-1  | 
load-k6-1  | 
load-k6-1  | running (4m17.0s), 50/50 VUs, 138561 complete and 0 interrupted iterations
load-k6-1  | fspiopQuotes   [  78% ] 50/50 VUs  4m17.0s/5m30.0s
load-k6-1  | 
load-k6-1  | 
load-k6-1  | running (4m18.0s), 50/50 VUs, 139204 complete and 0 interrupted iterations
load-k6-1  | fspiopQuotes   [  78% ] 50/50 VUs  4m18.0s/5m30.0s
load-k6-1  | 
load-k6-1  | 
load-k6-1  | running (4m19.0s), 50/50 VUs, 139837 complete and 0 interrupted iterations
load-k6-1  | fspiopQuotes   [  78% ] 50/50 VUs  4m19.0s/5m30.0s
load-k6-1  | 
load-k6-1  | 
load-k6-1  | running (4m20.0s), 50/50 VUs, 140488 complete and 0 interrupted iterations
load-k6-1  | fspiopQuotes   [  79% ] 50/50 VUs  4m20.0s/5m30.0s
load-k6-1  | 
load-k6-1  | 
load-k6-1  | running (4m21.0s), 50/50 VUs, 141119 complete and 0 interrupted iterations
load-k6-1  | fspiopQuotes   [  79% ] 50/50 VUs  4m21.0s/5m30.0s
load-k6-1  | 
load-k6-1  | 
load-k6-1  | running (4m22.0s), 50/50 VUs, 141616 complete and 0 interrupted iterations
load-k6-1  | fspiopQuotes   [  79% ] 50/50 VUs  4m22.0s/5m30.0s
load-k6-1  | 
load-k6-1  | 
load-k6-1  | running (4m23.0s), 50/50 VUs, 142254 complete and 0 interrupted iterations
load-k6-1  | fspiopQuotes   [  80% ] 50/50 VUs  4m23.0s/5m30.0s
load-k6-1  | 
load-k6-1  | 
load-k6-1  | running (4m24.0s), 50/50 VUs, 142899 complete and 0 interrupted iterations
load-k6-1  | fspiopQuotes   [  80% ] 50/50 VUs  4m24.0s/5m30.0s
load-k6-1  | 
load-k6-1  | 
load-k6-1  | running (4m25.0s), 50/50 VUs, 143546 complete and 0 interrupted iterations
load-k6-1  | fspiopQuotes   [  80% ] 50/50 VUs  4m25.0s/5m30.0s
load-k6-1  | 
load-k6-1  | 
load-k6-1  | running (4m26.0s), 50/50 VUs, 144160 complete and 0 interrupted iterations
load-k6-1  | fspiopQuotes   [  81% ] 50/50 VUs  4m26.0s/5m30.0s
load-k6-1  | 
load-k6-1  | 
load-k6-1  | running (4m27.0s), 50/50 VUs, 144789 complete and 0 interrupted iterations
load-k6-1  | fspiopQuotes   [  81% ] 50/50 VUs  4m27.0s/5m30.0s
load-k6-1  | 
load-k6-1  | 
load-k6-1  | running (4m28.0s), 50/50 VUs, 145469 complete and 0 interrupted iterations
load-k6-1  | fspiopQuotes   [  81% ] 50/50 VUs  4m28.0s/5m30.0s
load-k6-1  | 
load-k6-1  | 
load-k6-1  | running (4m29.0s), 50/50 VUs, 146115 complete and 0 interrupted iterations
load-k6-1  | fspiopQuotes   [  82% ] 50/50 VUs  4m29.0s/5m30.0s
load-k6-1  | 
load-k6-1  | 
load-k6-1  | running (4m30.0s), 50/50 VUs, 146763 complete and 0 interrupted iterations
load-k6-1  | fspiopQuotes   [  82% ] 50/50 VUs  4m30.0s/5m30.0s
load-k6-1  | 
load-k6-1  | 
load-k6-1  | running (4m31.0s), 50/50 VUs, 147409 complete and 0 interrupted iterations
load-k6-1  | fspiopQuotes   [  82% ] 50/50 VUs  4m31.0s/5m30.0s
load-k6-1  | 
load-k6-1  | 
load-k6-1  | running (4m32.0s), 50/50 VUs, 147907 complete and 0 interrupted iterations
load-k6-1  | fspiopQuotes   [  82% ] 50/50 VUs  4m32.0s/5m30.0s
load-k6-1  | 
load-k6-1  | 
load-k6-1  | running (4m33.0s), 50/50 VUs, 148541 complete and 0 interrupted iterations
load-k6-1  | fspiopQuotes   [  83% ] 50/50 VUs  4m33.0s/5m30.0s
load-k6-1  | 
load-k6-1  | 
load-k6-1  | running (4m34.0s), 50/50 VUs, 149209 complete and 0 interrupted iterations
load-k6-1  | fspiopQuotes   [  83% ] 50/50 VUs  4m34.0s/5m30.0s
load-k6-1  | 
load-k6-1  | 
load-k6-1  | running (4m35.0s), 50/50 VUs, 149891 complete and 0 interrupted iterations
load-k6-1  | fspiopQuotes   [  83% ] 50/50 VUs  4m35.0s/5m30.0s
load-k6-1  | 
load-k6-1  | 
load-k6-1  | running (4m36.0s), 50/50 VUs, 150529 complete and 0 interrupted iterations
load-k6-1  | fspiopQuotes   [  84% ] 50/50 VUs  4m36.0s/5m30.0s
load-k6-1  | 
load-k6-1  | 
load-k6-1  | running (4m37.0s), 50/50 VUs, 151205 complete and 0 interrupted iterations
load-k6-1  | fspiopQuotes   [  84% ] 50/50 VUs  4m37.0s/5m30.0s
load-k6-1  | 
load-k6-1  | 
load-k6-1  | running (4m38.0s), 50/50 VUs, 151865 complete and 0 interrupted iterations
load-k6-1  | fspiopQuotes   [  84% ] 50/50 VUs  4m38.0s/5m30.0s
load-k6-1  | 
load-k6-1  | 
load-k6-1  | running (4m39.0s), 50/50 VUs, 152510 complete and 0 interrupted iterations
load-k6-1  | fspiopQuotes   [  85% ] 50/50 VUs  4m39.0s/5m30.0s
load-k6-1  | 
load-k6-1  | 
load-k6-1  | running (4m40.0s), 50/50 VUs, 153101 complete and 0 interrupted iterations
load-k6-1  | fspiopQuotes   [  85% ] 50/50 VUs  4m40.0s/5m30.0s
load-k6-1  | 
load-k6-1  | 
load-k6-1  | running (4m41.0s), 50/50 VUs, 153669 complete and 0 interrupted iterations
load-k6-1  | fspiopQuotes   [  85% ] 50/50 VUs  4m41.0s/5m30.0s
load-k6-1  | 
load-k6-1  | 
load-k6-1  | running (4m42.0s), 50/50 VUs, 154284 complete and 0 interrupted iterations
load-k6-1  | fspiopQuotes   [  85% ] 50/50 VUs  4m42.0s/5m30.0s
load-k6-1  | 
load-k6-1  | 
load-k6-1  | running (4m43.0s), 50/50 VUs, 154735 complete and 0 interrupted iterations
load-k6-1  | fspiopQuotes   [  86% ] 50/50 VUs  4m43.0s/5m30.0s
load-k6-1  | 
load-k6-1  | 
load-k6-1  | running (4m44.0s), 50/50 VUs, 155353 complete and 0 interrupted iterations
load-k6-1  | fspiopQuotes   [  86% ] 50/50 VUs  4m44.0s/5m30.0s
load-k6-1  | 
load-k6-1  | 
load-k6-1  | running (4m45.0s), 50/50 VUs, 155893 complete and 0 interrupted iterations
load-k6-1  | fspiopQuotes   [  86% ] 50/50 VUs  4m45.0s/5m30.0s
load-k6-1  | 
load-k6-1  | 
load-k6-1  | running (4m46.0s), 50/50 VUs, 156384 complete and 0 interrupted iterations
load-k6-1  | fspiopQuotes   [  87% ] 50/50 VUs  4m46.0s/5m30.0s
load-k6-1  | 
load-k6-1  | 
load-k6-1  | running (4m47.0s), 50/50 VUs, 157035 complete and 0 interrupted iterations
load-k6-1  | fspiopQuotes   [  87% ] 50/50 VUs  4m47.0s/5m30.0s
load-k6-1  | 
load-k6-1  | 
load-k6-1  | running (4m48.0s), 50/50 VUs, 157646 complete and 0 interrupted iterations
load-k6-1  | fspiopQuotes   [  87% ] 50/50 VUs  4m48.0s/5m30.0s
load-k6-1  | 
load-k6-1  | 
load-k6-1  | running (4m49.0s), 50/50 VUs, 158231 complete and 0 interrupted iterations
load-k6-1  | fspiopQuotes   [  88% ] 50/50 VUs  4m49.0s/5m30.0s
load-k6-1  | 
load-k6-1  | 
load-k6-1  | running (4m50.0s), 50/50 VUs, 158769 complete and 0 interrupted iterations
load-k6-1  | fspiopQuotes   [  88% ] 50/50 VUs  4m50.0s/5m30.0s
load-k6-1  | 
load-k6-1  | 
load-k6-1  | running (4m51.0s), 50/50 VUs, 159277 complete and 0 interrupted iterations
load-k6-1  | fspiopQuotes   [  88% ] 50/50 VUs  4m51.0s/5m30.0s
load-k6-1  | 
load-k6-1  | 
load-k6-1  | running (4m52.0s), 50/50 VUs, 159856 complete and 0 interrupted iterations
load-k6-1  | fspiopQuotes   [  88% ] 50/50 VUs  4m52.0s/5m30.0s
load-k6-1  | 
load-k6-1  | 
load-k6-1  | running (4m53.0s), 50/50 VUs, 160434 complete and 0 interrupted iterations
load-k6-1  | fspiopQuotes   [  89% ] 50/50 VUs  4m53.0s/5m30.0s
load-k6-1  | 
load-k6-1  | 
load-k6-1  | running (4m54.0s), 50/50 VUs, 161038 complete and 0 interrupted iterations
load-k6-1  | fspiopQuotes   [  89% ] 50/50 VUs  4m54.0s/5m30.0s
load-k6-1  | 
load-k6-1  | 
load-k6-1  | running (4m55.0s), 50/50 VUs, 161530 complete and 0 interrupted iterations
load-k6-1  | fspiopQuotes   [  89% ] 50/50 VUs  4m55.0s/5m30.0s
load-k6-1  | 
load-k6-1  | 
load-k6-1  | running (4m56.0s), 50/50 VUs, 162058 complete and 0 interrupted iterations
load-k6-1  | fspiopQuotes   [  90% ] 50/50 VUs  4m56.0s/5m30.0s
load-k6-1  | 
load-k6-1  | 
load-k6-1  | running (4m57.0s), 50/50 VUs, 162510 complete and 0 interrupted iterations
load-k6-1  | fspiopQuotes   [  90% ] 50/50 VUs  4m57.0s/5m30.0s
load-k6-1  | 
load-k6-1  | 
load-k6-1  | running (4m58.0s), 50/50 VUs, 163073 complete and 0 interrupted iterations
load-k6-1  | fspiopQuotes   [  90% ] 50/50 VUs  4m58.0s/5m30.0s
load-k6-1  | 
load-k6-1  | 
load-k6-1  | running (4m59.0s), 50/50 VUs, 163671 complete and 0 interrupted iterations
load-k6-1  | fspiopQuotes   [  91% ] 50/50 VUs  4m59.0s/5m30.0s
load-k6-1  | 
load-k6-1  | 
load-k6-1  | running (5m00.0s), 50/50 VUs, 164285 complete and 0 interrupted iterations
load-k6-1  | fspiopQuotes   [  91% ] 50/50 VUs  5m00.0s/5m30.0s
load-k6-1  | 
load-k6-1  | 
load-k6-1  | running (5m01.0s), 50/50 VUs, 164865 complete and 0 interrupted iterations
load-k6-1  | fspiopQuotes   [  91% ] 50/50 VUs  5m01.0s/5m30.0s
load-k6-1  | 
load-k6-1  | 
load-k6-1  | running (5m02.0s), 50/50 VUs, 165417 complete and 0 interrupted iterations
load-k6-1  | fspiopQuotes   [  92% ] 50/50 VUs  5m02.0s/5m30.0s
load-k6-1  | 
load-k6-1  | 
load-k6-1  | running (5m03.0s), 50/50 VUs, 165998 complete and 0 interrupted iterations
load-k6-1  | fspiopQuotes   [  92% ] 50/50 VUs  5m03.0s/5m30.0s
load-k6-1  | 
load-k6-1  | 
load-k6-1  | running (5m04.0s), 50/50 VUs, 166669 complete and 0 interrupted iterations
load-k6-1  | fspiopQuotes   [  92% ] 50/50 VUs  5m04.0s/5m30.0s
load-k6-1  | 
load-k6-1  | 
load-k6-1  | running (5m05.0s), 50/50 VUs, 167295 complete and 0 interrupted iterations
load-k6-1  | fspiopQuotes   [  92% ] 50/50 VUs  5m05.0s/5m30.0s
load-k6-1  | 
load-k6-1  | 
load-k6-1  | running (5m06.0s), 50/50 VUs, 167908 complete and 0 interrupted iterations
load-k6-1  | fspiopQuotes   [  93% ] 50/50 VUs  5m06.0s/5m30.0s
load-k6-1  | 
load-k6-1  | 
load-k6-1  | running (5m07.0s), 50/50 VUs, 168427 complete and 0 interrupted iterations
load-k6-1  | fspiopQuotes   [  93% ] 50/50 VUs  5m07.0s/5m30.0s
load-k6-1  | 
load-k6-1  | 
load-k6-1  | running (5m08.0s), 50/50 VUs, 168925 complete and 0 interrupted iterations
load-k6-1  | fspiopQuotes   [  93% ] 50/50 VUs  5m08.0s/5m30.0s
load-k6-1  | 
load-k6-1  | 
load-k6-1  | running (5m09.0s), 50/50 VUs, 169516 complete and 0 interrupted iterations
load-k6-1  | fspiopQuotes   [  94% ] 50/50 VUs  5m09.0s/5m30.0s
load-k6-1  | 
load-k6-1  | 
load-k6-1  | running (5m10.0s), 50/50 VUs, 170154 complete and 0 interrupted iterations
load-k6-1  | fspiopQuotes   [  94% ] 50/50 VUs  5m10.0s/5m30.0s
load-k6-1  | 
load-k6-1  | 
load-k6-1  | running (5m11.0s), 50/50 VUs, 170779 complete and 0 interrupted iterations
load-k6-1  | fspiopQuotes   [  94% ] 50/50 VUs  5m11.0s/5m30.0s
load-k6-1  | 
load-k6-1  | 
load-k6-1  | running (5m12.0s), 50/50 VUs, 171427 complete and 0 interrupted iterations
load-k6-1  | fspiopQuotes   [  95% ] 50/50 VUs  5m12.0s/5m30.0s
load-k6-1  | 
load-k6-1  | 
load-k6-1  | running (5m13.0s), 50/50 VUs, 172026 complete and 0 interrupted iterations
load-k6-1  | fspiopQuotes   [  95% ] 50/50 VUs  5m13.0s/5m30.0s
load-k6-1  | 
load-k6-1  | 
load-k6-1  | running (5m14.0s), 50/50 VUs, 172634 complete and 0 interrupted iterations
load-k6-1  | fspiopQuotes   [  95% ] 50/50 VUs  5m14.0s/5m30.0s
load-k6-1  | 
load-k6-1  | 
load-k6-1  | running (5m15.0s), 50/50 VUs, 173276 complete and 0 interrupted iterations
load-k6-1  | fspiopQuotes   [  95% ] 50/50 VUs  5m15.0s/5m30.0s
load-k6-1  | 
load-k6-1  | 
load-k6-1  | running (5m16.0s), 50/50 VUs, 173694 complete and 0 interrupted iterations
load-k6-1  | fspiopQuotes   [  96% ] 50/50 VUs  5m16.0s/5m30.0s
load-k6-1  | 
load-k6-1  | 
load-k6-1  | running (5m17.0s), 50/50 VUs, 174112 complete and 0 interrupted iterations
load-k6-1  | fspiopQuotes   [  96% ] 50/50 VUs  5m17.0s/5m30.0s
load-k6-1  | 
load-k6-1  | 
load-k6-1  | running (5m18.0s), 50/50 VUs, 174642 complete and 0 interrupted iterations
load-k6-1  | fspiopQuotes   [  96% ] 50/50 VUs  5m18.0s/5m30.0s
load-k6-1  | 
load-k6-1  | 
load-k6-1  | running (5m19.0s), 50/50 VUs, 175117 complete and 0 interrupted iterations
load-k6-1  | fspiopQuotes   [  97% ] 50/50 VUs  5m19.0s/5m30.0s
load-k6-1  | 
load-k6-1  | 
load-k6-1  | running (5m20.0s), 50/50 VUs, 175618 complete and 0 interrupted iterations
load-k6-1  | fspiopQuotes   [  97% ] 50/50 VUs  5m20.0s/5m30.0s
load-k6-1  | 
load-k6-1  | 
load-k6-1  | running (5m21.0s), 50/50 VUs, 176251 complete and 0 interrupted iterations
load-k6-1  | fspiopQuotes   [  97% ] 50/50 VUs  5m21.0s/5m30.0s
load-k6-1  | 
load-k6-1  | 
load-k6-1  | running (5m22.0s), 50/50 VUs, 176874 complete and 0 interrupted iterations
load-k6-1  | fspiopQuotes   [  98% ] 50/50 VUs  5m22.0s/5m30.0s
load-k6-1  | 
load-k6-1  | 
load-k6-1  | running (5m23.0s), 50/50 VUs, 177435 complete and 0 interrupted iterations
load-k6-1  | fspiopQuotes   [  98% ] 50/50 VUs  5m23.0s/5m30.0s
load-k6-1  | 
load-k6-1  | 
load-k6-1  | running (5m24.0s), 50/50 VUs, 178037 complete and 0 interrupted iterations
load-k6-1  | fspiopQuotes   [  98% ] 50/50 VUs  5m24.0s/5m30.0s
load-k6-1  | 
load-k6-1  | 
load-k6-1  | running (5m25.0s), 50/50 VUs, 178681 complete and 0 interrupted iterations
load-k6-1  | fspiopQuotes   [  98% ] 50/50 VUs  5m25.0s/5m30.0s
load-k6-1  | 
load-k6-1  | 
load-k6-1  | running (5m26.0s), 50/50 VUs, 179319 complete and 0 interrupted iterations
load-k6-1  | fspiopQuotes   [  99% ] 50/50 VUs  5m26.0s/5m30.0s
load-k6-1  | 
load-k6-1  | 
load-k6-1  | running (5m27.0s), 50/50 VUs, 179904 complete and 0 interrupted iterations
load-k6-1  | fspiopQuotes   [  99% ] 50/50 VUs  5m27.0s/5m30.0s
load-k6-1  | 
load-k6-1  | 
load-k6-1  | running (5m28.0s), 50/50 VUs, 180529 complete and 0 interrupted iterations
load-k6-1  | fspiopQuotes   [  99% ] 50/50 VUs  5m28.0s/5m30.0s
load-k6-1  | 
load-k6-1  | 
load-k6-1  | running (5m29.0s), 50/50 VUs, 181158 complete and 0 interrupted iterations
load-k6-1  | fspiopQuotes   [ 100% ] 50/50 VUs  5m29.0s/5m30.0s
load-k6-1  | 
load-k6-1  | 
load-k6-1  | running (5m30.0s), 50/50 VUs, 181743 complete and 0 interrupted iterations
load-k6-1  | fspiopQuotes   [ 100% ] 50/50 VUs  5m30.0s/5m30.0s
load-k6-1  | 
load-k6-1  | 
load-k6-1  |      ✗ QUOTES_FSPIOP_POST_QUOTES_RESPONSE_IS_202
load-k6-1  |       ↳  99% — ✓ 181794 / ✗ 8
load-k6-1  |      ✗ QUOTES_E2E_FSPIOP_POST_QUOTES_SUCCESS
load-k6-1  |       ↳  99% — ✓ 181614 / ✗ 188
load-k6-1  | 
load-k6-1  |      █ Post Quotes
load-k6-1  | 
load-k6-1  |      checks.........................: 99.94% ✓ 363408     ✗ 196   
load-k6-1  |      data_received..................: 57 MB  172 kB/s
load-k6-1  |      data_sent......................: 218 MB 661 kB/s
load-k6-1  |      group_duration.................: avg=315.97µs min=133.39µs med=245.53µs max=51.87ms p(90)=357.75µs p(95)=550.11µs
load-k6-1  |      http_req_blocked...............: avg=5.5µs    min=1.56µs   med=3.91µs   max=56.83ms p(90)=4.84µs   p(95)=5.39µs  
load-k6-1  |      http_req_connecting............: avg=465ns    min=0s       med=0s       max=56.77ms p(90)=0s       p(95)=0s      
load-k6-1  |    ✓ http_req_duration..............: avg=3.99ms   min=240.88µs med=2.9ms    max=79.47ms p(90)=7.88ms   p(95)=10.14ms 
load-k6-1  |        { expected_response:true }...: avg=3.99ms   min=1.04ms   med=2.9ms    max=79.47ms p(90)=7.88ms   p(95)=10.14ms 
load-k6-1  |    ✓ http_req_failed................: 0.00%  ✓ 8          ✗ 181794
load-k6-1  |      http_req_receiving.............: avg=43.63µs  min=0s       med=26.3µs   max=57.79ms p(90)=38.53µs  p(95)=44.77µs 
load-k6-1  |      http_req_sending...............: avg=25.3µs   min=8.5µs    med=18.52µs  max=29.07ms p(90)=27.17µs  p(95)=33.52µs 
load-k6-1  |      http_req_tls_handshaking.......: avg=0s       min=0s       med=0s       max=0s      p(90)=0s       p(95)=0s      
load-k6-1  |      http_req_waiting...............: avg=3.92ms   min=222.82µs med=2.84ms   max=79.38ms p(90)=7.79ms   p(95)=10.05ms 
load-k6-1  |      http_reqs......................: 181802 550.797566/s
load-k6-1  |    ✓ iteration_duration.............: avg=86.62ms  min=10.54ms  med=71.3ms   max=5.02s   p(90)=148.98ms p(95)=170.01ms
load-k6-1  |      iterations.....................: 181802 550.797566/s
load-k6-1  |      vus............................: 50     min=2        max=50  
load-k6-1  |      vus_max........................: 50     min=50       max=50  
load-k6-1  |      ws_connecting..................: avg=1.09ms   min=202.75µs med=742.37µs max=74.76ms p(90)=2ms      p(95)=2.75ms  
load-k6-1  |      ws_msgs_received...............: 181614 550.227991/s
load-k6-1  |      ws_msgs_sent...................: 181802 550.797566/s
load-k6-1  |      ws_session_duration............: avg=86.16ms  min=10.28ms  med=70.82ms  max=5.02s   p(90)=148.52ms p(95)=169.53ms
load-k6-1  |      ws_sessions....................: 181802 550.797566/s
load-k6-1  | 
load-k6-1  | 
load-k6-1  | running (5m30.1s), 00/50 VUs, 181802 complete and 0 interrupted iterations
load-k6-1  | fspiopQuotes ✓ [ 100% ] 00/50 VUs  5m30s
load-k6-1  | 
load-k6-1 exited with code 0
