Attaching to load-k6-1
load-k6-1  | 
load-k6-1  |           /\      |‾‾| /‾‾/   /‾‾/   
load-k6-1  |      /\  /  \     |  |/  /   /  /    
load-k6-1  |     /  \/    \    |     (   /   ‾‾\  
load-k6-1  |    /          \   |  |\  \ |  (‾)  | 
load-k6-1  |   / __________ \  |__| \__\ \_____/ .io
load-k6-1  | 
load-k6-1  | 
load-k6-1  |   execution: local
load-k6-1  |      script: /scripts/index.js
load-k6-1  |      output: Prometheus remote write (http://prometheus:9090/api/v1/write)
load-k6-1  | 
load-k6-1  |   scenarios: (100.00%) 1 scenario, 16 max VUs, 6m0s max duration (incl. graceful stop):
load-k6-1  |            * fspiopTransfers: Up to 16 looping VUs for 5m30s over 2 stages (gracefulRampDown: 30s, exec: fspiopTransfersScenarios, gracefulStop: 30s)
load-k6-1  | 
load-k6-1  | 
load-k6-1  | 
load-k6-1  | running (0m01.0s), 01/16 VUs, 5 complete and 0 interrupted iterations
load-k6-1  | fspiopTransfers   [   0% ] 01/16 VUs  0m01.0s/5m30.0s
load-k6-1  | 
load-k6-1  | 
load-k6-1  | running (0m02.0s), 01/16 VUs, 15 complete and 0 interrupted iterations
load-k6-1  | fspiopTransfers   [   1% ] 01/16 VUs  0m02.0s/5m30.0s
load-k6-1  | 
load-k6-1  | 
load-k6-1  | running (0m03.0s), 02/16 VUs, 39 complete and 0 interrupted iterations
load-k6-1  | fspiopTransfers   [   1% ] 02/16 VUs  0m03.0s/5m30.0s
load-k6-1  | 
load-k6-1  | 
load-k6-1  | running (0m04.0s), 02/16 VUs, 66 complete and 0 interrupted iterations
load-k6-1  | fspiopTransfers   [   1% ] 02/16 VUs  0m04.0s/5m30.0s
load-k6-1  | 
load-k6-1  | 
load-k6-1  | running (0m05.0s), 03/16 VUs, 105 complete and 0 interrupted iterations
load-k6-1  | fspiopTransfers   [   2% ] 03/16 VUs  0m05.0s/5m30.0s
load-k6-1  | 
load-k6-1  | 
load-k6-1  | running (0m06.0s), 03/16 VUs, 147 complete and 0 interrupted iterations
load-k6-1  | fspiopTransfers   [   2% ] 03/16 VUs  0m06.0s/5m30.0s
load-k6-1  | 
load-k6-1  | 
load-k6-1  | running (0m07.0s), 04/16 VUs, 201 complete and 0 interrupted iterations
load-k6-1  | fspiopTransfers   [   2% ] 04/16 VUs  0m07.0s/5m30.0s
load-k6-1  | 
load-k6-1  | 
load-k6-1  | running (0m08.0s), 04/16 VUs, 255 complete and 0 interrupted iterations
load-k6-1  | fspiopTransfers   [   2% ] 04/16 VUs  0m08.0s/5m30.0s
load-k6-1  | 
load-k6-1  | 
load-k6-1  | running (0m09.0s), 05/16 VUs, 323 complete and 0 interrupted iterations
load-k6-1  | fspiopTransfers   [   3% ] 05/16 VUs  0m09.0s/5m30.0s
load-k6-1  | 
load-k6-1  | 
load-k6-1  | running (0m10.0s), 05/16 VUs, 392 complete and 0 interrupted iterations
load-k6-1  | fspiopTransfers   [   3% ] 05/16 VUs  0m10.0s/5m30.0s
load-k6-1  | 
load-k6-1  | 
load-k6-1  | running (0m11.0s), 06/16 VUs, 471 complete and 0 interrupted iterations
load-k6-1  | fspiopTransfers   [   3% ] 06/16 VUs  0m11.0s/5m30.0s
load-k6-1  | 
load-k6-1  | 
load-k6-1  | running (0m12.0s), 06/16 VUs, 553 complete and 0 interrupted iterations
load-k6-1  | fspiopTransfers   [   4% ] 06/16 VUs  0m12.0s/5m30.0s
load-k6-1  | 
load-k6-1  | 
load-k6-1  | running (0m13.0s), 07/16 VUs, 648 complete and 0 interrupted iterations
load-k6-1  | fspiopTransfers   [   4% ] 07/16 VUs  0m13.0s/5m30.0s
load-k6-1  | 
load-k6-1  | 
load-k6-1  | running (0m14.0s), 07/16 VUs, 744 complete and 0 interrupted iterations
load-k6-1  | fspiopTransfers   [   4% ] 07/16 VUs  0m14.0s/5m30.0s
load-k6-1  | 
load-k6-1  | 
load-k6-1  | running (0m15.0s), 08/16 VUs, 851 complete and 0 interrupted iterations
load-k6-1  | fspiopTransfers   [   5% ] 08/16 VUs  0m15.0s/5m30.0s
load-k6-1  | 
load-k6-1  | 
load-k6-1  | running (0m16.0s), 08/16 VUs, 956 complete and 0 interrupted iterations
load-k6-1  | fspiopTransfers   [   5% ] 08/16 VUs  0m16.0s/5m30.0s
load-k6-1  | 
load-k6-1  | 
load-k6-1  | running (0m17.0s), 09/16 VUs, 1075 complete and 0 interrupted iterations
load-k6-1  | fspiopTransfers   [   5% ] 09/16 VUs  0m17.0s/5m30.0s
load-k6-1  | 
load-k6-1  | 
load-k6-1  | running (0m18.0s), 09/16 VUs, 1191 complete and 0 interrupted iterations
load-k6-1  | fspiopTransfers   [   5% ] 09/16 VUs  0m18.0s/5m30.0s
load-k6-1  | 
load-k6-1  | 
load-k6-1  | running (0m19.0s), 10/16 VUs, 1322 complete and 0 interrupted iterations
load-k6-1  | fspiopTransfers   [   6% ] 10/16 VUs  0m19.0s/5m30.0s
load-k6-1  | 
load-k6-1  | 
load-k6-1  | running (0m20.0s), 10/16 VUs, 1456 complete and 0 interrupted iterations
load-k6-1  | fspiopTransfers   [   6% ] 10/16 VUs  0m20.0s/5m30.0s
load-k6-1  | 
load-k6-1  | 
load-k6-1  | running (0m21.0s), 11/16 VUs, 1593 complete and 0 interrupted iterations
load-k6-1  | fspiopTransfers   [   6% ] 11/16 VUs  0m21.0s/5m30.0s
load-k6-1  | 
load-k6-1  | 
load-k6-1  | running (0m22.0s), 11/16 VUs, 1738 complete and 0 interrupted iterations
load-k6-1  | fspiopTransfers   [   7% ] 11/16 VUs  0m22.0s/5m30.0s
load-k6-1  | 
load-k6-1  | 
load-k6-1  | running (0m23.0s), 12/16 VUs, 1893 complete and 0 interrupted iterations
load-k6-1  | fspiopTransfers   [   7% ] 12/16 VUs  0m23.0s/5m30.0s
load-k6-1  | 
load-k6-1  | 
load-k6-1  | running (0m24.0s), 12/16 VUs, 2050 complete and 0 interrupted iterations
load-k6-1  | fspiopTransfers   [   7% ] 12/16 VUs  0m24.0s/5m30.0s
load-k6-1  | 
load-k6-1  | 
load-k6-1  | running (0m25.0s), 13/16 VUs, 2203 complete and 0 interrupted iterations
load-k6-1  | fspiopTransfers   [   8% ] 13/16 VUs  0m25.0s/5m30.0s
load-k6-1  | 
load-k6-1  | 
load-k6-1  | running (0m26.0s), 13/16 VUs, 2363 complete and 0 interrupted iterations
load-k6-1  | fspiopTransfers   [   8% ] 13/16 VUs  0m26.0s/5m30.0s
load-k6-1  | 
load-k6-1  | 
load-k6-1  | running (0m27.0s), 14/16 VUs, 2529 complete and 0 interrupted iterations
load-k6-1  | fspiopTransfers   [   8% ] 14/16 VUs  0m27.0s/5m30.0s
load-k6-1  | 
load-k6-1  | 
load-k6-1  | running (0m28.0s), 14/16 VUs, 2677 complete and 0 interrupted iterations
load-k6-1  | fspiopTransfers   [   8% ] 14/16 VUs  0m28.0s/5m30.0s
load-k6-1  | 
load-k6-1  | 
load-k6-1  | running (0m29.0s), 15/16 VUs, 2832 complete and 0 interrupted iterations
load-k6-1  | fspiopTransfers   [   9% ] 15/16 VUs  0m29.0s/5m30.0s
load-k6-1  | 
load-k6-1  | 
load-k6-1  | running (0m30.0s), 15/16 VUs, 3001 complete and 0 interrupted iterations
load-k6-1  | fspiopTransfers   [   9% ] 15/16 VUs  0m30.0s/5m30.0s
load-k6-1  | 
load-k6-1  | 
load-k6-1  | running (0m31.0s), 16/16 VUs, 3178 complete and 0 interrupted iterations
load-k6-1  | fspiopTransfers   [   9% ] 16/16 VUs  0m31.0s/5m30.0s
load-k6-1  | 
load-k6-1  | 
load-k6-1  | running (0m32.0s), 16/16 VUs, 3356 complete and 0 interrupted iterations
load-k6-1  | fspiopTransfers   [  10% ] 16/16 VUs  0m32.0s/5m30.0s
load-k6-1  | 
load-k6-1  | 
load-k6-1  | running (0m33.0s), 16/16 VUs, 3536 complete and 0 interrupted iterations
load-k6-1  | fspiopTransfers   [  10% ] 16/16 VUs  0m33.0s/5m30.0s
load-k6-1  | 
load-k6-1  | 
load-k6-1  | running (0m34.0s), 16/16 VUs, 3710 complete and 0 interrupted iterations
load-k6-1  | fspiopTransfers   [  10% ] 16/16 VUs  0m34.0s/5m30.0s
load-k6-1  | 
load-k6-1  | 
load-k6-1  | running (0m35.0s), 16/16 VUs, 3892 complete and 0 interrupted iterations
load-k6-1  | fspiopTransfers   [  11% ] 16/16 VUs  0m35.0s/5m30.0s
load-k6-1  | 
load-k6-1  | 
load-k6-1  | running (0m36.0s), 16/16 VUs, 4079 complete and 0 interrupted iterations
load-k6-1  | fspiopTransfers   [  11% ] 16/16 VUs  0m36.0s/5m30.0s
load-k6-1  | 
load-k6-1  | 
load-k6-1  | running (0m37.0s), 16/16 VUs, 4268 complete and 0 interrupted iterations
load-k6-1  | fspiopTransfers   [  11% ] 16/16 VUs  0m37.0s/5m30.0s
load-k6-1  | 
load-k6-1  | 
load-k6-1  | running (0m38.0s), 16/16 VUs, 4452 complete and 0 interrupted iterations
load-k6-1  | fspiopTransfers   [  12% ] 16/16 VUs  0m38.0s/5m30.0s
load-k6-1  | 
load-k6-1  | 
load-k6-1  | running (0m39.0s), 16/16 VUs, 4643 complete and 0 interrupted iterations
load-k6-1  | fspiopTransfers   [  12% ] 16/16 VUs  0m39.0s/5m30.0s
load-k6-1  | 
load-k6-1  | 
load-k6-1  | running (0m40.0s), 16/16 VUs, 4829 complete and 0 interrupted iterations
load-k6-1  | fspiopTransfers   [  12% ] 16/16 VUs  0m40.0s/5m30.0s
load-k6-1  | 
load-k6-1  | 
load-k6-1  | running (0m41.0s), 16/16 VUs, 5013 complete and 0 interrupted iterations
load-k6-1  | fspiopTransfers   [  12% ] 16/16 VUs  0m41.0s/5m30.0s
load-k6-1  | 
load-k6-1  | 
load-k6-1  | running (0m42.0s), 16/16 VUs, 5196 complete and 0 interrupted iterations
load-k6-1  | fspiopTransfers   [  13% ] 16/16 VUs  0m42.0s/5m30.0s
load-k6-1  | 
load-k6-1  | 
load-k6-1  | running (0m43.0s), 16/16 VUs, 5383 complete and 0 interrupted iterations
load-k6-1  | fspiopTransfers   [  13% ] 16/16 VUs  0m43.0s/5m30.0s
load-k6-1  | 
load-k6-1  | 
load-k6-1  | running (0m44.0s), 16/16 VUs, 5570 complete and 0 interrupted iterations
load-k6-1  | fspiopTransfers   [  13% ] 16/16 VUs  0m44.0s/5m30.0s
load-k6-1  | 
load-k6-1  | 
load-k6-1  | running (0m45.0s), 16/16 VUs, 5759 complete and 0 interrupted iterations
load-k6-1  | fspiopTransfers   [  14% ] 16/16 VUs  0m45.0s/5m30.0s
load-k6-1  | 
load-k6-1  | 
load-k6-1  | running (0m46.0s), 16/16 VUs, 5941 complete and 0 interrupted iterations
load-k6-1  | fspiopTransfers   [  14% ] 16/16 VUs  0m46.0s/5m30.0s
load-k6-1  | 
load-k6-1  | 
load-k6-1  | running (0m47.0s), 16/16 VUs, 6128 complete and 0 interrupted iterations
load-k6-1  | fspiopTransfers   [  14% ] 16/16 VUs  0m47.0s/5m30.0s
load-k6-1  | 
load-k6-1  | 
load-k6-1  | running (0m48.0s), 16/16 VUs, 6310 complete and 0 interrupted iterations
load-k6-1  | fspiopTransfers   [  15% ] 16/16 VUs  0m48.0s/5m30.0s
load-k6-1  | 
load-k6-1  | 
load-k6-1  | running (0m49.0s), 16/16 VUs, 6493 complete and 0 interrupted iterations
load-k6-1  | fspiopTransfers   [  15% ] 16/16 VUs  0m49.0s/5m30.0s
load-k6-1  | 
load-k6-1  | 
load-k6-1  | running (0m50.0s), 16/16 VUs, 6680 complete and 0 interrupted iterations
load-k6-1  | fspiopTransfers   [  15% ] 16/16 VUs  0m50.0s/5m30.0s
load-k6-1  | 
load-k6-1  | 
load-k6-1  | running (0m51.0s), 16/16 VUs, 6863 complete and 0 interrupted iterations
load-k6-1  | fspiopTransfers   [  15% ] 16/16 VUs  0m51.0s/5m30.0s
load-k6-1  | 
load-k6-1  | 
load-k6-1  | running (0m52.0s), 16/16 VUs, 7050 complete and 0 interrupted iterations
load-k6-1  | fspiopTransfers   [  16% ] 16/16 VUs  0m52.0s/5m30.0s
load-k6-1  | 
load-k6-1  | 
load-k6-1  | running (0m53.0s), 16/16 VUs, 7237 complete and 0 interrupted iterations
load-k6-1  | fspiopTransfers   [  16% ] 16/16 VUs  0m53.0s/5m30.0s
load-k6-1  | 
load-k6-1  | 
load-k6-1  | running (0m54.0s), 16/16 VUs, 7427 complete and 0 interrupted iterations
load-k6-1  | fspiopTransfers   [  16% ] 16/16 VUs  0m54.0s/5m30.0s
load-k6-1  | 
load-k6-1  | 
load-k6-1  | running (0m55.0s), 16/16 VUs, 7622 complete and 0 interrupted iterations
load-k6-1  | fspiopTransfers   [  17% ] 16/16 VUs  0m55.0s/5m30.0s
load-k6-1  | 
load-k6-1  | 
load-k6-1  | running (0m56.0s), 16/16 VUs, 7810 complete and 0 interrupted iterations
load-k6-1  | fspiopTransfers   [  17% ] 16/16 VUs  0m56.0s/5m30.0s
load-k6-1  | 
load-k6-1  | 
load-k6-1  | running (0m57.0s), 16/16 VUs, 7987 complete and 0 interrupted iterations
load-k6-1  | fspiopTransfers   [  17% ] 16/16 VUs  0m57.0s/5m30.0s
load-k6-1  | 
load-k6-1  | 
load-k6-1  | running (0m58.0s), 16/16 VUs, 8176 complete and 0 interrupted iterations
load-k6-1  | fspiopTransfers   [  18% ] 16/16 VUs  0m58.0s/5m30.0s
load-k6-1  | 
load-k6-1  | 
load-k6-1  | running (0m59.0s), 16/16 VUs, 8365 complete and 0 interrupted iterations
load-k6-1  | fspiopTransfers   [  18% ] 16/16 VUs  0m59.0s/5m30.0s
load-k6-1  | 
load-k6-1  | 
load-k6-1  | running (1m00.0s), 16/16 VUs, 8551 complete and 0 interrupted iterations
load-k6-1  | fspiopTransfers   [  18% ] 16/16 VUs  1m00.0s/5m30.0s
load-k6-1  | 
load-k6-1  | 
load-k6-1  | running (1m01.0s), 16/16 VUs, 8716 complete and 0 interrupted iterations
load-k6-1  | fspiopTransfers   [  18% ] 16/16 VUs  1m01.0s/5m30.0s
load-k6-1  | 
load-k6-1  | 
load-k6-1  | running (1m02.0s), 16/16 VUs, 8891 complete and 0 interrupted iterations
load-k6-1  | fspiopTransfers   [  19% ] 16/16 VUs  1m02.0s/5m30.0s
load-k6-1  | 
load-k6-1  | 
load-k6-1  | running (1m03.0s), 16/16 VUs, 9083 complete and 0 interrupted iterations
load-k6-1  | fspiopTransfers   [  19% ] 16/16 VUs  1m03.0s/5m30.0s
load-k6-1  | 
load-k6-1  | 
load-k6-1  | running (1m04.0s), 16/16 VUs, 9270 complete and 0 interrupted iterations
load-k6-1  | fspiopTransfers   [  19% ] 16/16 VUs  1m04.0s/5m30.0s
load-k6-1  | 
load-k6-1  | 
load-k6-1  | running (1m05.0s), 16/16 VUs, 9461 complete and 0 interrupted iterations
load-k6-1  | fspiopTransfers   [  20% ] 16/16 VUs  1m05.0s/5m30.0s
load-k6-1  | 
load-k6-1  | 
load-k6-1  | running (1m06.0s), 16/16 VUs, 9652 complete and 0 interrupted iterations
load-k6-1  | fspiopTransfers   [  20% ] 16/16 VUs  1m06.0s/5m30.0s
load-k6-1  | 
load-k6-1  | 
load-k6-1  | running (1m07.0s), 16/16 VUs, 9842 complete and 0 interrupted iterations
load-k6-1  | fspiopTransfers   [  20% ] 16/16 VUs  1m07.0s/5m30.0s
load-k6-1  | 
load-k6-1  | 
load-k6-1  | running (1m08.0s), 16/16 VUs, 10036 complete and 0 interrupted iterations
load-k6-1  | fspiopTransfers   [  21% ] 16/16 VUs  1m08.0s/5m30.0s
load-k6-1  | 
load-k6-1  | 
load-k6-1  | running (1m09.0s), 16/16 VUs, 10222 complete and 0 interrupted iterations
load-k6-1  | fspiopTransfers   [  21% ] 16/16 VUs  1m09.0s/5m30.0s
load-k6-1  | 
load-k6-1  | 
load-k6-1  | running (1m10.0s), 16/16 VUs, 10410 complete and 0 interrupted iterations
load-k6-1  | fspiopTransfers   [  21% ] 16/16 VUs  1m10.0s/5m30.0s
load-k6-1  | 
load-k6-1  | 
load-k6-1  | running (1m11.0s), 16/16 VUs, 10594 complete and 0 interrupted iterations
load-k6-1  | fspiopTransfers   [  22% ] 16/16 VUs  1m11.0s/5m30.0s
load-k6-1  | 
load-k6-1  | 
load-k6-1  | running (1m12.0s), 16/16 VUs, 10790 complete and 0 interrupted iterations
load-k6-1  | fspiopTransfers   [  22% ] 16/16 VUs  1m12.0s/5m30.0s
load-k6-1  | 
load-k6-1  | 
load-k6-1  | running (1m13.0s), 16/16 VUs, 10982 complete and 0 interrupted iterations
load-k6-1  | fspiopTransfers   [  22% ] 16/16 VUs  1m13.0s/5m30.0s
load-k6-1  | 
load-k6-1  | 
load-k6-1  | running (1m14.0s), 16/16 VUs, 11171 complete and 0 interrupted iterations
load-k6-1  | fspiopTransfers   [  22% ] 16/16 VUs  1m14.0s/5m30.0s
load-k6-1  | 
load-k6-1  | 
load-k6-1  | running (1m15.0s), 16/16 VUs, 11366 complete and 0 interrupted iterations
load-k6-1  | fspiopTransfers   [  23% ] 16/16 VUs  1m15.0s/5m30.0s
load-k6-1  | 
load-k6-1  | 
load-k6-1  | running (1m16.0s), 16/16 VUs, 11554 complete and 0 interrupted iterations
load-k6-1  | fspiopTransfers   [  23% ] 16/16 VUs  1m16.0s/5m30.0s
load-k6-1  | 
load-k6-1  | 
load-k6-1  | running (1m17.0s), 16/16 VUs, 11750 complete and 0 interrupted iterations
load-k6-1  | fspiopTransfers   [  23% ] 16/16 VUs  1m17.0s/5m30.0s
load-k6-1  | 
load-k6-1  | 
load-k6-1  | running (1m18.0s), 16/16 VUs, 11943 complete and 0 interrupted iterations
load-k6-1  | fspiopTransfers   [  24% ] 16/16 VUs  1m18.0s/5m30.0s
load-k6-1  | 
load-k6-1  | 
load-k6-1  | running (1m19.0s), 16/16 VUs, 12137 complete and 0 interrupted iterations
load-k6-1  | fspiopTransfers   [  24% ] 16/16 VUs  1m19.0s/5m30.0s
load-k6-1  | 
load-k6-1  | 
load-k6-1  | running (1m20.0s), 16/16 VUs, 12330 complete and 0 interrupted iterations
load-k6-1  | fspiopTransfers   [  24% ] 16/16 VUs  1m20.0s/5m30.0s
load-k6-1  | 
load-k6-1  | 
load-k6-1  | running (1m21.0s), 16/16 VUs, 12514 complete and 0 interrupted iterations
load-k6-1  | fspiopTransfers   [  25% ] 16/16 VUs  1m21.0s/5m30.0s
load-k6-1  | 
load-k6-1  | 
load-k6-1  | running (1m22.0s), 16/16 VUs, 12710 complete and 0 interrupted iterations
load-k6-1  | fspiopTransfers   [  25% ] 16/16 VUs  1m22.0s/5m30.0s
load-k6-1  | 
load-k6-1  | 
load-k6-1  | running (1m23.0s), 16/16 VUs, 12903 complete and 0 interrupted iterations
load-k6-1  | fspiopTransfers   [  25% ] 16/16 VUs  1m23.0s/5m30.0s
load-k6-1  | 
load-k6-1  | 
load-k6-1  | running (1m24.0s), 16/16 VUs, 13096 complete and 0 interrupted iterations
load-k6-1  | fspiopTransfers   [  25% ] 16/16 VUs  1m24.0s/5m30.0s
load-k6-1  | 
load-k6-1  | 
load-k6-1  | running (1m25.0s), 16/16 VUs, 13297 complete and 0 interrupted iterations
load-k6-1  | fspiopTransfers   [  26% ] 16/16 VUs  1m25.0s/5m30.0s
load-k6-1  | 
load-k6-1  | 
load-k6-1  | running (1m26.0s), 16/16 VUs, 13491 complete and 0 interrupted iterations
load-k6-1  | fspiopTransfers   [  26% ] 16/16 VUs  1m26.0s/5m30.0s
load-k6-1  | 
load-k6-1  | 
load-k6-1  | running (1m27.0s), 16/16 VUs, 13690 complete and 0 interrupted iterations
load-k6-1  | fspiopTransfers   [  26% ] 16/16 VUs  1m27.0s/5m30.0s
load-k6-1  | 
load-k6-1  | 
load-k6-1  | running (1m28.0s), 16/16 VUs, 13883 complete and 0 interrupted iterations
load-k6-1  | fspiopTransfers   [  27% ] 16/16 VUs  1m28.0s/5m30.0s
load-k6-1  | 
load-k6-1  | 
load-k6-1  | running (1m29.0s), 16/16 VUs, 14076 complete and 0 interrupted iterations
load-k6-1  | fspiopTransfers   [  27% ] 16/16 VUs  1m29.0s/5m30.0s
load-k6-1  | 
load-k6-1  | 
load-k6-1  | running (1m30.0s), 16/16 VUs, 14278 complete and 0 interrupted iterations
load-k6-1  | fspiopTransfers   [  27% ] 16/16 VUs  1m30.0s/5m30.0s
load-k6-1  | 
load-k6-1  | 
load-k6-1  | running (1m31.0s), 16/16 VUs, 14469 complete and 0 interrupted iterations
load-k6-1  | fspiopTransfers   [  28% ] 16/16 VUs  1m31.0s/5m30.0s
load-k6-1  | 
load-k6-1  | 
load-k6-1  | running (1m32.0s), 16/16 VUs, 14663 complete and 0 interrupted iterations
load-k6-1  | fspiopTransfers   [  28% ] 16/16 VUs  1m32.0s/5m30.0s
load-k6-1  | 
load-k6-1  | 
load-k6-1  | running (1m33.0s), 16/16 VUs, 14844 complete and 0 interrupted iterations
load-k6-1  | fspiopTransfers   [  28% ] 16/16 VUs  1m33.0s/5m30.0s
load-k6-1  | 
load-k6-1  | 
load-k6-1  | running (1m34.0s), 16/16 VUs, 15032 complete and 0 interrupted iterations
load-k6-1  | fspiopTransfers   [  28% ] 16/16 VUs  1m34.0s/5m30.0s
load-k6-1  | 
load-k6-1  | 
load-k6-1  | running (1m35.0s), 16/16 VUs, 15231 complete and 0 interrupted iterations
load-k6-1  | fspiopTransfers   [  29% ] 16/16 VUs  1m35.0s/5m30.0s
load-k6-1  | 
load-k6-1  | 
load-k6-1  | running (1m36.0s), 16/16 VUs, 15424 complete and 0 interrupted iterations
load-k6-1  | fspiopTransfers   [  29% ] 16/16 VUs  1m36.0s/5m30.0s
load-k6-1  | 
load-k6-1  | 
load-k6-1  | running (1m37.0s), 16/16 VUs, 15620 complete and 0 interrupted iterations
load-k6-1  | fspiopTransfers   [  29% ] 16/16 VUs  1m37.0s/5m30.0s
load-k6-1  | 
load-k6-1  | 
load-k6-1  | running (1m38.0s), 16/16 VUs, 15817 complete and 0 interrupted iterations
load-k6-1  | fspiopTransfers   [  30% ] 16/16 VUs  1m38.0s/5m30.0s
load-k6-1  | 
load-k6-1  | 
load-k6-1  | running (1m39.0s), 16/16 VUs, 16014 complete and 0 interrupted iterations
load-k6-1  | fspiopTransfers   [  30% ] 16/16 VUs  1m39.0s/5m30.0s
load-k6-1  | 
load-k6-1  | 
load-k6-1  | running (1m40.0s), 16/16 VUs, 16212 complete and 0 interrupted iterations
load-k6-1  | fspiopTransfers   [  30% ] 16/16 VUs  1m40.0s/5m30.0s
load-k6-1  | 
load-k6-1  | 
load-k6-1  | running (1m41.0s), 16/16 VUs, 16397 complete and 0 interrupted iterations
load-k6-1  | fspiopTransfers   [  31% ] 16/16 VUs  1m41.0s/5m30.0s
load-k6-1  | 
load-k6-1  | 
load-k6-1  | running (1m42.0s), 16/16 VUs, 16597 complete and 0 interrupted iterations
load-k6-1  | fspiopTransfers   [  31% ] 16/16 VUs  1m42.0s/5m30.0s
load-k6-1  | 
load-k6-1  | 
load-k6-1  | running (1m43.0s), 16/16 VUs, 16794 complete and 0 interrupted iterations
load-k6-1  | fspiopTransfers   [  31% ] 16/16 VUs  1m43.0s/5m30.0s
load-k6-1  | 
load-k6-1  | 
load-k6-1  | running (1m44.0s), 16/16 VUs, 16990 complete and 0 interrupted iterations
load-k6-1  | fspiopTransfers   [  32% ] 16/16 VUs  1m44.0s/5m30.0s
load-k6-1  | 
load-k6-1  | 
load-k6-1  | running (1m45.0s), 16/16 VUs, 17186 complete and 0 interrupted iterations
load-k6-1  | fspiopTransfers   [  32% ] 16/16 VUs  1m45.0s/5m30.0s
load-k6-1  | 
load-k6-1  | 
load-k6-1  | running (1m46.0s), 16/16 VUs, 17386 complete and 0 interrupted iterations
load-k6-1  | fspiopTransfers   [  32% ] 16/16 VUs  1m46.0s/5m30.0s
load-k6-1  | 
load-k6-1  | 
load-k6-1  | running (1m47.0s), 16/16 VUs, 17581 complete and 0 interrupted iterations
load-k6-1  | fspiopTransfers   [  32% ] 16/16 VUs  1m47.0s/5m30.0s
load-k6-1  | 
load-k6-1  | 
load-k6-1  | running (1m48.0s), 16/16 VUs, 17776 complete and 0 interrupted iterations
load-k6-1  | fspiopTransfers   [  33% ] 16/16 VUs  1m48.0s/5m30.0s
load-k6-1  | 
load-k6-1  | 
load-k6-1  | running (1m49.0s), 16/16 VUs, 17967 complete and 0 interrupted iterations
load-k6-1  | fspiopTransfers   [  33% ] 16/16 VUs  1m49.0s/5m30.0s
load-k6-1  | 
load-k6-1  | 
load-k6-1  | running (1m50.0s), 16/16 VUs, 18161 complete and 0 interrupted iterations
load-k6-1  | fspiopTransfers   [  33% ] 16/16 VUs  1m50.0s/5m30.0s
load-k6-1  | 
load-k6-1  | 
load-k6-1  | running (1m51.0s), 16/16 VUs, 18355 complete and 0 interrupted iterations
load-k6-1  | fspiopTransfers   [  34% ] 16/16 VUs  1m51.0s/5m30.0s
load-k6-1  | 
load-k6-1  | 
load-k6-1  | running (1m52.0s), 16/16 VUs, 18547 complete and 0 interrupted iterations
load-k6-1  | fspiopTransfers   [  34% ] 16/16 VUs  1m52.0s/5m30.0s
load-k6-1  | 
load-k6-1  | 
load-k6-1  | running (1m53.0s), 16/16 VUs, 18741 complete and 0 interrupted iterations
load-k6-1  | fspiopTransfers   [  34% ] 16/16 VUs  1m53.0s/5m30.0s
load-k6-1  | 
load-k6-1  | 
load-k6-1  | running (1m54.0s), 16/16 VUs, 18939 complete and 0 interrupted iterations
load-k6-1  | fspiopTransfers   [  35% ] 16/16 VUs  1m54.0s/5m30.0s
load-k6-1  | 
load-k6-1  | 
load-k6-1  | running (1m55.0s), 16/16 VUs, 19141 complete and 0 interrupted iterations
load-k6-1  | fspiopTransfers   [  35% ] 16/16 VUs  1m55.0s/5m30.0s
load-k6-1  | 
load-k6-1  | 
load-k6-1  | running (1m56.0s), 16/16 VUs, 19339 complete and 0 interrupted iterations
load-k6-1  | fspiopTransfers   [  35% ] 16/16 VUs  1m56.0s/5m30.0s
load-k6-1  | 
load-k6-1  | 
load-k6-1  | running (1m57.0s), 16/16 VUs, 19538 complete and 0 interrupted iterations
load-k6-1  | fspiopTransfers   [  35% ] 16/16 VUs  1m57.0s/5m30.0s
load-k6-1  | 
load-k6-1  | 
load-k6-1  | running (1m58.0s), 16/16 VUs, 19736 complete and 0 interrupted iterations
load-k6-1  | fspiopTransfers   [  36% ] 16/16 VUs  1m58.0s/5m30.0s
load-k6-1  | 
load-k6-1  | 
load-k6-1  | running (1m59.0s), 16/16 VUs, 19934 complete and 0 interrupted iterations
load-k6-1  | fspiopTransfers   [  36% ] 16/16 VUs  1m59.0s/5m30.0s
load-k6-1  | 
load-k6-1  | 
load-k6-1  | running (2m00.0s), 16/16 VUs, 20132 complete and 0 interrupted iterations
load-k6-1  | fspiopTransfers   [  36% ] 16/16 VUs  2m00.0s/5m30.0s
load-k6-1  | 
load-k6-1  | 
load-k6-1  | running (2m01.0s), 16/16 VUs, 20329 complete and 0 interrupted iterations
load-k6-1  | fspiopTransfers   [  37% ] 16/16 VUs  2m01.0s/5m30.0s
load-k6-1  | 
load-k6-1  | 
load-k6-1  | running (2m02.0s), 16/16 VUs, 20527 complete and 0 interrupted iterations
load-k6-1  | fspiopTransfers   [  37% ] 16/16 VUs  2m02.0s/5m30.0s
load-k6-1  | 
load-k6-1  | 
load-k6-1  | running (2m03.0s), 16/16 VUs, 20724 complete and 0 interrupted iterations
load-k6-1  | fspiopTransfers   [  37% ] 16/16 VUs  2m03.0s/5m30.0s
load-k6-1  | 
load-k6-1  | 
load-k6-1  | running (2m04.0s), 16/16 VUs, 20909 complete and 0 interrupted iterations
load-k6-1  | fspiopTransfers   [  38% ] 16/16 VUs  2m04.0s/5m30.0s
load-k6-1  | 
load-k6-1  | 
load-k6-1  | running (2m05.0s), 16/16 VUs, 21062 complete and 0 interrupted iterations
load-k6-1  | fspiopTransfers   [  38% ] 16/16 VUs  2m05.0s/5m30.0s
load-k6-1  | 
load-k6-1  | 
load-k6-1  | running (2m06.0s), 16/16 VUs, 21247 complete and 0 interrupted iterations
load-k6-1  | fspiopTransfers   [  38% ] 16/16 VUs  2m06.0s/5m30.0s
load-k6-1  | 
load-k6-1  | 
load-k6-1  | running (2m07.0s), 16/16 VUs, 21445 complete and 0 interrupted iterations
load-k6-1  | fspiopTransfers   [  38% ] 16/16 VUs  2m07.0s/5m30.0s
load-k6-1  | 
load-k6-1  | 
load-k6-1  | running (2m08.0s), 16/16 VUs, 21637 complete and 0 interrupted iterations
load-k6-1  | fspiopTransfers   [  39% ] 16/16 VUs  2m08.0s/5m30.0s
load-k6-1  | 
load-k6-1  | 
load-k6-1  | running (2m09.0s), 16/16 VUs, 21832 complete and 0 interrupted iterations
load-k6-1  | fspiopTransfers   [  39% ] 16/16 VUs  2m09.0s/5m30.0s
load-k6-1  | 
load-k6-1  | 
load-k6-1  | running (2m10.0s), 16/16 VUs, 22015 complete and 0 interrupted iterations
load-k6-1  | fspiopTransfers   [  39% ] 16/16 VUs  2m10.0s/5m30.0s
load-k6-1  | 
load-k6-1  | 
load-k6-1  | running (2m11.0s), 16/16 VUs, 22208 complete and 0 interrupted iterations
load-k6-1  | fspiopTransfers   [  40% ] 16/16 VUs  2m11.0s/5m30.0s
load-k6-1  | 
load-k6-1  | 
load-k6-1  | running (2m12.0s), 16/16 VUs, 22400 complete and 0 interrupted iterations
load-k6-1  | fspiopTransfers   [  40% ] 16/16 VUs  2m12.0s/5m30.0s
load-k6-1  | 
load-k6-1  | 
load-k6-1  | running (2m13.0s), 16/16 VUs, 22596 complete and 0 interrupted iterations
load-k6-1  | fspiopTransfers   [  40% ] 16/16 VUs  2m13.0s/5m30.0s
load-k6-1  | 
load-k6-1  | 
load-k6-1  | running (2m14.0s), 16/16 VUs, 22794 complete and 0 interrupted iterations
load-k6-1  | fspiopTransfers   [  41% ] 16/16 VUs  2m14.0s/5m30.0s
load-k6-1  | 
load-k6-1  | 
load-k6-1  | running (2m15.0s), 16/16 VUs, 22977 complete and 0 interrupted iterations
load-k6-1  | fspiopTransfers   [  41% ] 16/16 VUs  2m15.0s/5m30.0s
load-k6-1  | 
load-k6-1  | 
load-k6-1  | running (2m16.0s), 16/16 VUs, 23173 complete and 0 interrupted iterations
load-k6-1  | fspiopTransfers   [  41% ] 16/16 VUs  2m16.0s/5m30.0s
load-k6-1  | 
load-k6-1  | 
load-k6-1  | running (2m17.0s), 16/16 VUs, 23370 complete and 0 interrupted iterations
load-k6-1  | fspiopTransfers   [  42% ] 16/16 VUs  2m17.0s/5m30.0s
load-k6-1  | 
load-k6-1  | 
load-k6-1  | running (2m18.0s), 16/16 VUs, 23562 complete and 0 interrupted iterations
load-k6-1  | fspiopTransfers   [  42% ] 16/16 VUs  2m18.0s/5m30.0s
load-k6-1  | 
load-k6-1  | 
load-k6-1  | running (2m19.0s), 16/16 VUs, 23760 complete and 0 interrupted iterations
load-k6-1  | fspiopTransfers   [  42% ] 16/16 VUs  2m19.0s/5m30.0s
load-k6-1  | 
load-k6-1  | 
load-k6-1  | running (2m20.0s), 16/16 VUs, 23951 complete and 0 interrupted iterations
load-k6-1  | fspiopTransfers   [  42% ] 16/16 VUs  2m20.0s/5m30.0s
load-k6-1  | 
load-k6-1  | 
load-k6-1  | running (2m21.0s), 16/16 VUs, 24132 complete and 0 interrupted iterations
load-k6-1  | fspiopTransfers   [  43% ] 16/16 VUs  2m21.0s/5m30.0s
load-k6-1  | 
load-k6-1  | 
load-k6-1  | running (2m22.0s), 16/16 VUs, 24328 complete and 0 interrupted iterations
load-k6-1  | fspiopTransfers   [  43% ] 16/16 VUs  2m22.0s/5m30.0s
load-k6-1  | 
load-k6-1  | 
load-k6-1  | running (2m23.0s), 16/16 VUs, 24521 complete and 0 interrupted iterations
load-k6-1  | fspiopTransfers   [  43% ] 16/16 VUs  2m23.0s/5m30.0s
load-k6-1  | 
load-k6-1  | 
load-k6-1  | running (2m24.0s), 16/16 VUs, 24719 complete and 0 interrupted iterations
load-k6-1  | fspiopTransfers   [  44% ] 16/16 VUs  2m24.0s/5m30.0s
load-k6-1  | 
load-k6-1  | 
load-k6-1  | running (2m25.0s), 16/16 VUs, 24916 complete and 0 interrupted iterations
load-k6-1  | fspiopTransfers   [  44% ] 16/16 VUs  2m25.0s/5m30.0s
load-k6-1  | 
load-k6-1  | 
load-k6-1  | running (2m26.0s), 16/16 VUs, 25111 complete and 0 interrupted iterations
load-k6-1  | fspiopTransfers   [  44% ] 16/16 VUs  2m26.0s/5m30.0s
load-k6-1  | 
load-k6-1  | 
load-k6-1  | running (2m27.0s), 16/16 VUs, 25309 complete and 0 interrupted iterations
load-k6-1  | fspiopTransfers   [  45% ] 16/16 VUs  2m27.0s/5m30.0s
load-k6-1  | 
load-k6-1  | 
load-k6-1  | running (2m28.0s), 16/16 VUs, 25497 complete and 0 interrupted iterations
load-k6-1  | fspiopTransfers   [  45% ] 16/16 VUs  2m28.0s/5m30.0s
load-k6-1  | 
load-k6-1  | 
load-k6-1  | running (2m29.0s), 16/16 VUs, 25697 complete and 0 interrupted iterations
load-k6-1  | fspiopTransfers   [  45% ] 16/16 VUs  2m29.0s/5m30.0s
load-k6-1  | 
load-k6-1  | 
load-k6-1  | running (2m30.0s), 16/16 VUs, 25891 complete and 0 interrupted iterations
load-k6-1  | fspiopTransfers   [  45% ] 16/16 VUs  2m30.0s/5m30.0s
load-k6-1  | 
load-k6-1  | 
load-k6-1  | running (2m31.0s), 16/16 VUs, 26084 complete and 0 interrupted iterations
load-k6-1  | fspiopTransfers   [  46% ] 16/16 VUs  2m31.0s/5m30.0s
load-k6-1  | 
load-k6-1  | 
load-k6-1  | running (2m32.0s), 16/16 VUs, 26282 complete and 0 interrupted iterations
load-k6-1  | fspiopTransfers   [  46% ] 16/16 VUs  2m32.0s/5m30.0s
load-k6-1  | 
load-k6-1  | 
load-k6-1  | running (2m33.0s), 16/16 VUs, 26476 complete and 0 interrupted iterations
load-k6-1  | fspiopTransfers   [  46% ] 16/16 VUs  2m33.0s/5m30.0s
load-k6-1  | 
load-k6-1  | 
load-k6-1  | running (2m34.0s), 16/16 VUs, 26662 complete and 0 interrupted iterations
load-k6-1  | fspiopTransfers   [  47% ] 16/16 VUs  2m34.0s/5m30.0s
load-k6-1  | 
load-k6-1  | 
load-k6-1  | running (2m35.0s), 16/16 VUs, 26856 complete and 0 interrupted iterations
load-k6-1  | fspiopTransfers   [  47% ] 16/16 VUs  2m35.0s/5m30.0s
load-k6-1  | 
load-k6-1  | 
load-k6-1  | running (2m36.0s), 16/16 VUs, 27054 complete and 0 interrupted iterations
load-k6-1  | fspiopTransfers   [  47% ] 16/16 VUs  2m36.0s/5m30.0s
load-k6-1  | 
load-k6-1  | 
load-k6-1  | running (2m37.0s), 16/16 VUs, 27234 complete and 0 interrupted iterations
load-k6-1  | fspiopTransfers   [  48% ] 16/16 VUs  2m37.0s/5m30.0s
load-k6-1  | 
load-k6-1  | 
load-k6-1  | running (2m38.0s), 16/16 VUs, 27427 complete and 0 interrupted iterations
load-k6-1  | fspiopTransfers   [  48% ] 16/16 VUs  2m38.0s/5m30.0s
load-k6-1  | 
load-k6-1  | 
load-k6-1  | running (2m39.0s), 16/16 VUs, 27627 complete and 0 interrupted iterations
load-k6-1  | fspiopTransfers   [  48% ] 16/16 VUs  2m39.0s/5m30.0s
load-k6-1  | 
load-k6-1  | 
load-k6-1  | running (2m40.0s), 16/16 VUs, 27819 complete and 0 interrupted iterations
load-k6-1  | fspiopTransfers   [  48% ] 16/16 VUs  2m40.0s/5m30.0s
load-k6-1  | 
load-k6-1  | 
load-k6-1  | running (2m41.0s), 16/16 VUs, 28007 complete and 0 interrupted iterations
load-k6-1  | fspiopTransfers   [  49% ] 16/16 VUs  2m41.0s/5m30.0s
load-k6-1  | 
load-k6-1  | 
load-k6-1  | running (2m42.0s), 16/16 VUs, 28199 complete and 0 interrupted iterations
load-k6-1  | fspiopTransfers   [  49% ] 16/16 VUs  2m42.0s/5m30.0s
load-k6-1  | 
load-k6-1  | 
load-k6-1  | running (2m43.0s), 16/16 VUs, 28399 complete and 0 interrupted iterations
load-k6-1  | fspiopTransfers   [  49% ] 16/16 VUs  2m43.0s/5m30.0s
load-k6-1  | 
load-k6-1  | 
load-k6-1  | running (2m44.0s), 16/16 VUs, 28595 complete and 0 interrupted iterations
load-k6-1  | fspiopTransfers   [  50% ] 16/16 VUs  2m44.0s/5m30.0s
load-k6-1  | 
load-k6-1  | 
load-k6-1  | running (2m45.0s), 16/16 VUs, 28789 complete and 0 interrupted iterations
load-k6-1  | fspiopTransfers   [  50% ] 16/16 VUs  2m45.0s/5m30.0s
load-k6-1  | 
load-k6-1  | 
load-k6-1  | running (2m46.0s), 16/16 VUs, 28987 complete and 0 interrupted iterations
load-k6-1  | fspiopTransfers   [  50% ] 16/16 VUs  2m46.0s/5m30.0s
load-k6-1  | 
load-k6-1  | 
load-k6-1  | running (2m47.0s), 16/16 VUs, 29184 complete and 0 interrupted iterations
load-k6-1  | fspiopTransfers   [  51% ] 16/16 VUs  2m47.0s/5m30.0s
load-k6-1  | 
load-k6-1  | 
load-k6-1  | running (2m48.0s), 16/16 VUs, 29380 complete and 0 interrupted iterations
load-k6-1  | fspiopTransfers   [  51% ] 16/16 VUs  2m48.0s/5m30.0s
load-k6-1  | 
load-k6-1  | 
load-k6-1  | running (2m49.0s), 16/16 VUs, 29564 complete and 0 interrupted iterations
load-k6-1  | fspiopTransfers   [  51% ] 16/16 VUs  2m49.0s/5m30.0s
load-k6-1  | 
load-k6-1  | 
load-k6-1  | running (2m50.0s), 16/16 VUs, 29758 complete and 0 interrupted iterations
load-k6-1  | fspiopTransfers   [  52% ] 16/16 VUs  2m50.0s/5m30.0s
load-k6-1  | 
load-k6-1  | 
load-k6-1  | running (2m51.0s), 16/16 VUs, 29948 complete and 0 interrupted iterations
load-k6-1  | fspiopTransfers   [  52% ] 16/16 VUs  2m51.0s/5m30.0s
load-k6-1  | 
load-k6-1  | 
load-k6-1  | running (2m52.0s), 16/16 VUs, 30144 complete and 0 interrupted iterations
load-k6-1  | fspiopTransfers   [  52% ] 16/16 VUs  2m52.0s/5m30.0s
load-k6-1  | 
load-k6-1  | 
load-k6-1  | running (2m53.0s), 16/16 VUs, 30339 complete and 0 interrupted iterations
load-k6-1  | fspiopTransfers   [  52% ] 16/16 VUs  2m53.0s/5m30.0s
load-k6-1  | 
load-k6-1  | 
load-k6-1  | running (2m54.0s), 16/16 VUs, 30530 complete and 0 interrupted iterations
load-k6-1  | fspiopTransfers   [  53% ] 16/16 VUs  2m54.0s/5m30.0s
load-k6-1  | 
load-k6-1  | 
load-k6-1  | running (2m55.0s), 16/16 VUs, 30733 complete and 0 interrupted iterations
load-k6-1  | fspiopTransfers   [  53% ] 16/16 VUs  2m55.0s/5m30.0s
load-k6-1  | 
load-k6-1  | 
load-k6-1  | running (2m56.0s), 16/16 VUs, 30921 complete and 0 interrupted iterations
load-k6-1  | fspiopTransfers   [  53% ] 16/16 VUs  2m56.0s/5m30.0s
load-k6-1  | 
load-k6-1  | 
load-k6-1  | running (2m57.0s), 16/16 VUs, 31125 complete and 0 interrupted iterations
load-k6-1  | fspiopTransfers   [  54% ] 16/16 VUs  2m57.0s/5m30.0s
load-k6-1  | 
load-k6-1  | 
load-k6-1  | running (2m58.0s), 16/16 VUs, 31326 complete and 0 interrupted iterations
load-k6-1  | fspiopTransfers   [  54% ] 16/16 VUs  2m58.0s/5m30.0s
load-k6-1  | 
load-k6-1  | 
load-k6-1  | running (2m59.0s), 16/16 VUs, 31521 complete and 0 interrupted iterations
load-k6-1  | fspiopTransfers   [  54% ] 16/16 VUs  2m59.0s/5m30.0s
load-k6-1  | 
load-k6-1  | 
load-k6-1  | running (3m00.0s), 16/16 VUs, 31712 complete and 0 interrupted iterations
load-k6-1  | fspiopTransfers   [  55% ] 16/16 VUs  3m00.0s/5m30.0s
load-k6-1  | 
load-k6-1  | 
load-k6-1  | running (3m01.0s), 16/16 VUs, 31904 complete and 0 interrupted iterations
load-k6-1  | fspiopTransfers   [  55% ] 16/16 VUs  3m01.0s/5m30.0s
load-k6-1  | 
load-k6-1  | 
load-k6-1  | running (3m02.0s), 16/16 VUs, 32098 complete and 0 interrupted iterations
load-k6-1  | fspiopTransfers   [  55% ] 16/16 VUs  3m02.0s/5m30.0s
load-k6-1  | 
load-k6-1  | 
load-k6-1  | running (3m03.0s), 16/16 VUs, 32287 complete and 0 interrupted iterations
load-k6-1  | fspiopTransfers   [  55% ] 16/16 VUs  3m03.0s/5m30.0s
load-k6-1  | 
load-k6-1  | 
load-k6-1  | running (3m04.0s), 16/16 VUs, 32479 complete and 0 interrupted iterations
load-k6-1  | fspiopTransfers   [  56% ] 16/16 VUs  3m04.0s/5m30.0s
load-k6-1  | 
load-k6-1  | 
load-k6-1  | running (3m05.0s), 16/16 VUs, 32667 complete and 0 interrupted iterations
load-k6-1  | fspiopTransfers   [  56% ] 16/16 VUs  3m05.0s/5m30.0s
load-k6-1  | 
load-k6-1  | 
load-k6-1  | running (3m06.0s), 16/16 VUs, 32862 complete and 0 interrupted iterations
load-k6-1  | fspiopTransfers   [  56% ] 16/16 VUs  3m06.0s/5m30.0s
load-k6-1  | 
load-k6-1  | 
load-k6-1  | running (3m07.0s), 16/16 VUs, 33052 complete and 0 interrupted iterations
load-k6-1  | fspiopTransfers   [  57% ] 16/16 VUs  3m07.0s/5m30.0s
load-k6-1  | 
load-k6-1  | 
load-k6-1  | running (3m08.0s), 16/16 VUs, 33249 complete and 0 interrupted iterations
load-k6-1  | fspiopTransfers   [  57% ] 16/16 VUs  3m08.0s/5m30.0s
load-k6-1  | 
load-k6-1  | 
load-k6-1  | running (3m09.0s), 16/16 VUs, 33431 complete and 0 interrupted iterations
load-k6-1  | fspiopTransfers   [  57% ] 16/16 VUs  3m09.0s/5m30.0s
load-k6-1  | 
load-k6-1  | 
load-k6-1  | running (3m10.0s), 16/16 VUs, 33621 complete and 0 interrupted iterations
load-k6-1  | fspiopTransfers   [  58% ] 16/16 VUs  3m10.0s/5m30.0s
load-k6-1  | 
load-k6-1  | 
load-k6-1  | running (3m11.0s), 16/16 VUs, 33811 complete and 0 interrupted iterations
load-k6-1  | fspiopTransfers   [  58% ] 16/16 VUs  3m11.0s/5m30.0s
load-k6-1  | 
load-k6-1  | 
load-k6-1  | running (3m12.0s), 16/16 VUs, 34012 complete and 0 interrupted iterations
load-k6-1  | fspiopTransfers   [  58% ] 16/16 VUs  3m12.0s/5m30.0s
load-k6-1  | 
load-k6-1  | 
load-k6-1  | running (3m13.0s), 16/16 VUs, 34198 complete and 0 interrupted iterations
load-k6-1  | fspiopTransfers   [  58% ] 16/16 VUs  3m13.0s/5m30.0s
load-k6-1  | 
load-k6-1  | 
load-k6-1  | running (3m14.0s), 16/16 VUs, 34392 complete and 0 interrupted iterations
load-k6-1  | fspiopTransfers   [  59% ] 16/16 VUs  3m14.0s/5m30.0s
load-k6-1  | 
load-k6-1  | 
load-k6-1  | running (3m15.0s), 16/16 VUs, 34586 complete and 0 interrupted iterations
load-k6-1  | fspiopTransfers   [  59% ] 16/16 VUs  3m15.0s/5m30.0s
load-k6-1  | 
load-k6-1  | 
load-k6-1  | running (3m16.0s), 16/16 VUs, 34784 complete and 0 interrupted iterations
load-k6-1  | fspiopTransfers   [  59% ] 16/16 VUs  3m16.0s/5m30.0s
load-k6-1  | 
load-k6-1  | 
load-k6-1  | running (3m17.0s), 16/16 VUs, 34981 complete and 0 interrupted iterations
load-k6-1  | fspiopTransfers   [  60% ] 16/16 VUs  3m17.0s/5m30.0s
load-k6-1  | 
load-k6-1  | 
load-k6-1  | running (3m18.0s), 16/16 VUs, 35178 complete and 0 interrupted iterations
load-k6-1  | fspiopTransfers   [  60% ] 16/16 VUs  3m18.0s/5m30.0s
load-k6-1  | 
load-k6-1  | 
load-k6-1  | running (3m19.0s), 16/16 VUs, 35369 complete and 0 interrupted iterations
load-k6-1  | fspiopTransfers   [  60% ] 16/16 VUs  3m19.0s/5m30.0s
load-k6-1  | 
load-k6-1  | 
load-k6-1  | running (3m20.0s), 16/16 VUs, 35564 complete and 0 interrupted iterations
load-k6-1  | fspiopTransfers   [  61% ] 16/16 VUs  3m20.0s/5m30.0s
load-k6-1  | 
load-k6-1  | 
load-k6-1  | running (3m21.0s), 16/16 VUs, 35746 complete and 0 interrupted iterations
load-k6-1  | fspiopTransfers   [  61% ] 16/16 VUs  3m21.0s/5m30.0s
load-k6-1  | 
load-k6-1  | 
load-k6-1  | running (3m22.0s), 16/16 VUs, 35939 complete and 0 interrupted iterations
load-k6-1  | fspiopTransfers   [  61% ] 16/16 VUs  3m22.0s/5m30.0s
load-k6-1  | 
load-k6-1  | 
load-k6-1  | running (3m23.0s), 16/16 VUs, 36138 complete and 0 interrupted iterations
load-k6-1  | fspiopTransfers   [  62% ] 16/16 VUs  3m23.0s/5m30.0s
load-k6-1  | 
load-k6-1  | 
load-k6-1  | running (3m24.0s), 16/16 VUs, 36333 complete and 0 interrupted iterations
load-k6-1  | fspiopTransfers   [  62% ] 16/16 VUs  3m24.0s/5m30.0s
load-k6-1  | 
load-k6-1  | 
load-k6-1  | running (3m25.0s), 16/16 VUs, 36532 complete and 0 interrupted iterations
load-k6-1  | fspiopTransfers   [  62% ] 16/16 VUs  3m25.0s/5m30.0s
load-k6-1  | 
load-k6-1  | 
load-k6-1  | running (3m26.0s), 16/16 VUs, 36735 complete and 0 interrupted iterations
load-k6-1  | fspiopTransfers   [  62% ] 16/16 VUs  3m26.0s/5m30.0s
load-k6-1  | 
load-k6-1  | 
load-k6-1  | running (3m27.0s), 16/16 VUs, 36933 complete and 0 interrupted iterations
load-k6-1  | fspiopTransfers   [  63% ] 16/16 VUs  3m27.0s/5m30.0s
load-k6-1  | 
load-k6-1  | 
load-k6-1  | running (3m28.0s), 16/16 VUs, 37131 complete and 0 interrupted iterations
load-k6-1  | fspiopTransfers   [  63% ] 16/16 VUs  3m28.0s/5m30.0s
load-k6-1  | 
load-k6-1  | 
load-k6-1  | running (3m29.0s), 16/16 VUs, 37334 complete and 0 interrupted iterations
load-k6-1  | fspiopTransfers   [  63% ] 16/16 VUs  3m29.0s/5m30.0s
load-k6-1  | 
load-k6-1  | 
load-k6-1  | running (3m30.0s), 16/16 VUs, 37522 complete and 0 interrupted iterations
load-k6-1  | fspiopTransfers   [  64% ] 16/16 VUs  3m30.0s/5m30.0s
load-k6-1  | 
load-k6-1  | 
load-k6-1  | running (3m31.0s), 16/16 VUs, 37683 complete and 0 interrupted iterations
load-k6-1  | fspiopTransfers   [  64% ] 16/16 VUs  3m31.0s/5m30.0s
load-k6-1  | 
load-k6-1  | 
load-k6-1  | running (3m32.0s), 16/16 VUs, 37879 complete and 0 interrupted iterations
load-k6-1  | fspiopTransfers   [  64% ] 16/16 VUs  3m32.0s/5m30.0s
load-k6-1  | 
load-k6-1  | 
load-k6-1  | running (3m33.0s), 16/16 VUs, 38073 complete and 0 interrupted iterations
load-k6-1  | fspiopTransfers   [  65% ] 16/16 VUs  3m33.0s/5m30.0s
load-k6-1  | 
load-k6-1  | 
load-k6-1  | running (3m34.0s), 16/16 VUs, 38269 complete and 0 interrupted iterations
load-k6-1  | fspiopTransfers   [  65% ] 16/16 VUs  3m34.0s/5m30.0s
load-k6-1  | 
load-k6-1  | 
load-k6-1  | running (3m35.0s), 16/16 VUs, 38464 complete and 0 interrupted iterations
load-k6-1  | fspiopTransfers   [  65% ] 16/16 VUs  3m35.0s/5m30.0s
load-k6-1  | 
load-k6-1  | 
load-k6-1  | running (3m36.0s), 16/16 VUs, 38662 complete and 0 interrupted iterations
load-k6-1  | fspiopTransfers   [  65% ] 16/16 VUs  3m36.0s/5m30.0s
load-k6-1  | 
load-k6-1  | 
load-k6-1  | running (3m37.0s), 16/16 VUs, 38854 complete and 0 interrupted iterations
load-k6-1  | fspiopTransfers   [  66% ] 16/16 VUs  3m37.0s/5m30.0s
load-k6-1  | 
load-k6-1  | 
load-k6-1  | running (3m38.0s), 16/16 VUs, 39050 complete and 0 interrupted iterations
load-k6-1  | fspiopTransfers   [  66% ] 16/16 VUs  3m38.0s/5m30.0s
load-k6-1  | 
load-k6-1  | 
load-k6-1  | running (3m39.0s), 16/16 VUs, 39232 complete and 0 interrupted iterations
load-k6-1  | fspiopTransfers   [  66% ] 16/16 VUs  3m39.0s/5m30.0s
load-k6-1  | 
load-k6-1  | 
load-k6-1  | running (3m40.0s), 16/16 VUs, 39424 complete and 0 interrupted iterations
load-k6-1  | fspiopTransfers   [  67% ] 16/16 VUs  3m40.0s/5m30.0s
load-k6-1  | 
load-k6-1  | 
load-k6-1  | running (3m41.0s), 16/16 VUs, 39600 complete and 0 interrupted iterations
load-k6-1  | fspiopTransfers   [  67% ] 16/16 VUs  3m41.0s/5m30.0s
load-k6-1  | 
load-k6-1  | 
load-k6-1  | running (3m42.0s), 16/16 VUs, 39796 complete and 0 interrupted iterations
load-k6-1  | fspiopTransfers   [  67% ] 16/16 VUs  3m42.0s/5m30.0s
load-k6-1  | 
load-k6-1  | 
load-k6-1  | running (3m43.0s), 16/16 VUs, 39995 complete and 0 interrupted iterations
load-k6-1  | fspiopTransfers   [  68% ] 16/16 VUs  3m43.0s/5m30.0s
load-k6-1  | 
load-k6-1  | 
load-k6-1  | running (3m44.0s), 16/16 VUs, 40191 complete and 0 interrupted iterations
load-k6-1  | fspiopTransfers   [  68% ] 16/16 VUs  3m44.0s/5m30.0s
load-k6-1  | 
load-k6-1  | 
load-k6-1  | running (3m45.0s), 16/16 VUs, 40382 complete and 0 interrupted iterations
load-k6-1  | fspiopTransfers   [  68% ] 16/16 VUs  3m45.0s/5m30.0s
load-k6-1  | 
load-k6-1  | 
load-k6-1  | running (3m46.0s), 16/16 VUs, 40569 complete and 0 interrupted iterations
load-k6-1  | fspiopTransfers   [  68% ] 16/16 VUs  3m46.0s/5m30.0s
load-k6-1  | 
load-k6-1  | 
load-k6-1  | running (3m47.0s), 16/16 VUs, 40771 complete and 0 interrupted iterations
load-k6-1  | fspiopTransfers   [  69% ] 16/16 VUs  3m47.0s/5m30.0s
load-k6-1  | 
load-k6-1  | 
load-k6-1  | running (3m48.0s), 16/16 VUs, 40967 complete and 0 interrupted iterations
load-k6-1  | fspiopTransfers   [  69% ] 16/16 VUs  3m48.0s/5m30.0s
load-k6-1  | 
load-k6-1  | 
load-k6-1  | running (3m49.0s), 16/16 VUs, 41156 complete and 0 interrupted iterations
load-k6-1  | fspiopTransfers   [  69% ] 16/16 VUs  3m49.0s/5m30.0s
load-k6-1  | 
load-k6-1  | 
load-k6-1  | running (3m50.0s), 16/16 VUs, 41353 complete and 0 interrupted iterations
load-k6-1  | fspiopTransfers   [  70% ] 16/16 VUs  3m50.0s/5m30.0s
load-k6-1  | 
load-k6-1  | 
load-k6-1  | running (3m51.0s), 16/16 VUs, 41543 complete and 0 interrupted iterations
load-k6-1  | fspiopTransfers   [  70% ] 16/16 VUs  3m51.0s/5m30.0s
load-k6-1  | 
load-k6-1  | 
load-k6-1  | running (3m52.0s), 16/16 VUs, 41738 complete and 0 interrupted iterations
load-k6-1  | fspiopTransfers   [  70% ] 16/16 VUs  3m52.0s/5m30.0s
load-k6-1  | 
load-k6-1  | 
load-k6-1  | running (3m53.0s), 16/16 VUs, 41939 complete and 0 interrupted iterations
load-k6-1  | fspiopTransfers   [  71% ] 16/16 VUs  3m53.0s/5m30.0s
load-k6-1  | 
load-k6-1  | 
load-k6-1  | running (3m54.0s), 16/16 VUs, 42135 complete and 0 interrupted iterations
load-k6-1  | fspiopTransfers   [  71% ] 16/16 VUs  3m54.0s/5m30.0s
load-k6-1  | 
load-k6-1  | 
load-k6-1  | running (3m55.0s), 16/16 VUs, 42329 complete and 0 interrupted iterations
load-k6-1  | fspiopTransfers   [  71% ] 16/16 VUs  3m55.0s/5m30.0s
load-k6-1  | 
load-k6-1  | 
load-k6-1  | running (3m56.0s), 16/16 VUs, 42531 complete and 0 interrupted iterations
load-k6-1  | fspiopTransfers   [  72% ] 16/16 VUs  3m56.0s/5m30.0s
load-k6-1  | 
load-k6-1  | 
load-k6-1  | running (3m57.0s), 16/16 VUs, 42731 complete and 0 interrupted iterations
load-k6-1  | fspiopTransfers   [  72% ] 16/16 VUs  3m57.0s/5m30.0s
load-k6-1  | 
load-k6-1  | 
load-k6-1  | running (3m58.0s), 16/16 VUs, 42923 complete and 0 interrupted iterations
load-k6-1  | fspiopTransfers   [  72% ] 16/16 VUs  3m58.0s/5m30.0s
load-k6-1  | 
load-k6-1  | 
load-k6-1  | running (3m59.0s), 16/16 VUs, 43122 complete and 0 interrupted iterations
load-k6-1  | fspiopTransfers   [  72% ] 16/16 VUs  3m59.0s/5m30.0s
load-k6-1  | 
load-k6-1  | 
load-k6-1  | running (4m00.0s), 16/16 VUs, 43326 complete and 0 interrupted iterations
load-k6-1  | fspiopTransfers   [  73% ] 16/16 VUs  4m00.0s/5m30.0s
load-k6-1  | 
load-k6-1  | 
load-k6-1  | running (4m01.0s), 16/16 VUs, 43524 complete and 0 interrupted iterations
load-k6-1  | fspiopTransfers   [  73% ] 16/16 VUs  4m01.0s/5m30.0s
load-k6-1  | 
load-k6-1  | 
load-k6-1  | running (4m02.0s), 16/16 VUs, 43717 complete and 0 interrupted iterations
load-k6-1  | fspiopTransfers   [  73% ] 16/16 VUs  4m02.0s/5m30.0s
load-k6-1  | 
load-k6-1  | 
load-k6-1  | running (4m03.0s), 16/16 VUs, 43918 complete and 0 interrupted iterations
load-k6-1  | fspiopTransfers   [  74% ] 16/16 VUs  4m03.0s/5m30.0s
load-k6-1  | 
load-k6-1  | 
load-k6-1  | running (4m04.0s), 16/16 VUs, 44118 complete and 0 interrupted iterations
load-k6-1  | fspiopTransfers   [  74% ] 16/16 VUs  4m04.0s/5m30.0s
load-k6-1  | 
load-k6-1  | 
load-k6-1  | running (4m05.0s), 16/16 VUs, 44319 complete and 0 interrupted iterations
load-k6-1  | fspiopTransfers   [  74% ] 16/16 VUs  4m05.0s/5m30.0s
load-k6-1  | 
load-k6-1  | 
load-k6-1  | running (4m06.0s), 16/16 VUs, 44517 complete and 0 interrupted iterations
load-k6-1  | fspiopTransfers   [  75% ] 16/16 VUs  4m06.0s/5m30.0s
load-k6-1  | 
load-k6-1  | 
load-k6-1  | running (4m07.0s), 16/16 VUs, 44711 complete and 0 interrupted iterations
load-k6-1  | fspiopTransfers   [  75% ] 16/16 VUs  4m07.0s/5m30.0s
load-k6-1  | 
load-k6-1  | 
load-k6-1  | running (4m08.0s), 16/16 VUs, 44892 complete and 0 interrupted iterations
load-k6-1  | fspiopTransfers   [  75% ] 16/16 VUs  4m08.0s/5m30.0s
load-k6-1  | 
load-k6-1  | 
load-k6-1  | running (4m09.0s), 16/16 VUs, 45088 complete and 0 interrupted iterations
load-k6-1  | fspiopTransfers   [  75% ] 16/16 VUs  4m09.0s/5m30.0s
load-k6-1  | 
load-k6-1  | 
load-k6-1  | running (4m10.0s), 16/16 VUs, 45282 complete and 0 interrupted iterations
load-k6-1  | fspiopTransfers   [  76% ] 16/16 VUs  4m10.0s/5m30.0s
load-k6-1  | 
load-k6-1  | 
load-k6-1  | running (4m11.0s), 16/16 VUs, 45475 complete and 0 interrupted iterations
load-k6-1  | fspiopTransfers   [  76% ] 16/16 VUs  4m11.0s/5m30.0s
load-k6-1  | 
load-k6-1  | 
load-k6-1  | running (4m12.0s), 16/16 VUs, 45662 complete and 0 interrupted iterations
load-k6-1  | fspiopTransfers   [  76% ] 16/16 VUs  4m12.0s/5m30.0s
load-k6-1  | 
load-k6-1  | 
load-k6-1  | running (4m13.0s), 16/16 VUs, 45850 complete and 0 interrupted iterations
load-k6-1  | fspiopTransfers   [  77% ] 16/16 VUs  4m13.0s/5m30.0s
load-k6-1  | 
load-k6-1  | 
load-k6-1  | running (4m14.0s), 16/16 VUs, 46049 complete and 0 interrupted iterations
load-k6-1  | fspiopTransfers   [  77% ] 16/16 VUs  4m14.0s/5m30.0s
load-k6-1  | 
load-k6-1  | 
load-k6-1  | running (4m15.0s), 16/16 VUs, 46256 complete and 0 interrupted iterations
load-k6-1  | fspiopTransfers   [  77% ] 16/16 VUs  4m15.0s/5m30.0s
load-k6-1  | 
load-k6-1  | 
load-k6-1  | running (4m16.0s), 16/16 VUs, 46451 complete and 0 interrupted iterations
load-k6-1  | fspiopTransfers   [  78% ] 16/16 VUs  4m16.0s/5m30.0s
load-k6-1  | 
load-k6-1  | 
load-k6-1  | running (4m17.0s), 16/16 VUs, 46647 complete and 0 interrupted iterations
load-k6-1  | fspiopTransfers   [  78% ] 16/16 VUs  4m17.0s/5m30.0s
load-k6-1  | 
load-k6-1  | 
load-k6-1  | running (4m18.0s), 16/16 VUs, 46848 complete and 0 interrupted iterations
load-k6-1  | fspiopTransfers   [  78% ] 16/16 VUs  4m18.0s/5m30.0s
load-k6-1  | 
load-k6-1  | 
load-k6-1  | running (4m19.0s), 16/16 VUs, 47045 complete and 0 interrupted iterations
load-k6-1  | fspiopTransfers   [  78% ] 16/16 VUs  4m19.0s/5m30.0s
load-k6-1  | 
load-k6-1  | 
load-k6-1  | running (4m20.0s), 16/16 VUs, 47227 complete and 0 interrupted iterations
load-k6-1  | fspiopTransfers   [  79% ] 16/16 VUs  4m20.0s/5m30.0s
load-k6-1  | 
load-k6-1  | 
load-k6-1  | running (4m21.0s), 16/16 VUs, 47413 complete and 0 interrupted iterations
load-k6-1  | fspiopTransfers   [  79% ] 16/16 VUs  4m21.0s/5m30.0s
load-k6-1  | 
load-k6-1  | 
load-k6-1  | running (4m22.0s), 16/16 VUs, 47609 complete and 0 interrupted iterations
load-k6-1  | fspiopTransfers   [  79% ] 16/16 VUs  4m22.0s/5m30.0s
load-k6-1  | 
load-k6-1  | 
load-k6-1  | running (4m23.0s), 16/16 VUs, 47804 complete and 0 interrupted iterations
load-k6-1  | fspiopTransfers   [  80% ] 16/16 VUs  4m23.0s/5m30.0s
load-k6-1  | 
load-k6-1  | 
load-k6-1  | running (4m24.0s), 16/16 VUs, 48005 complete and 0 interrupted iterations
load-k6-1  | fspiopTransfers   [  80% ] 16/16 VUs  4m24.0s/5m30.0s
load-k6-1  | 
load-k6-1  | 
load-k6-1  | running (4m25.0s), 16/16 VUs, 48198 complete and 0 interrupted iterations
load-k6-1  | fspiopTransfers   [  80% ] 16/16 VUs  4m25.0s/5m30.0s
load-k6-1  | 
load-k6-1  | 
load-k6-1  | running (4m26.0s), 16/16 VUs, 48393 complete and 0 interrupted iterations
load-k6-1  | fspiopTransfers   [  81% ] 16/16 VUs  4m26.0s/5m30.0s
load-k6-1  | 
load-k6-1  | 
load-k6-1  | running (4m27.0s), 16/16 VUs, 48586 complete and 0 interrupted iterations
load-k6-1  | fspiopTransfers   [  81% ] 16/16 VUs  4m27.0s/5m30.0s
load-k6-1  | 
load-k6-1  | 
load-k6-1  | running (4m28.0s), 16/16 VUs, 48784 complete and 0 interrupted iterations
load-k6-1  | fspiopTransfers   [  81% ] 16/16 VUs  4m28.0s/5m30.0s
load-k6-1  | 
load-k6-1  | 
load-k6-1  | running (4m29.0s), 16/16 VUs, 48984 complete and 0 interrupted iterations
load-k6-1  | fspiopTransfers   [  82% ] 16/16 VUs  4m29.0s/5m30.0s
load-k6-1  | 
load-k6-1  | 
load-k6-1  | running (4m30.0s), 16/16 VUs, 49187 complete and 0 interrupted iterations
load-k6-1  | fspiopTransfers   [  82% ] 16/16 VUs  4m30.0s/5m30.0s
load-k6-1  | 
load-k6-1  | 
load-k6-1  | running (4m31.0s), 16/16 VUs, 49368 complete and 0 interrupted iterations
load-k6-1  | fspiopTransfers   [  82% ] 16/16 VUs  4m31.0s/5m30.0s
load-k6-1  | 
load-k6-1  | 
load-k6-1  | running (4m32.0s), 16/16 VUs, 49565 complete and 0 interrupted iterations
load-k6-1  | fspiopTransfers   [  82% ] 16/16 VUs  4m32.0s/5m30.0s
load-k6-1  | 
load-k6-1  | 
load-k6-1  | running (4m33.0s), 16/16 VUs, 49762 complete and 0 interrupted iterations
load-k6-1  | fspiopTransfers   [  83% ] 16/16 VUs  4m33.0s/5m30.0s
load-k6-1  | 
load-k6-1  | 
load-k6-1  | running (4m34.0s), 16/16 VUs, 49955 complete and 0 interrupted iterations
load-k6-1  | fspiopTransfers   [  83% ] 16/16 VUs  4m34.0s/5m30.0s
load-k6-1  | 
load-k6-1  | 
load-k6-1  | running (4m35.0s), 16/16 VUs, 50151 complete and 0 interrupted iterations
load-k6-1  | fspiopTransfers   [  83% ] 16/16 VUs  4m35.0s/5m30.0s
load-k6-1  | 
load-k6-1  | 
load-k6-1  | running (4m36.0s), 16/16 VUs, 50346 complete and 0 interrupted iterations
load-k6-1  | fspiopTransfers   [  84% ] 16/16 VUs  4m36.0s/5m30.0s
load-k6-1  | 
load-k6-1  | 
load-k6-1  | running (4m37.0s), 16/16 VUs, 50540 complete and 0 interrupted iterations
load-k6-1  | fspiopTransfers   [  84% ] 16/16 VUs  4m37.0s/5m30.0s
load-k6-1  | 
load-k6-1  | 
load-k6-1  | running (4m38.0s), 16/16 VUs, 50738 complete and 0 interrupted iterations
load-k6-1  | fspiopTransfers   [  84% ] 16/16 VUs  4m38.0s/5m30.0s
load-k6-1  | 
load-k6-1  | 
load-k6-1  | running (4m39.0s), 16/16 VUs, 50932 complete and 0 interrupted iterations
load-k6-1  | fspiopTransfers   [  85% ] 16/16 VUs  4m39.0s/5m30.0s
load-k6-1  | 
load-k6-1  | 
load-k6-1  | running (4m40.0s), 16/16 VUs, 51131 complete and 0 interrupted iterations
load-k6-1  | fspiopTransfers   [  85% ] 16/16 VUs  4m40.0s/5m30.0s
load-k6-1  | 
load-k6-1  | 
load-k6-1  | running (4m41.0s), 16/16 VUs, 51323 complete and 0 interrupted iterations
load-k6-1  | fspiopTransfers   [  85% ] 16/16 VUs  4m41.0s/5m30.0s
load-k6-1  | 
load-k6-1  | 
load-k6-1  | running (4m42.0s), 16/16 VUs, 51521 complete and 0 interrupted iterations
load-k6-1  | fspiopTransfers   [  85% ] 16/16 VUs  4m42.0s/5m30.0s
load-k6-1  | 
load-k6-1  | 
load-k6-1  | running (4m43.0s), 16/16 VUs, 51705 complete and 0 interrupted iterations
load-k6-1  | fspiopTransfers   [  86% ] 16/16 VUs  4m43.0s/5m30.0s
load-k6-1  | 
load-k6-1  | 
load-k6-1  | running (4m44.0s), 16/16 VUs, 51884 complete and 0 interrupted iterations
load-k6-1  | fspiopTransfers   [  86% ] 16/16 VUs  4m44.0s/5m30.0s
load-k6-1  | 
load-k6-1  | 
load-k6-1  | running (4m45.0s), 16/16 VUs, 52073 complete and 0 interrupted iterations
load-k6-1  | fspiopTransfers   [  86% ] 16/16 VUs  4m45.0s/5m30.0s
load-k6-1  | 
load-k6-1  | 
load-k6-1  | running (4m46.0s), 16/16 VUs, 52273 complete and 0 interrupted iterations
load-k6-1  | fspiopTransfers   [  87% ] 16/16 VUs  4m46.0s/5m30.0s
load-k6-1  | 
load-k6-1  | 
load-k6-1  | running (4m47.0s), 16/16 VUs, 52469 complete and 0 interrupted iterations
load-k6-1  | fspiopTransfers   [  87% ] 16/16 VUs  4m47.0s/5m30.0s
load-k6-1  | 
load-k6-1  | 
load-k6-1  | running (4m48.0s), 16/16 VUs, 52661 complete and 0 interrupted iterations
load-k6-1  | fspiopTransfers   [  87% ] 16/16 VUs  4m48.0s/5m30.0s
load-k6-1  | 
load-k6-1  | 
load-k6-1  | running (4m49.0s), 16/16 VUs, 52854 complete and 0 interrupted iterations
load-k6-1  | fspiopTransfers   [  88% ] 16/16 VUs  4m49.0s/5m30.0s
load-k6-1  | 
load-k6-1  | 
load-k6-1  | running (4m50.0s), 16/16 VUs, 53049 complete and 0 interrupted iterations
load-k6-1  | fspiopTransfers   [  88% ] 16/16 VUs  4m50.0s/5m30.0s
load-k6-1  | 
load-k6-1  | 
load-k6-1  | running (4m51.0s), 16/16 VUs, 53241 complete and 0 interrupted iterations
load-k6-1  | fspiopTransfers   [  88% ] 16/16 VUs  4m51.0s/5m30.0s
load-k6-1  | 
load-k6-1  | 
load-k6-1  | running (4m52.0s), 16/16 VUs, 53437 complete and 0 interrupted iterations
load-k6-1  | fspiopTransfers   [  88% ] 16/16 VUs  4m52.0s/5m30.0s
load-k6-1  | 
load-k6-1  | 
load-k6-1  | running (4m53.0s), 16/16 VUs, 53634 complete and 0 interrupted iterations
load-k6-1  | fspiopTransfers   [  89% ] 16/16 VUs  4m53.0s/5m30.0s
load-k6-1  | 
load-k6-1  | 
load-k6-1  | running (4m54.0s), 16/16 VUs, 53830 complete and 0 interrupted iterations
load-k6-1  | fspiopTransfers   [  89% ] 16/16 VUs  4m54.0s/5m30.0s
load-k6-1  | 
load-k6-1  | 
load-k6-1  | running (4m55.0s), 16/16 VUs, 54019 complete and 0 interrupted iterations
load-k6-1  | fspiopTransfers   [  89% ] 16/16 VUs  4m55.0s/5m30.0s
load-k6-1  | 
load-k6-1  | 
load-k6-1  | running (4m56.0s), 16/16 VUs, 54218 complete and 0 interrupted iterations
load-k6-1  | fspiopTransfers   [  90% ] 16/16 VUs  4m56.0s/5m30.0s
load-k6-1  | 
load-k6-1  | 
load-k6-1  | running (4m57.0s), 16/16 VUs, 54420 complete and 0 interrupted iterations
load-k6-1  | fspiopTransfers   [  90% ] 16/16 VUs  4m57.0s/5m30.0s
load-k6-1  | 
load-k6-1  | 
load-k6-1  | running (4m58.0s), 16/16 VUs, 54619 complete and 0 interrupted iterations
load-k6-1  | fspiopTransfers   [  90% ] 16/16 VUs  4m58.0s/5m30.0s
load-k6-1  | 
load-k6-1  | 
load-k6-1  | running (4m59.0s), 16/16 VUs, 54822 complete and 0 interrupted iterations
load-k6-1  | fspiopTransfers   [  91% ] 16/16 VUs  4m59.0s/5m30.0s
load-k6-1  | 
load-k6-1  | 
load-k6-1  | running (5m00.0s), 16/16 VUs, 55020 complete and 0 interrupted iterations
load-k6-1  | fspiopTransfers   [  91% ] 16/16 VUs  5m00.0s/5m30.0s
load-k6-1  | 
load-k6-1  | 
load-k6-1  | running (5m01.0s), 16/16 VUs, 55213 complete and 0 interrupted iterations
load-k6-1  | fspiopTransfers   [  91% ] 16/16 VUs  5m01.0s/5m30.0s
load-k6-1  | 
load-k6-1  | 
load-k6-1  | running (5m02.0s), 16/16 VUs, 55412 complete and 0 interrupted iterations
load-k6-1  | fspiopTransfers   [  92% ] 16/16 VUs  5m02.0s/5m30.0s
load-k6-1  | 
load-k6-1  | 
load-k6-1  | running (5m03.0s), 16/16 VUs, 55606 complete and 0 interrupted iterations
load-k6-1  | fspiopTransfers   [  92% ] 16/16 VUs  5m03.0s/5m30.0s
load-k6-1  | 
load-k6-1  | 
load-k6-1  | running (5m04.0s), 16/16 VUs, 55806 complete and 0 interrupted iterations
load-k6-1  | fspiopTransfers   [  92% ] 16/16 VUs  5m04.0s/5m30.0s
load-k6-1  | 
load-k6-1  | 
load-k6-1  | running (5m05.0s), 16/16 VUs, 56005 complete and 0 interrupted iterations
load-k6-1  | fspiopTransfers   [  92% ] 16/16 VUs  5m05.0s/5m30.0s
load-k6-1  | 
load-k6-1  | 
load-k6-1  | running (5m06.0s), 16/16 VUs, 56193 complete and 0 interrupted iterations
load-k6-1  | fspiopTransfers   [  93% ] 16/16 VUs  5m06.0s/5m30.0s
load-k6-1  | 
load-k6-1  | 
load-k6-1  | running (5m07.0s), 16/16 VUs, 56389 complete and 0 interrupted iterations
load-k6-1  | fspiopTransfers   [  93% ] 16/16 VUs  5m07.0s/5m30.0s
load-k6-1  | 
load-k6-1  | 
load-k6-1  | running (5m08.0s), 16/16 VUs, 56583 complete and 0 interrupted iterations
load-k6-1  | fspiopTransfers   [  93% ] 16/16 VUs  5m08.0s/5m30.0s
load-k6-1  | 
load-k6-1  | 
load-k6-1  | running (5m09.0s), 16/16 VUs, 56773 complete and 0 interrupted iterations
load-k6-1  | fspiopTransfers   [  94% ] 16/16 VUs  5m09.0s/5m30.0s
load-k6-1  | 
load-k6-1  | 
load-k6-1  | running (5m10.0s), 16/16 VUs, 56964 complete and 0 interrupted iterations
load-k6-1  | fspiopTransfers   [  94% ] 16/16 VUs  5m10.0s/5m30.0s
load-k6-1  | 
load-k6-1  | 
load-k6-1  | running (5m11.0s), 16/16 VUs, 57155 complete and 0 interrupted iterations
load-k6-1  | fspiopTransfers   [  94% ] 16/16 VUs  5m11.0s/5m30.0s
load-k6-1  | 
load-k6-1  | 
load-k6-1  | running (5m12.0s), 16/16 VUs, 57349 complete and 0 interrupted iterations
load-k6-1  | fspiopTransfers   [  95% ] 16/16 VUs  5m12.0s/5m30.0s
load-k6-1  | 
load-k6-1  | 
load-k6-1  | running (5m13.0s), 16/16 VUs, 57543 complete and 0 interrupted iterations
load-k6-1  | fspiopTransfers   [  95% ] 16/16 VUs  5m13.0s/5m30.0s
load-k6-1  | 
load-k6-1  | 
load-k6-1  | running (5m14.0s), 16/16 VUs, 57740 complete and 0 interrupted iterations
load-k6-1  | fspiopTransfers   [  95% ] 16/16 VUs  5m14.0s/5m30.0s
load-k6-1  | 
load-k6-1  | 
load-k6-1  | running (5m15.0s), 16/16 VUs, 57936 complete and 0 interrupted iterations
load-k6-1  | fspiopTransfers   [  95% ] 16/16 VUs  5m15.0s/5m30.0s
load-k6-1  | 
load-k6-1  | 
load-k6-1  | running (5m16.0s), 16/16 VUs, 58117 complete and 0 interrupted iterations
load-k6-1  | fspiopTransfers   [  96% ] 16/16 VUs  5m16.0s/5m30.0s
load-k6-1  | 
load-k6-1  | 
load-k6-1  | running (5m17.0s), 16/16 VUs, 58309 complete and 0 interrupted iterations
load-k6-1  | fspiopTransfers   [  96% ] 16/16 VUs  5m17.0s/5m30.0s
load-k6-1  | 
load-k6-1  | 
load-k6-1  | running (5m18.0s), 16/16 VUs, 58507 complete and 0 interrupted iterations
load-k6-1  | fspiopTransfers   [  96% ] 16/16 VUs  5m18.0s/5m30.0s
load-k6-1  | 
load-k6-1  | 
load-k6-1  | running (5m19.0s), 16/16 VUs, 58705 complete and 0 interrupted iterations
load-k6-1  | fspiopTransfers   [  97% ] 16/16 VUs  5m19.0s/5m30.0s
load-k6-1  | 
load-k6-1  | 
load-k6-1  | running (5m20.0s), 16/16 VUs, 58897 complete and 0 interrupted iterations
load-k6-1  | fspiopTransfers   [  97% ] 16/16 VUs  5m20.0s/5m30.0s
load-k6-1  | 
load-k6-1  | 
load-k6-1  | running (5m21.0s), 16/16 VUs, 59096 complete and 0 interrupted iterations
load-k6-1  | fspiopTransfers   [  97% ] 16/16 VUs  5m21.0s/5m30.0s
load-k6-1  | 
load-k6-1  | 
load-k6-1  | running (5m22.0s), 16/16 VUs, 59287 complete and 0 interrupted iterations
load-k6-1  | fspiopTransfers   [  98% ] 16/16 VUs  5m22.0s/5m30.0s
load-k6-1  | 
load-k6-1  | 
load-k6-1  | running (5m23.0s), 16/16 VUs, 59473 complete and 0 interrupted iterations
load-k6-1  | fspiopTransfers   [  98% ] 16/16 VUs  5m23.0s/5m30.0s
load-k6-1  | 
load-k6-1  | 
load-k6-1  | running (5m24.0s), 16/16 VUs, 59669 complete and 0 interrupted iterations
load-k6-1  | fspiopTransfers   [  98% ] 16/16 VUs  5m24.0s/5m30.0s
load-k6-1  | 
load-k6-1  | 
load-k6-1  | running (5m25.0s), 16/16 VUs, 59871 complete and 0 interrupted iterations
load-k6-1  | fspiopTransfers   [  98% ] 16/16 VUs  5m25.0s/5m30.0s
load-k6-1  | 
load-k6-1  | 
load-k6-1  | running (5m26.0s), 16/16 VUs, 60068 complete and 0 interrupted iterations
load-k6-1  | fspiopTransfers   [  99% ] 16/16 VUs  5m26.0s/5m30.0s
load-k6-1  | 
load-k6-1  | 
load-k6-1  | running (5m27.0s), 16/16 VUs, 60264 complete and 0 interrupted iterations
load-k6-1  | fspiopTransfers   [  99% ] 16/16 VUs  5m27.0s/5m30.0s
load-k6-1  | 
load-k6-1  | 
load-k6-1  | running (5m28.0s), 16/16 VUs, 60465 complete and 0 interrupted iterations
load-k6-1  | fspiopTransfers   [  99% ] 16/16 VUs  5m28.0s/5m30.0s
load-k6-1  | 
load-k6-1  | 
load-k6-1  | running (5m29.0s), 16/16 VUs, 60661 complete and 0 interrupted iterations
load-k6-1  | fspiopTransfers   [ 100% ] 16/16 VUs  5m29.0s/5m30.0s
load-k6-1  | 
load-k6-1  | 
load-k6-1  | running (5m30.0s), 16/16 VUs, 60862 complete and 0 interrupted iterations
load-k6-1  | fspiopTransfers   [ 100% ] 16/16 VUs  5m30.0s/5m30.0s
load-k6-1  | 
load-k6-1  | 
load-k6-1  |      ✓ TRANSFERS_FSPIOP_POST_TRANSFERS_RESPONSE_IS_202
load-k6-1  |      ✓ TRANSFERS_E2E_FSPIOP_POST_TRANSFERS_SUCCESS
load-k6-1  | 
load-k6-1  |      █ Post Transfers
load-k6-1  | 
load-k6-1  |      checks.........................: 100.00% ✓ 121756     ✗ 0    
load-k6-1  |      data_received..................: 19 MB   58 kB/s
load-k6-1  |      data_sent......................: 126 MB  382 kB/s
load-k6-1  |      group_duration.................: avg=250.81µs min=144.63µs med=248.29µs max=22.54ms  p(90)=287.77µs p(95)=300.32µs
load-k6-1  |      http_req_blocked...............: avg=4.81µs   min=1.76µs   med=4.42µs   max=592.36µs p(90)=5.45µs   p(95)=5.88µs  
load-k6-1  |      http_req_connecting............: avg=31ns     min=0s       med=0s       max=205.57µs p(90)=0s       p(95)=0s      
load-k6-1  |    ✓ http_req_duration..............: avg=1.34ms   min=732.72µs med=1.25ms   max=34.99ms  p(90)=1.71ms   p(95)=2ms     
load-k6-1  |        { expected_response:true }...: avg=1.34ms   min=732.72µs med=1.25ms   max=34.99ms  p(90)=1.71ms   p(95)=2ms     
load-k6-1  |    ✓ http_req_failed................: 0.00%   ✓ 0          ✗ 60878
load-k6-1  |      http_req_receiving.............: avg=34.1µs   min=11.43µs  med=32.87µs  max=4.3ms    p(90)=42.04µs  p(95)=45.76µs 
load-k6-1  |      http_req_sending...............: avg=25.21µs  min=10.45µs  med=24.17µs  max=3.39ms   p(90)=29.08µs  p(95)=31.77µs 
load-k6-1  |      http_req_tls_handshaking.......: avg=0s       min=0s       med=0s       max=0s       p(90)=0s       p(95)=0s      
load-k6-1  |      http_req_waiting...............: avg=1.28ms   min=682.15µs med=1.19ms   max=34.89ms  p(90)=1.65ms   p(95)=1.93ms  
load-k6-1  |      http_reqs......................: 60878   184.440029/s
load-k6-1  |    ✓ iteration_duration.............: avg=82.77ms  min=60.4ms   med=80.72ms  max=343.53ms p(90)=97.49ms  p(95)=103.93ms
load-k6-1  |      iterations.....................: 60878   184.440029/s
load-k6-1  |      vus............................: 16      min=1        max=16 
load-k6-1  |      vus_max........................: 16      min=16       max=16 
load-k6-1  |      ws_connecting..................: avg=531.89µs min=260.34µs med=473.44µs max=20.54ms  p(90)=694.22µs p(95)=883.03µs
load-k6-1  |      ws_msgs_received...............: 60878   184.440029/s
load-k6-1  |      ws_msgs_sent...................: 60878   184.440029/s
load-k6-1  |      ws_session_duration............: avg=82.43ms  min=60.12ms  med=80.38ms  max=343.25ms p(90)=97.15ms  p(95)=103.58ms
load-k6-1  |      ws_sessions....................: 60878   184.440029/s
load-k6-1  | 
load-k6-1  | 
load-k6-1  | running (5m30.1s), 00/16 VUs, 60878 complete and 0 interrupted iterations
load-k6-1  | fspiopTransfers ✓ [ 100% ] 00/16 VUs  5m30s
load-k6-1  | 
load-k6-1 exited with code 0
