Attaching to load-k6-1
load-k6-1  | 
load-k6-1  |           /\      |‾‾| /‾‾/   /‾‾/   
load-k6-1  |      /\  /  \     |  |/  /   /  /    
load-k6-1  |     /  \/    \    |     (   /   ‾‾\  
load-k6-1  |    /          \   |  |\  \ |  (‾)  | 
load-k6-1  |   / __________ \  |__| \__\ \_____/ .io
load-k6-1  | 
load-k6-1  |   execution: local
load-k6-1  |      script: /scripts/index.js
load-k6-1  |      output: Prometheus remote write (http://prometheus:9090/api/v1/write)
load-k6-1  | 
load-k6-1  |   scenarios: (100.00%) 1 scenario, 80 max VUs, 6m0s max duration (incl. graceful stop):
load-k6-1  |            * fspiopE2E: Up to 80 looping VUs for 5m30s over 2 stages (gracefulRampDown: 30s, exec: fspiopE2EScenarios, gracefulStop: 30s)
load-k6-1  | 
load-k6-1  | 
load-k6-1  | running (0m01.0s), 03/80 VUs, 0 complete and 0 interrupted iterations
load-k6-1  | fspiopE2E   [   0% ] 03/80 VUs  0m01.0s/5m30.0s
load-k6-1  | 
load-k6-1  | running (0m02.0s), 06/80 VUs, 0 complete and 0 interrupted iterations
load-k6-1  | fspiopE2E   [   1% ] 06/80 VUs  0m02.0s/5m30.0s
load-k6-1  | 
load-k6-1  | running (0m03.0s), 08/80 VUs, 0 complete and 0 interrupted iterations
load-k6-1  | fspiopE2E   [   1% ] 08/80 VUs  0m03.0s/5m30.0s
load-k6-1  | 
load-k6-1  | running (0m04.0s), 11/80 VUs, 3 complete and 0 interrupted iterations
load-k6-1  | fspiopE2E   [   1% ] 11/80 VUs  0m04.0s/5m30.0s
load-k6-1  | 
load-k6-1  | running (0m05.0s), 14/80 VUs, 24 complete and 0 interrupted iterations
load-k6-1  | fspiopE2E   [   2% ] 14/80 VUs  0m05.0s/5m30.0s
load-k6-1  | 
load-k6-1  | running (0m06.0s), 16/80 VUs, 71 complete and 0 interrupted iterations
load-k6-1  | fspiopE2E   [   2% ] 16/80 VUs  0m06.0s/5m30.0s
load-k6-1  | 
load-k6-1  | running (0m07.0s), 19/80 VUs, 160 complete and 0 interrupted iterations
load-k6-1  | fspiopE2E   [   2% ] 19/80 VUs  0m07.0s/5m30.0s
load-k6-1  | 
load-k6-1  | running (0m08.0s), 21/80 VUs, 258 complete and 0 interrupted iterations
load-k6-1  | fspiopE2E   [   2% ] 21/80 VUs  0m08.0s/5m30.0s
load-k6-1  | 
load-k6-1  | running (0m09.0s), 24/80 VUs, 361 complete and 0 interrupted iterations
load-k6-1  | fspiopE2E   [   3% ] 24/80 VUs  0m09.0s/5m30.0s
load-k6-1  | 
load-k6-1  | running (0m10.0s), 27/80 VUs, 475 complete and 0 interrupted iterations
load-k6-1  | fspiopE2E   [   3% ] 27/80 VUs  0m10.0s/5m30.0s
load-k6-1  | 
load-k6-1  | running (0m11.0s), 29/80 VUs, 590 complete and 0 interrupted iterations
load-k6-1  | fspiopE2E   [   3% ] 29/80 VUs  0m11.0s/5m30.0s
load-k6-1  | 
load-k6-1  | running (0m12.0s), 32/80 VUs, 710 complete and 0 interrupted iterations
load-k6-1  | fspiopE2E   [   4% ] 32/80 VUs  0m12.0s/5m30.0s
load-k6-1  | 
load-k6-1  | running (0m13.0s), 35/80 VUs, 839 complete and 0 interrupted iterations
load-k6-1  | fspiopE2E   [   4% ] 35/80 VUs  0m13.0s/5m30.0s
load-k6-1  | 
load-k6-1  | running (0m14.0s), 37/80 VUs, 963 complete and 0 interrupted iterations
load-k6-1  | fspiopE2E   [   4% ] 37/80 VUs  0m14.0s/5m30.0s
load-k6-1  | 
load-k6-1  | running (0m15.0s), 40/80 VUs, 1095 complete and 0 interrupted iterations
load-k6-1  | fspiopE2E   [   5% ] 40/80 VUs  0m15.0s/5m30.0s
load-k6-1  | 
load-k6-1  | running (0m16.0s), 43/80 VUs, 1224 complete and 0 interrupted iterations
load-k6-1  | fspiopE2E   [   5% ] 43/80 VUs  0m16.0s/5m30.0s
load-k6-1  | 
load-k6-1  | running (0m17.0s), 45/80 VUs, 1373 complete and 0 interrupted iterations
load-k6-1  | fspiopE2E   [   5% ] 45/80 VUs  0m17.0s/5m30.0s
load-k6-1  | 
load-k6-1  | running (0m18.0s), 48/80 VUs, 1527 complete and 0 interrupted iterations
load-k6-1  | fspiopE2E   [   5% ] 48/80 VUs  0m18.0s/5m30.0s
load-k6-1  | 
load-k6-1  | running (0m19.0s), 50/80 VUs, 1687 complete and 0 interrupted iterations
load-k6-1  | fspiopE2E   [   6% ] 50/80 VUs  0m19.0s/5m30.0s
load-k6-1  | 
load-k6-1  | running (0m20.0s), 53/80 VUs, 1848 complete and 0 interrupted iterations
load-k6-1  | fspiopE2E   [   6% ] 53/80 VUs  0m20.0s/5m30.0s
load-k6-1  | 
load-k6-1  | running (0m21.0s), 56/80 VUs, 2018 complete and 0 interrupted iterations
load-k6-1  | fspiopE2E   [   6% ] 56/80 VUs  0m21.0s/5m30.0s
load-k6-1  | 
load-k6-1  | running (0m22.0s), 58/80 VUs, 2176 complete and 0 interrupted iterations
load-k6-1  | fspiopE2E   [   7% ] 58/80 VUs  0m22.0s/5m30.0s
load-k6-1  | 
load-k6-1  | running (0m23.0s), 61/80 VUs, 2350 complete and 0 interrupted iterations
load-k6-1  | fspiopE2E   [   7% ] 61/80 VUs  0m23.0s/5m30.0s
load-k6-1  | 
load-k6-1  | running (0m24.0s), 64/80 VUs, 2520 complete and 0 interrupted iterations
load-k6-1  | fspiopE2E   [   7% ] 64/80 VUs  0m24.0s/5m30.0s
load-k6-1  | 
load-k6-1  | running (0m25.0s), 66/80 VUs, 2715 complete and 0 interrupted iterations
load-k6-1  | fspiopE2E   [   8% ] 66/80 VUs  0m25.0s/5m30.0s
load-k6-1  | 
load-k6-1  | running (0m26.0s), 69/80 VUs, 2890 complete and 0 interrupted iterations
load-k6-1  | fspiopE2E   [   8% ] 69/80 VUs  0m26.0s/5m30.0s
load-k6-1  | 
load-k6-1  | running (0m27.0s), 71/80 VUs, 3092 complete and 0 interrupted iterations
load-k6-1  | fspiopE2E   [   8% ] 71/80 VUs  0m27.0s/5m30.0s
load-k6-1  | 
load-k6-1  | running (0m28.0s), 74/80 VUs, 3278 complete and 0 interrupted iterations
load-k6-1  | fspiopE2E   [   8% ] 74/80 VUs  0m28.0s/5m30.0s
load-k6-1  | 
load-k6-1  | running (0m29.0s), 77/80 VUs, 3478 complete and 0 interrupted iterations
load-k6-1  | fspiopE2E   [   9% ] 77/80 VUs  0m29.0s/5m30.0s
load-k6-1  | 
load-k6-1  | running (0m30.0s), 79/80 VUs, 3663 complete and 0 interrupted iterations
load-k6-1  | fspiopE2E   [   9% ] 79/80 VUs  0m30.0s/5m30.0s
load-k6-1  | 
load-k6-1  | running (0m31.0s), 80/80 VUs, 3875 complete and 0 interrupted iterations
load-k6-1  | fspiopE2E   [   9% ] 80/80 VUs  0m31.0s/5m30.0s
load-k6-1  | 
load-k6-1  | running (0m32.0s), 80/80 VUs, 4072 complete and 0 interrupted iterations
load-k6-1  | fspiopE2E   [  10% ] 80/80 VUs  0m32.0s/5m30.0s
load-k6-1  | 
load-k6-1  | running (0m33.0s), 80/80 VUs, 4275 complete and 0 interrupted iterations
load-k6-1  | fspiopE2E   [  10% ] 80/80 VUs  0m33.0s/5m30.0s
load-k6-1  | 
load-k6-1  | running (0m34.0s), 80/80 VUs, 4502 complete and 0 interrupted iterations
load-k6-1  | fspiopE2E   [  10% ] 80/80 VUs  0m34.0s/5m30.0s
load-k6-1  | 
load-k6-1  | running (0m35.0s), 80/80 VUs, 4694 complete and 0 interrupted iterations
load-k6-1  | fspiopE2E   [  11% ] 80/80 VUs  0m35.0s/5m30.0s
load-k6-1  | 
load-k6-1  | running (0m36.0s), 80/80 VUs, 4884 complete and 0 interrupted iterations
load-k6-1  | fspiopE2E   [  11% ] 80/80 VUs  0m36.0s/5m30.0s
load-k6-1  | 
load-k6-1  | running (0m37.0s), 80/80 VUs, 5111 complete and 0 interrupted iterations
load-k6-1  | fspiopE2E   [  11% ] 80/80 VUs  0m37.0s/5m30.0s
load-k6-1  | 
load-k6-1  | running (0m38.0s), 80/80 VUs, 5298 complete and 0 interrupted iterations
load-k6-1  | fspiopE2E   [  12% ] 80/80 VUs  0m38.0s/5m30.0s
load-k6-1  | 
load-k6-1  | running (0m39.0s), 80/80 VUs, 5513 complete and 0 interrupted iterations
load-k6-1  | fspiopE2E   [  12% ] 80/80 VUs  0m39.0s/5m30.0s
load-k6-1  | 
load-k6-1  | running (0m40.0s), 80/80 VUs, 5731 complete and 0 interrupted iterations
load-k6-1  | fspiopE2E   [  12% ] 80/80 VUs  0m40.0s/5m30.0s
load-k6-1  | 
load-k6-1  | running (0m41.0s), 80/80 VUs, 5942 complete and 0 interrupted iterations
load-k6-1  | fspiopE2E   [  12% ] 80/80 VUs  0m41.0s/5m30.0s
load-k6-1  | 
load-k6-1  | running (0m42.0s), 80/80 VUs, 6141 complete and 0 interrupted iterations
load-k6-1  | fspiopE2E   [  13% ] 80/80 VUs  0m42.0s/5m30.0s
load-k6-1  | 
load-k6-1  | running (0m43.0s), 80/80 VUs, 6363 complete and 0 interrupted iterations
load-k6-1  | fspiopE2E   [  13% ] 80/80 VUs  0m43.0s/5m30.0s
load-k6-1  | 
load-k6-1  | running (0m44.0s), 80/80 VUs, 6573 complete and 0 interrupted iterations
load-k6-1  | fspiopE2E   [  13% ] 80/80 VUs  0m44.0s/5m30.0s
load-k6-1  | 
load-k6-1  | running (0m45.0s), 80/80 VUs, 6788 complete and 0 interrupted iterations
load-k6-1  | fspiopE2E   [  14% ] 80/80 VUs  0m45.0s/5m30.0s
load-k6-1  | 
load-k6-1  | running (0m46.0s), 80/80 VUs, 6995 complete and 0 interrupted iterations
load-k6-1  | fspiopE2E   [  14% ] 80/80 VUs  0m46.0s/5m30.0s
load-k6-1  | 
load-k6-1  | running (0m47.0s), 80/80 VUs, 7211 complete and 0 interrupted iterations
load-k6-1  | fspiopE2E   [  14% ] 80/80 VUs  0m47.0s/5m30.0s
load-k6-1  | 
load-k6-1  | running (0m48.0s), 80/80 VUs, 7413 complete and 0 interrupted iterations
load-k6-1  | fspiopE2E   [  15% ] 80/80 VUs  0m48.0s/5m30.0s
load-k6-1  | 
load-k6-1  | running (0m49.0s), 80/80 VUs, 7629 complete and 0 interrupted iterations
load-k6-1  | fspiopE2E   [  15% ] 80/80 VUs  0m49.0s/5m30.0s
load-k6-1  | 
load-k6-1  | running (0m50.0s), 80/80 VUs, 7837 complete and 0 interrupted iterations
load-k6-1  | fspiopE2E   [  15% ] 80/80 VUs  0m50.0s/5m30.0s
load-k6-1  | 
load-k6-1  | running (0m51.0s), 80/80 VUs, 8033 complete and 0 interrupted iterations
load-k6-1  | fspiopE2E   [  15% ] 80/80 VUs  0m51.0s/5m30.0s
load-k6-1  | 
load-k6-1  | running (0m52.0s), 80/80 VUs, 8251 complete and 0 interrupted iterations
load-k6-1  | fspiopE2E   [  16% ] 80/80 VUs  0m52.0s/5m30.0s
load-k6-1  | 
load-k6-1  | running (0m53.0s), 80/80 VUs, 8466 complete and 0 interrupted iterations
load-k6-1  | fspiopE2E   [  16% ] 80/80 VUs  0m53.0s/5m30.0s
load-k6-1  | 
load-k6-1  | running (0m54.0s), 80/80 VUs, 8690 complete and 0 interrupted iterations
load-k6-1  | fspiopE2E   [  16% ] 80/80 VUs  0m54.0s/5m30.0s
load-k6-1  | 
load-k6-1  | running (0m55.0s), 80/80 VUs, 8902 complete and 0 interrupted iterations
load-k6-1  | fspiopE2E   [  17% ] 80/80 VUs  0m55.0s/5m30.0s
load-k6-1  | 
load-k6-1  | running (0m56.0s), 80/80 VUs, 9114 complete and 0 interrupted iterations
load-k6-1  | fspiopE2E   [  17% ] 80/80 VUs  0m56.0s/5m30.0s
load-k6-1  | 
load-k6-1  | running (0m57.0s), 80/80 VUs, 9336 complete and 0 interrupted iterations
load-k6-1  | fspiopE2E   [  17% ] 80/80 VUs  0m57.0s/5m30.0s
load-k6-1  | 
load-k6-1  | running (0m58.0s), 80/80 VUs, 9554 complete and 0 interrupted iterations
load-k6-1  | fspiopE2E   [  18% ] 80/80 VUs  0m58.0s/5m30.0s
load-k6-1  | 
load-k6-1  | running (0m59.0s), 80/80 VUs, 9777 complete and 0 interrupted iterations
load-k6-1  | fspiopE2E   [  18% ] 80/80 VUs  0m59.0s/5m30.0s
load-k6-1  | 
load-k6-1  | running (1m00.0s), 80/80 VUs, 9966 complete and 0 interrupted iterations
load-k6-1  | fspiopE2E   [  18% ] 80/80 VUs  1m00.0s/5m30.0s
load-k6-1  | 
load-k6-1  | running (1m01.0s), 80/80 VUs, 10195 complete and 0 interrupted iterations
load-k6-1  | fspiopE2E   [  18% ] 80/80 VUs  1m01.0s/5m30.0s
load-k6-1  | 
load-k6-1  | running (1m02.0s), 80/80 VUs, 10432 complete and 0 interrupted iterations
load-k6-1  | fspiopE2E   [  19% ] 80/80 VUs  1m02.0s/5m30.0s
load-k6-1  | 
load-k6-1  | running (1m03.0s), 80/80 VUs, 10650 complete and 0 interrupted iterations
load-k6-1  | fspiopE2E   [  19% ] 80/80 VUs  1m03.0s/5m30.0s
load-k6-1  | 
load-k6-1  | running (1m04.0s), 80/80 VUs, 10871 complete and 0 interrupted iterations
load-k6-1  | fspiopE2E   [  19% ] 80/80 VUs  1m04.0s/5m30.0s
load-k6-1  | 
load-k6-1  | running (1m05.0s), 80/80 VUs, 11088 complete and 0 interrupted iterations
load-k6-1  | fspiopE2E   [  20% ] 80/80 VUs  1m05.0s/5m30.0s
load-k6-1  | 
load-k6-1  | running (1m06.0s), 80/80 VUs, 11289 complete and 0 interrupted iterations
load-k6-1  | fspiopE2E   [  20% ] 80/80 VUs  1m06.0s/5m30.0s
load-k6-1  | 
load-k6-1  | running (1m07.0s), 80/80 VUs, 11502 complete and 0 interrupted iterations
load-k6-1  | fspiopE2E   [  20% ] 80/80 VUs  1m07.0s/5m30.0s
load-k6-1  | 
load-k6-1  | running (1m08.0s), 80/80 VUs, 11726 complete and 0 interrupted iterations
load-k6-1  | fspiopE2E   [  21% ] 80/80 VUs  1m08.0s/5m30.0s
load-k6-1  | 
load-k6-1  | running (1m09.0s), 80/80 VUs, 11952 complete and 0 interrupted iterations
load-k6-1  | fspiopE2E   [  21% ] 80/80 VUs  1m09.0s/5m30.0s
load-k6-1  | 
load-k6-1  | running (1m10.0s), 80/80 VUs, 12159 complete and 0 interrupted iterations
load-k6-1  | fspiopE2E   [  21% ] 80/80 VUs  1m10.0s/5m30.0s
load-k6-1  | 
load-k6-1  | running (1m11.0s), 80/80 VUs, 12383 complete and 0 interrupted iterations
load-k6-1  | fspiopE2E   [  22% ] 80/80 VUs  1m11.0s/5m30.0s
load-k6-1  | 
load-k6-1  | running (1m12.0s), 80/80 VUs, 12618 complete and 0 interrupted iterations
load-k6-1  | fspiopE2E   [  22% ] 80/80 VUs  1m12.0s/5m30.0s
load-k6-1  | 
load-k6-1  | running (1m13.0s), 80/80 VUs, 12829 complete and 0 interrupted iterations
load-k6-1  | fspiopE2E   [  22% ] 80/80 VUs  1m13.0s/5m30.0s
load-k6-1  | 
load-k6-1  | running (1m14.0s), 80/80 VUs, 13063 complete and 0 interrupted iterations
load-k6-1  | fspiopE2E   [  22% ] 80/80 VUs  1m14.0s/5m30.0s
load-k6-1  | 
load-k6-1  | running (1m15.0s), 80/80 VUs, 13278 complete and 0 interrupted iterations
load-k6-1  | fspiopE2E   [  23% ] 80/80 VUs  1m15.0s/5m30.0s
load-k6-1  | 
load-k6-1  | running (1m16.0s), 80/80 VUs, 13490 complete and 0 interrupted iterations
load-k6-1  | fspiopE2E   [  23% ] 80/80 VUs  1m16.0s/5m30.0s
load-k6-1  | 
load-k6-1  | running (1m17.0s), 80/80 VUs, 13700 complete and 0 interrupted iterations
load-k6-1  | fspiopE2E   [  23% ] 80/80 VUs  1m17.0s/5m30.0s
load-k6-1  | 
load-k6-1  | running (1m18.0s), 80/80 VUs, 13929 complete and 0 interrupted iterations
load-k6-1  | fspiopE2E   [  24% ] 80/80 VUs  1m18.0s/5m30.0s
load-k6-1  | 
load-k6-1  | running (1m19.0s), 80/80 VUs, 14141 complete and 0 interrupted iterations
load-k6-1  | fspiopE2E   [  24% ] 80/80 VUs  1m19.0s/5m30.0s
load-k6-1  | 
load-k6-1  | running (1m20.0s), 80/80 VUs, 14360 complete and 0 interrupted iterations
load-k6-1  | fspiopE2E   [  24% ] 80/80 VUs  1m20.0s/5m30.0s
load-k6-1  | 
load-k6-1  | running (1m21.0s), 80/80 VUs, 14569 complete and 0 interrupted iterations
load-k6-1  | fspiopE2E   [  25% ] 80/80 VUs  1m21.0s/5m30.0s
load-k6-1  | 
load-k6-1  | running (1m22.0s), 80/80 VUs, 14799 complete and 0 interrupted iterations
load-k6-1  | fspiopE2E   [  25% ] 80/80 VUs  1m22.0s/5m30.0s
load-k6-1  | 
load-k6-1  | running (1m23.0s), 80/80 VUs, 15003 complete and 0 interrupted iterations
load-k6-1  | fspiopE2E   [  25% ] 80/80 VUs  1m23.0s/5m30.0s
load-k6-1  | 
load-k6-1  | running (1m24.0s), 80/80 VUs, 15224 complete and 0 interrupted iterations
load-k6-1  | fspiopE2E   [  25% ] 80/80 VUs  1m24.0s/5m30.0s
load-k6-1  | 
load-k6-1  | running (1m25.0s), 80/80 VUs, 15413 complete and 0 interrupted iterations
load-k6-1  | fspiopE2E   [  26% ] 80/80 VUs  1m25.0s/5m30.0s
load-k6-1  | 
load-k6-1  | running (1m26.0s), 80/80 VUs, 15604 complete and 0 interrupted iterations
load-k6-1  | fspiopE2E   [  26% ] 80/80 VUs  1m26.0s/5m30.0s
load-k6-1  | 
load-k6-1  | running (1m27.0s), 80/80 VUs, 15806 complete and 0 interrupted iterations
load-k6-1  | fspiopE2E   [  26% ] 80/80 VUs  1m27.0s/5m30.0s
load-k6-1  | 
load-k6-1  | running (1m28.0s), 80/80 VUs, 16021 complete and 0 interrupted iterations
load-k6-1  | fspiopE2E   [  27% ] 80/80 VUs  1m28.0s/5m30.0s
load-k6-1  | 
load-k6-1  | running (1m29.0s), 80/80 VUs, 16249 complete and 0 interrupted iterations
load-k6-1  | fspiopE2E   [  27% ] 80/80 VUs  1m29.0s/5m30.0s
load-k6-1  | 
load-k6-1  | running (1m30.0s), 80/80 VUs, 16440 complete and 0 interrupted iterations
load-k6-1  | fspiopE2E   [  27% ] 80/80 VUs  1m30.0s/5m30.0s
load-k6-1  | 
load-k6-1  | running (1m31.0s), 80/80 VUs, 16647 complete and 0 interrupted iterations
load-k6-1  | fspiopE2E   [  28% ] 80/80 VUs  1m31.0s/5m30.0s
load-k6-1  | 
load-k6-1  | running (1m32.0s), 80/80 VUs, 16872 complete and 0 interrupted iterations
load-k6-1  | fspiopE2E   [  28% ] 80/80 VUs  1m32.0s/5m30.0s
load-k6-1  | 
load-k6-1  | running (1m33.0s), 80/80 VUs, 17109 complete and 0 interrupted iterations
load-k6-1  | fspiopE2E   [  28% ] 80/80 VUs  1m33.0s/5m30.0s
load-k6-1  | 
load-k6-1  | running (1m34.0s), 80/80 VUs, 17336 complete and 0 interrupted iterations
load-k6-1  | fspiopE2E   [  28% ] 80/80 VUs  1m34.0s/5m30.0s
load-k6-1  | 
load-k6-1  | running (1m35.0s), 80/80 VUs, 17525 complete and 0 interrupted iterations
load-k6-1  | fspiopE2E   [  29% ] 80/80 VUs  1m35.0s/5m30.0s
load-k6-1  | 
load-k6-1  | running (1m36.0s), 80/80 VUs, 17742 complete and 0 interrupted iterations
load-k6-1  | fspiopE2E   [  29% ] 80/80 VUs  1m36.0s/5m30.0s
load-k6-1  | 
load-k6-1  | running (1m37.0s), 80/80 VUs, 17972 complete and 0 interrupted iterations
load-k6-1  | fspiopE2E   [  29% ] 80/80 VUs  1m37.0s/5m30.0s
load-k6-1  | 
load-k6-1  | running (1m38.0s), 80/80 VUs, 18184 complete and 0 interrupted iterations
load-k6-1  | fspiopE2E   [  30% ] 80/80 VUs  1m38.0s/5m30.0s
load-k6-1  | 
load-k6-1  | running (1m39.0s), 80/80 VUs, 18398 complete and 0 interrupted iterations
load-k6-1  | fspiopE2E   [  30% ] 80/80 VUs  1m39.0s/5m30.0s
load-k6-1  | 
load-k6-1  | running (1m40.0s), 80/80 VUs, 18627 complete and 0 interrupted iterations
load-k6-1  | fspiopE2E   [  30% ] 80/80 VUs  1m40.0s/5m30.0s
load-k6-1  | 
load-k6-1  | running (1m41.0s), 80/80 VUs, 18844 complete and 0 interrupted iterations
load-k6-1  | fspiopE2E   [  31% ] 80/80 VUs  1m41.0s/5m30.0s
load-k6-1  | 
load-k6-1  | running (1m42.0s), 80/80 VUs, 19071 complete and 0 interrupted iterations
load-k6-1  | fspiopE2E   [  31% ] 80/80 VUs  1m42.0s/5m30.0s
load-k6-1  | 
load-k6-1  | running (1m43.0s), 80/80 VUs, 19298 complete and 0 interrupted iterations
load-k6-1  | fspiopE2E   [  31% ] 80/80 VUs  1m43.0s/5m30.0s
load-k6-1  | 
load-k6-1  | running (1m44.0s), 80/80 VUs, 19514 complete and 0 interrupted iterations
load-k6-1  | fspiopE2E   [  32% ] 80/80 VUs  1m44.0s/5m30.0s
load-k6-1  | 
load-k6-1  | running (1m45.0s), 80/80 VUs, 19716 complete and 0 interrupted iterations
load-k6-1  | fspiopE2E   [  32% ] 80/80 VUs  1m45.0s/5m30.0s
load-k6-1  | 
load-k6-1  | running (1m46.0s), 80/80 VUs, 19955 complete and 0 interrupted iterations
load-k6-1  | fspiopE2E   [  32% ] 80/80 VUs  1m46.0s/5m30.0s
load-k6-1  | 
load-k6-1  | running (1m47.0s), 80/80 VUs, 20162 complete and 0 interrupted iterations
load-k6-1  | fspiopE2E   [  32% ] 80/80 VUs  1m47.0s/5m30.0s
load-k6-1  | 
load-k6-1  | running (1m48.0s), 80/80 VUs, 20384 complete and 0 interrupted iterations
load-k6-1  | fspiopE2E   [  33% ] 80/80 VUs  1m48.0s/5m30.0s
load-k6-1  | 
load-k6-1  | running (1m49.0s), 80/80 VUs, 20594 complete and 0 interrupted iterations
load-k6-1  | fspiopE2E   [  33% ] 80/80 VUs  1m49.0s/5m30.0s
load-k6-1  | 
load-k6-1  | running (1m50.0s), 80/80 VUs, 20795 complete and 0 interrupted iterations
load-k6-1  | fspiopE2E   [  33% ] 80/80 VUs  1m50.0s/5m30.0s
load-k6-1  | 
load-k6-1  | running (1m51.0s), 80/80 VUs, 21025 complete and 0 interrupted iterations
load-k6-1  | fspiopE2E   [  34% ] 80/80 VUs  1m51.0s/5m30.0s
load-k6-1  | 
load-k6-1  | running (1m52.0s), 80/80 VUs, 21234 complete and 0 interrupted iterations
load-k6-1  | fspiopE2E   [  34% ] 80/80 VUs  1m52.0s/5m30.0s
load-k6-1  | 
load-k6-1  | running (1m53.0s), 80/80 VUs, 21458 complete and 0 interrupted iterations
load-k6-1  | fspiopE2E   [  34% ] 80/80 VUs  1m53.0s/5m30.0s
load-k6-1  | 
load-k6-1  | running (1m54.0s), 80/80 VUs, 21672 complete and 0 interrupted iterations
load-k6-1  | fspiopE2E   [  35% ] 80/80 VUs  1m54.0s/5m30.0s
load-k6-1  | 
load-k6-1  | running (1m55.0s), 80/80 VUs, 21897 complete and 0 interrupted iterations
load-k6-1  | fspiopE2E   [  35% ] 80/80 VUs  1m55.0s/5m30.0s
load-k6-1  | 
load-k6-1  | running (1m56.0s), 80/80 VUs, 22116 complete and 0 interrupted iterations
load-k6-1  | fspiopE2E   [  35% ] 80/80 VUs  1m56.0s/5m30.0s
load-k6-1  | 
load-k6-1  | running (1m57.0s), 80/80 VUs, 22352 complete and 0 interrupted iterations
load-k6-1  | fspiopE2E   [  35% ] 80/80 VUs  1m57.0s/5m30.0s
load-k6-1  | 
load-k6-1  | running (1m58.0s), 80/80 VUs, 22571 complete and 0 interrupted iterations
load-k6-1  | fspiopE2E   [  36% ] 80/80 VUs  1m58.0s/5m30.0s
load-k6-1  | 
load-k6-1  | running (1m59.0s), 80/80 VUs, 22802 complete and 0 interrupted iterations
load-k6-1  | fspiopE2E   [  36% ] 80/80 VUs  1m59.0s/5m30.0s
load-k6-1  | 
load-k6-1  | running (2m00.0s), 80/80 VUs, 23024 complete and 0 interrupted iterations
load-k6-1  | fspiopE2E   [  36% ] 80/80 VUs  2m00.0s/5m30.0s
load-k6-1  | 
load-k6-1  | running (2m01.0s), 80/80 VUs, 23225 complete and 0 interrupted iterations
load-k6-1  | fspiopE2E   [  37% ] 80/80 VUs  2m01.0s/5m30.0s
load-k6-1  | 
load-k6-1  | running (2m02.0s), 80/80 VUs, 23460 complete and 0 interrupted iterations
load-k6-1  | fspiopE2E   [  37% ] 80/80 VUs  2m02.0s/5m30.0s
load-k6-1  | 
load-k6-1  | running (2m03.0s), 80/80 VUs, 23675 complete and 0 interrupted iterations
load-k6-1  | fspiopE2E   [  37% ] 80/80 VUs  2m03.0s/5m30.0s
load-k6-1  | 
load-k6-1  | running (2m04.0s), 80/80 VUs, 23909 complete and 0 interrupted iterations
load-k6-1  | fspiopE2E   [  38% ] 80/80 VUs  2m04.0s/5m30.0s
load-k6-1  | 
load-k6-1  | running (2m05.0s), 80/80 VUs, 24123 complete and 0 interrupted iterations
load-k6-1  | fspiopE2E   [  38% ] 80/80 VUs  2m05.0s/5m30.0s
load-k6-1  | 
load-k6-1  | running (2m06.0s), 80/80 VUs, 24336 complete and 0 interrupted iterations
load-k6-1  | fspiopE2E   [  38% ] 80/80 VUs  2m06.0s/5m30.0s
load-k6-1  | 
load-k6-1  | running (2m07.0s), 80/80 VUs, 24541 complete and 0 interrupted iterations
load-k6-1  | fspiopE2E   [  38% ] 80/80 VUs  2m07.0s/5m30.0s
load-k6-1  | 
load-k6-1  | running (2m08.0s), 80/80 VUs, 24769 complete and 0 interrupted iterations
load-k6-1  | fspiopE2E   [  39% ] 80/80 VUs  2m08.0s/5m30.0s
load-k6-1  | 
load-k6-1  | running (2m09.0s), 80/80 VUs, 25000 complete and 0 interrupted iterations
load-k6-1  | fspiopE2E   [  39% ] 80/80 VUs  2m09.0s/5m30.0s
load-k6-1  | 
load-k6-1  | running (2m10.0s), 80/80 VUs, 25233 complete and 0 interrupted iterations
load-k6-1  | fspiopE2E   [  39% ] 80/80 VUs  2m10.0s/5m30.0s
load-k6-1  | 
load-k6-1  | running (2m11.0s), 80/80 VUs, 25436 complete and 0 interrupted iterations
load-k6-1  | fspiopE2E   [  40% ] 80/80 VUs  2m11.0s/5m30.0s
load-k6-1  | 
load-k6-1  | running (2m12.0s), 80/80 VUs, 25661 complete and 0 interrupted iterations
load-k6-1  | fspiopE2E   [  40% ] 80/80 VUs  2m12.0s/5m30.0s
load-k6-1  | 
load-k6-1  | running (2m13.0s), 80/80 VUs, 25896 complete and 0 interrupted iterations
load-k6-1  | fspiopE2E   [  40% ] 80/80 VUs  2m13.0s/5m30.0s
load-k6-1  | 
load-k6-1  | running (2m14.0s), 80/80 VUs, 26086 complete and 0 interrupted iterations
load-k6-1  | fspiopE2E   [  41% ] 80/80 VUs  2m14.0s/5m30.0s
load-k6-1  | 
load-k6-1  | running (2m15.0s), 80/80 VUs, 26312 complete and 0 interrupted iterations
load-k6-1  | fspiopE2E   [  41% ] 80/80 VUs  2m15.0s/5m30.0s
load-k6-1  | 
load-k6-1  | running (2m16.0s), 80/80 VUs, 26551 complete and 0 interrupted iterations
load-k6-1  | fspiopE2E   [  41% ] 80/80 VUs  2m16.0s/5m30.0s
load-k6-1  | 
load-k6-1  | running (2m17.0s), 80/80 VUs, 26773 complete and 0 interrupted iterations
load-k6-1  | fspiopE2E   [  42% ] 80/80 VUs  2m17.0s/5m30.0s
load-k6-1  | 
load-k6-1  | running (2m18.0s), 80/80 VUs, 27000 complete and 0 interrupted iterations
load-k6-1  | fspiopE2E   [  42% ] 80/80 VUs  2m18.0s/5m30.0s
load-k6-1  | 
load-k6-1  | running (2m19.0s), 80/80 VUs, 27212 complete and 0 interrupted iterations
load-k6-1  | fspiopE2E   [  42% ] 80/80 VUs  2m19.0s/5m30.0s
load-k6-1  | 
load-k6-1  | running (2m20.0s), 80/80 VUs, 27433 complete and 0 interrupted iterations
load-k6-1  | fspiopE2E   [  42% ] 80/80 VUs  2m20.0s/5m30.0s
load-k6-1  | 
load-k6-1  | running (2m21.0s), 80/80 VUs, 27626 complete and 0 interrupted iterations
load-k6-1  | fspiopE2E   [  43% ] 80/80 VUs  2m21.0s/5m30.0s
load-k6-1  | 
load-k6-1  | running (2m22.0s), 80/80 VUs, 27841 complete and 0 interrupted iterations
load-k6-1  | fspiopE2E   [  43% ] 80/80 VUs  2m22.0s/5m30.0s
load-k6-1  | 
load-k6-1  | running (2m23.0s), 80/80 VUs, 28075 complete and 0 interrupted iterations
load-k6-1  | fspiopE2E   [  43% ] 80/80 VUs  2m23.0s/5m30.0s
load-k6-1  | 
load-k6-1  | running (2m24.0s), 80/80 VUs, 28284 complete and 0 interrupted iterations
load-k6-1  | fspiopE2E   [  44% ] 80/80 VUs  2m24.0s/5m30.0s
load-k6-1  | 
load-k6-1  | running (2m25.0s), 80/80 VUs, 28497 complete and 0 interrupted iterations
load-k6-1  | fspiopE2E   [  44% ] 80/80 VUs  2m25.0s/5m30.0s
load-k6-1  | 
load-k6-1  | running (2m26.0s), 80/80 VUs, 28717 complete and 0 interrupted iterations
load-k6-1  | fspiopE2E   [  44% ] 80/80 VUs  2m26.0s/5m30.0s
load-k6-1  | 
load-k6-1  | running (2m27.0s), 80/80 VUs, 28911 complete and 0 interrupted iterations
load-k6-1  | fspiopE2E   [  45% ] 80/80 VUs  2m27.0s/5m30.0s
load-k6-1  | 
load-k6-1  | running (2m28.0s), 80/80 VUs, 29131 complete and 0 interrupted iterations
load-k6-1  | fspiopE2E   [  45% ] 80/80 VUs  2m28.0s/5m30.0s
load-k6-1  | 
load-k6-1  | running (2m29.0s), 80/80 VUs, 29355 complete and 0 interrupted iterations
load-k6-1  | fspiopE2E   [  45% ] 80/80 VUs  2m29.0s/5m30.0s
load-k6-1  | 
load-k6-1  | running (2m30.0s), 80/80 VUs, 29587 complete and 0 interrupted iterations
load-k6-1  | fspiopE2E   [  45% ] 80/80 VUs  2m30.0s/5m30.0s
load-k6-1  | 
load-k6-1  | running (2m31.0s), 80/80 VUs, 29815 complete and 0 interrupted iterations
load-k6-1  | fspiopE2E   [  46% ] 80/80 VUs  2m31.0s/5m30.0s
load-k6-1  | 
load-k6-1  | running (2m32.0s), 80/80 VUs, 30041 complete and 0 interrupted iterations
load-k6-1  | fspiopE2E   [  46% ] 80/80 VUs  2m32.0s/5m30.0s
load-k6-1  | 
load-k6-1  | running (2m33.0s), 80/80 VUs, 30261 complete and 0 interrupted iterations
load-k6-1  | fspiopE2E   [  46% ] 80/80 VUs  2m33.0s/5m30.0s
load-k6-1  | 
load-k6-1  | running (2m34.0s), 80/80 VUs, 30465 complete and 0 interrupted iterations
load-k6-1  | fspiopE2E   [  47% ] 80/80 VUs  2m34.0s/5m30.0s
load-k6-1  | 
load-k6-1  | running (2m35.0s), 80/80 VUs, 30652 complete and 0 interrupted iterations
load-k6-1  | fspiopE2E   [  47% ] 80/80 VUs  2m35.0s/5m30.0s
load-k6-1  | 
load-k6-1  | running (2m36.0s), 80/80 VUs, 30867 complete and 0 interrupted iterations
load-k6-1  | fspiopE2E   [  47% ] 80/80 VUs  2m36.0s/5m30.0s
load-k6-1  | 
load-k6-1  | running (2m37.0s), 80/80 VUs, 31085 complete and 0 interrupted iterations
load-k6-1  | fspiopE2E   [  48% ] 80/80 VUs  2m37.0s/5m30.0s
load-k6-1  | 
load-k6-1  | running (2m38.0s), 80/80 VUs, 31301 complete and 0 interrupted iterations
load-k6-1  | fspiopE2E   [  48% ] 80/80 VUs  2m38.0s/5m30.0s
load-k6-1  | 
load-k6-1  | running (2m39.0s), 80/80 VUs, 31533 complete and 0 interrupted iterations
load-k6-1  | fspiopE2E   [  48% ] 80/80 VUs  2m39.0s/5m30.0s
load-k6-1  | 
load-k6-1  | running (2m40.0s), 80/80 VUs, 31752 complete and 0 interrupted iterations
load-k6-1  | fspiopE2E   [  48% ] 80/80 VUs  2m40.0s/5m30.0s
load-k6-1  | 
load-k6-1  | running (2m41.0s), 80/80 VUs, 31975 complete and 0 interrupted iterations
load-k6-1  | fspiopE2E   [  49% ] 80/80 VUs  2m41.0s/5m30.0s
load-k6-1  | 
load-k6-1  | running (2m42.0s), 80/80 VUs, 32207 complete and 0 interrupted iterations
load-k6-1  | fspiopE2E   [  49% ] 80/80 VUs  2m42.0s/5m30.0s
load-k6-1  | 
load-k6-1  | running (2m43.0s), 80/80 VUs, 32404 complete and 0 interrupted iterations
load-k6-1  | fspiopE2E   [  49% ] 80/80 VUs  2m43.0s/5m30.0s
load-k6-1  | 
load-k6-1  | running (2m44.0s), 80/80 VUs, 32628 complete and 0 interrupted iterations
load-k6-1  | fspiopE2E   [  50% ] 80/80 VUs  2m44.0s/5m30.0s
load-k6-1  | 
load-k6-1  | running (2m45.0s), 80/80 VUs, 32844 complete and 0 interrupted iterations
load-k6-1  | fspiopE2E   [  50% ] 80/80 VUs  2m45.0s/5m30.0s
load-k6-1  | 
load-k6-1  | running (2m46.0s), 80/80 VUs, 33086 complete and 0 interrupted iterations
load-k6-1  | fspiopE2E   [  50% ] 80/80 VUs  2m46.0s/5m30.0s
load-k6-1  | 
load-k6-1  | running (2m47.0s), 80/80 VUs, 33297 complete and 0 interrupted iterations
load-k6-1  | fspiopE2E   [  51% ] 80/80 VUs  2m47.0s/5m30.0s
load-k6-1  | 
load-k6-1  | running (2m48.0s), 80/80 VUs, 33526 complete and 0 interrupted iterations
load-k6-1  | fspiopE2E   [  51% ] 80/80 VUs  2m48.0s/5m30.0s
load-k6-1  | 
load-k6-1  | running (2m49.0s), 80/80 VUs, 33746 complete and 0 interrupted iterations
load-k6-1  | fspiopE2E   [  51% ] 80/80 VUs  2m49.0s/5m30.0s
load-k6-1  | 
load-k6-1  | running (2m50.0s), 80/80 VUs, 33977 complete and 0 interrupted iterations
load-k6-1  | fspiopE2E   [  52% ] 80/80 VUs  2m50.0s/5m30.0s
load-k6-1  | 
load-k6-1  | running (2m51.0s), 80/80 VUs, 34155 complete and 0 interrupted iterations
load-k6-1  | fspiopE2E   [  52% ] 80/80 VUs  2m51.0s/5m30.0s
load-k6-1  | 
load-k6-1  | running (2m52.0s), 80/80 VUs, 34381 complete and 0 interrupted iterations
load-k6-1  | fspiopE2E   [  52% ] 80/80 VUs  2m52.0s/5m30.0s
load-k6-1  | 
load-k6-1  | running (2m53.0s), 80/80 VUs, 34598 complete and 0 interrupted iterations
load-k6-1  | fspiopE2E   [  52% ] 80/80 VUs  2m53.0s/5m30.0s
load-k6-1  | 
load-k6-1  | running (2m54.0s), 80/80 VUs, 34820 complete and 0 interrupted iterations
load-k6-1  | fspiopE2E   [  53% ] 80/80 VUs  2m54.0s/5m30.0s
load-k6-1  | 
load-k6-1  | running (2m55.0s), 80/80 VUs, 35040 complete and 0 interrupted iterations
load-k6-1  | fspiopE2E   [  53% ] 80/80 VUs  2m55.0s/5m30.0s
load-k6-1  | 
load-k6-1  | running (2m56.0s), 80/80 VUs, 35268 complete and 0 interrupted iterations
load-k6-1  | fspiopE2E   [  53% ] 80/80 VUs  2m56.0s/5m30.0s
load-k6-1  | 
load-k6-1  | running (2m57.0s), 80/80 VUs, 35479 complete and 0 interrupted iterations
load-k6-1  | fspiopE2E   [  54% ] 80/80 VUs  2m57.0s/5m30.0s
load-k6-1  | 
load-k6-1  | running (2m58.0s), 80/80 VUs, 35707 complete and 0 interrupted iterations
load-k6-1  | fspiopE2E   [  54% ] 80/80 VUs  2m58.0s/5m30.0s
load-k6-1  | 
load-k6-1  | running (2m59.0s), 80/80 VUs, 35934 complete and 0 interrupted iterations
load-k6-1  | fspiopE2E   [  54% ] 80/80 VUs  2m59.0s/5m30.0s
load-k6-1  | 
load-k6-1  | running (3m00.0s), 80/80 VUs, 36118 complete and 0 interrupted iterations
load-k6-1  | fspiopE2E   [  55% ] 80/80 VUs  3m00.0s/5m30.0s
load-k6-1  | 
load-k6-1  | running (3m01.0s), 80/80 VUs, 36329 complete and 0 interrupted iterations
load-k6-1  | fspiopE2E   [  55% ] 80/80 VUs  3m01.0s/5m30.0s
load-k6-1  | 
load-k6-1  | running (3m02.0s), 80/80 VUs, 36555 complete and 0 interrupted iterations
load-k6-1  | fspiopE2E   [  55% ] 80/80 VUs  3m02.0s/5m30.0s
load-k6-1  | 
load-k6-1  | running (3m03.0s), 80/80 VUs, 36791 complete and 0 interrupted iterations
load-k6-1  | fspiopE2E   [  55% ] 80/80 VUs  3m03.0s/5m30.0s
load-k6-1  | 
load-k6-1  | running (3m04.0s), 80/80 VUs, 37003 complete and 0 interrupted iterations
load-k6-1  | fspiopE2E   [  56% ] 80/80 VUs  3m04.0s/5m30.0s
load-k6-1  | 
load-k6-1  | running (3m05.0s), 80/80 VUs, 37228 complete and 0 interrupted iterations
load-k6-1  | fspiopE2E   [  56% ] 80/80 VUs  3m05.0s/5m30.0s
load-k6-1  | 
load-k6-1  | running (3m06.0s), 80/80 VUs, 37448 complete and 0 interrupted iterations
load-k6-1  | fspiopE2E   [  56% ] 80/80 VUs  3m06.0s/5m30.0s
load-k6-1  | 
load-k6-1  | running (3m07.0s), 80/80 VUs, 37668 complete and 0 interrupted iterations
load-k6-1  | fspiopE2E   [  57% ] 80/80 VUs  3m07.0s/5m30.0s
load-k6-1  | 
load-k6-1  | running (3m08.0s), 80/80 VUs, 37878 complete and 0 interrupted iterations
load-k6-1  | fspiopE2E   [  57% ] 80/80 VUs  3m08.0s/5m30.0s
load-k6-1  | 
load-k6-1  | running (3m09.0s), 80/80 VUs, 38068 complete and 0 interrupted iterations
load-k6-1  | fspiopE2E   [  57% ] 80/80 VUs  3m09.0s/5m30.0s
load-k6-1  | 
load-k6-1  | running (3m10.0s), 80/80 VUs, 38299 complete and 0 interrupted iterations
load-k6-1  | fspiopE2E   [  58% ] 80/80 VUs  3m10.0s/5m30.0s
load-k6-1  | 
load-k6-1  | running (3m11.0s), 80/80 VUs, 38532 complete and 0 interrupted iterations
load-k6-1  | fspiopE2E   [  58% ] 80/80 VUs  3m11.0s/5m30.0s
load-k6-1  | 
load-k6-1  | running (3m12.0s), 80/80 VUs, 38756 complete and 0 interrupted iterations
load-k6-1  | fspiopE2E   [  58% ] 80/80 VUs  3m12.0s/5m30.0s
load-k6-1  | 
load-k6-1  | running (3m13.0s), 80/80 VUs, 38972 complete and 0 interrupted iterations
load-k6-1  | fspiopE2E   [  58% ] 80/80 VUs  3m13.0s/5m30.0s
load-k6-1  | 
load-k6-1  | running (3m14.0s), 80/80 VUs, 39214 complete and 0 interrupted iterations
load-k6-1  | fspiopE2E   [  59% ] 80/80 VUs  3m14.0s/5m30.0s
load-k6-1  | 
load-k6-1  | running (3m15.0s), 80/80 VUs, 39433 complete and 0 interrupted iterations
load-k6-1  | fspiopE2E   [  59% ] 80/80 VUs  3m15.0s/5m30.0s
load-k6-1  | 
load-k6-1  | running (3m16.0s), 80/80 VUs, 39649 complete and 0 interrupted iterations
load-k6-1  | fspiopE2E   [  59% ] 80/80 VUs  3m16.0s/5m30.0s
load-k6-1  | 
load-k6-1  | running (3m17.0s), 80/80 VUs, 39884 complete and 0 interrupted iterations
load-k6-1  | fspiopE2E   [  60% ] 80/80 VUs  3m17.0s/5m30.0s
load-k6-1  | 
load-k6-1  | running (3m18.0s), 80/80 VUs, 40108 complete and 0 interrupted iterations
load-k6-1  | fspiopE2E   [  60% ] 80/80 VUs  3m18.0s/5m30.0s
load-k6-1  | 
load-k6-1  | running (3m19.0s), 80/80 VUs, 40279 complete and 0 interrupted iterations
load-k6-1  | fspiopE2E   [  60% ] 80/80 VUs  3m19.0s/5m30.0s
load-k6-1  | 
load-k6-1  | running (3m20.0s), 80/80 VUs, 40506 complete and 0 interrupted iterations
load-k6-1  | fspiopE2E   [  61% ] 80/80 VUs  3m20.0s/5m30.0s
load-k6-1  | 
load-k6-1  | running (3m21.0s), 80/80 VUs, 40675 complete and 0 interrupted iterations
load-k6-1  | fspiopE2E   [  61% ] 80/80 VUs  3m21.0s/5m30.0s
load-k6-1  | 
load-k6-1  | running (3m22.0s), 80/80 VUs, 40847 complete and 0 interrupted iterations
load-k6-1  | fspiopE2E   [  61% ] 80/80 VUs  3m22.0s/5m30.0s
load-k6-1  | 
load-k6-1  | running (3m23.0s), 80/80 VUs, 41072 complete and 0 interrupted iterations
load-k6-1  | fspiopE2E   [  62% ] 80/80 VUs  3m23.0s/5m30.0s
load-k6-1  | 
load-k6-1  | running (3m24.0s), 80/80 VUs, 41299 complete and 0 interrupted iterations
load-k6-1  | fspiopE2E   [  62% ] 80/80 VUs  3m24.0s/5m30.0s
load-k6-1  | 
load-k6-1  | running (3m25.0s), 80/80 VUs, 41521 complete and 0 interrupted iterations
load-k6-1  | fspiopE2E   [  62% ] 80/80 VUs  3m25.0s/5m30.0s
load-k6-1  | 
load-k6-1  | running (3m26.0s), 80/80 VUs, 41756 complete and 0 interrupted iterations
load-k6-1  | fspiopE2E   [  62% ] 80/80 VUs  3m26.0s/5m30.0s
load-k6-1  | 
load-k6-1  | running (3m27.0s), 80/80 VUs, 41974 complete and 0 interrupted iterations
load-k6-1  | fspiopE2E   [  63% ] 80/80 VUs  3m27.0s/5m30.0s
load-k6-1  | 
load-k6-1  | running (3m28.0s), 80/80 VUs, 42191 complete and 0 interrupted iterations
load-k6-1  | fspiopE2E   [  63% ] 80/80 VUs  3m28.0s/5m30.0s
load-k6-1  | 
load-k6-1  | running (3m29.0s), 80/80 VUs, 42395 complete and 0 interrupted iterations
load-k6-1  | fspiopE2E   [  63% ] 80/80 VUs  3m29.0s/5m30.0s
load-k6-1  | 
load-k6-1  | running (3m30.0s), 80/80 VUs, 42593 complete and 0 interrupted iterations
load-k6-1  | fspiopE2E   [  64% ] 80/80 VUs  3m30.0s/5m30.0s
load-k6-1  | 
load-k6-1  | running (3m31.0s), 80/80 VUs, 42815 complete and 0 interrupted iterations
load-k6-1  | fspiopE2E   [  64% ] 80/80 VUs  3m31.0s/5m30.0s
load-k6-1  | 
load-k6-1  | running (3m32.0s), 80/80 VUs, 43042 complete and 0 interrupted iterations
load-k6-1  | fspiopE2E   [  64% ] 80/80 VUs  3m32.0s/5m30.0s
load-k6-1  | 
load-k6-1  | running (3m33.0s), 80/80 VUs, 43265 complete and 0 interrupted iterations
load-k6-1  | fspiopE2E   [  65% ] 80/80 VUs  3m33.0s/5m30.0s
load-k6-1  | 
load-k6-1  | running (3m34.0s), 80/80 VUs, 43496 complete and 0 interrupted iterations
load-k6-1  | fspiopE2E   [  65% ] 80/80 VUs  3m34.0s/5m30.0s
load-k6-1  | 
load-k6-1  | running (3m35.0s), 80/80 VUs, 43716 complete and 0 interrupted iterations
load-k6-1  | fspiopE2E   [  65% ] 80/80 VUs  3m35.0s/5m30.0s
load-k6-1  | 
load-k6-1  | running (3m36.0s), 80/80 VUs, 43935 complete and 0 interrupted iterations
load-k6-1  | fspiopE2E   [  65% ] 80/80 VUs  3m36.0s/5m30.0s
load-k6-1  | 
load-k6-1  | running (3m37.0s), 80/80 VUs, 44154 complete and 0 interrupted iterations
load-k6-1  | fspiopE2E   [  66% ] 80/80 VUs  3m37.0s/5m30.0s
load-k6-1  | 
load-k6-1  | running (3m38.0s), 80/80 VUs, 44382 complete and 0 interrupted iterations
load-k6-1  | fspiopE2E   [  66% ] 80/80 VUs  3m38.0s/5m30.0s
load-k6-1  | 
load-k6-1  | running (3m39.0s), 80/80 VUs, 44589 complete and 0 interrupted iterations
load-k6-1  | fspiopE2E   [  66% ] 80/80 VUs  3m39.0s/5m30.0s
load-k6-1  | 
load-k6-1  | running (3m40.0s), 80/80 VUs, 44802 complete and 0 interrupted iterations
load-k6-1  | fspiopE2E   [  67% ] 80/80 VUs  3m40.0s/5m30.0s
load-k6-1  | 
load-k6-1  | running (3m41.0s), 80/80 VUs, 45014 complete and 0 interrupted iterations
load-k6-1  | fspiopE2E   [  67% ] 80/80 VUs  3m41.0s/5m30.0s
load-k6-1  | 
load-k6-1  | running (3m42.0s), 80/80 VUs, 45251 complete and 0 interrupted iterations
load-k6-1  | fspiopE2E   [  67% ] 80/80 VUs  3m42.0s/5m30.0s
load-k6-1  | 
load-k6-1  | running (3m43.0s), 80/80 VUs, 45485 complete and 0 interrupted iterations
load-k6-1  | fspiopE2E   [  68% ] 80/80 VUs  3m43.0s/5m30.0s
load-k6-1  | 
load-k6-1  | running (3m44.0s), 80/80 VUs, 45707 complete and 0 interrupted iterations
load-k6-1  | fspiopE2E   [  68% ] 80/80 VUs  3m44.0s/5m30.0s
load-k6-1  | 
load-k6-1  | running (3m45.0s), 80/80 VUs, 45925 complete and 0 interrupted iterations
load-k6-1  | fspiopE2E   [  68% ] 80/80 VUs  3m45.0s/5m30.0s
load-k6-1  | 
load-k6-1  | running (3m46.0s), 80/80 VUs, 46139 complete and 0 interrupted iterations
load-k6-1  | fspiopE2E   [  68% ] 80/80 VUs  3m46.0s/5m30.0s
load-k6-1  | 
load-k6-1  | running (3m47.0s), 80/80 VUs, 46365 complete and 0 interrupted iterations
load-k6-1  | fspiopE2E   [  69% ] 80/80 VUs  3m47.0s/5m30.0s
load-k6-1  | 
load-k6-1  | running (3m48.0s), 80/80 VUs, 46578 complete and 0 interrupted iterations
load-k6-1  | fspiopE2E   [  69% ] 80/80 VUs  3m48.0s/5m30.0s
load-k6-1  | 
load-k6-1  | running (3m49.0s), 80/80 VUs, 46801 complete and 0 interrupted iterations
load-k6-1  | fspiopE2E   [  69% ] 80/80 VUs  3m49.0s/5m30.0s
load-k6-1  | 
load-k6-1  | running (3m50.0s), 80/80 VUs, 47014 complete and 0 interrupted iterations
load-k6-1  | fspiopE2E   [  70% ] 80/80 VUs  3m50.0s/5m30.0s
load-k6-1  | 
load-k6-1  | running (3m51.0s), 80/80 VUs, 47192 complete and 0 interrupted iterations
load-k6-1  | fspiopE2E   [  70% ] 80/80 VUs  3m51.0s/5m30.0s
load-k6-1  | 
load-k6-1  | running (3m52.0s), 80/80 VUs, 47405 complete and 0 interrupted iterations
load-k6-1  | fspiopE2E   [  70% ] 80/80 VUs  3m52.0s/5m30.0s
load-k6-1  | 
load-k6-1  | running (3m53.0s), 80/80 VUs, 47632 complete and 0 interrupted iterations
load-k6-1  | fspiopE2E   [  71% ] 80/80 VUs  3m53.0s/5m30.0s
load-k6-1  | 
load-k6-1  | running (3m54.0s), 80/80 VUs, 47856 complete and 0 interrupted iterations
load-k6-1  | fspiopE2E   [  71% ] 80/80 VUs  3m54.0s/5m30.0s
load-k6-1  | 
load-k6-1  | running (3m55.0s), 80/80 VUs, 48077 complete and 0 interrupted iterations
load-k6-1  | fspiopE2E   [  71% ] 80/80 VUs  3m55.0s/5m30.0s
load-k6-1  | 
load-k6-1  | running (3m56.0s), 80/80 VUs, 48306 complete and 0 interrupted iterations
load-k6-1  | fspiopE2E   [  72% ] 80/80 VUs  3m56.0s/5m30.0s
load-k6-1  | 
load-k6-1  | running (3m57.0s), 80/80 VUs, 48544 complete and 0 interrupted iterations
load-k6-1  | fspiopE2E   [  72% ] 80/80 VUs  3m57.0s/5m30.0s
load-k6-1  | 
load-k6-1  | running (3m58.0s), 80/80 VUs, 48765 complete and 0 interrupted iterations
load-k6-1  | fspiopE2E   [  72% ] 80/80 VUs  3m58.0s/5m30.0s
load-k6-1  | 
load-k6-1  | running (3m59.0s), 80/80 VUs, 48980 complete and 0 interrupted iterations
load-k6-1  | fspiopE2E   [  72% ] 80/80 VUs  3m59.0s/5m30.0s
load-k6-1  | 
load-k6-1  | running (4m00.0s), 80/80 VUs, 49204 complete and 0 interrupted iterations
load-k6-1  | fspiopE2E   [  73% ] 80/80 VUs  4m00.0s/5m30.0s
load-k6-1  | 
load-k6-1  | running (4m01.0s), 80/80 VUs, 49432 complete and 0 interrupted iterations
load-k6-1  | fspiopE2E   [  73% ] 80/80 VUs  4m01.0s/5m30.0s
load-k6-1  | 
load-k6-1  | running (4m02.0s), 80/80 VUs, 49626 complete and 0 interrupted iterations
load-k6-1  | fspiopE2E   [  73% ] 80/80 VUs  4m02.0s/5m30.0s
load-k6-1  | 
load-k6-1  | running (4m03.0s), 80/80 VUs, 49836 complete and 0 interrupted iterations
load-k6-1  | fspiopE2E   [  74% ] 80/80 VUs  4m03.0s/5m30.0s
load-k6-1  | 
load-k6-1  | running (4m04.0s), 80/80 VUs, 50073 complete and 0 interrupted iterations
load-k6-1  | fspiopE2E   [  74% ] 80/80 VUs  4m04.0s/5m30.0s
load-k6-1  | 
load-k6-1  | running (4m05.0s), 80/80 VUs, 50294 complete and 0 interrupted iterations
load-k6-1  | fspiopE2E   [  74% ] 80/80 VUs  4m05.0s/5m30.0s
load-k6-1  | 
load-k6-1  | running (4m06.0s), 80/80 VUs, 50514 complete and 0 interrupted iterations
load-k6-1  | fspiopE2E   [  75% ] 80/80 VUs  4m06.0s/5m30.0s
load-k6-1  | 
load-k6-1  | running (4m07.0s), 80/80 VUs, 50741 complete and 0 interrupted iterations
load-k6-1  | fspiopE2E   [  75% ] 80/80 VUs  4m07.0s/5m30.0s
load-k6-1  | 
load-k6-1  | running (4m08.0s), 80/80 VUs, 50954 complete and 0 interrupted iterations
load-k6-1  | fspiopE2E   [  75% ] 80/80 VUs  4m08.0s/5m30.0s
load-k6-1  | 
load-k6-1  | running (4m09.0s), 80/80 VUs, 51177 complete and 0 interrupted iterations
load-k6-1  | fspiopE2E   [  75% ] 80/80 VUs  4m09.0s/5m30.0s
load-k6-1  | 
load-k6-1  | running (4m10.0s), 80/80 VUs, 51409 complete and 0 interrupted iterations
load-k6-1  | fspiopE2E   [  76% ] 80/80 VUs  4m10.0s/5m30.0s
load-k6-1  | 
load-k6-1  | running (4m11.0s), 80/80 VUs, 51622 complete and 0 interrupted iterations
load-k6-1  | fspiopE2E   [  76% ] 80/80 VUs  4m11.0s/5m30.0s
load-k6-1  | 
load-k6-1  | running (4m12.0s), 80/80 VUs, 51852 complete and 0 interrupted iterations
load-k6-1  | fspiopE2E   [  76% ] 80/80 VUs  4m12.0s/5m30.0s
load-k6-1  | 
load-k6-1  | running (4m13.0s), 80/80 VUs, 52082 complete and 0 interrupted iterations
load-k6-1  | fspiopE2E   [  77% ] 80/80 VUs  4m13.0s/5m30.0s
load-k6-1  | 
load-k6-1  | running (4m14.0s), 80/80 VUs, 52299 complete and 0 interrupted iterations
load-k6-1  | fspiopE2E   [  77% ] 80/80 VUs  4m14.0s/5m30.0s
load-k6-1  | 
load-k6-1  | running (4m15.0s), 80/80 VUs, 52478 complete and 0 interrupted iterations
load-k6-1  | fspiopE2E   [  77% ] 80/80 VUs  4m15.0s/5m30.0s
load-k6-1  | 
load-k6-1  | running (4m16.0s), 80/80 VUs, 52707 complete and 0 interrupted iterations
load-k6-1  | fspiopE2E   [  78% ] 80/80 VUs  4m16.0s/5m30.0s
load-k6-1  | 
load-k6-1  | running (4m17.0s), 80/80 VUs, 52926 complete and 0 interrupted iterations
load-k6-1  | fspiopE2E   [  78% ] 80/80 VUs  4m17.0s/5m30.0s
load-k6-1  | 
load-k6-1  | running (4m18.0s), 80/80 VUs, 53145 complete and 0 interrupted iterations
load-k6-1  | fspiopE2E   [  78% ] 80/80 VUs  4m18.0s/5m30.0s
load-k6-1  | 
load-k6-1  | running (4m19.0s), 80/80 VUs, 53367 complete and 0 interrupted iterations
load-k6-1  | fspiopE2E   [  78% ] 80/80 VUs  4m19.0s/5m30.0s
load-k6-1  | 
load-k6-1  | running (4m20.0s), 80/80 VUs, 53586 complete and 0 interrupted iterations
load-k6-1  | fspiopE2E   [  79% ] 80/80 VUs  4m20.0s/5m30.0s
load-k6-1  | 
load-k6-1  | running (4m21.0s), 80/80 VUs, 53809 complete and 0 interrupted iterations
load-k6-1  | fspiopE2E   [  79% ] 80/80 VUs  4m21.0s/5m30.0s
load-k6-1  | 
load-k6-1  | running (4m22.0s), 80/80 VUs, 54025 complete and 0 interrupted iterations
load-k6-1  | fspiopE2E   [  79% ] 80/80 VUs  4m22.0s/5m30.0s
load-k6-1  | 
load-k6-1  | running (4m23.0s), 80/80 VUs, 54246 complete and 0 interrupted iterations
load-k6-1  | fspiopE2E   [  80% ] 80/80 VUs  4m23.0s/5m30.0s
load-k6-1  | 
load-k6-1  | running (4m24.0s), 80/80 VUs, 54455 complete and 0 interrupted iterations
load-k6-1  | fspiopE2E   [  80% ] 80/80 VUs  4m24.0s/5m30.0s
load-k6-1  | 
load-k6-1  | running (4m25.0s), 80/80 VUs, 54682 complete and 0 interrupted iterations
load-k6-1  | fspiopE2E   [  80% ] 80/80 VUs  4m25.0s/5m30.0s
load-k6-1  | 
load-k6-1  | running (4m26.0s), 80/80 VUs, 54918 complete and 0 interrupted iterations
load-k6-1  | fspiopE2E   [  81% ] 80/80 VUs  4m26.0s/5m30.0s
load-k6-1  | 
load-k6-1  | running (4m27.0s), 80/80 VUs, 55081 complete and 0 interrupted iterations
load-k6-1  | fspiopE2E   [  81% ] 80/80 VUs  4m27.0s/5m30.0s
load-k6-1  | 
load-k6-1  | running (4m28.0s), 80/80 VUs, 55298 complete and 0 interrupted iterations
load-k6-1  | fspiopE2E   [  81% ] 80/80 VUs  4m28.0s/5m30.0s
load-k6-1  | 
load-k6-1  | running (4m29.0s), 80/80 VUs, 55526 complete and 0 interrupted iterations
load-k6-1  | fspiopE2E   [  82% ] 80/80 VUs  4m29.0s/5m30.0s
load-k6-1  | 
load-k6-1  | running (4m30.0s), 80/80 VUs, 55762 complete and 0 interrupted iterations
load-k6-1  | fspiopE2E   [  82% ] 80/80 VUs  4m30.0s/5m30.0s
load-k6-1  | 
load-k6-1  | running (4m31.0s), 80/80 VUs, 55977 complete and 0 interrupted iterations
load-k6-1  | fspiopE2E   [  82% ] 80/80 VUs  4m31.0s/5m30.0s
load-k6-1  | 
load-k6-1  | running (4m32.0s), 80/80 VUs, 56200 complete and 0 interrupted iterations
load-k6-1  | fspiopE2E   [  82% ] 80/80 VUs  4m32.0s/5m30.0s
load-k6-1  | 
load-k6-1  | running (4m33.0s), 80/80 VUs, 56420 complete and 0 interrupted iterations
load-k6-1  | fspiopE2E   [  83% ] 80/80 VUs  4m33.0s/5m30.0s
load-k6-1  | 
load-k6-1  | running (4m34.0s), 80/80 VUs, 56638 complete and 0 interrupted iterations
load-k6-1  | fspiopE2E   [  83% ] 80/80 VUs  4m34.0s/5m30.0s
load-k6-1  | 
load-k6-1  | running (4m35.0s), 80/80 VUs, 56878 complete and 0 interrupted iterations
load-k6-1  | fspiopE2E   [  83% ] 80/80 VUs  4m35.0s/5m30.0s
load-k6-1  | 
load-k6-1  | running (4m36.0s), 80/80 VUs, 57097 complete and 0 interrupted iterations
load-k6-1  | fspiopE2E   [  84% ] 80/80 VUs  4m36.0s/5m30.0s
load-k6-1  | 
load-k6-1  | running (4m37.0s), 80/80 VUs, 57318 complete and 0 interrupted iterations
load-k6-1  | fspiopE2E   [  84% ] 80/80 VUs  4m37.0s/5m30.0s
load-k6-1  | 
load-k6-1  | running (4m38.0s), 80/80 VUs, 57530 complete and 0 interrupted iterations
load-k6-1  | fspiopE2E   [  84% ] 80/80 VUs  4m38.0s/5m30.0s
load-k6-1  | 
load-k6-1  | running (4m39.0s), 80/80 VUs, 57697 complete and 0 interrupted iterations
load-k6-1  | fspiopE2E   [  85% ] 80/80 VUs  4m39.0s/5m30.0s
load-k6-1  | 
load-k6-1  | running (4m40.0s), 80/80 VUs, 57927 complete and 0 interrupted iterations
load-k6-1  | fspiopE2E   [  85% ] 80/80 VUs  4m40.0s/5m30.0s
load-k6-1  | 
load-k6-1  | running (4m41.0s), 80/80 VUs, 58150 complete and 0 interrupted iterations
load-k6-1  | fspiopE2E   [  85% ] 80/80 VUs  4m41.0s/5m30.0s
load-k6-1  | 
load-k6-1  | running (4m42.0s), 80/80 VUs, 58379 complete and 0 interrupted iterations
load-k6-1  | fspiopE2E   [  85% ] 80/80 VUs  4m42.0s/5m30.0s
load-k6-1  | 
load-k6-1  | running (4m43.0s), 80/80 VUs, 58614 complete and 0 interrupted iterations
load-k6-1  | fspiopE2E   [  86% ] 80/80 VUs  4m43.0s/5m30.0s
load-k6-1  | 
load-k6-1  | running (4m44.0s), 80/80 VUs, 58824 complete and 0 interrupted iterations
load-k6-1  | fspiopE2E   [  86% ] 80/80 VUs  4m44.0s/5m30.0s
load-k6-1  | 
load-k6-1  | running (4m45.0s), 80/80 VUs, 59043 complete and 0 interrupted iterations
load-k6-1  | fspiopE2E   [  86% ] 80/80 VUs  4m45.0s/5m30.0s
load-k6-1  | 
load-k6-1  | running (4m46.0s), 80/80 VUs, 59259 complete and 0 interrupted iterations
load-k6-1  | fspiopE2E   [  87% ] 80/80 VUs  4m46.0s/5m30.0s
load-k6-1  | 
load-k6-1  | running (4m47.0s), 80/80 VUs, 59466 complete and 0 interrupted iterations
load-k6-1  | fspiopE2E   [  87% ] 80/80 VUs  4m47.0s/5m30.0s
load-k6-1  | 
load-k6-1  | running (4m48.0s), 80/80 VUs, 59683 complete and 0 interrupted iterations
load-k6-1  | fspiopE2E   [  87% ] 80/80 VUs  4m48.0s/5m30.0s
load-k6-1  | 
load-k6-1  | running (4m49.0s), 80/80 VUs, 59893 complete and 0 interrupted iterations
load-k6-1  | fspiopE2E   [  88% ] 80/80 VUs  4m49.0s/5m30.0s
load-k6-1  | 
load-k6-1  | running (4m50.0s), 80/80 VUs, 60119 complete and 0 interrupted iterations
load-k6-1  | fspiopE2E   [  88% ] 80/80 VUs  4m50.0s/5m30.0s
load-k6-1  | 
load-k6-1  | running (4m51.0s), 80/80 VUs, 60345 complete and 0 interrupted iterations
load-k6-1  | fspiopE2E   [  88% ] 80/80 VUs  4m51.0s/5m30.0s
load-k6-1  | 
load-k6-1  | running (4m52.0s), 80/80 VUs, 60579 complete and 0 interrupted iterations
load-k6-1  | fspiopE2E   [  88% ] 80/80 VUs  4m52.0s/5m30.0s
load-k6-1  | 
load-k6-1  | running (4m53.0s), 80/80 VUs, 60795 complete and 0 interrupted iterations
load-k6-1  | fspiopE2E   [  89% ] 80/80 VUs  4m53.0s/5m30.0s
load-k6-1  | 
load-k6-1  | running (4m54.0s), 80/80 VUs, 60961 complete and 0 interrupted iterations
load-k6-1  | fspiopE2E   [  89% ] 80/80 VUs  4m54.0s/5m30.0s
load-k6-1  | 
load-k6-1  | running (4m55.0s), 80/80 VUs, 61190 complete and 0 interrupted iterations
load-k6-1  | fspiopE2E   [  89% ] 80/80 VUs  4m55.0s/5m30.0s
load-k6-1  | 
load-k6-1  | running (4m56.0s), 80/80 VUs, 61398 complete and 0 interrupted iterations
load-k6-1  | fspiopE2E   [  90% ] 80/80 VUs  4m56.0s/5m30.0s
load-k6-1  | 
load-k6-1  | running (4m57.0s), 80/80 VUs, 61627 complete and 0 interrupted iterations
load-k6-1  | fspiopE2E   [  90% ] 80/80 VUs  4m57.0s/5m30.0s
load-k6-1  | 
load-k6-1  | running (4m58.0s), 80/80 VUs, 61842 complete and 0 interrupted iterations
load-k6-1  | fspiopE2E   [  90% ] 80/80 VUs  4m58.0s/5m30.0s
load-k6-1  | 
load-k6-1  | running (4m59.0s), 80/80 VUs, 62082 complete and 0 interrupted iterations
load-k6-1  | fspiopE2E   [  91% ] 80/80 VUs  4m59.0s/5m30.0s
load-k6-1  | 
load-k6-1  | running (5m00.0s), 80/80 VUs, 62309 complete and 0 interrupted iterations
load-k6-1  | fspiopE2E   [  91% ] 80/80 VUs  5m00.0s/5m30.0s
load-k6-1  | 
load-k6-1  | running (5m01.0s), 80/80 VUs, 62531 complete and 0 interrupted iterations
load-k6-1  | fspiopE2E   [  91% ] 80/80 VUs  5m01.0s/5m30.0s
load-k6-1  | 
load-k6-1  | running (5m02.0s), 80/80 VUs, 62775 complete and 0 interrupted iterations
load-k6-1  | fspiopE2E   [  92% ] 80/80 VUs  5m02.0s/5m30.0s
load-k6-1  | 
load-k6-1  | running (5m03.0s), 80/80 VUs, 62987 complete and 0 interrupted iterations
load-k6-1  | fspiopE2E   [  92% ] 80/80 VUs  5m03.0s/5m30.0s
load-k6-1  | 
load-k6-1  | running (5m04.0s), 80/80 VUs, 63207 complete and 0 interrupted iterations
load-k6-1  | fspiopE2E   [  92% ] 80/80 VUs  5m04.0s/5m30.0s
load-k6-1  | 
load-k6-1  | running (5m05.0s), 80/80 VUs, 63422 complete and 0 interrupted iterations
load-k6-1  | fspiopE2E   [  92% ] 80/80 VUs  5m05.0s/5m30.0s
load-k6-1  | 
load-k6-1  | running (5m06.0s), 80/80 VUs, 63653 complete and 0 interrupted iterations
load-k6-1  | fspiopE2E   [  93% ] 80/80 VUs  5m06.0s/5m30.0s
load-k6-1  | 
load-k6-1  | running (5m07.0s), 80/80 VUs, 63880 complete and 0 interrupted iterations
load-k6-1  | fspiopE2E   [  93% ] 80/80 VUs  5m07.0s/5m30.0s
load-k6-1  | 
load-k6-1  | running (5m08.0s), 80/80 VUs, 64098 complete and 0 interrupted iterations
load-k6-1  | fspiopE2E   [  93% ] 80/80 VUs  5m08.0s/5m30.0s
load-k6-1  | 
load-k6-1  | running (5m09.0s), 80/80 VUs, 64331 complete and 0 interrupted iterations
load-k6-1  | fspiopE2E   [  94% ] 80/80 VUs  5m09.0s/5m30.0s
load-k6-1  | 
load-k6-1  | running (5m10.0s), 80/80 VUs, 64502 complete and 0 interrupted iterations
load-k6-1  | fspiopE2E   [  94% ] 80/80 VUs  5m10.0s/5m30.0s
load-k6-1  | 
load-k6-1  | running (5m11.0s), 80/80 VUs, 64722 complete and 0 interrupted iterations
load-k6-1  | fspiopE2E   [  94% ] 80/80 VUs  5m11.0s/5m30.0s
load-k6-1  | 
load-k6-1  | running (5m12.0s), 80/80 VUs, 64941 complete and 0 interrupted iterations
load-k6-1  | fspiopE2E   [  95% ] 80/80 VUs  5m12.0s/5m30.0s
load-k6-1  | 
load-k6-1  | running (5m13.0s), 80/80 VUs, 65161 complete and 0 interrupted iterations
load-k6-1  | fspiopE2E   [  95% ] 80/80 VUs  5m13.0s/5m30.0s
load-k6-1  | 
load-k6-1  | running (5m14.0s), 80/80 VUs, 65386 complete and 0 interrupted iterations
load-k6-1  | fspiopE2E   [  95% ] 80/80 VUs  5m14.0s/5m30.0s
load-k6-1  | 
load-k6-1  | running (5m15.0s), 80/80 VUs, 65580 complete and 0 interrupted iterations
load-k6-1  | fspiopE2E   [  95% ] 80/80 VUs  5m15.0s/5m30.0s
load-k6-1  | 
load-k6-1  | running (5m16.0s), 80/80 VUs, 65795 complete and 0 interrupted iterations
load-k6-1  | fspiopE2E   [  96% ] 80/80 VUs  5m16.0s/5m30.0s
load-k6-1  | 
load-k6-1  | running (5m17.0s), 80/80 VUs, 65988 complete and 0 interrupted iterations
load-k6-1  | fspiopE2E   [  96% ] 80/80 VUs  5m17.0s/5m30.0s
load-k6-1  | 
load-k6-1  | running (5m18.0s), 80/80 VUs, 66208 complete and 0 interrupted iterations
load-k6-1  | fspiopE2E   [  96% ] 80/80 VUs  5m18.0s/5m30.0s
load-k6-1  | 
load-k6-1  | running (5m19.0s), 80/80 VUs, 66433 complete and 0 interrupted iterations
load-k6-1  | fspiopE2E   [  97% ] 80/80 VUs  5m19.0s/5m30.0s
load-k6-1  | 
load-k6-1  | running (5m20.0s), 80/80 VUs, 66652 complete and 0 interrupted iterations
load-k6-1  | fspiopE2E   [  97% ] 80/80 VUs  5m20.0s/5m30.0s
load-k6-1  | 
load-k6-1  | running (5m21.0s), 80/80 VUs, 66824 complete and 0 interrupted iterations
load-k6-1  | fspiopE2E   [  97% ] 80/80 VUs  5m21.0s/5m30.0s
load-k6-1  | 
load-k6-1  | running (5m22.0s), 80/80 VUs, 66962 complete and 0 interrupted iterations
load-k6-1  | fspiopE2E   [  98% ] 80/80 VUs  5m22.0s/5m30.0s
load-k6-1  | 
load-k6-1  | running (5m23.0s), 80/80 VUs, 67183 complete and 0 interrupted iterations
load-k6-1  | fspiopE2E   [  98% ] 80/80 VUs  5m23.0s/5m30.0s
load-k6-1  | 
load-k6-1  | running (5m24.0s), 80/80 VUs, 67406 complete and 0 interrupted iterations
load-k6-1  | fspiopE2E   [  98% ] 80/80 VUs  5m24.0s/5m30.0s
load-k6-1  | 
load-k6-1  | running (5m25.0s), 80/80 VUs, 67634 complete and 0 interrupted iterations
load-k6-1  | fspiopE2E   [  98% ] 80/80 VUs  5m25.0s/5m30.0s
load-k6-1  | 
load-k6-1  | running (5m26.0s), 80/80 VUs, 67846 complete and 0 interrupted iterations
load-k6-1  | fspiopE2E   [  99% ] 80/80 VUs  5m26.0s/5m30.0s
load-k6-1  | 
load-k6-1  | running (5m27.0s), 80/80 VUs, 68000 complete and 0 interrupted iterations
load-k6-1  | fspiopE2E   [  99% ] 80/80 VUs  5m27.0s/5m30.0s
load-k6-1  | 
load-k6-1  | running (5m28.0s), 80/80 VUs, 68224 complete and 0 interrupted iterations
load-k6-1  | fspiopE2E   [  99% ] 80/80 VUs  5m28.0s/5m30.0s
load-k6-1  | 
load-k6-1  | running (5m29.0s), 80/80 VUs, 68448 complete and 0 interrupted iterations
load-k6-1  | fspiopE2E   [ 100% ] 80/80 VUs  5m29.0s/5m30.0s
load-k6-1  | 
load-k6-1  | running (5m30.0s), 80/80 VUs, 68685 complete and 0 interrupted iterations
load-k6-1  | fspiopE2E   [ 100% ] 80/80 VUs  5m30.0s/5m30.0s
load-k6-1  | 
load-k6-1  |      ✓ ALS_FSPIOP_GET_PARTIES_RESPONSE_IS_202
load-k6-1  |      ✓ ALS_E2E_FSPIOP_GET_PARTIES_SUCCESS
load-k6-1  |      ✓ QUOTES_FSPIOP_POST_QUOTES_RESPONSE_IS_202
load-k6-1  |      ✓ QUOTES_E2E_FSPIOP_POST_QUOTES_SUCCESS
load-k6-1  |      ✓ TRANSFERS_FSPIOP_POST_TRANSFERS_RESPONSE_IS_202
load-k6-1  |      ✓ TRANSFERS_E2E_FSPIOP_POST_TRANSFERS_SUCCESS
load-k6-1  | 
load-k6-1  |      █ E2E
load-k6-1  | 
load-k6-1  |      checks.........................: 100.00% ✓ 412644     ✗ 0     
load-k6-1  |      data_received..................: 65 MB   196 kB/s
load-k6-1  |      data_sent......................: 273 MB  828 kB/s
load-k6-1  |      group_duration.................: avg=404.73µs min=164.18µs med=289.6µs  max=55.56ms  p(90)=465.68µs p(95)=879.61µs
load-k6-1  |      http_req_blocked...............: avg=9.86µs   min=2.32µs   med=6.32µs   max=19.15ms  p(90)=9.03µs   p(95)=10.09µs 
load-k6-1  |      http_req_connecting............: avg=479ns    min=0s       med=0s       max=17.21ms  p(90)=0s       p(95)=0s      
load-k6-1  |    ✓ http_req_duration..............: avg=4.62ms   min=838.81µs med=3.32ms   max=123.68ms p(90)=8.9ms    p(95)=12.07ms 
load-k6-1  |        { expected_response:true }...: avg=4.62ms   min=838.81µs med=3.32ms   max=123.68ms p(90)=8.9ms    p(95)=12.07ms 
load-k6-1  |    ✓ http_req_failed................: 0.00%   ✓ 0          ✗ 206322
load-k6-1  |      http_req_receiving.............: avg=67.62µs  min=7.83µs   med=33.89µs  max=44.23ms  p(90)=76.48µs  p(95)=91.45µs 
load-k6-1  |      http_req_sending...............: avg=33.41µs  min=9.68µs   med=21.19µs  max=30.87ms  p(90)=36.42µs  p(95)=43.49µs 
load-k6-1  |      http_req_tls_handshaking.......: avg=0s       min=0s       med=0s       max=0s       p(90)=0s       p(95)=0s      
load-k6-1  |      http_req_waiting...............: avg=4.52ms   min=780.94µs med=3.22ms   max=123.63ms p(90)=8.77ms   p(95)=11.94ms 
load-k6-1  |      http_reqs......................: 206322  624.671361/s
load-k6-1  |    ✓ iteration_duration.............: avg=366.58ms min=123.93ms med=353.11ms max=4.27s    p(90)=513.98ms p(95)=571.05ms
load-k6-1  |      iterations.....................: 68774   208.223787/s
load-k6-1  |      vus............................: 80      min=3        max=80  
load-k6-1  |      vus_max........................: 80      min=80       max=80  
load-k6-1  |      ws_connecting..................: avg=1.74ms   min=274.09µs med=1.19ms   max=91.63ms  p(90)=3.37ms   p(95)=4.61ms  
load-k6-1  |      ws_msgs_received...............: 206322  624.671361/s
load-k6-1  |      ws_msgs_sent...................: 206322  624.671361/s
load-k6-1  |      ws_session_duration............: avg=123.05ms min=15.37ms  med=93.04ms  max=4.06s    p(90)=259.48ms p(95)=320.24ms
load-k6-1  |      ws_sessions....................: 206322  624.671361/s
load-k6-1  | 
load-k6-1  | 
load-k6-1  | running (5m30.3s), 00/80 VUs, 68774 complete and 0 interrupted iterations
load-k6-1  | fspiopE2E ✓ [ 100% ] 00/80 VUs  5m30s
load-k6-1 exited with code 0
