Attaching to load-k6-1
load-k6-1  | 
load-k6-1  |           /\      |‾‾| /‾‾/   /‾‾/   
load-k6-1  |      /\  /  \     |  |/  /   /  /    
load-k6-1  |     /  \/    \    |     (   /   ‾‾\  
load-k6-1  |    /          \   |  |\  \ |  (‾)  | 
load-k6-1  |   / __________ \  |__| \__\ \_____/ .io
load-k6-1  | 
load-k6-1  |   execution: local
load-k6-1  |      script: /scripts/index.js
load-k6-1  |      output: Prometheus remote write (http://prometheus:9090/api/v1/write)
load-k6-1  | 
load-k6-1  |   scenarios: (100.00%) 1 scenario, 35 max VUs, 6m0s max duration (incl. graceful stop):
load-k6-1  |            * fspiopE2E: Up to 35 looping VUs for 5m30s over 2 stages (gracefulRampDown: 30s, exec: fspiopE2EScenarios, gracefulStop: 30s)
load-k6-1  | 
load-k6-1  | 
load-k6-1  | running (0m01.0s), 02/35 VUs, 0 complete and 0 interrupted iterations
load-k6-1  | fspiopE2E   [   0% ] 02/35 VUs  0m01.0s/5m30.0s
load-k6-1  | 
load-k6-1  | running (0m02.0s), 03/35 VUs, 0 complete and 0 interrupted iterations
load-k6-1  | fspiopE2E   [   1% ] 03/35 VUs  0m02.0s/5m30.0s
load-k6-1  | 
load-k6-1  | running (0m03.0s), 04/35 VUs, 0 complete and 0 interrupted iterations
load-k6-1  | fspiopE2E   [   1% ] 04/35 VUs  0m03.0s/5m30.0s
load-k6-1  | 
load-k6-1  | running (0m04.0s), 05/35 VUs, 15 complete and 0 interrupted iterations
load-k6-1  | fspiopE2E   [   1% ] 05/35 VUs  0m04.0s/5m30.0s
load-k6-1  | 
load-k6-1  | running (0m05.0s), 06/35 VUs, 45 complete and 0 interrupted iterations
load-k6-1  | fspiopE2E   [   2% ] 06/35 VUs  0m05.0s/5m30.0s
load-k6-1  | 
load-k6-1  | running (0m06.0s), 07/35 VUs, 83 complete and 0 interrupted iterations
load-k6-1  | fspiopE2E   [   2% ] 07/35 VUs  0m06.0s/5m30.0s
load-k6-1  | 
load-k6-1  | running (0m07.0s), 08/35 VUs, 122 complete and 0 interrupted iterations
load-k6-1  | fspiopE2E   [   2% ] 08/35 VUs  0m07.0s/5m30.0s
load-k6-1  | 
load-k6-1  | running (0m08.0s), 10/35 VUs, 164 complete and 0 interrupted iterations
load-k6-1  | fspiopE2E   [   2% ] 10/35 VUs  0m08.0s/5m30.0s
load-k6-1  | 
load-k6-1  | running (0m09.0s), 11/35 VUs, 206 complete and 0 interrupted iterations
load-k6-1  | fspiopE2E   [   3% ] 11/35 VUs  0m09.0s/5m30.0s
load-k6-1  | 
load-k6-1  | running (0m10.0s), 12/35 VUs, 258 complete and 0 interrupted iterations
load-k6-1  | fspiopE2E   [   3% ] 12/35 VUs  0m10.0s/5m30.0s
load-k6-1  | 
load-k6-1  | running (0m11.0s), 13/35 VUs, 327 complete and 0 interrupted iterations
load-k6-1  | fspiopE2E   [   3% ] 13/35 VUs  0m11.0s/5m30.0s
load-k6-1  | 
load-k6-1  | running (0m12.0s), 14/35 VUs, 391 complete and 0 interrupted iterations
load-k6-1  | fspiopE2E   [   4% ] 14/35 VUs  0m12.0s/5m30.0s
load-k6-1  | 
load-k6-1  | running (0m13.0s), 15/35 VUs, 461 complete and 0 interrupted iterations
load-k6-1  | fspiopE2E   [   4% ] 15/35 VUs  0m13.0s/5m30.0s
load-k6-1  | 
load-k6-1  | running (0m14.0s), 16/35 VUs, 539 complete and 0 interrupted iterations
load-k6-1  | fspiopE2E   [   4% ] 16/35 VUs  0m14.0s/5m30.0s
load-k6-1  | 
load-k6-1  | running (0m15.0s), 17/35 VUs, 613 complete and 0 interrupted iterations
load-k6-1  | fspiopE2E   [   5% ] 17/35 VUs  0m15.0s/5m30.0s
load-k6-1  | 
load-k6-1  | running (0m16.0s), 19/35 VUs, 691 complete and 0 interrupted iterations
load-k6-1  | fspiopE2E   [   5% ] 19/35 VUs  0m16.0s/5m30.0s
load-k6-1  | 
load-k6-1  | running (0m17.0s), 20/35 VUs, 775 complete and 0 interrupted iterations
load-k6-1  | fspiopE2E   [   5% ] 20/35 VUs  0m17.0s/5m30.0s
load-k6-1  | 
load-k6-1  | running (0m18.0s), 21/35 VUs, 855 complete and 0 interrupted iterations
load-k6-1  | fspiopE2E   [   5% ] 21/35 VUs  0m18.0s/5m30.0s
load-k6-1  | 
load-k6-1  | running (0m19.0s), 22/35 VUs, 937 complete and 0 interrupted iterations
load-k6-1  | fspiopE2E   [   6% ] 22/35 VUs  0m19.0s/5m30.0s
load-k6-1  | 
load-k6-1  | running (0m20.0s), 23/35 VUs, 1021 complete and 0 interrupted iterations
load-k6-1  | fspiopE2E   [   6% ] 23/35 VUs  0m20.0s/5m30.0s
load-k6-1  | 
load-k6-1  | running (0m21.0s), 24/35 VUs, 1089 complete and 0 interrupted iterations
load-k6-1  | fspiopE2E   [   6% ] 24/35 VUs  0m21.0s/5m30.0s
load-k6-1  | 
load-k6-1  | running (0m22.0s), 25/35 VUs, 1173 complete and 0 interrupted iterations
load-k6-1  | fspiopE2E   [   7% ] 25/35 VUs  0m22.0s/5m30.0s
load-k6-1  | 
load-k6-1  | running (0m23.0s), 27/35 VUs, 1263 complete and 0 interrupted iterations
load-k6-1  | fspiopE2E   [   7% ] 27/35 VUs  0m23.0s/5m30.0s
load-k6-1  | 
load-k6-1  | running (0m24.0s), 28/35 VUs, 1340 complete and 0 interrupted iterations
load-k6-1  | fspiopE2E   [   7% ] 28/35 VUs  0m24.0s/5m30.0s
load-k6-1  | 
load-k6-1  | running (0m25.0s), 29/35 VUs, 1430 complete and 0 interrupted iterations
load-k6-1  | fspiopE2E   [   8% ] 29/35 VUs  0m25.0s/5m30.0s
load-k6-1  | 
load-k6-1  | running (0m26.0s), 30/35 VUs, 1510 complete and 0 interrupted iterations
load-k6-1  | fspiopE2E   [   8% ] 30/35 VUs  0m26.0s/5m30.0s
load-k6-1  | 
load-k6-1  | running (0m27.0s), 31/35 VUs, 1597 complete and 0 interrupted iterations
load-k6-1  | fspiopE2E   [   8% ] 31/35 VUs  0m27.0s/5m30.0s
load-k6-1  | 
load-k6-1  | running (0m28.0s), 32/35 VUs, 1686 complete and 0 interrupted iterations
load-k6-1  | fspiopE2E   [   8% ] 32/35 VUs  0m28.0s/5m30.0s
load-k6-1  | 
load-k6-1  | running (0m29.0s), 33/35 VUs, 1775 complete and 0 interrupted iterations
load-k6-1  | fspiopE2E   [   9% ] 33/35 VUs  0m29.0s/5m30.0s
load-k6-1  | 
load-k6-1  | running (0m30.0s), 34/35 VUs, 1859 complete and 0 interrupted iterations
load-k6-1  | fspiopE2E   [   9% ] 34/35 VUs  0m30.0s/5m30.0s
load-k6-1  | 
load-k6-1  | running (0m31.0s), 35/35 VUs, 1945 complete and 0 interrupted iterations
load-k6-1  | fspiopE2E   [   9% ] 35/35 VUs  0m31.0s/5m30.0s
load-k6-1  | 
load-k6-1  | running (0m32.0s), 35/35 VUs, 2023 complete and 0 interrupted iterations
load-k6-1  | fspiopE2E   [  10% ] 35/35 VUs  0m32.0s/5m30.0s
load-k6-1  | 
load-k6-1  | running (0m33.0s), 35/35 VUs, 2110 complete and 0 interrupted iterations
load-k6-1  | fspiopE2E   [  10% ] 35/35 VUs  0m33.0s/5m30.0s
load-k6-1  | 
load-k6-1  | running (0m34.0s), 35/35 VUs, 2194 complete and 0 interrupted iterations
load-k6-1  | fspiopE2E   [  10% ] 35/35 VUs  0m34.0s/5m30.0s
load-k6-1  | 
load-k6-1  | running (0m35.0s), 35/35 VUs, 2280 complete and 0 interrupted iterations
load-k6-1  | fspiopE2E   [  11% ] 35/35 VUs  0m35.0s/5m30.0s
load-k6-1  | 
load-k6-1  | running (0m36.0s), 35/35 VUs, 2374 complete and 0 interrupted iterations
load-k6-1  | fspiopE2E   [  11% ] 35/35 VUs  0m36.0s/5m30.0s
load-k6-1  | 
load-k6-1  | running (0m37.0s), 35/35 VUs, 2457 complete and 0 interrupted iterations
load-k6-1  | fspiopE2E   [  11% ] 35/35 VUs  0m37.0s/5m30.0s
load-k6-1  | 
load-k6-1  | running (0m38.0s), 35/35 VUs, 2549 complete and 0 interrupted iterations
load-k6-1  | fspiopE2E   [  12% ] 35/35 VUs  0m38.0s/5m30.0s
load-k6-1  | 
load-k6-1  | running (0m39.0s), 35/35 VUs, 2635 complete and 0 interrupted iterations
load-k6-1  | fspiopE2E   [  12% ] 35/35 VUs  0m39.0s/5m30.0s
load-k6-1  | 
load-k6-1  | running (0m40.0s), 35/35 VUs, 2723 complete and 0 interrupted iterations
load-k6-1  | fspiopE2E   [  12% ] 35/35 VUs  0m40.0s/5m30.0s
load-k6-1  | 
load-k6-1  | running (0m41.0s), 35/35 VUs, 2808 complete and 0 interrupted iterations
load-k6-1  | fspiopE2E   [  12% ] 35/35 VUs  0m41.0s/5m30.0s
load-k6-1  | 
load-k6-1  | running (0m42.0s), 35/35 VUs, 2891 complete and 0 interrupted iterations
load-k6-1  | fspiopE2E   [  13% ] 35/35 VUs  0m42.0s/5m30.0s
load-k6-1  | 
load-k6-1  | running (0m43.0s), 35/35 VUs, 2979 complete and 0 interrupted iterations
load-k6-1  | fspiopE2E   [  13% ] 35/35 VUs  0m43.0s/5m30.0s
load-k6-1  | 
load-k6-1  | running (0m44.0s), 35/35 VUs, 3069 complete and 0 interrupted iterations
load-k6-1  | fspiopE2E   [  13% ] 35/35 VUs  0m44.0s/5m30.0s
load-k6-1  | 
load-k6-1  | running (0m45.0s), 35/35 VUs, 3160 complete and 0 interrupted iterations
load-k6-1  | fspiopE2E   [  14% ] 35/35 VUs  0m45.0s/5m30.0s
load-k6-1  | 
load-k6-1  | running (0m46.0s), 35/35 VUs, 3248 complete and 0 interrupted iterations
load-k6-1  | fspiopE2E   [  14% ] 35/35 VUs  0m46.0s/5m30.0s
load-k6-1  | 
load-k6-1  | running (0m47.0s), 35/35 VUs, 3335 complete and 0 interrupted iterations
load-k6-1  | fspiopE2E   [  14% ] 35/35 VUs  0m47.0s/5m30.0s
load-k6-1  | 
load-k6-1  | running (0m48.0s), 35/35 VUs, 3426 complete and 0 interrupted iterations
load-k6-1  | fspiopE2E   [  15% ] 35/35 VUs  0m48.0s/5m30.0s
load-k6-1  | 
load-k6-1  | running (0m49.0s), 35/35 VUs, 3513 complete and 0 interrupted iterations
load-k6-1  | fspiopE2E   [  15% ] 35/35 VUs  0m49.0s/5m30.0s
load-k6-1  | 
load-k6-1  | running (0m50.0s), 35/35 VUs, 3602 complete and 0 interrupted iterations
load-k6-1  | fspiopE2E   [  15% ] 35/35 VUs  0m50.0s/5m30.0s
load-k6-1  | 
load-k6-1  | running (0m51.0s), 35/35 VUs, 3688 complete and 0 interrupted iterations
load-k6-1  | fspiopE2E   [  15% ] 35/35 VUs  0m51.0s/5m30.0s
load-k6-1  | 
load-k6-1  | running (0m52.0s), 35/35 VUs, 3780 complete and 0 interrupted iterations
load-k6-1  | fspiopE2E   [  16% ] 35/35 VUs  0m52.0s/5m30.0s
load-k6-1  | 
load-k6-1  | running (0m53.0s), 35/35 VUs, 3876 complete and 0 interrupted iterations
load-k6-1  | fspiopE2E   [  16% ] 35/35 VUs  0m53.0s/5m30.0s
load-k6-1  | 
load-k6-1  | running (0m54.0s), 35/35 VUs, 3964 complete and 0 interrupted iterations
load-k6-1  | fspiopE2E   [  16% ] 35/35 VUs  0m54.0s/5m30.0s
load-k6-1  | 
load-k6-1  | running (0m55.0s), 35/35 VUs, 4048 complete and 0 interrupted iterations
load-k6-1  | fspiopE2E   [  17% ] 35/35 VUs  0m55.0s/5m30.0s
load-k6-1  | 
load-k6-1  | running (0m56.0s), 35/35 VUs, 4142 complete and 0 interrupted iterations
load-k6-1  | fspiopE2E   [  17% ] 35/35 VUs  0m56.0s/5m30.0s
load-k6-1  | 
load-k6-1  | running (0m57.0s), 35/35 VUs, 4232 complete and 0 interrupted iterations
load-k6-1  | fspiopE2E   [  17% ] 35/35 VUs  0m57.0s/5m30.0s
load-k6-1  | 
load-k6-1  | running (0m58.0s), 35/35 VUs, 4322 complete and 0 interrupted iterations
load-k6-1  | fspiopE2E   [  18% ] 35/35 VUs  0m58.0s/5m30.0s
load-k6-1  | 
load-k6-1  | running (0m59.0s), 35/35 VUs, 4409 complete and 0 interrupted iterations
load-k6-1  | fspiopE2E   [  18% ] 35/35 VUs  0m59.0s/5m30.0s
load-k6-1  | 
load-k6-1  | running (1m00.0s), 35/35 VUs, 4500 complete and 0 interrupted iterations
load-k6-1  | fspiopE2E   [  18% ] 35/35 VUs  1m00.0s/5m30.0s
load-k6-1  | 
load-k6-1  | running (1m01.0s), 35/35 VUs, 4583 complete and 0 interrupted iterations
load-k6-1  | fspiopE2E   [  18% ] 35/35 VUs  1m01.0s/5m30.0s
load-k6-1  | 
load-k6-1  | running (1m02.0s), 35/35 VUs, 4670 complete and 0 interrupted iterations
load-k6-1  | fspiopE2E   [  19% ] 35/35 VUs  1m02.0s/5m30.0s
load-k6-1  | 
load-k6-1  | running (1m03.0s), 35/35 VUs, 4760 complete and 0 interrupted iterations
load-k6-1  | fspiopE2E   [  19% ] 35/35 VUs  1m03.0s/5m30.0s
load-k6-1  | 
load-k6-1  | running (1m04.0s), 35/35 VUs, 4843 complete and 0 interrupted iterations
load-k6-1  | fspiopE2E   [  19% ] 35/35 VUs  1m04.0s/5m30.0s
load-k6-1  | 
load-k6-1  | running (1m05.0s), 35/35 VUs, 4933 complete and 0 interrupted iterations
load-k6-1  | fspiopE2E   [  20% ] 35/35 VUs  1m05.0s/5m30.0s
load-k6-1  | 
load-k6-1  | running (1m06.0s), 35/35 VUs, 5021 complete and 0 interrupted iterations
load-k6-1  | fspiopE2E   [  20% ] 35/35 VUs  1m06.0s/5m30.0s
load-k6-1  | 
load-k6-1  | running (1m07.0s), 35/35 VUs, 5114 complete and 0 interrupted iterations
load-k6-1  | fspiopE2E   [  20% ] 35/35 VUs  1m07.0s/5m30.0s
load-k6-1  | 
load-k6-1  | running (1m08.0s), 35/35 VUs, 5204 complete and 0 interrupted iterations
load-k6-1  | fspiopE2E   [  21% ] 35/35 VUs  1m08.0s/5m30.0s
load-k6-1  | 
load-k6-1  | running (1m09.0s), 35/35 VUs, 5287 complete and 0 interrupted iterations
load-k6-1  | fspiopE2E   [  21% ] 35/35 VUs  1m09.0s/5m30.0s
load-k6-1  | 
load-k6-1  | running (1m10.0s), 35/35 VUs, 5369 complete and 0 interrupted iterations
load-k6-1  | fspiopE2E   [  21% ] 35/35 VUs  1m10.0s/5m30.0s
load-k6-1  | 
load-k6-1  | running (1m11.0s), 35/35 VUs, 5461 complete and 0 interrupted iterations
load-k6-1  | fspiopE2E   [  22% ] 35/35 VUs  1m11.0s/5m30.0s
load-k6-1  | 
load-k6-1  | running (1m12.0s), 35/35 VUs, 5545 complete and 0 interrupted iterations
load-k6-1  | fspiopE2E   [  22% ] 35/35 VUs  1m12.0s/5m30.0s
load-k6-1  | 
load-k6-1  | running (1m13.0s), 35/35 VUs, 5633 complete and 0 interrupted iterations
load-k6-1  | fspiopE2E   [  22% ] 35/35 VUs  1m13.0s/5m30.0s
load-k6-1  | 
load-k6-1  | running (1m14.0s), 35/35 VUs, 5721 complete and 0 interrupted iterations
load-k6-1  | fspiopE2E   [  22% ] 35/35 VUs  1m14.0s/5m30.0s
load-k6-1  | 
load-k6-1  | running (1m15.0s), 35/35 VUs, 5811 complete and 0 interrupted iterations
load-k6-1  | fspiopE2E   [  23% ] 35/35 VUs  1m15.0s/5m30.0s
load-k6-1  | 
load-k6-1  | running (1m16.0s), 35/35 VUs, 5898 complete and 0 interrupted iterations
load-k6-1  | fspiopE2E   [  23% ] 35/35 VUs  1m16.0s/5m30.0s
load-k6-1  | 
load-k6-1  | running (1m17.0s), 35/35 VUs, 5985 complete and 0 interrupted iterations
load-k6-1  | fspiopE2E   [  23% ] 35/35 VUs  1m17.0s/5m30.0s
load-k6-1  | 
load-k6-1  | running (1m18.0s), 35/35 VUs, 6075 complete and 0 interrupted iterations
load-k6-1  | fspiopE2E   [  24% ] 35/35 VUs  1m18.0s/5m30.0s
load-k6-1  | 
load-k6-1  | running (1m19.0s), 35/35 VUs, 6164 complete and 0 interrupted iterations
load-k6-1  | fspiopE2E   [  24% ] 35/35 VUs  1m19.0s/5m30.0s
load-k6-1  | 
load-k6-1  | running (1m20.0s), 35/35 VUs, 6246 complete and 0 interrupted iterations
load-k6-1  | fspiopE2E   [  24% ] 35/35 VUs  1m20.0s/5m30.0s
load-k6-1  | 
load-k6-1  | running (1m21.0s), 35/35 VUs, 6334 complete and 0 interrupted iterations
load-k6-1  | fspiopE2E   [  25% ] 35/35 VUs  1m21.0s/5m30.0s
load-k6-1  | 
load-k6-1  | running (1m22.0s), 35/35 VUs, 6427 complete and 0 interrupted iterations
load-k6-1  | fspiopE2E   [  25% ] 35/35 VUs  1m22.0s/5m30.0s
load-k6-1  | 
load-k6-1  | running (1m23.0s), 35/35 VUs, 6515 complete and 0 interrupted iterations
load-k6-1  | fspiopE2E   [  25% ] 35/35 VUs  1m23.0s/5m30.0s
load-k6-1  | 
load-k6-1  | running (1m24.0s), 35/35 VUs, 6604 complete and 0 interrupted iterations
load-k6-1  | fspiopE2E   [  25% ] 35/35 VUs  1m24.0s/5m30.0s
load-k6-1  | 
load-k6-1  | running (1m25.0s), 35/35 VUs, 6691 complete and 0 interrupted iterations
load-k6-1  | fspiopE2E   [  26% ] 35/35 VUs  1m25.0s/5m30.0s
load-k6-1  | 
load-k6-1  | running (1m26.0s), 35/35 VUs, 6782 complete and 0 interrupted iterations
load-k6-1  | fspiopE2E   [  26% ] 35/35 VUs  1m26.0s/5m30.0s
load-k6-1  | 
load-k6-1  | running (1m27.0s), 35/35 VUs, 6874 complete and 0 interrupted iterations
load-k6-1  | fspiopE2E   [  26% ] 35/35 VUs  1m27.0s/5m30.0s
load-k6-1  | 
load-k6-1  | running (1m28.0s), 35/35 VUs, 6963 complete and 0 interrupted iterations
load-k6-1  | fspiopE2E   [  27% ] 35/35 VUs  1m28.0s/5m30.0s
load-k6-1  | 
load-k6-1  | running (1m29.0s), 35/35 VUs, 7053 complete and 0 interrupted iterations
load-k6-1  | fspiopE2E   [  27% ] 35/35 VUs  1m29.0s/5m30.0s
load-k6-1  | 
load-k6-1  | running (1m30.0s), 35/35 VUs, 7135 complete and 0 interrupted iterations
load-k6-1  | fspiopE2E   [  27% ] 35/35 VUs  1m30.0s/5m30.0s
load-k6-1  | 
load-k6-1  | running (1m31.0s), 35/35 VUs, 7227 complete and 0 interrupted iterations
load-k6-1  | fspiopE2E   [  28% ] 35/35 VUs  1m31.0s/5m30.0s
load-k6-1  | 
load-k6-1  | running (1m32.0s), 35/35 VUs, 7315 complete and 0 interrupted iterations
load-k6-1  | fspiopE2E   [  28% ] 35/35 VUs  1m32.0s/5m30.0s
load-k6-1  | 
load-k6-1  | running (1m33.0s), 35/35 VUs, 7406 complete and 0 interrupted iterations
load-k6-1  | fspiopE2E   [  28% ] 35/35 VUs  1m33.0s/5m30.0s
load-k6-1  | 
load-k6-1  | running (1m34.0s), 35/35 VUs, 7493 complete and 0 interrupted iterations
load-k6-1  | fspiopE2E   [  28% ] 35/35 VUs  1m34.0s/5m30.0s
load-k6-1  | 
load-k6-1  | running (1m35.0s), 35/35 VUs, 7582 complete and 0 interrupted iterations
load-k6-1  | fspiopE2E   [  29% ] 35/35 VUs  1m35.0s/5m30.0s
load-k6-1  | 
load-k6-1  | running (1m36.0s), 35/35 VUs, 7671 complete and 0 interrupted iterations
load-k6-1  | fspiopE2E   [  29% ] 35/35 VUs  1m36.0s/5m30.0s
load-k6-1  | 
load-k6-1  | running (1m37.0s), 35/35 VUs, 7765 complete and 0 interrupted iterations
load-k6-1  | fspiopE2E   [  29% ] 35/35 VUs  1m37.0s/5m30.0s
load-k6-1  | 
load-k6-1  | running (1m38.0s), 35/35 VUs, 7846 complete and 0 interrupted iterations
load-k6-1  | fspiopE2E   [  30% ] 35/35 VUs  1m38.0s/5m30.0s
load-k6-1  | 
load-k6-1  | running (1m39.0s), 35/35 VUs, 7934 complete and 0 interrupted iterations
load-k6-1  | fspiopE2E   [  30% ] 35/35 VUs  1m39.0s/5m30.0s
load-k6-1  | 
load-k6-1  | running (1m40.0s), 35/35 VUs, 8025 complete and 0 interrupted iterations
load-k6-1  | fspiopE2E   [  30% ] 35/35 VUs  1m40.0s/5m30.0s
load-k6-1  | 
load-k6-1  | running (1m41.0s), 35/35 VUs, 8112 complete and 0 interrupted iterations
load-k6-1  | fspiopE2E   [  31% ] 35/35 VUs  1m41.0s/5m30.0s
load-k6-1  | 
load-k6-1  | running (1m42.0s), 35/35 VUs, 8198 complete and 0 interrupted iterations
load-k6-1  | fspiopE2E   [  31% ] 35/35 VUs  1m42.0s/5m30.0s
load-k6-1  | 
load-k6-1  | running (1m43.0s), 35/35 VUs, 8290 complete and 0 interrupted iterations
load-k6-1  | fspiopE2E   [  31% ] 35/35 VUs  1m43.0s/5m30.0s
load-k6-1  | 
load-k6-1  | running (1m44.0s), 35/35 VUs, 8380 complete and 0 interrupted iterations
load-k6-1  | fspiopE2E   [  32% ] 35/35 VUs  1m44.0s/5m30.0s
load-k6-1  | 
load-k6-1  | running (1m45.0s), 35/35 VUs, 8465 complete and 0 interrupted iterations
load-k6-1  | fspiopE2E   [  32% ] 35/35 VUs  1m45.0s/5m30.0s
load-k6-1  | 
load-k6-1  | running (1m46.0s), 35/35 VUs, 8552 complete and 0 interrupted iterations
load-k6-1  | fspiopE2E   [  32% ] 35/35 VUs  1m46.0s/5m30.0s
load-k6-1  | 
load-k6-1  | running (1m47.0s), 35/35 VUs, 8645 complete and 0 interrupted iterations
load-k6-1  | fspiopE2E   [  32% ] 35/35 VUs  1m47.0s/5m30.0s
load-k6-1  | 
load-k6-1  | running (1m48.0s), 35/35 VUs, 8736 complete and 0 interrupted iterations
load-k6-1  | fspiopE2E   [  33% ] 35/35 VUs  1m48.0s/5m30.0s
load-k6-1  | 
load-k6-1  | running (1m49.0s), 35/35 VUs, 8815 complete and 0 interrupted iterations
load-k6-1  | fspiopE2E   [  33% ] 35/35 VUs  1m49.0s/5m30.0s
load-k6-1  | 
load-k6-1  | running (1m50.0s), 35/35 VUs, 8907 complete and 0 interrupted iterations
load-k6-1  | fspiopE2E   [  33% ] 35/35 VUs  1m50.0s/5m30.0s
load-k6-1  | 
load-k6-1  | running (1m51.0s), 35/35 VUs, 8996 complete and 0 interrupted iterations
load-k6-1  | fspiopE2E   [  34% ] 35/35 VUs  1m51.0s/5m30.0s
load-k6-1  | 
load-k6-1  | running (1m52.0s), 35/35 VUs, 9087 complete and 0 interrupted iterations
load-k6-1  | fspiopE2E   [  34% ] 35/35 VUs  1m52.0s/5m30.0s
load-k6-1  | 
load-k6-1  | running (1m53.0s), 35/35 VUs, 9172 complete and 0 interrupted iterations
load-k6-1  | fspiopE2E   [  34% ] 35/35 VUs  1m53.0s/5m30.0s
load-k6-1  | 
load-k6-1  | running (1m54.0s), 35/35 VUs, 9259 complete and 0 interrupted iterations
load-k6-1  | fspiopE2E   [  35% ] 35/35 VUs  1m54.0s/5m30.0s
load-k6-1  | 
load-k6-1  | running (1m55.0s), 35/35 VUs, 9346 complete and 0 interrupted iterations
load-k6-1  | fspiopE2E   [  35% ] 35/35 VUs  1m55.0s/5m30.0s
load-k6-1  | 
load-k6-1  | running (1m56.0s), 35/35 VUs, 9441 complete and 0 interrupted iterations
load-k6-1  | fspiopE2E   [  35% ] 35/35 VUs  1m56.0s/5m30.0s
load-k6-1  | 
load-k6-1  | running (1m57.0s), 35/35 VUs, 9527 complete and 0 interrupted iterations
load-k6-1  | fspiopE2E   [  35% ] 35/35 VUs  1m57.0s/5m30.0s
load-k6-1  | 
load-k6-1  | running (1m58.0s), 35/35 VUs, 9621 complete and 0 interrupted iterations
load-k6-1  | fspiopE2E   [  36% ] 35/35 VUs  1m58.0s/5m30.0s
load-k6-1  | 
load-k6-1  | running (1m59.0s), 35/35 VUs, 9696 complete and 0 interrupted iterations
load-k6-1  | fspiopE2E   [  36% ] 35/35 VUs  1m59.0s/5m30.0s
load-k6-1  | 
load-k6-1  | running (2m00.0s), 35/35 VUs, 9790 complete and 0 interrupted iterations
load-k6-1  | fspiopE2E   [  36% ] 35/35 VUs  2m00.0s/5m30.0s
load-k6-1  | 
load-k6-1  | running (2m01.0s), 35/35 VUs, 9875 complete and 0 interrupted iterations
load-k6-1  | fspiopE2E   [  37% ] 35/35 VUs  2m01.0s/5m30.0s
load-k6-1  | 
load-k6-1  | running (2m02.0s), 35/35 VUs, 9963 complete and 0 interrupted iterations
load-k6-1  | fspiopE2E   [  37% ] 35/35 VUs  2m02.0s/5m30.0s
load-k6-1  | 
load-k6-1  | running (2m03.0s), 35/35 VUs, 10056 complete and 0 interrupted iterations
load-k6-1  | fspiopE2E   [  37% ] 35/35 VUs  2m03.0s/5m30.0s
load-k6-1  | 
load-k6-1  | running (2m04.0s), 35/35 VUs, 10140 complete and 0 interrupted iterations
load-k6-1  | fspiopE2E   [  38% ] 35/35 VUs  2m04.0s/5m30.0s
load-k6-1  | 
load-k6-1  | running (2m05.0s), 35/35 VUs, 10227 complete and 0 interrupted iterations
load-k6-1  | fspiopE2E   [  38% ] 35/35 VUs  2m05.0s/5m30.0s
load-k6-1  | 
load-k6-1  | running (2m06.0s), 35/35 VUs, 10318 complete and 0 interrupted iterations
load-k6-1  | fspiopE2E   [  38% ] 35/35 VUs  2m06.0s/5m30.0s
load-k6-1  | 
load-k6-1  | running (2m07.0s), 35/35 VUs, 10409 complete and 0 interrupted iterations
load-k6-1  | fspiopE2E   [  38% ] 35/35 VUs  2m07.0s/5m30.0s
load-k6-1  | 
load-k6-1  | running (2m08.0s), 35/35 VUs, 10505 complete and 0 interrupted iterations
load-k6-1  | fspiopE2E   [  39% ] 35/35 VUs  2m08.0s/5m30.0s
load-k6-1  | 
load-k6-1  | running (2m09.0s), 35/35 VUs, 10589 complete and 0 interrupted iterations
load-k6-1  | fspiopE2E   [  39% ] 35/35 VUs  2m09.0s/5m30.0s
load-k6-1  | 
load-k6-1  | running (2m10.0s), 35/35 VUs, 10675 complete and 0 interrupted iterations
load-k6-1  | fspiopE2E   [  39% ] 35/35 VUs  2m10.0s/5m30.0s
load-k6-1  | 
load-k6-1  | running (2m11.0s), 35/35 VUs, 10762 complete and 0 interrupted iterations
load-k6-1  | fspiopE2E   [  40% ] 35/35 VUs  2m11.0s/5m30.0s
load-k6-1  | 
load-k6-1  | running (2m12.0s), 35/35 VUs, 10849 complete and 0 interrupted iterations
load-k6-1  | fspiopE2E   [  40% ] 35/35 VUs  2m12.0s/5m30.0s
load-k6-1  | 
load-k6-1  | running (2m13.0s), 35/35 VUs, 10939 complete and 0 interrupted iterations
load-k6-1  | fspiopE2E   [  40% ] 35/35 VUs  2m13.0s/5m30.0s
load-k6-1  | 
load-k6-1  | running (2m14.0s), 35/35 VUs, 11028 complete and 0 interrupted iterations
load-k6-1  | fspiopE2E   [  41% ] 35/35 VUs  2m14.0s/5m30.0s
load-k6-1  | 
load-k6-1  | running (2m15.0s), 35/35 VUs, 11116 complete and 0 interrupted iterations
load-k6-1  | fspiopE2E   [  41% ] 35/35 VUs  2m15.0s/5m30.0s
load-k6-1  | 
load-k6-1  | running (2m16.0s), 35/35 VUs, 11206 complete and 0 interrupted iterations
load-k6-1  | fspiopE2E   [  41% ] 35/35 VUs  2m16.0s/5m30.0s
load-k6-1  | 
load-k6-1  | running (2m17.0s), 35/35 VUs, 11292 complete and 0 interrupted iterations
load-k6-1  | fspiopE2E   [  42% ] 35/35 VUs  2m17.0s/5m30.0s
load-k6-1  | 
load-k6-1  | running (2m18.0s), 35/35 VUs, 11383 complete and 0 interrupted iterations
load-k6-1  | fspiopE2E   [  42% ] 35/35 VUs  2m18.0s/5m30.0s
load-k6-1  | 
load-k6-1  | running (2m19.0s), 35/35 VUs, 11471 complete and 0 interrupted iterations
load-k6-1  | fspiopE2E   [  42% ] 35/35 VUs  2m19.0s/5m30.0s
load-k6-1  | 
load-k6-1  | running (2m20.0s), 35/35 VUs, 11558 complete and 0 interrupted iterations
load-k6-1  | fspiopE2E   [  42% ] 35/35 VUs  2m20.0s/5m30.0s
load-k6-1  | 
load-k6-1  | running (2m21.0s), 35/35 VUs, 11652 complete and 0 interrupted iterations
load-k6-1  | fspiopE2E   [  43% ] 35/35 VUs  2m21.0s/5m30.0s
load-k6-1  | 
load-k6-1  | running (2m22.0s), 35/35 VUs, 11741 complete and 0 interrupted iterations
load-k6-1  | fspiopE2E   [  43% ] 35/35 VUs  2m22.0s/5m30.0s
load-k6-1  | 
load-k6-1  | running (2m23.0s), 35/35 VUs, 11834 complete and 0 interrupted iterations
load-k6-1  | fspiopE2E   [  43% ] 35/35 VUs  2m23.0s/5m30.0s
load-k6-1  | 
load-k6-1  | running (2m24.0s), 35/35 VUs, 11927 complete and 0 interrupted iterations
load-k6-1  | fspiopE2E   [  44% ] 35/35 VUs  2m24.0s/5m30.0s
load-k6-1  | 
load-k6-1  | running (2m25.0s), 35/35 VUs, 12013 complete and 0 interrupted iterations
load-k6-1  | fspiopE2E   [  44% ] 35/35 VUs  2m25.0s/5m30.0s
load-k6-1  | 
load-k6-1  | running (2m26.0s), 35/35 VUs, 12100 complete and 0 interrupted iterations
load-k6-1  | fspiopE2E   [  44% ] 35/35 VUs  2m26.0s/5m30.0s
load-k6-1  | 
load-k6-1  | running (2m27.0s), 35/35 VUs, 12192 complete and 0 interrupted iterations
load-k6-1  | fspiopE2E   [  45% ] 35/35 VUs  2m27.0s/5m30.0s
load-k6-1  | 
load-k6-1  | running (2m28.0s), 35/35 VUs, 12276 complete and 0 interrupted iterations
load-k6-1  | fspiopE2E   [  45% ] 35/35 VUs  2m28.0s/5m30.0s
load-k6-1  | 
load-k6-1  | running (2m29.0s), 35/35 VUs, 12365 complete and 0 interrupted iterations
load-k6-1  | fspiopE2E   [  45% ] 35/35 VUs  2m29.0s/5m30.0s
load-k6-1  | 
load-k6-1  | running (2m30.0s), 35/35 VUs, 12452 complete and 0 interrupted iterations
load-k6-1  | fspiopE2E   [  45% ] 35/35 VUs  2m30.0s/5m30.0s
load-k6-1  | 
load-k6-1  | running (2m31.0s), 35/35 VUs, 12544 complete and 0 interrupted iterations
load-k6-1  | fspiopE2E   [  46% ] 35/35 VUs  2m31.0s/5m30.0s
load-k6-1  | 
load-k6-1  | running (2m32.0s), 35/35 VUs, 12632 complete and 0 interrupted iterations
load-k6-1  | fspiopE2E   [  46% ] 35/35 VUs  2m32.0s/5m30.0s
load-k6-1  | 
load-k6-1  | running (2m33.0s), 35/35 VUs, 12726 complete and 0 interrupted iterations
load-k6-1  | fspiopE2E   [  46% ] 35/35 VUs  2m33.0s/5m30.0s
load-k6-1  | 
load-k6-1  | running (2m34.0s), 35/35 VUs, 12813 complete and 0 interrupted iterations
load-k6-1  | fspiopE2E   [  47% ] 35/35 VUs  2m34.0s/5m30.0s
load-k6-1  | 
load-k6-1  | running (2m35.0s), 35/35 VUs, 12902 complete and 0 interrupted iterations
load-k6-1  | fspiopE2E   [  47% ] 35/35 VUs  2m35.0s/5m30.0s
load-k6-1  | 
load-k6-1  | running (2m36.0s), 35/35 VUs, 12991 complete and 0 interrupted iterations
load-k6-1  | fspiopE2E   [  47% ] 35/35 VUs  2m36.0s/5m30.0s
load-k6-1  | 
load-k6-1  | running (2m37.0s), 35/35 VUs, 13072 complete and 0 interrupted iterations
load-k6-1  | fspiopE2E   [  48% ] 35/35 VUs  2m37.0s/5m30.0s
load-k6-1  | 
load-k6-1  | running (2m38.0s), 35/35 VUs, 13156 complete and 0 interrupted iterations
load-k6-1  | fspiopE2E   [  48% ] 35/35 VUs  2m38.0s/5m30.0s
load-k6-1  | 
load-k6-1  | running (2m39.0s), 35/35 VUs, 13245 complete and 0 interrupted iterations
load-k6-1  | fspiopE2E   [  48% ] 35/35 VUs  2m39.0s/5m30.0s
load-k6-1  | 
load-k6-1  | running (2m40.0s), 35/35 VUs, 13334 complete and 0 interrupted iterations
load-k6-1  | fspiopE2E   [  48% ] 35/35 VUs  2m40.0s/5m30.0s
load-k6-1  | 
load-k6-1  | running (2m41.0s), 35/35 VUs, 13421 complete and 0 interrupted iterations
load-k6-1  | fspiopE2E   [  49% ] 35/35 VUs  2m41.0s/5m30.0s
load-k6-1  | 
load-k6-1  | running (2m42.0s), 35/35 VUs, 13508 complete and 0 interrupted iterations
load-k6-1  | fspiopE2E   [  49% ] 35/35 VUs  2m42.0s/5m30.0s
load-k6-1  | 
load-k6-1  | running (2m43.0s), 35/35 VUs, 13606 complete and 0 interrupted iterations
load-k6-1  | fspiopE2E   [  49% ] 35/35 VUs  2m43.0s/5m30.0s
load-k6-1  | 
load-k6-1  | running (2m44.0s), 35/35 VUs, 13695 complete and 0 interrupted iterations
load-k6-1  | fspiopE2E   [  50% ] 35/35 VUs  2m44.0s/5m30.0s
load-k6-1  | 
load-k6-1  | running (2m45.0s), 35/35 VUs, 13787 complete and 0 interrupted iterations
load-k6-1  | fspiopE2E   [  50% ] 35/35 VUs  2m45.0s/5m30.0s
load-k6-1  | 
load-k6-1  | running (2m46.0s), 35/35 VUs, 13881 complete and 0 interrupted iterations
load-k6-1  | fspiopE2E   [  50% ] 35/35 VUs  2m46.0s/5m30.0s
load-k6-1  | 
load-k6-1  | running (2m47.0s), 35/35 VUs, 13966 complete and 0 interrupted iterations
load-k6-1  | fspiopE2E   [  51% ] 35/35 VUs  2m47.0s/5m30.0s
load-k6-1  | 
load-k6-1  | running (2m48.0s), 35/35 VUs, 14053 complete and 0 interrupted iterations
load-k6-1  | fspiopE2E   [  51% ] 35/35 VUs  2m48.0s/5m30.0s
load-k6-1  | 
load-k6-1  | running (2m49.0s), 35/35 VUs, 14138 complete and 0 interrupted iterations
load-k6-1  | fspiopE2E   [  51% ] 35/35 VUs  2m49.0s/5m30.0s
load-k6-1  | 
load-k6-1  | running (2m50.0s), 35/35 VUs, 14229 complete and 0 interrupted iterations
load-k6-1  | fspiopE2E   [  52% ] 35/35 VUs  2m50.0s/5m30.0s
load-k6-1  | 
load-k6-1  | running (2m51.0s), 35/35 VUs, 14316 complete and 0 interrupted iterations
load-k6-1  | fspiopE2E   [  52% ] 35/35 VUs  2m51.0s/5m30.0s
load-k6-1  | 
load-k6-1  | running (2m52.0s), 35/35 VUs, 14406 complete and 0 interrupted iterations
load-k6-1  | fspiopE2E   [  52% ] 35/35 VUs  2m52.0s/5m30.0s
load-k6-1  | 
load-k6-1  | running (2m53.0s), 35/35 VUs, 14502 complete and 0 interrupted iterations
load-k6-1  | fspiopE2E   [  52% ] 35/35 VUs  2m53.0s/5m30.0s
load-k6-1  | 
load-k6-1  | running (2m54.0s), 35/35 VUs, 14590 complete and 0 interrupted iterations
load-k6-1  | fspiopE2E   [  53% ] 35/35 VUs  2m54.0s/5m30.0s
load-k6-1  | 
load-k6-1  | running (2m55.0s), 35/35 VUs, 14683 complete and 0 interrupted iterations
load-k6-1  | fspiopE2E   [  53% ] 35/35 VUs  2m55.0s/5m30.0s
load-k6-1  | 
load-k6-1  | running (2m56.0s), 35/35 VUs, 14756 complete and 0 interrupted iterations
load-k6-1  | fspiopE2E   [  53% ] 35/35 VUs  2m56.0s/5m30.0s
load-k6-1  | 
load-k6-1  | running (2m57.0s), 35/35 VUs, 14834 complete and 0 interrupted iterations
load-k6-1  | fspiopE2E   [  54% ] 35/35 VUs  2m57.0s/5m30.0s
load-k6-1  | 
load-k6-1  | running (2m58.0s), 35/35 VUs, 14920 complete and 0 interrupted iterations
load-k6-1  | fspiopE2E   [  54% ] 35/35 VUs  2m58.0s/5m30.0s
load-k6-1  | 
load-k6-1  | running (2m59.0s), 35/35 VUs, 15011 complete and 0 interrupted iterations
load-k6-1  | fspiopE2E   [  54% ] 35/35 VUs  2m59.0s/5m30.0s
load-k6-1  | 
load-k6-1  | running (3m00.0s), 35/35 VUs, 15093 complete and 0 interrupted iterations
load-k6-1  | fspiopE2E   [  55% ] 35/35 VUs  3m00.0s/5m30.0s
load-k6-1  | 
load-k6-1  | running (3m01.0s), 35/35 VUs, 15180 complete and 0 interrupted iterations
load-k6-1  | fspiopE2E   [  55% ] 35/35 VUs  3m01.0s/5m30.0s
load-k6-1  | 
load-k6-1  | running (3m02.0s), 35/35 VUs, 15266 complete and 0 interrupted iterations
load-k6-1  | fspiopE2E   [  55% ] 35/35 VUs  3m02.0s/5m30.0s
load-k6-1  | 
load-k6-1  | running (3m03.0s), 35/35 VUs, 15360 complete and 0 interrupted iterations
load-k6-1  | fspiopE2E   [  55% ] 35/35 VUs  3m03.0s/5m30.0s
load-k6-1  | 
load-k6-1  | running (3m04.0s), 35/35 VUs, 15449 complete and 0 interrupted iterations
load-k6-1  | fspiopE2E   [  56% ] 35/35 VUs  3m04.0s/5m30.0s
load-k6-1  | 
load-k6-1  | running (3m05.0s), 35/35 VUs, 15539 complete and 0 interrupted iterations
load-k6-1  | fspiopE2E   [  56% ] 35/35 VUs  3m05.0s/5m30.0s
load-k6-1  | 
load-k6-1  | running (3m06.0s), 35/35 VUs, 15628 complete and 0 interrupted iterations
load-k6-1  | fspiopE2E   [  56% ] 35/35 VUs  3m06.0s/5m30.0s
load-k6-1  | 
load-k6-1  | running (3m07.0s), 35/35 VUs, 15721 complete and 0 interrupted iterations
load-k6-1  | fspiopE2E   [  57% ] 35/35 VUs  3m07.0s/5m30.0s
load-k6-1  | 
load-k6-1  | running (3m08.0s), 35/35 VUs, 15812 complete and 0 interrupted iterations
load-k6-1  | fspiopE2E   [  57% ] 35/35 VUs  3m08.0s/5m30.0s
load-k6-1  | 
load-k6-1  | running (3m09.0s), 35/35 VUs, 15897 complete and 0 interrupted iterations
load-k6-1  | fspiopE2E   [  57% ] 35/35 VUs  3m09.0s/5m30.0s
load-k6-1  | 
load-k6-1  | running (3m10.0s), 35/35 VUs, 15984 complete and 0 interrupted iterations
load-k6-1  | fspiopE2E   [  58% ] 35/35 VUs  3m10.0s/5m30.0s
load-k6-1  | 
load-k6-1  | running (3m11.0s), 35/35 VUs, 16069 complete and 0 interrupted iterations
load-k6-1  | fspiopE2E   [  58% ] 35/35 VUs  3m11.0s/5m30.0s
load-k6-1  | 
load-k6-1  | running (3m12.0s), 35/35 VUs, 16157 complete and 0 interrupted iterations
load-k6-1  | fspiopE2E   [  58% ] 35/35 VUs  3m12.0s/5m30.0s
load-k6-1  | 
load-k6-1  | running (3m13.0s), 35/35 VUs, 16246 complete and 0 interrupted iterations
load-k6-1  | fspiopE2E   [  58% ] 35/35 VUs  3m13.0s/5m30.0s
load-k6-1  | 
load-k6-1  | running (3m14.0s), 35/35 VUs, 16331 complete and 0 interrupted iterations
load-k6-1  | fspiopE2E   [  59% ] 35/35 VUs  3m14.0s/5m30.0s
load-k6-1  | 
load-k6-1  | running (3m15.0s), 35/35 VUs, 16422 complete and 0 interrupted iterations
load-k6-1  | fspiopE2E   [  59% ] 35/35 VUs  3m15.0s/5m30.0s
load-k6-1  | 
load-k6-1  | running (3m16.0s), 35/35 VUs, 16508 complete and 0 interrupted iterations
load-k6-1  | fspiopE2E   [  59% ] 35/35 VUs  3m16.0s/5m30.0s
load-k6-1  | 
load-k6-1  | running (3m17.0s), 35/35 VUs, 16602 complete and 0 interrupted iterations
load-k6-1  | fspiopE2E   [  60% ] 35/35 VUs  3m17.0s/5m30.0s
load-k6-1  | 
load-k6-1  | running (3m18.0s), 35/35 VUs, 16690 complete and 0 interrupted iterations
load-k6-1  | fspiopE2E   [  60% ] 35/35 VUs  3m18.0s/5m30.0s
load-k6-1  | 
load-k6-1  | running (3m19.0s), 35/35 VUs, 16775 complete and 0 interrupted iterations
load-k6-1  | fspiopE2E   [  60% ] 35/35 VUs  3m19.0s/5m30.0s
load-k6-1  | 
load-k6-1  | running (3m20.0s), 35/35 VUs, 16862 complete and 0 interrupted iterations
load-k6-1  | fspiopE2E   [  61% ] 35/35 VUs  3m20.0s/5m30.0s
load-k6-1  | 
load-k6-1  | running (3m21.0s), 35/35 VUs, 16950 complete and 0 interrupted iterations
load-k6-1  | fspiopE2E   [  61% ] 35/35 VUs  3m21.0s/5m30.0s
load-k6-1  | 
load-k6-1  | running (3m22.0s), 35/35 VUs, 17041 complete and 0 interrupted iterations
load-k6-1  | fspiopE2E   [  61% ] 35/35 VUs  3m22.0s/5m30.0s
load-k6-1  | 
load-k6-1  | running (3m23.0s), 35/35 VUs, 17125 complete and 0 interrupted iterations
load-k6-1  | fspiopE2E   [  62% ] 35/35 VUs  3m23.0s/5m30.0s
load-k6-1  | 
load-k6-1  | running (3m24.0s), 35/35 VUs, 17217 complete and 0 interrupted iterations
load-k6-1  | fspiopE2E   [  62% ] 35/35 VUs  3m24.0s/5m30.0s
load-k6-1  | 
load-k6-1  | running (3m25.0s), 35/35 VUs, 17306 complete and 0 interrupted iterations
load-k6-1  | fspiopE2E   [  62% ] 35/35 VUs  3m25.0s/5m30.0s
load-k6-1  | 
load-k6-1  | running (3m26.0s), 35/35 VUs, 17396 complete and 0 interrupted iterations
load-k6-1  | fspiopE2E   [  62% ] 35/35 VUs  3m26.0s/5m30.0s
load-k6-1  | 
load-k6-1  | running (3m27.0s), 35/35 VUs, 17486 complete and 0 interrupted iterations
load-k6-1  | fspiopE2E   [  63% ] 35/35 VUs  3m27.0s/5m30.0s
load-k6-1  | 
load-k6-1  | running (3m28.0s), 35/35 VUs, 17578 complete and 0 interrupted iterations
load-k6-1  | fspiopE2E   [  63% ] 35/35 VUs  3m28.0s/5m30.0s
load-k6-1  | 
load-k6-1  | running (3m29.0s), 35/35 VUs, 17671 complete and 0 interrupted iterations
load-k6-1  | fspiopE2E   [  63% ] 35/35 VUs  3m29.0s/5m30.0s
load-k6-1  | 
load-k6-1  | running (3m30.0s), 35/35 VUs, 17758 complete and 0 interrupted iterations
load-k6-1  | fspiopE2E   [  64% ] 35/35 VUs  3m30.0s/5m30.0s
load-k6-1  | 
load-k6-1  | running (3m31.0s), 35/35 VUs, 17843 complete and 0 interrupted iterations
load-k6-1  | fspiopE2E   [  64% ] 35/35 VUs  3m31.0s/5m30.0s
load-k6-1  | 
load-k6-1  | running (3m32.0s), 35/35 VUs, 17931 complete and 0 interrupted iterations
load-k6-1  | fspiopE2E   [  64% ] 35/35 VUs  3m32.0s/5m30.0s
load-k6-1  | 
load-k6-1  | running (3m33.0s), 35/35 VUs, 18023 complete and 0 interrupted iterations
load-k6-1  | fspiopE2E   [  65% ] 35/35 VUs  3m33.0s/5m30.0s
load-k6-1  | 
load-k6-1  | running (3m34.0s), 35/35 VUs, 18114 complete and 0 interrupted iterations
load-k6-1  | fspiopE2E   [  65% ] 35/35 VUs  3m34.0s/5m30.0s
load-k6-1  | 
load-k6-1  | running (3m35.0s), 35/35 VUs, 18208 complete and 0 interrupted iterations
load-k6-1  | fspiopE2E   [  65% ] 35/35 VUs  3m35.0s/5m30.0s
load-k6-1  | 
load-k6-1  | running (3m36.0s), 35/35 VUs, 18292 complete and 0 interrupted iterations
load-k6-1  | fspiopE2E   [  65% ] 35/35 VUs  3m36.0s/5m30.0s
load-k6-1  | 
load-k6-1  | running (3m37.0s), 35/35 VUs, 18382 complete and 0 interrupted iterations
load-k6-1  | fspiopE2E   [  66% ] 35/35 VUs  3m37.0s/5m30.0s
load-k6-1  | 
load-k6-1  | running (3m38.0s), 35/35 VUs, 18474 complete and 0 interrupted iterations
load-k6-1  | fspiopE2E   [  66% ] 35/35 VUs  3m38.0s/5m30.0s
load-k6-1  | 
load-k6-1  | running (3m39.0s), 35/35 VUs, 18560 complete and 0 interrupted iterations
load-k6-1  | fspiopE2E   [  66% ] 35/35 VUs  3m39.0s/5m30.0s
load-k6-1  | 
load-k6-1  | running (3m40.0s), 35/35 VUs, 18654 complete and 0 interrupted iterations
load-k6-1  | fspiopE2E   [  67% ] 35/35 VUs  3m40.0s/5m30.0s
load-k6-1  | 
load-k6-1  | running (3m41.0s), 35/35 VUs, 18741 complete and 0 interrupted iterations
load-k6-1  | fspiopE2E   [  67% ] 35/35 VUs  3m41.0s/5m30.0s
load-k6-1  | 
load-k6-1  | running (3m42.0s), 35/35 VUs, 18829 complete and 0 interrupted iterations
load-k6-1  | fspiopE2E   [  67% ] 35/35 VUs  3m42.0s/5m30.0s
load-k6-1  | 
load-k6-1  | running (3m43.0s), 35/35 VUs, 18917 complete and 0 interrupted iterations
load-k6-1  | fspiopE2E   [  68% ] 35/35 VUs  3m43.0s/5m30.0s
load-k6-1  | 
load-k6-1  | running (3m44.0s), 35/35 VUs, 19014 complete and 0 interrupted iterations
load-k6-1  | fspiopE2E   [  68% ] 35/35 VUs  3m44.0s/5m30.0s
load-k6-1  | 
load-k6-1  | running (3m45.0s), 35/35 VUs, 19100 complete and 0 interrupted iterations
load-k6-1  | fspiopE2E   [  68% ] 35/35 VUs  3m45.0s/5m30.0s
load-k6-1  | 
load-k6-1  | running (3m46.0s), 35/35 VUs, 19183 complete and 0 interrupted iterations
load-k6-1  | fspiopE2E   [  68% ] 35/35 VUs  3m46.0s/5m30.0s
load-k6-1  | 
load-k6-1  | running (3m47.0s), 35/35 VUs, 19272 complete and 0 interrupted iterations
load-k6-1  | fspiopE2E   [  69% ] 35/35 VUs  3m47.0s/5m30.0s
load-k6-1  | 
load-k6-1  | running (3m48.0s), 35/35 VUs, 19366 complete and 0 interrupted iterations
load-k6-1  | fspiopE2E   [  69% ] 35/35 VUs  3m48.0s/5m30.0s
load-k6-1  | 
load-k6-1  | running (3m49.0s), 35/35 VUs, 19452 complete and 0 interrupted iterations
load-k6-1  | fspiopE2E   [  69% ] 35/35 VUs  3m49.0s/5m30.0s
load-k6-1  | 
load-k6-1  | running (3m50.0s), 35/35 VUs, 19539 complete and 0 interrupted iterations
load-k6-1  | fspiopE2E   [  70% ] 35/35 VUs  3m50.0s/5m30.0s
load-k6-1  | 
load-k6-1  | running (3m51.0s), 35/35 VUs, 19623 complete and 0 interrupted iterations
load-k6-1  | fspiopE2E   [  70% ] 35/35 VUs  3m51.0s/5m30.0s
load-k6-1  | 
load-k6-1  | running (3m52.0s), 35/35 VUs, 19723 complete and 0 interrupted iterations
load-k6-1  | fspiopE2E   [  70% ] 35/35 VUs  3m52.0s/5m30.0s
load-k6-1  | 
load-k6-1  | running (3m53.0s), 35/35 VUs, 19811 complete and 0 interrupted iterations
load-k6-1  | fspiopE2E   [  71% ] 35/35 VUs  3m53.0s/5m30.0s
load-k6-1  | 
load-k6-1  | running (3m54.0s), 35/35 VUs, 19896 complete and 0 interrupted iterations
load-k6-1  | fspiopE2E   [  71% ] 35/35 VUs  3m54.0s/5m30.0s
load-k6-1  | 
load-k6-1  | running (3m55.0s), 35/35 VUs, 19972 complete and 0 interrupted iterations
load-k6-1  | fspiopE2E   [  71% ] 35/35 VUs  3m55.0s/5m30.0s
load-k6-1  | 
load-k6-1  | running (3m56.0s), 35/35 VUs, 20064 complete and 0 interrupted iterations
load-k6-1  | fspiopE2E   [  72% ] 35/35 VUs  3m56.0s/5m30.0s
load-k6-1  | 
load-k6-1  | running (3m57.0s), 35/35 VUs, 20154 complete and 0 interrupted iterations
load-k6-1  | fspiopE2E   [  72% ] 35/35 VUs  3m57.0s/5m30.0s
load-k6-1  | 
load-k6-1  | running (3m58.0s), 35/35 VUs, 20244 complete and 0 interrupted iterations
load-k6-1  | fspiopE2E   [  72% ] 35/35 VUs  3m58.0s/5m30.0s
load-k6-1  | 
load-k6-1  | running (3m59.0s), 35/35 VUs, 20334 complete and 0 interrupted iterations
load-k6-1  | fspiopE2E   [  72% ] 35/35 VUs  3m59.0s/5m30.0s
load-k6-1  | 
load-k6-1  | running (4m00.0s), 35/35 VUs, 20426 complete and 0 interrupted iterations
load-k6-1  | fspiopE2E   [  73% ] 35/35 VUs  4m00.0s/5m30.0s
load-k6-1  | 
load-k6-1  | running (4m01.0s), 35/35 VUs, 20512 complete and 0 interrupted iterations
load-k6-1  | fspiopE2E   [  73% ] 35/35 VUs  4m01.0s/5m30.0s
load-k6-1  | 
load-k6-1  | running (4m02.0s), 35/35 VUs, 20602 complete and 0 interrupted iterations
load-k6-1  | fspiopE2E   [  73% ] 35/35 VUs  4m02.0s/5m30.0s
load-k6-1  | 
load-k6-1  | running (4m03.0s), 35/35 VUs, 20692 complete and 0 interrupted iterations
load-k6-1  | fspiopE2E   [  74% ] 35/35 VUs  4m03.0s/5m30.0s
load-k6-1  | 
load-k6-1  | running (4m04.0s), 35/35 VUs, 20787 complete and 0 interrupted iterations
load-k6-1  | fspiopE2E   [  74% ] 35/35 VUs  4m04.0s/5m30.0s
load-k6-1  | 
load-k6-1  | running (4m05.0s), 35/35 VUs, 20872 complete and 0 interrupted iterations
load-k6-1  | fspiopE2E   [  74% ] 35/35 VUs  4m05.0s/5m30.0s
load-k6-1  | 
load-k6-1  | running (4m06.0s), 35/35 VUs, 20957 complete and 0 interrupted iterations
load-k6-1  | fspiopE2E   [  75% ] 35/35 VUs  4m06.0s/5m30.0s
load-k6-1  | 
load-k6-1  | running (4m07.0s), 35/35 VUs, 21049 complete and 0 interrupted iterations
load-k6-1  | fspiopE2E   [  75% ] 35/35 VUs  4m07.0s/5m30.0s
load-k6-1  | 
load-k6-1  | running (4m08.0s), 35/35 VUs, 21133 complete and 0 interrupted iterations
load-k6-1  | fspiopE2E   [  75% ] 35/35 VUs  4m08.0s/5m30.0s
load-k6-1  | 
load-k6-1  | running (4m09.0s), 35/35 VUs, 21223 complete and 0 interrupted iterations
load-k6-1  | fspiopE2E   [  75% ] 35/35 VUs  4m09.0s/5m30.0s
load-k6-1  | 
load-k6-1  | running (4m10.0s), 35/35 VUs, 21315 complete and 0 interrupted iterations
load-k6-1  | fspiopE2E   [  76% ] 35/35 VUs  4m10.0s/5m30.0s
load-k6-1  | 
load-k6-1  | running (4m11.0s), 35/35 VUs, 21403 complete and 0 interrupted iterations
load-k6-1  | fspiopE2E   [  76% ] 35/35 VUs  4m11.0s/5m30.0s
load-k6-1  | 
load-k6-1  | running (4m12.0s), 35/35 VUs, 21497 complete and 0 interrupted iterations
load-k6-1  | fspiopE2E   [  76% ] 35/35 VUs  4m12.0s/5m30.0s
load-k6-1  | 
load-k6-1  | running (4m13.0s), 35/35 VUs, 21588 complete and 0 interrupted iterations
load-k6-1  | fspiopE2E   [  77% ] 35/35 VUs  4m13.0s/5m30.0s
load-k6-1  | 
load-k6-1  | running (4m14.0s), 35/35 VUs, 21678 complete and 0 interrupted iterations
load-k6-1  | fspiopE2E   [  77% ] 35/35 VUs  4m14.0s/5m30.0s
load-k6-1  | 
load-k6-1  | running (4m15.0s), 35/35 VUs, 21771 complete and 0 interrupted iterations
load-k6-1  | fspiopE2E   [  77% ] 35/35 VUs  4m15.0s/5m30.0s
load-k6-1  | 
load-k6-1  | running (4m16.0s), 35/35 VUs, 21860 complete and 0 interrupted iterations
load-k6-1  | fspiopE2E   [  78% ] 35/35 VUs  4m16.0s/5m30.0s
load-k6-1  | 
load-k6-1  | running (4m17.0s), 35/35 VUs, 21950 complete and 0 interrupted iterations
load-k6-1  | fspiopE2E   [  78% ] 35/35 VUs  4m17.0s/5m30.0s
load-k6-1  | 
load-k6-1  | running (4m18.0s), 35/35 VUs, 22040 complete and 0 interrupted iterations
load-k6-1  | fspiopE2E   [  78% ] 35/35 VUs  4m18.0s/5m30.0s
load-k6-1  | 
load-k6-1  | running (4m19.0s), 35/35 VUs, 22127 complete and 0 interrupted iterations
load-k6-1  | fspiopE2E   [  78% ] 35/35 VUs  4m19.0s/5m30.0s
load-k6-1  | 
load-k6-1  | running (4m20.0s), 35/35 VUs, 22213 complete and 0 interrupted iterations
load-k6-1  | fspiopE2E   [  79% ] 35/35 VUs  4m20.0s/5m30.0s
load-k6-1  | 
load-k6-1  | running (4m21.0s), 35/35 VUs, 22305 complete and 0 interrupted iterations
load-k6-1  | fspiopE2E   [  79% ] 35/35 VUs  4m21.0s/5m30.0s
load-k6-1  | 
load-k6-1  | running (4m22.0s), 35/35 VUs, 22395 complete and 0 interrupted iterations
load-k6-1  | fspiopE2E   [  79% ] 35/35 VUs  4m22.0s/5m30.0s
load-k6-1  | 
load-k6-1  | running (4m23.0s), 35/35 VUs, 22489 complete and 0 interrupted iterations
load-k6-1  | fspiopE2E   [  80% ] 35/35 VUs  4m23.0s/5m30.0s
load-k6-1  | 
load-k6-1  | running (4m24.0s), 35/35 VUs, 22557 complete and 0 interrupted iterations
load-k6-1  | fspiopE2E   [  80% ] 35/35 VUs  4m24.0s/5m30.0s
load-k6-1  | 
load-k6-1  | running (4m25.0s), 35/35 VUs, 22648 complete and 0 interrupted iterations
load-k6-1  | fspiopE2E   [  80% ] 35/35 VUs  4m25.0s/5m30.0s
load-k6-1  | 
load-k6-1  | running (4m26.0s), 35/35 VUs, 22742 complete and 0 interrupted iterations
load-k6-1  | fspiopE2E   [  81% ] 35/35 VUs  4m26.0s/5m30.0s
load-k6-1  | 
load-k6-1  | running (4m27.0s), 35/35 VUs, 22831 complete and 0 interrupted iterations
load-k6-1  | fspiopE2E   [  81% ] 35/35 VUs  4m27.0s/5m30.0s
load-k6-1  | 
load-k6-1  | running (4m28.0s), 35/35 VUs, 22923 complete and 0 interrupted iterations
load-k6-1  | fspiopE2E   [  81% ] 35/35 VUs  4m28.0s/5m30.0s
load-k6-1  | 
load-k6-1  | running (4m29.0s), 35/35 VUs, 23011 complete and 0 interrupted iterations
load-k6-1  | fspiopE2E   [  82% ] 35/35 VUs  4m29.0s/5m30.0s
load-k6-1  | 
load-k6-1  | running (4m30.0s), 35/35 VUs, 23101 complete and 0 interrupted iterations
load-k6-1  | fspiopE2E   [  82% ] 35/35 VUs  4m30.0s/5m30.0s
load-k6-1  | 
load-k6-1  | running (4m31.0s), 35/35 VUs, 23193 complete and 0 interrupted iterations
load-k6-1  | fspiopE2E   [  82% ] 35/35 VUs  4m31.0s/5m30.0s
load-k6-1  | 
load-k6-1  | running (4m32.0s), 35/35 VUs, 23276 complete and 0 interrupted iterations
load-k6-1  | fspiopE2E   [  82% ] 35/35 VUs  4m32.0s/5m30.0s
load-k6-1  | 
load-k6-1  | running (4m33.0s), 35/35 VUs, 23362 complete and 0 interrupted iterations
load-k6-1  | fspiopE2E   [  83% ] 35/35 VUs  4m33.0s/5m30.0s
load-k6-1  | 
load-k6-1  | running (4m34.0s), 35/35 VUs, 23445 complete and 0 interrupted iterations
load-k6-1  | fspiopE2E   [  83% ] 35/35 VUs  4m34.0s/5m30.0s
load-k6-1  | 
load-k6-1  | running (4m35.0s), 35/35 VUs, 23538 complete and 0 interrupted iterations
load-k6-1  | fspiopE2E   [  83% ] 35/35 VUs  4m35.0s/5m30.0s
load-k6-1  | 
load-k6-1  | running (4m36.0s), 35/35 VUs, 23624 complete and 0 interrupted iterations
load-k6-1  | fspiopE2E   [  84% ] 35/35 VUs  4m36.0s/5m30.0s
load-k6-1  | 
load-k6-1  | running (4m37.0s), 35/35 VUs, 23712 complete and 0 interrupted iterations
load-k6-1  | fspiopE2E   [  84% ] 35/35 VUs  4m37.0s/5m30.0s
load-k6-1  | 
load-k6-1  | running (4m38.0s), 35/35 VUs, 23803 complete and 0 interrupted iterations
load-k6-1  | fspiopE2E   [  84% ] 35/35 VUs  4m38.0s/5m30.0s
load-k6-1  | 
load-k6-1  | running (4m39.0s), 35/35 VUs, 23889 complete and 0 interrupted iterations
load-k6-1  | fspiopE2E   [  85% ] 35/35 VUs  4m39.0s/5m30.0s
load-k6-1  | 
load-k6-1  | running (4m40.0s), 35/35 VUs, 23978 complete and 0 interrupted iterations
load-k6-1  | fspiopE2E   [  85% ] 35/35 VUs  4m40.0s/5m30.0s
load-k6-1  | 
load-k6-1  | running (4m41.0s), 35/35 VUs, 24068 complete and 0 interrupted iterations
load-k6-1  | fspiopE2E   [  85% ] 35/35 VUs  4m41.0s/5m30.0s
load-k6-1  | 
load-k6-1  | running (4m42.0s), 35/35 VUs, 24156 complete and 0 interrupted iterations
load-k6-1  | fspiopE2E   [  85% ] 35/35 VUs  4m42.0s/5m30.0s
load-k6-1  | 
load-k6-1  | running (4m43.0s), 35/35 VUs, 24249 complete and 0 interrupted iterations
load-k6-1  | fspiopE2E   [  86% ] 35/35 VUs  4m43.0s/5m30.0s
load-k6-1  | 
load-k6-1  | running (4m44.0s), 35/35 VUs, 24336 complete and 0 interrupted iterations
load-k6-1  | fspiopE2E   [  86% ] 35/35 VUs  4m44.0s/5m30.0s
load-k6-1  | 
load-k6-1  | running (4m45.0s), 35/35 VUs, 24428 complete and 0 interrupted iterations
load-k6-1  | fspiopE2E   [  86% ] 35/35 VUs  4m45.0s/5m30.0s
load-k6-1  | 
load-k6-1  | running (4m46.0s), 35/35 VUs, 24516 complete and 0 interrupted iterations
load-k6-1  | fspiopE2E   [  87% ] 35/35 VUs  4m46.0s/5m30.0s
load-k6-1  | 
load-k6-1  | running (4m47.0s), 35/35 VUs, 24606 complete and 0 interrupted iterations
load-k6-1  | fspiopE2E   [  87% ] 35/35 VUs  4m47.0s/5m30.0s
load-k6-1  | 
load-k6-1  | running (4m48.0s), 35/35 VUs, 24692 complete and 0 interrupted iterations
load-k6-1  | fspiopE2E   [  87% ] 35/35 VUs  4m48.0s/5m30.0s
load-k6-1  | 
load-k6-1  | running (4m49.0s), 35/35 VUs, 24775 complete and 0 interrupted iterations
load-k6-1  | fspiopE2E   [  88% ] 35/35 VUs  4m49.0s/5m30.0s
load-k6-1  | 
load-k6-1  | running (4m50.0s), 35/35 VUs, 24867 complete and 0 interrupted iterations
load-k6-1  | fspiopE2E   [  88% ] 35/35 VUs  4m50.0s/5m30.0s
load-k6-1  | 
load-k6-1  | running (4m51.0s), 35/35 VUs, 24959 complete and 0 interrupted iterations
load-k6-1  | fspiopE2E   [  88% ] 35/35 VUs  4m51.0s/5m30.0s
load-k6-1  | 
load-k6-1  | running (4m52.0s), 35/35 VUs, 25051 complete and 0 interrupted iterations
load-k6-1  | fspiopE2E   [  88% ] 35/35 VUs  4m52.0s/5m30.0s
load-k6-1  | 
load-k6-1  | running (4m53.0s), 35/35 VUs, 25134 complete and 0 interrupted iterations
load-k6-1  | fspiopE2E   [  89% ] 35/35 VUs  4m53.0s/5m30.0s
load-k6-1  | 
load-k6-1  | running (4m54.0s), 35/35 VUs, 25225 complete and 0 interrupted iterations
load-k6-1  | fspiopE2E   [  89% ] 35/35 VUs  4m54.0s/5m30.0s
load-k6-1  | 
load-k6-1  | running (4m55.0s), 35/35 VUs, 25307 complete and 0 interrupted iterations
load-k6-1  | fspiopE2E   [  89% ] 35/35 VUs  4m55.0s/5m30.0s
load-k6-1  | 
load-k6-1  | running (4m56.0s), 35/35 VUs, 25393 complete and 0 interrupted iterations
load-k6-1  | fspiopE2E   [  90% ] 35/35 VUs  4m56.0s/5m30.0s
load-k6-1  | 
load-k6-1  | running (4m57.0s), 35/35 VUs, 25481 complete and 0 interrupted iterations
load-k6-1  | fspiopE2E   [  90% ] 35/35 VUs  4m57.0s/5m30.0s
load-k6-1  | 
load-k6-1  | running (4m58.0s), 35/35 VUs, 25570 complete and 0 interrupted iterations
load-k6-1  | fspiopE2E   [  90% ] 35/35 VUs  4m58.0s/5m30.0s
load-k6-1  | 
load-k6-1  | running (4m59.0s), 35/35 VUs, 25658 complete and 0 interrupted iterations
load-k6-1  | fspiopE2E   [  91% ] 35/35 VUs  4m59.0s/5m30.0s
load-k6-1  | 
load-k6-1  | running (5m00.0s), 35/35 VUs, 25747 complete and 0 interrupted iterations
load-k6-1  | fspiopE2E   [  91% ] 35/35 VUs  5m00.0s/5m30.0s
load-k6-1  | 
load-k6-1  | running (5m01.0s), 35/35 VUs, 25837 complete and 0 interrupted iterations
load-k6-1  | fspiopE2E   [  91% ] 35/35 VUs  5m01.0s/5m30.0s
load-k6-1  | 
load-k6-1  | running (5m02.0s), 35/35 VUs, 25925 complete and 0 interrupted iterations
load-k6-1  | fspiopE2E   [  92% ] 35/35 VUs  5m02.0s/5m30.0s
load-k6-1  | 
load-k6-1  | running (5m03.0s), 35/35 VUs, 26011 complete and 0 interrupted iterations
load-k6-1  | fspiopE2E   [  92% ] 35/35 VUs  5m03.0s/5m30.0s
load-k6-1  | 
load-k6-1  | running (5m04.0s), 35/35 VUs, 26099 complete and 0 interrupted iterations
load-k6-1  | fspiopE2E   [  92% ] 35/35 VUs  5m04.0s/5m30.0s
load-k6-1  | 
load-k6-1  | running (5m05.0s), 35/35 VUs, 26187 complete and 0 interrupted iterations
load-k6-1  | fspiopE2E   [  92% ] 35/35 VUs  5m05.0s/5m30.0s
load-k6-1  | 
load-k6-1  | running (5m06.0s), 35/35 VUs, 26278 complete and 0 interrupted iterations
load-k6-1  | fspiopE2E   [  93% ] 35/35 VUs  5m06.0s/5m30.0s
load-k6-1  | 
load-k6-1  | running (5m07.0s), 35/35 VUs, 26367 complete and 0 interrupted iterations
load-k6-1  | fspiopE2E   [  93% ] 35/35 VUs  5m07.0s/5m30.0s
load-k6-1  | 
load-k6-1  | running (5m08.0s), 35/35 VUs, 26454 complete and 0 interrupted iterations
load-k6-1  | fspiopE2E   [  93% ] 35/35 VUs  5m08.0s/5m30.0s
load-k6-1  | 
load-k6-1  | running (5m09.0s), 35/35 VUs, 26541 complete and 0 interrupted iterations
load-k6-1  | fspiopE2E   [  94% ] 35/35 VUs  5m09.0s/5m30.0s
load-k6-1  | 
load-k6-1  | running (5m10.0s), 35/35 VUs, 26627 complete and 0 interrupted iterations
load-k6-1  | fspiopE2E   [  94% ] 35/35 VUs  5m10.0s/5m30.0s
load-k6-1  | 
load-k6-1  | running (5m11.0s), 35/35 VUs, 26716 complete and 0 interrupted iterations
load-k6-1  | fspiopE2E   [  94% ] 35/35 VUs  5m11.0s/5m30.0s
load-k6-1  | 
load-k6-1  | running (5m12.0s), 35/35 VUs, 26811 complete and 0 interrupted iterations
load-k6-1  | fspiopE2E   [  95% ] 35/35 VUs  5m12.0s/5m30.0s
load-k6-1  | 
load-k6-1  | running (5m13.0s), 35/35 VUs, 26894 complete and 0 interrupted iterations
load-k6-1  | fspiopE2E   [  95% ] 35/35 VUs  5m13.0s/5m30.0s
load-k6-1  | 
load-k6-1  | running (5m14.0s), 35/35 VUs, 26983 complete and 0 interrupted iterations
load-k6-1  | fspiopE2E   [  95% ] 35/35 VUs  5m14.0s/5m30.0s
load-k6-1  | 
load-k6-1  | running (5m15.0s), 35/35 VUs, 27071 complete and 0 interrupted iterations
load-k6-1  | fspiopE2E   [  95% ] 35/35 VUs  5m15.0s/5m30.0s
load-k6-1  | 
load-k6-1  | running (5m16.0s), 35/35 VUs, 27161 complete and 0 interrupted iterations
load-k6-1  | fspiopE2E   [  96% ] 35/35 VUs  5m16.0s/5m30.0s
load-k6-1  | 
load-k6-1  | running (5m17.0s), 35/35 VUs, 27250 complete and 0 interrupted iterations
load-k6-1  | fspiopE2E   [  96% ] 35/35 VUs  5m17.0s/5m30.0s
load-k6-1  | 
load-k6-1  | running (5m18.0s), 35/35 VUs, 27336 complete and 0 interrupted iterations
load-k6-1  | fspiopE2E   [  96% ] 35/35 VUs  5m18.0s/5m30.0s
load-k6-1  | 
load-k6-1  | running (5m19.0s), 35/35 VUs, 27425 complete and 0 interrupted iterations
load-k6-1  | fspiopE2E   [  97% ] 35/35 VUs  5m19.0s/5m30.0s
load-k6-1  | 
load-k6-1  | running (5m20.0s), 35/35 VUs, 27516 complete and 0 interrupted iterations
load-k6-1  | fspiopE2E   [  97% ] 35/35 VUs  5m20.0s/5m30.0s
load-k6-1  | 
load-k6-1  | running (5m21.0s), 35/35 VUs, 27602 complete and 0 interrupted iterations
load-k6-1  | fspiopE2E   [  97% ] 35/35 VUs  5m21.0s/5m30.0s
load-k6-1  | 
load-k6-1  | running (5m22.0s), 35/35 VUs, 27690 complete and 0 interrupted iterations
load-k6-1  | fspiopE2E   [  98% ] 35/35 VUs  5m22.0s/5m30.0s
load-k6-1  | 
load-k6-1  | running (5m23.0s), 35/35 VUs, 27780 complete and 0 interrupted iterations
load-k6-1  | fspiopE2E   [  98% ] 35/35 VUs  5m23.0s/5m30.0s
load-k6-1  | 
load-k6-1  | running (5m24.0s), 35/35 VUs, 27870 complete and 0 interrupted iterations
load-k6-1  | fspiopE2E   [  98% ] 35/35 VUs  5m24.0s/5m30.0s
load-k6-1  | 
load-k6-1  | running (5m25.0s), 35/35 VUs, 27957 complete and 0 interrupted iterations
load-k6-1  | fspiopE2E   [  98% ] 35/35 VUs  5m25.0s/5m30.0s
load-k6-1  | 
load-k6-1  | running (5m26.0s), 35/35 VUs, 28042 complete and 0 interrupted iterations
load-k6-1  | fspiopE2E   [  99% ] 35/35 VUs  5m26.0s/5m30.0s
load-k6-1  | 
load-k6-1  | running (5m27.0s), 35/35 VUs, 28132 complete and 0 interrupted iterations
load-k6-1  | fspiopE2E   [  99% ] 35/35 VUs  5m27.0s/5m30.0s
load-k6-1  | 
load-k6-1  | running (5m28.0s), 35/35 VUs, 28221 complete and 0 interrupted iterations
load-k6-1  | fspiopE2E   [  99% ] 35/35 VUs  5m28.0s/5m30.0s
load-k6-1  | 
load-k6-1  | running (5m29.0s), 35/35 VUs, 28306 complete and 0 interrupted iterations
load-k6-1  | fspiopE2E   [ 100% ] 35/35 VUs  5m29.0s/5m30.0s
load-k6-1  | 
load-k6-1  | running (5m30.0s), 35/35 VUs, 28403 complete and 0 interrupted iterations
load-k6-1  | fspiopE2E   [ 100% ] 35/35 VUs  5m30.0s/5m30.0s
load-k6-1  | 
load-k6-1  |      ✓ ALS_FSPIOP_GET_PARTIES_RESPONSE_IS_202
load-k6-1  |      ✓ ALS_E2E_FSPIOP_GET_PARTIES_SUCCESS
load-k6-1  |      ✓ QUOTES_FSPIOP_POST_QUOTES_RESPONSE_IS_202
load-k6-1  |      ✓ QUOTES_E2E_FSPIOP_POST_QUOTES_SUCCESS
load-k6-1  |      ✓ TRANSFERS_FSPIOP_POST_TRANSFERS_RESPONSE_IS_202
load-k6-1  |      ✓ TRANSFERS_E2E_FSPIOP_POST_TRANSFERS_SUCCESS
load-k6-1  | 
load-k6-1  |      █ E2E
load-k6-1  | 
load-k6-1  |      checks.........................: 100.00% ✓ 170628     ✗ 0    
load-k6-1  |      data_received..................: 27 MB   81 kB/s
load-k6-1  |      data_sent......................: 113 MB  342 kB/s
load-k6-1  |      group_duration.................: avg=279.36µs min=175.29µs med=273.8µs  max=11.21ms  p(90)=335.71µs p(95)=355.37µs
load-k6-1  |      http_req_blocked...............: avg=6.74µs   min=2.29µs   med=5.97µs   max=6.16ms   p(90)=8.4µs    p(95)=9.05µs  
load-k6-1  |      http_req_connecting............: avg=199ns    min=0s       med=0s       max=565.08µs p(90)=0s       p(95)=0s      
load-k6-1  |    ✓ http_req_duration..............: avg=2.97ms   min=826.32µs med=2.38ms   max=81.03ms  p(90)=5.42ms   p(95)=7.11ms  
load-k6-1  |        { expected_response:true }...: avg=2.97ms   min=826.32µs med=2.38ms   max=81.03ms  p(90)=5.42ms   p(95)=7.11ms  
load-k6-1  |    ✓ http_req_failed................: 0.00%   ✓ 0          ✗ 85314
load-k6-1  |      http_req_receiving.............: avg=43.99µs  min=10.22µs  med=38.91µs  max=13.05ms  p(90)=63.28µs  p(95)=74.86µs 
load-k6-1  |      http_req_sending...............: avg=28.17µs  min=11.09µs  med=26.25µs  max=22.58ms  p(90)=36.91µs  p(95)=40.69µs 
load-k6-1  |      http_req_tls_handshaking.......: avg=0s       min=0s       med=0s       max=0s       p(90)=0s       p(95)=0s      
load-k6-1  |      http_req_waiting...............: avg=2.9ms    min=773.41µs med=2.31ms   max=80.95ms  p(90)=5.35ms   p(95)=7.03ms  
load-k6-1  |      http_reqs......................: 85314   258.312885/s
load-k6-1  |    ✓ iteration_duration.............: avg=387.85ms min=112.54ms med=391.91ms max=3.41s    p(90)=435.93ms p(95)=454.99ms
load-k6-1  |      iterations.....................: 28438   86.104295/s
load-k6-1  |      vus............................: 35      min=2        max=35 
load-k6-1  |      vus_max........................: 35      min=35       max=35 
load-k6-1  |      ws_connecting..................: avg=700.42µs min=275.18µs med=613.39µs max=36.91ms  p(90)=1.06ms   p(95)=1.28ms  
load-k6-1  |      ws_msgs_received...............: 85314   258.312885/s
load-k6-1  |      ws_msgs_sent...................: 85314   258.312885/s
load-k6-1  |      ws_session_duration............: avg=129.34ms min=10.48ms  med=50.15ms  max=3.2s     p(90)=337.79ms p(95)=352.98ms
load-k6-1  |      ws_sessions....................: 85314   258.312885/s
load-k6-1  | 
load-k6-1  | 
load-k6-1  | running (5m30.3s), 00/35 VUs, 28438 complete and 0 interrupted iterations
load-k6-1  | fspiopE2E ✓ [ 100% ] 00/35 VUs  5m30s
load-k6-1 exited with code 0
