Attaching to load-k6-1
load-k6-1  | 
load-k6-1  |           /\      |‾‾| /‾‾/   /‾‾/   
load-k6-1  |      /\  /  \     |  |/  /   /  /    
load-k6-1  |     /  \/    \    |     (   /   ‾‾\  
load-k6-1  |    /          \   |  |\  \ |  (‾)  | 
load-k6-1  |   / __________ \  |__| \__\ \_____/ .io
load-k6-1  | 
load-k6-1  | 
load-k6-1  |   execution: local
load-k6-1  |      script: /scripts/index.js
load-k6-1  |      output: Prometheus remote write (http://prometheus:9090/api/v1/write)
load-k6-1  | 
load-k6-1  |   scenarios: (100.00%) 1 scenario, 50 max VUs, 6m0s max duration (incl. graceful stop):
load-k6-1  |            * fspiopQuotes: Up to 50 looping VUs for 5m30s over 2 stages (gracefulRampDown: 30s, exec: fspiopQuotesScenarios, gracefulStop: 30s)
load-k6-1  | 
load-k6-1  | 
load-k6-1  | 
load-k6-1  | running (0m01.0s), 02/50 VUs, 70 complete and 0 interrupted iterations
load-k6-1  | fspiopQuotes   [   0% ] 02/50 VUs  0m01.0s/5m30.0s
load-k6-1  | 
load-k6-1  | 
load-k6-1  | running (0m02.0s), 04/50 VUs, 186 complete and 0 interrupted iterations
load-k6-1  | fspiopQuotes   [   1% ] 04/50 VUs  0m02.0s/5m30.0s
load-k6-1  | 
load-k6-1  | 
load-k6-1  | running (0m03.0s), 05/50 VUs, 312 complete and 0 interrupted iterations
load-k6-1  | fspiopQuotes   [   1% ] 05/50 VUs  0m03.0s/5m30.0s
load-k6-1  | 
load-k6-1  | 
load-k6-1  | running (0m04.0s), 07/50 VUs, 446 complete and 0 interrupted iterations
load-k6-1  | fspiopQuotes   [   1% ] 07/50 VUs  0m04.0s/5m30.0s
load-k6-1  | 
load-k6-1  | 
load-k6-1  | running (0m05.0s), 09/50 VUs, 587 complete and 0 interrupted iterations
load-k6-1  | fspiopQuotes   [   2% ] 09/50 VUs  0m05.0s/5m30.0s
load-k6-1  | 
load-k6-1  | 
load-k6-1  | running (0m06.0s), 10/50 VUs, 746 complete and 0 interrupted iterations
load-k6-1  | fspiopQuotes   [   2% ] 10/50 VUs  0m06.0s/5m30.0s
load-k6-1  | 
load-k6-1  | 
load-k6-1  | running (0m07.0s), 12/50 VUs, 906 complete and 0 interrupted iterations
load-k6-1  | fspiopQuotes   [   2% ] 12/50 VUs  0m07.0s/5m30.0s
load-k6-1  | 
load-k6-1  | 
load-k6-1  | running (0m08.0s), 14/50 VUs, 1064 complete and 0 interrupted iterations
load-k6-1  | fspiopQuotes   [   2% ] 14/50 VUs  0m08.0s/5m30.0s
load-k6-1  | 
load-k6-1  | 
load-k6-1  | running (0m09.0s), 15/50 VUs, 1217 complete and 0 interrupted iterations
load-k6-1  | fspiopQuotes   [   3% ] 15/50 VUs  0m09.0s/5m30.0s
load-k6-1  | 
load-k6-1  | 
load-k6-1  | running (0m10.0s), 17/50 VUs, 1358 complete and 0 interrupted iterations
load-k6-1  | fspiopQuotes   [   3% ] 17/50 VUs  0m10.0s/5m30.0s
load-k6-1  | 
load-k6-1  | 
load-k6-1  | running (0m11.0s), 18/50 VUs, 1512 complete and 0 interrupted iterations
load-k6-1  | fspiopQuotes   [   3% ] 18/50 VUs  0m11.0s/5m30.0s
load-k6-1  | 
load-k6-1  | 
load-k6-1  | running (0m12.0s), 20/50 VUs, 1680 complete and 0 interrupted iterations
load-k6-1  | fspiopQuotes   [   4% ] 20/50 VUs  0m12.0s/5m30.0s
load-k6-1  | 
load-k6-1  | 
load-k6-1  | running (0m13.0s), 22/50 VUs, 1851 complete and 0 interrupted iterations
load-k6-1  | fspiopQuotes   [   4% ] 22/50 VUs  0m13.0s/5m30.0s
load-k6-1  | 
load-k6-1  | 
load-k6-1  | running (0m14.0s), 23/50 VUs, 2019 complete and 0 interrupted iterations
load-k6-1  | fspiopQuotes   [   4% ] 23/50 VUs  0m14.0s/5m30.0s
load-k6-1  | 
load-k6-1  | 
load-k6-1  | running (0m15.0s), 25/50 VUs, 2189 complete and 0 interrupted iterations
load-k6-1  | fspiopQuotes   [   5% ] 25/50 VUs  0m15.0s/5m30.0s
load-k6-1  | 
load-k6-1  | 
load-k6-1  | running (0m16.0s), 27/50 VUs, 2351 complete and 0 interrupted iterations
load-k6-1  | fspiopQuotes   [   5% ] 27/50 VUs  0m16.0s/5m30.0s
load-k6-1  | 
load-k6-1  | 
load-k6-1  | running (0m17.0s), 28/50 VUs, 2518 complete and 0 interrupted iterations
load-k6-1  | fspiopQuotes   [   5% ] 28/50 VUs  0m17.0s/5m30.0s
load-k6-1  | 
load-k6-1  | 
load-k6-1  | running (0m18.0s), 30/50 VUs, 2682 complete and 0 interrupted iterations
load-k6-1  | fspiopQuotes   [   5% ] 30/50 VUs  0m18.0s/5m30.0s
load-k6-1  | 
load-k6-1  | 
load-k6-1  | running (0m19.0s), 32/50 VUs, 2844 complete and 0 interrupted iterations
load-k6-1  | fspiopQuotes   [   6% ] 32/50 VUs  0m19.0s/5m30.0s
load-k6-1  | 
load-k6-1  | 
load-k6-1  | running (0m20.0s), 33/50 VUs, 3016 complete and 0 interrupted iterations
load-k6-1  | fspiopQuotes   [   6% ] 33/50 VUs  0m20.0s/5m30.0s
load-k6-1  | 
load-k6-1  | 
load-k6-1  | running (0m21.0s), 35/50 VUs, 3180 complete and 0 interrupted iterations
load-k6-1  | fspiopQuotes   [   6% ] 35/50 VUs  0m21.0s/5m30.0s
load-k6-1  | 
load-k6-1  | 
load-k6-1  | running (0m22.0s), 36/50 VUs, 3348 complete and 0 interrupted iterations
load-k6-1  | fspiopQuotes   [   7% ] 36/50 VUs  0m22.0s/5m30.0s
load-k6-1  | 
load-k6-1  | 
load-k6-1  | running (0m23.0s), 38/50 VUs, 3516 complete and 0 interrupted iterations
load-k6-1  | fspiopQuotes   [   7% ] 38/50 VUs  0m23.0s/5m30.0s
load-k6-1  | 
load-k6-1  | 
load-k6-1  | running (0m24.0s), 40/50 VUs, 3692 complete and 0 interrupted iterations
load-k6-1  | fspiopQuotes   [   7% ] 40/50 VUs  0m24.0s/5m30.0s
load-k6-1  | 
load-k6-1  | 
load-k6-1  | running (0m25.0s), 41/50 VUs, 3867 complete and 0 interrupted iterations
load-k6-1  | fspiopQuotes   [   8% ] 41/50 VUs  0m25.0s/5m30.0s
load-k6-1  | 
load-k6-1  | 
load-k6-1  | running (0m26.0s), 43/50 VUs, 4041 complete and 0 interrupted iterations
load-k6-1  | fspiopQuotes   [   8% ] 43/50 VUs  0m26.0s/5m30.0s
load-k6-1  | 
load-k6-1  | 
load-k6-1  | running (0m27.0s), 45/50 VUs, 4215 complete and 0 interrupted iterations
load-k6-1  | fspiopQuotes   [   8% ] 45/50 VUs  0m27.0s/5m30.0s
load-k6-1  | 
load-k6-1  | 
load-k6-1  | running (0m28.0s), 46/50 VUs, 4392 complete and 0 interrupted iterations
load-k6-1  | fspiopQuotes   [   8% ] 46/50 VUs  0m28.0s/5m30.0s
load-k6-1  | 
load-k6-1  | 
load-k6-1  | running (0m29.0s), 48/50 VUs, 4569 complete and 0 interrupted iterations
load-k6-1  | fspiopQuotes   [   9% ] 48/50 VUs  0m29.0s/5m30.0s
load-k6-1  | 
load-k6-1  | 
load-k6-1  | running (0m30.0s), 49/50 VUs, 4735 complete and 0 interrupted iterations
load-k6-1  | fspiopQuotes   [   9% ] 49/50 VUs  0m30.0s/5m30.0s
load-k6-1  | 
load-k6-1  | 
load-k6-1  | running (0m31.0s), 50/50 VUs, 4916 complete and 0 interrupted iterations
load-k6-1  | fspiopQuotes   [   9% ] 50/50 VUs  0m31.0s/5m30.0s
load-k6-1  | 
load-k6-1  | 
load-k6-1  | running (0m32.0s), 50/50 VUs, 5086 complete and 0 interrupted iterations
load-k6-1  | fspiopQuotes   [  10% ] 50/50 VUs  0m32.0s/5m30.0s
load-k6-1  | 
load-k6-1  | 
load-k6-1  | running (0m33.0s), 50/50 VUs, 5267 complete and 0 interrupted iterations
load-k6-1  | fspiopQuotes   [  10% ] 50/50 VUs  0m33.0s/5m30.0s
load-k6-1  | 
load-k6-1  | 
load-k6-1  | running (0m34.0s), 50/50 VUs, 5430 complete and 0 interrupted iterations
load-k6-1  | fspiopQuotes   [  10% ] 50/50 VUs  0m34.0s/5m30.0s
load-k6-1  | 
load-k6-1  | 
load-k6-1  | running (0m35.0s), 50/50 VUs, 5609 complete and 0 interrupted iterations
load-k6-1  | fspiopQuotes   [  11% ] 50/50 VUs  0m35.0s/5m30.0s
load-k6-1  | 
load-k6-1  | 
load-k6-1  | running (0m36.0s), 50/50 VUs, 5777 complete and 0 interrupted iterations
load-k6-1  | fspiopQuotes   [  11% ] 50/50 VUs  0m36.0s/5m30.0s
load-k6-1  | 
load-k6-1  | 
load-k6-1  | running (0m37.0s), 50/50 VUs, 5949 complete and 0 interrupted iterations
load-k6-1  | fspiopQuotes   [  11% ] 50/50 VUs  0m37.0s/5m30.0s
load-k6-1  | 
load-k6-1  | 
load-k6-1  | running (0m38.0s), 50/50 VUs, 6125 complete and 0 interrupted iterations
load-k6-1  | fspiopQuotes   [  12% ] 50/50 VUs  0m38.0s/5m30.0s
load-k6-1  | 
load-k6-1  | 
load-k6-1  | running (0m39.0s), 50/50 VUs, 6296 complete and 0 interrupted iterations
load-k6-1  | fspiopQuotes   [  12% ] 50/50 VUs  0m39.0s/5m30.0s
load-k6-1  | 
load-k6-1  | 
load-k6-1  | running (0m40.0s), 50/50 VUs, 6473 complete and 0 interrupted iterations
load-k6-1  | fspiopQuotes   [  12% ] 50/50 VUs  0m40.0s/5m30.0s
load-k6-1  | 
load-k6-1  | 
load-k6-1  | running (0m41.0s), 50/50 VUs, 6644 complete and 0 interrupted iterations
load-k6-1  | fspiopQuotes   [  12% ] 50/50 VUs  0m41.0s/5m30.0s
load-k6-1  | 
load-k6-1  | 
load-k6-1  | running (0m42.0s), 50/50 VUs, 6818 complete and 0 interrupted iterations
load-k6-1  | fspiopQuotes   [  13% ] 50/50 VUs  0m42.0s/5m30.0s
load-k6-1  | 
load-k6-1  | 
load-k6-1  | running (0m43.0s), 50/50 VUs, 6988 complete and 0 interrupted iterations
load-k6-1  | fspiopQuotes   [  13% ] 50/50 VUs  0m43.0s/5m30.0s
load-k6-1  | 
load-k6-1  | 
load-k6-1  | running (0m44.0s), 50/50 VUs, 7166 complete and 0 interrupted iterations
load-k6-1  | fspiopQuotes   [  13% ] 50/50 VUs  0m44.0s/5m30.0s
load-k6-1  | 
load-k6-1  | 
load-k6-1  | running (0m45.0s), 50/50 VUs, 7327 complete and 0 interrupted iterations
load-k6-1  | fspiopQuotes   [  14% ] 50/50 VUs  0m45.0s/5m30.0s
load-k6-1  | 
load-k6-1  | 
load-k6-1  | running (0m46.0s), 50/50 VUs, 7508 complete and 0 interrupted iterations
load-k6-1  | fspiopQuotes   [  14% ] 50/50 VUs  0m46.0s/5m30.0s
load-k6-1  | 
load-k6-1  | 
load-k6-1  | running (0m47.0s), 50/50 VUs, 7673 complete and 0 interrupted iterations
load-k6-1  | fspiopQuotes   [  14% ] 50/50 VUs  0m47.0s/5m30.0s
load-k6-1  | 
load-k6-1  | 
load-k6-1  | running (0m48.0s), 50/50 VUs, 7851 complete and 0 interrupted iterations
load-k6-1  | fspiopQuotes   [  15% ] 50/50 VUs  0m48.0s/5m30.0s
load-k6-1  | 
load-k6-1  | 
load-k6-1  | running (0m49.0s), 50/50 VUs, 8019 complete and 0 interrupted iterations
load-k6-1  | fspiopQuotes   [  15% ] 50/50 VUs  0m49.0s/5m30.0s
load-k6-1  | 
load-k6-1  | 
load-k6-1  | running (0m50.0s), 50/50 VUs, 8196 complete and 0 interrupted iterations
load-k6-1  | fspiopQuotes   [  15% ] 50/50 VUs  0m50.0s/5m30.0s
load-k6-1  | 
load-k6-1  | 
load-k6-1  | running (0m51.0s), 50/50 VUs, 8359 complete and 0 interrupted iterations
load-k6-1  | fspiopQuotes   [  15% ] 50/50 VUs  0m51.0s/5m30.0s
load-k6-1  | 
load-k6-1  | 
load-k6-1  | running (0m52.0s), 50/50 VUs, 8540 complete and 0 interrupted iterations
load-k6-1  | fspiopQuotes   [  16% ] 50/50 VUs  0m52.0s/5m30.0s
load-k6-1  | 
load-k6-1  | 
load-k6-1  | running (0m53.0s), 50/50 VUs, 8716 complete and 0 interrupted iterations
load-k6-1  | fspiopQuotes   [  16% ] 50/50 VUs  0m53.0s/5m30.0s
load-k6-1  | 
load-k6-1  | 
load-k6-1  | running (0m54.0s), 50/50 VUs, 8881 complete and 0 interrupted iterations
load-k6-1  | fspiopQuotes   [  16% ] 50/50 VUs  0m54.0s/5m30.0s
load-k6-1  | 
load-k6-1  | 
load-k6-1  | running (0m55.0s), 50/50 VUs, 9049 complete and 0 interrupted iterations
load-k6-1  | fspiopQuotes   [  17% ] 50/50 VUs  0m55.0s/5m30.0s
load-k6-1  | 
load-k6-1  | 
load-k6-1  | running (0m56.0s), 50/50 VUs, 9213 complete and 0 interrupted iterations
load-k6-1  | fspiopQuotes   [  17% ] 50/50 VUs  0m56.0s/5m30.0s
load-k6-1  | 
load-k6-1  | 
load-k6-1  | running (0m57.0s), 50/50 VUs, 9386 complete and 0 interrupted iterations
load-k6-1  | fspiopQuotes   [  17% ] 50/50 VUs  0m57.0s/5m30.0s
load-k6-1  | 
load-k6-1  | 
load-k6-1  | running (0m58.0s), 50/50 VUs, 9560 complete and 0 interrupted iterations
load-k6-1  | fspiopQuotes   [  18% ] 50/50 VUs  0m58.0s/5m30.0s
load-k6-1  | 
load-k6-1  | 
load-k6-1  | running (0m59.0s), 50/50 VUs, 9731 complete and 0 interrupted iterations
load-k6-1  | fspiopQuotes   [  18% ] 50/50 VUs  0m59.0s/5m30.0s
load-k6-1  | 
load-k6-1  | 
load-k6-1  | running (1m00.0s), 50/50 VUs, 9913 complete and 0 interrupted iterations
load-k6-1  | fspiopQuotes   [  18% ] 50/50 VUs  1m00.0s/5m30.0s
load-k6-1  | 
load-k6-1  | 
load-k6-1  | running (1m01.0s), 50/50 VUs, 10084 complete and 0 interrupted iterations
load-k6-1  | fspiopQuotes   [  18% ] 50/50 VUs  1m01.0s/5m30.0s
load-k6-1  | 
load-k6-1  | 
load-k6-1  | running (1m02.0s), 50/50 VUs, 10263 complete and 0 interrupted iterations
load-k6-1  | fspiopQuotes   [  19% ] 50/50 VUs  1m02.0s/5m30.0s
load-k6-1  | 
load-k6-1  | 
load-k6-1  | running (1m03.0s), 50/50 VUs, 10440 complete and 0 interrupted iterations
load-k6-1  | fspiopQuotes   [  19% ] 50/50 VUs  1m03.0s/5m30.0s
load-k6-1  | 
load-k6-1  | 
load-k6-1  | running (1m04.0s), 50/50 VUs, 10617 complete and 0 interrupted iterations
load-k6-1  | fspiopQuotes   [  19% ] 50/50 VUs  1m04.0s/5m30.0s
load-k6-1  | 
load-k6-1  | 
load-k6-1  | running (1m05.0s), 50/50 VUs, 10792 complete and 0 interrupted iterations
load-k6-1  | fspiopQuotes   [  20% ] 50/50 VUs  1m05.0s/5m30.0s
load-k6-1  | 
load-k6-1  | 
load-k6-1  | running (1m06.0s), 50/50 VUs, 10967 complete and 0 interrupted iterations
load-k6-1  | fspiopQuotes   [  20% ] 50/50 VUs  1m06.0s/5m30.0s
load-k6-1  | 
load-k6-1  | 
load-k6-1  | running (1m07.0s), 50/50 VUs, 11127 complete and 0 interrupted iterations
load-k6-1  | fspiopQuotes   [  20% ] 50/50 VUs  1m07.0s/5m30.0s
load-k6-1  | 
load-k6-1  | 
load-k6-1  | running (1m08.0s), 50/50 VUs, 11308 complete and 0 interrupted iterations
load-k6-1  | fspiopQuotes   [  21% ] 50/50 VUs  1m08.0s/5m30.0s
load-k6-1  | 
load-k6-1  | 
load-k6-1  | running (1m09.0s), 50/50 VUs, 11484 complete and 0 interrupted iterations
load-k6-1  | fspiopQuotes   [  21% ] 50/50 VUs  1m09.0s/5m30.0s
load-k6-1  | 
load-k6-1  | 
load-k6-1  | running (1m10.0s), 50/50 VUs, 11661 complete and 0 interrupted iterations
load-k6-1  | fspiopQuotes   [  21% ] 50/50 VUs  1m10.0s/5m30.0s
load-k6-1  | 
load-k6-1  | 
load-k6-1  | running (1m11.0s), 50/50 VUs, 11832 complete and 0 interrupted iterations
load-k6-1  | fspiopQuotes   [  22% ] 50/50 VUs  1m11.0s/5m30.0s
load-k6-1  | 
load-k6-1  | 
load-k6-1  | running (1m12.0s), 50/50 VUs, 12008 complete and 0 interrupted iterations
load-k6-1  | fspiopQuotes   [  22% ] 50/50 VUs  1m12.0s/5m30.0s
load-k6-1  | 
load-k6-1  | 
load-k6-1  | running (1m13.0s), 50/50 VUs, 12179 complete and 0 interrupted iterations
load-k6-1  | fspiopQuotes   [  22% ] 50/50 VUs  1m13.0s/5m30.0s
load-k6-1  | 
load-k6-1  | 
load-k6-1  | running (1m14.0s), 50/50 VUs, 12359 complete and 0 interrupted iterations
load-k6-1  | fspiopQuotes   [  22% ] 50/50 VUs  1m14.0s/5m30.0s
load-k6-1  | 
load-k6-1  | 
load-k6-1  | running (1m15.0s), 50/50 VUs, 12538 complete and 0 interrupted iterations
load-k6-1  | fspiopQuotes   [  23% ] 50/50 VUs  1m15.0s/5m30.0s
load-k6-1  | 
load-k6-1  | 
load-k6-1  | running (1m16.0s), 50/50 VUs, 12709 complete and 0 interrupted iterations
load-k6-1  | fspiopQuotes   [  23% ] 50/50 VUs  1m16.0s/5m30.0s
load-k6-1  | 
load-k6-1  | 
load-k6-1  | running (1m17.0s), 50/50 VUs, 12875 complete and 0 interrupted iterations
load-k6-1  | fspiopQuotes   [  23% ] 50/50 VUs  1m17.0s/5m30.0s
load-k6-1  | 
load-k6-1  | 
load-k6-1  | running (1m18.0s), 50/50 VUs, 13060 complete and 0 interrupted iterations
load-k6-1  | fspiopQuotes   [  24% ] 50/50 VUs  1m18.0s/5m30.0s
load-k6-1  | 
load-k6-1  | 
load-k6-1  | running (1m19.0s), 50/50 VUs, 13242 complete and 0 interrupted iterations
load-k6-1  | fspiopQuotes   [  24% ] 50/50 VUs  1m19.0s/5m30.0s
load-k6-1  | 
load-k6-1  | 
load-k6-1  | running (1m20.0s), 50/50 VUs, 13421 complete and 0 interrupted iterations
load-k6-1  | fspiopQuotes   [  24% ] 50/50 VUs  1m20.0s/5m30.0s
load-k6-1  | 
load-k6-1  | 
load-k6-1  | running (1m21.0s), 50/50 VUs, 13604 complete and 0 interrupted iterations
load-k6-1  | fspiopQuotes   [  25% ] 50/50 VUs  1m21.0s/5m30.0s
load-k6-1  | 
load-k6-1  | 
load-k6-1  | running (1m22.0s), 50/50 VUs, 13769 complete and 0 interrupted iterations
load-k6-1  | fspiopQuotes   [  25% ] 50/50 VUs  1m22.0s/5m30.0s
load-k6-1  | 
load-k6-1  | 
load-k6-1  | running (1m23.0s), 50/50 VUs, 13950 complete and 0 interrupted iterations
load-k6-1  | fspiopQuotes   [  25% ] 50/50 VUs  1m23.0s/5m30.0s
load-k6-1  | 
load-k6-1  | 
load-k6-1  | running (1m24.0s), 50/50 VUs, 14117 complete and 0 interrupted iterations
load-k6-1  | fspiopQuotes   [  25% ] 50/50 VUs  1m24.0s/5m30.0s
load-k6-1  | 
load-k6-1  | 
load-k6-1  | running (1m25.0s), 50/50 VUs, 14300 complete and 0 interrupted iterations
load-k6-1  | fspiopQuotes   [  26% ] 50/50 VUs  1m25.0s/5m30.0s
load-k6-1  | 
load-k6-1  | 
load-k6-1  | running (1m26.0s), 50/50 VUs, 14471 complete and 0 interrupted iterations
load-k6-1  | fspiopQuotes   [  26% ] 50/50 VUs  1m26.0s/5m30.0s
load-k6-1  | 
load-k6-1  | 
load-k6-1  | running (1m27.0s), 50/50 VUs, 14651 complete and 0 interrupted iterations
load-k6-1  | fspiopQuotes   [  26% ] 50/50 VUs  1m27.0s/5m30.0s
load-k6-1  | 
load-k6-1  | 
load-k6-1  | running (1m28.0s), 50/50 VUs, 14819 complete and 0 interrupted iterations
load-k6-1  | fspiopQuotes   [  27% ] 50/50 VUs  1m28.0s/5m30.0s
load-k6-1  | 
load-k6-1  | 
load-k6-1  | running (1m29.0s), 50/50 VUs, 15002 complete and 0 interrupted iterations
load-k6-1  | fspiopQuotes   [  27% ] 50/50 VUs  1m29.0s/5m30.0s
load-k6-1  | 
load-k6-1  | 
load-k6-1  | running (1m30.0s), 50/50 VUs, 15169 complete and 0 interrupted iterations
load-k6-1  | fspiopQuotes   [  27% ] 50/50 VUs  1m30.0s/5m30.0s
load-k6-1  | 
load-k6-1  | 
load-k6-1  | running (1m31.0s), 50/50 VUs, 15357 complete and 0 interrupted iterations
load-k6-1  | fspiopQuotes   [  28% ] 50/50 VUs  1m31.0s/5m30.0s
load-k6-1  | 
load-k6-1  | 
load-k6-1  | running (1m32.0s), 50/50 VUs, 15529 complete and 0 interrupted iterations
load-k6-1  | fspiopQuotes   [  28% ] 50/50 VUs  1m32.0s/5m30.0s
load-k6-1  | 
load-k6-1  | 
load-k6-1  | running (1m33.0s), 50/50 VUs, 15710 complete and 0 interrupted iterations
load-k6-1  | fspiopQuotes   [  28% ] 50/50 VUs  1m33.0s/5m30.0s
load-k6-1  | 
load-k6-1  | 
load-k6-1  | running (1m34.0s), 50/50 VUs, 15896 complete and 0 interrupted iterations
load-k6-1  | fspiopQuotes   [  28% ] 50/50 VUs  1m34.0s/5m30.0s
load-k6-1  | 
load-k6-1  | 
load-k6-1  | running (1m35.0s), 50/50 VUs, 16065 complete and 0 interrupted iterations
load-k6-1  | fspiopQuotes   [  29% ] 50/50 VUs  1m35.0s/5m30.0s
load-k6-1  | 
load-k6-1  | 
load-k6-1  | running (1m36.0s), 50/50 VUs, 16254 complete and 0 interrupted iterations
load-k6-1  | fspiopQuotes   [  29% ] 50/50 VUs  1m36.0s/5m30.0s
load-k6-1  | 
load-k6-1  | 
load-k6-1  | running (1m37.0s), 50/50 VUs, 16426 complete and 0 interrupted iterations
load-k6-1  | fspiopQuotes   [  29% ] 50/50 VUs  1m37.0s/5m30.0s
load-k6-1  | 
load-k6-1  | 
load-k6-1  | running (1m38.0s), 50/50 VUs, 16606 complete and 0 interrupted iterations
load-k6-1  | fspiopQuotes   [  30% ] 50/50 VUs  1m38.0s/5m30.0s
load-k6-1  | 
load-k6-1  | 
load-k6-1  | running (1m39.0s), 50/50 VUs, 16788 complete and 0 interrupted iterations
load-k6-1  | fspiopQuotes   [  30% ] 50/50 VUs  1m39.0s/5m30.0s
load-k6-1  | 
load-k6-1  | 
load-k6-1  | running (1m40.0s), 50/50 VUs, 16959 complete and 0 interrupted iterations
load-k6-1  | fspiopQuotes   [  30% ] 50/50 VUs  1m40.0s/5m30.0s
load-k6-1  | 
load-k6-1  | 
load-k6-1  | running (1m41.0s), 50/50 VUs, 17143 complete and 0 interrupted iterations
load-k6-1  | fspiopQuotes   [  31% ] 50/50 VUs  1m41.0s/5m30.0s
load-k6-1  | 
load-k6-1  | 
load-k6-1  | running (1m42.0s), 50/50 VUs, 17316 complete and 0 interrupted iterations
load-k6-1  | fspiopQuotes   [  31% ] 50/50 VUs  1m42.0s/5m30.0s
load-k6-1  | 
load-k6-1  | 
load-k6-1  | running (1m43.0s), 50/50 VUs, 17498 complete and 0 interrupted iterations
load-k6-1  | fspiopQuotes   [  31% ] 50/50 VUs  1m43.0s/5m30.0s
load-k6-1  | 
load-k6-1  | 
load-k6-1  | running (1m44.0s), 50/50 VUs, 17668 complete and 0 interrupted iterations
load-k6-1  | fspiopQuotes   [  32% ] 50/50 VUs  1m44.0s/5m30.0s
load-k6-1  | 
load-k6-1  | 
load-k6-1  | running (1m45.0s), 50/50 VUs, 17854 complete and 0 interrupted iterations
load-k6-1  | fspiopQuotes   [  32% ] 50/50 VUs  1m45.0s/5m30.0s
load-k6-1  | 
load-k6-1  | 
load-k6-1  | running (1m46.0s), 50/50 VUs, 18035 complete and 0 interrupted iterations
load-k6-1  | fspiopQuotes   [  32% ] 50/50 VUs  1m46.0s/5m30.0s
load-k6-1  | 
load-k6-1  | 
load-k6-1  | running (1m47.0s), 50/50 VUs, 18211 complete and 0 interrupted iterations
load-k6-1  | fspiopQuotes   [  32% ] 50/50 VUs  1m47.0s/5m30.0s
load-k6-1  | 
load-k6-1  | 
load-k6-1  | running (1m48.0s), 50/50 VUs, 18399 complete and 0 interrupted iterations
load-k6-1  | fspiopQuotes   [  33% ] 50/50 VUs  1m48.0s/5m30.0s
load-k6-1  | 
load-k6-1  | 
load-k6-1  | running (1m49.0s), 50/50 VUs, 18570 complete and 0 interrupted iterations
load-k6-1  | fspiopQuotes   [  33% ] 50/50 VUs  1m49.0s/5m30.0s
load-k6-1  | 
load-k6-1  | 
load-k6-1  | running (1m50.0s), 50/50 VUs, 18753 complete and 0 interrupted iterations
load-k6-1  | fspiopQuotes   [  33% ] 50/50 VUs  1m50.0s/5m30.0s
load-k6-1  | 
load-k6-1  | 
load-k6-1  | running (1m51.0s), 50/50 VUs, 18926 complete and 0 interrupted iterations
load-k6-1  | fspiopQuotes   [  34% ] 50/50 VUs  1m51.0s/5m30.0s
load-k6-1  | 
load-k6-1  | 
load-k6-1  | running (1m52.0s), 50/50 VUs, 19104 complete and 0 interrupted iterations
load-k6-1  | fspiopQuotes   [  34% ] 50/50 VUs  1m52.0s/5m30.0s
load-k6-1  | 
load-k6-1  | 
load-k6-1  | running (1m53.0s), 50/50 VUs, 19273 complete and 0 interrupted iterations
load-k6-1  | fspiopQuotes   [  34% ] 50/50 VUs  1m53.0s/5m30.0s
load-k6-1  | 
load-k6-1  | 
load-k6-1  | running (1m54.0s), 50/50 VUs, 19452 complete and 0 interrupted iterations
load-k6-1  | fspiopQuotes   [  35% ] 50/50 VUs  1m54.0s/5m30.0s
load-k6-1  | 
load-k6-1  | 
load-k6-1  | running (1m55.0s), 50/50 VUs, 19625 complete and 0 interrupted iterations
load-k6-1  | fspiopQuotes   [  35% ] 50/50 VUs  1m55.0s/5m30.0s
load-k6-1  | 
load-k6-1  | 
load-k6-1  | running (1m56.0s), 50/50 VUs, 19802 complete and 0 interrupted iterations
load-k6-1  | fspiopQuotes   [  35% ] 50/50 VUs  1m56.0s/5m30.0s
load-k6-1  | 
load-k6-1  | 
load-k6-1  | running (1m57.0s), 50/50 VUs, 19969 complete and 0 interrupted iterations
load-k6-1  | fspiopQuotes   [  35% ] 50/50 VUs  1m57.0s/5m30.0s
load-k6-1  | 
load-k6-1  | 
load-k6-1  | running (1m58.0s), 50/50 VUs, 20152 complete and 0 interrupted iterations
load-k6-1  | fspiopQuotes   [  36% ] 50/50 VUs  1m58.0s/5m30.0s
load-k6-1  | 
load-k6-1  | 
load-k6-1  | running (1m59.0s), 50/50 VUs, 20323 complete and 0 interrupted iterations
load-k6-1  | fspiopQuotes   [  36% ] 50/50 VUs  1m59.0s/5m30.0s
load-k6-1  | 
load-k6-1  | 
load-k6-1  | running (2m00.0s), 50/50 VUs, 20502 complete and 0 interrupted iterations
load-k6-1  | fspiopQuotes   [  36% ] 50/50 VUs  2m00.0s/5m30.0s
load-k6-1  | 
load-k6-1  | 
load-k6-1  | running (2m01.0s), 50/50 VUs, 20675 complete and 0 interrupted iterations
load-k6-1  | fspiopQuotes   [  37% ] 50/50 VUs  2m01.0s/5m30.0s
load-k6-1  | 
load-k6-1  | 
load-k6-1  | running (2m02.0s), 50/50 VUs, 20854 complete and 0 interrupted iterations
load-k6-1  | fspiopQuotes   [  37% ] 50/50 VUs  2m02.0s/5m30.0s
load-k6-1  | 
load-k6-1  | 
load-k6-1  | running (2m03.0s), 50/50 VUs, 21022 complete and 0 interrupted iterations
load-k6-1  | fspiopQuotes   [  37% ] 50/50 VUs  2m03.0s/5m30.0s
load-k6-1  | 
load-k6-1  | 
load-k6-1  | running (2m04.0s), 50/50 VUs, 21203 complete and 0 interrupted iterations
load-k6-1  | fspiopQuotes   [  38% ] 50/50 VUs  2m04.0s/5m30.0s
load-k6-1  | 
load-k6-1  | 
load-k6-1  | running (2m05.0s), 50/50 VUs, 21377 complete and 0 interrupted iterations
load-k6-1  | fspiopQuotes   [  38% ] 50/50 VUs  2m05.0s/5m30.0s
load-k6-1  | 
load-k6-1  | 
load-k6-1  | running (2m06.0s), 50/50 VUs, 21552 complete and 0 interrupted iterations
load-k6-1  | fspiopQuotes   [  38% ] 50/50 VUs  2m06.0s/5m30.0s
load-k6-1  | 
load-k6-1  | 
load-k6-1  | running (2m07.0s), 50/50 VUs, 21716 complete and 0 interrupted iterations
load-k6-1  | fspiopQuotes   [  38% ] 50/50 VUs  2m07.0s/5m30.0s
load-k6-1  | 
load-k6-1  | 
load-k6-1  | running (2m08.0s), 50/50 VUs, 21903 complete and 0 interrupted iterations
load-k6-1  | fspiopQuotes   [  39% ] 50/50 VUs  2m08.0s/5m30.0s
load-k6-1  | 
load-k6-1  | 
load-k6-1  | running (2m09.0s), 50/50 VUs, 22075 complete and 0 interrupted iterations
load-k6-1  | fspiopQuotes   [  39% ] 50/50 VUs  2m09.0s/5m30.0s
load-k6-1  | 
load-k6-1  | 
load-k6-1  | running (2m10.0s), 50/50 VUs, 22247 complete and 0 interrupted iterations
load-k6-1  | fspiopQuotes   [  39% ] 50/50 VUs  2m10.0s/5m30.0s
load-k6-1  | 
load-k6-1  | 
load-k6-1  | running (2m11.0s), 50/50 VUs, 22419 complete and 0 interrupted iterations
load-k6-1  | fspiopQuotes   [  40% ] 50/50 VUs  2m11.0s/5m30.0s
load-k6-1  | 
load-k6-1  | 
load-k6-1  | running (2m12.0s), 50/50 VUs, 22604 complete and 0 interrupted iterations
load-k6-1  | fspiopQuotes   [  40% ] 50/50 VUs  2m12.0s/5m30.0s
load-k6-1  | 
load-k6-1  | 
load-k6-1  | running (2m13.0s), 50/50 VUs, 22783 complete and 0 interrupted iterations
load-k6-1  | fspiopQuotes   [  40% ] 50/50 VUs  2m13.0s/5m30.0s
load-k6-1  | 
load-k6-1  | 
load-k6-1  | running (2m14.0s), 50/50 VUs, 22955 complete and 0 interrupted iterations
load-k6-1  | fspiopQuotes   [  41% ] 50/50 VUs  2m14.0s/5m30.0s
load-k6-1  | 
load-k6-1  | 
load-k6-1  | running (2m15.0s), 50/50 VUs, 23144 complete and 0 interrupted iterations
load-k6-1  | fspiopQuotes   [  41% ] 50/50 VUs  2m15.0s/5m30.0s
load-k6-1  | 
load-k6-1  | 
load-k6-1  | running (2m16.0s), 50/50 VUs, 23314 complete and 0 interrupted iterations
load-k6-1  | fspiopQuotes   [  41% ] 50/50 VUs  2m16.0s/5m30.0s
load-k6-1  | 
load-k6-1  | 
load-k6-1  | running (2m17.0s), 50/50 VUs, 23494 complete and 0 interrupted iterations
load-k6-1  | fspiopQuotes   [  42% ] 50/50 VUs  2m17.0s/5m30.0s
load-k6-1  | 
load-k6-1  | 
load-k6-1  | running (2m18.0s), 50/50 VUs, 23668 complete and 0 interrupted iterations
load-k6-1  | fspiopQuotes   [  42% ] 50/50 VUs  2m18.0s/5m30.0s
load-k6-1  | 
load-k6-1  | 
load-k6-1  | running (2m19.0s), 50/50 VUs, 23847 complete and 0 interrupted iterations
load-k6-1  | fspiopQuotes   [  42% ] 50/50 VUs  2m19.0s/5m30.0s
load-k6-1  | 
load-k6-1  | 
load-k6-1  | running (2m20.0s), 50/50 VUs, 24021 complete and 0 interrupted iterations
load-k6-1  | fspiopQuotes   [  42% ] 50/50 VUs  2m20.0s/5m30.0s
load-k6-1  | 
load-k6-1  | 
load-k6-1  | running (2m21.0s), 50/50 VUs, 24194 complete and 0 interrupted iterations
load-k6-1  | fspiopQuotes   [  43% ] 50/50 VUs  2m21.0s/5m30.0s
load-k6-1  | 
load-k6-1  | 
load-k6-1  | running (2m22.0s), 50/50 VUs, 24372 complete and 0 interrupted iterations
load-k6-1  | fspiopQuotes   [  43% ] 50/50 VUs  2m22.0s/5m30.0s
load-k6-1  | 
load-k6-1  | 
load-k6-1  | running (2m23.0s), 50/50 VUs, 24548 complete and 0 interrupted iterations
load-k6-1  | fspiopQuotes   [  43% ] 50/50 VUs  2m23.0s/5m30.0s
load-k6-1  | 
load-k6-1  | 
load-k6-1  | running (2m24.0s), 50/50 VUs, 24730 complete and 0 interrupted iterations
load-k6-1  | fspiopQuotes   [  44% ] 50/50 VUs  2m24.0s/5m30.0s
load-k6-1  | 
load-k6-1  | 
load-k6-1  | running (2m25.0s), 50/50 VUs, 24896 complete and 0 interrupted iterations
load-k6-1  | fspiopQuotes   [  44% ] 50/50 VUs  2m25.0s/5m30.0s
load-k6-1  | 
load-k6-1  | 
load-k6-1  | running (2m26.0s), 50/50 VUs, 25083 complete and 0 interrupted iterations
load-k6-1  | fspiopQuotes   [  44% ] 50/50 VUs  2m26.0s/5m30.0s
load-k6-1  | 
load-k6-1  | 
load-k6-1  | running (2m27.0s), 50/50 VUs, 25248 complete and 0 interrupted iterations
load-k6-1  | fspiopQuotes   [  45% ] 50/50 VUs  2m27.0s/5m30.0s
load-k6-1  | 
load-k6-1  | 
load-k6-1  | running (2m28.0s), 50/50 VUs, 25433 complete and 0 interrupted iterations
load-k6-1  | fspiopQuotes   [  45% ] 50/50 VUs  2m28.0s/5m30.0s
load-k6-1  | 
load-k6-1  | 
load-k6-1  | running (2m29.0s), 50/50 VUs, 25599 complete and 0 interrupted iterations
load-k6-1  | fspiopQuotes   [  45% ] 50/50 VUs  2m29.0s/5m30.0s
load-k6-1  | 
load-k6-1  | 
load-k6-1  | running (2m30.0s), 50/50 VUs, 25781 complete and 0 interrupted iterations
load-k6-1  | fspiopQuotes   [  45% ] 50/50 VUs  2m30.0s/5m30.0s
load-k6-1  | 
load-k6-1  | 
load-k6-1  | running (2m31.0s), 50/50 VUs, 25945 complete and 0 interrupted iterations
load-k6-1  | fspiopQuotes   [  46% ] 50/50 VUs  2m31.0s/5m30.0s
load-k6-1  | 
load-k6-1  | 
load-k6-1  | running (2m32.0s), 50/50 VUs, 26129 complete and 0 interrupted iterations
load-k6-1  | fspiopQuotes   [  46% ] 50/50 VUs  2m32.0s/5m30.0s
load-k6-1  | 
load-k6-1  | 
load-k6-1  | running (2m33.0s), 50/50 VUs, 26293 complete and 0 interrupted iterations
load-k6-1  | fspiopQuotes   [  46% ] 50/50 VUs  2m33.0s/5m30.0s
load-k6-1  | 
load-k6-1  | 
load-k6-1  | running (2m34.0s), 50/50 VUs, 26480 complete and 0 interrupted iterations
load-k6-1  | fspiopQuotes   [  47% ] 50/50 VUs  2m34.0s/5m30.0s
load-k6-1  | 
load-k6-1  | 
load-k6-1  | running (2m35.0s), 50/50 VUs, 26656 complete and 0 interrupted iterations
load-k6-1  | fspiopQuotes   [  47% ] 50/50 VUs  2m35.0s/5m30.0s
load-k6-1  | 
load-k6-1  | 
load-k6-1  | running (2m36.0s), 50/50 VUs, 26840 complete and 0 interrupted iterations
load-k6-1  | fspiopQuotes   [  47% ] 50/50 VUs  2m36.0s/5m30.0s
load-k6-1  | 
load-k6-1  | 
load-k6-1  | running (2m37.0s), 50/50 VUs, 27012 complete and 0 interrupted iterations
load-k6-1  | fspiopQuotes   [  48% ] 50/50 VUs  2m37.0s/5m30.0s
load-k6-1  | 
load-k6-1  | 
load-k6-1  | running (2m38.0s), 50/50 VUs, 27193 complete and 0 interrupted iterations
load-k6-1  | fspiopQuotes   [  48% ] 50/50 VUs  2m38.0s/5m30.0s
load-k6-1  | 
load-k6-1  | 
load-k6-1  | running (2m39.0s), 50/50 VUs, 27377 complete and 0 interrupted iterations
load-k6-1  | fspiopQuotes   [  48% ] 50/50 VUs  2m39.0s/5m30.0s
load-k6-1  | 
load-k6-1  | 
load-k6-1  | running (2m40.0s), 50/50 VUs, 27546 complete and 0 interrupted iterations
load-k6-1  | fspiopQuotes   [  48% ] 50/50 VUs  2m40.0s/5m30.0s
load-k6-1  | 
load-k6-1  | 
load-k6-1  | running (2m41.0s), 50/50 VUs, 27728 complete and 0 interrupted iterations
load-k6-1  | fspiopQuotes   [  49% ] 50/50 VUs  2m41.0s/5m30.0s
load-k6-1  | 
load-k6-1  | 
load-k6-1  | running (2m42.0s), 50/50 VUs, 27893 complete and 0 interrupted iterations
load-k6-1  | fspiopQuotes   [  49% ] 50/50 VUs  2m42.0s/5m30.0s
load-k6-1  | 
load-k6-1  | 
load-k6-1  | running (2m43.0s), 50/50 VUs, 28066 complete and 0 interrupted iterations
load-k6-1  | fspiopQuotes   [  49% ] 50/50 VUs  2m43.0s/5m30.0s
load-k6-1  | 
load-k6-1  | 
load-k6-1  | running (2m44.0s), 50/50 VUs, 28240 complete and 0 interrupted iterations
load-k6-1  | fspiopQuotes   [  50% ] 50/50 VUs  2m44.0s/5m30.0s
load-k6-1  | 
load-k6-1  | 
load-k6-1  | running (2m45.0s), 50/50 VUs, 28419 complete and 0 interrupted iterations
load-k6-1  | fspiopQuotes   [  50% ] 50/50 VUs  2m45.0s/5m30.0s
load-k6-1  | 
load-k6-1  | 
load-k6-1  | running (2m46.0s), 50/50 VUs, 28590 complete and 0 interrupted iterations
load-k6-1  | fspiopQuotes   [  50% ] 50/50 VUs  2m46.0s/5m30.0s
load-k6-1  | 
load-k6-1  | 
load-k6-1  | running (2m47.0s), 50/50 VUs, 28770 complete and 0 interrupted iterations
load-k6-1  | fspiopQuotes   [  51% ] 50/50 VUs  2m47.0s/5m30.0s
load-k6-1  | 
load-k6-1  | 
load-k6-1  | running (2m48.0s), 50/50 VUs, 28938 complete and 0 interrupted iterations
load-k6-1  | fspiopQuotes   [  51% ] 50/50 VUs  2m48.0s/5m30.0s
load-k6-1  | 
load-k6-1  | 
load-k6-1  | running (2m49.0s), 50/50 VUs, 29110 complete and 0 interrupted iterations
load-k6-1  | fspiopQuotes   [  51% ] 50/50 VUs  2m49.0s/5m30.0s
load-k6-1  | 
load-k6-1  | 
load-k6-1  | running (2m50.0s), 50/50 VUs, 29286 complete and 0 interrupted iterations
load-k6-1  | fspiopQuotes   [  52% ] 50/50 VUs  2m50.0s/5m30.0s
load-k6-1  | 
load-k6-1  | 
load-k6-1  | running (2m51.0s), 50/50 VUs, 29455 complete and 0 interrupted iterations
load-k6-1  | fspiopQuotes   [  52% ] 50/50 VUs  2m51.0s/5m30.0s
load-k6-1  | 
load-k6-1  | 
load-k6-1  | running (2m52.0s), 50/50 VUs, 29634 complete and 0 interrupted iterations
load-k6-1  | fspiopQuotes   [  52% ] 50/50 VUs  2m52.0s/5m30.0s
load-k6-1  | 
load-k6-1  | 
load-k6-1  | running (2m53.0s), 50/50 VUs, 29803 complete and 0 interrupted iterations
load-k6-1  | fspiopQuotes   [  52% ] 50/50 VUs  2m53.0s/5m30.0s
load-k6-1  | 
load-k6-1  | 
load-k6-1  | running (2m54.0s), 50/50 VUs, 29977 complete and 0 interrupted iterations
load-k6-1  | fspiopQuotes   [  53% ] 50/50 VUs  2m54.0s/5m30.0s
load-k6-1  | 
load-k6-1  | 
load-k6-1  | running (2m55.0s), 50/50 VUs, 30154 complete and 0 interrupted iterations
load-k6-1  | fspiopQuotes   [  53% ] 50/50 VUs  2m55.0s/5m30.0s
load-k6-1  | 
load-k6-1  | 
load-k6-1  | running (2m56.0s), 50/50 VUs, 30335 complete and 0 interrupted iterations
load-k6-1  | fspiopQuotes   [  53% ] 50/50 VUs  2m56.0s/5m30.0s
load-k6-1  | 
load-k6-1  | 
load-k6-1  | running (2m57.0s), 50/50 VUs, 30523 complete and 0 interrupted iterations
load-k6-1  | fspiopQuotes   [  54% ] 50/50 VUs  2m57.0s/5m30.0s
load-k6-1  | 
load-k6-1  | 
load-k6-1  | running (2m58.0s), 50/50 VUs, 30702 complete and 0 interrupted iterations
load-k6-1  | fspiopQuotes   [  54% ] 50/50 VUs  2m58.0s/5m30.0s
load-k6-1  | 
load-k6-1  | 
load-k6-1  | running (2m59.0s), 50/50 VUs, 30882 complete and 0 interrupted iterations
load-k6-1  | fspiopQuotes   [  54% ] 50/50 VUs  2m59.0s/5m30.0s
load-k6-1  | 
load-k6-1  | 
load-k6-1  | running (3m00.0s), 50/50 VUs, 31053 complete and 0 interrupted iterations
load-k6-1  | fspiopQuotes   [  55% ] 50/50 VUs  3m00.0s/5m30.0s
load-k6-1  | 
load-k6-1  | 
load-k6-1  | running (3m01.0s), 50/50 VUs, 31223 complete and 0 interrupted iterations
load-k6-1  | fspiopQuotes   [  55% ] 50/50 VUs  3m01.0s/5m30.0s
load-k6-1  | 
load-k6-1  | 
load-k6-1  | running (3m02.0s), 50/50 VUs, 31389 complete and 0 interrupted iterations
load-k6-1  | fspiopQuotes   [  55% ] 50/50 VUs  3m02.0s/5m30.0s
load-k6-1  | 
load-k6-1  | 
load-k6-1  | running (3m03.0s), 50/50 VUs, 31572 complete and 0 interrupted iterations
load-k6-1  | fspiopQuotes   [  55% ] 50/50 VUs  3m03.0s/5m30.0s
load-k6-1  | 
load-k6-1  | 
load-k6-1  | running (3m04.0s), 50/50 VUs, 31731 complete and 0 interrupted iterations
load-k6-1  | fspiopQuotes   [  56% ] 50/50 VUs  3m04.0s/5m30.0s
load-k6-1  | 
load-k6-1  | 
load-k6-1  | running (3m05.0s), 50/50 VUs, 31903 complete and 0 interrupted iterations
load-k6-1  | fspiopQuotes   [  56% ] 50/50 VUs  3m05.0s/5m30.0s
load-k6-1  | 
load-k6-1  | 
load-k6-1  | running (3m06.0s), 50/50 VUs, 32076 complete and 0 interrupted iterations
load-k6-1  | fspiopQuotes   [  56% ] 50/50 VUs  3m06.0s/5m30.0s
load-k6-1  | 
load-k6-1  | 
load-k6-1  | running (3m07.0s), 50/50 VUs, 32246 complete and 0 interrupted iterations
load-k6-1  | fspiopQuotes   [  57% ] 50/50 VUs  3m07.0s/5m30.0s
load-k6-1  | 
load-k6-1  | 
load-k6-1  | running (3m08.0s), 50/50 VUs, 32423 complete and 0 interrupted iterations
load-k6-1  | fspiopQuotes   [  57% ] 50/50 VUs  3m08.0s/5m30.0s
load-k6-1  | 
load-k6-1  | 
load-k6-1  | running (3m09.0s), 50/50 VUs, 32590 complete and 0 interrupted iterations
load-k6-1  | fspiopQuotes   [  57% ] 50/50 VUs  3m09.0s/5m30.0s
load-k6-1  | 
load-k6-1  | 
load-k6-1  | running (3m10.0s), 50/50 VUs, 32772 complete and 0 interrupted iterations
load-k6-1  | fspiopQuotes   [  58% ] 50/50 VUs  3m10.0s/5m30.0s
load-k6-1  | 
load-k6-1  | 
load-k6-1  | running (3m11.0s), 50/50 VUs, 32944 complete and 0 interrupted iterations
load-k6-1  | fspiopQuotes   [  58% ] 50/50 VUs  3m11.0s/5m30.0s
load-k6-1  | 
load-k6-1  | 
load-k6-1  | running (3m12.0s), 50/50 VUs, 33124 complete and 0 interrupted iterations
load-k6-1  | fspiopQuotes   [  58% ] 50/50 VUs  3m12.0s/5m30.0s
load-k6-1  | 
load-k6-1  | 
load-k6-1  | running (3m13.0s), 50/50 VUs, 33298 complete and 0 interrupted iterations
load-k6-1  | fspiopQuotes   [  58% ] 50/50 VUs  3m13.0s/5m30.0s
load-k6-1  | 
load-k6-1  | 
load-k6-1  | running (3m14.0s), 50/50 VUs, 33475 complete and 0 interrupted iterations
load-k6-1  | fspiopQuotes   [  59% ] 50/50 VUs  3m14.0s/5m30.0s
load-k6-1  | 
load-k6-1  | 
load-k6-1  | running (3m15.0s), 50/50 VUs, 33665 complete and 0 interrupted iterations
load-k6-1  | fspiopQuotes   [  59% ] 50/50 VUs  3m15.0s/5m30.0s
load-k6-1  | 
load-k6-1  | 
load-k6-1  | running (3m16.0s), 50/50 VUs, 33829 complete and 0 interrupted iterations
load-k6-1  | fspiopQuotes   [  59% ] 50/50 VUs  3m16.0s/5m30.0s
load-k6-1  | 
load-k6-1  | 
load-k6-1  | running (3m17.0s), 50/50 VUs, 34017 complete and 0 interrupted iterations
load-k6-1  | fspiopQuotes   [  60% ] 50/50 VUs  3m17.0s/5m30.0s
load-k6-1  | 
load-k6-1  | 
load-k6-1  | running (3m18.0s), 50/50 VUs, 34182 complete and 0 interrupted iterations
load-k6-1  | fspiopQuotes   [  60% ] 50/50 VUs  3m18.0s/5m30.0s
load-k6-1  | 
load-k6-1  | 
load-k6-1  | running (3m19.0s), 50/50 VUs, 34369 complete and 0 interrupted iterations
load-k6-1  | fspiopQuotes   [  60% ] 50/50 VUs  3m19.0s/5m30.0s
load-k6-1  | 
load-k6-1  | 
load-k6-1  | running (3m20.0s), 50/50 VUs, 34532 complete and 0 interrupted iterations
load-k6-1  | fspiopQuotes   [  61% ] 50/50 VUs  3m20.0s/5m30.0s
load-k6-1  | 
load-k6-1  | 
load-k6-1  | running (3m21.0s), 50/50 VUs, 34717 complete and 0 interrupted iterations
load-k6-1  | fspiopQuotes   [  61% ] 50/50 VUs  3m21.0s/5m30.0s
load-k6-1  | 
load-k6-1  | 
load-k6-1  | running (3m22.0s), 50/50 VUs, 34881 complete and 0 interrupted iterations
load-k6-1  | fspiopQuotes   [  61% ] 50/50 VUs  3m22.0s/5m30.0s
load-k6-1  | 
load-k6-1  | 
load-k6-1  | running (3m23.0s), 50/50 VUs, 35064 complete and 0 interrupted iterations
load-k6-1  | fspiopQuotes   [  62% ] 50/50 VUs  3m23.0s/5m30.0s
load-k6-1  | 
load-k6-1  | 
load-k6-1  | running (3m24.0s), 50/50 VUs, 35226 complete and 0 interrupted iterations
load-k6-1  | fspiopQuotes   [  62% ] 50/50 VUs  3m24.0s/5m30.0s
load-k6-1  | 
load-k6-1  | 
load-k6-1  | running (3m25.0s), 50/50 VUs, 35405 complete and 0 interrupted iterations
load-k6-1  | fspiopQuotes   [  62% ] 50/50 VUs  3m25.0s/5m30.0s
load-k6-1  | 
load-k6-1  | 
load-k6-1  | running (3m26.0s), 50/50 VUs, 35570 complete and 0 interrupted iterations
load-k6-1  | fspiopQuotes   [  62% ] 50/50 VUs  3m26.0s/5m30.0s
load-k6-1  | 
load-k6-1  | 
load-k6-1  | running (3m27.0s), 50/50 VUs, 35744 complete and 0 interrupted iterations
load-k6-1  | fspiopQuotes   [  63% ] 50/50 VUs  3m27.0s/5m30.0s
load-k6-1  | 
load-k6-1  | 
load-k6-1  | running (3m28.0s), 50/50 VUs, 35919 complete and 0 interrupted iterations
load-k6-1  | fspiopQuotes   [  63% ] 50/50 VUs  3m28.0s/5m30.0s
load-k6-1  | 
load-k6-1  | 
load-k6-1  | running (3m29.0s), 50/50 VUs, 36089 complete and 0 interrupted iterations
load-k6-1  | fspiopQuotes   [  63% ] 50/50 VUs  3m29.0s/5m30.0s
load-k6-1  | 
load-k6-1  | 
load-k6-1  | running (3m30.0s), 50/50 VUs, 36269 complete and 0 interrupted iterations
load-k6-1  | fspiopQuotes   [  64% ] 50/50 VUs  3m30.0s/5m30.0s
load-k6-1  | 
load-k6-1  | 
load-k6-1  | running (3m31.0s), 50/50 VUs, 36430 complete and 0 interrupted iterations
load-k6-1  | fspiopQuotes   [  64% ] 50/50 VUs  3m31.0s/5m30.0s
load-k6-1  | 
load-k6-1  | 
load-k6-1  | running (3m32.0s), 50/50 VUs, 36619 complete and 0 interrupted iterations
load-k6-1  | fspiopQuotes   [  64% ] 50/50 VUs  3m32.0s/5m30.0s
load-k6-1  | 
load-k6-1  | 
load-k6-1  | running (3m33.0s), 50/50 VUs, 36781 complete and 0 interrupted iterations
load-k6-1  | fspiopQuotes   [  65% ] 50/50 VUs  3m33.0s/5m30.0s
load-k6-1  | 
load-k6-1  | 
load-k6-1  | running (3m34.0s), 50/50 VUs, 36969 complete and 0 interrupted iterations
load-k6-1  | fspiopQuotes   [  65% ] 50/50 VUs  3m34.0s/5m30.0s
load-k6-1  | 
load-k6-1  | 
load-k6-1  | running (3m35.0s), 50/50 VUs, 37136 complete and 0 interrupted iterations
load-k6-1  | fspiopQuotes   [  65% ] 50/50 VUs  3m35.0s/5m30.0s
load-k6-1  | 
load-k6-1  | 
load-k6-1  | running (3m36.0s), 50/50 VUs, 37318 complete and 0 interrupted iterations
load-k6-1  | fspiopQuotes   [  65% ] 50/50 VUs  3m36.0s/5m30.0s
load-k6-1  | 
load-k6-1  | 
load-k6-1  | running (3m37.0s), 50/50 VUs, 37477 complete and 0 interrupted iterations
load-k6-1  | fspiopQuotes   [  66% ] 50/50 VUs  3m37.0s/5m30.0s
load-k6-1  | 
load-k6-1  | 
load-k6-1  | running (3m38.0s), 50/50 VUs, 37665 complete and 0 interrupted iterations
load-k6-1  | fspiopQuotes   [  66% ] 50/50 VUs  3m38.0s/5m30.0s
load-k6-1  | 
load-k6-1  | 
load-k6-1  | running (3m39.0s), 50/50 VUs, 37824 complete and 0 interrupted iterations
load-k6-1  | fspiopQuotes   [  66% ] 50/50 VUs  3m39.0s/5m30.0s
load-k6-1  | 
load-k6-1  | 
load-k6-1  | running (3m40.0s), 50/50 VUs, 38009 complete and 0 interrupted iterations
load-k6-1  | fspiopQuotes   [  67% ] 50/50 VUs  3m40.0s/5m30.0s
load-k6-1  | 
load-k6-1  | 
load-k6-1  | running (3m41.0s), 50/50 VUs, 38172 complete and 0 interrupted iterations
load-k6-1  | fspiopQuotes   [  67% ] 50/50 VUs  3m41.0s/5m30.0s
load-k6-1  | 
load-k6-1  | 
load-k6-1  | running (3m42.0s), 50/50 VUs, 38357 complete and 0 interrupted iterations
load-k6-1  | fspiopQuotes   [  67% ] 50/50 VUs  3m42.0s/5m30.0s
load-k6-1  | 
load-k6-1  | 
load-k6-1  | running (3m43.0s), 50/50 VUs, 38518 complete and 0 interrupted iterations
load-k6-1  | fspiopQuotes   [  68% ] 50/50 VUs  3m43.0s/5m30.0s
load-k6-1  | 
load-k6-1  | 
load-k6-1  | running (3m44.0s), 50/50 VUs, 38704 complete and 0 interrupted iterations
load-k6-1  | fspiopQuotes   [  68% ] 50/50 VUs  3m44.0s/5m30.0s
load-k6-1  | 
load-k6-1  | 
load-k6-1  | running (3m45.0s), 50/50 VUs, 38877 complete and 0 interrupted iterations
load-k6-1  | fspiopQuotes   [  68% ] 50/50 VUs  3m45.0s/5m30.0s
load-k6-1  | 
load-k6-1  | 
load-k6-1  | running (3m46.0s), 50/50 VUs, 39066 complete and 0 interrupted iterations
load-k6-1  | fspiopQuotes   [  68% ] 50/50 VUs  3m46.0s/5m30.0s
load-k6-1  | 
load-k6-1  | 
load-k6-1  | running (3m47.0s), 50/50 VUs, 39248 complete and 0 interrupted iterations
load-k6-1  | fspiopQuotes   [  69% ] 50/50 VUs  3m47.0s/5m30.0s
load-k6-1  | 
load-k6-1  | 
load-k6-1  | running (3m48.0s), 50/50 VUs, 39423 complete and 0 interrupted iterations
load-k6-1  | fspiopQuotes   [  69% ] 50/50 VUs  3m48.0s/5m30.0s
load-k6-1  | 
load-k6-1  | 
load-k6-1  | running (3m49.0s), 50/50 VUs, 39612 complete and 0 interrupted iterations
load-k6-1  | fspiopQuotes   [  69% ] 50/50 VUs  3m49.0s/5m30.0s
load-k6-1  | 
load-k6-1  | 
load-k6-1  | running (3m50.0s), 50/50 VUs, 39777 complete and 0 interrupted iterations
load-k6-1  | fspiopQuotes   [  70% ] 50/50 VUs  3m50.0s/5m30.0s
load-k6-1  | 
load-k6-1  | 
load-k6-1  | running (3m51.0s), 50/50 VUs, 39961 complete and 0 interrupted iterations
load-k6-1  | fspiopQuotes   [  70% ] 50/50 VUs  3m51.0s/5m30.0s
load-k6-1  | 
load-k6-1  | 
load-k6-1  | running (3m52.0s), 50/50 VUs, 40138 complete and 0 interrupted iterations
load-k6-1  | fspiopQuotes   [  70% ] 50/50 VUs  3m52.0s/5m30.0s
load-k6-1  | 
load-k6-1  | 
load-k6-1  | running (3m53.0s), 50/50 VUs, 40316 complete and 0 interrupted iterations
load-k6-1  | fspiopQuotes   [  71% ] 50/50 VUs  3m53.0s/5m30.0s
load-k6-1  | 
load-k6-1  | 
load-k6-1  | running (3m54.0s), 50/50 VUs, 40504 complete and 0 interrupted iterations
load-k6-1  | fspiopQuotes   [  71% ] 50/50 VUs  3m54.0s/5m30.0s
load-k6-1  | 
load-k6-1  | 
load-k6-1  | running (3m55.0s), 50/50 VUs, 40681 complete and 0 interrupted iterations
load-k6-1  | fspiopQuotes   [  71% ] 50/50 VUs  3m55.0s/5m30.0s
load-k6-1  | 
load-k6-1  | 
load-k6-1  | running (3m56.0s), 50/50 VUs, 40866 complete and 0 interrupted iterations
load-k6-1  | fspiopQuotes   [  72% ] 50/50 VUs  3m56.0s/5m30.0s
load-k6-1  | 
load-k6-1  | 
load-k6-1  | running (3m57.0s), 50/50 VUs, 41041 complete and 0 interrupted iterations
load-k6-1  | fspiopQuotes   [  72% ] 50/50 VUs  3m57.0s/5m30.0s
load-k6-1  | 
load-k6-1  | 
load-k6-1  | running (3m58.0s), 50/50 VUs, 41214 complete and 0 interrupted iterations
load-k6-1  | fspiopQuotes   [  72% ] 50/50 VUs  3m58.0s/5m30.0s
load-k6-1  | 
load-k6-1  | 
load-k6-1  | running (3m59.0s), 50/50 VUs, 41403 complete and 0 interrupted iterations
load-k6-1  | fspiopQuotes   [  72% ] 50/50 VUs  3m59.0s/5m30.0s
load-k6-1  | 
load-k6-1  | 
load-k6-1  | running (4m00.0s), 50/50 VUs, 41567 complete and 0 interrupted iterations
load-k6-1  | fspiopQuotes   [  73% ] 50/50 VUs  4m00.0s/5m30.0s
load-k6-1  | 
load-k6-1  | 
load-k6-1  | running (4m01.0s), 50/50 VUs, 41751 complete and 0 interrupted iterations
load-k6-1  | fspiopQuotes   [  73% ] 50/50 VUs  4m01.0s/5m30.0s
load-k6-1  | 
load-k6-1  | 
load-k6-1  | running (4m02.0s), 50/50 VUs, 41920 complete and 0 interrupted iterations
load-k6-1  | fspiopQuotes   [  73% ] 50/50 VUs  4m02.0s/5m30.0s
load-k6-1  | 
load-k6-1  | 
load-k6-1  | running (4m03.0s), 50/50 VUs, 42103 complete and 0 interrupted iterations
load-k6-1  | fspiopQuotes   [  74% ] 50/50 VUs  4m03.0s/5m30.0s
load-k6-1  | 
load-k6-1  | 
load-k6-1  | running (4m04.0s), 50/50 VUs, 42275 complete and 0 interrupted iterations
load-k6-1  | fspiopQuotes   [  74% ] 50/50 VUs  4m04.0s/5m30.0s
load-k6-1  | 
load-k6-1  | 
load-k6-1  | running (4m05.0s), 50/50 VUs, 42452 complete and 0 interrupted iterations
load-k6-1  | fspiopQuotes   [  74% ] 50/50 VUs  4m05.0s/5m30.0s
load-k6-1  | 
load-k6-1  | 
load-k6-1  | running (4m06.0s), 50/50 VUs, 42627 complete and 0 interrupted iterations
load-k6-1  | fspiopQuotes   [  75% ] 50/50 VUs  4m06.0s/5m30.0s
load-k6-1  | 
load-k6-1  | 
load-k6-1  | running (4m07.0s), 50/50 VUs, 42804 complete and 0 interrupted iterations
load-k6-1  | fspiopQuotes   [  75% ] 50/50 VUs  4m07.0s/5m30.0s
load-k6-1  | 
load-k6-1  | 
load-k6-1  | running (4m08.0s), 50/50 VUs, 42985 complete and 0 interrupted iterations
load-k6-1  | fspiopQuotes   [  75% ] 50/50 VUs  4m08.0s/5m30.0s
load-k6-1  | 
load-k6-1  | 
load-k6-1  | running (4m09.0s), 50/50 VUs, 43154 complete and 0 interrupted iterations
load-k6-1  | fspiopQuotes   [  75% ] 50/50 VUs  4m09.0s/5m30.0s
load-k6-1  | 
load-k6-1  | 
load-k6-1  | running (4m10.0s), 50/50 VUs, 43342 complete and 0 interrupted iterations
load-k6-1  | fspiopQuotes   [  76% ] 50/50 VUs  4m10.0s/5m30.0s
load-k6-1  | 
load-k6-1  | 
load-k6-1  | running (4m11.0s), 50/50 VUs, 43504 complete and 0 interrupted iterations
load-k6-1  | fspiopQuotes   [  76% ] 50/50 VUs  4m11.0s/5m30.0s
load-k6-1  | 
load-k6-1  | 
load-k6-1  | running (4m12.0s), 50/50 VUs, 43693 complete and 0 interrupted iterations
load-k6-1  | fspiopQuotes   [  76% ] 50/50 VUs  4m12.0s/5m30.0s
load-k6-1  | 
load-k6-1  | 
load-k6-1  | running (4m13.0s), 50/50 VUs, 43857 complete and 0 interrupted iterations
load-k6-1  | fspiopQuotes   [  77% ] 50/50 VUs  4m13.0s/5m30.0s
load-k6-1  | 
load-k6-1  | 
load-k6-1  | running (4m14.0s), 50/50 VUs, 44042 complete and 0 interrupted iterations
load-k6-1  | fspiopQuotes   [  77% ] 50/50 VUs  4m14.0s/5m30.0s
load-k6-1  | 
load-k6-1  | 
load-k6-1  | running (4m15.0s), 50/50 VUs, 44215 complete and 0 interrupted iterations
load-k6-1  | fspiopQuotes   [  77% ] 50/50 VUs  4m15.0s/5m30.0s
load-k6-1  | 
load-k6-1  | 
load-k6-1  | running (4m16.0s), 50/50 VUs, 44396 complete and 0 interrupted iterations
load-k6-1  | fspiopQuotes   [  78% ] 50/50 VUs  4m16.0s/5m30.0s
load-k6-1  | 
load-k6-1  | 
load-k6-1  | running (4m17.0s), 50/50 VUs, 44575 complete and 0 interrupted iterations
load-k6-1  | fspiopQuotes   [  78% ] 50/50 VUs  4m17.0s/5m30.0s
load-k6-1  | 
load-k6-1  | 
load-k6-1  | running (4m18.0s), 50/50 VUs, 44751 complete and 0 interrupted iterations
load-k6-1  | fspiopQuotes   [  78% ] 50/50 VUs  4m18.0s/5m30.0s
load-k6-1  | 
load-k6-1  | 
load-k6-1  | running (4m19.0s), 50/50 VUs, 44929 complete and 0 interrupted iterations
load-k6-1  | fspiopQuotes   [  78% ] 50/50 VUs  4m19.0s/5m30.0s
load-k6-1  | 
load-k6-1  | 
load-k6-1  | running (4m20.0s), 50/50 VUs, 45101 complete and 0 interrupted iterations
load-k6-1  | fspiopQuotes   [  79% ] 50/50 VUs  4m20.0s/5m30.0s
load-k6-1  | 
load-k6-1  | 
load-k6-1  | running (4m21.0s), 50/50 VUs, 45278 complete and 0 interrupted iterations
load-k6-1  | fspiopQuotes   [  79% ] 50/50 VUs  4m21.0s/5m30.0s
load-k6-1  | 
load-k6-1  | 
load-k6-1  | running (4m22.0s), 50/50 VUs, 45450 complete and 0 interrupted iterations
load-k6-1  | fspiopQuotes   [  79% ] 50/50 VUs  4m22.0s/5m30.0s
load-k6-1  | 
load-k6-1  | 
load-k6-1  | running (4m23.0s), 50/50 VUs, 45625 complete and 0 interrupted iterations
load-k6-1  | fspiopQuotes   [  80% ] 50/50 VUs  4m23.0s/5m30.0s
load-k6-1  | 
load-k6-1  | 
load-k6-1  | running (4m24.0s), 50/50 VUs, 45801 complete and 0 interrupted iterations
load-k6-1  | fspiopQuotes   [  80% ] 50/50 VUs  4m24.0s/5m30.0s
load-k6-1  | 
load-k6-1  | 
load-k6-1  | running (4m25.0s), 50/50 VUs, 45989 complete and 0 interrupted iterations
load-k6-1  | fspiopQuotes   [  80% ] 50/50 VUs  4m25.0s/5m30.0s
load-k6-1  | 
load-k6-1  | 
load-k6-1  | running (4m26.0s), 50/50 VUs, 46165 complete and 0 interrupted iterations
load-k6-1  | fspiopQuotes   [  81% ] 50/50 VUs  4m26.0s/5m30.0s
load-k6-1  | 
load-k6-1  | 
load-k6-1  | running (4m27.0s), 50/50 VUs, 46345 complete and 0 interrupted iterations
load-k6-1  | fspiopQuotes   [  81% ] 50/50 VUs  4m27.0s/5m30.0s
load-k6-1  | 
load-k6-1  | 
load-k6-1  | running (4m28.0s), 50/50 VUs, 46528 complete and 0 interrupted iterations
load-k6-1  | fspiopQuotes   [  81% ] 50/50 VUs  4m28.0s/5m30.0s
load-k6-1  | 
load-k6-1  | 
load-k6-1  | running (4m29.0s), 50/50 VUs, 46701 complete and 0 interrupted iterations
load-k6-1  | fspiopQuotes   [  82% ] 50/50 VUs  4m29.0s/5m30.0s
load-k6-1  | 
load-k6-1  | 
load-k6-1  | running (4m30.0s), 50/50 VUs, 46874 complete and 0 interrupted iterations
load-k6-1  | fspiopQuotes   [  82% ] 50/50 VUs  4m30.0s/5m30.0s
load-k6-1  | 
load-k6-1  | 
load-k6-1  | running (4m31.0s), 50/50 VUs, 47049 complete and 0 interrupted iterations
load-k6-1  | fspiopQuotes   [  82% ] 50/50 VUs  4m31.0s/5m30.0s
load-k6-1  | 
load-k6-1  | 
load-k6-1  | running (4m32.0s), 50/50 VUs, 47223 complete and 0 interrupted iterations
load-k6-1  | fspiopQuotes   [  82% ] 50/50 VUs  4m32.0s/5m30.0s
load-k6-1  | 
load-k6-1  | 
load-k6-1  | running (4m33.0s), 50/50 VUs, 47396 complete and 0 interrupted iterations
load-k6-1  | fspiopQuotes   [  83% ] 50/50 VUs  4m33.0s/5m30.0s
load-k6-1  | 
load-k6-1  | 
load-k6-1  | running (4m34.0s), 50/50 VUs, 47563 complete and 0 interrupted iterations
load-k6-1  | fspiopQuotes   [  83% ] 50/50 VUs  4m34.0s/5m30.0s
load-k6-1  | 
load-k6-1  | 
load-k6-1  | running (4m35.0s), 50/50 VUs, 47745 complete and 0 interrupted iterations
load-k6-1  | fspiopQuotes   [  83% ] 50/50 VUs  4m35.0s/5m30.0s
load-k6-1  | 
load-k6-1  | 
load-k6-1  | running (4m36.0s), 50/50 VUs, 47913 complete and 0 interrupted iterations
load-k6-1  | fspiopQuotes   [  84% ] 50/50 VUs  4m36.0s/5m30.0s
load-k6-1  | 
load-k6-1  | 
load-k6-1  | running (4m37.0s), 50/50 VUs, 48095 complete and 0 interrupted iterations
load-k6-1  | fspiopQuotes   [  84% ] 50/50 VUs  4m37.0s/5m30.0s
load-k6-1  | 
load-k6-1  | 
load-k6-1  | running (4m38.0s), 50/50 VUs, 48262 complete and 0 interrupted iterations
load-k6-1  | fspiopQuotes   [  84% ] 50/50 VUs  4m38.0s/5m30.0s
load-k6-1  | 
load-k6-1  | 
load-k6-1  | running (4m39.0s), 50/50 VUs, 48444 complete and 0 interrupted iterations
load-k6-1  | fspiopQuotes   [  85% ] 50/50 VUs  4m39.0s/5m30.0s
load-k6-1  | 
load-k6-1  | 
load-k6-1  | running (4m40.0s), 50/50 VUs, 48610 complete and 0 interrupted iterations
load-k6-1  | fspiopQuotes   [  85% ] 50/50 VUs  4m40.0s/5m30.0s
load-k6-1  | 
load-k6-1  | 
load-k6-1  | running (4m41.0s), 50/50 VUs, 48792 complete and 0 interrupted iterations
load-k6-1  | fspiopQuotes   [  85% ] 50/50 VUs  4m41.0s/5m30.0s
load-k6-1  | 
load-k6-1  | 
load-k6-1  | running (4m42.0s), 50/50 VUs, 48961 complete and 0 interrupted iterations
load-k6-1  | fspiopQuotes   [  85% ] 50/50 VUs  4m42.0s/5m30.0s
load-k6-1  | 
load-k6-1  | 
load-k6-1  | running (4m43.0s), 50/50 VUs, 49144 complete and 0 interrupted iterations
load-k6-1  | fspiopQuotes   [  86% ] 50/50 VUs  4m43.0s/5m30.0s
load-k6-1  | 
load-k6-1  | 
load-k6-1  | running (4m44.0s), 50/50 VUs, 49306 complete and 0 interrupted iterations
load-k6-1  | fspiopQuotes   [  86% ] 50/50 VUs  4m44.0s/5m30.0s
load-k6-1  | 
load-k6-1  | 
load-k6-1  | running (4m45.0s), 50/50 VUs, 49493 complete and 0 interrupted iterations
load-k6-1  | fspiopQuotes   [  86% ] 50/50 VUs  4m45.0s/5m30.0s
load-k6-1  | 
load-k6-1  | 
load-k6-1  | running (4m46.0s), 50/50 VUs, 49673 complete and 0 interrupted iterations
load-k6-1  | fspiopQuotes   [  87% ] 50/50 VUs  4m46.0s/5m30.0s
load-k6-1  | 
load-k6-1  | 
load-k6-1  | running (4m47.0s), 50/50 VUs, 49847 complete and 0 interrupted iterations
load-k6-1  | fspiopQuotes   [  87% ] 50/50 VUs  4m47.0s/5m30.0s
load-k6-1  | 
load-k6-1  | 
load-k6-1  | running (4m48.0s), 50/50 VUs, 50029 complete and 0 interrupted iterations
load-k6-1  | fspiopQuotes   [  87% ] 50/50 VUs  4m48.0s/5m30.0s
load-k6-1  | 
load-k6-1  | 
load-k6-1  | running (4m49.0s), 50/50 VUs, 50202 complete and 0 interrupted iterations
load-k6-1  | fspiopQuotes   [  88% ] 50/50 VUs  4m49.0s/5m30.0s
load-k6-1  | 
load-k6-1  | 
load-k6-1  | running (4m50.0s), 50/50 VUs, 50381 complete and 0 interrupted iterations
load-k6-1  | fspiopQuotes   [  88% ] 50/50 VUs  4m50.0s/5m30.0s
load-k6-1  | 
load-k6-1  | 
load-k6-1  | running (4m51.0s), 50/50 VUs, 50557 complete and 0 interrupted iterations
load-k6-1  | fspiopQuotes   [  88% ] 50/50 VUs  4m51.0s/5m30.0s
load-k6-1  | 
load-k6-1  | 
load-k6-1  | running (4m52.0s), 50/50 VUs, 50733 complete and 0 interrupted iterations
load-k6-1  | fspiopQuotes   [  88% ] 50/50 VUs  4m52.0s/5m30.0s
load-k6-1  | 
load-k6-1  | 
load-k6-1  | running (4m53.0s), 50/50 VUs, 50903 complete and 0 interrupted iterations
load-k6-1  | fspiopQuotes   [  89% ] 50/50 VUs  4m53.0s/5m30.0s
load-k6-1  | 
load-k6-1  | 
load-k6-1  | running (4m54.0s), 50/50 VUs, 51087 complete and 0 interrupted iterations
load-k6-1  | fspiopQuotes   [  89% ] 50/50 VUs  4m54.0s/5m30.0s
load-k6-1  | 
load-k6-1  | 
load-k6-1  | running (4m55.0s), 50/50 VUs, 51264 complete and 0 interrupted iterations
load-k6-1  | fspiopQuotes   [  89% ] 50/50 VUs  4m55.0s/5m30.0s
load-k6-1  | 
load-k6-1  | 
load-k6-1  | running (4m56.0s), 50/50 VUs, 51443 complete and 0 interrupted iterations
load-k6-1  | fspiopQuotes   [  90% ] 50/50 VUs  4m56.0s/5m30.0s
load-k6-1  | 
load-k6-1  | 
load-k6-1  | running (4m57.0s), 50/50 VUs, 51629 complete and 0 interrupted iterations
load-k6-1  | fspiopQuotes   [  90% ] 50/50 VUs  4m57.0s/5m30.0s
load-k6-1  | 
load-k6-1  | 
load-k6-1  | running (4m58.0s), 50/50 VUs, 51797 complete and 0 interrupted iterations
load-k6-1  | fspiopQuotes   [  90% ] 50/50 VUs  4m58.0s/5m30.0s
load-k6-1  | 
load-k6-1  | 
load-k6-1  | running (4m59.0s), 50/50 VUs, 51981 complete and 0 interrupted iterations
load-k6-1  | fspiopQuotes   [  91% ] 50/50 VUs  4m59.0s/5m30.0s
load-k6-1  | 
load-k6-1  | 
load-k6-1  | running (5m00.0s), 50/50 VUs, 52148 complete and 0 interrupted iterations
load-k6-1  | fspiopQuotes   [  91% ] 50/50 VUs  5m00.0s/5m30.0s
load-k6-1  | 
load-k6-1  | 
load-k6-1  | running (5m01.0s), 50/50 VUs, 52328 complete and 0 interrupted iterations
load-k6-1  | fspiopQuotes   [  91% ] 50/50 VUs  5m01.0s/5m30.0s
load-k6-1  | 
load-k6-1  | 
load-k6-1  | running (5m02.0s), 50/50 VUs, 52513 complete and 0 interrupted iterations
load-k6-1  | fspiopQuotes   [  92% ] 50/50 VUs  5m02.0s/5m30.0s
load-k6-1  | 
load-k6-1  | 
load-k6-1  | running (5m03.0s), 50/50 VUs, 52684 complete and 0 interrupted iterations
load-k6-1  | fspiopQuotes   [  92% ] 50/50 VUs  5m03.0s/5m30.0s
load-k6-1  | 
load-k6-1  | 
load-k6-1  | running (5m04.0s), 50/50 VUs, 52863 complete and 0 interrupted iterations
load-k6-1  | fspiopQuotes   [  92% ] 50/50 VUs  5m04.0s/5m30.0s
load-k6-1  | 
load-k6-1  | 
load-k6-1  | running (5m05.0s), 50/50 VUs, 53039 complete and 0 interrupted iterations
load-k6-1  | fspiopQuotes   [  92% ] 50/50 VUs  5m05.0s/5m30.0s
load-k6-1  | 
load-k6-1  | 
load-k6-1  | running (5m06.0s), 50/50 VUs, 53212 complete and 0 interrupted iterations
load-k6-1  | fspiopQuotes   [  93% ] 50/50 VUs  5m06.0s/5m30.0s
load-k6-1  | 
load-k6-1  | 
load-k6-1  | running (5m07.0s), 50/50 VUs, 53385 complete and 0 interrupted iterations
load-k6-1  | fspiopQuotes   [  93% ] 50/50 VUs  5m07.0s/5m30.0s
load-k6-1  | 
load-k6-1  | 
load-k6-1  | running (5m08.0s), 50/50 VUs, 53564 complete and 0 interrupted iterations
load-k6-1  | fspiopQuotes   [  93% ] 50/50 VUs  5m08.0s/5m30.0s
load-k6-1  | 
load-k6-1  | 
load-k6-1  | running (5m09.0s), 50/50 VUs, 53742 complete and 0 interrupted iterations
load-k6-1  | fspiopQuotes   [  94% ] 50/50 VUs  5m09.0s/5m30.0s
load-k6-1  | 
load-k6-1  | 
load-k6-1  | running (5m10.0s), 50/50 VUs, 53930 complete and 0 interrupted iterations
load-k6-1  | fspiopQuotes   [  94% ] 50/50 VUs  5m10.0s/5m30.0s
load-k6-1  | 
load-k6-1  | 
load-k6-1  | running (5m11.0s), 50/50 VUs, 54105 complete and 0 interrupted iterations
load-k6-1  | fspiopQuotes   [  94% ] 50/50 VUs  5m11.0s/5m30.0s
load-k6-1  | 
load-k6-1  | 
load-k6-1  | running (5m12.0s), 50/50 VUs, 54282 complete and 0 interrupted iterations
load-k6-1  | fspiopQuotes   [  95% ] 50/50 VUs  5m12.0s/5m30.0s
load-k6-1  | 
load-k6-1  | 
load-k6-1  | running (5m13.0s), 50/50 VUs, 54450 complete and 0 interrupted iterations
load-k6-1  | fspiopQuotes   [  95% ] 50/50 VUs  5m13.0s/5m30.0s
load-k6-1  | 
load-k6-1  | 
load-k6-1  | running (5m14.0s), 50/50 VUs, 54627 complete and 0 interrupted iterations
load-k6-1  | fspiopQuotes   [  95% ] 50/50 VUs  5m14.0s/5m30.0s
load-k6-1  | 
load-k6-1  | 
load-k6-1  | running (5m15.0s), 50/50 VUs, 54800 complete and 0 interrupted iterations
load-k6-1  | fspiopQuotes   [  95% ] 50/50 VUs  5m15.0s/5m30.0s
load-k6-1  | 
load-k6-1  | 
load-k6-1  | running (5m16.0s), 50/50 VUs, 54976 complete and 0 interrupted iterations
load-k6-1  | fspiopQuotes   [  96% ] 50/50 VUs  5m16.0s/5m30.0s
load-k6-1  | 
load-k6-1  | 
load-k6-1  | running (5m17.0s), 50/50 VUs, 55141 complete and 0 interrupted iterations
load-k6-1  | fspiopQuotes   [  96% ] 50/50 VUs  5m17.0s/5m30.0s
load-k6-1  | 
load-k6-1  | 
load-k6-1  | running (5m18.0s), 50/50 VUs, 55323 complete and 0 interrupted iterations
load-k6-1  | fspiopQuotes   [  96% ] 50/50 VUs  5m18.0s/5m30.0s
load-k6-1  | 
load-k6-1  | 
load-k6-1  | running (5m19.0s), 50/50 VUs, 55493 complete and 0 interrupted iterations
load-k6-1  | fspiopQuotes   [  97% ] 50/50 VUs  5m19.0s/5m30.0s
load-k6-1  | 
load-k6-1  | 
load-k6-1  | running (5m20.0s), 50/50 VUs, 55676 complete and 0 interrupted iterations
load-k6-1  | fspiopQuotes   [  97% ] 50/50 VUs  5m20.0s/5m30.0s
load-k6-1  | 
load-k6-1  | 
load-k6-1  | running (5m21.0s), 50/50 VUs, 55847 complete and 0 interrupted iterations
load-k6-1  | fspiopQuotes   [  97% ] 50/50 VUs  5m21.0s/5m30.0s
load-k6-1  | 
load-k6-1  | 
load-k6-1  | running (5m22.0s), 50/50 VUs, 56028 complete and 0 interrupted iterations
load-k6-1  | fspiopQuotes   [  98% ] 50/50 VUs  5m22.0s/5m30.0s
load-k6-1  | 
load-k6-1  | 
load-k6-1  | running (5m23.0s), 50/50 VUs, 56201 complete and 0 interrupted iterations
load-k6-1  | fspiopQuotes   [  98% ] 50/50 VUs  5m23.0s/5m30.0s
load-k6-1  | 
load-k6-1  | 
load-k6-1  | running (5m24.0s), 50/50 VUs, 56383 complete and 0 interrupted iterations
load-k6-1  | fspiopQuotes   [  98% ] 50/50 VUs  5m24.0s/5m30.0s
load-k6-1  | 
load-k6-1  | 
load-k6-1  | running (5m25.0s), 50/50 VUs, 56570 complete and 0 interrupted iterations
load-k6-1  | fspiopQuotes   [  98% ] 50/50 VUs  5m25.0s/5m30.0s
load-k6-1  | 
load-k6-1  | 
load-k6-1  | running (5m26.0s), 50/50 VUs, 56748 complete and 0 interrupted iterations
load-k6-1  | fspiopQuotes   [  99% ] 50/50 VUs  5m26.0s/5m30.0s
load-k6-1  | 
load-k6-1  | 
load-k6-1  | running (5m27.0s), 50/50 VUs, 56930 complete and 0 interrupted iterations
load-k6-1  | fspiopQuotes   [  99% ] 50/50 VUs  5m27.0s/5m30.0s
load-k6-1  | 
load-k6-1  | 
load-k6-1  | running (5m28.0s), 50/50 VUs, 57112 complete and 0 interrupted iterations
load-k6-1  | fspiopQuotes   [  99% ] 50/50 VUs  5m28.0s/5m30.0s
load-k6-1  | 
load-k6-1  | 
load-k6-1  | running (5m29.0s), 50/50 VUs, 57286 complete and 0 interrupted iterations
load-k6-1  | fspiopQuotes   [ 100% ] 50/50 VUs  5m29.0s/5m30.0s
load-k6-1  | 
load-k6-1  | 
load-k6-1  | running (5m30.0s), 50/50 VUs, 57470 complete and 0 interrupted iterations
load-k6-1  | fspiopQuotes   [ 100% ] 50/50 VUs  5m30.0s/5m30.0s
load-k6-1  | 
load-k6-1  | 
load-k6-1  |      ✓ QUOTES_FSPIOP_POST_QUOTES_RESPONSE_IS_202
load-k6-1  |      ✓ QUOTES_E2E_FSPIOP_POST_QUOTES_SUCCESS
load-k6-1  | 
load-k6-1  |      █ Post Quotes
load-k6-1  | 
load-k6-1  |      checks.........................: 100.00% ✓ 115044   ✗ 0    
load-k6-1  |      data_received..................: 18 MB   55 kB/s
load-k6-1  |      data_sent......................: 69 MB   209 kB/s
load-k6-1  |      group_duration.................: avg=180.98µs min=125.54µs med=167.79µs max=6.5ms    p(90)=233.06µs p(95)=242.98µs
load-k6-1  |      http_req_blocked...............: avg=4.5µs    min=1.28µs   med=3.05µs   max=70.52ms  p(90)=3.88µs   p(95)=4.17µs  
load-k6-1  |      http_req_connecting............: avg=1.3µs    min=0s       med=0s       max=70.48ms  p(90)=0s       p(95)=0s      
load-k6-1  |    ✓ http_req_duration..............: avg=6.99ms   min=1.26ms   med=6.82ms   max=119.24ms p(90)=9.42ms   p(95)=10.21ms 
load-k6-1  |        { expected_response:true }...: avg=6.99ms   min=1.26ms   med=6.82ms   max=119.24ms p(90)=9.42ms   p(95)=10.21ms 
load-k6-1  |    ✓ http_req_failed................: 0.00%   ✓ 0        ✗ 57522
load-k6-1  |      http_req_receiving.............: avg=21.36µs  min=9.21µs   med=21.27µs  max=1.23ms   p(90)=25.47µs  p(95)=29.31µs 
load-k6-1  |      http_req_sending...............: avg=17.52µs  min=8.06µs   med=16.91µs  max=334.84µs p(90)=22.29µs  p(95)=23.91µs 
load-k6-1  |      http_req_tls_handshaking.......: avg=0s       min=0s       med=0s       max=0s       p(90)=0s       p(95)=0s      
load-k6-1  |      http_req_waiting...............: avg=6.95ms   min=1.23ms   med=6.78ms   max=119.2ms  p(90)=9.38ms   p(95)=10.17ms 
load-k6-1  |      http_reqs......................: 57522   174.2251/s
load-k6-1  |    ✓ iteration_duration.............: avg=273.89ms min=10.93ms  med=282.45ms max=367.76ms p(90)=296.79ms p(95)=302.93ms
load-k6-1  |      iterations.....................: 57522   174.2251/s
load-k6-1  |      vus............................: 50      min=2      max=50 
load-k6-1  |      vus_max........................: 50      min=50     max=50 
load-k6-1  |      ws_connecting..................: avg=390.97µs min=169.81µs med=284.1µs  max=75.55ms  p(90)=646.2µs  p(95)=887.94µs
load-k6-1  |      ws_msgs_received...............: 57522   174.2251/s
load-k6-1  |      ws_msgs_sent...................: 57522   174.2251/s
load-k6-1  |      ws_session_duration............: avg=273.64ms min=10.73ms  med=282.21ms max=367.5ms  p(90)=296.53ms p(95)=302.65ms
load-k6-1  |      ws_sessions....................: 57522   174.2251/s
load-k6-1  | 
load-k6-1  | 
load-k6-1  | running (5m30.2s), 00/50 VUs, 57522 complete and 0 interrupted iterations
load-k6-1  | fspiopQuotes ✓ [ 100% ] 00/50 VUs  5m30s
load-k6-1  | 
load-k6-1 exited with code 0
