Attaching to load-k6-1
load-k6-1  | 
load-k6-1  |           /\      |‾‾| /‾‾/   /‾‾/   
load-k6-1  |      /\  /  \     |  |/  /   /  /    
load-k6-1  |     /  \/    \    |     (   /   ‾‾\  
load-k6-1  |    /          \   |  |\  \ |  (‾)  | 
load-k6-1  |   / __________ \  |__| \__\ \_____/ .io
load-k6-1  | 
load-k6-1  | 
load-k6-1  |   execution: local
load-k6-1  |      script: /scripts/index.js
load-k6-1  |      output: Prometheus remote write (http://prometheus:9090/api/v1/write)
load-k6-1  | 
load-k6-1  |   scenarios: (100.00%) 1 scenario, 20 max VUs, 6m0s max duration (incl. graceful stop):
load-k6-1  |            * fspiopTransfers: Up to 20 looping VUs for 5m30s over 2 stages (gracefulRampDown: 30s, exec: fspiopTransfersScenarios, gracefulStop: 30s)
load-k6-1  | 
load-k6-1  | 
load-k6-1  | 
load-k6-1  | running (0m01.0s), 01/20 VUs, 13 complete and 0 interrupted iterations
load-k6-1  | fspiopTransfers   [   0% ] 01/20 VUs  0m01.0s/5m30.0s
load-k6-1  | 
load-k6-1  | 
load-k6-1  | running (0m02.0s), 02/20 VUs, 32 complete and 0 interrupted iterations
load-k6-1  | fspiopTransfers   [   1% ] 02/20 VUs  0m02.0s/5m30.0s
load-k6-1  | 
load-k6-1  | 
load-k6-1  | running (0m03.0s), 02/20 VUs, 59 complete and 0 interrupted iterations
load-k6-1  | fspiopTransfers   [   1% ] 02/20 VUs  0m03.0s/5m30.0s
load-k6-1  | 
load-k6-1  | 
load-k6-1  | running (0m04.0s), 03/20 VUs, 100 complete and 0 interrupted iterations
load-k6-1  | fspiopTransfers   [   1% ] 03/20 VUs  0m04.0s/5m30.0s
load-k6-1  | 
load-k6-1  | 
load-k6-1  | running (0m05.0s), 04/20 VUs, 144 complete and 0 interrupted iterations
load-k6-1  | fspiopTransfers   [   2% ] 04/20 VUs  0m05.0s/5m30.0s
load-k6-1  | 
load-k6-1  | 
load-k6-1  | running (0m06.0s), 04/20 VUs, 201 complete and 0 interrupted iterations
load-k6-1  | fspiopTransfers   [   2% ] 04/20 VUs  0m06.0s/5m30.0s
load-k6-1  | 
load-k6-1  | 
load-k6-1  | running (0m07.0s), 05/20 VUs, 265 complete and 0 interrupted iterations
load-k6-1  | fspiopTransfers   [   2% ] 05/20 VUs  0m07.0s/5m30.0s
load-k6-1  | 
load-k6-1  | 
load-k6-1  | running (0m08.0s), 06/20 VUs, 337 complete and 0 interrupted iterations
load-k6-1  | fspiopTransfers   [   2% ] 06/20 VUs  0m08.0s/5m30.0s
load-k6-1  | 
load-k6-1  | 
load-k6-1  | running (0m09.0s), 06/20 VUs, 418 complete and 0 interrupted iterations
load-k6-1  | fspiopTransfers   [   3% ] 06/20 VUs  0m09.0s/5m30.0s
load-k6-1  | 
load-k6-1  | 
load-k6-1  | running (0m10.0s), 07/20 VUs, 507 complete and 0 interrupted iterations
load-k6-1  | fspiopTransfers   [   3% ] 07/20 VUs  0m10.0s/5m30.0s
load-k6-1  | 
load-k6-1  | 
load-k6-1  | running (0m11.0s), 07/20 VUs, 603 complete and 0 interrupted iterations
load-k6-1  | fspiopTransfers   [   3% ] 07/20 VUs  0m11.0s/5m30.0s
load-k6-1  | 
load-k6-1  | 
load-k6-1  | running (0m12.0s), 08/20 VUs, 712 complete and 0 interrupted iterations
load-k6-1  | fspiopTransfers   [   4% ] 08/20 VUs  0m12.0s/5m30.0s
load-k6-1  | 
load-k6-1  | 
load-k6-1  | running (0m13.0s), 09/20 VUs, 822 complete and 0 interrupted iterations
load-k6-1  | fspiopTransfers   [   4% ] 09/20 VUs  0m13.0s/5m30.0s
load-k6-1  | 
load-k6-1  | 
load-k6-1  | running (0m14.0s), 09/20 VUs, 940 complete and 0 interrupted iterations
load-k6-1  | fspiopTransfers   [   4% ] 09/20 VUs  0m14.0s/5m30.0s
load-k6-1  | 
load-k6-1  | 
load-k6-1  | running (0m15.0s), 10/20 VUs, 1066 complete and 0 interrupted iterations
load-k6-1  | fspiopTransfers   [   5% ] 10/20 VUs  0m15.0s/5m30.0s
load-k6-1  | 
load-k6-1  | 
load-k6-1  | running (0m16.0s), 11/20 VUs, 1197 complete and 0 interrupted iterations
load-k6-1  | fspiopTransfers   [   5% ] 11/20 VUs  0m16.0s/5m30.0s
load-k6-1  | 
load-k6-1  | 
load-k6-1  | running (0m17.0s), 11/20 VUs, 1333 complete and 0 interrupted iterations
load-k6-1  | fspiopTransfers   [   5% ] 11/20 VUs  0m17.0s/5m30.0s
load-k6-1  | 
load-k6-1  | 
load-k6-1  | running (0m18.0s), 12/20 VUs, 1477 complete and 0 interrupted iterations
load-k6-1  | fspiopTransfers   [   5% ] 12/20 VUs  0m18.0s/5m30.0s
load-k6-1  | 
load-k6-1  | 
load-k6-1  | running (0m19.0s), 13/20 VUs, 1625 complete and 0 interrupted iterations
load-k6-1  | fspiopTransfers   [   6% ] 13/20 VUs  0m19.0s/5m30.0s
load-k6-1  | 
load-k6-1  | 
load-k6-1  | running (0m20.0s), 13/20 VUs, 1773 complete and 0 interrupted iterations
load-k6-1  | fspiopTransfers   [   6% ] 13/20 VUs  0m20.0s/5m30.0s
load-k6-1  | 
load-k6-1  | 
load-k6-1  | running (0m21.0s), 14/20 VUs, 1930 complete and 0 interrupted iterations
load-k6-1  | fspiopTransfers   [   6% ] 14/20 VUs  0m21.0s/5m30.0s
load-k6-1  | 
load-k6-1  | 
load-k6-1  | running (0m22.0s), 14/20 VUs, 2081 complete and 0 interrupted iterations
load-k6-1  | fspiopTransfers   [   7% ] 14/20 VUs  0m22.0s/5m30.0s
load-k6-1  | 
load-k6-1  | 
load-k6-1  | running (0m23.0s), 15/20 VUs, 2243 complete and 0 interrupted iterations
load-k6-1  | fspiopTransfers   [   7% ] 15/20 VUs  0m23.0s/5m30.0s
load-k6-1  | 
load-k6-1  | 
load-k6-1  | running (0m24.0s), 16/20 VUs, 2406 complete and 0 interrupted iterations
load-k6-1  | fspiopTransfers   [   7% ] 16/20 VUs  0m24.0s/5m30.0s
load-k6-1  | 
load-k6-1  | 
load-k6-1  | running (0m25.0s), 16/20 VUs, 2563 complete and 0 interrupted iterations
load-k6-1  | fspiopTransfers   [   8% ] 16/20 VUs  0m25.0s/5m30.0s
load-k6-1  | 
load-k6-1  | 
load-k6-1  | running (0m26.0s), 17/20 VUs, 2732 complete and 0 interrupted iterations
load-k6-1  | fspiopTransfers   [   8% ] 17/20 VUs  0m26.0s/5m30.0s
load-k6-1  | 
load-k6-1  | 
load-k6-1  | running (0m27.0s), 18/20 VUs, 2902 complete and 0 interrupted iterations
load-k6-1  | fspiopTransfers   [   8% ] 18/20 VUs  0m27.0s/5m30.0s
load-k6-1  | 
load-k6-1  | 
load-k6-1  | running (0m28.0s), 18/20 VUs, 3081 complete and 0 interrupted iterations
load-k6-1  | fspiopTransfers   [   8% ] 18/20 VUs  0m28.0s/5m30.0s
load-k6-1  | 
load-k6-1  | 
load-k6-1  | running (0m29.0s), 19/20 VUs, 3254 complete and 0 interrupted iterations
load-k6-1  | fspiopTransfers   [   9% ] 19/20 VUs  0m29.0s/5m30.0s
load-k6-1  | 
load-k6-1  | 
load-k6-1  | running (0m30.0s), 19/20 VUs, 3429 complete and 0 interrupted iterations
load-k6-1  | fspiopTransfers   [   9% ] 19/20 VUs  0m30.0s/5m30.0s
load-k6-1  | 
load-k6-1  | 
load-k6-1  | running (0m31.0s), 20/20 VUs, 3611 complete and 0 interrupted iterations
load-k6-1  | fspiopTransfers   [   9% ] 20/20 VUs  0m31.0s/5m30.0s
load-k6-1  | 
load-k6-1  | 
load-k6-1  | running (0m32.0s), 20/20 VUs, 3795 complete and 0 interrupted iterations
load-k6-1  | fspiopTransfers   [  10% ] 20/20 VUs  0m32.0s/5m30.0s
load-k6-1  | 
load-k6-1  | 
load-k6-1  | running (0m33.0s), 20/20 VUs, 3980 complete and 0 interrupted iterations
load-k6-1  | fspiopTransfers   [  10% ] 20/20 VUs  0m33.0s/5m30.0s
load-k6-1  | 
load-k6-1  | 
load-k6-1  | running (0m34.0s), 20/20 VUs, 4156 complete and 0 interrupted iterations
load-k6-1  | fspiopTransfers   [  10% ] 20/20 VUs  0m34.0s/5m30.0s
load-k6-1  | 
load-k6-1  | 
load-k6-1  | running (0m35.0s), 20/20 VUs, 4324 complete and 0 interrupted iterations
load-k6-1  | fspiopTransfers   [  11% ] 20/20 VUs  0m35.0s/5m30.0s
load-k6-1  | 
load-k6-1  | 
load-k6-1  | running (0m36.0s), 20/20 VUs, 4506 complete and 0 interrupted iterations
load-k6-1  | fspiopTransfers   [  11% ] 20/20 VUs  0m36.0s/5m30.0s
load-k6-1  | 
load-k6-1  | 
load-k6-1  | running (0m37.0s), 20/20 VUs, 4690 complete and 0 interrupted iterations
load-k6-1  | fspiopTransfers   [  11% ] 20/20 VUs  0m37.0s/5m30.0s
load-k6-1  | 
load-k6-1  | 
load-k6-1  | running (0m38.0s), 20/20 VUs, 4870 complete and 0 interrupted iterations
load-k6-1  | fspiopTransfers   [  12% ] 20/20 VUs  0m38.0s/5m30.0s
load-k6-1  | 
load-k6-1  | 
load-k6-1  | running (0m39.0s), 20/20 VUs, 5058 complete and 0 interrupted iterations
load-k6-1  | fspiopTransfers   [  12% ] 20/20 VUs  0m39.0s/5m30.0s
load-k6-1  | 
load-k6-1  | 
load-k6-1  | running (0m40.0s), 20/20 VUs, 5252 complete and 0 interrupted iterations
load-k6-1  | fspiopTransfers   [  12% ] 20/20 VUs  0m40.0s/5m30.0s
load-k6-1  | 
load-k6-1  | 
load-k6-1  | running (0m41.0s), 20/20 VUs, 5437 complete and 0 interrupted iterations
load-k6-1  | fspiopTransfers   [  12% ] 20/20 VUs  0m41.0s/5m30.0s
load-k6-1  | 
load-k6-1  | 
load-k6-1  | running (0m42.0s), 20/20 VUs, 5621 complete and 0 interrupted iterations
load-k6-1  | fspiopTransfers   [  13% ] 20/20 VUs  0m42.0s/5m30.0s
load-k6-1  | 
load-k6-1  | 
load-k6-1  | running (0m43.0s), 20/20 VUs, 5811 complete and 0 interrupted iterations
load-k6-1  | fspiopTransfers   [  13% ] 20/20 VUs  0m43.0s/5m30.0s
load-k6-1  | 
load-k6-1  | 
load-k6-1  | running (0m44.0s), 20/20 VUs, 5997 complete and 0 interrupted iterations
load-k6-1  | fspiopTransfers   [  13% ] 20/20 VUs  0m44.0s/5m30.0s
load-k6-1  | 
load-k6-1  | 
load-k6-1  | running (0m45.0s), 20/20 VUs, 6177 complete and 0 interrupted iterations
load-k6-1  | fspiopTransfers   [  14% ] 20/20 VUs  0m45.0s/5m30.0s
load-k6-1  | 
load-k6-1  | 
load-k6-1  | running (0m46.0s), 20/20 VUs, 6360 complete and 0 interrupted iterations
load-k6-1  | fspiopTransfers   [  14% ] 20/20 VUs  0m46.0s/5m30.0s
load-k6-1  | 
load-k6-1  | 
load-k6-1  | running (0m47.0s), 20/20 VUs, 6549 complete and 0 interrupted iterations
load-k6-1  | fspiopTransfers   [  14% ] 20/20 VUs  0m47.0s/5m30.0s
load-k6-1  | 
load-k6-1  | 
load-k6-1  | running (0m48.0s), 20/20 VUs, 6741 complete and 0 interrupted iterations
load-k6-1  | fspiopTransfers   [  15% ] 20/20 VUs  0m48.0s/5m30.0s
load-k6-1  | 
load-k6-1  | 
load-k6-1  | running (0m49.0s), 20/20 VUs, 6938 complete and 0 interrupted iterations
load-k6-1  | fspiopTransfers   [  15% ] 20/20 VUs  0m49.0s/5m30.0s
load-k6-1  | 
load-k6-1  | 
load-k6-1  | running (0m50.0s), 20/20 VUs, 7133 complete and 0 interrupted iterations
load-k6-1  | fspiopTransfers   [  15% ] 20/20 VUs  0m50.0s/5m30.0s
load-k6-1  | 
load-k6-1  | 
load-k6-1  | running (0m51.0s), 20/20 VUs, 7314 complete and 0 interrupted iterations
load-k6-1  | fspiopTransfers   [  15% ] 20/20 VUs  0m51.0s/5m30.0s
load-k6-1  | 
load-k6-1  | 
load-k6-1  | running (0m52.0s), 20/20 VUs, 7504 complete and 0 interrupted iterations
load-k6-1  | fspiopTransfers   [  16% ] 20/20 VUs  0m52.0s/5m30.0s
load-k6-1  | 
load-k6-1  | 
load-k6-1  | running (0m53.0s), 20/20 VUs, 7699 complete and 0 interrupted iterations
load-k6-1  | fspiopTransfers   [  16% ] 20/20 VUs  0m53.0s/5m30.0s
load-k6-1  | 
load-k6-1  | 
load-k6-1  | running (0m54.0s), 20/20 VUs, 7894 complete and 0 interrupted iterations
load-k6-1  | fspiopTransfers   [  16% ] 20/20 VUs  0m54.0s/5m30.0s
load-k6-1  | 
load-k6-1  | 
load-k6-1  | running (0m55.0s), 20/20 VUs, 8077 complete and 0 interrupted iterations
load-k6-1  | fspiopTransfers   [  17% ] 20/20 VUs  0m55.0s/5m30.0s
load-k6-1  | 
load-k6-1  | 
load-k6-1  | running (0m56.0s), 20/20 VUs, 8271 complete and 0 interrupted iterations
load-k6-1  | fspiopTransfers   [  17% ] 20/20 VUs  0m56.0s/5m30.0s
load-k6-1  | 
load-k6-1  | 
load-k6-1  | running (0m57.0s), 20/20 VUs, 8461 complete and 0 interrupted iterations
load-k6-1  | fspiopTransfers   [  17% ] 20/20 VUs  0m57.0s/5m30.0s
load-k6-1  | 
load-k6-1  | 
load-k6-1  | running (0m58.0s), 20/20 VUs, 8655 complete and 0 interrupted iterations
load-k6-1  | fspiopTransfers   [  18% ] 20/20 VUs  0m58.0s/5m30.0s
load-k6-1  | 
load-k6-1  | 
load-k6-1  | running (0m59.0s), 20/20 VUs, 8843 complete and 0 interrupted iterations
load-k6-1  | fspiopTransfers   [  18% ] 20/20 VUs  0m59.0s/5m30.0s
load-k6-1  | 
load-k6-1  | 
load-k6-1  | running (1m00.0s), 20/20 VUs, 9035 complete and 0 interrupted iterations
load-k6-1  | fspiopTransfers   [  18% ] 20/20 VUs  1m00.0s/5m30.0s
load-k6-1  | 
load-k6-1  | 
load-k6-1  | running (1m01.0s), 20/20 VUs, 9228 complete and 0 interrupted iterations
load-k6-1  | fspiopTransfers   [  18% ] 20/20 VUs  1m01.0s/5m30.0s
load-k6-1  | 
load-k6-1  | 
load-k6-1  | running (1m02.0s), 20/20 VUs, 9412 complete and 0 interrupted iterations
load-k6-1  | fspiopTransfers   [  19% ] 20/20 VUs  1m02.0s/5m30.0s
load-k6-1  | 
load-k6-1  | 
load-k6-1  | running (1m03.0s), 20/20 VUs, 9608 complete and 0 interrupted iterations
load-k6-1  | fspiopTransfers   [  19% ] 20/20 VUs  1m03.0s/5m30.0s
load-k6-1  | 
load-k6-1  | 
load-k6-1  | running (1m04.0s), 20/20 VUs, 9793 complete and 0 interrupted iterations
load-k6-1  | fspiopTransfers   [  19% ] 20/20 VUs  1m04.0s/5m30.0s
load-k6-1  | 
load-k6-1  | 
load-k6-1  | running (1m05.0s), 20/20 VUs, 9979 complete and 0 interrupted iterations
load-k6-1  | fspiopTransfers   [  20% ] 20/20 VUs  1m05.0s/5m30.0s
load-k6-1  | 
load-k6-1  | 
load-k6-1  | running (1m06.0s), 20/20 VUs, 10163 complete and 0 interrupted iterations
load-k6-1  | fspiopTransfers   [  20% ] 20/20 VUs  1m06.0s/5m30.0s
load-k6-1  | 
load-k6-1  | 
load-k6-1  | running (1m07.0s), 20/20 VUs, 10336 complete and 0 interrupted iterations
load-k6-1  | fspiopTransfers   [  20% ] 20/20 VUs  1m07.0s/5m30.0s
load-k6-1  | 
load-k6-1  | 
load-k6-1  | running (1m08.0s), 20/20 VUs, 10531 complete and 0 interrupted iterations
load-k6-1  | fspiopTransfers   [  21% ] 20/20 VUs  1m08.0s/5m30.0s
load-k6-1  | 
load-k6-1  | 
load-k6-1  | running (1m09.0s), 20/20 VUs, 10718 complete and 0 interrupted iterations
load-k6-1  | fspiopTransfers   [  21% ] 20/20 VUs  1m09.0s/5m30.0s
load-k6-1  | 
load-k6-1  | 
load-k6-1  | running (1m10.0s), 20/20 VUs, 10915 complete and 0 interrupted iterations
load-k6-1  | fspiopTransfers   [  21% ] 20/20 VUs  1m10.0s/5m30.0s
load-k6-1  | 
load-k6-1  | 
load-k6-1  | running (1m11.0s), 20/20 VUs, 11106 complete and 0 interrupted iterations
load-k6-1  | fspiopTransfers   [  22% ] 20/20 VUs  1m11.0s/5m30.0s
load-k6-1  | 
load-k6-1  | 
load-k6-1  | running (1m12.0s), 20/20 VUs, 11295 complete and 0 interrupted iterations
load-k6-1  | fspiopTransfers   [  22% ] 20/20 VUs  1m12.0s/5m30.0s
load-k6-1  | 
load-k6-1  | 
load-k6-1  | running (1m13.0s), 20/20 VUs, 11483 complete and 0 interrupted iterations
load-k6-1  | fspiopTransfers   [  22% ] 20/20 VUs  1m13.0s/5m30.0s
load-k6-1  | 
load-k6-1  | 
load-k6-1  | running (1m14.0s), 20/20 VUs, 11669 complete and 0 interrupted iterations
load-k6-1  | fspiopTransfers   [  22% ] 20/20 VUs  1m14.0s/5m30.0s
load-k6-1  | 
load-k6-1  | 
load-k6-1  | running (1m15.0s), 20/20 VUs, 11855 complete and 0 interrupted iterations
load-k6-1  | fspiopTransfers   [  23% ] 20/20 VUs  1m15.0s/5m30.0s
load-k6-1  | 
load-k6-1  | 
load-k6-1  | running (1m16.0s), 20/20 VUs, 12045 complete and 0 interrupted iterations
load-k6-1  | fspiopTransfers   [  23% ] 20/20 VUs  1m16.0s/5m30.0s
load-k6-1  | 
load-k6-1  | 
load-k6-1  | running (1m17.0s), 20/20 VUs, 12235 complete and 0 interrupted iterations
load-k6-1  | fspiopTransfers   [  23% ] 20/20 VUs  1m17.0s/5m30.0s
load-k6-1  | 
load-k6-1  | 
load-k6-1  | running (1m18.0s), 20/20 VUs, 12427 complete and 0 interrupted iterations
load-k6-1  | fspiopTransfers   [  24% ] 20/20 VUs  1m18.0s/5m30.0s
load-k6-1  | 
load-k6-1  | 
load-k6-1  | running (1m19.0s), 20/20 VUs, 12613 complete and 0 interrupted iterations
load-k6-1  | fspiopTransfers   [  24% ] 20/20 VUs  1m19.0s/5m30.0s
load-k6-1  | 
load-k6-1  | 
load-k6-1  | running (1m20.0s), 20/20 VUs, 12807 complete and 0 interrupted iterations
load-k6-1  | fspiopTransfers   [  24% ] 20/20 VUs  1m20.0s/5m30.0s
load-k6-1  | 
load-k6-1  | 
load-k6-1  | running (1m21.0s), 20/20 VUs, 12986 complete and 0 interrupted iterations
load-k6-1  | fspiopTransfers   [  25% ] 20/20 VUs  1m21.0s/5m30.0s
load-k6-1  | 
load-k6-1  | 
load-k6-1  | running (1m22.0s), 20/20 VUs, 13172 complete and 0 interrupted iterations
load-k6-1  | fspiopTransfers   [  25% ] 20/20 VUs  1m22.0s/5m30.0s
load-k6-1  | 
load-k6-1  | 
load-k6-1  | running (1m23.0s), 20/20 VUs, 13361 complete and 0 interrupted iterations
load-k6-1  | fspiopTransfers   [  25% ] 20/20 VUs  1m23.0s/5m30.0s
load-k6-1  | 
load-k6-1  | 
load-k6-1  | running (1m24.0s), 20/20 VUs, 13550 complete and 0 interrupted iterations
load-k6-1  | fspiopTransfers   [  25% ] 20/20 VUs  1m24.0s/5m30.0s
load-k6-1  | 
load-k6-1  | 
load-k6-1  | running (1m25.0s), 20/20 VUs, 13737 complete and 0 interrupted iterations
load-k6-1  | fspiopTransfers   [  26% ] 20/20 VUs  1m25.0s/5m30.0s
load-k6-1  | 
load-k6-1  | 
load-k6-1  | running (1m26.0s), 20/20 VUs, 13911 complete and 0 interrupted iterations
load-k6-1  | fspiopTransfers   [  26% ] 20/20 VUs  1m26.0s/5m30.0s
load-k6-1  | 
load-k6-1  | 
load-k6-1  | running (1m27.0s), 20/20 VUs, 14093 complete and 0 interrupted iterations
load-k6-1  | fspiopTransfers   [  26% ] 20/20 VUs  1m27.0s/5m30.0s
load-k6-1  | 
load-k6-1  | 
load-k6-1  | running (1m28.0s), 20/20 VUs, 14289 complete and 0 interrupted iterations
load-k6-1  | fspiopTransfers   [  27% ] 20/20 VUs  1m28.0s/5m30.0s
load-k6-1  | 
load-k6-1  | 
load-k6-1  | running (1m29.0s), 20/20 VUs, 14483 complete and 0 interrupted iterations
load-k6-1  | fspiopTransfers   [  27% ] 20/20 VUs  1m29.0s/5m30.0s
load-k6-1  | 
load-k6-1  | 
load-k6-1  | running (1m30.0s), 20/20 VUs, 14679 complete and 0 interrupted iterations
load-k6-1  | fspiopTransfers   [  27% ] 20/20 VUs  1m30.0s/5m30.0s
load-k6-1  | 
load-k6-1  | 
load-k6-1  | running (1m31.0s), 20/20 VUs, 14857 complete and 0 interrupted iterations
load-k6-1  | fspiopTransfers   [  28% ] 20/20 VUs  1m31.0s/5m30.0s
load-k6-1  | 
load-k6-1  | 
load-k6-1  | running (1m32.0s), 20/20 VUs, 15042 complete and 0 interrupted iterations
load-k6-1  | fspiopTransfers   [  28% ] 20/20 VUs  1m32.0s/5m30.0s
load-k6-1  | 
load-k6-1  | 
load-k6-1  | running (1m33.0s), 20/20 VUs, 15223 complete and 0 interrupted iterations
load-k6-1  | fspiopTransfers   [  28% ] 20/20 VUs  1m33.0s/5m30.0s
load-k6-1  | 
load-k6-1  | 
load-k6-1  | running (1m34.0s), 20/20 VUs, 15420 complete and 0 interrupted iterations
load-k6-1  | fspiopTransfers   [  28% ] 20/20 VUs  1m34.0s/5m30.0s
load-k6-1  | 
load-k6-1  | 
load-k6-1  | running (1m35.0s), 20/20 VUs, 15605 complete and 0 interrupted iterations
load-k6-1  | fspiopTransfers   [  29% ] 20/20 VUs  1m35.0s/5m30.0s
load-k6-1  | 
load-k6-1  | 
load-k6-1  | running (1m36.0s), 20/20 VUs, 15786 complete and 0 interrupted iterations
load-k6-1  | fspiopTransfers   [  29% ] 20/20 VUs  1m36.0s/5m30.0s
load-k6-1  | 
load-k6-1  | 
load-k6-1  | running (1m37.0s), 20/20 VUs, 15977 complete and 0 interrupted iterations
load-k6-1  | fspiopTransfers   [  29% ] 20/20 VUs  1m37.0s/5m30.0s
load-k6-1  | 
load-k6-1  | 
load-k6-1  | running (1m38.0s), 20/20 VUs, 16169 complete and 0 interrupted iterations
load-k6-1  | fspiopTransfers   [  30% ] 20/20 VUs  1m38.0s/5m30.0s
load-k6-1  | 
load-k6-1  | 
load-k6-1  | running (1m39.0s), 20/20 VUs, 16351 complete and 0 interrupted iterations
load-k6-1  | fspiopTransfers   [  30% ] 20/20 VUs  1m39.0s/5m30.0s
load-k6-1  | 
load-k6-1  | 
load-k6-1  | running (1m40.0s), 20/20 VUs, 16546 complete and 0 interrupted iterations
load-k6-1  | fspiopTransfers   [  30% ] 20/20 VUs  1m40.0s/5m30.0s
load-k6-1  | 
load-k6-1  | 
load-k6-1  | running (1m41.0s), 20/20 VUs, 16723 complete and 0 interrupted iterations
load-k6-1  | fspiopTransfers   [  31% ] 20/20 VUs  1m41.0s/5m30.0s
load-k6-1  | 
load-k6-1  | 
load-k6-1  | running (1m42.0s), 20/20 VUs, 16917 complete and 0 interrupted iterations
load-k6-1  | fspiopTransfers   [  31% ] 20/20 VUs  1m42.0s/5m30.0s
load-k6-1  | 
load-k6-1  | 
load-k6-1  | running (1m43.0s), 20/20 VUs, 17098 complete and 0 interrupted iterations
load-k6-1  | fspiopTransfers   [  31% ] 20/20 VUs  1m43.0s/5m30.0s
load-k6-1  | 
load-k6-1  | 
load-k6-1  | running (1m44.0s), 20/20 VUs, 17297 complete and 0 interrupted iterations
load-k6-1  | fspiopTransfers   [  32% ] 20/20 VUs  1m44.0s/5m30.0s
load-k6-1  | 
load-k6-1  | 
load-k6-1  | running (1m45.0s), 20/20 VUs, 17480 complete and 0 interrupted iterations
load-k6-1  | fspiopTransfers   [  32% ] 20/20 VUs  1m45.0s/5m30.0s
load-k6-1  | 
load-k6-1  | 
load-k6-1  | running (1m46.0s), 20/20 VUs, 17672 complete and 0 interrupted iterations
load-k6-1  | fspiopTransfers   [  32% ] 20/20 VUs  1m46.0s/5m30.0s
load-k6-1  | 
load-k6-1  | 
load-k6-1  | running (1m47.0s), 20/20 VUs, 17867 complete and 0 interrupted iterations
load-k6-1  | fspiopTransfers   [  32% ] 20/20 VUs  1m47.0s/5m30.0s
load-k6-1  | 
load-k6-1  | 
load-k6-1  | running (1m48.0s), 20/20 VUs, 18058 complete and 0 interrupted iterations
load-k6-1  | fspiopTransfers   [  33% ] 20/20 VUs  1m48.0s/5m30.0s
load-k6-1  | 
load-k6-1  | 
load-k6-1  | running (1m49.0s), 20/20 VUs, 18252 complete and 0 interrupted iterations
load-k6-1  | fspiopTransfers   [  33% ] 20/20 VUs  1m49.0s/5m30.0s
load-k6-1  | 
load-k6-1  | 
load-k6-1  | running (1m50.0s), 20/20 VUs, 18439 complete and 0 interrupted iterations
load-k6-1  | fspiopTransfers   [  33% ] 20/20 VUs  1m50.0s/5m30.0s
load-k6-1  | 
load-k6-1  | 
load-k6-1  | running (1m51.0s), 20/20 VUs, 18636 complete and 0 interrupted iterations
load-k6-1  | fspiopTransfers   [  34% ] 20/20 VUs  1m51.0s/5m30.0s
load-k6-1  | 
load-k6-1  | 
load-k6-1  | running (1m52.0s), 20/20 VUs, 18821 complete and 0 interrupted iterations
load-k6-1  | fspiopTransfers   [  34% ] 20/20 VUs  1m52.0s/5m30.0s
load-k6-1  | 
load-k6-1  | 
load-k6-1  | running (1m53.0s), 20/20 VUs, 19013 complete and 0 interrupted iterations
load-k6-1  | fspiopTransfers   [  34% ] 20/20 VUs  1m53.0s/5m30.0s
load-k6-1  | 
load-k6-1  | 
load-k6-1  | running (1m54.0s), 20/20 VUs, 19204 complete and 0 interrupted iterations
load-k6-1  | fspiopTransfers   [  35% ] 20/20 VUs  1m54.0s/5m30.0s
load-k6-1  | 
load-k6-1  | 
load-k6-1  | running (1m55.0s), 20/20 VUs, 19391 complete and 0 interrupted iterations
load-k6-1  | fspiopTransfers   [  35% ] 20/20 VUs  1m55.0s/5m30.0s
load-k6-1  | 
load-k6-1  | 
load-k6-1  | running (1m56.0s), 20/20 VUs, 19585 complete and 0 interrupted iterations
load-k6-1  | fspiopTransfers   [  35% ] 20/20 VUs  1m56.0s/5m30.0s
load-k6-1  | 
load-k6-1  | 
load-k6-1  | running (1m57.0s), 20/20 VUs, 19774 complete and 0 interrupted iterations
load-k6-1  | fspiopTransfers   [  35% ] 20/20 VUs  1m57.0s/5m30.0s
load-k6-1  | 
load-k6-1  | 
load-k6-1  | running (1m58.0s), 20/20 VUs, 19968 complete and 0 interrupted iterations
load-k6-1  | fspiopTransfers   [  36% ] 20/20 VUs  1m58.0s/5m30.0s
load-k6-1  | 
load-k6-1  | 
load-k6-1  | running (1m59.0s), 20/20 VUs, 20166 complete and 0 interrupted iterations
load-k6-1  | fspiopTransfers   [  36% ] 20/20 VUs  1m59.0s/5m30.0s
load-k6-1  | 
load-k6-1  | 
load-k6-1  | running (2m00.0s), 20/20 VUs, 20369 complete and 0 interrupted iterations
load-k6-1  | fspiopTransfers   [  36% ] 20/20 VUs  2m00.0s/5m30.0s
load-k6-1  | 
load-k6-1  | 
load-k6-1  | running (2m01.0s), 20/20 VUs, 20562 complete and 0 interrupted iterations
load-k6-1  | fspiopTransfers   [  37% ] 20/20 VUs  2m01.0s/5m30.0s
load-k6-1  | 
load-k6-1  | 
load-k6-1  | running (2m02.0s), 20/20 VUs, 20763 complete and 0 interrupted iterations
load-k6-1  | fspiopTransfers   [  37% ] 20/20 VUs  2m02.0s/5m30.0s
load-k6-1  | 
load-k6-1  | 
load-k6-1  | running (2m03.0s), 20/20 VUs, 20964 complete and 0 interrupted iterations
load-k6-1  | fspiopTransfers   [  37% ] 20/20 VUs  2m03.0s/5m30.0s
load-k6-1  | 
load-k6-1  | 
load-k6-1  | running (2m04.0s), 20/20 VUs, 21154 complete and 0 interrupted iterations
load-k6-1  | fspiopTransfers   [  38% ] 20/20 VUs  2m04.0s/5m30.0s
load-k6-1  | 
load-k6-1  | 
load-k6-1  | running (2m05.0s), 20/20 VUs, 21340 complete and 0 interrupted iterations
load-k6-1  | fspiopTransfers   [  38% ] 20/20 VUs  2m05.0s/5m30.0s
load-k6-1  | 
load-k6-1  | 
load-k6-1  | running (2m06.0s), 20/20 VUs, 21538 complete and 0 interrupted iterations
load-k6-1  | fspiopTransfers   [  38% ] 20/20 VUs  2m06.0s/5m30.0s
load-k6-1  | 
load-k6-1  | 
load-k6-1  | running (2m07.0s), 20/20 VUs, 21736 complete and 0 interrupted iterations
load-k6-1  | fspiopTransfers   [  38% ] 20/20 VUs  2m07.0s/5m30.0s
load-k6-1  | 
load-k6-1  | 
load-k6-1  | running (2m08.0s), 20/20 VUs, 21937 complete and 0 interrupted iterations
load-k6-1  | fspiopTransfers   [  39% ] 20/20 VUs  2m08.0s/5m30.0s
load-k6-1  | 
load-k6-1  | 
load-k6-1  | running (2m09.0s), 20/20 VUs, 22131 complete and 0 interrupted iterations
load-k6-1  | fspiopTransfers   [  39% ] 20/20 VUs  2m09.0s/5m30.0s
load-k6-1  | 
load-k6-1  | 
load-k6-1  | running (2m10.0s), 20/20 VUs, 22322 complete and 0 interrupted iterations
load-k6-1  | fspiopTransfers   [  39% ] 20/20 VUs  2m10.0s/5m30.0s
load-k6-1  | 
load-k6-1  | 
load-k6-1  | running (2m11.0s), 20/20 VUs, 22497 complete and 0 interrupted iterations
load-k6-1  | fspiopTransfers   [  40% ] 20/20 VUs  2m11.0s/5m30.0s
load-k6-1  | 
load-k6-1  | 
load-k6-1  | running (2m12.0s), 20/20 VUs, 22692 complete and 0 interrupted iterations
load-k6-1  | fspiopTransfers   [  40% ] 20/20 VUs  2m12.0s/5m30.0s
load-k6-1  | 
load-k6-1  | 
load-k6-1  | running (2m13.0s), 20/20 VUs, 22891 complete and 0 interrupted iterations
load-k6-1  | fspiopTransfers   [  40% ] 20/20 VUs  2m13.0s/5m30.0s
load-k6-1  | 
load-k6-1  | 
load-k6-1  | running (2m14.0s), 20/20 VUs, 23089 complete and 0 interrupted iterations
load-k6-1  | fspiopTransfers   [  41% ] 20/20 VUs  2m14.0s/5m30.0s
load-k6-1  | 
load-k6-1  | 
load-k6-1  | running (2m15.0s), 20/20 VUs, 23283 complete and 0 interrupted iterations
load-k6-1  | fspiopTransfers   [  41% ] 20/20 VUs  2m15.0s/5m30.0s
load-k6-1  | 
load-k6-1  | 
load-k6-1  | running (2m16.0s), 20/20 VUs, 23476 complete and 0 interrupted iterations
load-k6-1  | fspiopTransfers   [  41% ] 20/20 VUs  2m16.0s/5m30.0s
load-k6-1  | 
load-k6-1  | 
load-k6-1  | running (2m17.0s), 20/20 VUs, 23672 complete and 0 interrupted iterations
load-k6-1  | fspiopTransfers   [  42% ] 20/20 VUs  2m17.0s/5m30.0s
load-k6-1  | 
load-k6-1  | 
load-k6-1  | running (2m18.0s), 20/20 VUs, 23870 complete and 0 interrupted iterations
load-k6-1  | fspiopTransfers   [  42% ] 20/20 VUs  2m18.0s/5m30.0s
load-k6-1  | 
load-k6-1  | 
load-k6-1  | running (2m19.0s), 20/20 VUs, 24079 complete and 0 interrupted iterations
load-k6-1  | fspiopTransfers   [  42% ] 20/20 VUs  2m19.0s/5m30.0s
load-k6-1  | 
load-k6-1  | 
load-k6-1  | running (2m20.0s), 20/20 VUs, 24281 complete and 0 interrupted iterations
load-k6-1  | fspiopTransfers   [  42% ] 20/20 VUs  2m20.0s/5m30.0s
load-k6-1  | 
load-k6-1  | 
load-k6-1  | running (2m21.0s), 20/20 VUs, 24470 complete and 0 interrupted iterations
load-k6-1  | fspiopTransfers   [  43% ] 20/20 VUs  2m21.0s/5m30.0s
load-k6-1  | 
load-k6-1  | 
load-k6-1  | running (2m22.0s), 20/20 VUs, 24662 complete and 0 interrupted iterations
load-k6-1  | fspiopTransfers   [  43% ] 20/20 VUs  2m22.0s/5m30.0s
load-k6-1  | 
load-k6-1  | 
load-k6-1  | running (2m23.0s), 20/20 VUs, 24856 complete and 0 interrupted iterations
load-k6-1  | fspiopTransfers   [  43% ] 20/20 VUs  2m23.0s/5m30.0s
load-k6-1  | 
load-k6-1  | 
load-k6-1  | running (2m24.0s), 20/20 VUs, 25057 complete and 0 interrupted iterations
load-k6-1  | fspiopTransfers   [  44% ] 20/20 VUs  2m24.0s/5m30.0s
load-k6-1  | 
load-k6-1  | 
load-k6-1  | running (2m25.0s), 20/20 VUs, 25249 complete and 0 interrupted iterations
load-k6-1  | fspiopTransfers   [  44% ] 20/20 VUs  2m25.0s/5m30.0s
load-k6-1  | 
load-k6-1  | 
load-k6-1  | running (2m26.0s), 20/20 VUs, 25440 complete and 0 interrupted iterations
load-k6-1  | fspiopTransfers   [  44% ] 20/20 VUs  2m26.0s/5m30.0s
load-k6-1  | 
load-k6-1  | 
load-k6-1  | running (2m27.0s), 20/20 VUs, 25642 complete and 0 interrupted iterations
load-k6-1  | fspiopTransfers   [  45% ] 20/20 VUs  2m27.0s/5m30.0s
load-k6-1  | 
load-k6-1  | 
load-k6-1  | running (2m28.0s), 20/20 VUs, 25839 complete and 0 interrupted iterations
load-k6-1  | fspiopTransfers   [  45% ] 20/20 VUs  2m28.0s/5m30.0s
load-k6-1  | 
load-k6-1  | 
load-k6-1  | running (2m29.0s), 20/20 VUs, 26042 complete and 0 interrupted iterations
load-k6-1  | fspiopTransfers   [  45% ] 20/20 VUs  2m29.0s/5m30.0s
load-k6-1  | 
load-k6-1  | 
load-k6-1  | running (2m30.0s), 20/20 VUs, 26239 complete and 0 interrupted iterations
load-k6-1  | fspiopTransfers   [  45% ] 20/20 VUs  2m30.0s/5m30.0s
load-k6-1  | 
load-k6-1  | 
load-k6-1  | running (2m31.0s), 20/20 VUs, 26435 complete and 0 interrupted iterations
load-k6-1  | fspiopTransfers   [  46% ] 20/20 VUs  2m31.0s/5m30.0s
load-k6-1  | 
load-k6-1  | 
load-k6-1  | running (2m32.0s), 20/20 VUs, 26632 complete and 0 interrupted iterations
load-k6-1  | fspiopTransfers   [  46% ] 20/20 VUs  2m32.0s/5m30.0s
load-k6-1  | 
load-k6-1  | 
load-k6-1  | running (2m33.0s), 20/20 VUs, 26838 complete and 0 interrupted iterations
load-k6-1  | fspiopTransfers   [  46% ] 20/20 VUs  2m33.0s/5m30.0s
load-k6-1  | 
load-k6-1  | 
load-k6-1  | running (2m34.0s), 20/20 VUs, 27032 complete and 0 interrupted iterations
load-k6-1  | fspiopTransfers   [  47% ] 20/20 VUs  2m34.0s/5m30.0s
load-k6-1  | 
load-k6-1  | 
load-k6-1  | running (2m35.0s), 20/20 VUs, 27225 complete and 0 interrupted iterations
load-k6-1  | fspiopTransfers   [  47% ] 20/20 VUs  2m35.0s/5m30.0s
load-k6-1  | 
load-k6-1  | 
load-k6-1  | running (2m36.0s), 20/20 VUs, 27420 complete and 0 interrupted iterations
load-k6-1  | fspiopTransfers   [  47% ] 20/20 VUs  2m36.0s/5m30.0s
load-k6-1  | 
load-k6-1  | 
load-k6-1  | running (2m37.0s), 20/20 VUs, 27616 complete and 0 interrupted iterations
load-k6-1  | fspiopTransfers   [  48% ] 20/20 VUs  2m37.0s/5m30.0s
load-k6-1  | 
load-k6-1  | 
load-k6-1  | running (2m38.0s), 20/20 VUs, 27813 complete and 0 interrupted iterations
load-k6-1  | fspiopTransfers   [  48% ] 20/20 VUs  2m38.0s/5m30.0s
load-k6-1  | 
load-k6-1  | 
load-k6-1  | running (2m39.0s), 20/20 VUs, 28015 complete and 0 interrupted iterations
load-k6-1  | fspiopTransfers   [  48% ] 20/20 VUs  2m39.0s/5m30.0s
load-k6-1  | 
load-k6-1  | 
load-k6-1  | running (2m40.0s), 20/20 VUs, 28211 complete and 0 interrupted iterations
load-k6-1  | fspiopTransfers   [  48% ] 20/20 VUs  2m40.0s/5m30.0s
load-k6-1  | 
load-k6-1  | 
load-k6-1  | running (2m41.0s), 20/20 VUs, 28409 complete and 0 interrupted iterations
load-k6-1  | fspiopTransfers   [  49% ] 20/20 VUs  2m41.0s/5m30.0s
load-k6-1  | 
load-k6-1  | 
load-k6-1  | running (2m42.0s), 20/20 VUs, 28602 complete and 0 interrupted iterations
load-k6-1  | fspiopTransfers   [  49% ] 20/20 VUs  2m42.0s/5m30.0s
load-k6-1  | 
load-k6-1  | 
load-k6-1  | running (2m43.0s), 20/20 VUs, 28781 complete and 0 interrupted iterations
load-k6-1  | fspiopTransfers   [  49% ] 20/20 VUs  2m43.0s/5m30.0s
load-k6-1  | 
load-k6-1  | 
load-k6-1  | running (2m44.0s), 20/20 VUs, 28972 complete and 0 interrupted iterations
load-k6-1  | fspiopTransfers   [  50% ] 20/20 VUs  2m44.0s/5m30.0s
load-k6-1  | 
load-k6-1  | 
load-k6-1  | running (2m45.0s), 20/20 VUs, 29160 complete and 0 interrupted iterations
load-k6-1  | fspiopTransfers   [  50% ] 20/20 VUs  2m45.0s/5m30.0s
load-k6-1  | 
load-k6-1  | 
load-k6-1  | running (2m46.0s), 20/20 VUs, 29359 complete and 0 interrupted iterations
load-k6-1  | fspiopTransfers   [  50% ] 20/20 VUs  2m46.0s/5m30.0s
load-k6-1  | 
load-k6-1  | 
load-k6-1  | running (2m47.0s), 20/20 VUs, 29554 complete and 0 interrupted iterations
load-k6-1  | fspiopTransfers   [  51% ] 20/20 VUs  2m47.0s/5m30.0s
load-k6-1  | 
load-k6-1  | 
load-k6-1  | running (2m48.0s), 20/20 VUs, 29759 complete and 0 interrupted iterations
load-k6-1  | fspiopTransfers   [  51% ] 20/20 VUs  2m48.0s/5m30.0s
load-k6-1  | 
load-k6-1  | 
load-k6-1  | running (2m49.0s), 20/20 VUs, 29954 complete and 0 interrupted iterations
load-k6-1  | fspiopTransfers   [  51% ] 20/20 VUs  2m49.0s/5m30.0s
load-k6-1  | 
load-k6-1  | 
load-k6-1  | running (2m50.0s), 20/20 VUs, 30150 complete and 0 interrupted iterations
load-k6-1  | fspiopTransfers   [  52% ] 20/20 VUs  2m50.0s/5m30.0s
load-k6-1  | 
load-k6-1  | 
load-k6-1  | running (2m51.0s), 20/20 VUs, 30325 complete and 0 interrupted iterations
load-k6-1  | fspiopTransfers   [  52% ] 20/20 VUs  2m51.0s/5m30.0s
load-k6-1  | 
load-k6-1  | 
load-k6-1  | running (2m52.0s), 20/20 VUs, 30523 complete and 0 interrupted iterations
load-k6-1  | fspiopTransfers   [  52% ] 20/20 VUs  2m52.0s/5m30.0s
load-k6-1  | 
load-k6-1  | 
load-k6-1  | running (2m53.0s), 20/20 VUs, 30717 complete and 0 interrupted iterations
load-k6-1  | fspiopTransfers   [  52% ] 20/20 VUs  2m53.0s/5m30.0s
load-k6-1  | 
load-k6-1  | 
load-k6-1  | running (2m54.0s), 20/20 VUs, 30912 complete and 0 interrupted iterations
load-k6-1  | fspiopTransfers   [  53% ] 20/20 VUs  2m54.0s/5m30.0s
load-k6-1  | 
load-k6-1  | 
load-k6-1  | running (2m55.0s), 20/20 VUs, 31103 complete and 0 interrupted iterations
load-k6-1  | fspiopTransfers   [  53% ] 20/20 VUs  2m55.0s/5m30.0s
load-k6-1  | 
load-k6-1  | 
load-k6-1  | running (2m56.0s), 20/20 VUs, 31303 complete and 0 interrupted iterations
load-k6-1  | fspiopTransfers   [  53% ] 20/20 VUs  2m56.0s/5m30.0s
load-k6-1  | 
load-k6-1  | 
load-k6-1  | running (2m57.0s), 20/20 VUs, 31493 complete and 0 interrupted iterations
load-k6-1  | fspiopTransfers   [  54% ] 20/20 VUs  2m57.0s/5m30.0s
load-k6-1  | 
load-k6-1  | 
load-k6-1  | running (2m58.0s), 20/20 VUs, 31676 complete and 0 interrupted iterations
load-k6-1  | fspiopTransfers   [  54% ] 20/20 VUs  2m58.0s/5m30.0s
load-k6-1  | 
load-k6-1  | 
load-k6-1  | running (2m59.0s), 20/20 VUs, 31877 complete and 0 interrupted iterations
load-k6-1  | fspiopTransfers   [  54% ] 20/20 VUs  2m59.0s/5m30.0s
load-k6-1  | 
load-k6-1  | 
load-k6-1  | running (3m00.0s), 20/20 VUs, 32074 complete and 0 interrupted iterations
load-k6-1  | fspiopTransfers   [  55% ] 20/20 VUs  3m00.0s/5m30.0s
load-k6-1  | 
load-k6-1  | 
load-k6-1  | running (3m01.0s), 20/20 VUs, 32266 complete and 0 interrupted iterations
load-k6-1  | fspiopTransfers   [  55% ] 20/20 VUs  3m01.0s/5m30.0s
load-k6-1  | 
load-k6-1  | 
load-k6-1  | running (3m02.0s), 20/20 VUs, 32455 complete and 0 interrupted iterations
load-k6-1  | fspiopTransfers   [  55% ] 20/20 VUs  3m02.0s/5m30.0s
load-k6-1  | 
load-k6-1  | 
load-k6-1  | running (3m03.0s), 20/20 VUs, 32654 complete and 0 interrupted iterations
load-k6-1  | fspiopTransfers   [  55% ] 20/20 VUs  3m03.0s/5m30.0s
load-k6-1  | 
load-k6-1  | 
load-k6-1  | running (3m04.0s), 20/20 VUs, 32856 complete and 0 interrupted iterations
load-k6-1  | fspiopTransfers   [  56% ] 20/20 VUs  3m04.0s/5m30.0s
load-k6-1  | 
load-k6-1  | 
load-k6-1  | running (3m05.0s), 20/20 VUs, 33054 complete and 0 interrupted iterations
load-k6-1  | fspiopTransfers   [  56% ] 20/20 VUs  3m05.0s/5m30.0s
load-k6-1  | 
load-k6-1  | 
load-k6-1  | running (3m06.0s), 20/20 VUs, 33243 complete and 0 interrupted iterations
load-k6-1  | fspiopTransfers   [  56% ] 20/20 VUs  3m06.0s/5m30.0s
load-k6-1  | 
load-k6-1  | 
load-k6-1  | running (3m07.0s), 20/20 VUs, 33440 complete and 0 interrupted iterations
load-k6-1  | fspiopTransfers   [  57% ] 20/20 VUs  3m07.0s/5m30.0s
load-k6-1  | 
load-k6-1  | 
load-k6-1  | running (3m08.0s), 20/20 VUs, 33639 complete and 0 interrupted iterations
load-k6-1  | fspiopTransfers   [  57% ] 20/20 VUs  3m08.0s/5m30.0s
load-k6-1  | 
load-k6-1  | 
load-k6-1  | running (3m09.0s), 20/20 VUs, 33835 complete and 0 interrupted iterations
load-k6-1  | fspiopTransfers   [  57% ] 20/20 VUs  3m09.0s/5m30.0s
load-k6-1  | 
load-k6-1  | 
load-k6-1  | running (3m10.0s), 20/20 VUs, 34032 complete and 0 interrupted iterations
load-k6-1  | fspiopTransfers   [  58% ] 20/20 VUs  3m10.0s/5m30.0s
load-k6-1  | 
load-k6-1  | 
load-k6-1  | running (3m11.0s), 20/20 VUs, 34225 complete and 0 interrupted iterations
load-k6-1  | fspiopTransfers   [  58% ] 20/20 VUs  3m11.0s/5m30.0s
load-k6-1  | 
load-k6-1  | 
load-k6-1  | running (3m12.0s), 20/20 VUs, 34425 complete and 0 interrupted iterations
load-k6-1  | fspiopTransfers   [  58% ] 20/20 VUs  3m12.0s/5m30.0s
load-k6-1  | 
load-k6-1  | 
load-k6-1  | running (3m13.0s), 20/20 VUs, 34612 complete and 0 interrupted iterations
load-k6-1  | fspiopTransfers   [  58% ] 20/20 VUs  3m13.0s/5m30.0s
load-k6-1  | 
load-k6-1  | 
load-k6-1  | running (3m14.0s), 20/20 VUs, 34807 complete and 0 interrupted iterations
load-k6-1  | fspiopTransfers   [  59% ] 20/20 VUs  3m14.0s/5m30.0s
load-k6-1  | 
load-k6-1  | 
load-k6-1  | running (3m15.0s), 20/20 VUs, 34972 complete and 0 interrupted iterations
load-k6-1  | fspiopTransfers   [  59% ] 20/20 VUs  3m15.0s/5m30.0s
load-k6-1  | 
load-k6-1  | 
load-k6-1  | running (3m16.0s), 20/20 VUs, 35159 complete and 0 interrupted iterations
load-k6-1  | fspiopTransfers   [  59% ] 20/20 VUs  3m16.0s/5m30.0s
load-k6-1  | 
load-k6-1  | 
load-k6-1  | running (3m17.0s), 20/20 VUs, 35359 complete and 0 interrupted iterations
load-k6-1  | fspiopTransfers   [  60% ] 20/20 VUs  3m17.0s/5m30.0s
load-k6-1  | 
load-k6-1  | 
load-k6-1  | running (3m18.0s), 20/20 VUs, 35561 complete and 0 interrupted iterations
load-k6-1  | fspiopTransfers   [  60% ] 20/20 VUs  3m18.0s/5m30.0s
load-k6-1  | 
load-k6-1  | 
load-k6-1  | running (3m19.0s), 20/20 VUs, 35757 complete and 0 interrupted iterations
load-k6-1  | fspiopTransfers   [  60% ] 20/20 VUs  3m19.0s/5m30.0s
load-k6-1  | 
load-k6-1  | 
load-k6-1  | running (3m20.0s), 20/20 VUs, 35953 complete and 0 interrupted iterations
load-k6-1  | fspiopTransfers   [  61% ] 20/20 VUs  3m20.0s/5m30.0s
load-k6-1  | 
load-k6-1  | 
load-k6-1  | running (3m21.0s), 20/20 VUs, 36148 complete and 0 interrupted iterations
load-k6-1  | fspiopTransfers   [  61% ] 20/20 VUs  3m21.0s/5m30.0s
load-k6-1  | 
load-k6-1  | 
load-k6-1  | running (3m22.0s), 20/20 VUs, 36347 complete and 0 interrupted iterations
load-k6-1  | fspiopTransfers   [  61% ] 20/20 VUs  3m22.0s/5m30.0s
load-k6-1  | 
load-k6-1  | 
load-k6-1  | running (3m23.0s), 20/20 VUs, 36531 complete and 0 interrupted iterations
load-k6-1  | fspiopTransfers   [  62% ] 20/20 VUs  3m23.0s/5m30.0s
load-k6-1  | 
load-k6-1  | 
load-k6-1  | running (3m24.0s), 20/20 VUs, 36728 complete and 0 interrupted iterations
load-k6-1  | fspiopTransfers   [  62% ] 20/20 VUs  3m24.0s/5m30.0s
load-k6-1  | 
load-k6-1  | 
load-k6-1  | running (3m25.0s), 20/20 VUs, 36921 complete and 0 interrupted iterations
load-k6-1  | fspiopTransfers   [  62% ] 20/20 VUs  3m25.0s/5m30.0s
load-k6-1  | 
load-k6-1  | 
load-k6-1  | running (3m26.0s), 20/20 VUs, 37107 complete and 0 interrupted iterations
load-k6-1  | fspiopTransfers   [  62% ] 20/20 VUs  3m26.0s/5m30.0s
load-k6-1  | 
load-k6-1  | 
load-k6-1  | running (3m27.0s), 20/20 VUs, 37302 complete and 0 interrupted iterations
load-k6-1  | fspiopTransfers   [  63% ] 20/20 VUs  3m27.0s/5m30.0s
load-k6-1  | 
load-k6-1  | 
load-k6-1  | running (3m28.0s), 20/20 VUs, 37488 complete and 0 interrupted iterations
load-k6-1  | fspiopTransfers   [  63% ] 20/20 VUs  3m28.0s/5m30.0s
load-k6-1  | 
load-k6-1  | 
load-k6-1  | running (3m29.0s), 20/20 VUs, 37685 complete and 0 interrupted iterations
load-k6-1  | fspiopTransfers   [  63% ] 20/20 VUs  3m29.0s/5m30.0s
load-k6-1  | 
load-k6-1  | 
load-k6-1  | running (3m30.0s), 20/20 VUs, 37883 complete and 0 interrupted iterations
load-k6-1  | fspiopTransfers   [  64% ] 20/20 VUs  3m30.0s/5m30.0s
load-k6-1  | 
load-k6-1  | 
load-k6-1  | running (3m31.0s), 20/20 VUs, 38080 complete and 0 interrupted iterations
load-k6-1  | fspiopTransfers   [  64% ] 20/20 VUs  3m31.0s/5m30.0s
load-k6-1  | 
load-k6-1  | 
load-k6-1  | running (3m32.0s), 20/20 VUs, 38268 complete and 0 interrupted iterations
load-k6-1  | fspiopTransfers   [  64% ] 20/20 VUs  3m32.0s/5m30.0s
load-k6-1  | 
load-k6-1  | 
load-k6-1  | running (3m33.0s), 20/20 VUs, 38466 complete and 0 interrupted iterations
load-k6-1  | fspiopTransfers   [  65% ] 20/20 VUs  3m33.0s/5m30.0s
load-k6-1  | 
load-k6-1  | 
load-k6-1  | running (3m34.0s), 20/20 VUs, 38650 complete and 0 interrupted iterations
load-k6-1  | fspiopTransfers   [  65% ] 20/20 VUs  3m34.0s/5m30.0s
load-k6-1  | 
load-k6-1  | 
load-k6-1  | running (3m35.0s), 20/20 VUs, 38839 complete and 0 interrupted iterations
load-k6-1  | fspiopTransfers   [  65% ] 20/20 VUs  3m35.0s/5m30.0s
load-k6-1  | 
load-k6-1  | 
load-k6-1  | running (3m36.0s), 20/20 VUs, 39033 complete and 0 interrupted iterations
load-k6-1  | fspiopTransfers   [  65% ] 20/20 VUs  3m36.0s/5m30.0s
load-k6-1  | 
load-k6-1  | 
load-k6-1  | running (3m37.0s), 20/20 VUs, 39229 complete and 0 interrupted iterations
load-k6-1  | fspiopTransfers   [  66% ] 20/20 VUs  3m37.0s/5m30.0s
load-k6-1  | 
load-k6-1  | 
load-k6-1  | running (3m38.0s), 20/20 VUs, 39430 complete and 0 interrupted iterations
load-k6-1  | fspiopTransfers   [  66% ] 20/20 VUs  3m38.0s/5m30.0s
load-k6-1  | 
load-k6-1  | 
load-k6-1  | running (3m39.0s), 20/20 VUs, 39625 complete and 0 interrupted iterations
load-k6-1  | fspiopTransfers   [  66% ] 20/20 VUs  3m39.0s/5m30.0s
load-k6-1  | 
load-k6-1  | 
load-k6-1  | running (3m40.0s), 20/20 VUs, 39816 complete and 0 interrupted iterations
load-k6-1  | fspiopTransfers   [  67% ] 20/20 VUs  3m40.0s/5m30.0s
load-k6-1  | 
load-k6-1  | 
load-k6-1  | running (3m41.0s), 20/20 VUs, 40004 complete and 0 interrupted iterations
load-k6-1  | fspiopTransfers   [  67% ] 20/20 VUs  3m41.0s/5m30.0s
load-k6-1  | 
load-k6-1  | 
load-k6-1  | running (3m42.0s), 20/20 VUs, 40195 complete and 0 interrupted iterations
load-k6-1  | fspiopTransfers   [  67% ] 20/20 VUs  3m42.0s/5m30.0s
load-k6-1  | 
load-k6-1  | 
load-k6-1  | running (3m43.0s), 20/20 VUs, 40394 complete and 0 interrupted iterations
load-k6-1  | fspiopTransfers   [  68% ] 20/20 VUs  3m43.0s/5m30.0s
load-k6-1  | 
load-k6-1  | 
load-k6-1  | running (3m44.0s), 20/20 VUs, 40588 complete and 0 interrupted iterations
load-k6-1  | fspiopTransfers   [  68% ] 20/20 VUs  3m44.0s/5m30.0s
load-k6-1  | 
load-k6-1  | 
load-k6-1  | running (3m45.0s), 20/20 VUs, 40786 complete and 0 interrupted iterations
load-k6-1  | fspiopTransfers   [  68% ] 20/20 VUs  3m45.0s/5m30.0s
load-k6-1  | 
load-k6-1  | 
load-k6-1  | running (3m46.0s), 20/20 VUs, 40987 complete and 0 interrupted iterations
load-k6-1  | fspiopTransfers   [  68% ] 20/20 VUs  3m46.0s/5m30.0s
load-k6-1  | 
load-k6-1  | 
load-k6-1  | running (3m47.0s), 20/20 VUs, 41170 complete and 0 interrupted iterations
load-k6-1  | fspiopTransfers   [  69% ] 20/20 VUs  3m47.0s/5m30.0s
load-k6-1  | 
load-k6-1  | 
load-k6-1  | running (3m48.0s), 20/20 VUs, 41360 complete and 0 interrupted iterations
load-k6-1  | fspiopTransfers   [  69% ] 20/20 VUs  3m48.0s/5m30.0s
load-k6-1  | 
load-k6-1  | 
load-k6-1  | running (3m49.0s), 20/20 VUs, 41556 complete and 0 interrupted iterations
load-k6-1  | fspiopTransfers   [  69% ] 20/20 VUs  3m49.0s/5m30.0s
load-k6-1  | 
load-k6-1  | 
load-k6-1  | running (3m50.0s), 20/20 VUs, 41747 complete and 0 interrupted iterations
load-k6-1  | fspiopTransfers   [  70% ] 20/20 VUs  3m50.0s/5m30.0s
load-k6-1  | 
load-k6-1  | 
load-k6-1  | running (3m51.0s), 20/20 VUs, 41928 complete and 0 interrupted iterations
load-k6-1  | fspiopTransfers   [  70% ] 20/20 VUs  3m51.0s/5m30.0s
load-k6-1  | 
load-k6-1  | 
load-k6-1  | running (3m52.0s), 20/20 VUs, 42126 complete and 0 interrupted iterations
load-k6-1  | fspiopTransfers   [  70% ] 20/20 VUs  3m52.0s/5m30.0s
load-k6-1  | 
load-k6-1  | 
load-k6-1  | running (3m53.0s), 20/20 VUs, 42316 complete and 0 interrupted iterations
load-k6-1  | fspiopTransfers   [  71% ] 20/20 VUs  3m53.0s/5m30.0s
load-k6-1  | 
load-k6-1  | 
load-k6-1  | running (3m54.0s), 20/20 VUs, 42509 complete and 0 interrupted iterations
load-k6-1  | fspiopTransfers   [  71% ] 20/20 VUs  3m54.0s/5m30.0s
load-k6-1  | 
load-k6-1  | 
load-k6-1  | running (3m55.0s), 20/20 VUs, 42701 complete and 0 interrupted iterations
load-k6-1  | fspiopTransfers   [  71% ] 20/20 VUs  3m55.0s/5m30.0s
load-k6-1  | 
load-k6-1  | 
load-k6-1  | running (3m56.0s), 20/20 VUs, 42897 complete and 0 interrupted iterations
load-k6-1  | fspiopTransfers   [  72% ] 20/20 VUs  3m56.0s/5m30.0s
load-k6-1  | 
load-k6-1  | 
load-k6-1  | running (3m57.0s), 20/20 VUs, 43092 complete and 0 interrupted iterations
load-k6-1  | fspiopTransfers   [  72% ] 20/20 VUs  3m57.0s/5m30.0s
load-k6-1  | 
load-k6-1  | 
load-k6-1  | running (3m58.0s), 20/20 VUs, 43285 complete and 0 interrupted iterations
load-k6-1  | fspiopTransfers   [  72% ] 20/20 VUs  3m58.0s/5m30.0s
load-k6-1  | 
load-k6-1  | 
load-k6-1  | running (3m59.0s), 20/20 VUs, 43484 complete and 0 interrupted iterations
load-k6-1  | fspiopTransfers   [  72% ] 20/20 VUs  3m59.0s/5m30.0s
load-k6-1  | 
load-k6-1  | 
load-k6-1  | running (4m00.0s), 20/20 VUs, 43673 complete and 0 interrupted iterations
load-k6-1  | fspiopTransfers   [  73% ] 20/20 VUs  4m00.0s/5m30.0s
load-k6-1  | 
load-k6-1  | 
load-k6-1  | running (4m01.0s), 20/20 VUs, 43858 complete and 0 interrupted iterations
load-k6-1  | fspiopTransfers   [  73% ] 20/20 VUs  4m01.0s/5m30.0s
load-k6-1  | 
load-k6-1  | 
load-k6-1  | running (4m02.0s), 20/20 VUs, 44058 complete and 0 interrupted iterations
load-k6-1  | fspiopTransfers   [  73% ] 20/20 VUs  4m02.0s/5m30.0s
load-k6-1  | 
load-k6-1  | 
load-k6-1  | running (4m03.0s), 20/20 VUs, 44254 complete and 0 interrupted iterations
load-k6-1  | fspiopTransfers   [  74% ] 20/20 VUs  4m03.0s/5m30.0s
load-k6-1  | 
load-k6-1  | 
load-k6-1  | running (4m04.0s), 20/20 VUs, 44452 complete and 0 interrupted iterations
load-k6-1  | fspiopTransfers   [  74% ] 20/20 VUs  4m04.0s/5m30.0s
load-k6-1  | 
load-k6-1  | 
load-k6-1  | running (4m05.0s), 20/20 VUs, 44647 complete and 0 interrupted iterations
load-k6-1  | fspiopTransfers   [  74% ] 20/20 VUs  4m05.0s/5m30.0s
load-k6-1  | 
load-k6-1  | 
load-k6-1  | running (4m06.0s), 20/20 VUs, 44841 complete and 0 interrupted iterations
load-k6-1  | fspiopTransfers   [  75% ] 20/20 VUs  4m06.0s/5m30.0s
load-k6-1  | 
load-k6-1  | 
load-k6-1  | running (4m07.0s), 20/20 VUs, 45032 complete and 0 interrupted iterations
load-k6-1  | fspiopTransfers   [  75% ] 20/20 VUs  4m07.0s/5m30.0s
load-k6-1  | 
load-k6-1  | 
load-k6-1  | running (4m08.0s), 20/20 VUs, 45228 complete and 0 interrupted iterations
load-k6-1  | fspiopTransfers   [  75% ] 20/20 VUs  4m08.0s/5m30.0s
load-k6-1  | 
load-k6-1  | 
load-k6-1  | running (4m09.0s), 20/20 VUs, 45432 complete and 0 interrupted iterations
load-k6-1  | fspiopTransfers   [  75% ] 20/20 VUs  4m09.0s/5m30.0s
load-k6-1  | 
load-k6-1  | 
load-k6-1  | running (4m10.0s), 20/20 VUs, 45628 complete and 0 interrupted iterations
load-k6-1  | fspiopTransfers   [  76% ] 20/20 VUs  4m10.0s/5m30.0s
load-k6-1  | 
load-k6-1  | 
load-k6-1  | running (4m11.0s), 20/20 VUs, 45831 complete and 0 interrupted iterations
load-k6-1  | fspiopTransfers   [  76% ] 20/20 VUs  4m11.0s/5m30.0s
load-k6-1  | 
load-k6-1  | 
load-k6-1  | running (4m12.0s), 20/20 VUs, 46006 complete and 0 interrupted iterations
load-k6-1  | fspiopTransfers   [  76% ] 20/20 VUs  4m12.0s/5m30.0s
load-k6-1  | 
load-k6-1  | 
load-k6-1  | running (4m13.0s), 20/20 VUs, 46202 complete and 0 interrupted iterations
load-k6-1  | fspiopTransfers   [  77% ] 20/20 VUs  4m13.0s/5m30.0s
load-k6-1  | 
load-k6-1  | 
load-k6-1  | running (4m14.0s), 20/20 VUs, 46396 complete and 0 interrupted iterations
load-k6-1  | fspiopTransfers   [  77% ] 20/20 VUs  4m14.0s/5m30.0s
load-k6-1  | 
load-k6-1  | 
load-k6-1  | running (4m15.0s), 20/20 VUs, 46585 complete and 0 interrupted iterations
load-k6-1  | fspiopTransfers   [  77% ] 20/20 VUs  4m15.0s/5m30.0s
load-k6-1  | 
load-k6-1  | 
load-k6-1  | running (4m16.0s), 20/20 VUs, 46786 complete and 0 interrupted iterations
load-k6-1  | fspiopTransfers   [  78% ] 20/20 VUs  4m16.0s/5m30.0s
load-k6-1  | 
load-k6-1  | 
load-k6-1  | running (4m17.0s), 20/20 VUs, 46985 complete and 0 interrupted iterations
load-k6-1  | fspiopTransfers   [  78% ] 20/20 VUs  4m17.0s/5m30.0s
load-k6-1  | 
load-k6-1  | 
load-k6-1  | running (4m18.0s), 20/20 VUs, 47182 complete and 0 interrupted iterations
load-k6-1  | fspiopTransfers   [  78% ] 20/20 VUs  4m18.0s/5m30.0s
load-k6-1  | 
load-k6-1  | 
load-k6-1  | running (4m19.0s), 20/20 VUs, 47371 complete and 0 interrupted iterations
load-k6-1  | fspiopTransfers   [  78% ] 20/20 VUs  4m19.0s/5m30.0s
load-k6-1  | 
load-k6-1  | 
load-k6-1  | running (4m20.0s), 20/20 VUs, 47554 complete and 0 interrupted iterations
load-k6-1  | fspiopTransfers   [  79% ] 20/20 VUs  4m20.0s/5m30.0s
load-k6-1  | 
load-k6-1  | 
load-k6-1  | running (4m21.0s), 20/20 VUs, 47746 complete and 0 interrupted iterations
load-k6-1  | fspiopTransfers   [  79% ] 20/20 VUs  4m21.0s/5m30.0s
load-k6-1  | 
load-k6-1  | 
load-k6-1  | running (4m22.0s), 20/20 VUs, 47938 complete and 0 interrupted iterations
load-k6-1  | fspiopTransfers   [  79% ] 20/20 VUs  4m22.0s/5m30.0s
load-k6-1  | 
load-k6-1  | 
load-k6-1  | running (4m23.0s), 20/20 VUs, 48125 complete and 0 interrupted iterations
load-k6-1  | fspiopTransfers   [  80% ] 20/20 VUs  4m23.0s/5m30.0s
load-k6-1  | 
load-k6-1  | 
load-k6-1  | running (4m24.0s), 20/20 VUs, 48323 complete and 0 interrupted iterations
load-k6-1  | fspiopTransfers   [  80% ] 20/20 VUs  4m24.0s/5m30.0s
load-k6-1  | 
load-k6-1  | 
load-k6-1  | running (4m25.0s), 20/20 VUs, 48523 complete and 0 interrupted iterations
load-k6-1  | fspiopTransfers   [  80% ] 20/20 VUs  4m25.0s/5m30.0s
load-k6-1  | 
load-k6-1  | 
load-k6-1  | running (4m26.0s), 20/20 VUs, 48725 complete and 0 interrupted iterations
load-k6-1  | fspiopTransfers   [  81% ] 20/20 VUs  4m26.0s/5m30.0s
load-k6-1  | 
load-k6-1  | 
load-k6-1  | running (4m27.0s), 20/20 VUs, 48923 complete and 0 interrupted iterations
load-k6-1  | fspiopTransfers   [  81% ] 20/20 VUs  4m27.0s/5m30.0s
load-k6-1  | 
load-k6-1  | 
load-k6-1  | running (4m28.0s), 20/20 VUs, 49123 complete and 0 interrupted iterations
load-k6-1  | fspiopTransfers   [  81% ] 20/20 VUs  4m28.0s/5m30.0s
load-k6-1  | 
load-k6-1  | 
load-k6-1  | running (4m29.0s), 20/20 VUs, 49318 complete and 0 interrupted iterations
load-k6-1  | fspiopTransfers   [  82% ] 20/20 VUs  4m29.0s/5m30.0s
load-k6-1  | 
load-k6-1  | 
load-k6-1  | running (4m30.0s), 20/20 VUs, 49522 complete and 0 interrupted iterations
load-k6-1  | fspiopTransfers   [  82% ] 20/20 VUs  4m30.0s/5m30.0s
load-k6-1  | 
load-k6-1  | 
load-k6-1  | running (4m31.0s), 20/20 VUs, 49718 complete and 0 interrupted iterations
load-k6-1  | fspiopTransfers   [  82% ] 20/20 VUs  4m31.0s/5m30.0s
load-k6-1  | 
load-k6-1  | 
load-k6-1  | running (4m32.0s), 20/20 VUs, 49911 complete and 0 interrupted iterations
load-k6-1  | fspiopTransfers   [  82% ] 20/20 VUs  4m32.0s/5m30.0s
load-k6-1  | 
load-k6-1  | 
load-k6-1  | running (4m33.0s), 20/20 VUs, 50110 complete and 0 interrupted iterations
load-k6-1  | fspiopTransfers   [  83% ] 20/20 VUs  4m33.0s/5m30.0s
load-k6-1  | 
load-k6-1  | 
load-k6-1  | running (4m34.0s), 20/20 VUs, 50310 complete and 0 interrupted iterations
load-k6-1  | fspiopTransfers   [  83% ] 20/20 VUs  4m34.0s/5m30.0s
load-k6-1  | 
load-k6-1  | 
load-k6-1  | running (4m35.0s), 20/20 VUs, 50495 complete and 0 interrupted iterations
load-k6-1  | fspiopTransfers   [  83% ] 20/20 VUs  4m35.0s/5m30.0s
load-k6-1  | 
load-k6-1  | 
load-k6-1  | running (4m36.0s), 20/20 VUs, 50677 complete and 0 interrupted iterations
load-k6-1  | fspiopTransfers   [  84% ] 20/20 VUs  4m36.0s/5m30.0s
load-k6-1  | 
load-k6-1  | 
load-k6-1  | running (4m37.0s), 20/20 VUs, 50879 complete and 0 interrupted iterations
load-k6-1  | fspiopTransfers   [  84% ] 20/20 VUs  4m37.0s/5m30.0s
load-k6-1  | 
load-k6-1  | 
load-k6-1  | running (4m38.0s), 20/20 VUs, 51075 complete and 0 interrupted iterations
load-k6-1  | fspiopTransfers   [  84% ] 20/20 VUs  4m38.0s/5m30.0s
load-k6-1  | 
load-k6-1  | 
load-k6-1  | running (4m39.0s), 20/20 VUs, 51273 complete and 0 interrupted iterations
load-k6-1  | fspiopTransfers   [  85% ] 20/20 VUs  4m39.0s/5m30.0s
load-k6-1  | 
load-k6-1  | 
load-k6-1  | running (4m40.0s), 20/20 VUs, 51467 complete and 0 interrupted iterations
load-k6-1  | fspiopTransfers   [  85% ] 20/20 VUs  4m40.0s/5m30.0s
load-k6-1  | 
load-k6-1  | 
load-k6-1  | running (4m41.0s), 20/20 VUs, 51655 complete and 0 interrupted iterations
load-k6-1  | fspiopTransfers   [  85% ] 20/20 VUs  4m41.0s/5m30.0s
load-k6-1  | 
load-k6-1  | 
load-k6-1  | running (4m42.0s), 20/20 VUs, 51857 complete and 0 interrupted iterations
load-k6-1  | fspiopTransfers   [  85% ] 20/20 VUs  4m42.0s/5m30.0s
load-k6-1  | 
load-k6-1  | 
load-k6-1  | running (4m43.0s), 20/20 VUs, 52047 complete and 0 interrupted iterations
load-k6-1  | fspiopTransfers   [  86% ] 20/20 VUs  4m43.0s/5m30.0s
load-k6-1  | 
load-k6-1  | 
load-k6-1  | running (4m44.0s), 20/20 VUs, 52236 complete and 0 interrupted iterations
load-k6-1  | fspiopTransfers   [  86% ] 20/20 VUs  4m44.0s/5m30.0s
load-k6-1  | 
load-k6-1  | 
load-k6-1  | running (4m45.0s), 20/20 VUs, 52423 complete and 0 interrupted iterations
load-k6-1  | fspiopTransfers   [  86% ] 20/20 VUs  4m45.0s/5m30.0s
load-k6-1  | 
load-k6-1  | 
load-k6-1  | running (4m46.0s), 20/20 VUs, 52617 complete and 0 interrupted iterations
load-k6-1  | fspiopTransfers   [  87% ] 20/20 VUs  4m46.0s/5m30.0s
load-k6-1  | 
load-k6-1  | 
load-k6-1  | running (4m47.0s), 20/20 VUs, 52797 complete and 0 interrupted iterations
load-k6-1  | fspiopTransfers   [  87% ] 20/20 VUs  4m47.0s/5m30.0s
load-k6-1  | 
load-k6-1  | 
load-k6-1  | running (4m48.0s), 20/20 VUs, 52988 complete and 0 interrupted iterations
load-k6-1  | fspiopTransfers   [  87% ] 20/20 VUs  4m48.0s/5m30.0s
load-k6-1  | 
load-k6-1  | 
load-k6-1  | running (4m49.0s), 20/20 VUs, 53184 complete and 0 interrupted iterations
load-k6-1  | fspiopTransfers   [  88% ] 20/20 VUs  4m49.0s/5m30.0s
load-k6-1  | 
load-k6-1  | 
load-k6-1  | running (4m50.0s), 20/20 VUs, 53385 complete and 0 interrupted iterations
load-k6-1  | fspiopTransfers   [  88% ] 20/20 VUs  4m50.0s/5m30.0s
load-k6-1  | 
load-k6-1  | 
load-k6-1  | running (4m51.0s), 20/20 VUs, 53568 complete and 0 interrupted iterations
load-k6-1  | fspiopTransfers   [  88% ] 20/20 VUs  4m51.0s/5m30.0s
load-k6-1  | 
load-k6-1  | 
load-k6-1  | running (4m52.0s), 20/20 VUs, 53745 complete and 0 interrupted iterations
load-k6-1  | fspiopTransfers   [  88% ] 20/20 VUs  4m52.0s/5m30.0s
load-k6-1  | 
load-k6-1  | 
load-k6-1  | running (4m53.0s), 20/20 VUs, 53937 complete and 0 interrupted iterations
load-k6-1  | fspiopTransfers   [  89% ] 20/20 VUs  4m53.0s/5m30.0s
load-k6-1  | 
load-k6-1  | 
load-k6-1  | running (4m54.0s), 20/20 VUs, 54129 complete and 0 interrupted iterations
load-k6-1  | fspiopTransfers   [  89% ] 20/20 VUs  4m54.0s/5m30.0s
load-k6-1  | 
load-k6-1  | 
load-k6-1  | running (4m55.0s), 20/20 VUs, 54319 complete and 0 interrupted iterations
load-k6-1  | fspiopTransfers   [  89% ] 20/20 VUs  4m55.0s/5m30.0s
load-k6-1  | 
load-k6-1  | 
load-k6-1  | running (4m56.0s), 20/20 VUs, 54515 complete and 0 interrupted iterations
load-k6-1  | fspiopTransfers   [  90% ] 20/20 VUs  4m56.0s/5m30.0s
load-k6-1  | 
load-k6-1  | 
load-k6-1  | running (4m57.0s), 20/20 VUs, 54704 complete and 0 interrupted iterations
load-k6-1  | fspiopTransfers   [  90% ] 20/20 VUs  4m57.0s/5m30.0s
load-k6-1  | 
load-k6-1  | 
load-k6-1  | running (4m58.0s), 20/20 VUs, 54897 complete and 0 interrupted iterations
load-k6-1  | fspiopTransfers   [  90% ] 20/20 VUs  4m58.0s/5m30.0s
load-k6-1  | 
load-k6-1  | 
load-k6-1  | running (4m59.0s), 20/20 VUs, 55093 complete and 0 interrupted iterations
load-k6-1  | fspiopTransfers   [  91% ] 20/20 VUs  4m59.0s/5m30.0s
load-k6-1  | 
load-k6-1  | 
load-k6-1  | running (5m00.0s), 20/20 VUs, 55273 complete and 0 interrupted iterations
load-k6-1  | fspiopTransfers   [  91% ] 20/20 VUs  5m00.0s/5m30.0s
load-k6-1  | 
load-k6-1  | 
load-k6-1  | running (5m01.0s), 20/20 VUs, 55463 complete and 0 interrupted iterations
load-k6-1  | fspiopTransfers   [  91% ] 20/20 VUs  5m01.0s/5m30.0s
load-k6-1  | 
load-k6-1  | 
load-k6-1  | running (5m02.0s), 20/20 VUs, 55654 complete and 0 interrupted iterations
load-k6-1  | fspiopTransfers   [  92% ] 20/20 VUs  5m02.0s/5m30.0s
load-k6-1  | 
load-k6-1  | 
load-k6-1  | running (5m03.0s), 20/20 VUs, 55848 complete and 0 interrupted iterations
load-k6-1  | fspiopTransfers   [  92% ] 20/20 VUs  5m03.0s/5m30.0s
load-k6-1  | 
load-k6-1  | 
load-k6-1  | running (5m04.0s), 20/20 VUs, 56041 complete and 0 interrupted iterations
load-k6-1  | fspiopTransfers   [  92% ] 20/20 VUs  5m04.0s/5m30.0s
load-k6-1  | 
load-k6-1  | 
load-k6-1  | running (5m05.0s), 20/20 VUs, 56229 complete and 0 interrupted iterations
load-k6-1  | fspiopTransfers   [  92% ] 20/20 VUs  5m05.0s/5m30.0s
load-k6-1  | 
load-k6-1  | 
load-k6-1  | running (5m06.0s), 20/20 VUs, 56424 complete and 0 interrupted iterations
load-k6-1  | fspiopTransfers   [  93% ] 20/20 VUs  5m06.0s/5m30.0s
load-k6-1  | 
load-k6-1  | 
load-k6-1  | running (5m07.0s), 20/20 VUs, 56614 complete and 0 interrupted iterations
load-k6-1  | fspiopTransfers   [  93% ] 20/20 VUs  5m07.0s/5m30.0s
load-k6-1  | 
load-k6-1  | 
load-k6-1  | running (5m08.0s), 20/20 VUs, 56812 complete and 0 interrupted iterations
load-k6-1  | fspiopTransfers   [  93% ] 20/20 VUs  5m08.0s/5m30.0s
load-k6-1  | 
load-k6-1  | 
load-k6-1  | running (5m09.0s), 20/20 VUs, 57010 complete and 0 interrupted iterations
load-k6-1  | fspiopTransfers   [  94% ] 20/20 VUs  5m09.0s/5m30.0s
load-k6-1  | 
load-k6-1  | 
load-k6-1  | running (5m10.0s), 20/20 VUs, 57200 complete and 0 interrupted iterations
load-k6-1  | fspiopTransfers   [  94% ] 20/20 VUs  5m10.0s/5m30.0s
load-k6-1  | 
load-k6-1  | 
load-k6-1  | running (5m11.0s), 20/20 VUs, 57398 complete and 0 interrupted iterations
load-k6-1  | fspiopTransfers   [  94% ] 20/20 VUs  5m11.0s/5m30.0s
load-k6-1  | 
load-k6-1  | 
load-k6-1  | running (5m12.0s), 20/20 VUs, 57594 complete and 0 interrupted iterations
load-k6-1  | fspiopTransfers   [  95% ] 20/20 VUs  5m12.0s/5m30.0s
load-k6-1  | 
load-k6-1  | 
load-k6-1  | running (5m13.0s), 20/20 VUs, 57787 complete and 0 interrupted iterations
load-k6-1  | fspiopTransfers   [  95% ] 20/20 VUs  5m13.0s/5m30.0s
load-k6-1  | 
load-k6-1  | 
load-k6-1  | running (5m14.0s), 20/20 VUs, 57975 complete and 0 interrupted iterations
load-k6-1  | fspiopTransfers   [  95% ] 20/20 VUs  5m14.0s/5m30.0s
load-k6-1  | 
load-k6-1  | 
load-k6-1  | running (5m15.0s), 20/20 VUs, 58161 complete and 0 interrupted iterations
load-k6-1  | fspiopTransfers   [  95% ] 20/20 VUs  5m15.0s/5m30.0s
load-k6-1  | 
load-k6-1  | 
load-k6-1  | running (5m16.0s), 20/20 VUs, 58362 complete and 0 interrupted iterations
load-k6-1  | fspiopTransfers   [  96% ] 20/20 VUs  5m16.0s/5m30.0s
load-k6-1  | 
load-k6-1  | 
load-k6-1  | running (5m17.0s), 20/20 VUs, 58559 complete and 0 interrupted iterations
load-k6-1  | fspiopTransfers   [  96% ] 20/20 VUs  5m17.0s/5m30.0s
load-k6-1  | 
load-k6-1  | 
load-k6-1  | running (5m18.0s), 20/20 VUs, 58755 complete and 0 interrupted iterations
load-k6-1  | fspiopTransfers   [  96% ] 20/20 VUs  5m18.0s/5m30.0s
load-k6-1  | 
load-k6-1  | 
load-k6-1  | running (5m19.0s), 20/20 VUs, 58950 complete and 0 interrupted iterations
load-k6-1  | fspiopTransfers   [  97% ] 20/20 VUs  5m19.0s/5m30.0s
load-k6-1  | 
load-k6-1  | 
load-k6-1  | running (5m20.0s), 20/20 VUs, 59151 complete and 0 interrupted iterations
load-k6-1  | fspiopTransfers   [  97% ] 20/20 VUs  5m20.0s/5m30.0s
load-k6-1  | 
load-k6-1  | 
load-k6-1  | running (5m21.0s), 20/20 VUs, 59344 complete and 0 interrupted iterations
load-k6-1  | fspiopTransfers   [  97% ] 20/20 VUs  5m21.0s/5m30.0s
load-k6-1  | 
load-k6-1  | 
load-k6-1  | running (5m22.0s), 20/20 VUs, 59544 complete and 0 interrupted iterations
load-k6-1  | fspiopTransfers   [  98% ] 20/20 VUs  5m22.0s/5m30.0s
load-k6-1  | 
load-k6-1  | 
load-k6-1  | running (5m23.0s), 20/20 VUs, 59732 complete and 0 interrupted iterations
load-k6-1  | fspiopTransfers   [  98% ] 20/20 VUs  5m23.0s/5m30.0s
load-k6-1  | 
load-k6-1  | 
load-k6-1  | running (5m24.0s), 20/20 VUs, 59918 complete and 0 interrupted iterations
load-k6-1  | fspiopTransfers   [  98% ] 20/20 VUs  5m24.0s/5m30.0s
load-k6-1  | 
load-k6-1  | 
load-k6-1  | running (5m25.0s), 20/20 VUs, 60110 complete and 0 interrupted iterations
load-k6-1  | fspiopTransfers   [  98% ] 20/20 VUs  5m25.0s/5m30.0s
load-k6-1  | 
load-k6-1  | 
load-k6-1  | running (5m26.0s), 20/20 VUs, 60307 complete and 0 interrupted iterations
load-k6-1  | fspiopTransfers   [  99% ] 20/20 VUs  5m26.0s/5m30.0s
load-k6-1  | 
load-k6-1  | 
load-k6-1  | running (5m27.0s), 20/20 VUs, 60502 complete and 0 interrupted iterations
load-k6-1  | fspiopTransfers   [  99% ] 20/20 VUs  5m27.0s/5m30.0s
load-k6-1  | 
load-k6-1  | 
load-k6-1  | running (5m28.0s), 20/20 VUs, 60680 complete and 0 interrupted iterations
load-k6-1  | fspiopTransfers   [  99% ] 20/20 VUs  5m28.0s/5m30.0s
load-k6-1  | 
load-k6-1  | 
load-k6-1  | running (5m29.0s), 20/20 VUs, 60880 complete and 0 interrupted iterations
load-k6-1  | fspiopTransfers   [ 100% ] 20/20 VUs  5m29.0s/5m30.0s
load-k6-1  | 
load-k6-1  | 
load-k6-1  | running (5m30.0s), 20/20 VUs, 61076 complete and 0 interrupted iterations
load-k6-1  | fspiopTransfers   [ 100% ] 20/20 VUs  5m30.0s/5m30.0s
load-k6-1  | 
load-k6-1  | 
load-k6-1  |      ✓ TRANSFERS_FSPIOP_POST_TRANSFERS_RESPONSE_IS_202
load-k6-1  |      ✗ TRANSFERS_E2E_FSPIOP_POST_TRANSFERS_SUCCESS
load-k6-1  |       ↳  99% — ✓ 61095 / ✗ 1
load-k6-1  | 
load-k6-1  |      █ Post Transfers
load-k6-1  | 
load-k6-1  |      checks.........................: 99.99% ✓ 122191     ✗ 1    
load-k6-1  |      data_received..................: 19 MB  58 kB/s
load-k6-1  |      data_sent......................: 127 MB 383 kB/s
load-k6-1  |      group_duration.................: avg=264.98µs min=146.63µs med=258.24µs max=11.48ms  p(90)=298.18µs p(95)=317.05µs
load-k6-1  |      http_req_blocked...............: avg=5.11µs   min=1.92µs   med=4.46µs   max=2.23ms   p(90)=5.54µs   p(95)=6.01µs  
load-k6-1  |      http_req_connecting............: avg=39ns     min=0s       med=0s       max=218.06µs p(90)=0s       p(95)=0s      
load-k6-1  |    ✓ http_req_duration..............: avg=1.64ms   min=847.56µs med=1.5ms    max=55.01ms  p(90)=2.16ms   p(95)=2.54ms  
load-k6-1  |        { expected_response:true }...: avg=1.64ms   min=847.56µs med=1.5ms    max=55.01ms  p(90)=2.16ms   p(95)=2.54ms  
load-k6-1  |    ✓ http_req_failed................: 0.00%  ✓ 0          ✗ 61096
load-k6-1  |      http_req_receiving.............: avg=36.45µs  min=10.99µs  med=33.9µs   max=7.38ms   p(90)=44.91µs  p(95)=49.15µs 
load-k6-1  |      http_req_sending...............: avg=25.39µs  min=9.87µs   med=23.18µs  max=7.85ms   p(90)=29.23µs  p(95)=32.89µs 
load-k6-1  |      http_req_tls_handshaking.......: avg=0s       min=0s       med=0s       max=0s       p(90)=0s       p(95)=0s      
load-k6-1  |      http_req_waiting...............: avg=1.57ms   min=784.48µs med=1.43ms   max=54.93ms  p(90)=2.1ms    p(95)=2.48ms  
load-k6-1  |      http_reqs......................: 61096  185.093764/s
load-k6-1  |    ✓ iteration_duration.............: avg=103.11ms min=63.72ms  med=101.02ms max=2s       p(90)=126.02ms p(95)=134.99ms
load-k6-1  |      iterations.....................: 61096  185.093764/s
load-k6-1  |      vus............................: 20     min=1        max=20 
load-k6-1  |      vus_max........................: 20     min=20       max=20 
load-k6-1  |      ws_connecting..................: avg=643.05µs min=250.13µs med=540.12µs max=20.51ms  p(90)=927.16µs p(95)=1.19ms  
load-k6-1  |      ws_msgs_received...............: 61095  185.090735/s
load-k6-1  |      ws_msgs_sent...................: 61096  185.093764/s
load-k6-1  |      ws_session_duration............: avg=102.74ms min=63.39ms  med=100.66ms max=2s       p(90)=125.64ms p(95)=134.61ms
load-k6-1  |      ws_sessions....................: 61096  185.093764/s
load-k6-1  | 
load-k6-1  | 
load-k6-1  | running (5m30.1s), 00/20 VUs, 61096 complete and 0 interrupted iterations
load-k6-1  | fspiopTransfers ✓ [ 100% ] 00/20 VUs  5m30s
load-k6-1  | 
load-k6-1 exited with code 0
