Attaching to load-k6-1
load-k6-1  | 
load-k6-1  |           /\      |‾‾| /‾‾/   /‾‾/   
load-k6-1  |      /\  /  \     |  |/  /   /  /    
load-k6-1  |     /  \/    \    |     (   /   ‾‾\  
load-k6-1  |    /          \   |  |\  \ |  (‾)  | 
load-k6-1  |   / __________ \  |__| \__\ \_____/ .io
load-k6-1  | 
load-k6-1  | 
load-k6-1  |   execution: local
load-k6-1  |      script: /scripts/index.js
load-k6-1  |      output: Prometheus remote write (http://prometheus:9090/api/v1/write)
load-k6-1  | 
load-k6-1  |   scenarios: (100.00%) 1 scenario, 30 max VUs, 6m0s max duration (incl. graceful stop):
load-k6-1  |            * fspiopTransfers: Up to 30 looping VUs for 5m30s over 2 stages (gracefulRampDown: 30s, exec: fspiopTransfersScenarios, gracefulStop: 30s)
load-k6-1  | 
load-k6-1  | 
load-k6-1  | 
load-k6-1  | running (0m01.0s), 01/30 VUs, 8 complete and 0 interrupted iterations
load-k6-1  | fspiopTransfers   [   0% ] 01/30 VUs  0m01.0s/5m30.0s
load-k6-1  | 
load-k6-1  | 
load-k6-1  | running (0m02.0s), 02/30 VUs, 31 complete and 0 interrupted iterations
load-k6-1  | fspiopTransfers   [   1% ] 02/30 VUs  0m02.0s/5m30.0s
load-k6-1  | 
load-k6-1  | 
load-k6-1  | running (0m03.0s), 03/30 VUs, 67 complete and 0 interrupted iterations
load-k6-1  | fspiopTransfers   [   1% ] 03/30 VUs  0m03.0s/5m30.0s
load-k6-1  | 
load-k6-1  | 
load-k6-1  | running (0m04.0s), 04/30 VUs, 116 complete and 0 interrupted iterations
load-k6-1  | fspiopTransfers   [   1% ] 04/30 VUs  0m04.0s/5m30.0s
load-k6-1  | 
load-k6-1  | 
load-k6-1  | running (0m05.0s), 05/30 VUs, 178 complete and 0 interrupted iterations
load-k6-1  | fspiopTransfers   [   2% ] 05/30 VUs  0m05.0s/5m30.0s
load-k6-1  | 
load-k6-1  | 
load-k6-1  | running (0m06.0s), 06/30 VUs, 252 complete and 0 interrupted iterations
load-k6-1  | fspiopTransfers   [   2% ] 06/30 VUs  0m06.0s/5m30.0s
load-k6-1  | 
load-k6-1  | 
load-k6-1  | running (0m07.0s), 07/30 VUs, 335 complete and 0 interrupted iterations
load-k6-1  | fspiopTransfers   [   2% ] 07/30 VUs  0m07.0s/5m30.0s
load-k6-1  | 
load-k6-1  | 
load-k6-1  | running (0m08.0s), 08/30 VUs, 424 complete and 0 interrupted iterations
load-k6-1  | fspiopTransfers   [   2% ] 08/30 VUs  0m08.0s/5m30.0s
load-k6-1  | 
load-k6-1  | 
load-k6-1  | running (0m09.0s), 09/30 VUs, 530 complete and 0 interrupted iterations
load-k6-1  | fspiopTransfers   [   3% ] 09/30 VUs  0m09.0s/5m30.0s
load-k6-1  | 
load-k6-1  | 
load-k6-1  | running (0m10.0s), 10/30 VUs, 640 complete and 0 interrupted iterations
load-k6-1  | fspiopTransfers   [   3% ] 10/30 VUs  0m10.0s/5m30.0s
load-k6-1  | 
load-k6-1  | 
load-k6-1  | running (0m11.0s), 11/30 VUs, 760 complete and 0 interrupted iterations
load-k6-1  | fspiopTransfers   [   3% ] 11/30 VUs  0m11.0s/5m30.0s
load-k6-1  | 
load-k6-1  | 
load-k6-1  | running (0m12.0s), 12/30 VUs, 891 complete and 0 interrupted iterations
load-k6-1  | fspiopTransfers   [   4% ] 12/30 VUs  0m12.0s/5m30.0s
load-k6-1  | 
load-k6-1  | 
load-k6-1  | running (0m13.0s), 13/30 VUs, 1028 complete and 0 interrupted iterations
load-k6-1  | fspiopTransfers   [   4% ] 13/30 VUs  0m13.0s/5m30.0s
load-k6-1  | 
load-k6-1  | 
load-k6-1  | running (0m14.0s), 14/30 VUs, 1164 complete and 0 interrupted iterations
load-k6-1  | fspiopTransfers   [   4% ] 14/30 VUs  0m14.0s/5m30.0s
load-k6-1  | 
load-k6-1  | 
load-k6-1  | running (0m15.0s), 15/30 VUs, 1314 complete and 0 interrupted iterations
load-k6-1  | fspiopTransfers   [   5% ] 15/30 VUs  0m15.0s/5m30.0s
load-k6-1  | 
load-k6-1  | 
load-k6-1  | running (0m16.0s), 16/30 VUs, 1470 complete and 0 interrupted iterations
load-k6-1  | fspiopTransfers   [   5% ] 16/30 VUs  0m16.0s/5m30.0s
load-k6-1  | 
load-k6-1  | 
load-k6-1  | running (0m17.0s), 17/30 VUs, 1633 complete and 0 interrupted iterations
load-k6-1  | fspiopTransfers   [   5% ] 17/30 VUs  0m17.0s/5m30.0s
load-k6-1  | 
load-k6-1  | 
load-k6-1  | running (0m18.0s), 18/30 VUs, 1788 complete and 0 interrupted iterations
load-k6-1  | fspiopTransfers   [   5% ] 18/30 VUs  0m18.0s/5m30.0s
load-k6-1  | 
load-k6-1  | 
load-k6-1  | running (0m19.0s), 19/30 VUs, 1954 complete and 0 interrupted iterations
load-k6-1  | fspiopTransfers   [   6% ] 19/30 VUs  0m19.0s/5m30.0s
load-k6-1  | 
load-k6-1  | 
load-k6-1  | running (0m20.0s), 20/30 VUs, 2122 complete and 0 interrupted iterations
load-k6-1  | fspiopTransfers   [   6% ] 20/30 VUs  0m20.0s/5m30.0s
load-k6-1  | 
load-k6-1  | 
load-k6-1  | running (0m21.0s), 21/30 VUs, 2293 complete and 0 interrupted iterations
load-k6-1  | fspiopTransfers   [   6% ] 21/30 VUs  0m21.0s/5m30.0s
load-k6-1  | 
load-k6-1  | 
load-k6-1  | running (0m22.0s), 22/30 VUs, 2460 complete and 0 interrupted iterations
load-k6-1  | fspiopTransfers   [   7% ] 22/30 VUs  0m22.0s/5m30.0s
load-k6-1  | 
load-k6-1  | 
load-k6-1  | running (0m23.0s), 23/30 VUs, 2636 complete and 0 interrupted iterations
load-k6-1  | fspiopTransfers   [   7% ] 23/30 VUs  0m23.0s/5m30.0s
load-k6-1  | 
load-k6-1  | 
load-k6-1  | running (0m24.0s), 24/30 VUs, 2813 complete and 0 interrupted iterations
load-k6-1  | fspiopTransfers   [   7% ] 24/30 VUs  0m24.0s/5m30.0s
load-k6-1  | 
load-k6-1  | 
load-k6-1  | running (0m25.0s), 25/30 VUs, 3001 complete and 0 interrupted iterations
load-k6-1  | fspiopTransfers   [   8% ] 25/30 VUs  0m25.0s/5m30.0s
load-k6-1  | 
load-k6-1  | 
load-k6-1  | running (0m26.0s), 26/30 VUs, 3196 complete and 0 interrupted iterations
load-k6-1  | fspiopTransfers   [   8% ] 26/30 VUs  0m26.0s/5m30.0s
load-k6-1  | 
load-k6-1  | 
load-k6-1  | running (0m27.0s), 27/30 VUs, 3393 complete and 0 interrupted iterations
load-k6-1  | fspiopTransfers   [   8% ] 27/30 VUs  0m27.0s/5m30.0s
load-k6-1  | 
load-k6-1  | 
load-k6-1  | running (0m28.0s), 28/30 VUs, 3592 complete and 0 interrupted iterations
load-k6-1  | fspiopTransfers   [   8% ] 28/30 VUs  0m28.0s/5m30.0s
load-k6-1  | 
load-k6-1  | 
load-k6-1  | running (0m29.0s), 29/30 VUs, 3786 complete and 0 interrupted iterations
load-k6-1  | fspiopTransfers   [   9% ] 29/30 VUs  0m29.0s/5m30.0s
load-k6-1  | 
load-k6-1  | 
load-k6-1  | running (0m30.0s), 29/30 VUs, 3983 complete and 0 interrupted iterations
load-k6-1  | fspiopTransfers   [   9% ] 29/30 VUs  0m30.0s/5m30.0s
load-k6-1  | 
load-k6-1  | 
load-k6-1  | running (0m31.0s), 30/30 VUs, 4192 complete and 0 interrupted iterations
load-k6-1  | fspiopTransfers   [   9% ] 30/30 VUs  0m31.0s/5m30.0s
load-k6-1  | 
load-k6-1  | 
load-k6-1  | running (0m32.0s), 30/30 VUs, 4392 complete and 0 interrupted iterations
load-k6-1  | fspiopTransfers   [  10% ] 30/30 VUs  0m32.0s/5m30.0s
load-k6-1  | 
load-k6-1  | 
load-k6-1  | running (0m33.0s), 30/30 VUs, 4599 complete and 0 interrupted iterations
load-k6-1  | fspiopTransfers   [  10% ] 30/30 VUs  0m33.0s/5m30.0s
load-k6-1  | 
load-k6-1  | 
load-k6-1  | running (0m34.0s), 30/30 VUs, 4812 complete and 0 interrupted iterations
load-k6-1  | fspiopTransfers   [  10% ] 30/30 VUs  0m34.0s/5m30.0s
load-k6-1  | 
load-k6-1  | 
load-k6-1  | running (0m35.0s), 30/30 VUs, 5002 complete and 0 interrupted iterations
load-k6-1  | fspiopTransfers   [  11% ] 30/30 VUs  0m35.0s/5m30.0s
load-k6-1  | 
load-k6-1  | 
load-k6-1  | running (0m36.0s), 30/30 VUs, 5214 complete and 0 interrupted iterations
load-k6-1  | fspiopTransfers   [  11% ] 30/30 VUs  0m36.0s/5m30.0s
load-k6-1  | 
load-k6-1  | 
load-k6-1  | running (0m37.0s), 30/30 VUs, 5423 complete and 0 interrupted iterations
load-k6-1  | fspiopTransfers   [  11% ] 30/30 VUs  0m37.0s/5m30.0s
load-k6-1  | 
load-k6-1  | 
load-k6-1  | running (0m38.0s), 30/30 VUs, 5633 complete and 0 interrupted iterations
load-k6-1  | fspiopTransfers   [  12% ] 30/30 VUs  0m38.0s/5m30.0s
load-k6-1  | 
load-k6-1  | 
load-k6-1  | running (0m39.0s), 30/30 VUs, 5850 complete and 0 interrupted iterations
load-k6-1  | fspiopTransfers   [  12% ] 30/30 VUs  0m39.0s/5m30.0s
load-k6-1  | 
load-k6-1  | 
load-k6-1  | running (0m40.0s), 30/30 VUs, 6052 complete and 0 interrupted iterations
load-k6-1  | fspiopTransfers   [  12% ] 30/30 VUs  0m40.0s/5m30.0s
load-k6-1  | 
load-k6-1  | 
load-k6-1  | running (0m41.0s), 30/30 VUs, 6234 complete and 0 interrupted iterations
load-k6-1  | fspiopTransfers   [  12% ] 30/30 VUs  0m41.0s/5m30.0s
load-k6-1  | 
load-k6-1  | 
load-k6-1  | running (0m42.0s), 30/30 VUs, 6428 complete and 0 interrupted iterations
load-k6-1  | fspiopTransfers   [  13% ] 30/30 VUs  0m42.0s/5m30.0s
load-k6-1  | 
load-k6-1  | 
load-k6-1  | running (0m43.0s), 30/30 VUs, 6636 complete and 0 interrupted iterations
load-k6-1  | fspiopTransfers   [  13% ] 30/30 VUs  0m43.0s/5m30.0s
load-k6-1  | 
load-k6-1  | 
load-k6-1  | running (0m44.0s), 30/30 VUs, 6849 complete and 0 interrupted iterations
load-k6-1  | fspiopTransfers   [  13% ] 30/30 VUs  0m44.0s/5m30.0s
load-k6-1  | 
load-k6-1  | 
load-k6-1  | running (0m45.0s), 30/30 VUs, 7068 complete and 0 interrupted iterations
load-k6-1  | fspiopTransfers   [  14% ] 30/30 VUs  0m45.0s/5m30.0s
load-k6-1  | 
load-k6-1  | 
load-k6-1  | running (0m46.0s), 30/30 VUs, 7277 complete and 0 interrupted iterations
load-k6-1  | fspiopTransfers   [  14% ] 30/30 VUs  0m46.0s/5m30.0s
load-k6-1  | 
load-k6-1  | 
load-k6-1  | running (0m47.0s), 30/30 VUs, 7494 complete and 0 interrupted iterations
load-k6-1  | fspiopTransfers   [  14% ] 30/30 VUs  0m47.0s/5m30.0s
load-k6-1  | 
load-k6-1  | 
load-k6-1  | running (0m48.0s), 30/30 VUs, 7703 complete and 0 interrupted iterations
load-k6-1  | fspiopTransfers   [  15% ] 30/30 VUs  0m48.0s/5m30.0s
load-k6-1  | 
load-k6-1  | 
load-k6-1  | running (0m49.0s), 30/30 VUs, 7912 complete and 0 interrupted iterations
load-k6-1  | fspiopTransfers   [  15% ] 30/30 VUs  0m49.0s/5m30.0s
load-k6-1  | 
load-k6-1  | 
load-k6-1  | running (0m50.0s), 30/30 VUs, 8133 complete and 0 interrupted iterations
load-k6-1  | fspiopTransfers   [  15% ] 30/30 VUs  0m50.0s/5m30.0s
load-k6-1  | 
load-k6-1  | 
load-k6-1  | running (0m51.0s), 30/30 VUs, 8344 complete and 0 interrupted iterations
load-k6-1  | fspiopTransfers   [  15% ] 30/30 VUs  0m51.0s/5m30.0s
load-k6-1  | 
load-k6-1  | 
load-k6-1  | running (0m52.0s), 30/30 VUs, 8550 complete and 0 interrupted iterations
load-k6-1  | fspiopTransfers   [  16% ] 30/30 VUs  0m52.0s/5m30.0s
load-k6-1  | 
load-k6-1  | 
load-k6-1  | running (0m53.0s), 30/30 VUs, 8763 complete and 0 interrupted iterations
load-k6-1  | fspiopTransfers   [  16% ] 30/30 VUs  0m53.0s/5m30.0s
load-k6-1  | 
load-k6-1  | 
load-k6-1  | running (0m54.0s), 30/30 VUs, 8979 complete and 0 interrupted iterations
load-k6-1  | fspiopTransfers   [  16% ] 30/30 VUs  0m54.0s/5m30.0s
load-k6-1  | 
load-k6-1  | 
load-k6-1  | running (0m55.0s), 30/30 VUs, 9200 complete and 0 interrupted iterations
load-k6-1  | fspiopTransfers   [  17% ] 30/30 VUs  0m55.0s/5m30.0s
load-k6-1  | 
load-k6-1  | 
load-k6-1  | running (0m56.0s), 30/30 VUs, 9419 complete and 0 interrupted iterations
load-k6-1  | fspiopTransfers   [  17% ] 30/30 VUs  0m56.0s/5m30.0s
load-k6-1  | 
load-k6-1  | 
load-k6-1  | running (0m57.0s), 30/30 VUs, 9638 complete and 0 interrupted iterations
load-k6-1  | fspiopTransfers   [  17% ] 30/30 VUs  0m57.0s/5m30.0s
load-k6-1  | 
load-k6-1  | 
load-k6-1  | running (0m58.0s), 30/30 VUs, 9855 complete and 0 interrupted iterations
load-k6-1  | fspiopTransfers   [  18% ] 30/30 VUs  0m58.0s/5m30.0s
load-k6-1  | 
load-k6-1  | 
load-k6-1  | running (0m59.0s), 30/30 VUs, 10068 complete and 0 interrupted iterations
load-k6-1  | fspiopTransfers   [  18% ] 30/30 VUs  0m59.0s/5m30.0s
load-k6-1  | 
load-k6-1  | 
load-k6-1  | running (1m00.0s), 30/30 VUs, 10286 complete and 0 interrupted iterations
load-k6-1  | fspiopTransfers   [  18% ] 30/30 VUs  1m00.0s/5m30.0s
load-k6-1  | 
load-k6-1  | 
load-k6-1  | running (1m01.0s), 30/30 VUs, 10504 complete and 0 interrupted iterations
load-k6-1  | fspiopTransfers   [  18% ] 30/30 VUs  1m01.0s/5m30.0s
load-k6-1  | 
load-k6-1  | 
load-k6-1  | running (1m02.0s), 30/30 VUs, 10710 complete and 0 interrupted iterations
load-k6-1  | fspiopTransfers   [  19% ] 30/30 VUs  1m02.0s/5m30.0s
load-k6-1  | 
load-k6-1  | 
load-k6-1  | running (1m03.0s), 30/30 VUs, 10930 complete and 0 interrupted iterations
load-k6-1  | fspiopTransfers   [  19% ] 30/30 VUs  1m03.0s/5m30.0s
load-k6-1  | 
load-k6-1  | 
load-k6-1  | running (1m04.0s), 30/30 VUs, 11146 complete and 0 interrupted iterations
load-k6-1  | fspiopTransfers   [  19% ] 30/30 VUs  1m04.0s/5m30.0s
load-k6-1  | 
load-k6-1  | 
load-k6-1  | running (1m05.0s), 30/30 VUs, 11357 complete and 0 interrupted iterations
load-k6-1  | fspiopTransfers   [  20% ] 30/30 VUs  1m05.0s/5m30.0s
load-k6-1  | 
load-k6-1  | 
load-k6-1  | running (1m06.0s), 30/30 VUs, 11562 complete and 0 interrupted iterations
load-k6-1  | fspiopTransfers   [  20% ] 30/30 VUs  1m06.0s/5m30.0s
load-k6-1  | 
load-k6-1  | 
load-k6-1  | running (1m07.0s), 30/30 VUs, 11783 complete and 0 interrupted iterations
load-k6-1  | fspiopTransfers   [  20% ] 30/30 VUs  1m07.0s/5m30.0s
load-k6-1  | 
load-k6-1  | 
load-k6-1  | running (1m08.0s), 30/30 VUs, 11999 complete and 0 interrupted iterations
load-k6-1  | fspiopTransfers   [  21% ] 30/30 VUs  1m08.0s/5m30.0s
load-k6-1  | 
load-k6-1  | 
load-k6-1  | running (1m09.0s), 30/30 VUs, 12214 complete and 0 interrupted iterations
load-k6-1  | fspiopTransfers   [  21% ] 30/30 VUs  1m09.0s/5m30.0s
load-k6-1  | 
load-k6-1  | 
load-k6-1  | running (1m10.0s), 30/30 VUs, 12431 complete and 0 interrupted iterations
load-k6-1  | fspiopTransfers   [  21% ] 30/30 VUs  1m10.0s/5m30.0s
load-k6-1  | 
load-k6-1  | 
load-k6-1  | running (1m11.0s), 30/30 VUs, 12649 complete and 0 interrupted iterations
load-k6-1  | fspiopTransfers   [  22% ] 30/30 VUs  1m11.0s/5m30.0s
load-k6-1  | 
load-k6-1  | 
load-k6-1  | running (1m12.0s), 30/30 VUs, 12865 complete and 0 interrupted iterations
load-k6-1  | fspiopTransfers   [  22% ] 30/30 VUs  1m12.0s/5m30.0s
load-k6-1  | 
load-k6-1  | 
load-k6-1  | running (1m13.0s), 30/30 VUs, 13071 complete and 0 interrupted iterations
load-k6-1  | fspiopTransfers   [  22% ] 30/30 VUs  1m13.0s/5m30.0s
load-k6-1  | 
load-k6-1  | 
load-k6-1  | running (1m14.0s), 30/30 VUs, 13280 complete and 0 interrupted iterations
load-k6-1  | fspiopTransfers   [  22% ] 30/30 VUs  1m14.0s/5m30.0s
load-k6-1  | 
load-k6-1  | 
load-k6-1  | running (1m15.0s), 30/30 VUs, 13502 complete and 0 interrupted iterations
load-k6-1  | fspiopTransfers   [  23% ] 30/30 VUs  1m15.0s/5m30.0s
load-k6-1  | 
load-k6-1  | 
load-k6-1  | running (1m16.0s), 30/30 VUs, 13722 complete and 0 interrupted iterations
load-k6-1  | fspiopTransfers   [  23% ] 30/30 VUs  1m16.0s/5m30.0s
load-k6-1  | 
load-k6-1  | 
load-k6-1  | running (1m17.0s), 30/30 VUs, 13943 complete and 0 interrupted iterations
load-k6-1  | fspiopTransfers   [  23% ] 30/30 VUs  1m17.0s/5m30.0s
load-k6-1  | 
load-k6-1  | 
load-k6-1  | running (1m18.0s), 30/30 VUs, 14165 complete and 0 interrupted iterations
load-k6-1  | fspiopTransfers   [  24% ] 30/30 VUs  1m18.0s/5m30.0s
load-k6-1  | 
load-k6-1  | 
load-k6-1  | running (1m19.0s), 30/30 VUs, 14389 complete and 0 interrupted iterations
load-k6-1  | fspiopTransfers   [  24% ] 30/30 VUs  1m19.0s/5m30.0s
load-k6-1  | 
load-k6-1  | 
load-k6-1  | running (1m20.0s), 30/30 VUs, 14605 complete and 0 interrupted iterations
load-k6-1  | fspiopTransfers   [  24% ] 30/30 VUs  1m20.0s/5m30.0s
load-k6-1  | 
load-k6-1  | 
load-k6-1  | running (1m21.0s), 30/30 VUs, 14828 complete and 0 interrupted iterations
load-k6-1  | fspiopTransfers   [  25% ] 30/30 VUs  1m21.0s/5m30.0s
load-k6-1  | 
load-k6-1  | 
load-k6-1  | running (1m22.0s), 30/30 VUs, 15039 complete and 0 interrupted iterations
load-k6-1  | fspiopTransfers   [  25% ] 30/30 VUs  1m22.0s/5m30.0s
load-k6-1  | 
load-k6-1  | 
load-k6-1  | running (1m23.0s), 30/30 VUs, 15261 complete and 0 interrupted iterations
load-k6-1  | fspiopTransfers   [  25% ] 30/30 VUs  1m23.0s/5m30.0s
load-k6-1  | 
load-k6-1  | 
load-k6-1  | running (1m24.0s), 30/30 VUs, 15465 complete and 0 interrupted iterations
load-k6-1  | fspiopTransfers   [  25% ] 30/30 VUs  1m24.0s/5m30.0s
load-k6-1  | 
load-k6-1  | 
load-k6-1  | running (1m25.0s), 30/30 VUs, 15705 complete and 0 interrupted iterations
load-k6-1  | fspiopTransfers   [  26% ] 30/30 VUs  1m25.0s/5m30.0s
load-k6-1  | 
load-k6-1  | 
load-k6-1  | running (1m26.0s), 30/30 VUs, 15927 complete and 0 interrupted iterations
load-k6-1  | fspiopTransfers   [  26% ] 30/30 VUs  1m26.0s/5m30.0s
load-k6-1  | 
load-k6-1  | 
load-k6-1  | running (1m27.0s), 30/30 VUs, 16163 complete and 0 interrupted iterations
load-k6-1  | fspiopTransfers   [  26% ] 30/30 VUs  1m27.0s/5m30.0s
load-k6-1  | 
load-k6-1  | 
load-k6-1  | running (1m28.0s), 30/30 VUs, 16380 complete and 0 interrupted iterations
load-k6-1  | fspiopTransfers   [  27% ] 30/30 VUs  1m28.0s/5m30.0s
load-k6-1  | 
load-k6-1  | 
load-k6-1  | running (1m29.0s), 30/30 VUs, 16605 complete and 0 interrupted iterations
load-k6-1  | fspiopTransfers   [  27% ] 30/30 VUs  1m29.0s/5m30.0s
load-k6-1  | 
load-k6-1  | 
load-k6-1  | running (1m30.0s), 30/30 VUs, 16834 complete and 0 interrupted iterations
load-k6-1  | fspiopTransfers   [  27% ] 30/30 VUs  1m30.0s/5m30.0s
load-k6-1  | 
load-k6-1  | 
load-k6-1  | running (1m31.0s), 30/30 VUs, 17051 complete and 0 interrupted iterations
load-k6-1  | fspiopTransfers   [  28% ] 30/30 VUs  1m31.0s/5m30.0s
load-k6-1  | 
load-k6-1  | 
load-k6-1  | running (1m32.0s), 30/30 VUs, 17262 complete and 0 interrupted iterations
load-k6-1  | fspiopTransfers   [  28% ] 30/30 VUs  1m32.0s/5m30.0s
load-k6-1  | 
load-k6-1  | 
load-k6-1  | running (1m33.0s), 30/30 VUs, 17492 complete and 0 interrupted iterations
load-k6-1  | fspiopTransfers   [  28% ] 30/30 VUs  1m33.0s/5m30.0s
load-k6-1  | 
load-k6-1  | 
load-k6-1  | running (1m34.0s), 30/30 VUs, 17715 complete and 0 interrupted iterations
load-k6-1  | fspiopTransfers   [  28% ] 30/30 VUs  1m34.0s/5m30.0s
load-k6-1  | 
load-k6-1  | 
load-k6-1  | running (1m35.0s), 30/30 VUs, 17939 complete and 0 interrupted iterations
load-k6-1  | fspiopTransfers   [  29% ] 30/30 VUs  1m35.0s/5m30.0s
load-k6-1  | 
load-k6-1  | 
load-k6-1  | running (1m36.0s), 30/30 VUs, 18152 complete and 0 interrupted iterations
load-k6-1  | fspiopTransfers   [  29% ] 30/30 VUs  1m36.0s/5m30.0s
load-k6-1  | 
load-k6-1  | 
load-k6-1  | running (1m37.0s), 30/30 VUs, 18362 complete and 0 interrupted iterations
load-k6-1  | fspiopTransfers   [  29% ] 30/30 VUs  1m37.0s/5m30.0s
load-k6-1  | 
load-k6-1  | 
load-k6-1  | running (1m38.0s), 30/30 VUs, 18587 complete and 0 interrupted iterations
load-k6-1  | fspiopTransfers   [  30% ] 30/30 VUs  1m38.0s/5m30.0s
load-k6-1  | 
load-k6-1  | 
load-k6-1  | running (1m39.0s), 30/30 VUs, 18800 complete and 0 interrupted iterations
load-k6-1  | fspiopTransfers   [  30% ] 30/30 VUs  1m39.0s/5m30.0s
load-k6-1  | 
load-k6-1  | 
load-k6-1  | running (1m40.0s), 30/30 VUs, 19027 complete and 0 interrupted iterations
load-k6-1  | fspiopTransfers   [  30% ] 30/30 VUs  1m40.0s/5m30.0s
load-k6-1  | 
load-k6-1  | 
load-k6-1  | running (1m41.0s), 30/30 VUs, 19246 complete and 0 interrupted iterations
load-k6-1  | fspiopTransfers   [  31% ] 30/30 VUs  1m41.0s/5m30.0s
load-k6-1  | 
load-k6-1  | 
load-k6-1  | running (1m42.0s), 30/30 VUs, 19458 complete and 0 interrupted iterations
load-k6-1  | fspiopTransfers   [  31% ] 30/30 VUs  1m42.0s/5m30.0s
load-k6-1  | 
load-k6-1  | 
load-k6-1  | running (1m43.0s), 30/30 VUs, 19677 complete and 0 interrupted iterations
load-k6-1  | fspiopTransfers   [  31% ] 30/30 VUs  1m43.0s/5m30.0s
load-k6-1  | 
load-k6-1  | 
load-k6-1  | running (1m44.0s), 30/30 VUs, 19900 complete and 0 interrupted iterations
load-k6-1  | fspiopTransfers   [  32% ] 30/30 VUs  1m44.0s/5m30.0s
load-k6-1  | 
load-k6-1  | 
load-k6-1  | running (1m45.0s), 30/30 VUs, 20112 complete and 0 interrupted iterations
load-k6-1  | fspiopTransfers   [  32% ] 30/30 VUs  1m45.0s/5m30.0s
load-k6-1  | 
load-k6-1  | 
load-k6-1  | running (1m46.0s), 30/30 VUs, 20301 complete and 0 interrupted iterations
load-k6-1  | fspiopTransfers   [  32% ] 30/30 VUs  1m46.0s/5m30.0s
load-k6-1  | 
load-k6-1  | 
load-k6-1  | running (1m47.0s), 30/30 VUs, 20522 complete and 0 interrupted iterations
load-k6-1  | fspiopTransfers   [  32% ] 30/30 VUs  1m47.0s/5m30.0s
load-k6-1  | 
load-k6-1  | 
load-k6-1  | running (1m48.0s), 30/30 VUs, 20745 complete and 0 interrupted iterations
load-k6-1  | fspiopTransfers   [  33% ] 30/30 VUs  1m48.0s/5m30.0s
load-k6-1  | 
load-k6-1  | 
load-k6-1  | running (1m49.0s), 30/30 VUs, 20964 complete and 0 interrupted iterations
load-k6-1  | fspiopTransfers   [  33% ] 30/30 VUs  1m49.0s/5m30.0s
load-k6-1  | 
load-k6-1  | 
load-k6-1  | running (1m50.0s), 30/30 VUs, 21180 complete and 0 interrupted iterations
load-k6-1  | fspiopTransfers   [  33% ] 30/30 VUs  1m50.0s/5m30.0s
load-k6-1  | 
load-k6-1  | 
load-k6-1  | running (1m51.0s), 30/30 VUs, 21394 complete and 0 interrupted iterations
load-k6-1  | fspiopTransfers   [  34% ] 30/30 VUs  1m51.0s/5m30.0s
load-k6-1  | 
load-k6-1  | 
load-k6-1  | running (1m52.0s), 30/30 VUs, 21599 complete and 0 interrupted iterations
load-k6-1  | fspiopTransfers   [  34% ] 30/30 VUs  1m52.0s/5m30.0s
load-k6-1  | 
load-k6-1  | 
load-k6-1  | running (1m53.0s), 30/30 VUs, 21819 complete and 0 interrupted iterations
load-k6-1  | fspiopTransfers   [  34% ] 30/30 VUs  1m53.0s/5m30.0s
load-k6-1  | 
load-k6-1  | 
load-k6-1  | running (1m54.0s), 30/30 VUs, 22042 complete and 0 interrupted iterations
load-k6-1  | fspiopTransfers   [  35% ] 30/30 VUs  1m54.0s/5m30.0s
load-k6-1  | 
load-k6-1  | 
load-k6-1  | running (1m55.0s), 30/30 VUs, 22264 complete and 0 interrupted iterations
load-k6-1  | fspiopTransfers   [  35% ] 30/30 VUs  1m55.0s/5m30.0s
load-k6-1  | 
load-k6-1  | 
load-k6-1  | running (1m56.0s), 30/30 VUs, 22486 complete and 0 interrupted iterations
load-k6-1  | fspiopTransfers   [  35% ] 30/30 VUs  1m56.0s/5m30.0s
load-k6-1  | 
load-k6-1  | 
load-k6-1  | running (1m57.0s), 30/30 VUs, 22707 complete and 0 interrupted iterations
load-k6-1  | fspiopTransfers   [  35% ] 30/30 VUs  1m57.0s/5m30.0s
load-k6-1  | 
load-k6-1  | 
load-k6-1  | running (1m58.0s), 30/30 VUs, 22923 complete and 0 interrupted iterations
load-k6-1  | fspiopTransfers   [  36% ] 30/30 VUs  1m58.0s/5m30.0s
load-k6-1  | 
load-k6-1  | 
load-k6-1  | running (1m59.0s), 30/30 VUs, 23145 complete and 0 interrupted iterations
load-k6-1  | fspiopTransfers   [  36% ] 30/30 VUs  1m59.0s/5m30.0s
load-k6-1  | 
load-k6-1  | 
load-k6-1  | running (2m00.0s), 30/30 VUs, 23363 complete and 0 interrupted iterations
load-k6-1  | fspiopTransfers   [  36% ] 30/30 VUs  2m00.0s/5m30.0s
load-k6-1  | 
load-k6-1  | 
load-k6-1  | running (2m01.0s), 30/30 VUs, 23584 complete and 0 interrupted iterations
load-k6-1  | fspiopTransfers   [  37% ] 30/30 VUs  2m01.0s/5m30.0s
load-k6-1  | 
load-k6-1  | 
load-k6-1  | running (2m02.0s), 30/30 VUs, 23806 complete and 0 interrupted iterations
load-k6-1  | fspiopTransfers   [  37% ] 30/30 VUs  2m02.0s/5m30.0s
load-k6-1  | 
load-k6-1  | 
load-k6-1  | running (2m03.0s), 30/30 VUs, 24024 complete and 0 interrupted iterations
load-k6-1  | fspiopTransfers   [  37% ] 30/30 VUs  2m03.0s/5m30.0s
load-k6-1  | 
load-k6-1  | 
load-k6-1  | running (2m04.0s), 30/30 VUs, 24251 complete and 0 interrupted iterations
load-k6-1  | fspiopTransfers   [  38% ] 30/30 VUs  2m04.0s/5m30.0s
load-k6-1  | 
load-k6-1  | 
load-k6-1  | running (2m05.0s), 30/30 VUs, 24467 complete and 0 interrupted iterations
load-k6-1  | fspiopTransfers   [  38% ] 30/30 VUs  2m05.0s/5m30.0s
load-k6-1  | 
load-k6-1  | 
load-k6-1  | running (2m06.0s), 30/30 VUs, 24678 complete and 0 interrupted iterations
load-k6-1  | fspiopTransfers   [  38% ] 30/30 VUs  2m06.0s/5m30.0s
load-k6-1  | 
load-k6-1  | 
load-k6-1  | running (2m07.0s), 30/30 VUs, 24897 complete and 0 interrupted iterations
load-k6-1  | fspiopTransfers   [  38% ] 30/30 VUs  2m07.0s/5m30.0s
load-k6-1  | 
load-k6-1  | 
load-k6-1  | running (2m08.0s), 30/30 VUs, 25116 complete and 0 interrupted iterations
load-k6-1  | fspiopTransfers   [  39% ] 30/30 VUs  2m08.0s/5m30.0s
load-k6-1  | 
load-k6-1  | 
load-k6-1  | running (2m09.0s), 30/30 VUs, 25334 complete and 0 interrupted iterations
load-k6-1  | fspiopTransfers   [  39% ] 30/30 VUs  2m09.0s/5m30.0s
load-k6-1  | 
load-k6-1  | 
load-k6-1  | running (2m10.0s), 30/30 VUs, 25563 complete and 0 interrupted iterations
load-k6-1  | fspiopTransfers   [  39% ] 30/30 VUs  2m10.0s/5m30.0s
load-k6-1  | 
load-k6-1  | 
load-k6-1  | running (2m11.0s), 30/30 VUs, 25779 complete and 0 interrupted iterations
load-k6-1  | fspiopTransfers   [  40% ] 30/30 VUs  2m11.0s/5m30.0s
load-k6-1  | 
load-k6-1  | 
load-k6-1  | running (2m12.0s), 30/30 VUs, 26000 complete and 0 interrupted iterations
load-k6-1  | fspiopTransfers   [  40% ] 30/30 VUs  2m12.0s/5m30.0s
load-k6-1  | 
load-k6-1  | 
load-k6-1  | running (2m13.0s), 30/30 VUs, 26232 complete and 0 interrupted iterations
load-k6-1  | fspiopTransfers   [  40% ] 30/30 VUs  2m13.0s/5m30.0s
load-k6-1  | 
load-k6-1  | 
load-k6-1  | running (2m14.0s), 30/30 VUs, 26458 complete and 0 interrupted iterations
load-k6-1  | fspiopTransfers   [  41% ] 30/30 VUs  2m14.0s/5m30.0s
load-k6-1  | 
load-k6-1  | 
load-k6-1  | running (2m15.0s), 30/30 VUs, 26681 complete and 0 interrupted iterations
load-k6-1  | fspiopTransfers   [  41% ] 30/30 VUs  2m15.0s/5m30.0s
load-k6-1  | 
load-k6-1  | 
load-k6-1  | running (2m16.0s), 30/30 VUs, 26900 complete and 0 interrupted iterations
load-k6-1  | fspiopTransfers   [  41% ] 30/30 VUs  2m16.0s/5m30.0s
load-k6-1  | 
load-k6-1  | 
load-k6-1  | running (2m17.0s), 30/30 VUs, 27120 complete and 0 interrupted iterations
load-k6-1  | fspiopTransfers   [  42% ] 30/30 VUs  2m17.0s/5m30.0s
load-k6-1  | 
load-k6-1  | 
load-k6-1  | running (2m18.0s), 30/30 VUs, 27325 complete and 0 interrupted iterations
load-k6-1  | fspiopTransfers   [  42% ] 30/30 VUs  2m18.0s/5m30.0s
load-k6-1  | 
load-k6-1  | 
load-k6-1  | running (2m19.0s), 30/30 VUs, 27550 complete and 0 interrupted iterations
load-k6-1  | fspiopTransfers   [  42% ] 30/30 VUs  2m19.0s/5m30.0s
load-k6-1  | 
load-k6-1  | 
load-k6-1  | running (2m20.0s), 30/30 VUs, 27766 complete and 0 interrupted iterations
load-k6-1  | fspiopTransfers   [  42% ] 30/30 VUs  2m20.0s/5m30.0s
load-k6-1  | 
load-k6-1  | 
load-k6-1  | running (2m21.0s), 30/30 VUs, 28000 complete and 0 interrupted iterations
load-k6-1  | fspiopTransfers   [  43% ] 30/30 VUs  2m21.0s/5m30.0s
load-k6-1  | 
load-k6-1  | 
load-k6-1  | running (2m22.0s), 30/30 VUs, 28208 complete and 0 interrupted iterations
load-k6-1  | fspiopTransfers   [  43% ] 30/30 VUs  2m22.0s/5m30.0s
load-k6-1  | 
load-k6-1  | 
load-k6-1  | running (2m23.0s), 30/30 VUs, 28424 complete and 0 interrupted iterations
load-k6-1  | fspiopTransfers   [  43% ] 30/30 VUs  2m23.0s/5m30.0s
load-k6-1  | 
load-k6-1  | 
load-k6-1  | running (2m24.0s), 30/30 VUs, 28650 complete and 0 interrupted iterations
load-k6-1  | fspiopTransfers   [  44% ] 30/30 VUs  2m24.0s/5m30.0s
load-k6-1  | 
load-k6-1  | 
load-k6-1  | running (2m25.0s), 30/30 VUs, 28890 complete and 0 interrupted iterations
load-k6-1  | fspiopTransfers   [  44% ] 30/30 VUs  2m25.0s/5m30.0s
load-k6-1  | 
load-k6-1  | 
load-k6-1  | running (2m26.0s), 30/30 VUs, 29111 complete and 0 interrupted iterations
load-k6-1  | fspiopTransfers   [  44% ] 30/30 VUs  2m26.0s/5m30.0s
load-k6-1  | 
load-k6-1  | 
load-k6-1  | running (2m27.0s), 30/30 VUs, 29345 complete and 0 interrupted iterations
load-k6-1  | fspiopTransfers   [  45% ] 30/30 VUs  2m27.0s/5m30.0s
load-k6-1  | 
load-k6-1  | 
load-k6-1  | running (2m28.0s), 30/30 VUs, 29574 complete and 0 interrupted iterations
load-k6-1  | fspiopTransfers   [  45% ] 30/30 VUs  2m28.0s/5m30.0s
load-k6-1  | 
load-k6-1  | 
load-k6-1  | running (2m29.0s), 30/30 VUs, 29794 complete and 0 interrupted iterations
load-k6-1  | fspiopTransfers   [  45% ] 30/30 VUs  2m29.0s/5m30.0s
load-k6-1  | 
load-k6-1  | 
load-k6-1  | running (2m30.0s), 30/30 VUs, 30018 complete and 0 interrupted iterations
load-k6-1  | fspiopTransfers   [  45% ] 30/30 VUs  2m30.0s/5m30.0s
load-k6-1  | 
load-k6-1  | 
load-k6-1  | running (2m31.0s), 30/30 VUs, 30247 complete and 0 interrupted iterations
load-k6-1  | fspiopTransfers   [  46% ] 30/30 VUs  2m31.0s/5m30.0s
load-k6-1  | 
load-k6-1  | 
load-k6-1  | running (2m32.0s), 30/30 VUs, 30468 complete and 0 interrupted iterations
load-k6-1  | fspiopTransfers   [  46% ] 30/30 VUs  2m32.0s/5m30.0s
load-k6-1  | 
load-k6-1  | 
load-k6-1  | running (2m33.0s), 30/30 VUs, 30694 complete and 0 interrupted iterations
load-k6-1  | fspiopTransfers   [  46% ] 30/30 VUs  2m33.0s/5m30.0s
load-k6-1  | 
load-k6-1  | 
load-k6-1  | running (2m34.0s), 30/30 VUs, 30922 complete and 0 interrupted iterations
load-k6-1  | fspiopTransfers   [  47% ] 30/30 VUs  2m34.0s/5m30.0s
load-k6-1  | 
load-k6-1  | 
load-k6-1  | running (2m35.0s), 30/30 VUs, 31153 complete and 0 interrupted iterations
load-k6-1  | fspiopTransfers   [  47% ] 30/30 VUs  2m35.0s/5m30.0s
load-k6-1  | 
load-k6-1  | 
load-k6-1  | running (2m36.0s), 30/30 VUs, 31358 complete and 0 interrupted iterations
load-k6-1  | fspiopTransfers   [  47% ] 30/30 VUs  2m36.0s/5m30.0s
load-k6-1  | 
load-k6-1  | 
load-k6-1  | running (2m37.0s), 30/30 VUs, 31566 complete and 0 interrupted iterations
load-k6-1  | fspiopTransfers   [  48% ] 30/30 VUs  2m37.0s/5m30.0s
load-k6-1  | 
load-k6-1  | 
load-k6-1  | running (2m38.0s), 30/30 VUs, 31791 complete and 0 interrupted iterations
load-k6-1  | fspiopTransfers   [  48% ] 30/30 VUs  2m38.0s/5m30.0s
load-k6-1  | 
load-k6-1  | 
load-k6-1  | running (2m39.0s), 30/30 VUs, 32027 complete and 0 interrupted iterations
load-k6-1  | fspiopTransfers   [  48% ] 30/30 VUs  2m39.0s/5m30.0s
load-k6-1  | 
load-k6-1  | 
load-k6-1  | running (2m40.0s), 30/30 VUs, 32252 complete and 0 interrupted iterations
load-k6-1  | fspiopTransfers   [  48% ] 30/30 VUs  2m40.0s/5m30.0s
load-k6-1  | 
load-k6-1  | 
load-k6-1  | running (2m41.0s), 30/30 VUs, 32476 complete and 0 interrupted iterations
load-k6-1  | fspiopTransfers   [  49% ] 30/30 VUs  2m41.0s/5m30.0s
load-k6-1  | 
load-k6-1  | 
load-k6-1  | running (2m42.0s), 30/30 VUs, 32686 complete and 0 interrupted iterations
load-k6-1  | fspiopTransfers   [  49% ] 30/30 VUs  2m42.0s/5m30.0s
load-k6-1  | 
load-k6-1  | 
load-k6-1  | running (2m43.0s), 30/30 VUs, 32914 complete and 0 interrupted iterations
load-k6-1  | fspiopTransfers   [  49% ] 30/30 VUs  2m43.0s/5m30.0s
load-k6-1  | 
load-k6-1  | 
load-k6-1  | running (2m44.0s), 30/30 VUs, 33136 complete and 0 interrupted iterations
load-k6-1  | fspiopTransfers   [  50% ] 30/30 VUs  2m44.0s/5m30.0s
load-k6-1  | 
load-k6-1  | 
load-k6-1  | running (2m45.0s), 30/30 VUs, 33365 complete and 0 interrupted iterations
load-k6-1  | fspiopTransfers   [  50% ] 30/30 VUs  2m45.0s/5m30.0s
load-k6-1  | 
load-k6-1  | 
load-k6-1  | running (2m46.0s), 30/30 VUs, 33588 complete and 0 interrupted iterations
load-k6-1  | fspiopTransfers   [  50% ] 30/30 VUs  2m46.0s/5m30.0s
load-k6-1  | 
load-k6-1  | 
load-k6-1  | running (2m47.0s), 30/30 VUs, 33813 complete and 0 interrupted iterations
load-k6-1  | fspiopTransfers   [  51% ] 30/30 VUs  2m47.0s/5m30.0s
load-k6-1  | 
load-k6-1  | 
load-k6-1  | running (2m48.0s), 30/30 VUs, 34047 complete and 0 interrupted iterations
load-k6-1  | fspiopTransfers   [  51% ] 30/30 VUs  2m48.0s/5m30.0s
load-k6-1  | 
load-k6-1  | 
load-k6-1  | running (2m49.0s), 30/30 VUs, 34263 complete and 0 interrupted iterations
load-k6-1  | fspiopTransfers   [  51% ] 30/30 VUs  2m49.0s/5m30.0s
load-k6-1  | 
load-k6-1  | 
load-k6-1  | running (2m50.0s), 30/30 VUs, 34476 complete and 0 interrupted iterations
load-k6-1  | fspiopTransfers   [  52% ] 30/30 VUs  2m50.0s/5m30.0s
load-k6-1  | 
load-k6-1  | 
load-k6-1  | running (2m51.0s), 30/30 VUs, 34660 complete and 0 interrupted iterations
load-k6-1  | fspiopTransfers   [  52% ] 30/30 VUs  2m51.0s/5m30.0s
load-k6-1  | 
load-k6-1  | 
load-k6-1  | running (2m52.0s), 30/30 VUs, 34883 complete and 0 interrupted iterations
load-k6-1  | fspiopTransfers   [  52% ] 30/30 VUs  2m52.0s/5m30.0s
load-k6-1  | 
load-k6-1  | 
load-k6-1  | running (2m53.0s), 30/30 VUs, 35115 complete and 0 interrupted iterations
load-k6-1  | fspiopTransfers   [  52% ] 30/30 VUs  2m53.0s/5m30.0s
load-k6-1  | 
load-k6-1  | 
load-k6-1  | running (2m54.0s), 30/30 VUs, 35350 complete and 0 interrupted iterations
load-k6-1  | fspiopTransfers   [  53% ] 30/30 VUs  2m54.0s/5m30.0s
load-k6-1  | 
load-k6-1  | 
load-k6-1  | running (2m55.0s), 30/30 VUs, 35586 complete and 0 interrupted iterations
load-k6-1  | fspiopTransfers   [  53% ] 30/30 VUs  2m55.0s/5m30.0s
load-k6-1  | 
load-k6-1  | 
load-k6-1  | running (2m56.0s), 30/30 VUs, 35814 complete and 0 interrupted iterations
load-k6-1  | fspiopTransfers   [  53% ] 30/30 VUs  2m56.0s/5m30.0s
load-k6-1  | 
load-k6-1  | 
load-k6-1  | running (2m57.0s), 30/30 VUs, 36043 complete and 0 interrupted iterations
load-k6-1  | fspiopTransfers   [  54% ] 30/30 VUs  2m57.0s/5m30.0s
load-k6-1  | 
load-k6-1  | 
load-k6-1  | running (2m58.0s), 30/30 VUs, 36271 complete and 0 interrupted iterations
load-k6-1  | fspiopTransfers   [  54% ] 30/30 VUs  2m58.0s/5m30.0s
load-k6-1  | 
load-k6-1  | 
load-k6-1  | running (2m59.0s), 30/30 VUs, 36480 complete and 0 interrupted iterations
load-k6-1  | fspiopTransfers   [  54% ] 30/30 VUs  2m59.0s/5m30.0s
load-k6-1  | 
load-k6-1  | 
load-k6-1  | running (3m00.0s), 30/30 VUs, 36706 complete and 0 interrupted iterations
load-k6-1  | fspiopTransfers   [  55% ] 30/30 VUs  3m00.0s/5m30.0s
load-k6-1  | 
load-k6-1  | 
load-k6-1  | running (3m01.0s), 30/30 VUs, 36926 complete and 0 interrupted iterations
load-k6-1  | fspiopTransfers   [  55% ] 30/30 VUs  3m01.0s/5m30.0s
load-k6-1  | 
load-k6-1  | 
load-k6-1  | running (3m02.0s), 30/30 VUs, 37136 complete and 0 interrupted iterations
load-k6-1  | fspiopTransfers   [  55% ] 30/30 VUs  3m02.0s/5m30.0s
load-k6-1  | 
load-k6-1  | 
load-k6-1  | running (3m03.0s), 30/30 VUs, 37364 complete and 0 interrupted iterations
load-k6-1  | fspiopTransfers   [  55% ] 30/30 VUs  3m03.0s/5m30.0s
load-k6-1  | 
load-k6-1  | 
load-k6-1  | running (3m04.0s), 30/30 VUs, 37593 complete and 0 interrupted iterations
load-k6-1  | fspiopTransfers   [  56% ] 30/30 VUs  3m04.0s/5m30.0s
load-k6-1  | 
load-k6-1  | 
load-k6-1  | running (3m05.0s), 30/30 VUs, 37812 complete and 0 interrupted iterations
load-k6-1  | fspiopTransfers   [  56% ] 30/30 VUs  3m05.0s/5m30.0s
load-k6-1  | 
load-k6-1  | 
load-k6-1  | running (3m06.0s), 30/30 VUs, 38026 complete and 0 interrupted iterations
load-k6-1  | fspiopTransfers   [  56% ] 30/30 VUs  3m06.0s/5m30.0s
load-k6-1  | 
load-k6-1  | 
load-k6-1  | running (3m07.0s), 30/30 VUs, 38241 complete and 0 interrupted iterations
load-k6-1  | fspiopTransfers   [  57% ] 30/30 VUs  3m07.0s/5m30.0s
load-k6-1  | 
load-k6-1  | 
load-k6-1  | running (3m08.0s), 30/30 VUs, 38457 complete and 0 interrupted iterations
load-k6-1  | fspiopTransfers   [  57% ] 30/30 VUs  3m08.0s/5m30.0s
load-k6-1  | 
load-k6-1  | 
load-k6-1  | running (3m09.0s), 30/30 VUs, 38683 complete and 0 interrupted iterations
load-k6-1  | fspiopTransfers   [  57% ] 30/30 VUs  3m09.0s/5m30.0s
load-k6-1  | 
load-k6-1  | 
load-k6-1  | running (3m10.0s), 30/30 VUs, 38912 complete and 0 interrupted iterations
load-k6-1  | fspiopTransfers   [  58% ] 30/30 VUs  3m10.0s/5m30.0s
load-k6-1  | 
load-k6-1  | 
load-k6-1  | running (3m11.0s), 30/30 VUs, 39116 complete and 0 interrupted iterations
load-k6-1  | fspiopTransfers   [  58% ] 30/30 VUs  3m11.0s/5m30.0s
load-k6-1  | 
load-k6-1  | 
load-k6-1  | running (3m12.0s), 30/30 VUs, 39327 complete and 0 interrupted iterations
load-k6-1  | fspiopTransfers   [  58% ] 30/30 VUs  3m12.0s/5m30.0s
load-k6-1  | 
load-k6-1  | 
load-k6-1  | running (3m13.0s), 30/30 VUs, 39551 complete and 0 interrupted iterations
load-k6-1  | fspiopTransfers   [  58% ] 30/30 VUs  3m13.0s/5m30.0s
load-k6-1  | 
load-k6-1  | 
load-k6-1  | running (3m14.0s), 30/30 VUs, 39777 complete and 0 interrupted iterations
load-k6-1  | fspiopTransfers   [  59% ] 30/30 VUs  3m14.0s/5m30.0s
load-k6-1  | 
load-k6-1  | 
load-k6-1  | running (3m15.0s), 30/30 VUs, 39997 complete and 0 interrupted iterations
load-k6-1  | fspiopTransfers   [  59% ] 30/30 VUs  3m15.0s/5m30.0s
load-k6-1  | 
load-k6-1  | 
load-k6-1  | running (3m16.0s), 30/30 VUs, 40219 complete and 0 interrupted iterations
load-k6-1  | fspiopTransfers   [  59% ] 30/30 VUs  3m16.0s/5m30.0s
load-k6-1  | 
load-k6-1  | 
load-k6-1  | running (3m17.0s), 30/30 VUs, 40437 complete and 0 interrupted iterations
load-k6-1  | fspiopTransfers   [  60% ] 30/30 VUs  3m17.0s/5m30.0s
load-k6-1  | 
load-k6-1  | 
load-k6-1  | running (3m18.0s), 30/30 VUs, 40663 complete and 0 interrupted iterations
load-k6-1  | fspiopTransfers   [  60% ] 30/30 VUs  3m18.0s/5m30.0s
load-k6-1  | 
load-k6-1  | 
load-k6-1  | running (3m19.0s), 30/30 VUs, 40889 complete and 0 interrupted iterations
load-k6-1  | fspiopTransfers   [  60% ] 30/30 VUs  3m19.0s/5m30.0s
load-k6-1  | 
load-k6-1  | 
load-k6-1  | running (3m20.0s), 30/30 VUs, 41115 complete and 0 interrupted iterations
load-k6-1  | fspiopTransfers   [  61% ] 30/30 VUs  3m20.0s/5m30.0s
load-k6-1  | 
load-k6-1  | 
load-k6-1  | running (3m21.0s), 30/30 VUs, 41336 complete and 0 interrupted iterations
load-k6-1  | fspiopTransfers   [  61% ] 30/30 VUs  3m21.0s/5m30.0s
load-k6-1  | 
load-k6-1  | 
load-k6-1  | running (3m22.0s), 30/30 VUs, 41552 complete and 0 interrupted iterations
load-k6-1  | fspiopTransfers   [  61% ] 30/30 VUs  3m22.0s/5m30.0s
load-k6-1  | 
load-k6-1  | 
load-k6-1  | running (3m23.0s), 30/30 VUs, 41756 complete and 0 interrupted iterations
load-k6-1  | fspiopTransfers   [  62% ] 30/30 VUs  3m23.0s/5m30.0s
load-k6-1  | 
load-k6-1  | 
load-k6-1  | running (3m24.0s), 30/30 VUs, 41970 complete and 0 interrupted iterations
load-k6-1  | fspiopTransfers   [  62% ] 30/30 VUs  3m24.0s/5m30.0s
load-k6-1  | 
load-k6-1  | 
load-k6-1  | running (3m25.0s), 30/30 VUs, 42192 complete and 0 interrupted iterations
load-k6-1  | fspiopTransfers   [  62% ] 30/30 VUs  3m25.0s/5m30.0s
load-k6-1  | 
load-k6-1  | 
load-k6-1  | running (3m26.0s), 30/30 VUs, 42421 complete and 0 interrupted iterations
load-k6-1  | fspiopTransfers   [  62% ] 30/30 VUs  3m26.0s/5m30.0s
load-k6-1  | 
load-k6-1  | 
load-k6-1  | running (3m27.0s), 30/30 VUs, 42658 complete and 0 interrupted iterations
load-k6-1  | fspiopTransfers   [  63% ] 30/30 VUs  3m27.0s/5m30.0s
load-k6-1  | 
load-k6-1  | 
load-k6-1  | running (3m28.0s), 30/30 VUs, 42891 complete and 0 interrupted iterations
load-k6-1  | fspiopTransfers   [  63% ] 30/30 VUs  3m28.0s/5m30.0s
load-k6-1  | 
load-k6-1  | 
load-k6-1  | running (3m29.0s), 30/30 VUs, 43122 complete and 0 interrupted iterations
load-k6-1  | fspiopTransfers   [  63% ] 30/30 VUs  3m29.0s/5m30.0s
load-k6-1  | 
load-k6-1  | 
load-k6-1  | running (3m30.0s), 30/30 VUs, 43350 complete and 0 interrupted iterations
load-k6-1  | fspiopTransfers   [  64% ] 30/30 VUs  3m30.0s/5m30.0s
load-k6-1  | 
load-k6-1  | 
load-k6-1  | running (3m31.0s), 30/30 VUs, 43569 complete and 0 interrupted iterations
load-k6-1  | fspiopTransfers   [  64% ] 30/30 VUs  3m31.0s/5m30.0s
load-k6-1  | 
load-k6-1  | 
load-k6-1  | running (3m32.0s), 30/30 VUs, 43775 complete and 0 interrupted iterations
load-k6-1  | fspiopTransfers   [  64% ] 30/30 VUs  3m32.0s/5m30.0s
load-k6-1  | 
load-k6-1  | 
load-k6-1  | running (3m33.0s), 30/30 VUs, 44012 complete and 0 interrupted iterations
load-k6-1  | fspiopTransfers   [  65% ] 30/30 VUs  3m33.0s/5m30.0s
load-k6-1  | 
load-k6-1  | 
load-k6-1  | running (3m34.0s), 30/30 VUs, 44252 complete and 0 interrupted iterations
load-k6-1  | fspiopTransfers   [  65% ] 30/30 VUs  3m34.0s/5m30.0s
load-k6-1  | 
load-k6-1  | 
load-k6-1  | running (3m35.0s), 30/30 VUs, 44486 complete and 0 interrupted iterations
load-k6-1  | fspiopTransfers   [  65% ] 30/30 VUs  3m35.0s/5m30.0s
load-k6-1  | 
load-k6-1  | 
load-k6-1  | running (3m36.0s), 30/30 VUs, 44708 complete and 0 interrupted iterations
load-k6-1  | fspiopTransfers   [  65% ] 30/30 VUs  3m36.0s/5m30.0s
load-k6-1  | 
load-k6-1  | 
load-k6-1  | running (3m37.0s), 30/30 VUs, 44932 complete and 0 interrupted iterations
load-k6-1  | fspiopTransfers   [  66% ] 30/30 VUs  3m37.0s/5m30.0s
load-k6-1  | 
load-k6-1  | 
load-k6-1  | running (3m38.0s), 30/30 VUs, 45154 complete and 0 interrupted iterations
load-k6-1  | fspiopTransfers   [  66% ] 30/30 VUs  3m38.0s/5m30.0s
load-k6-1  | 
load-k6-1  | 
load-k6-1  | running (3m39.0s), 30/30 VUs, 45373 complete and 0 interrupted iterations
load-k6-1  | fspiopTransfers   [  66% ] 30/30 VUs  3m39.0s/5m30.0s
load-k6-1  | 
load-k6-1  | 
load-k6-1  | running (3m40.0s), 30/30 VUs, 45603 complete and 0 interrupted iterations
load-k6-1  | fspiopTransfers   [  67% ] 30/30 VUs  3m40.0s/5m30.0s
load-k6-1  | 
load-k6-1  | 
load-k6-1  | running (3m41.0s), 30/30 VUs, 45818 complete and 0 interrupted iterations
load-k6-1  | fspiopTransfers   [  67% ] 30/30 VUs  3m41.0s/5m30.0s
load-k6-1  | 
load-k6-1  | 
load-k6-1  | running (3m42.0s), 30/30 VUs, 46017 complete and 0 interrupted iterations
load-k6-1  | fspiopTransfers   [  67% ] 30/30 VUs  3m42.0s/5m30.0s
load-k6-1  | 
load-k6-1  | 
load-k6-1  | running (3m43.0s), 30/30 VUs, 46238 complete and 0 interrupted iterations
load-k6-1  | fspiopTransfers   [  68% ] 30/30 VUs  3m43.0s/5m30.0s
load-k6-1  | 
load-k6-1  | 
load-k6-1  | running (3m44.0s), 30/30 VUs, 46466 complete and 0 interrupted iterations
load-k6-1  | fspiopTransfers   [  68% ] 30/30 VUs  3m44.0s/5m30.0s
load-k6-1  | 
load-k6-1  | 
load-k6-1  | running (3m45.0s), 30/30 VUs, 46685 complete and 0 interrupted iterations
load-k6-1  | fspiopTransfers   [  68% ] 30/30 VUs  3m45.0s/5m30.0s
load-k6-1  | 
load-k6-1  | 
load-k6-1  | running (3m46.0s), 30/30 VUs, 46909 complete and 0 interrupted iterations
load-k6-1  | fspiopTransfers   [  68% ] 30/30 VUs  3m46.0s/5m30.0s
load-k6-1  | 
load-k6-1  | 
load-k6-1  | running (3m47.0s), 30/30 VUs, 47125 complete and 0 interrupted iterations
load-k6-1  | fspiopTransfers   [  69% ] 30/30 VUs  3m47.0s/5m30.0s
load-k6-1  | 
load-k6-1  | 
load-k6-1  | running (3m48.0s), 30/30 VUs, 47344 complete and 0 interrupted iterations
load-k6-1  | fspiopTransfers   [  69% ] 30/30 VUs  3m48.0s/5m30.0s
load-k6-1  | 
load-k6-1  | 
load-k6-1  | running (3m49.0s), 30/30 VUs, 47566 complete and 0 interrupted iterations
load-k6-1  | fspiopTransfers   [  69% ] 30/30 VUs  3m49.0s/5m30.0s
load-k6-1  | 
load-k6-1  | 
load-k6-1  | running (3m50.0s), 30/30 VUs, 47793 complete and 0 interrupted iterations
load-k6-1  | fspiopTransfers   [  70% ] 30/30 VUs  3m50.0s/5m30.0s
load-k6-1  | 
load-k6-1  | 
load-k6-1  | running (3m51.0s), 30/30 VUs, 48009 complete and 0 interrupted iterations
load-k6-1  | fspiopTransfers   [  70% ] 30/30 VUs  3m51.0s/5m30.0s
load-k6-1  | 
load-k6-1  | 
load-k6-1  | running (3m52.0s), 30/30 VUs, 48212 complete and 0 interrupted iterations
load-k6-1  | fspiopTransfers   [  70% ] 30/30 VUs  3m52.0s/5m30.0s
load-k6-1  | 
load-k6-1  | 
load-k6-1  | running (3m53.0s), 30/30 VUs, 48441 complete and 0 interrupted iterations
load-k6-1  | fspiopTransfers   [  71% ] 30/30 VUs  3m53.0s/5m30.0s
load-k6-1  | 
load-k6-1  | 
load-k6-1  | running (3m54.0s), 30/30 VUs, 48661 complete and 0 interrupted iterations
load-k6-1  | fspiopTransfers   [  71% ] 30/30 VUs  3m54.0s/5m30.0s
load-k6-1  | 
load-k6-1  | 
load-k6-1  | running (3m55.0s), 30/30 VUs, 48870 complete and 0 interrupted iterations
load-k6-1  | fspiopTransfers   [  71% ] 30/30 VUs  3m55.0s/5m30.0s
load-k6-1  | 
load-k6-1  | 
load-k6-1  | running (3m56.0s), 30/30 VUs, 49088 complete and 0 interrupted iterations
load-k6-1  | fspiopTransfers   [  72% ] 30/30 VUs  3m56.0s/5m30.0s
load-k6-1  | 
load-k6-1  | 
load-k6-1  | running (3m57.0s), 30/30 VUs, 49309 complete and 0 interrupted iterations
load-k6-1  | fspiopTransfers   [  72% ] 30/30 VUs  3m57.0s/5m30.0s
load-k6-1  | 
load-k6-1  | 
load-k6-1  | running (3m58.0s), 30/30 VUs, 49535 complete and 0 interrupted iterations
load-k6-1  | fspiopTransfers   [  72% ] 30/30 VUs  3m58.0s/5m30.0s
load-k6-1  | 
load-k6-1  | 
load-k6-1  | running (3m59.0s), 30/30 VUs, 49760 complete and 0 interrupted iterations
load-k6-1  | fspiopTransfers   [  72% ] 30/30 VUs  3m59.0s/5m30.0s
load-k6-1  | 
load-k6-1  | 
load-k6-1  | running (4m00.0s), 30/30 VUs, 49988 complete and 0 interrupted iterations
load-k6-1  | fspiopTransfers   [  73% ] 30/30 VUs  4m00.0s/5m30.0s
load-k6-1  | 
load-k6-1  | 
load-k6-1  | running (4m01.0s), 30/30 VUs, 50210 complete and 0 interrupted iterations
load-k6-1  | fspiopTransfers   [  73% ] 30/30 VUs  4m01.0s/5m30.0s
load-k6-1  | 
load-k6-1  | 
load-k6-1  | running (4m02.0s), 30/30 VUs, 50419 complete and 0 interrupted iterations
load-k6-1  | fspiopTransfers   [  73% ] 30/30 VUs  4m02.0s/5m30.0s
load-k6-1  | 
load-k6-1  | 
load-k6-1  | running (4m03.0s), 30/30 VUs, 50631 complete and 0 interrupted iterations
load-k6-1  | fspiopTransfers   [  74% ] 30/30 VUs  4m03.0s/5m30.0s
load-k6-1  | 
load-k6-1  | 
load-k6-1  | running (4m04.0s), 30/30 VUs, 50857 complete and 0 interrupted iterations
load-k6-1  | fspiopTransfers   [  74% ] 30/30 VUs  4m04.0s/5m30.0s
load-k6-1  | 
load-k6-1  | 
load-k6-1  | running (4m05.0s), 30/30 VUs, 51086 complete and 0 interrupted iterations
load-k6-1  | fspiopTransfers   [  74% ] 30/30 VUs  4m05.0s/5m30.0s
load-k6-1  | 
load-k6-1  | 
load-k6-1  | running (4m06.0s), 30/30 VUs, 51312 complete and 0 interrupted iterations
load-k6-1  | fspiopTransfers   [  75% ] 30/30 VUs  4m06.0s/5m30.0s
load-k6-1  | 
load-k6-1  | 
load-k6-1  | running (4m07.0s), 30/30 VUs, 51535 complete and 0 interrupted iterations
load-k6-1  | fspiopTransfers   [  75% ] 30/30 VUs  4m07.0s/5m30.0s
load-k6-1  | 
load-k6-1  | 
load-k6-1  | running (4m08.0s), 30/30 VUs, 51762 complete and 0 interrupted iterations
load-k6-1  | fspiopTransfers   [  75% ] 30/30 VUs  4m08.0s/5m30.0s
load-k6-1  | 
load-k6-1  | 
load-k6-1  | running (4m09.0s), 30/30 VUs, 51986 complete and 0 interrupted iterations
load-k6-1  | fspiopTransfers   [  75% ] 30/30 VUs  4m09.0s/5m30.0s
load-k6-1  | 
load-k6-1  | 
load-k6-1  | running (4m10.0s), 30/30 VUs, 52212 complete and 0 interrupted iterations
load-k6-1  | fspiopTransfers   [  76% ] 30/30 VUs  4m10.0s/5m30.0s
load-k6-1  | 
load-k6-1  | 
load-k6-1  | running (4m11.0s), 30/30 VUs, 52433 complete and 0 interrupted iterations
load-k6-1  | fspiopTransfers   [  76% ] 30/30 VUs  4m11.0s/5m30.0s
load-k6-1  | 
load-k6-1  | 
load-k6-1  | running (4m12.0s), 30/30 VUs, 52643 complete and 0 interrupted iterations
load-k6-1  | fspiopTransfers   [  76% ] 30/30 VUs  4m12.0s/5m30.0s
load-k6-1  | 
load-k6-1  | 
load-k6-1  | running (4m13.0s), 30/30 VUs, 52871 complete and 0 interrupted iterations
load-k6-1  | fspiopTransfers   [  77% ] 30/30 VUs  4m13.0s/5m30.0s
load-k6-1  | 
load-k6-1  | 
load-k6-1  | running (4m14.0s), 30/30 VUs, 53080 complete and 0 interrupted iterations
load-k6-1  | fspiopTransfers   [  77% ] 30/30 VUs  4m14.0s/5m30.0s
load-k6-1  | 
load-k6-1  | 
load-k6-1  | running (4m15.0s), 30/30 VUs, 53297 complete and 0 interrupted iterations
load-k6-1  | fspiopTransfers   [  77% ] 30/30 VUs  4m15.0s/5m30.0s
load-k6-1  | 
load-k6-1  | 
load-k6-1  | running (4m16.0s), 30/30 VUs, 53526 complete and 0 interrupted iterations
load-k6-1  | fspiopTransfers   [  78% ] 30/30 VUs  4m16.0s/5m30.0s
load-k6-1  | 
load-k6-1  | 
load-k6-1  | running (4m17.0s), 30/30 VUs, 53760 complete and 0 interrupted iterations
load-k6-1  | fspiopTransfers   [  78% ] 30/30 VUs  4m17.0s/5m30.0s
load-k6-1  | 
load-k6-1  | 
load-k6-1  | running (4m18.0s), 30/30 VUs, 53990 complete and 0 interrupted iterations
load-k6-1  | fspiopTransfers   [  78% ] 30/30 VUs  4m18.0s/5m30.0s
load-k6-1  | 
load-k6-1  | 
load-k6-1  | running (4m19.0s), 30/30 VUs, 54210 complete and 0 interrupted iterations
load-k6-1  | fspiopTransfers   [  78% ] 30/30 VUs  4m19.0s/5m30.0s
load-k6-1  | 
load-k6-1  | 
load-k6-1  | running (4m20.0s), 30/30 VUs, 54436 complete and 0 interrupted iterations
load-k6-1  | fspiopTransfers   [  79% ] 30/30 VUs  4m20.0s/5m30.0s
load-k6-1  | 
load-k6-1  | 
load-k6-1  | running (4m21.0s), 30/30 VUs, 54653 complete and 0 interrupted iterations
load-k6-1  | fspiopTransfers   [  79% ] 30/30 VUs  4m21.0s/5m30.0s
load-k6-1  | 
load-k6-1  | 
load-k6-1  | running (4m22.0s), 30/30 VUs, 54869 complete and 0 interrupted iterations
load-k6-1  | fspiopTransfers   [  79% ] 30/30 VUs  4m22.0s/5m30.0s
load-k6-1  | 
load-k6-1  | 
load-k6-1  | running (4m23.0s), 30/30 VUs, 55094 complete and 0 interrupted iterations
load-k6-1  | fspiopTransfers   [  80% ] 30/30 VUs  4m23.0s/5m30.0s
load-k6-1  | 
load-k6-1  | 
load-k6-1  | running (4m24.0s), 30/30 VUs, 55313 complete and 0 interrupted iterations
load-k6-1  | fspiopTransfers   [  80% ] 30/30 VUs  4m24.0s/5m30.0s
load-k6-1  | 
load-k6-1  | 
load-k6-1  | running (4m25.0s), 30/30 VUs, 55527 complete and 0 interrupted iterations
load-k6-1  | fspiopTransfers   [  80% ] 30/30 VUs  4m25.0s/5m30.0s
load-k6-1  | 
load-k6-1  | 
load-k6-1  | running (4m26.0s), 30/30 VUs, 55748 complete and 0 interrupted iterations
load-k6-1  | fspiopTransfers   [  81% ] 30/30 VUs  4m26.0s/5m30.0s
load-k6-1  | 
load-k6-1  | 
load-k6-1  | running (4m27.0s), 30/30 VUs, 55963 complete and 0 interrupted iterations
load-k6-1  | fspiopTransfers   [  81% ] 30/30 VUs  4m27.0s/5m30.0s
load-k6-1  | 
load-k6-1  | 
load-k6-1  | running (4m28.0s), 30/30 VUs, 56168 complete and 0 interrupted iterations
load-k6-1  | fspiopTransfers   [  81% ] 30/30 VUs  4m28.0s/5m30.0s
load-k6-1  | 
load-k6-1  | 
load-k6-1  | running (4m29.0s), 30/30 VUs, 56386 complete and 0 interrupted iterations
load-k6-1  | fspiopTransfers   [  82% ] 30/30 VUs  4m29.0s/5m30.0s
load-k6-1  | 
load-k6-1  | 
load-k6-1  | running (4m30.0s), 30/30 VUs, 56601 complete and 0 interrupted iterations
load-k6-1  | fspiopTransfers   [  82% ] 30/30 VUs  4m30.0s/5m30.0s
load-k6-1  | 
load-k6-1  | 
load-k6-1  | running (4m31.0s), 30/30 VUs, 56813 complete and 0 interrupted iterations
load-k6-1  | fspiopTransfers   [  82% ] 30/30 VUs  4m31.0s/5m30.0s
load-k6-1  | 
load-k6-1  | 
load-k6-1  | running (4m32.0s), 30/30 VUs, 57021 complete and 0 interrupted iterations
load-k6-1  | fspiopTransfers   [  82% ] 30/30 VUs  4m32.0s/5m30.0s
load-k6-1  | 
load-k6-1  | 
load-k6-1  | running (4m33.0s), 30/30 VUs, 57247 complete and 0 interrupted iterations
load-k6-1  | fspiopTransfers   [  83% ] 30/30 VUs  4m33.0s/5m30.0s
load-k6-1  | 
load-k6-1  | 
load-k6-1  | running (4m34.0s), 30/30 VUs, 57471 complete and 0 interrupted iterations
load-k6-1  | fspiopTransfers   [  83% ] 30/30 VUs  4m34.0s/5m30.0s
load-k6-1  | 
load-k6-1  | 
load-k6-1  | running (4m35.0s), 30/30 VUs, 57695 complete and 0 interrupted iterations
load-k6-1  | fspiopTransfers   [  83% ] 30/30 VUs  4m35.0s/5m30.0s
load-k6-1  | 
load-k6-1  | 
load-k6-1  | running (4m36.0s), 30/30 VUs, 57905 complete and 0 interrupted iterations
load-k6-1  | fspiopTransfers   [  84% ] 30/30 VUs  4m36.0s/5m30.0s
load-k6-1  | 
load-k6-1  | 
load-k6-1  | running (4m37.0s), 30/30 VUs, 58100 complete and 0 interrupted iterations
load-k6-1  | fspiopTransfers   [  84% ] 30/30 VUs  4m37.0s/5m30.0s
load-k6-1  | 
load-k6-1  | 
load-k6-1  | running (4m38.0s), 30/30 VUs, 58325 complete and 0 interrupted iterations
load-k6-1  | fspiopTransfers   [  84% ] 30/30 VUs  4m38.0s/5m30.0s
load-k6-1  | 
load-k6-1  | 
load-k6-1  | running (4m39.0s), 30/30 VUs, 58535 complete and 0 interrupted iterations
load-k6-1  | fspiopTransfers   [  85% ] 30/30 VUs  4m39.0s/5m30.0s
load-k6-1  | 
load-k6-1  | 
load-k6-1  | running (4m40.0s), 30/30 VUs, 58762 complete and 0 interrupted iterations
load-k6-1  | fspiopTransfers   [  85% ] 30/30 VUs  4m40.0s/5m30.0s
load-k6-1  | 
load-k6-1  | 
load-k6-1  | running (4m41.0s), 30/30 VUs, 58979 complete and 0 interrupted iterations
load-k6-1  | fspiopTransfers   [  85% ] 30/30 VUs  4m41.0s/5m30.0s
load-k6-1  | 
load-k6-1  | 
load-k6-1  | running (4m42.0s), 30/30 VUs, 59197 complete and 0 interrupted iterations
load-k6-1  | fspiopTransfers   [  85% ] 30/30 VUs  4m42.0s/5m30.0s
load-k6-1  | 
load-k6-1  | 
load-k6-1  | running (4m43.0s), 30/30 VUs, 59410 complete and 0 interrupted iterations
load-k6-1  | fspiopTransfers   [  86% ] 30/30 VUs  4m43.0s/5m30.0s
load-k6-1  | 
load-k6-1  | 
load-k6-1  | running (4m44.0s), 30/30 VUs, 59637 complete and 0 interrupted iterations
load-k6-1  | fspiopTransfers   [  86% ] 30/30 VUs  4m44.0s/5m30.0s
load-k6-1  | 
load-k6-1  | 
load-k6-1  | running (4m45.0s), 30/30 VUs, 59853 complete and 0 interrupted iterations
load-k6-1  | fspiopTransfers   [  86% ] 30/30 VUs  4m45.0s/5m30.0s
load-k6-1  | 
load-k6-1  | 
load-k6-1  | running (4m46.0s), 30/30 VUs, 60071 complete and 0 interrupted iterations
load-k6-1  | fspiopTransfers   [  87% ] 30/30 VUs  4m46.0s/5m30.0s
load-k6-1  | 
load-k6-1  | 
load-k6-1  | running (4m47.0s), 30/30 VUs, 60275 complete and 0 interrupted iterations
load-k6-1  | fspiopTransfers   [  87% ] 30/30 VUs  4m47.0s/5m30.0s
load-k6-1  | 
load-k6-1  | 
load-k6-1  | running (4m48.0s), 30/30 VUs, 60489 complete and 0 interrupted iterations
load-k6-1  | fspiopTransfers   [  87% ] 30/30 VUs  4m48.0s/5m30.0s
load-k6-1  | 
load-k6-1  | 
load-k6-1  | running (4m49.0s), 30/30 VUs, 60715 complete and 0 interrupted iterations
load-k6-1  | fspiopTransfers   [  88% ] 30/30 VUs  4m49.0s/5m30.0s
load-k6-1  | 
load-k6-1  | 
load-k6-1  | running (4m50.0s), 30/30 VUs, 60943 complete and 0 interrupted iterations
load-k6-1  | fspiopTransfers   [  88% ] 30/30 VUs  4m50.0s/5m30.0s
load-k6-1  | 
load-k6-1  | 
load-k6-1  | running (4m51.0s), 30/30 VUs, 61144 complete and 0 interrupted iterations
load-k6-1  | fspiopTransfers   [  88% ] 30/30 VUs  4m51.0s/5m30.0s
load-k6-1  | 
load-k6-1  | 
load-k6-1  | running (4m52.0s), 30/30 VUs, 61360 complete and 0 interrupted iterations
load-k6-1  | fspiopTransfers   [  88% ] 30/30 VUs  4m52.0s/5m30.0s
load-k6-1  | 
load-k6-1  | 
load-k6-1  | running (4m53.0s), 30/30 VUs, 61581 complete and 0 interrupted iterations
load-k6-1  | fspiopTransfers   [  89% ] 30/30 VUs  4m53.0s/5m30.0s
load-k6-1  | 
load-k6-1  | 
load-k6-1  | running (4m54.0s), 30/30 VUs, 61804 complete and 0 interrupted iterations
load-k6-1  | fspiopTransfers   [  89% ] 30/30 VUs  4m54.0s/5m30.0s
load-k6-1  | 
load-k6-1  | 
load-k6-1  | running (4m55.0s), 30/30 VUs, 62032 complete and 0 interrupted iterations
load-k6-1  | fspiopTransfers   [  89% ] 30/30 VUs  4m55.0s/5m30.0s
load-k6-1  | 
load-k6-1  | 
load-k6-1  | running (4m56.0s), 30/30 VUs, 62258 complete and 0 interrupted iterations
load-k6-1  | fspiopTransfers   [  90% ] 30/30 VUs  4m56.0s/5m30.0s
load-k6-1  | 
load-k6-1  | 
load-k6-1  | running (4m57.0s), 30/30 VUs, 62482 complete and 0 interrupted iterations
load-k6-1  | fspiopTransfers   [  90% ] 30/30 VUs  4m57.0s/5m30.0s
load-k6-1  | 
load-k6-1  | 
load-k6-1  | running (4m58.0s), 30/30 VUs, 62715 complete and 0 interrupted iterations
load-k6-1  | fspiopTransfers   [  90% ] 30/30 VUs  4m58.0s/5m30.0s
load-k6-1  | 
load-k6-1  | 
load-k6-1  | running (4m59.0s), 30/30 VUs, 62936 complete and 0 interrupted iterations
load-k6-1  | fspiopTransfers   [  91% ] 30/30 VUs  4m59.0s/5m30.0s
load-k6-1  | 
load-k6-1  | 
load-k6-1  | running (5m00.0s), 30/30 VUs, 63152 complete and 0 interrupted iterations
load-k6-1  | fspiopTransfers   [  91% ] 30/30 VUs  5m00.0s/5m30.0s
load-k6-1  | 
load-k6-1  | 
load-k6-1  | running (5m01.0s), 30/30 VUs, 63367 complete and 0 interrupted iterations
load-k6-1  | fspiopTransfers   [  91% ] 30/30 VUs  5m01.0s/5m30.0s
load-k6-1  | 
load-k6-1  | 
load-k6-1  | running (5m02.0s), 30/30 VUs, 63584 complete and 0 interrupted iterations
load-k6-1  | fspiopTransfers   [  92% ] 30/30 VUs  5m02.0s/5m30.0s
load-k6-1  | 
load-k6-1  | 
load-k6-1  | running (5m03.0s), 30/30 VUs, 63814 complete and 0 interrupted iterations
load-k6-1  | fspiopTransfers   [  92% ] 30/30 VUs  5m03.0s/5m30.0s
load-k6-1  | 
load-k6-1  | 
load-k6-1  | running (5m04.0s), 30/30 VUs, 64020 complete and 0 interrupted iterations
load-k6-1  | fspiopTransfers   [  92% ] 30/30 VUs  5m04.0s/5m30.0s
load-k6-1  | 
load-k6-1  | 
load-k6-1  | running (5m05.0s), 30/30 VUs, 64258 complete and 0 interrupted iterations
load-k6-1  | fspiopTransfers   [  92% ] 30/30 VUs  5m05.0s/5m30.0s
load-k6-1  | 
load-k6-1  | 
load-k6-1  | running (5m06.0s), 30/30 VUs, 64483 complete and 0 interrupted iterations
load-k6-1  | fspiopTransfers   [  93% ] 30/30 VUs  5m06.0s/5m30.0s
load-k6-1  | 
load-k6-1  | 
load-k6-1  | running (5m07.0s), 30/30 VUs, 64705 complete and 0 interrupted iterations
load-k6-1  | fspiopTransfers   [  93% ] 30/30 VUs  5m07.0s/5m30.0s
load-k6-1  | 
load-k6-1  | 
load-k6-1  | running (5m08.0s), 30/30 VUs, 64931 complete and 0 interrupted iterations
load-k6-1  | fspiopTransfers   [  93% ] 30/30 VUs  5m08.0s/5m30.0s
load-k6-1  | 
load-k6-1  | 
load-k6-1  | running (5m09.0s), 30/30 VUs, 65155 complete and 0 interrupted iterations
load-k6-1  | fspiopTransfers   [  94% ] 30/30 VUs  5m09.0s/5m30.0s
load-k6-1  | 
load-k6-1  | 
load-k6-1  | running (5m10.0s), 30/30 VUs, 65378 complete and 0 interrupted iterations
load-k6-1  | fspiopTransfers   [  94% ] 30/30 VUs  5m10.0s/5m30.0s
load-k6-1  | 
load-k6-1  | 
load-k6-1  | running (5m11.0s), 30/30 VUs, 65601 complete and 0 interrupted iterations
load-k6-1  | fspiopTransfers   [  94% ] 30/30 VUs  5m11.0s/5m30.0s
load-k6-1  | 
load-k6-1  | 
load-k6-1  | running (5m12.0s), 30/30 VUs, 65811 complete and 0 interrupted iterations
load-k6-1  | fspiopTransfers   [  95% ] 30/30 VUs  5m12.0s/5m30.0s
load-k6-1  | 
load-k6-1  | 
load-k6-1  | running (5m13.0s), 30/30 VUs, 66034 complete and 0 interrupted iterations
load-k6-1  | fspiopTransfers   [  95% ] 30/30 VUs  5m13.0s/5m30.0s
load-k6-1  | 
load-k6-1  | 
load-k6-1  | running (5m14.0s), 30/30 VUs, 66255 complete and 0 interrupted iterations
load-k6-1  | fspiopTransfers   [  95% ] 30/30 VUs  5m14.0s/5m30.0s
load-k6-1  | 
load-k6-1  | 
load-k6-1  | running (5m15.0s), 30/30 VUs, 66475 complete and 0 interrupted iterations
load-k6-1  | fspiopTransfers   [  95% ] 30/30 VUs  5m15.0s/5m30.0s
load-k6-1  | 
load-k6-1  | 
load-k6-1  | running (5m16.0s), 30/30 VUs, 66707 complete and 0 interrupted iterations
load-k6-1  | fspiopTransfers   [  96% ] 30/30 VUs  5m16.0s/5m30.0s
load-k6-1  | 
load-k6-1  | 
load-k6-1  | running (5m17.0s), 30/30 VUs, 66906 complete and 0 interrupted iterations
load-k6-1  | fspiopTransfers   [  96% ] 30/30 VUs  5m17.0s/5m30.0s
load-k6-1  | 
load-k6-1  | 
load-k6-1  | running (5m18.0s), 30/30 VUs, 67125 complete and 0 interrupted iterations
load-k6-1  | fspiopTransfers   [  96% ] 30/30 VUs  5m18.0s/5m30.0s
load-k6-1  | 
load-k6-1  | 
load-k6-1  | running (5m19.0s), 30/30 VUs, 67349 complete and 0 interrupted iterations
load-k6-1  | fspiopTransfers   [  97% ] 30/30 VUs  5m19.0s/5m30.0s
load-k6-1  | 
load-k6-1  | 
load-k6-1  | running (5m20.0s), 30/30 VUs, 67578 complete and 0 interrupted iterations
load-k6-1  | fspiopTransfers   [  97% ] 30/30 VUs  5m20.0s/5m30.0s
load-k6-1  | 
load-k6-1  | 
load-k6-1  | running (5m21.0s), 30/30 VUs, 67785 complete and 0 interrupted iterations
load-k6-1  | fspiopTransfers   [  97% ] 30/30 VUs  5m21.0s/5m30.0s
load-k6-1  | 
load-k6-1  | 
load-k6-1  | running (5m22.0s), 30/30 VUs, 68001 complete and 0 interrupted iterations
load-k6-1  | fspiopTransfers   [  98% ] 30/30 VUs  5m22.0s/5m30.0s
load-k6-1  | 
load-k6-1  | 
load-k6-1  | running (5m23.0s), 30/30 VUs, 68222 complete and 0 interrupted iterations
load-k6-1  | fspiopTransfers   [  98% ] 30/30 VUs  5m23.0s/5m30.0s
load-k6-1  | 
load-k6-1  | 
load-k6-1  | running (5m24.0s), 30/30 VUs, 68446 complete and 0 interrupted iterations
load-k6-1  | fspiopTransfers   [  98% ] 30/30 VUs  5m24.0s/5m30.0s
load-k6-1  | 
load-k6-1  | 
load-k6-1  | running (5m25.0s), 30/30 VUs, 68671 complete and 0 interrupted iterations
load-k6-1  | fspiopTransfers   [  98% ] 30/30 VUs  5m25.0s/5m30.0s
load-k6-1  | 
load-k6-1  | 
load-k6-1  | running (5m26.0s), 30/30 VUs, 68894 complete and 0 interrupted iterations
load-k6-1  | fspiopTransfers   [  99% ] 30/30 VUs  5m26.0s/5m30.0s
load-k6-1  | 
load-k6-1  | 
load-k6-1  | running (5m27.0s), 30/30 VUs, 69119 complete and 0 interrupted iterations
load-k6-1  | fspiopTransfers   [  99% ] 30/30 VUs  5m27.0s/5m30.0s
load-k6-1  | 
load-k6-1  | 
load-k6-1  | running (5m28.0s), 30/30 VUs, 69350 complete and 0 interrupted iterations
load-k6-1  | fspiopTransfers   [  99% ] 30/30 VUs  5m28.0s/5m30.0s
load-k6-1  | 
load-k6-1  | 
load-k6-1  | running (5m29.0s), 30/30 VUs, 69573 complete and 0 interrupted iterations
load-k6-1  | fspiopTransfers   [ 100% ] 30/30 VUs  5m29.0s/5m30.0s
load-k6-1  | 
load-k6-1  | 
load-k6-1  | running (5m30.0s), 30/30 VUs, 69799 complete and 0 interrupted iterations
load-k6-1  | fspiopTransfers   [ 100% ] 30/30 VUs  5m30.0s/5m30.0s
load-k6-1  | 
load-k6-1  | 
load-k6-1  |      ✓ TRANSFERS_FSPIOP_POST_TRANSFERS_RESPONSE_IS_202
load-k6-1  |      ✓ TRANSFERS_E2E_FSPIOP_POST_TRANSFERS_SUCCESS
load-k6-1  | 
load-k6-1  |      █ Post Transfers
load-k6-1  | 
load-k6-1  |      checks.........................: 100.00% ✓ 139664     ✗ 0    
load-k6-1  |      data_received..................: 22 MB   66 kB/s
load-k6-1  |      data_sent......................: 145 MB  438 kB/s
load-k6-1  |      group_duration.................: avg=271.82µs min=139.43µs med=257.11µs max=20.71ms  p(90)=307.94µs p(95)=348.15µs
load-k6-1  |      http_req_blocked...............: avg=6.25µs   min=1.84µs   med=4.49µs   max=83.06ms  p(90)=5.58µs   p(95)=6.06µs  
load-k6-1  |      http_req_connecting............: avg=1.24µs   min=0s       med=0s       max=83ms     p(90)=0s       p(95)=0s      
load-k6-1  |    ✓ http_req_duration..............: avg=1.89ms   min=871.78µs med=1.72ms   max=39.88ms  p(90)=2.55ms   p(95)=3ms     
load-k6-1  |        { expected_response:true }...: avg=1.89ms   min=871.78µs med=1.72ms   max=39.88ms  p(90)=2.55ms   p(95)=3ms     
load-k6-1  |    ✓ http_req_failed................: 0.00%   ✓ 0          ✗ 69832
load-k6-1  |      http_req_receiving.............: avg=35.55µs  min=9.38µs   med=32.48µs  max=9.39ms   p(90)=44.46µs  p(95)=48.96µs 
load-k6-1  |      http_req_sending...............: avg=24.99µs  min=9.37µs   med=21.56µs  max=35.09ms  p(90)=28.68µs  p(95)=32.83µs 
load-k6-1  |      http_req_tls_handshaking.......: avg=0s       min=0s       med=0s       max=0s       p(90)=0s       p(95)=0s      
load-k6-1  |      http_req_waiting...............: avg=1.83ms   min=836.05µs med=1.66ms   max=30.07ms  p(90)=2.49ms   p(95)=2.93ms  
load-k6-1  |      http_reqs......................: 69832   211.534165/s
load-k6-1  |    ✓ iteration_duration.............: avg=135.33ms min=68.25ms  med=131.91ms max=342.82ms p(90)=177.28ms p(95)=192.13ms
load-k6-1  |      iterations.....................: 69832   211.534165/s
load-k6-1  |      vus............................: 30      min=1        max=30 
load-k6-1  |      vus_max........................: 30      min=30       max=30 
load-k6-1  |      ws_connecting..................: avg=784.42µs min=251.56µs med=632.25µs max=38.26ms  p(90)=1.24ms   p(95)=1.62ms  
load-k6-1  |      ws_msgs_received...............: 69832   211.534165/s
load-k6-1  |      ws_msgs_sent...................: 69832   211.534165/s
load-k6-1  |      ws_session_duration............: avg=134.96ms min=67.85ms  med=131.55ms max=342.36ms p(90)=176.9ms  p(95)=191.75ms
load-k6-1  |      ws_sessions....................: 69832   211.534165/s
load-k6-1  | 
load-k6-1  | 
load-k6-1  | running (5m30.1s), 00/30 VUs, 69832 complete and 0 interrupted iterations
load-k6-1  | fspiopTransfers ✓ [ 100% ] 00/30 VUs  5m30s
load-k6-1  | 
load-k6-1 exited with code 0
