Attaching to load-k6-1
load-k6-1  | 
load-k6-1  |           /\      |‾‾| /‾‾/   /‾‾/   
load-k6-1  |      /\  /  \     |  |/  /   /  /    
load-k6-1  |     /  \/    \    |     (   /   ‾‾\  
load-k6-1  |    /          \   |  |\  \ |  (‾)  | 
load-k6-1  |   / __________ \  |__| \__\ \_____/ .io
load-k6-1  | 
load-k6-1  | 
load-k6-1  |   execution: local
load-k6-1  |      script: /scripts/index.js
load-k6-1  |      output: Prometheus remote write (http://prometheus:9090/api/v1/write)
load-k6-1  | 
load-k6-1  |   scenarios: (100.00%) 1 scenario, 6 max VUs, 6m0s max duration (incl. graceful stop):
load-k6-1  |            * fspiopTransfers: Up to 6 looping VUs for 5m30s over 2 stages (gracefulRampDown: 30s, exec: fspiopTransfersScenarios, gracefulStop: 30s)
load-k6-1  | 
load-k6-1  | 
load-k6-1  | 
load-k6-1  | running (0m01.0s), 1/6 VUs, 0 complete and 0 interrupted iterations
load-k6-1  | fspiopTransfers   [   0% ] 1/6 VUs  0m01.0s/5m30.0s
load-k6-1  | 
load-k6-1  | 
load-k6-1  | running (0m02.0s), 1/6 VUs, 0 complete and 0 interrupted iterations
load-k6-1  | fspiopTransfers   [   1% ] 1/6 VUs  0m02.0s/5m30.0s
load-k6-1  | 
load-k6-1  | 
load-k6-1  | running (0m03.0s), 1/6 VUs, 0 complete and 0 interrupted iterations
load-k6-1  | fspiopTransfers   [   1% ] 1/6 VUs  0m03.0s/5m30.0s
load-k6-1  | 
load-k6-1  | 
load-k6-1  | running (0m04.0s), 1/6 VUs, 0 complete and 0 interrupted iterations
load-k6-1  | fspiopTransfers   [   1% ] 1/6 VUs  0m04.0s/5m30.0s
load-k6-1  | 
load-k6-1  | 
load-k6-1  | running (0m05.0s), 1/6 VUs, 1 complete and 0 interrupted iterations
load-k6-1  | fspiopTransfers   [   2% ] 1/6 VUs  0m05.0s/5m30.0s
load-k6-1  | 
load-k6-1  | 
load-k6-1  | running (0m06.0s), 1/6 VUs, 1 complete and 0 interrupted iterations
load-k6-1  | fspiopTransfers   [   2% ] 1/6 VUs  0m06.0s/5m30.0s
load-k6-1  | 
load-k6-1  | 
load-k6-1  | running (0m07.0s), 2/6 VUs, 1 complete and 0 interrupted iterations
load-k6-1  | fspiopTransfers   [   2% ] 2/6 VUs  0m07.0s/5m30.0s
load-k6-1  | 
load-k6-1  | 
load-k6-1  | running (0m08.0s), 2/6 VUs, 3 complete and 0 interrupted iterations
load-k6-1  | fspiopTransfers   [   2% ] 2/6 VUs  0m08.0s/5m30.0s
load-k6-1  | 
load-k6-1  | 
load-k6-1  | running (0m09.0s), 2/6 VUs, 4 complete and 0 interrupted iterations
load-k6-1  | fspiopTransfers   [   3% ] 2/6 VUs  0m09.0s/5m30.0s
load-k6-1  | 
load-k6-1  | 
load-k6-1  | running (0m10.0s), 2/6 VUs, 4 complete and 0 interrupted iterations
load-k6-1  | fspiopTransfers   [   3% ] 2/6 VUs  0m10.0s/5m30.0s
load-k6-1  | 
load-k6-1  | 
load-k6-1  | running (0m11.0s), 2/6 VUs, 5 complete and 0 interrupted iterations
load-k6-1  | fspiopTransfers   [   3% ] 2/6 VUs  0m11.0s/5m30.0s
load-k6-1  | 
load-k6-1  | 
load-k6-1  | running (0m12.0s), 2/6 VUs, 6 complete and 0 interrupted iterations
load-k6-1  | fspiopTransfers   [   4% ] 2/6 VUs  0m12.0s/5m30.0s
load-k6-1  | 
load-k6-1  | 
load-k6-1  | running (0m13.0s), 3/6 VUs, 6 complete and 0 interrupted iterations
load-k6-1  | fspiopTransfers   [   4% ] 3/6 VUs  0m13.0s/5m30.0s
load-k6-1  | 
load-k6-1  | 
load-k6-1  | running (0m14.0s), 3/6 VUs, 7 complete and 0 interrupted iterations
load-k6-1  | fspiopTransfers   [   4% ] 3/6 VUs  0m14.0s/5m30.0s
load-k6-1  | 
load-k6-1  | 
load-k6-1  | running (0m15.0s), 3/6 VUs, 9 complete and 0 interrupted iterations
load-k6-1  | fspiopTransfers   [   5% ] 3/6 VUs  0m15.0s/5m30.0s
load-k6-1  | 
load-k6-1  | 
load-k6-1  | running (0m16.0s), 3/6 VUs, 10 complete and 0 interrupted iterations
load-k6-1  | fspiopTransfers   [   5% ] 3/6 VUs  0m16.0s/5m30.0s
load-k6-1  | 
load-k6-1  | 
load-k6-1  | running (0m17.0s), 3/6 VUs, 12 complete and 0 interrupted iterations
load-k6-1  | fspiopTransfers   [   5% ] 3/6 VUs  0m17.0s/5m30.0s
load-k6-1  | 
load-k6-1  | 
load-k6-1  | running (0m18.0s), 3/6 VUs, 13 complete and 0 interrupted iterations
load-k6-1  | fspiopTransfers   [   5% ] 3/6 VUs  0m18.0s/5m30.0s
load-k6-1  | 
load-k6-1  | 
load-k6-1  | running (0m19.0s), 4/6 VUs, 51 complete and 0 interrupted iterations
load-k6-1  | fspiopTransfers   [   6% ] 4/6 VUs  0m19.0s/5m30.0s
load-k6-1  | 
load-k6-1  | 
load-k6-1  | running (0m20.0s), 4/6 VUs, 93 complete and 0 interrupted iterations
load-k6-1  | fspiopTransfers   [   6% ] 4/6 VUs  0m20.0s/5m30.0s
load-k6-1  | 
load-k6-1  | 
load-k6-1  | running (0m21.0s), 4/6 VUs, 137 complete and 0 interrupted iterations
load-k6-1  | fspiopTransfers   [   6% ] 4/6 VUs  0m21.0s/5m30.0s
load-k6-1  | 
load-k6-1  | 
load-k6-1  | running (0m22.0s), 4/6 VUs, 179 complete and 0 interrupted iterations
load-k6-1  | fspiopTransfers   [   7% ] 4/6 VUs  0m22.0s/5m30.0s
load-k6-1  | 
load-k6-1  | 
load-k6-1  | running (0m23.0s), 4/6 VUs, 223 complete and 0 interrupted iterations
load-k6-1  | fspiopTransfers   [   7% ] 4/6 VUs  0m23.0s/5m30.0s
load-k6-1  | 
load-k6-1  | 
load-k6-1  | running (0m24.0s), 4/6 VUs, 267 complete and 0 interrupted iterations
load-k6-1  | fspiopTransfers   [   7% ] 4/6 VUs  0m24.0s/5m30.0s
load-k6-1  | 
load-k6-1  | 
load-k6-1  | running (0m25.0s), 5/6 VUs, 317 complete and 0 interrupted iterations
load-k6-1  | fspiopTransfers   [   8% ] 5/6 VUs  0m25.0s/5m30.0s
load-k6-1  | 
load-k6-1  | 
load-k6-1  | running (0m26.0s), 5/6 VUs, 368 complete and 0 interrupted iterations
load-k6-1  | fspiopTransfers   [   8% ] 5/6 VUs  0m26.0s/5m30.0s
load-k6-1  | 
load-k6-1  | 
load-k6-1  | running (0m27.0s), 5/6 VUs, 421 complete and 0 interrupted iterations
load-k6-1  | fspiopTransfers   [   8% ] 5/6 VUs  0m27.0s/5m30.0s
load-k6-1  | 
load-k6-1  | 
load-k6-1  | running (0m28.0s), 5/6 VUs, 471 complete and 0 interrupted iterations
load-k6-1  | fspiopTransfers   [   8% ] 5/6 VUs  0m28.0s/5m30.0s
load-k6-1  | 
load-k6-1  | 
load-k6-1  | running (0m29.0s), 5/6 VUs, 521 complete and 0 interrupted iterations
load-k6-1  | fspiopTransfers   [   9% ] 5/6 VUs  0m29.0s/5m30.0s
load-k6-1  | 
load-k6-1  | 
load-k6-1  | running (0m30.0s), 5/6 VUs, 575 complete and 0 interrupted iterations
load-k6-1  | fspiopTransfers   [   9% ] 5/6 VUs  0m30.0s/5m30.0s
load-k6-1  | 
load-k6-1  | 
load-k6-1  | running (0m31.0s), 6/6 VUs, 632 complete and 0 interrupted iterations
load-k6-1  | fspiopTransfers   [   9% ] 6/6 VUs  0m31.0s/5m30.0s
load-k6-1  | 
load-k6-1  | 
load-k6-1  | running (0m32.0s), 6/6 VUs, 694 complete and 0 interrupted iterations
load-k6-1  | fspiopTransfers   [  10% ] 6/6 VUs  0m32.0s/5m30.0s
load-k6-1  | 
load-k6-1  | 
load-k6-1  | running (0m33.0s), 6/6 VUs, 756 complete and 0 interrupted iterations
load-k6-1  | fspiopTransfers   [  10% ] 6/6 VUs  0m33.0s/5m30.0s
load-k6-1  | 
load-k6-1  | 
load-k6-1  | running (0m34.0s), 6/6 VUs, 820 complete and 0 interrupted iterations
load-k6-1  | fspiopTransfers   [  10% ] 6/6 VUs  0m34.0s/5m30.0s
load-k6-1  | 
load-k6-1  | 
load-k6-1  | running (0m35.0s), 6/6 VUs, 880 complete and 0 interrupted iterations
load-k6-1  | fspiopTransfers   [  11% ] 6/6 VUs  0m35.0s/5m30.0s
load-k6-1  | 
load-k6-1  | 
load-k6-1  | running (0m36.0s), 6/6 VUs, 944 complete and 0 interrupted iterations
load-k6-1  | fspiopTransfers   [  11% ] 6/6 VUs  0m36.0s/5m30.0s
load-k6-1  | 
load-k6-1  | 
load-k6-1  | running (0m37.0s), 6/6 VUs, 1006 complete and 0 interrupted iterations
load-k6-1  | fspiopTransfers   [  11% ] 6/6 VUs  0m37.0s/5m30.0s
load-k6-1  | 
load-k6-1  | 
load-k6-1  | running (0m38.0s), 6/6 VUs, 1069 complete and 0 interrupted iterations
load-k6-1  | fspiopTransfers   [  12% ] 6/6 VUs  0m38.0s/5m30.0s
load-k6-1  | 
load-k6-1  | 
load-k6-1  | running (0m39.0s), 6/6 VUs, 1135 complete and 0 interrupted iterations
load-k6-1  | fspiopTransfers   [  12% ] 6/6 VUs  0m39.0s/5m30.0s
load-k6-1  | 
load-k6-1  | 
load-k6-1  | running (0m40.0s), 6/6 VUs, 1197 complete and 0 interrupted iterations
load-k6-1  | fspiopTransfers   [  12% ] 6/6 VUs  0m40.0s/5m30.0s
load-k6-1  | 
load-k6-1  | 
load-k6-1  | running (0m41.0s), 6/6 VUs, 1263 complete and 0 interrupted iterations
load-k6-1  | fspiopTransfers   [  12% ] 6/6 VUs  0m41.0s/5m30.0s
load-k6-1  | 
load-k6-1  | 
load-k6-1  | running (0m42.0s), 6/6 VUs, 1329 complete and 0 interrupted iterations
load-k6-1  | fspiopTransfers   [  13% ] 6/6 VUs  0m42.0s/5m30.0s
load-k6-1  | 
load-k6-1  | 
load-k6-1  | running (0m43.0s), 6/6 VUs, 1396 complete and 0 interrupted iterations
load-k6-1  | fspiopTransfers   [  13% ] 6/6 VUs  0m43.0s/5m30.0s
load-k6-1  | 
load-k6-1  | 
load-k6-1  | running (0m44.0s), 6/6 VUs, 1464 complete and 0 interrupted iterations
load-k6-1  | fspiopTransfers   [  13% ] 6/6 VUs  0m44.0s/5m30.0s
load-k6-1  | 
load-k6-1  | 
load-k6-1  | running (0m45.0s), 6/6 VUs, 1530 complete and 0 interrupted iterations
load-k6-1  | fspiopTransfers   [  14% ] 6/6 VUs  0m45.0s/5m30.0s
load-k6-1  | 
load-k6-1  | 
load-k6-1  | running (0m46.0s), 6/6 VUs, 1597 complete and 0 interrupted iterations
load-k6-1  | fspiopTransfers   [  14% ] 6/6 VUs  0m46.0s/5m30.0s
load-k6-1  | 
load-k6-1  | 
load-k6-1  | running (0m47.0s), 6/6 VUs, 1660 complete and 0 interrupted iterations
load-k6-1  | fspiopTransfers   [  14% ] 6/6 VUs  0m47.0s/5m30.0s
load-k6-1  | 
load-k6-1  | 
load-k6-1  | running (0m48.0s), 6/6 VUs, 1729 complete and 0 interrupted iterations
load-k6-1  | fspiopTransfers   [  15% ] 6/6 VUs  0m48.0s/5m30.0s
load-k6-1  | 
load-k6-1  | 
load-k6-1  | running (0m49.0s), 6/6 VUs, 1794 complete and 0 interrupted iterations
load-k6-1  | fspiopTransfers   [  15% ] 6/6 VUs  0m49.0s/5m30.0s
load-k6-1  | 
load-k6-1  | 
load-k6-1  | running (0m50.0s), 6/6 VUs, 1863 complete and 0 interrupted iterations
load-k6-1  | fspiopTransfers   [  15% ] 6/6 VUs  0m50.0s/5m30.0s
load-k6-1  | 
load-k6-1  | 
load-k6-1  | running (0m51.0s), 6/6 VUs, 1928 complete and 0 interrupted iterations
load-k6-1  | fspiopTransfers   [  15% ] 6/6 VUs  0m51.0s/5m30.0s
load-k6-1  | 
load-k6-1  | 
load-k6-1  | running (0m52.0s), 6/6 VUs, 1995 complete and 0 interrupted iterations
load-k6-1  | fspiopTransfers   [  16% ] 6/6 VUs  0m52.0s/5m30.0s
load-k6-1  | 
load-k6-1  | 
load-k6-1  | running (0m53.0s), 6/6 VUs, 2061 complete and 0 interrupted iterations
load-k6-1  | fspiopTransfers   [  16% ] 6/6 VUs  0m53.0s/5m30.0s
load-k6-1  | 
load-k6-1  | 
load-k6-1  | running (0m54.0s), 6/6 VUs, 2130 complete and 0 interrupted iterations
load-k6-1  | fspiopTransfers   [  16% ] 6/6 VUs  0m54.0s/5m30.0s
load-k6-1  | 
load-k6-1  | 
load-k6-1  | running (0m55.0s), 6/6 VUs, 2194 complete and 0 interrupted iterations
load-k6-1  | fspiopTransfers   [  17% ] 6/6 VUs  0m55.0s/5m30.0s
load-k6-1  | 
load-k6-1  | 
load-k6-1  | running (0m56.0s), 6/6 VUs, 2261 complete and 0 interrupted iterations
load-k6-1  | fspiopTransfers   [  17% ] 6/6 VUs  0m56.0s/5m30.0s
load-k6-1  | 
load-k6-1  | 
load-k6-1  | running (0m57.0s), 6/6 VUs, 2325 complete and 0 interrupted iterations
load-k6-1  | fspiopTransfers   [  17% ] 6/6 VUs  0m57.0s/5m30.0s
load-k6-1  | 
load-k6-1  | 
load-k6-1  | running (0m58.0s), 6/6 VUs, 2394 complete and 0 interrupted iterations
load-k6-1  | fspiopTransfers   [  18% ] 6/6 VUs  0m58.0s/5m30.0s
load-k6-1  | 
load-k6-1  | 
load-k6-1  | running (0m59.0s), 6/6 VUs, 2462 complete and 0 interrupted iterations
load-k6-1  | fspiopTransfers   [  18% ] 6/6 VUs  0m59.0s/5m30.0s
load-k6-1  | 
load-k6-1  | 
load-k6-1  | running (1m00.0s), 6/6 VUs, 2531 complete and 0 interrupted iterations
load-k6-1  | fspiopTransfers   [  18% ] 6/6 VUs  1m00.0s/5m30.0s
load-k6-1  | 
load-k6-1  | 
load-k6-1  | running (1m01.0s), 6/6 VUs, 2601 complete and 0 interrupted iterations
load-k6-1  | fspiopTransfers   [  18% ] 6/6 VUs  1m01.0s/5m30.0s
load-k6-1  | 
load-k6-1  | 
load-k6-1  | running (1m02.0s), 6/6 VUs, 2671 complete and 0 interrupted iterations
load-k6-1  | fspiopTransfers   [  19% ] 6/6 VUs  1m02.0s/5m30.0s
load-k6-1  | 
load-k6-1  | 
load-k6-1  | running (1m03.0s), 6/6 VUs, 2738 complete and 0 interrupted iterations
load-k6-1  | fspiopTransfers   [  19% ] 6/6 VUs  1m03.0s/5m30.0s
load-k6-1  | 
load-k6-1  | 
load-k6-1  | running (1m04.0s), 6/6 VUs, 2806 complete and 0 interrupted iterations
load-k6-1  | fspiopTransfers   [  19% ] 6/6 VUs  1m04.0s/5m30.0s
load-k6-1  | 
load-k6-1  | 
load-k6-1  | running (1m05.0s), 6/6 VUs, 2878 complete and 0 interrupted iterations
load-k6-1  | fspiopTransfers   [  20% ] 6/6 VUs  1m05.0s/5m30.0s
load-k6-1  | 
load-k6-1  | 
load-k6-1  | running (1m06.0s), 6/6 VUs, 2947 complete and 0 interrupted iterations
load-k6-1  | fspiopTransfers   [  20% ] 6/6 VUs  1m06.0s/5m30.0s
load-k6-1  | 
load-k6-1  | 
load-k6-1  | running (1m07.0s), 6/6 VUs, 3017 complete and 0 interrupted iterations
load-k6-1  | fspiopTransfers   [  20% ] 6/6 VUs  1m07.0s/5m30.0s
load-k6-1  | 
load-k6-1  | 
load-k6-1  | running (1m08.0s), 6/6 VUs, 3082 complete and 0 interrupted iterations
load-k6-1  | fspiopTransfers   [  21% ] 6/6 VUs  1m08.0s/5m30.0s
load-k6-1  | 
load-k6-1  | 
load-k6-1  | running (1m09.0s), 6/6 VUs, 3152 complete and 0 interrupted iterations
load-k6-1  | fspiopTransfers   [  21% ] 6/6 VUs  1m09.0s/5m30.0s
load-k6-1  | 
load-k6-1  | 
load-k6-1  | running (1m10.0s), 6/6 VUs, 3218 complete and 0 interrupted iterations
load-k6-1  | fspiopTransfers   [  21% ] 6/6 VUs  1m10.0s/5m30.0s
load-k6-1  | 
load-k6-1  | 
load-k6-1  | running (1m11.0s), 6/6 VUs, 3290 complete and 0 interrupted iterations
load-k6-1  | fspiopTransfers   [  22% ] 6/6 VUs  1m11.0s/5m30.0s
load-k6-1  | 
load-k6-1  | 
load-k6-1  | running (1m12.0s), 6/6 VUs, 3358 complete and 0 interrupted iterations
load-k6-1  | fspiopTransfers   [  22% ] 6/6 VUs  1m12.0s/5m30.0s
load-k6-1  | 
load-k6-1  | 
load-k6-1  | running (1m13.0s), 6/6 VUs, 3427 complete and 0 interrupted iterations
load-k6-1  | fspiopTransfers   [  22% ] 6/6 VUs  1m13.0s/5m30.0s
load-k6-1  | 
load-k6-1  | 
load-k6-1  | running (1m14.0s), 6/6 VUs, 3497 complete and 0 interrupted iterations
load-k6-1  | fspiopTransfers   [  22% ] 6/6 VUs  1m14.0s/5m30.0s
load-k6-1  | 
load-k6-1  | 
load-k6-1  | running (1m15.0s), 6/6 VUs, 3567 complete and 0 interrupted iterations
load-k6-1  | fspiopTransfers   [  23% ] 6/6 VUs  1m15.0s/5m30.0s
load-k6-1  | 
load-k6-1  | 
load-k6-1  | running (1m16.0s), 6/6 VUs, 3636 complete and 0 interrupted iterations
load-k6-1  | fspiopTransfers   [  23% ] 6/6 VUs  1m16.0s/5m30.0s
load-k6-1  | 
load-k6-1  | 
load-k6-1  | running (1m17.0s), 6/6 VUs, 3710 complete and 0 interrupted iterations
load-k6-1  | fspiopTransfers   [  23% ] 6/6 VUs  1m17.0s/5m30.0s
load-k6-1  | 
load-k6-1  | 
load-k6-1  | running (1m18.0s), 6/6 VUs, 3776 complete and 0 interrupted iterations
load-k6-1  | fspiopTransfers   [  24% ] 6/6 VUs  1m18.0s/5m30.0s
load-k6-1  | 
load-k6-1  | 
load-k6-1  | running (1m19.0s), 6/6 VUs, 3843 complete and 0 interrupted iterations
load-k6-1  | fspiopTransfers   [  24% ] 6/6 VUs  1m19.0s/5m30.0s
load-k6-1  | 
load-k6-1  | 
load-k6-1  | running (1m20.0s), 6/6 VUs, 3914 complete and 0 interrupted iterations
load-k6-1  | fspiopTransfers   [  24% ] 6/6 VUs  1m20.0s/5m30.0s
load-k6-1  | 
load-k6-1  | 
load-k6-1  | running (1m21.0s), 6/6 VUs, 3986 complete and 0 interrupted iterations
load-k6-1  | fspiopTransfers   [  25% ] 6/6 VUs  1m21.0s/5m30.0s
load-k6-1  | 
load-k6-1  | 
load-k6-1  | running (1m22.0s), 6/6 VUs, 4054 complete and 0 interrupted iterations
load-k6-1  | fspiopTransfers   [  25% ] 6/6 VUs  1m22.0s/5m30.0s
load-k6-1  | 
load-k6-1  | 
load-k6-1  | running (1m23.0s), 6/6 VUs, 4120 complete and 0 interrupted iterations
load-k6-1  | fspiopTransfers   [  25% ] 6/6 VUs  1m23.0s/5m30.0s
load-k6-1  | 
load-k6-1  | 
load-k6-1  | running (1m24.0s), 6/6 VUs, 4191 complete and 0 interrupted iterations
load-k6-1  | fspiopTransfers   [  25% ] 6/6 VUs  1m24.0s/5m30.0s
load-k6-1  | 
load-k6-1  | 
load-k6-1  | running (1m25.0s), 6/6 VUs, 4260 complete and 0 interrupted iterations
load-k6-1  | fspiopTransfers   [  26% ] 6/6 VUs  1m25.0s/5m30.0s
load-k6-1  | 
load-k6-1  | 
load-k6-1  | running (1m26.0s), 6/6 VUs, 4326 complete and 0 interrupted iterations
load-k6-1  | fspiopTransfers   [  26% ] 6/6 VUs  1m26.0s/5m30.0s
load-k6-1  | 
load-k6-1  | 
load-k6-1  | running (1m27.0s), 6/6 VUs, 4395 complete and 0 interrupted iterations
load-k6-1  | fspiopTransfers   [  26% ] 6/6 VUs  1m27.0s/5m30.0s
load-k6-1  | 
load-k6-1  | 
load-k6-1  | running (1m28.0s), 6/6 VUs, 4467 complete and 0 interrupted iterations
load-k6-1  | fspiopTransfers   [  27% ] 6/6 VUs  1m28.0s/5m30.0s
load-k6-1  | 
load-k6-1  | 
load-k6-1  | running (1m29.0s), 6/6 VUs, 4535 complete and 0 interrupted iterations
load-k6-1  | fspiopTransfers   [  27% ] 6/6 VUs  1m29.0s/5m30.0s
load-k6-1  | 
load-k6-1  | 
load-k6-1  | running (1m30.0s), 6/6 VUs, 4605 complete and 0 interrupted iterations
load-k6-1  | fspiopTransfers   [  27% ] 6/6 VUs  1m30.0s/5m30.0s
load-k6-1  | 
load-k6-1  | 
load-k6-1  | running (1m31.0s), 6/6 VUs, 4674 complete and 0 interrupted iterations
load-k6-1  | fspiopTransfers   [  28% ] 6/6 VUs  1m31.0s/5m30.0s
load-k6-1  | 
load-k6-1  | 
load-k6-1  | running (1m32.0s), 6/6 VUs, 4738 complete and 0 interrupted iterations
load-k6-1  | fspiopTransfers   [  28% ] 6/6 VUs  1m32.0s/5m30.0s
load-k6-1  | 
load-k6-1  | 
load-k6-1  | running (1m33.0s), 6/6 VUs, 4809 complete and 0 interrupted iterations
load-k6-1  | fspiopTransfers   [  28% ] 6/6 VUs  1m33.0s/5m30.0s
load-k6-1  | 
load-k6-1  | 
load-k6-1  | running (1m34.0s), 6/6 VUs, 4879 complete and 0 interrupted iterations
load-k6-1  | fspiopTransfers   [  28% ] 6/6 VUs  1m34.0s/5m30.0s
load-k6-1  | 
load-k6-1  | 
load-k6-1  | running (1m35.0s), 6/6 VUs, 4949 complete and 0 interrupted iterations
load-k6-1  | fspiopTransfers   [  29% ] 6/6 VUs  1m35.0s/5m30.0s
load-k6-1  | 
load-k6-1  | 
load-k6-1  | running (1m36.0s), 6/6 VUs, 5020 complete and 0 interrupted iterations
load-k6-1  | fspiopTransfers   [  29% ] 6/6 VUs  1m36.0s/5m30.0s
load-k6-1  | 
load-k6-1  | 
load-k6-1  | running (1m37.0s), 6/6 VUs, 5088 complete and 0 interrupted iterations
load-k6-1  | fspiopTransfers   [  29% ] 6/6 VUs  1m37.0s/5m30.0s
load-k6-1  | 
load-k6-1  | 
load-k6-1  | running (1m38.0s), 6/6 VUs, 5160 complete and 0 interrupted iterations
load-k6-1  | fspiopTransfers   [  30% ] 6/6 VUs  1m38.0s/5m30.0s
load-k6-1  | 
load-k6-1  | 
load-k6-1  | running (1m39.0s), 6/6 VUs, 5228 complete and 0 interrupted iterations
load-k6-1  | fspiopTransfers   [  30% ] 6/6 VUs  1m39.0s/5m30.0s
load-k6-1  | 
load-k6-1  | 
load-k6-1  | running (1m40.0s), 6/6 VUs, 5300 complete and 0 interrupted iterations
load-k6-1  | fspiopTransfers   [  30% ] 6/6 VUs  1m40.0s/5m30.0s
load-k6-1  | 
load-k6-1  | 
load-k6-1  | running (1m41.0s), 6/6 VUs, 5374 complete and 0 interrupted iterations
load-k6-1  | fspiopTransfers   [  31% ] 6/6 VUs  1m41.0s/5m30.0s
load-k6-1  | 
load-k6-1  | 
load-k6-1  | running (1m42.0s), 6/6 VUs, 5440 complete and 0 interrupted iterations
load-k6-1  | fspiopTransfers   [  31% ] 6/6 VUs  1m42.0s/5m30.0s
load-k6-1  | 
load-k6-1  | 
load-k6-1  | running (1m43.0s), 6/6 VUs, 5510 complete and 0 interrupted iterations
load-k6-1  | fspiopTransfers   [  31% ] 6/6 VUs  1m43.0s/5m30.0s
load-k6-1  | 
load-k6-1  | 
load-k6-1  | running (1m44.0s), 6/6 VUs, 5583 complete and 0 interrupted iterations
load-k6-1  | fspiopTransfers   [  32% ] 6/6 VUs  1m44.0s/5m30.0s
load-k6-1  | 
load-k6-1  | 
load-k6-1  | running (1m45.0s), 6/6 VUs, 5653 complete and 0 interrupted iterations
load-k6-1  | fspiopTransfers   [  32% ] 6/6 VUs  1m45.0s/5m30.0s
load-k6-1  | 
load-k6-1  | 
load-k6-1  | running (1m46.0s), 6/6 VUs, 5725 complete and 0 interrupted iterations
load-k6-1  | fspiopTransfers   [  32% ] 6/6 VUs  1m46.0s/5m30.0s
load-k6-1  | 
load-k6-1  | 
load-k6-1  | running (1m47.0s), 6/6 VUs, 5790 complete and 0 interrupted iterations
load-k6-1  | fspiopTransfers   [  32% ] 6/6 VUs  1m47.0s/5m30.0s
load-k6-1  | 
load-k6-1  | 
load-k6-1  | running (1m48.0s), 6/6 VUs, 5863 complete and 0 interrupted iterations
load-k6-1  | fspiopTransfers   [  33% ] 6/6 VUs  1m48.0s/5m30.0s
load-k6-1  | 
load-k6-1  | 
load-k6-1  | running (1m49.0s), 6/6 VUs, 5932 complete and 0 interrupted iterations
load-k6-1  | fspiopTransfers   [  33% ] 6/6 VUs  1m49.0s/5m30.0s
load-k6-1  | 
load-k6-1  | 
load-k6-1  | running (1m50.0s), 6/6 VUs, 5998 complete and 0 interrupted iterations
load-k6-1  | fspiopTransfers   [  33% ] 6/6 VUs  1m50.0s/5m30.0s
load-k6-1  | 
load-k6-1  | 
load-k6-1  | running (1m51.0s), 6/6 VUs, 6071 complete and 0 interrupted iterations
load-k6-1  | fspiopTransfers   [  34% ] 6/6 VUs  1m51.0s/5m30.0s
load-k6-1  | 
load-k6-1  | 
load-k6-1  | running (1m52.0s), 6/6 VUs, 6136 complete and 0 interrupted iterations
load-k6-1  | fspiopTransfers   [  34% ] 6/6 VUs  1m52.0s/5m30.0s
load-k6-1  | 
load-k6-1  | 
load-k6-1  | running (1m53.0s), 6/6 VUs, 6205 complete and 0 interrupted iterations
load-k6-1  | fspiopTransfers   [  34% ] 6/6 VUs  1m53.0s/5m30.0s
load-k6-1  | 
load-k6-1  | 
load-k6-1  | running (1m54.0s), 6/6 VUs, 6272 complete and 0 interrupted iterations
load-k6-1  | fspiopTransfers   [  35% ] 6/6 VUs  1m54.0s/5m30.0s
load-k6-1  | 
load-k6-1  | 
load-k6-1  | running (1m55.0s), 6/6 VUs, 6340 complete and 0 interrupted iterations
load-k6-1  | fspiopTransfers   [  35% ] 6/6 VUs  1m55.0s/5m30.0s
load-k6-1  | 
load-k6-1  | 
load-k6-1  | running (1m56.0s), 6/6 VUs, 6408 complete and 0 interrupted iterations
load-k6-1  | fspiopTransfers   [  35% ] 6/6 VUs  1m56.0s/5m30.0s
load-k6-1  | 
load-k6-1  | 
load-k6-1  | running (1m57.0s), 6/6 VUs, 6475 complete and 0 interrupted iterations
load-k6-1  | fspiopTransfers   [  35% ] 6/6 VUs  1m57.0s/5m30.0s
load-k6-1  | 
load-k6-1  | 
load-k6-1  | running (1m58.0s), 6/6 VUs, 6543 complete and 0 interrupted iterations
load-k6-1  | fspiopTransfers   [  36% ] 6/6 VUs  1m58.0s/5m30.0s
load-k6-1  | 
load-k6-1  | 
load-k6-1  | running (1m59.0s), 6/6 VUs, 6611 complete and 0 interrupted iterations
load-k6-1  | fspiopTransfers   [  36% ] 6/6 VUs  1m59.0s/5m30.0s
load-k6-1  | 
load-k6-1  | 
load-k6-1  | running (2m00.0s), 6/6 VUs, 6680 complete and 0 interrupted iterations
load-k6-1  | fspiopTransfers   [  36% ] 6/6 VUs  2m00.0s/5m30.0s
load-k6-1  | 
load-k6-1  | 
load-k6-1  | running (2m01.0s), 6/6 VUs, 6752 complete and 0 interrupted iterations
load-k6-1  | fspiopTransfers   [  37% ] 6/6 VUs  2m01.0s/5m30.0s
load-k6-1  | 
load-k6-1  | 
load-k6-1  | running (2m02.0s), 6/6 VUs, 6822 complete and 0 interrupted iterations
load-k6-1  | fspiopTransfers   [  37% ] 6/6 VUs  2m02.0s/5m30.0s
load-k6-1  | 
load-k6-1  | 
load-k6-1  | running (2m03.0s), 6/6 VUs, 6894 complete and 0 interrupted iterations
load-k6-1  | fspiopTransfers   [  37% ] 6/6 VUs  2m03.0s/5m30.0s
load-k6-1  | 
load-k6-1  | 
load-k6-1  | running (2m04.0s), 6/6 VUs, 6963 complete and 0 interrupted iterations
load-k6-1  | fspiopTransfers   [  38% ] 6/6 VUs  2m04.0s/5m30.0s
load-k6-1  | 
load-k6-1  | 
load-k6-1  | running (2m05.0s), 6/6 VUs, 7036 complete and 0 interrupted iterations
load-k6-1  | fspiopTransfers   [  38% ] 6/6 VUs  2m05.0s/5m30.0s
load-k6-1  | 
load-k6-1  | 
load-k6-1  | running (2m06.0s), 6/6 VUs, 7106 complete and 0 interrupted iterations
load-k6-1  | fspiopTransfers   [  38% ] 6/6 VUs  2m06.0s/5m30.0s
load-k6-1  | 
load-k6-1  | 
load-k6-1  | running (2m07.0s), 6/6 VUs, 7174 complete and 0 interrupted iterations
load-k6-1  | fspiopTransfers   [  38% ] 6/6 VUs  2m07.0s/5m30.0s
load-k6-1  | 
load-k6-1  | 
load-k6-1  | running (2m08.0s), 6/6 VUs, 7244 complete and 0 interrupted iterations
load-k6-1  | fspiopTransfers   [  39% ] 6/6 VUs  2m08.0s/5m30.0s
load-k6-1  | 
load-k6-1  | 
load-k6-1  | running (2m09.0s), 6/6 VUs, 7315 complete and 0 interrupted iterations
load-k6-1  | fspiopTransfers   [  39% ] 6/6 VUs  2m09.0s/5m30.0s
load-k6-1  | 
load-k6-1  | 
load-k6-1  | running (2m10.0s), 6/6 VUs, 7383 complete and 0 interrupted iterations
load-k6-1  | fspiopTransfers   [  39% ] 6/6 VUs  2m10.0s/5m30.0s
load-k6-1  | 
load-k6-1  | 
load-k6-1  | running (2m11.0s), 6/6 VUs, 7453 complete and 0 interrupted iterations
load-k6-1  | fspiopTransfers   [  40% ] 6/6 VUs  2m11.0s/5m30.0s
load-k6-1  | 
load-k6-1  | 
load-k6-1  | running (2m12.0s), 6/6 VUs, 7522 complete and 0 interrupted iterations
load-k6-1  | fspiopTransfers   [  40% ] 6/6 VUs  2m12.0s/5m30.0s
load-k6-1  | 
load-k6-1  | 
load-k6-1  | running (2m13.0s), 6/6 VUs, 7594 complete and 0 interrupted iterations
load-k6-1  | fspiopTransfers   [  40% ] 6/6 VUs  2m13.0s/5m30.0s
load-k6-1  | 
load-k6-1  | 
load-k6-1  | running (2m14.0s), 6/6 VUs, 7665 complete and 0 interrupted iterations
load-k6-1  | fspiopTransfers   [  41% ] 6/6 VUs  2m14.0s/5m30.0s
load-k6-1  | 
load-k6-1  | 
load-k6-1  | running (2m15.0s), 6/6 VUs, 7733 complete and 0 interrupted iterations
load-k6-1  | fspiopTransfers   [  41% ] 6/6 VUs  2m15.0s/5m30.0s
load-k6-1  | 
load-k6-1  | 
load-k6-1  | running (2m16.0s), 6/6 VUs, 7804 complete and 0 interrupted iterations
load-k6-1  | fspiopTransfers   [  41% ] 6/6 VUs  2m16.0s/5m30.0s
load-k6-1  | 
load-k6-1  | 
load-k6-1  | running (2m17.0s), 6/6 VUs, 7876 complete and 0 interrupted iterations
load-k6-1  | fspiopTransfers   [  42% ] 6/6 VUs  2m17.0s/5m30.0s
load-k6-1  | 
load-k6-1  | 
load-k6-1  | running (2m18.0s), 6/6 VUs, 7946 complete and 0 interrupted iterations
load-k6-1  | fspiopTransfers   [  42% ] 6/6 VUs  2m18.0s/5m30.0s
load-k6-1  | 
load-k6-1  | 
load-k6-1  | running (2m19.0s), 6/6 VUs, 8016 complete and 0 interrupted iterations
load-k6-1  | fspiopTransfers   [  42% ] 6/6 VUs  2m19.0s/5m30.0s
load-k6-1  | 
load-k6-1  | 
load-k6-1  | running (2m20.0s), 6/6 VUs, 8089 complete and 0 interrupted iterations
load-k6-1  | fspiopTransfers   [  42% ] 6/6 VUs  2m20.0s/5m30.0s
load-k6-1  | 
load-k6-1  | 
load-k6-1  | running (2m21.0s), 6/6 VUs, 8158 complete and 0 interrupted iterations
load-k6-1  | fspiopTransfers   [  43% ] 6/6 VUs  2m21.0s/5m30.0s
load-k6-1  | 
load-k6-1  | 
load-k6-1  | running (2m22.0s), 6/6 VUs, 8228 complete and 0 interrupted iterations
load-k6-1  | fspiopTransfers   [  43% ] 6/6 VUs  2m22.0s/5m30.0s
load-k6-1  | 
load-k6-1  | 
load-k6-1  | running (2m23.0s), 6/6 VUs, 8296 complete and 0 interrupted iterations
load-k6-1  | fspiopTransfers   [  43% ] 6/6 VUs  2m23.0s/5m30.0s
load-k6-1  | 
load-k6-1  | 
load-k6-1  | running (2m24.0s), 6/6 VUs, 8368 complete and 0 interrupted iterations
load-k6-1  | fspiopTransfers   [  44% ] 6/6 VUs  2m24.0s/5m30.0s
load-k6-1  | 
load-k6-1  | 
load-k6-1  | running (2m25.0s), 6/6 VUs, 8441 complete and 0 interrupted iterations
load-k6-1  | fspiopTransfers   [  44% ] 6/6 VUs  2m25.0s/5m30.0s
load-k6-1  | 
load-k6-1  | 
load-k6-1  | running (2m26.0s), 6/6 VUs, 8509 complete and 0 interrupted iterations
load-k6-1  | fspiopTransfers   [  44% ] 6/6 VUs  2m26.0s/5m30.0s
load-k6-1  | 
load-k6-1  | 
load-k6-1  | running (2m27.0s), 6/6 VUs, 8576 complete and 0 interrupted iterations
load-k6-1  | fspiopTransfers   [  45% ] 6/6 VUs  2m27.0s/5m30.0s
load-k6-1  | 
load-k6-1  | 
load-k6-1  | running (2m28.0s), 6/6 VUs, 8648 complete and 0 interrupted iterations
load-k6-1  | fspiopTransfers   [  45% ] 6/6 VUs  2m28.0s/5m30.0s
load-k6-1  | 
load-k6-1  | 
load-k6-1  | running (2m29.0s), 6/6 VUs, 8719 complete and 0 interrupted iterations
load-k6-1  | fspiopTransfers   [  45% ] 6/6 VUs  2m29.0s/5m30.0s
load-k6-1  | 
load-k6-1  | 
load-k6-1  | running (2m30.0s), 6/6 VUs, 8791 complete and 0 interrupted iterations
load-k6-1  | fspiopTransfers   [  45% ] 6/6 VUs  2m30.0s/5m30.0s
load-k6-1  | 
load-k6-1  | 
load-k6-1  | running (2m31.0s), 6/6 VUs, 8863 complete and 0 interrupted iterations
load-k6-1  | fspiopTransfers   [  46% ] 6/6 VUs  2m31.0s/5m30.0s
load-k6-1  | 
load-k6-1  | 
load-k6-1  | running (2m32.0s), 6/6 VUs, 8938 complete and 0 interrupted iterations
load-k6-1  | fspiopTransfers   [  46% ] 6/6 VUs  2m32.0s/5m30.0s
load-k6-1  | 
load-k6-1  | 
load-k6-1  | running (2m33.0s), 6/6 VUs, 9005 complete and 0 interrupted iterations
load-k6-1  | fspiopTransfers   [  46% ] 6/6 VUs  2m33.0s/5m30.0s
load-k6-1  | 
load-k6-1  | 
load-k6-1  | running (2m34.0s), 6/6 VUs, 9079 complete and 0 interrupted iterations
load-k6-1  | fspiopTransfers   [  47% ] 6/6 VUs  2m34.0s/5m30.0s
load-k6-1  | 
load-k6-1  | 
load-k6-1  | running (2m35.0s), 6/6 VUs, 9151 complete and 0 interrupted iterations
load-k6-1  | fspiopTransfers   [  47% ] 6/6 VUs  2m35.0s/5m30.0s
load-k6-1  | 
load-k6-1  | 
load-k6-1  | running (2m36.0s), 6/6 VUs, 9223 complete and 0 interrupted iterations
load-k6-1  | fspiopTransfers   [  47% ] 6/6 VUs  2m36.0s/5m30.0s
load-k6-1  | 
load-k6-1  | 
load-k6-1  | running (2m37.0s), 6/6 VUs, 9292 complete and 0 interrupted iterations
load-k6-1  | fspiopTransfers   [  48% ] 6/6 VUs  2m37.0s/5m30.0s
load-k6-1  | 
load-k6-1  | 
load-k6-1  | running (2m38.0s), 6/6 VUs, 9364 complete and 0 interrupted iterations
load-k6-1  | fspiopTransfers   [  48% ] 6/6 VUs  2m38.0s/5m30.0s
load-k6-1  | 
load-k6-1  | 
load-k6-1  | running (2m39.0s), 6/6 VUs, 9435 complete and 0 interrupted iterations
load-k6-1  | fspiopTransfers   [  48% ] 6/6 VUs  2m39.0s/5m30.0s
load-k6-1  | 
load-k6-1  | 
load-k6-1  | running (2m40.0s), 6/6 VUs, 9502 complete and 0 interrupted iterations
load-k6-1  | fspiopTransfers   [  48% ] 6/6 VUs  2m40.0s/5m30.0s
load-k6-1  | 
load-k6-1  | 
load-k6-1  | running (2m41.0s), 6/6 VUs, 9576 complete and 0 interrupted iterations
load-k6-1  | fspiopTransfers   [  49% ] 6/6 VUs  2m41.0s/5m30.0s
load-k6-1  | 
load-k6-1  | 
load-k6-1  | running (2m42.0s), 6/6 VUs, 9643 complete and 0 interrupted iterations
load-k6-1  | fspiopTransfers   [  49% ] 6/6 VUs  2m42.0s/5m30.0s
load-k6-1  | 
load-k6-1  | 
load-k6-1  | running (2m43.0s), 6/6 VUs, 9714 complete and 0 interrupted iterations
load-k6-1  | fspiopTransfers   [  49% ] 6/6 VUs  2m43.0s/5m30.0s
load-k6-1  | 
load-k6-1  | 
load-k6-1  | running (2m44.0s), 6/6 VUs, 9781 complete and 0 interrupted iterations
load-k6-1  | fspiopTransfers   [  50% ] 6/6 VUs  2m44.0s/5m30.0s
load-k6-1  | 
load-k6-1  | 
load-k6-1  | running (2m45.0s), 6/6 VUs, 9851 complete and 0 interrupted iterations
load-k6-1  | fspiopTransfers   [  50% ] 6/6 VUs  2m45.0s/5m30.0s
load-k6-1  | 
load-k6-1  | 
load-k6-1  | running (2m46.0s), 6/6 VUs, 9920 complete and 0 interrupted iterations
load-k6-1  | fspiopTransfers   [  50% ] 6/6 VUs  2m46.0s/5m30.0s
load-k6-1  | 
load-k6-1  | 
load-k6-1  | running (2m47.0s), 6/6 VUs, 9990 complete and 0 interrupted iterations
load-k6-1  | fspiopTransfers   [  51% ] 6/6 VUs  2m47.0s/5m30.0s
load-k6-1  | 
load-k6-1  | 
load-k6-1  | running (2m48.0s), 6/6 VUs, 10059 complete and 0 interrupted iterations
load-k6-1  | fspiopTransfers   [  51% ] 6/6 VUs  2m48.0s/5m30.0s
load-k6-1  | 
load-k6-1  | 
load-k6-1  | running (2m49.0s), 6/6 VUs, 10127 complete and 0 interrupted iterations
load-k6-1  | fspiopTransfers   [  51% ] 6/6 VUs  2m49.0s/5m30.0s
load-k6-1  | 
load-k6-1  | 
load-k6-1  | running (2m50.0s), 6/6 VUs, 10195 complete and 0 interrupted iterations
load-k6-1  | fspiopTransfers   [  52% ] 6/6 VUs  2m50.0s/5m30.0s
load-k6-1  | 
load-k6-1  | 
load-k6-1  | running (2m51.0s), 6/6 VUs, 10263 complete and 0 interrupted iterations
load-k6-1  | fspiopTransfers   [  52% ] 6/6 VUs  2m51.0s/5m30.0s
load-k6-1  | 
load-k6-1  | 
load-k6-1  | running (2m52.0s), 6/6 VUs, 10330 complete and 0 interrupted iterations
load-k6-1  | fspiopTransfers   [  52% ] 6/6 VUs  2m52.0s/5m30.0s
load-k6-1  | 
load-k6-1  | 
load-k6-1  | running (2m53.0s), 6/6 VUs, 10395 complete and 0 interrupted iterations
load-k6-1  | fspiopTransfers   [  52% ] 6/6 VUs  2m53.0s/5m30.0s
load-k6-1  | 
load-k6-1  | 
load-k6-1  | running (2m54.0s), 6/6 VUs, 10464 complete and 0 interrupted iterations
load-k6-1  | fspiopTransfers   [  53% ] 6/6 VUs  2m54.0s/5m30.0s
load-k6-1  | 
load-k6-1  | 
load-k6-1  | running (2m55.0s), 6/6 VUs, 10537 complete and 0 interrupted iterations
load-k6-1  | fspiopTransfers   [  53% ] 6/6 VUs  2m55.0s/5m30.0s
load-k6-1  | 
load-k6-1  | 
load-k6-1  | running (2m56.0s), 6/6 VUs, 10610 complete and 0 interrupted iterations
load-k6-1  | fspiopTransfers   [  53% ] 6/6 VUs  2m56.0s/5m30.0s
load-k6-1  | 
load-k6-1  | 
load-k6-1  | running (2m57.0s), 6/6 VUs, 10678 complete and 0 interrupted iterations
load-k6-1  | fspiopTransfers   [  54% ] 6/6 VUs  2m57.0s/5m30.0s
load-k6-1  | 
load-k6-1  | 
load-k6-1  | running (2m58.0s), 6/6 VUs, 10749 complete and 0 interrupted iterations
load-k6-1  | fspiopTransfers   [  54% ] 6/6 VUs  2m58.0s/5m30.0s
load-k6-1  | 
load-k6-1  | 
load-k6-1  | running (2m59.0s), 6/6 VUs, 10822 complete and 0 interrupted iterations
load-k6-1  | fspiopTransfers   [  54% ] 6/6 VUs  2m59.0s/5m30.0s
load-k6-1  | 
load-k6-1  | 
load-k6-1  | running (3m00.0s), 6/6 VUs, 10890 complete and 0 interrupted iterations
load-k6-1  | fspiopTransfers   [  55% ] 6/6 VUs  3m00.0s/5m30.0s
load-k6-1  | 
load-k6-1  | 
load-k6-1  | running (3m01.0s), 6/6 VUs, 10960 complete and 0 interrupted iterations
load-k6-1  | fspiopTransfers   [  55% ] 6/6 VUs  3m01.0s/5m30.0s
load-k6-1  | 
load-k6-1  | 
load-k6-1  | running (3m02.0s), 6/6 VUs, 11031 complete and 0 interrupted iterations
load-k6-1  | fspiopTransfers   [  55% ] 6/6 VUs  3m02.0s/5m30.0s
load-k6-1  | 
load-k6-1  | 
load-k6-1  | running (3m03.0s), 6/6 VUs, 11101 complete and 0 interrupted iterations
load-k6-1  | fspiopTransfers   [  55% ] 6/6 VUs  3m03.0s/5m30.0s
load-k6-1  | 
load-k6-1  | 
load-k6-1  | running (3m04.0s), 6/6 VUs, 11170 complete and 0 interrupted iterations
load-k6-1  | fspiopTransfers   [  56% ] 6/6 VUs  3m04.0s/5m30.0s
load-k6-1  | 
load-k6-1  | 
load-k6-1  | running (3m05.0s), 6/6 VUs, 11240 complete and 0 interrupted iterations
load-k6-1  | fspiopTransfers   [  56% ] 6/6 VUs  3m05.0s/5m30.0s
load-k6-1  | 
load-k6-1  | 
load-k6-1  | running (3m06.0s), 6/6 VUs, 11308 complete and 0 interrupted iterations
load-k6-1  | fspiopTransfers   [  56% ] 6/6 VUs  3m06.0s/5m30.0s
load-k6-1  | 
load-k6-1  | 
load-k6-1  | running (3m07.0s), 6/6 VUs, 11374 complete and 0 interrupted iterations
load-k6-1  | fspiopTransfers   [  57% ] 6/6 VUs  3m07.0s/5m30.0s
load-k6-1  | 
load-k6-1  | 
load-k6-1  | running (3m08.0s), 6/6 VUs, 11446 complete and 0 interrupted iterations
load-k6-1  | fspiopTransfers   [  57% ] 6/6 VUs  3m08.0s/5m30.0s
load-k6-1  | 
load-k6-1  | 
load-k6-1  | running (3m09.0s), 6/6 VUs, 11513 complete and 0 interrupted iterations
load-k6-1  | fspiopTransfers   [  57% ] 6/6 VUs  3m09.0s/5m30.0s
load-k6-1  | 
load-k6-1  | 
load-k6-1  | running (3m10.0s), 6/6 VUs, 11581 complete and 0 interrupted iterations
load-k6-1  | fspiopTransfers   [  58% ] 6/6 VUs  3m10.0s/5m30.0s
load-k6-1  | 
load-k6-1  | 
load-k6-1  | running (3m11.0s), 6/6 VUs, 11649 complete and 0 interrupted iterations
load-k6-1  | fspiopTransfers   [  58% ] 6/6 VUs  3m11.0s/5m30.0s
load-k6-1  | 
load-k6-1  | 
load-k6-1  | running (3m12.0s), 6/6 VUs, 11719 complete and 0 interrupted iterations
load-k6-1  | fspiopTransfers   [  58% ] 6/6 VUs  3m12.0s/5m30.0s
load-k6-1  | 
load-k6-1  | 
load-k6-1  | running (3m13.0s), 6/6 VUs, 11786 complete and 0 interrupted iterations
load-k6-1  | fspiopTransfers   [  58% ] 6/6 VUs  3m13.0s/5m30.0s
load-k6-1  | 
load-k6-1  | 
load-k6-1  | running (3m14.0s), 6/6 VUs, 11856 complete and 0 interrupted iterations
load-k6-1  | fspiopTransfers   [  59% ] 6/6 VUs  3m14.0s/5m30.0s
load-k6-1  | 
load-k6-1  | 
load-k6-1  | running (3m15.0s), 6/6 VUs, 11927 complete and 0 interrupted iterations
load-k6-1  | fspiopTransfers   [  59% ] 6/6 VUs  3m15.0s/5m30.0s
load-k6-1  | 
load-k6-1  | 
load-k6-1  | running (3m16.0s), 6/6 VUs, 11995 complete and 0 interrupted iterations
load-k6-1  | fspiopTransfers   [  59% ] 6/6 VUs  3m16.0s/5m30.0s
load-k6-1  | 
load-k6-1  | 
load-k6-1  | running (3m17.0s), 6/6 VUs, 12063 complete and 0 interrupted iterations
load-k6-1  | fspiopTransfers   [  60% ] 6/6 VUs  3m17.0s/5m30.0s
load-k6-1  | 
load-k6-1  | 
load-k6-1  | running (3m18.0s), 6/6 VUs, 12130 complete and 0 interrupted iterations
load-k6-1  | fspiopTransfers   [  60% ] 6/6 VUs  3m18.0s/5m30.0s
load-k6-1  | 
load-k6-1  | 
load-k6-1  | running (3m19.0s), 6/6 VUs, 12200 complete and 0 interrupted iterations
load-k6-1  | fspiopTransfers   [  60% ] 6/6 VUs  3m19.0s/5m30.0s
load-k6-1  | 
load-k6-1  | 
load-k6-1  | running (3m20.0s), 6/6 VUs, 12266 complete and 0 interrupted iterations
load-k6-1  | fspiopTransfers   [  61% ] 6/6 VUs  3m20.0s/5m30.0s
load-k6-1  | 
load-k6-1  | 
load-k6-1  | running (3m21.0s), 6/6 VUs, 12335 complete and 0 interrupted iterations
load-k6-1  | fspiopTransfers   [  61% ] 6/6 VUs  3m21.0s/5m30.0s
load-k6-1  | 
load-k6-1  | 
load-k6-1  | running (3m22.0s), 6/6 VUs, 12403 complete and 0 interrupted iterations
load-k6-1  | fspiopTransfers   [  61% ] 6/6 VUs  3m22.0s/5m30.0s
load-k6-1  | 
load-k6-1  | 
load-k6-1  | running (3m23.0s), 6/6 VUs, 12472 complete and 0 interrupted iterations
load-k6-1  | fspiopTransfers   [  62% ] 6/6 VUs  3m23.0s/5m30.0s
load-k6-1  | 
load-k6-1  | 
load-k6-1  | running (3m24.0s), 6/6 VUs, 12536 complete and 0 interrupted iterations
load-k6-1  | fspiopTransfers   [  62% ] 6/6 VUs  3m24.0s/5m30.0s
load-k6-1  | 
load-k6-1  | 
load-k6-1  | running (3m25.0s), 6/6 VUs, 12604 complete and 0 interrupted iterations
load-k6-1  | fspiopTransfers   [  62% ] 6/6 VUs  3m25.0s/5m30.0s
load-k6-1  | 
load-k6-1  | 
load-k6-1  | running (3m26.0s), 6/6 VUs, 12674 complete and 0 interrupted iterations
load-k6-1  | fspiopTransfers   [  62% ] 6/6 VUs  3m26.0s/5m30.0s
load-k6-1  | 
load-k6-1  | 
load-k6-1  | running (3m27.0s), 6/6 VUs, 12738 complete and 0 interrupted iterations
load-k6-1  | fspiopTransfers   [  63% ] 6/6 VUs  3m27.0s/5m30.0s
load-k6-1  | 
load-k6-1  | 
load-k6-1  | running (3m28.0s), 6/6 VUs, 12802 complete and 0 interrupted iterations
load-k6-1  | fspiopTransfers   [  63% ] 6/6 VUs  3m28.0s/5m30.0s
load-k6-1  | 
load-k6-1  | 
load-k6-1  | running (3m29.0s), 6/6 VUs, 12870 complete and 0 interrupted iterations
load-k6-1  | fspiopTransfers   [  63% ] 6/6 VUs  3m29.0s/5m30.0s
load-k6-1  | 
load-k6-1  | 
load-k6-1  | running (3m30.0s), 6/6 VUs, 12939 complete and 0 interrupted iterations
load-k6-1  | fspiopTransfers   [  64% ] 6/6 VUs  3m30.0s/5m30.0s
load-k6-1  | 
load-k6-1  | 
load-k6-1  | running (3m31.0s), 6/6 VUs, 13007 complete and 0 interrupted iterations
load-k6-1  | fspiopTransfers   [  64% ] 6/6 VUs  3m31.0s/5m30.0s
load-k6-1  | 
load-k6-1  | 
load-k6-1  | running (3m32.0s), 6/6 VUs, 13076 complete and 0 interrupted iterations
load-k6-1  | fspiopTransfers   [  64% ] 6/6 VUs  3m32.0s/5m30.0s
load-k6-1  | 
load-k6-1  | 
load-k6-1  | running (3m33.0s), 6/6 VUs, 13142 complete and 0 interrupted iterations
load-k6-1  | fspiopTransfers   [  65% ] 6/6 VUs  3m33.0s/5m30.0s
load-k6-1  | 
load-k6-1  | 
load-k6-1  | running (3m34.0s), 6/6 VUs, 13210 complete and 0 interrupted iterations
load-k6-1  | fspiopTransfers   [  65% ] 6/6 VUs  3m34.0s/5m30.0s
load-k6-1  | 
load-k6-1  | 
load-k6-1  | running (3m35.0s), 6/6 VUs, 13282 complete and 0 interrupted iterations
load-k6-1  | fspiopTransfers   [  65% ] 6/6 VUs  3m35.0s/5m30.0s
load-k6-1  | 
load-k6-1  | 
load-k6-1  | running (3m36.0s), 6/6 VUs, 13348 complete and 0 interrupted iterations
load-k6-1  | fspiopTransfers   [  65% ] 6/6 VUs  3m36.0s/5m30.0s
load-k6-1  | 
load-k6-1  | 
load-k6-1  | running (3m37.0s), 6/6 VUs, 13417 complete and 0 interrupted iterations
load-k6-1  | fspiopTransfers   [  66% ] 6/6 VUs  3m37.0s/5m30.0s
load-k6-1  | 
load-k6-1  | 
load-k6-1  | running (3m38.0s), 6/6 VUs, 13485 complete and 0 interrupted iterations
load-k6-1  | fspiopTransfers   [  66% ] 6/6 VUs  3m38.0s/5m30.0s
load-k6-1  | 
load-k6-1  | 
load-k6-1  | running (3m39.0s), 6/6 VUs, 13554 complete and 0 interrupted iterations
load-k6-1  | fspiopTransfers   [  66% ] 6/6 VUs  3m39.0s/5m30.0s
load-k6-1  | 
load-k6-1  | 
load-k6-1  | running (3m40.0s), 6/6 VUs, 13620 complete and 0 interrupted iterations
load-k6-1  | fspiopTransfers   [  67% ] 6/6 VUs  3m40.0s/5m30.0s
load-k6-1  | 
load-k6-1  | 
load-k6-1  | running (3m41.0s), 6/6 VUs, 13688 complete and 0 interrupted iterations
load-k6-1  | fspiopTransfers   [  67% ] 6/6 VUs  3m41.0s/5m30.0s
load-k6-1  | 
load-k6-1  | 
load-k6-1  | running (3m42.0s), 6/6 VUs, 13756 complete and 0 interrupted iterations
load-k6-1  | fspiopTransfers   [  67% ] 6/6 VUs  3m42.0s/5m30.0s
load-k6-1  | 
load-k6-1  | 
load-k6-1  | running (3m43.0s), 6/6 VUs, 13824 complete and 0 interrupted iterations
load-k6-1  | fspiopTransfers   [  68% ] 6/6 VUs  3m43.0s/5m30.0s
load-k6-1  | 
load-k6-1  | 
load-k6-1  | running (3m44.0s), 6/6 VUs, 13892 complete and 0 interrupted iterations
load-k6-1  | fspiopTransfers   [  68% ] 6/6 VUs  3m44.0s/5m30.0s
load-k6-1  | 
load-k6-1  | 
load-k6-1  | running (3m45.0s), 6/6 VUs, 13959 complete and 0 interrupted iterations
load-k6-1  | fspiopTransfers   [  68% ] 6/6 VUs  3m45.0s/5m30.0s
load-k6-1  | 
load-k6-1  | 
load-k6-1  | running (3m46.0s), 6/6 VUs, 14026 complete and 0 interrupted iterations
load-k6-1  | fspiopTransfers   [  68% ] 6/6 VUs  3m46.0s/5m30.0s
load-k6-1  | 
load-k6-1  | 
load-k6-1  | running (3m47.0s), 6/6 VUs, 14091 complete and 0 interrupted iterations
load-k6-1  | fspiopTransfers   [  69% ] 6/6 VUs  3m47.0s/5m30.0s
load-k6-1  | 
load-k6-1  | 
load-k6-1  | running (3m48.0s), 6/6 VUs, 14158 complete and 0 interrupted iterations
load-k6-1  | fspiopTransfers   [  69% ] 6/6 VUs  3m48.0s/5m30.0s
load-k6-1  | 
load-k6-1  | 
load-k6-1  | running (3m49.0s), 6/6 VUs, 14227 complete and 0 interrupted iterations
load-k6-1  | fspiopTransfers   [  69% ] 6/6 VUs  3m49.0s/5m30.0s
load-k6-1  | 
load-k6-1  | 
load-k6-1  | running (3m50.0s), 6/6 VUs, 14293 complete and 0 interrupted iterations
load-k6-1  | fspiopTransfers   [  70% ] 6/6 VUs  3m50.0s/5m30.0s
load-k6-1  | 
load-k6-1  | 
load-k6-1  | running (3m51.0s), 6/6 VUs, 14359 complete and 0 interrupted iterations
load-k6-1  | fspiopTransfers   [  70% ] 6/6 VUs  3m51.0s/5m30.0s
load-k6-1  | 
load-k6-1  | 
load-k6-1  | running (3m52.0s), 6/6 VUs, 14430 complete and 0 interrupted iterations
load-k6-1  | fspiopTransfers   [  70% ] 6/6 VUs  3m52.0s/5m30.0s
load-k6-1  | 
load-k6-1  | 
load-k6-1  | running (3m53.0s), 6/6 VUs, 14499 complete and 0 interrupted iterations
load-k6-1  | fspiopTransfers   [  71% ] 6/6 VUs  3m53.0s/5m30.0s
load-k6-1  | 
load-k6-1  | 
load-k6-1  | running (3m54.0s), 6/6 VUs, 14564 complete and 0 interrupted iterations
load-k6-1  | fspiopTransfers   [  71% ] 6/6 VUs  3m54.0s/5m30.0s
load-k6-1  | 
load-k6-1  | 
load-k6-1  | running (3m55.0s), 6/6 VUs, 14634 complete and 0 interrupted iterations
load-k6-1  | fspiopTransfers   [  71% ] 6/6 VUs  3m55.0s/5m30.0s
load-k6-1  | 
load-k6-1  | 
load-k6-1  | running (3m56.0s), 6/6 VUs, 14701 complete and 0 interrupted iterations
load-k6-1  | fspiopTransfers   [  72% ] 6/6 VUs  3m56.0s/5m30.0s
load-k6-1  | 
load-k6-1  | 
load-k6-1  | running (3m57.0s), 6/6 VUs, 14775 complete and 0 interrupted iterations
load-k6-1  | fspiopTransfers   [  72% ] 6/6 VUs  3m57.0s/5m30.0s
load-k6-1  | 
load-k6-1  | 
load-k6-1  | running (3m58.0s), 6/6 VUs, 14846 complete and 0 interrupted iterations
load-k6-1  | fspiopTransfers   [  72% ] 6/6 VUs  3m58.0s/5m30.0s
load-k6-1  | 
load-k6-1  | 
load-k6-1  | running (3m59.0s), 6/6 VUs, 14920 complete and 0 interrupted iterations
load-k6-1  | fspiopTransfers   [  72% ] 6/6 VUs  3m59.0s/5m30.0s
load-k6-1  | 
load-k6-1  | 
load-k6-1  | running (4m00.0s), 6/6 VUs, 14992 complete and 0 interrupted iterations
load-k6-1  | fspiopTransfers   [  73% ] 6/6 VUs  4m00.0s/5m30.0s
load-k6-1  | 
load-k6-1  | 
load-k6-1  | running (4m01.0s), 6/6 VUs, 15062 complete and 0 interrupted iterations
load-k6-1  | fspiopTransfers   [  73% ] 6/6 VUs  4m01.0s/5m30.0s
load-k6-1  | 
load-k6-1  | 
load-k6-1  | running (4m02.0s), 6/6 VUs, 15131 complete and 0 interrupted iterations
load-k6-1  | fspiopTransfers   [  73% ] 6/6 VUs  4m02.0s/5m30.0s
load-k6-1  | 
load-k6-1  | 
load-k6-1  | running (4m03.0s), 6/6 VUs, 15200 complete and 0 interrupted iterations
load-k6-1  | fspiopTransfers   [  74% ] 6/6 VUs  4m03.0s/5m30.0s
load-k6-1  | 
load-k6-1  | 
load-k6-1  | running (4m04.0s), 6/6 VUs, 15273 complete and 0 interrupted iterations
load-k6-1  | fspiopTransfers   [  74% ] 6/6 VUs  4m04.0s/5m30.0s
load-k6-1  | 
load-k6-1  | 
load-k6-1  | running (4m05.0s), 6/6 VUs, 15343 complete and 0 interrupted iterations
load-k6-1  | fspiopTransfers   [  74% ] 6/6 VUs  4m05.0s/5m30.0s
load-k6-1  | 
load-k6-1  | 
load-k6-1  | running (4m06.0s), 6/6 VUs, 15412 complete and 0 interrupted iterations
load-k6-1  | fspiopTransfers   [  75% ] 6/6 VUs  4m06.0s/5m30.0s
load-k6-1  | 
load-k6-1  | 
load-k6-1  | running (4m07.0s), 6/6 VUs, 15484 complete and 0 interrupted iterations
load-k6-1  | fspiopTransfers   [  75% ] 6/6 VUs  4m07.0s/5m30.0s
load-k6-1  | 
load-k6-1  | 
load-k6-1  | running (4m08.0s), 6/6 VUs, 15553 complete and 0 interrupted iterations
load-k6-1  | fspiopTransfers   [  75% ] 6/6 VUs  4m08.0s/5m30.0s
load-k6-1  | 
load-k6-1  | 
load-k6-1  | running (4m09.0s), 6/6 VUs, 15621 complete and 0 interrupted iterations
load-k6-1  | fspiopTransfers   [  75% ] 6/6 VUs  4m09.0s/5m30.0s
load-k6-1  | 
load-k6-1  | 
load-k6-1  | running (4m10.0s), 6/6 VUs, 15691 complete and 0 interrupted iterations
load-k6-1  | fspiopTransfers   [  76% ] 6/6 VUs  4m10.0s/5m30.0s
load-k6-1  | 
load-k6-1  | 
load-k6-1  | running (4m11.0s), 6/6 VUs, 15756 complete and 0 interrupted iterations
load-k6-1  | fspiopTransfers   [  76% ] 6/6 VUs  4m11.0s/5m30.0s
load-k6-1  | 
load-k6-1  | 
load-k6-1  | running (4m12.0s), 6/6 VUs, 15826 complete and 0 interrupted iterations
load-k6-1  | fspiopTransfers   [  76% ] 6/6 VUs  4m12.0s/5m30.0s
load-k6-1  | 
load-k6-1  | 
load-k6-1  | running (4m13.0s), 6/6 VUs, 15896 complete and 0 interrupted iterations
load-k6-1  | fspiopTransfers   [  77% ] 6/6 VUs  4m13.0s/5m30.0s
load-k6-1  | 
load-k6-1  | 
load-k6-1  | running (4m14.0s), 6/6 VUs, 15966 complete and 0 interrupted iterations
load-k6-1  | fspiopTransfers   [  77% ] 6/6 VUs  4m14.0s/5m30.0s
load-k6-1  | 
load-k6-1  | 
load-k6-1  | running (4m15.0s), 6/6 VUs, 16039 complete and 0 interrupted iterations
load-k6-1  | fspiopTransfers   [  77% ] 6/6 VUs  4m15.0s/5m30.0s
load-k6-1  | 
load-k6-1  | 
load-k6-1  | running (4m16.0s), 6/6 VUs, 16107 complete and 0 interrupted iterations
load-k6-1  | fspiopTransfers   [  78% ] 6/6 VUs  4m16.0s/5m30.0s
load-k6-1  | 
load-k6-1  | 
load-k6-1  | running (4m17.0s), 6/6 VUs, 16176 complete and 0 interrupted iterations
load-k6-1  | fspiopTransfers   [  78% ] 6/6 VUs  4m17.0s/5m30.0s
load-k6-1  | 
load-k6-1  | 
load-k6-1  | running (4m18.0s), 6/6 VUs, 16245 complete and 0 interrupted iterations
load-k6-1  | fspiopTransfers   [  78% ] 6/6 VUs  4m18.0s/5m30.0s
load-k6-1  | 
load-k6-1  | 
load-k6-1  | running (4m19.0s), 6/6 VUs, 16317 complete and 0 interrupted iterations
load-k6-1  | fspiopTransfers   [  78% ] 6/6 VUs  4m19.0s/5m30.0s
load-k6-1  | 
load-k6-1  | 
load-k6-1  | running (4m20.0s), 6/6 VUs, 16384 complete and 0 interrupted iterations
load-k6-1  | fspiopTransfers   [  79% ] 6/6 VUs  4m20.0s/5m30.0s
load-k6-1  | 
load-k6-1  | 
load-k6-1  | running (4m21.0s), 6/6 VUs, 16455 complete and 0 interrupted iterations
load-k6-1  | fspiopTransfers   [  79% ] 6/6 VUs  4m21.0s/5m30.0s
load-k6-1  | 
load-k6-1  | 
load-k6-1  | running (4m22.0s), 6/6 VUs, 16523 complete and 0 interrupted iterations
load-k6-1  | fspiopTransfers   [  79% ] 6/6 VUs  4m22.0s/5m30.0s
load-k6-1  | 
load-k6-1  | 
load-k6-1  | running (4m23.0s), 6/6 VUs, 16591 complete and 0 interrupted iterations
load-k6-1  | fspiopTransfers   [  80% ] 6/6 VUs  4m23.0s/5m30.0s
load-k6-1  | 
load-k6-1  | 
load-k6-1  | running (4m24.0s), 6/6 VUs, 16660 complete and 0 interrupted iterations
load-k6-1  | fspiopTransfers   [  80% ] 6/6 VUs  4m24.0s/5m30.0s
load-k6-1  | 
load-k6-1  | 
load-k6-1  | running (4m25.0s), 6/6 VUs, 16727 complete and 0 interrupted iterations
load-k6-1  | fspiopTransfers   [  80% ] 6/6 VUs  4m25.0s/5m30.0s
load-k6-1  | 
load-k6-1  | 
load-k6-1  | running (4m26.0s), 6/6 VUs, 16794 complete and 0 interrupted iterations
load-k6-1  | fspiopTransfers   [  81% ] 6/6 VUs  4m26.0s/5m30.0s
load-k6-1  | 
load-k6-1  | 
load-k6-1  | running (4m27.0s), 6/6 VUs, 16862 complete and 0 interrupted iterations
load-k6-1  | fspiopTransfers   [  81% ] 6/6 VUs  4m27.0s/5m30.0s
load-k6-1  | 
load-k6-1  | 
load-k6-1  | running (4m28.0s), 6/6 VUs, 16927 complete and 0 interrupted iterations
load-k6-1  | fspiopTransfers   [  81% ] 6/6 VUs  4m28.0s/5m30.0s
load-k6-1  | 
load-k6-1  | 
load-k6-1  | running (4m29.0s), 6/6 VUs, 16996 complete and 0 interrupted iterations
load-k6-1  | fspiopTransfers   [  82% ] 6/6 VUs  4m29.0s/5m30.0s
load-k6-1  | 
load-k6-1  | 
load-k6-1  | running (4m30.0s), 6/6 VUs, 17065 complete and 0 interrupted iterations
load-k6-1  | fspiopTransfers   [  82% ] 6/6 VUs  4m30.0s/5m30.0s
load-k6-1  | 
load-k6-1  | 
load-k6-1  | running (4m31.0s), 6/6 VUs, 17134 complete and 0 interrupted iterations
load-k6-1  | fspiopTransfers   [  82% ] 6/6 VUs  4m31.0s/5m30.0s
load-k6-1  | 
load-k6-1  | 
load-k6-1  | running (4m32.0s), 6/6 VUs, 17205 complete and 0 interrupted iterations
load-k6-1  | fspiopTransfers   [  82% ] 6/6 VUs  4m32.0s/5m30.0s
load-k6-1  | 
load-k6-1  | 
load-k6-1  | running (4m33.0s), 6/6 VUs, 17269 complete and 0 interrupted iterations
load-k6-1  | fspiopTransfers   [  83% ] 6/6 VUs  4m33.0s/5m30.0s
load-k6-1  | 
load-k6-1  | 
load-k6-1  | running (4m34.0s), 6/6 VUs, 17334 complete and 0 interrupted iterations
load-k6-1  | fspiopTransfers   [  83% ] 6/6 VUs  4m34.0s/5m30.0s
load-k6-1  | 
load-k6-1  | 
load-k6-1  | running (4m35.0s), 6/6 VUs, 17404 complete and 0 interrupted iterations
load-k6-1  | fspiopTransfers   [  83% ] 6/6 VUs  4m35.0s/5m30.0s
load-k6-1  | 
load-k6-1  | 
load-k6-1  | running (4m36.0s), 6/6 VUs, 17474 complete and 0 interrupted iterations
load-k6-1  | fspiopTransfers   [  84% ] 6/6 VUs  4m36.0s/5m30.0s
load-k6-1  | 
load-k6-1  | 
load-k6-1  | running (4m37.0s), 6/6 VUs, 17539 complete and 0 interrupted iterations
load-k6-1  | fspiopTransfers   [  84% ] 6/6 VUs  4m37.0s/5m30.0s
load-k6-1  | 
load-k6-1  | 
load-k6-1  | running (4m38.0s), 6/6 VUs, 17604 complete and 0 interrupted iterations
load-k6-1  | fspiopTransfers   [  84% ] 6/6 VUs  4m38.0s/5m30.0s
load-k6-1  | 
load-k6-1  | 
load-k6-1  | running (4m39.0s), 6/6 VUs, 17673 complete and 0 interrupted iterations
load-k6-1  | fspiopTransfers   [  85% ] 6/6 VUs  4m39.0s/5m30.0s
load-k6-1  | 
load-k6-1  | 
load-k6-1  | running (4m40.0s), 6/6 VUs, 17739 complete and 0 interrupted iterations
load-k6-1  | fspiopTransfers   [  85% ] 6/6 VUs  4m40.0s/5m30.0s
load-k6-1  | 
load-k6-1  | 
load-k6-1  | running (4m41.0s), 6/6 VUs, 17807 complete and 0 interrupted iterations
load-k6-1  | fspiopTransfers   [  85% ] 6/6 VUs  4m41.0s/5m30.0s
load-k6-1  | 
load-k6-1  | 
load-k6-1  | running (4m42.0s), 6/6 VUs, 17877 complete and 0 interrupted iterations
load-k6-1  | fspiopTransfers   [  85% ] 6/6 VUs  4m42.0s/5m30.0s
load-k6-1  | 
load-k6-1  | 
load-k6-1  | running (4m43.0s), 6/6 VUs, 17944 complete and 0 interrupted iterations
load-k6-1  | fspiopTransfers   [  86% ] 6/6 VUs  4m43.0s/5m30.0s
load-k6-1  | 
load-k6-1  | 
load-k6-1  | running (4m44.0s), 6/6 VUs, 18012 complete and 0 interrupted iterations
load-k6-1  | fspiopTransfers   [  86% ] 6/6 VUs  4m44.0s/5m30.0s
load-k6-1  | 
load-k6-1  | 
load-k6-1  | running (4m45.0s), 6/6 VUs, 18082 complete and 0 interrupted iterations
load-k6-1  | fspiopTransfers   [  86% ] 6/6 VUs  4m45.0s/5m30.0s
load-k6-1  | 
load-k6-1  | 
load-k6-1  | running (4m46.0s), 6/6 VUs, 18146 complete and 0 interrupted iterations
load-k6-1  | fspiopTransfers   [  87% ] 6/6 VUs  4m46.0s/5m30.0s
load-k6-1  | 
load-k6-1  | 
load-k6-1  | running (4m47.0s), 6/6 VUs, 18214 complete and 0 interrupted iterations
load-k6-1  | fspiopTransfers   [  87% ] 6/6 VUs  4m47.0s/5m30.0s
load-k6-1  | 
load-k6-1  | 
load-k6-1  | running (4m48.0s), 6/6 VUs, 18286 complete and 0 interrupted iterations
load-k6-1  | fspiopTransfers   [  87% ] 6/6 VUs  4m48.0s/5m30.0s
load-k6-1  | 
load-k6-1  | 
load-k6-1  | running (4m49.0s), 6/6 VUs, 18355 complete and 0 interrupted iterations
load-k6-1  | fspiopTransfers   [  88% ] 6/6 VUs  4m49.0s/5m30.0s
load-k6-1  | 
load-k6-1  | 
load-k6-1  | running (4m50.0s), 6/6 VUs, 18420 complete and 0 interrupted iterations
load-k6-1  | fspiopTransfers   [  88% ] 6/6 VUs  4m50.0s/5m30.0s
load-k6-1  | 
load-k6-1  | 
load-k6-1  | running (4m51.0s), 6/6 VUs, 18487 complete and 0 interrupted iterations
load-k6-1  | fspiopTransfers   [  88% ] 6/6 VUs  4m51.0s/5m30.0s
load-k6-1  | 
load-k6-1  | 
load-k6-1  | running (4m52.0s), 6/6 VUs, 18559 complete and 0 interrupted iterations
load-k6-1  | fspiopTransfers   [  88% ] 6/6 VUs  4m52.0s/5m30.0s
load-k6-1  | 
load-k6-1  | 
load-k6-1  | running (4m53.0s), 6/6 VUs, 18627 complete and 0 interrupted iterations
load-k6-1  | fspiopTransfers   [  89% ] 6/6 VUs  4m53.0s/5m30.0s
load-k6-1  | 
load-k6-1  | 
load-k6-1  | running (4m54.0s), 6/6 VUs, 18692 complete and 0 interrupted iterations
load-k6-1  | fspiopTransfers   [  89% ] 6/6 VUs  4m54.0s/5m30.0s
load-k6-1  | 
load-k6-1  | 
load-k6-1  | running (4m55.0s), 6/6 VUs, 18765 complete and 0 interrupted iterations
load-k6-1  | fspiopTransfers   [  89% ] 6/6 VUs  4m55.0s/5m30.0s
load-k6-1  | 
load-k6-1  | 
load-k6-1  | running (4m56.0s), 6/6 VUs, 18839 complete and 0 interrupted iterations
load-k6-1  | fspiopTransfers   [  90% ] 6/6 VUs  4m56.0s/5m30.0s
load-k6-1  | 
load-k6-1  | 
load-k6-1  | running (4m57.0s), 6/6 VUs, 18908 complete and 0 interrupted iterations
load-k6-1  | fspiopTransfers   [  90% ] 6/6 VUs  4m57.0s/5m30.0s
load-k6-1  | 
load-k6-1  | 
load-k6-1  | running (4m58.0s), 6/6 VUs, 18978 complete and 0 interrupted iterations
load-k6-1  | fspiopTransfers   [  90% ] 6/6 VUs  4m58.0s/5m30.0s
load-k6-1  | 
load-k6-1  | 
load-k6-1  | running (4m59.0s), 6/6 VUs, 19044 complete and 0 interrupted iterations
load-k6-1  | fspiopTransfers   [  91% ] 6/6 VUs  4m59.0s/5m30.0s
load-k6-1  | 
load-k6-1  | 
load-k6-1  | running (5m00.0s), 6/6 VUs, 19114 complete and 0 interrupted iterations
load-k6-1  | fspiopTransfers   [  91% ] 6/6 VUs  5m00.0s/5m30.0s
load-k6-1  | 
load-k6-1  | 
load-k6-1  | running (5m01.0s), 6/6 VUs, 19182 complete and 0 interrupted iterations
load-k6-1  | fspiopTransfers   [  91% ] 6/6 VUs  5m01.0s/5m30.0s
load-k6-1  | 
load-k6-1  | 
load-k6-1  | running (5m02.0s), 6/6 VUs, 19250 complete and 0 interrupted iterations
load-k6-1  | fspiopTransfers   [  92% ] 6/6 VUs  5m02.0s/5m30.0s
load-k6-1  | 
load-k6-1  | 
load-k6-1  | running (5m03.0s), 6/6 VUs, 19319 complete and 0 interrupted iterations
load-k6-1  | fspiopTransfers   [  92% ] 6/6 VUs  5m03.0s/5m30.0s
load-k6-1  | 
load-k6-1  | 
load-k6-1  | running (5m04.0s), 6/6 VUs, 19389 complete and 0 interrupted iterations
load-k6-1  | fspiopTransfers   [  92% ] 6/6 VUs  5m04.0s/5m30.0s
load-k6-1  | 
load-k6-1  | 
load-k6-1  | running (5m05.0s), 6/6 VUs, 19457 complete and 0 interrupted iterations
load-k6-1  | fspiopTransfers   [  92% ] 6/6 VUs  5m05.0s/5m30.0s
load-k6-1  | 
load-k6-1  | 
load-k6-1  | running (5m06.0s), 6/6 VUs, 19527 complete and 0 interrupted iterations
load-k6-1  | fspiopTransfers   [  93% ] 6/6 VUs  5m06.0s/5m30.0s
load-k6-1  | 
load-k6-1  | 
load-k6-1  | running (5m07.0s), 6/6 VUs, 19595 complete and 0 interrupted iterations
load-k6-1  | fspiopTransfers   [  93% ] 6/6 VUs  5m07.0s/5m30.0s
load-k6-1  | 
load-k6-1  | 
load-k6-1  | running (5m08.0s), 6/6 VUs, 19661 complete and 0 interrupted iterations
load-k6-1  | fspiopTransfers   [  93% ] 6/6 VUs  5m08.0s/5m30.0s
load-k6-1  | 
load-k6-1  | 
load-k6-1  | running (5m09.0s), 6/6 VUs, 19730 complete and 0 interrupted iterations
load-k6-1  | fspiopTransfers   [  94% ] 6/6 VUs  5m09.0s/5m30.0s
load-k6-1  | 
load-k6-1  | 
load-k6-1  | running (5m10.0s), 6/6 VUs, 19798 complete and 0 interrupted iterations
load-k6-1  | fspiopTransfers   [  94% ] 6/6 VUs  5m10.0s/5m30.0s
load-k6-1  | 
load-k6-1  | 
load-k6-1  | running (5m11.0s), 6/6 VUs, 19869 complete and 0 interrupted iterations
load-k6-1  | fspiopTransfers   [  94% ] 6/6 VUs  5m11.0s/5m30.0s
load-k6-1  | 
load-k6-1  | 
load-k6-1  | running (5m12.0s), 6/6 VUs, 19942 complete and 0 interrupted iterations
load-k6-1  | fspiopTransfers   [  95% ] 6/6 VUs  5m12.0s/5m30.0s
load-k6-1  | 
load-k6-1  | 
load-k6-1  | running (5m13.0s), 6/6 VUs, 20008 complete and 0 interrupted iterations
load-k6-1  | fspiopTransfers   [  95% ] 6/6 VUs  5m13.0s/5m30.0s
load-k6-1  | 
load-k6-1  | 
load-k6-1  | running (5m14.0s), 6/6 VUs, 20079 complete and 0 interrupted iterations
load-k6-1  | fspiopTransfers   [  95% ] 6/6 VUs  5m14.0s/5m30.0s
load-k6-1  | 
load-k6-1  | 
load-k6-1  | running (5m15.0s), 6/6 VUs, 20146 complete and 0 interrupted iterations
load-k6-1  | fspiopTransfers   [  95% ] 6/6 VUs  5m15.0s/5m30.0s
load-k6-1  | 
load-k6-1  | 
load-k6-1  | running (5m16.0s), 6/6 VUs, 20214 complete and 0 interrupted iterations
load-k6-1  | fspiopTransfers   [  96% ] 6/6 VUs  5m16.0s/5m30.0s
load-k6-1  | 
load-k6-1  | 
load-k6-1  | running (5m17.0s), 6/6 VUs, 20280 complete and 0 interrupted iterations
load-k6-1  | fspiopTransfers   [  96% ] 6/6 VUs  5m17.0s/5m30.0s
load-k6-1  | 
load-k6-1  | 
load-k6-1  | running (5m18.0s), 6/6 VUs, 20349 complete and 0 interrupted iterations
load-k6-1  | fspiopTransfers   [  96% ] 6/6 VUs  5m18.0s/5m30.0s
load-k6-1  | 
load-k6-1  | 
load-k6-1  | running (5m19.0s), 6/6 VUs, 20416 complete and 0 interrupted iterations
load-k6-1  | fspiopTransfers   [  97% ] 6/6 VUs  5m19.0s/5m30.0s
load-k6-1  | 
load-k6-1  | 
load-k6-1  | running (5m20.0s), 6/6 VUs, 20483 complete and 0 interrupted iterations
load-k6-1  | fspiopTransfers   [  97% ] 6/6 VUs  5m20.0s/5m30.0s
load-k6-1  | 
load-k6-1  | 
load-k6-1  | running (5m21.0s), 6/6 VUs, 20554 complete and 0 interrupted iterations
load-k6-1  | fspiopTransfers   [  97% ] 6/6 VUs  5m21.0s/5m30.0s
load-k6-1  | 
load-k6-1  | 
load-k6-1  | running (5m22.0s), 6/6 VUs, 20623 complete and 0 interrupted iterations
load-k6-1  | fspiopTransfers   [  98% ] 6/6 VUs  5m22.0s/5m30.0s
load-k6-1  | 
load-k6-1  | 
load-k6-1  | running (5m23.0s), 6/6 VUs, 20689 complete and 0 interrupted iterations
load-k6-1  | fspiopTransfers   [  98% ] 6/6 VUs  5m23.0s/5m30.0s
load-k6-1  | 
load-k6-1  | 
load-k6-1  | running (5m24.0s), 6/6 VUs, 20757 complete and 0 interrupted iterations
load-k6-1  | fspiopTransfers   [  98% ] 6/6 VUs  5m24.0s/5m30.0s
load-k6-1  | 
load-k6-1  | 
load-k6-1  | running (5m25.0s), 6/6 VUs, 20825 complete and 0 interrupted iterations
load-k6-1  | fspiopTransfers   [  98% ] 6/6 VUs  5m25.0s/5m30.0s
load-k6-1  | 
load-k6-1  | 
load-k6-1  | running (5m26.0s), 6/6 VUs, 20895 complete and 0 interrupted iterations
load-k6-1  | fspiopTransfers   [  99% ] 6/6 VUs  5m26.0s/5m30.0s
load-k6-1  | 
load-k6-1  | 
load-k6-1  | running (5m27.0s), 6/6 VUs, 20962 complete and 0 interrupted iterations
load-k6-1  | fspiopTransfers   [  99% ] 6/6 VUs  5m27.0s/5m30.0s
load-k6-1  | 
load-k6-1  | 
load-k6-1  | running (5m28.0s), 6/6 VUs, 21026 complete and 0 interrupted iterations
load-k6-1  | fspiopTransfers   [  99% ] 6/6 VUs  5m28.0s/5m30.0s
load-k6-1  | 
load-k6-1  | 
load-k6-1  | running (5m29.0s), 6/6 VUs, 21097 complete and 0 interrupted iterations
load-k6-1  | fspiopTransfers   [ 100% ] 6/6 VUs  5m29.0s/5m30.0s
load-k6-1  | 
load-k6-1  | 
load-k6-1  | running (5m30.0s), 6/6 VUs, 21162 complete and 0 interrupted iterations
load-k6-1  | fspiopTransfers   [ 100% ] 6/6 VUs  5m30.0s/5m30.0s
load-k6-1  | 
load-k6-1  | 
load-k6-1  | running (5m31.0s), 3/6 VUs, 21165 complete and 0 interrupted iterations
load-k6-1  | fspiopTransfers ↓ [ 100% ] 6/6 VUs  5m30s
load-k6-1  | 
load-k6-1  | 
load-k6-1  | running (5m32.0s), 1/6 VUs, 21167 complete and 0 interrupted iterations
load-k6-1  | fspiopTransfers ↓ [ 100% ] 6/6 VUs  5m30s
load-k6-1  | 
load-k6-1  | 
load-k6-1  |      ✓ TRANSFERS_FSPIOP_POST_TRANSFERS_RESPONSE_IS_202
load-k6-1  |      ✓ TRANSFERS_E2E_FSPIOP_POST_TRANSFERS_SUCCESS
load-k6-1  | 
load-k6-1  |      █ Post Transfers
load-k6-1  | 
load-k6-1  |      checks.........................: 100.00% ✓ 42336     ✗ 0    
load-k6-1  |      data_received..................: 6.6 MB  20 kB/s
load-k6-1  |      data_sent......................: 44 MB   132 kB/s
load-k6-1  |      group_duration.................: avg=208.98µs min=130.01µs med=202.65µs max=1.37ms   p(90)=259.17µs p(95)=275.23µs
load-k6-1  |      http_req_blocked...............: avg=4.2µs    min=1.53µs   med=3.97µs   max=384.6µs  p(90)=5.25µs   p(95)=5.65µs  
load-k6-1  |      http_req_connecting............: avg=33ns     min=0s       med=0s       max=153.08µs p(90)=0s       p(95)=0s      
load-k6-1  |    ✓ http_req_duration..............: avg=2.81ms   min=1.06ms   med=2.72ms   max=19.65ms  p(90)=3.73ms   p(95)=4.18ms  
load-k6-1  |        { expected_response:true }...: avg=2.81ms   min=1.06ms   med=2.72ms   max=19.65ms  p(90)=3.73ms   p(95)=4.18ms  
load-k6-1  |    ✓ http_req_failed................: 0.00%   ✓ 0         ✗ 21168
load-k6-1  |      http_req_receiving.............: avg=28.21µs  min=9.02µs   med=27.71µs  max=441.21µs p(90)=36.69µs  p(95)=39.81µs 
load-k6-1  |      http_req_sending...............: avg=21.59µs  min=8.75µs   med=21.16µs  max=961.09µs p(90)=26.94µs  p(95)=28.71µs 
load-k6-1  |      http_req_tls_handshaking.......: avg=0s       min=0s       med=0s       max=0s       p(90)=0s       p(95)=0s      
load-k6-1  |      http_req_waiting...............: avg=2.76ms   min=1.01ms   med=2.68ms   max=19.44ms  p(90)=3.68ms   p(95)=4.13ms  
load-k6-1  |      http_reqs......................: 21168   63.729416/s
load-k6-1  |    ✓ iteration_duration.............: avg=89.47ms  min=45.78ms  med=85.8ms   max=4.98s    p(90)=119.33ms p(95)=123.76ms
load-k6-1  |      iterations.....................: 21168   63.729416/s
load-k6-1  |      vus............................: 1       min=1       max=6  
load-k6-1  |      vus_max........................: 6       min=6       max=6  
load-k6-1  |      ws_connecting..................: avg=517.73µs min=186.43µs med=421µs    max=15.61ms  p(90)=785.9µs  p(95)=1.06ms  
load-k6-1  |      ws_msgs_received...............: 21168   63.729416/s
load-k6-1  |      ws_msgs_sent...................: 21168   63.729416/s
load-k6-1  |      ws_session_duration............: avg=89.17ms  min=45.53ms  med=85.51ms  max=4.97s    p(90)=119.04ms p(95)=123.46ms
load-k6-1  |      ws_sessions....................: 21168   63.729416/s
load-k6-1  | 
load-k6-1  | 
load-k6-1  | running (5m32.2s), 0/6 VUs, 21168 complete and 0 interrupted iterations
load-k6-1  | fspiopTransfers ✓ [ 100% ] 0/6 VUs  5m30s
load-k6-1  | 
load-k6-1 exited with code 0
