Attaching to load-k6-1
load-k6-1  | 
load-k6-1  |           /\      |‾‾| /‾‾/   /‾‾/   
load-k6-1  |      /\  /  \     |  |/  /   /  /    
load-k6-1  |     /  \/    \    |     (   /   ‾‾\  
load-k6-1  |    /          \   |  |\  \ |  (‾)  | 
load-k6-1  |   / __________ \  |__| \__\ \_____/ .io
load-k6-1  | 
load-k6-1  |   execution: local
load-k6-1  |      script: /scripts/index.js
load-k6-1  |      output: Prometheus remote write (http://prometheus:9090/api/v1/write)
load-k6-1  | 
load-k6-1  |   scenarios: (100.00%) 1 scenario, 40 max VUs, 6m0s max duration (incl. graceful stop):
load-k6-1  |            * fspiopE2E: Up to 40 looping VUs for 5m30s over 2 stages (gracefulRampDown: 30s, exec: fspiopE2EScenarios, gracefulStop: 30s)
load-k6-1  | 
load-k6-1  | 
load-k6-1  | running (0m01.0s), 02/40 VUs, 6 complete and 0 interrupted iterations
load-k6-1  | fspiopE2E   [   0% ] 02/40 VUs  0m01.0s/5m30.0s
load-k6-1  | 
load-k6-1  | running (0m02.0s), 03/40 VUs, 24 complete and 0 interrupted iterations
load-k6-1  | fspiopE2E   [   1% ] 03/40 VUs  0m02.0s/5m30.0s
load-k6-1  | 
load-k6-1  | running (0m03.0s), 04/40 VUs, 52 complete and 0 interrupted iterations
load-k6-1  | fspiopE2E   [   1% ] 04/40 VUs  0m03.0s/5m30.0s
load-k6-1  | 
load-k6-1  | running (0m04.0s), 06/40 VUs, 91 complete and 0 interrupted iterations
load-k6-1  | fspiopE2E   [   1% ] 06/40 VUs  0m04.0s/5m30.0s
load-k6-1  | 
load-k6-1  | running (0m05.0s), 07/40 VUs, 138 complete and 0 interrupted iterations
load-k6-1  | fspiopE2E   [   2% ] 07/40 VUs  0m05.0s/5m30.0s
load-k6-1  | 
load-k6-1  | running (0m06.0s), 08/40 VUs, 197 complete and 0 interrupted iterations
load-k6-1  | fspiopE2E   [   2% ] 08/40 VUs  0m06.0s/5m30.0s
load-k6-1  | 
load-k6-1  | running (0m07.0s), 10/40 VUs, 258 complete and 0 interrupted iterations
load-k6-1  | fspiopE2E   [   2% ] 10/40 VUs  0m07.0s/5m30.0s
load-k6-1  | 
load-k6-1  | running (0m08.0s), 11/40 VUs, 333 complete and 0 interrupted iterations
load-k6-1  | fspiopE2E   [   2% ] 11/40 VUs  0m08.0s/5m30.0s
load-k6-1  | 
load-k6-1  | running (0m09.0s), 12/40 VUs, 412 complete and 0 interrupted iterations
load-k6-1  | fspiopE2E   [   3% ] 12/40 VUs  0m09.0s/5m30.0s
load-k6-1  | 
load-k6-1  | running (0m10.0s), 13/40 VUs, 498 complete and 0 interrupted iterations
load-k6-1  | fspiopE2E   [   3% ] 13/40 VUs  0m10.0s/5m30.0s
load-k6-1  | 
load-k6-1  | running (0m11.0s), 15/40 VUs, 591 complete and 0 interrupted iterations
load-k6-1  | fspiopE2E   [   3% ] 15/40 VUs  0m11.0s/5m30.0s
load-k6-1  | 
load-k6-1  | running (0m12.0s), 16/40 VUs, 685 complete and 0 interrupted iterations
load-k6-1  | fspiopE2E   [   4% ] 16/40 VUs  0m12.0s/5m30.0s
load-k6-1  | 
load-k6-1  | running (0m13.0s), 17/40 VUs, 780 complete and 0 interrupted iterations
load-k6-1  | fspiopE2E   [   4% ] 17/40 VUs  0m13.0s/5m30.0s
load-k6-1  | 
load-k6-1  | running (0m14.0s), 19/40 VUs, 881 complete and 0 interrupted iterations
load-k6-1  | fspiopE2E   [   4% ] 19/40 VUs  0m14.0s/5m30.0s
load-k6-1  | 
load-k6-1  | running (0m15.0s), 20/40 VUs, 989 complete and 0 interrupted iterations
load-k6-1  | fspiopE2E   [   5% ] 20/40 VUs  0m15.0s/5m30.0s
load-k6-1  | 
load-k6-1  | running (0m16.0s), 21/40 VUs, 1097 complete and 0 interrupted iterations
load-k6-1  | fspiopE2E   [   5% ] 21/40 VUs  0m16.0s/5m30.0s
load-k6-1  | 
load-k6-1  | running (0m17.0s), 23/40 VUs, 1215 complete and 0 interrupted iterations
load-k6-1  | fspiopE2E   [   5% ] 23/40 VUs  0m17.0s/5m30.0s
load-k6-1  | 
load-k6-1  | running (0m18.0s), 24/40 VUs, 1340 complete and 0 interrupted iterations
load-k6-1  | fspiopE2E   [   5% ] 24/40 VUs  0m18.0s/5m30.0s
load-k6-1  | 
load-k6-1  | running (0m19.0s), 25/40 VUs, 1448 complete and 0 interrupted iterations
load-k6-1  | fspiopE2E   [   6% ] 25/40 VUs  0m19.0s/5m30.0s
load-k6-1  | 
load-k6-1  | running (0m20.0s), 26/40 VUs, 1572 complete and 0 interrupted iterations
load-k6-1  | fspiopE2E   [   6% ] 26/40 VUs  0m20.0s/5m30.0s
load-k6-1  | 
load-k6-1  | running (0m21.0s), 28/40 VUs, 1701 complete and 0 interrupted iterations
load-k6-1  | fspiopE2E   [   6% ] 28/40 VUs  0m21.0s/5m30.0s
load-k6-1  | 
load-k6-1  | running (0m22.0s), 29/40 VUs, 1829 complete and 0 interrupted iterations
load-k6-1  | fspiopE2E   [   7% ] 29/40 VUs  0m22.0s/5m30.0s
load-k6-1  | 
load-k6-1  | running (0m23.0s), 30/40 VUs, 1961 complete and 0 interrupted iterations
load-k6-1  | fspiopE2E   [   7% ] 30/40 VUs  0m23.0s/5m30.0s
load-k6-1  | 
load-k6-1  | running (0m24.0s), 32/40 VUs, 2097 complete and 0 interrupted iterations
load-k6-1  | fspiopE2E   [   7% ] 32/40 VUs  0m24.0s/5m30.0s
load-k6-1  | 
load-k6-1  | running (0m25.0s), 33/40 VUs, 2240 complete and 0 interrupted iterations
load-k6-1  | fspiopE2E   [   8% ] 33/40 VUs  0m25.0s/5m30.0s
load-k6-1  | 
load-k6-1  | running (0m26.0s), 34/40 VUs, 2378 complete and 0 interrupted iterations
load-k6-1  | fspiopE2E   [   8% ] 34/40 VUs  0m26.0s/5m30.0s
load-k6-1  | 
load-k6-1  | running (0m27.0s), 36/40 VUs, 2519 complete and 0 interrupted iterations
load-k6-1  | fspiopE2E   [   8% ] 36/40 VUs  0m27.0s/5m30.0s
load-k6-1  | 
load-k6-1  | running (0m28.0s), 37/40 VUs, 2667 complete and 0 interrupted iterations
load-k6-1  | fspiopE2E   [   8% ] 37/40 VUs  0m28.0s/5m30.0s
load-k6-1  | 
load-k6-1  | running (0m29.0s), 38/40 VUs, 2826 complete and 0 interrupted iterations
load-k6-1  | fspiopE2E   [   9% ] 38/40 VUs  0m29.0s/5m30.0s
load-k6-1  | 
load-k6-1  | running (0m30.0s), 39/40 VUs, 2977 complete and 0 interrupted iterations
load-k6-1  | fspiopE2E   [   9% ] 39/40 VUs  0m30.0s/5m30.0s
load-k6-1  | 
load-k6-1  | running (0m31.0s), 40/40 VUs, 3125 complete and 0 interrupted iterations
load-k6-1  | fspiopE2E   [   9% ] 40/40 VUs  0m31.0s/5m30.0s
load-k6-1  | 
load-k6-1  | running (0m32.0s), 40/40 VUs, 3273 complete and 0 interrupted iterations
load-k6-1  | fspiopE2E   [  10% ] 40/40 VUs  0m32.0s/5m30.0s
load-k6-1  | 
load-k6-1  | running (0m33.0s), 40/40 VUs, 3418 complete and 0 interrupted iterations
load-k6-1  | fspiopE2E   [  10% ] 40/40 VUs  0m33.0s/5m30.0s
load-k6-1  | 
load-k6-1  | running (0m34.0s), 40/40 VUs, 3579 complete and 0 interrupted iterations
load-k6-1  | fspiopE2E   [  10% ] 40/40 VUs  0m34.0s/5m30.0s
load-k6-1  | 
load-k6-1  | running (0m35.0s), 40/40 VUs, 3718 complete and 0 interrupted iterations
load-k6-1  | fspiopE2E   [  11% ] 40/40 VUs  0m35.0s/5m30.0s
load-k6-1  | 
load-k6-1  | running (0m36.0s), 40/40 VUs, 3869 complete and 0 interrupted iterations
load-k6-1  | fspiopE2E   [  11% ] 40/40 VUs  0m36.0s/5m30.0s
load-k6-1  | 
load-k6-1  | running (0m37.0s), 40/40 VUs, 4010 complete and 0 interrupted iterations
load-k6-1  | fspiopE2E   [  11% ] 40/40 VUs  0m37.0s/5m30.0s
load-k6-1  | 
load-k6-1  | running (0m38.0s), 40/40 VUs, 4175 complete and 0 interrupted iterations
load-k6-1  | fspiopE2E   [  12% ] 40/40 VUs  0m38.0s/5m30.0s
load-k6-1  | 
load-k6-1  | running (0m39.0s), 40/40 VUs, 4308 complete and 0 interrupted iterations
load-k6-1  | fspiopE2E   [  12% ] 40/40 VUs  0m39.0s/5m30.0s
load-k6-1  | 
load-k6-1  | running (0m40.0s), 40/40 VUs, 4474 complete and 0 interrupted iterations
load-k6-1  | fspiopE2E   [  12% ] 40/40 VUs  0m40.0s/5m30.0s
load-k6-1  | 
load-k6-1  | running (0m41.0s), 40/40 VUs, 4617 complete and 0 interrupted iterations
load-k6-1  | fspiopE2E   [  12% ] 40/40 VUs  0m41.0s/5m30.0s
load-k6-1  | 
load-k6-1  | running (0m42.0s), 40/40 VUs, 4785 complete and 0 interrupted iterations
load-k6-1  | fspiopE2E   [  13% ] 40/40 VUs  0m42.0s/5m30.0s
load-k6-1  | 
load-k6-1  | running (0m43.0s), 40/40 VUs, 4945 complete and 0 interrupted iterations
load-k6-1  | fspiopE2E   [  13% ] 40/40 VUs  0m43.0s/5m30.0s
load-k6-1  | 
load-k6-1  | running (0m44.0s), 40/40 VUs, 5099 complete and 0 interrupted iterations
load-k6-1  | fspiopE2E   [  13% ] 40/40 VUs  0m44.0s/5m30.0s
load-k6-1  | 
load-k6-1  | running (0m45.0s), 40/40 VUs, 5248 complete and 0 interrupted iterations
load-k6-1  | fspiopE2E   [  14% ] 40/40 VUs  0m45.0s/5m30.0s
load-k6-1  | 
load-k6-1  | running (0m46.0s), 40/40 VUs, 5402 complete and 0 interrupted iterations
load-k6-1  | fspiopE2E   [  14% ] 40/40 VUs  0m46.0s/5m30.0s
load-k6-1  | 
load-k6-1  | running (0m47.0s), 40/40 VUs, 5548 complete and 0 interrupted iterations
load-k6-1  | fspiopE2E   [  14% ] 40/40 VUs  0m47.0s/5m30.0s
load-k6-1  | 
load-k6-1  | running (0m48.0s), 40/40 VUs, 5711 complete and 0 interrupted iterations
load-k6-1  | fspiopE2E   [  15% ] 40/40 VUs  0m48.0s/5m30.0s
load-k6-1  | 
load-k6-1  | running (0m49.0s), 40/40 VUs, 5851 complete and 0 interrupted iterations
load-k6-1  | fspiopE2E   [  15% ] 40/40 VUs  0m49.0s/5m30.0s
load-k6-1  | 
load-k6-1  | running (0m50.0s), 40/40 VUs, 6010 complete and 0 interrupted iterations
load-k6-1  | fspiopE2E   [  15% ] 40/40 VUs  0m50.0s/5m30.0s
load-k6-1  | 
load-k6-1  | running (0m51.0s), 40/40 VUs, 6164 complete and 0 interrupted iterations
load-k6-1  | fspiopE2E   [  15% ] 40/40 VUs  0m51.0s/5m30.0s
load-k6-1  | 
load-k6-1  | running (0m52.0s), 40/40 VUs, 6326 complete and 0 interrupted iterations
load-k6-1  | fspiopE2E   [  16% ] 40/40 VUs  0m52.0s/5m30.0s
load-k6-1  | 
load-k6-1  | running (0m53.0s), 40/40 VUs, 6498 complete and 0 interrupted iterations
load-k6-1  | fspiopE2E   [  16% ] 40/40 VUs  0m53.0s/5m30.0s
load-k6-1  | 
load-k6-1  | running (0m54.0s), 40/40 VUs, 6656 complete and 0 interrupted iterations
load-k6-1  | fspiopE2E   [  16% ] 40/40 VUs  0m54.0s/5m30.0s
load-k6-1  | 
load-k6-1  | running (0m55.0s), 40/40 VUs, 6821 complete and 0 interrupted iterations
load-k6-1  | fspiopE2E   [  17% ] 40/40 VUs  0m55.0s/5m30.0s
load-k6-1  | 
load-k6-1  | running (0m56.0s), 40/40 VUs, 6986 complete and 0 interrupted iterations
load-k6-1  | fspiopE2E   [  17% ] 40/40 VUs  0m56.0s/5m30.0s
load-k6-1  | 
load-k6-1  | running (0m57.0s), 40/40 VUs, 7142 complete and 0 interrupted iterations
load-k6-1  | fspiopE2E   [  17% ] 40/40 VUs  0m57.0s/5m30.0s
load-k6-1  | 
load-k6-1  | running (0m58.0s), 40/40 VUs, 7305 complete and 0 interrupted iterations
load-k6-1  | fspiopE2E   [  18% ] 40/40 VUs  0m58.0s/5m30.0s
load-k6-1  | 
load-k6-1  | running (0m59.0s), 40/40 VUs, 7454 complete and 0 interrupted iterations
load-k6-1  | fspiopE2E   [  18% ] 40/40 VUs  0m59.0s/5m30.0s
load-k6-1  | 
load-k6-1  | running (1m00.0s), 40/40 VUs, 7613 complete and 0 interrupted iterations
load-k6-1  | fspiopE2E   [  18% ] 40/40 VUs  1m00.0s/5m30.0s
load-k6-1  | 
load-k6-1  | running (1m01.0s), 40/40 VUs, 7765 complete and 0 interrupted iterations
load-k6-1  | fspiopE2E   [  18% ] 40/40 VUs  1m01.0s/5m30.0s
load-k6-1  | 
load-k6-1  | running (1m02.0s), 40/40 VUs, 7937 complete and 0 interrupted iterations
load-k6-1  | fspiopE2E   [  19% ] 40/40 VUs  1m02.0s/5m30.0s
load-k6-1  | 
load-k6-1  | running (1m03.0s), 40/40 VUs, 8104 complete and 0 interrupted iterations
load-k6-1  | fspiopE2E   [  19% ] 40/40 VUs  1m03.0s/5m30.0s
load-k6-1  | 
load-k6-1  | running (1m04.0s), 40/40 VUs, 8265 complete and 0 interrupted iterations
load-k6-1  | fspiopE2E   [  19% ] 40/40 VUs  1m04.0s/5m30.0s
load-k6-1  | 
load-k6-1  | running (1m05.0s), 40/40 VUs, 8423 complete and 0 interrupted iterations
load-k6-1  | fspiopE2E   [  20% ] 40/40 VUs  1m05.0s/5m30.0s
load-k6-1  | 
load-k6-1  | running (1m06.0s), 40/40 VUs, 8586 complete and 0 interrupted iterations
load-k6-1  | fspiopE2E   [  20% ] 40/40 VUs  1m06.0s/5m30.0s
load-k6-1  | 
load-k6-1  | running (1m07.0s), 40/40 VUs, 8747 complete and 0 interrupted iterations
load-k6-1  | fspiopE2E   [  20% ] 40/40 VUs  1m07.0s/5m30.0s
load-k6-1  | 
load-k6-1  | running (1m08.0s), 40/40 VUs, 8896 complete and 0 interrupted iterations
load-k6-1  | fspiopE2E   [  21% ] 40/40 VUs  1m08.0s/5m30.0s
load-k6-1  | 
load-k6-1  | running (1m09.0s), 40/40 VUs, 9046 complete and 0 interrupted iterations
load-k6-1  | fspiopE2E   [  21% ] 40/40 VUs  1m09.0s/5m30.0s
load-k6-1  | 
load-k6-1  | running (1m10.0s), 40/40 VUs, 9201 complete and 0 interrupted iterations
load-k6-1  | fspiopE2E   [  21% ] 40/40 VUs  1m10.0s/5m30.0s
load-k6-1  | 
load-k6-1  | running (1m11.0s), 40/40 VUs, 9357 complete and 0 interrupted iterations
load-k6-1  | fspiopE2E   [  22% ] 40/40 VUs  1m11.0s/5m30.0s
load-k6-1  | 
load-k6-1  | running (1m12.0s), 40/40 VUs, 9503 complete and 0 interrupted iterations
load-k6-1  | fspiopE2E   [  22% ] 40/40 VUs  1m12.0s/5m30.0s
load-k6-1  | 
load-k6-1  | running (1m13.0s), 40/40 VUs, 9664 complete and 0 interrupted iterations
load-k6-1  | fspiopE2E   [  22% ] 40/40 VUs  1m13.0s/5m30.0s
load-k6-1  | 
load-k6-1  | running (1m14.0s), 40/40 VUs, 9824 complete and 0 interrupted iterations
load-k6-1  | fspiopE2E   [  22% ] 40/40 VUs  1m14.0s/5m30.0s
load-k6-1  | 
load-k6-1  | running (1m15.0s), 40/40 VUs, 9978 complete and 0 interrupted iterations
load-k6-1  | fspiopE2E   [  23% ] 40/40 VUs  1m15.0s/5m30.0s
load-k6-1  | 
load-k6-1  | running (1m16.0s), 40/40 VUs, 10129 complete and 0 interrupted iterations
load-k6-1  | fspiopE2E   [  23% ] 40/40 VUs  1m16.0s/5m30.0s
load-k6-1  | 
load-k6-1  | running (1m17.0s), 40/40 VUs, 10293 complete and 0 interrupted iterations
load-k6-1  | fspiopE2E   [  23% ] 40/40 VUs  1m17.0s/5m30.0s
load-k6-1  | 
load-k6-1  | running (1m18.0s), 40/40 VUs, 10443 complete and 0 interrupted iterations
load-k6-1  | fspiopE2E   [  24% ] 40/40 VUs  1m18.0s/5m30.0s
load-k6-1  | 
load-k6-1  | running (1m19.0s), 40/40 VUs, 10579 complete and 0 interrupted iterations
load-k6-1  | fspiopE2E   [  24% ] 40/40 VUs  1m19.0s/5m30.0s
load-k6-1  | 
load-k6-1  | running (1m20.0s), 40/40 VUs, 10746 complete and 0 interrupted iterations
load-k6-1  | fspiopE2E   [  24% ] 40/40 VUs  1m20.0s/5m30.0s
load-k6-1  | 
load-k6-1  | running (1m21.0s), 40/40 VUs, 10907 complete and 0 interrupted iterations
load-k6-1  | fspiopE2E   [  25% ] 40/40 VUs  1m21.0s/5m30.0s
load-k6-1  | 
load-k6-1  | running (1m22.0s), 40/40 VUs, 11068 complete and 0 interrupted iterations
load-k6-1  | fspiopE2E   [  25% ] 40/40 VUs  1m22.0s/5m30.0s
load-k6-1  | 
load-k6-1  | running (1m23.0s), 40/40 VUs, 11229 complete and 0 interrupted iterations
load-k6-1  | fspiopE2E   [  25% ] 40/40 VUs  1m23.0s/5m30.0s
load-k6-1  | 
load-k6-1  | running (1m24.0s), 40/40 VUs, 11370 complete and 0 interrupted iterations
load-k6-1  | fspiopE2E   [  25% ] 40/40 VUs  1m24.0s/5m30.0s
load-k6-1  | 
load-k6-1  | running (1m25.0s), 40/40 VUs, 11521 complete and 0 interrupted iterations
load-k6-1  | fspiopE2E   [  26% ] 40/40 VUs  1m25.0s/5m30.0s
load-k6-1  | 
load-k6-1  | running (1m26.0s), 40/40 VUs, 11683 complete and 0 interrupted iterations
load-k6-1  | fspiopE2E   [  26% ] 40/40 VUs  1m26.0s/5m30.0s
load-k6-1  | 
load-k6-1  | running (1m27.0s), 40/40 VUs, 11847 complete and 0 interrupted iterations
load-k6-1  | fspiopE2E   [  26% ] 40/40 VUs  1m27.0s/5m30.0s
load-k6-1  | 
load-k6-1  | running (1m28.0s), 40/40 VUs, 12001 complete and 0 interrupted iterations
load-k6-1  | fspiopE2E   [  27% ] 40/40 VUs  1m28.0s/5m30.0s
load-k6-1  | 
load-k6-1  | running (1m29.0s), 40/40 VUs, 12143 complete and 0 interrupted iterations
load-k6-1  | fspiopE2E   [  27% ] 40/40 VUs  1m29.0s/5m30.0s
load-k6-1  | 
load-k6-1  | running (1m30.0s), 40/40 VUs, 12306 complete and 0 interrupted iterations
load-k6-1  | fspiopE2E   [  27% ] 40/40 VUs  1m30.0s/5m30.0s
load-k6-1  | 
load-k6-1  | running (1m31.0s), 40/40 VUs, 12461 complete and 0 interrupted iterations
load-k6-1  | fspiopE2E   [  28% ] 40/40 VUs  1m31.0s/5m30.0s
load-k6-1  | 
load-k6-1  | running (1m32.0s), 40/40 VUs, 12622 complete and 0 interrupted iterations
load-k6-1  | fspiopE2E   [  28% ] 40/40 VUs  1m32.0s/5m30.0s
load-k6-1  | 
load-k6-1  | running (1m33.0s), 40/40 VUs, 12768 complete and 0 interrupted iterations
load-k6-1  | fspiopE2E   [  28% ] 40/40 VUs  1m33.0s/5m30.0s
load-k6-1  | 
load-k6-1  | running (1m34.0s), 40/40 VUs, 12937 complete and 0 interrupted iterations
load-k6-1  | fspiopE2E   [  28% ] 40/40 VUs  1m34.0s/5m30.0s
load-k6-1  | 
load-k6-1  | running (1m35.0s), 40/40 VUs, 13083 complete and 0 interrupted iterations
load-k6-1  | fspiopE2E   [  29% ] 40/40 VUs  1m35.0s/5m30.0s
load-k6-1  | 
load-k6-1  | running (1m36.0s), 40/40 VUs, 13232 complete and 0 interrupted iterations
load-k6-1  | fspiopE2E   [  29% ] 40/40 VUs  1m36.0s/5m30.0s
load-k6-1  | 
load-k6-1  | running (1m37.0s), 40/40 VUs, 13395 complete and 0 interrupted iterations
load-k6-1  | fspiopE2E   [  29% ] 40/40 VUs  1m37.0s/5m30.0s
load-k6-1  | 
load-k6-1  | running (1m38.0s), 40/40 VUs, 13540 complete and 0 interrupted iterations
load-k6-1  | fspiopE2E   [  30% ] 40/40 VUs  1m38.0s/5m30.0s
load-k6-1  | 
load-k6-1  | running (1m39.0s), 40/40 VUs, 13692 complete and 0 interrupted iterations
load-k6-1  | fspiopE2E   [  30% ] 40/40 VUs  1m39.0s/5m30.0s
load-k6-1  | 
load-k6-1  | running (1m40.0s), 40/40 VUs, 13848 complete and 0 interrupted iterations
load-k6-1  | fspiopE2E   [  30% ] 40/40 VUs  1m40.0s/5m30.0s
load-k6-1  | 
load-k6-1  | running (1m41.0s), 40/40 VUs, 14007 complete and 0 interrupted iterations
load-k6-1  | fspiopE2E   [  31% ] 40/40 VUs  1m41.0s/5m30.0s
load-k6-1  | 
load-k6-1  | running (1m42.0s), 40/40 VUs, 14164 complete and 0 interrupted iterations
load-k6-1  | fspiopE2E   [  31% ] 40/40 VUs  1m42.0s/5m30.0s
load-k6-1  | 
load-k6-1  | running (1m43.0s), 40/40 VUs, 14311 complete and 0 interrupted iterations
load-k6-1  | fspiopE2E   [  31% ] 40/40 VUs  1m43.0s/5m30.0s
load-k6-1  | 
load-k6-1  | running (1m44.0s), 40/40 VUs, 14469 complete and 0 interrupted iterations
load-k6-1  | fspiopE2E   [  32% ] 40/40 VUs  1m44.0s/5m30.0s
load-k6-1  | 
load-k6-1  | running (1m45.0s), 40/40 VUs, 14625 complete and 0 interrupted iterations
load-k6-1  | fspiopE2E   [  32% ] 40/40 VUs  1m45.0s/5m30.0s
load-k6-1  | 
load-k6-1  | running (1m46.0s), 40/40 VUs, 14755 complete and 0 interrupted iterations
load-k6-1  | fspiopE2E   [  32% ] 40/40 VUs  1m46.0s/5m30.0s
load-k6-1  | 
load-k6-1  | running (1m47.0s), 40/40 VUs, 14924 complete and 0 interrupted iterations
load-k6-1  | fspiopE2E   [  32% ] 40/40 VUs  1m47.0s/5m30.0s
load-k6-1  | 
load-k6-1  | running (1m48.0s), 40/40 VUs, 15071 complete and 0 interrupted iterations
load-k6-1  | fspiopE2E   [  33% ] 40/40 VUs  1m48.0s/5m30.0s
load-k6-1  | 
load-k6-1  | running (1m49.0s), 40/40 VUs, 15215 complete and 0 interrupted iterations
load-k6-1  | fspiopE2E   [  33% ] 40/40 VUs  1m49.0s/5m30.0s
load-k6-1  | 
load-k6-1  | running (1m50.0s), 40/40 VUs, 15359 complete and 0 interrupted iterations
load-k6-1  | fspiopE2E   [  33% ] 40/40 VUs  1m50.0s/5m30.0s
load-k6-1  | 
load-k6-1  | running (1m51.0s), 40/40 VUs, 15509 complete and 0 interrupted iterations
load-k6-1  | fspiopE2E   [  34% ] 40/40 VUs  1m51.0s/5m30.0s
load-k6-1  | 
load-k6-1  | running (1m52.0s), 40/40 VUs, 15676 complete and 0 interrupted iterations
load-k6-1  | fspiopE2E   [  34% ] 40/40 VUs  1m52.0s/5m30.0s
load-k6-1  | 
load-k6-1  | running (1m53.0s), 40/40 VUs, 15826 complete and 0 interrupted iterations
load-k6-1  | fspiopE2E   [  34% ] 40/40 VUs  1m53.0s/5m30.0s
load-k6-1  | 
load-k6-1  | running (1m54.0s), 40/40 VUs, 15966 complete and 0 interrupted iterations
load-k6-1  | fspiopE2E   [  35% ] 40/40 VUs  1m54.0s/5m30.0s
load-k6-1  | 
load-k6-1  | running (1m55.0s), 40/40 VUs, 16120 complete and 0 interrupted iterations
load-k6-1  | fspiopE2E   [  35% ] 40/40 VUs  1m55.0s/5m30.0s
load-k6-1  | 
load-k6-1  | running (1m56.0s), 40/40 VUs, 16276 complete and 0 interrupted iterations
load-k6-1  | fspiopE2E   [  35% ] 40/40 VUs  1m56.0s/5m30.0s
load-k6-1  | 
load-k6-1  | running (1m57.0s), 40/40 VUs, 16434 complete and 0 interrupted iterations
load-k6-1  | fspiopE2E   [  35% ] 40/40 VUs  1m57.0s/5m30.0s
load-k6-1  | 
load-k6-1  | running (1m58.0s), 40/40 VUs, 16587 complete and 0 interrupted iterations
load-k6-1  | fspiopE2E   [  36% ] 40/40 VUs  1m58.0s/5m30.0s
load-k6-1  | 
load-k6-1  | running (1m59.0s), 40/40 VUs, 16728 complete and 0 interrupted iterations
load-k6-1  | fspiopE2E   [  36% ] 40/40 VUs  1m59.0s/5m30.0s
load-k6-1  | 
load-k6-1  | running (2m00.0s), 40/40 VUs, 16878 complete and 0 interrupted iterations
load-k6-1  | fspiopE2E   [  36% ] 40/40 VUs  2m00.0s/5m30.0s
load-k6-1  | 
load-k6-1  | running (2m01.0s), 40/40 VUs, 17033 complete and 0 interrupted iterations
load-k6-1  | fspiopE2E   [  37% ] 40/40 VUs  2m01.0s/5m30.0s
load-k6-1  | 
load-k6-1  | running (2m02.0s), 40/40 VUs, 17198 complete and 0 interrupted iterations
load-k6-1  | fspiopE2E   [  37% ] 40/40 VUs  2m02.0s/5m30.0s
load-k6-1  | 
load-k6-1  | running (2m03.0s), 40/40 VUs, 17351 complete and 0 interrupted iterations
load-k6-1  | fspiopE2E   [  37% ] 40/40 VUs  2m03.0s/5m30.0s
load-k6-1  | 
load-k6-1  | running (2m04.0s), 40/40 VUs, 17517 complete and 0 interrupted iterations
load-k6-1  | fspiopE2E   [  38% ] 40/40 VUs  2m04.0s/5m30.0s
load-k6-1  | 
load-k6-1  | running (2m05.0s), 40/40 VUs, 17666 complete and 0 interrupted iterations
load-k6-1  | fspiopE2E   [  38% ] 40/40 VUs  2m05.0s/5m30.0s
load-k6-1  | 
load-k6-1  | running (2m06.0s), 40/40 VUs, 17819 complete and 0 interrupted iterations
load-k6-1  | fspiopE2E   [  38% ] 40/40 VUs  2m06.0s/5m30.0s
load-k6-1  | 
load-k6-1  | running (2m07.0s), 40/40 VUs, 17976 complete and 0 interrupted iterations
load-k6-1  | fspiopE2E   [  38% ] 40/40 VUs  2m07.0s/5m30.0s
load-k6-1  | 
load-k6-1  | running (2m08.0s), 40/40 VUs, 18133 complete and 0 interrupted iterations
load-k6-1  | fspiopE2E   [  39% ] 40/40 VUs  2m08.0s/5m30.0s
load-k6-1  | 
load-k6-1  | running (2m09.0s), 40/40 VUs, 18292 complete and 0 interrupted iterations
load-k6-1  | fspiopE2E   [  39% ] 40/40 VUs  2m09.0s/5m30.0s
load-k6-1  | 
load-k6-1  | running (2m10.0s), 40/40 VUs, 18447 complete and 0 interrupted iterations
load-k6-1  | fspiopE2E   [  39% ] 40/40 VUs  2m10.0s/5m30.0s
load-k6-1  | 
load-k6-1  | running (2m11.0s), 40/40 VUs, 18604 complete and 0 interrupted iterations
load-k6-1  | fspiopE2E   [  40% ] 40/40 VUs  2m11.0s/5m30.0s
load-k6-1  | 
load-k6-1  | running (2m12.0s), 40/40 VUs, 18743 complete and 0 interrupted iterations
load-k6-1  | fspiopE2E   [  40% ] 40/40 VUs  2m12.0s/5m30.0s
load-k6-1  | 
load-k6-1  | running (2m13.0s), 40/40 VUs, 18895 complete and 0 interrupted iterations
load-k6-1  | fspiopE2E   [  40% ] 40/40 VUs  2m13.0s/5m30.0s
load-k6-1  | 
load-k6-1  | running (2m14.0s), 40/40 VUs, 19051 complete and 0 interrupted iterations
load-k6-1  | fspiopE2E   [  41% ] 40/40 VUs  2m14.0s/5m30.0s
load-k6-1  | 
load-k6-1  | running (2m15.0s), 40/40 VUs, 19213 complete and 0 interrupted iterations
load-k6-1  | fspiopE2E   [  41% ] 40/40 VUs  2m15.0s/5m30.0s
load-k6-1  | 
load-k6-1  | running (2m16.0s), 40/40 VUs, 19360 complete and 0 interrupted iterations
load-k6-1  | fspiopE2E   [  41% ] 40/40 VUs  2m16.0s/5m30.0s
load-k6-1  | 
load-k6-1  | running (2m17.0s), 40/40 VUs, 19512 complete and 0 interrupted iterations
load-k6-1  | fspiopE2E   [  42% ] 40/40 VUs  2m17.0s/5m30.0s
load-k6-1  | 
load-k6-1  | running (2m18.0s), 40/40 VUs, 19677 complete and 0 interrupted iterations
load-k6-1  | fspiopE2E   [  42% ] 40/40 VUs  2m18.0s/5m30.0s
load-k6-1  | 
load-k6-1  | running (2m19.0s), 40/40 VUs, 19838 complete and 0 interrupted iterations
load-k6-1  | fspiopE2E   [  42% ] 40/40 VUs  2m19.0s/5m30.0s
load-k6-1  | 
load-k6-1  | running (2m20.0s), 40/40 VUs, 19972 complete and 0 interrupted iterations
load-k6-1  | fspiopE2E   [  42% ] 40/40 VUs  2m20.0s/5m30.0s
load-k6-1  | 
load-k6-1  | running (2m21.0s), 40/40 VUs, 20098 complete and 0 interrupted iterations
load-k6-1  | fspiopE2E   [  43% ] 40/40 VUs  2m21.0s/5m30.0s
load-k6-1  | 
load-k6-1  | running (2m22.0s), 40/40 VUs, 20250 complete and 0 interrupted iterations
load-k6-1  | fspiopE2E   [  43% ] 40/40 VUs  2m22.0s/5m30.0s
load-k6-1  | 
load-k6-1  | running (2m23.0s), 40/40 VUs, 20408 complete and 0 interrupted iterations
load-k6-1  | fspiopE2E   [  43% ] 40/40 VUs  2m23.0s/5m30.0s
load-k6-1  | 
load-k6-1  | running (2m24.0s), 40/40 VUs, 20566 complete and 0 interrupted iterations
load-k6-1  | fspiopE2E   [  44% ] 40/40 VUs  2m24.0s/5m30.0s
load-k6-1  | 
load-k6-1  | running (2m25.0s), 40/40 VUs, 20725 complete and 0 interrupted iterations
load-k6-1  | fspiopE2E   [  44% ] 40/40 VUs  2m25.0s/5m30.0s
load-k6-1  | 
load-k6-1  | running (2m26.0s), 40/40 VUs, 20895 complete and 0 interrupted iterations
load-k6-1  | fspiopE2E   [  44% ] 40/40 VUs  2m26.0s/5m30.0s
load-k6-1  | 
load-k6-1  | running (2m27.0s), 40/40 VUs, 21046 complete and 0 interrupted iterations
load-k6-1  | fspiopE2E   [  45% ] 40/40 VUs  2m27.0s/5m30.0s
load-k6-1  | 
load-k6-1  | running (2m28.0s), 40/40 VUs, 21211 complete and 0 interrupted iterations
load-k6-1  | fspiopE2E   [  45% ] 40/40 VUs  2m28.0s/5m30.0s
load-k6-1  | 
load-k6-1  | running (2m29.0s), 40/40 VUs, 21380 complete and 0 interrupted iterations
load-k6-1  | fspiopE2E   [  45% ] 40/40 VUs  2m29.0s/5m30.0s
load-k6-1  | 
load-k6-1  | running (2m30.0s), 40/40 VUs, 21535 complete and 0 interrupted iterations
load-k6-1  | fspiopE2E   [  45% ] 40/40 VUs  2m30.0s/5m30.0s
load-k6-1  | 
load-k6-1  | running (2m31.0s), 40/40 VUs, 21689 complete and 0 interrupted iterations
load-k6-1  | fspiopE2E   [  46% ] 40/40 VUs  2m31.0s/5m30.0s
load-k6-1  | 
load-k6-1  | running (2m32.0s), 40/40 VUs, 21842 complete and 0 interrupted iterations
load-k6-1  | fspiopE2E   [  46% ] 40/40 VUs  2m32.0s/5m30.0s
load-k6-1  | 
load-k6-1  | running (2m33.0s), 40/40 VUs, 21989 complete and 0 interrupted iterations
load-k6-1  | fspiopE2E   [  46% ] 40/40 VUs  2m33.0s/5m30.0s
load-k6-1  | 
load-k6-1  | running (2m34.0s), 40/40 VUs, 22145 complete and 0 interrupted iterations
load-k6-1  | fspiopE2E   [  47% ] 40/40 VUs  2m34.0s/5m30.0s
load-k6-1  | 
load-k6-1  | running (2m35.0s), 40/40 VUs, 22291 complete and 0 interrupted iterations
load-k6-1  | fspiopE2E   [  47% ] 40/40 VUs  2m35.0s/5m30.0s
load-k6-1  | 
load-k6-1  | running (2m36.0s), 40/40 VUs, 22461 complete and 0 interrupted iterations
load-k6-1  | fspiopE2E   [  47% ] 40/40 VUs  2m36.0s/5m30.0s
load-k6-1  | 
load-k6-1  | running (2m37.0s), 40/40 VUs, 22617 complete and 0 interrupted iterations
load-k6-1  | fspiopE2E   [  48% ] 40/40 VUs  2m37.0s/5m30.0s
load-k6-1  | 
load-k6-1  | running (2m38.0s), 40/40 VUs, 22776 complete and 0 interrupted iterations
load-k6-1  | fspiopE2E   [  48% ] 40/40 VUs  2m38.0s/5m30.0s
load-k6-1  | 
load-k6-1  | running (2m39.0s), 40/40 VUs, 22942 complete and 0 interrupted iterations
load-k6-1  | fspiopE2E   [  48% ] 40/40 VUs  2m39.0s/5m30.0s
load-k6-1  | 
load-k6-1  | running (2m40.0s), 40/40 VUs, 23114 complete and 0 interrupted iterations
load-k6-1  | fspiopE2E   [  48% ] 40/40 VUs  2m40.0s/5m30.0s
load-k6-1  | 
load-k6-1  | running (2m41.0s), 40/40 VUs, 23264 complete and 0 interrupted iterations
load-k6-1  | fspiopE2E   [  49% ] 40/40 VUs  2m41.0s/5m30.0s
load-k6-1  | 
load-k6-1  | running (2m42.0s), 40/40 VUs, 23417 complete and 0 interrupted iterations
load-k6-1  | fspiopE2E   [  49% ] 40/40 VUs  2m42.0s/5m30.0s
load-k6-1  | 
load-k6-1  | running (2m43.0s), 40/40 VUs, 23579 complete and 0 interrupted iterations
load-k6-1  | fspiopE2E   [  49% ] 40/40 VUs  2m43.0s/5m30.0s
load-k6-1  | 
load-k6-1  | running (2m44.0s), 40/40 VUs, 23738 complete and 0 interrupted iterations
load-k6-1  | fspiopE2E   [  50% ] 40/40 VUs  2m44.0s/5m30.0s
load-k6-1  | 
load-k6-1  | running (2m45.0s), 40/40 VUs, 23903 complete and 0 interrupted iterations
load-k6-1  | fspiopE2E   [  50% ] 40/40 VUs  2m45.0s/5m30.0s
load-k6-1  | 
load-k6-1  | running (2m46.0s), 40/40 VUs, 24047 complete and 0 interrupted iterations
load-k6-1  | fspiopE2E   [  50% ] 40/40 VUs  2m46.0s/5m30.0s
load-k6-1  | 
load-k6-1  | running (2m47.0s), 40/40 VUs, 24212 complete and 0 interrupted iterations
load-k6-1  | fspiopE2E   [  51% ] 40/40 VUs  2m47.0s/5m30.0s
load-k6-1  | 
load-k6-1  | running (2m48.0s), 40/40 VUs, 24377 complete and 0 interrupted iterations
load-k6-1  | fspiopE2E   [  51% ] 40/40 VUs  2m48.0s/5m30.0s
load-k6-1  | 
load-k6-1  | running (2m49.0s), 40/40 VUs, 24529 complete and 0 interrupted iterations
load-k6-1  | fspiopE2E   [  51% ] 40/40 VUs  2m49.0s/5m30.0s
load-k6-1  | 
load-k6-1  | running (2m50.0s), 40/40 VUs, 24687 complete and 0 interrupted iterations
load-k6-1  | fspiopE2E   [  52% ] 40/40 VUs  2m50.0s/5m30.0s
load-k6-1  | 
load-k6-1  | running (2m51.0s), 40/40 VUs, 24837 complete and 0 interrupted iterations
load-k6-1  | fspiopE2E   [  52% ] 40/40 VUs  2m51.0s/5m30.0s
load-k6-1  | 
load-k6-1  | running (2m52.0s), 40/40 VUs, 24997 complete and 0 interrupted iterations
load-k6-1  | fspiopE2E   [  52% ] 40/40 VUs  2m52.0s/5m30.0s
load-k6-1  | 
load-k6-1  | running (2m53.0s), 40/40 VUs, 25155 complete and 0 interrupted iterations
load-k6-1  | fspiopE2E   [  52% ] 40/40 VUs  2m53.0s/5m30.0s
load-k6-1  | 
load-k6-1  | running (2m54.0s), 40/40 VUs, 25307 complete and 0 interrupted iterations
load-k6-1  | fspiopE2E   [  53% ] 40/40 VUs  2m54.0s/5m30.0s
load-k6-1  | 
load-k6-1  | running (2m55.0s), 40/40 VUs, 25468 complete and 0 interrupted iterations
load-k6-1  | fspiopE2E   [  53% ] 40/40 VUs  2m55.0s/5m30.0s
load-k6-1  | 
load-k6-1  | running (2m56.0s), 40/40 VUs, 25637 complete and 0 interrupted iterations
load-k6-1  | fspiopE2E   [  53% ] 40/40 VUs  2m56.0s/5m30.0s
load-k6-1  | 
load-k6-1  | running (2m57.0s), 40/40 VUs, 25793 complete and 0 interrupted iterations
load-k6-1  | fspiopE2E   [  54% ] 40/40 VUs  2m57.0s/5m30.0s
load-k6-1  | 
load-k6-1  | running (2m58.0s), 40/40 VUs, 25941 complete and 0 interrupted iterations
load-k6-1  | fspiopE2E   [  54% ] 40/40 VUs  2m58.0s/5m30.0s
load-k6-1  | 
load-k6-1  | running (2m59.0s), 40/40 VUs, 26106 complete and 0 interrupted iterations
load-k6-1  | fspiopE2E   [  54% ] 40/40 VUs  2m59.0s/5m30.0s
load-k6-1  | 
load-k6-1  | running (3m00.0s), 40/40 VUs, 26262 complete and 0 interrupted iterations
load-k6-1  | fspiopE2E   [  55% ] 40/40 VUs  3m00.0s/5m30.0s
load-k6-1  | 
load-k6-1  | running (3m01.0s), 40/40 VUs, 26419 complete and 0 interrupted iterations
load-k6-1  | fspiopE2E   [  55% ] 40/40 VUs  3m01.0s/5m30.0s
load-k6-1  | 
load-k6-1  | running (3m02.0s), 40/40 VUs, 26571 complete and 0 interrupted iterations
load-k6-1  | fspiopE2E   [  55% ] 40/40 VUs  3m02.0s/5m30.0s
load-k6-1  | 
load-k6-1  | running (3m03.0s), 40/40 VUs, 26735 complete and 0 interrupted iterations
load-k6-1  | fspiopE2E   [  55% ] 40/40 VUs  3m03.0s/5m30.0s
load-k6-1  | 
load-k6-1  | running (3m04.0s), 40/40 VUs, 26902 complete and 0 interrupted iterations
load-k6-1  | fspiopE2E   [  56% ] 40/40 VUs  3m04.0s/5m30.0s
load-k6-1  | 
load-k6-1  | running (3m05.0s), 40/40 VUs, 27060 complete and 0 interrupted iterations
load-k6-1  | fspiopE2E   [  56% ] 40/40 VUs  3m05.0s/5m30.0s
load-k6-1  | 
load-k6-1  | running (3m06.0s), 40/40 VUs, 27223 complete and 0 interrupted iterations
load-k6-1  | fspiopE2E   [  56% ] 40/40 VUs  3m06.0s/5m30.0s
load-k6-1  | 
load-k6-1  | running (3m07.0s), 40/40 VUs, 27383 complete and 0 interrupted iterations
load-k6-1  | fspiopE2E   [  57% ] 40/40 VUs  3m07.0s/5m30.0s
load-k6-1  | 
load-k6-1  | running (3m08.0s), 40/40 VUs, 27531 complete and 0 interrupted iterations
load-k6-1  | fspiopE2E   [  57% ] 40/40 VUs  3m08.0s/5m30.0s
load-k6-1  | 
load-k6-1  | running (3m09.0s), 40/40 VUs, 27684 complete and 0 interrupted iterations
load-k6-1  | fspiopE2E   [  57% ] 40/40 VUs  3m09.0s/5m30.0s
load-k6-1  | 
load-k6-1  | running (3m10.0s), 40/40 VUs, 27843 complete and 0 interrupted iterations
load-k6-1  | fspiopE2E   [  58% ] 40/40 VUs  3m10.0s/5m30.0s
load-k6-1  | 
load-k6-1  | running (3m11.0s), 40/40 VUs, 28008 complete and 0 interrupted iterations
load-k6-1  | fspiopE2E   [  58% ] 40/40 VUs  3m11.0s/5m30.0s
load-k6-1  | 
load-k6-1  | running (3m12.0s), 40/40 VUs, 28162 complete and 0 interrupted iterations
load-k6-1  | fspiopE2E   [  58% ] 40/40 VUs  3m12.0s/5m30.0s
load-k6-1  | 
load-k6-1  | running (3m13.0s), 40/40 VUs, 28328 complete and 0 interrupted iterations
load-k6-1  | fspiopE2E   [  58% ] 40/40 VUs  3m13.0s/5m30.0s
load-k6-1  | 
load-k6-1  | running (3m14.0s), 40/40 VUs, 28496 complete and 0 interrupted iterations
load-k6-1  | fspiopE2E   [  59% ] 40/40 VUs  3m14.0s/5m30.0s
load-k6-1  | 
load-k6-1  | running (3m15.0s), 40/40 VUs, 28644 complete and 0 interrupted iterations
load-k6-1  | fspiopE2E   [  59% ] 40/40 VUs  3m15.0s/5m30.0s
load-k6-1  | 
load-k6-1  | running (3m16.0s), 40/40 VUs, 28797 complete and 0 interrupted iterations
load-k6-1  | fspiopE2E   [  59% ] 40/40 VUs  3m16.0s/5m30.0s
load-k6-1  | 
load-k6-1  | running (3m17.0s), 40/40 VUs, 28959 complete and 0 interrupted iterations
load-k6-1  | fspiopE2E   [  60% ] 40/40 VUs  3m17.0s/5m30.0s
load-k6-1  | 
load-k6-1  | running (3m18.0s), 40/40 VUs, 29125 complete and 0 interrupted iterations
load-k6-1  | fspiopE2E   [  60% ] 40/40 VUs  3m18.0s/5m30.0s
load-k6-1  | 
load-k6-1  | running (3m19.0s), 40/40 VUs, 29283 complete and 0 interrupted iterations
load-k6-1  | fspiopE2E   [  60% ] 40/40 VUs  3m19.0s/5m30.0s
load-k6-1  | 
load-k6-1  | running (3m20.0s), 40/40 VUs, 29449 complete and 0 interrupted iterations
load-k6-1  | fspiopE2E   [  61% ] 40/40 VUs  3m20.0s/5m30.0s
load-k6-1  | 
load-k6-1  | running (3m21.0s), 40/40 VUs, 29607 complete and 0 interrupted iterations
load-k6-1  | fspiopE2E   [  61% ] 40/40 VUs  3m21.0s/5m30.0s
load-k6-1  | 
load-k6-1  | running (3m22.0s), 40/40 VUs, 29762 complete and 0 interrupted iterations
load-k6-1  | fspiopE2E   [  61% ] 40/40 VUs  3m22.0s/5m30.0s
load-k6-1  | 
load-k6-1  | running (3m23.0s), 40/40 VUs, 29894 complete and 0 interrupted iterations
load-k6-1  | fspiopE2E   [  62% ] 40/40 VUs  3m23.0s/5m30.0s
load-k6-1  | 
load-k6-1  | running (3m24.0s), 40/40 VUs, 30059 complete and 0 interrupted iterations
load-k6-1  | fspiopE2E   [  62% ] 40/40 VUs  3m24.0s/5m30.0s
load-k6-1  | 
load-k6-1  | running (3m25.0s), 40/40 VUs, 30217 complete and 0 interrupted iterations
load-k6-1  | fspiopE2E   [  62% ] 40/40 VUs  3m25.0s/5m30.0s
load-k6-1  | 
load-k6-1  | running (3m26.0s), 40/40 VUs, 30356 complete and 0 interrupted iterations
load-k6-1  | fspiopE2E   [  62% ] 40/40 VUs  3m26.0s/5m30.0s
load-k6-1  | 
load-k6-1  | running (3m27.0s), 40/40 VUs, 30508 complete and 0 interrupted iterations
load-k6-1  | fspiopE2E   [  63% ] 40/40 VUs  3m27.0s/5m30.0s
load-k6-1  | 
load-k6-1  | running (3m28.0s), 40/40 VUs, 30670 complete and 0 interrupted iterations
load-k6-1  | fspiopE2E   [  63% ] 40/40 VUs  3m28.0s/5m30.0s
load-k6-1  | 
load-k6-1  | running (3m29.0s), 40/40 VUs, 30828 complete and 0 interrupted iterations
load-k6-1  | fspiopE2E   [  63% ] 40/40 VUs  3m29.0s/5m30.0s
load-k6-1  | 
load-k6-1  | running (3m30.0s), 40/40 VUs, 30979 complete and 0 interrupted iterations
load-k6-1  | fspiopE2E   [  64% ] 40/40 VUs  3m30.0s/5m30.0s
load-k6-1  | 
load-k6-1  | running (3m31.0s), 40/40 VUs, 31141 complete and 0 interrupted iterations
load-k6-1  | fspiopE2E   [  64% ] 40/40 VUs  3m31.0s/5m30.0s
load-k6-1  | 
load-k6-1  | running (3m32.0s), 40/40 VUs, 31292 complete and 0 interrupted iterations
load-k6-1  | fspiopE2E   [  64% ] 40/40 VUs  3m32.0s/5m30.0s
load-k6-1  | 
load-k6-1  | running (3m33.0s), 40/40 VUs, 31451 complete and 0 interrupted iterations
load-k6-1  | fspiopE2E   [  65% ] 40/40 VUs  3m33.0s/5m30.0s
load-k6-1  | 
load-k6-1  | running (3m34.0s), 40/40 VUs, 31619 complete and 0 interrupted iterations
load-k6-1  | fspiopE2E   [  65% ] 40/40 VUs  3m34.0s/5m30.0s
load-k6-1  | 
load-k6-1  | running (3m35.0s), 40/40 VUs, 31765 complete and 0 interrupted iterations
load-k6-1  | fspiopE2E   [  65% ] 40/40 VUs  3m35.0s/5m30.0s
load-k6-1  | 
load-k6-1  | running (3m36.0s), 40/40 VUs, 31918 complete and 0 interrupted iterations
load-k6-1  | fspiopE2E   [  65% ] 40/40 VUs  3m36.0s/5m30.0s
load-k6-1  | 
load-k6-1  | running (3m37.0s), 40/40 VUs, 32068 complete and 0 interrupted iterations
load-k6-1  | fspiopE2E   [  66% ] 40/40 VUs  3m37.0s/5m30.0s
load-k6-1  | 
load-k6-1  | running (3m38.0s), 40/40 VUs, 32215 complete and 0 interrupted iterations
load-k6-1  | fspiopE2E   [  66% ] 40/40 VUs  3m38.0s/5m30.0s
load-k6-1  | 
load-k6-1  | running (3m39.0s), 40/40 VUs, 32359 complete and 0 interrupted iterations
load-k6-1  | fspiopE2E   [  66% ] 40/40 VUs  3m39.0s/5m30.0s
load-k6-1  | 
load-k6-1  | running (3m40.0s), 40/40 VUs, 32505 complete and 0 interrupted iterations
load-k6-1  | fspiopE2E   [  67% ] 40/40 VUs  3m40.0s/5m30.0s
load-k6-1  | 
load-k6-1  | running (3m41.0s), 40/40 VUs, 32655 complete and 0 interrupted iterations
load-k6-1  | fspiopE2E   [  67% ] 40/40 VUs  3m41.0s/5m30.0s
load-k6-1  | 
load-k6-1  | running (3m42.0s), 40/40 VUs, 32792 complete and 0 interrupted iterations
load-k6-1  | fspiopE2E   [  67% ] 40/40 VUs  3m42.0s/5m30.0s
load-k6-1  | 
load-k6-1  | running (3m43.0s), 40/40 VUs, 32950 complete and 0 interrupted iterations
load-k6-1  | fspiopE2E   [  68% ] 40/40 VUs  3m43.0s/5m30.0s
load-k6-1  | 
load-k6-1  | running (3m44.0s), 40/40 VUs, 33097 complete and 0 interrupted iterations
load-k6-1  | fspiopE2E   [  68% ] 40/40 VUs  3m44.0s/5m30.0s
load-k6-1  | 
load-k6-1  | running (3m45.0s), 40/40 VUs, 33241 complete and 0 interrupted iterations
load-k6-1  | fspiopE2E   [  68% ] 40/40 VUs  3m45.0s/5m30.0s
load-k6-1  | 
load-k6-1  | running (3m46.0s), 40/40 VUs, 33387 complete and 0 interrupted iterations
load-k6-1  | fspiopE2E   [  68% ] 40/40 VUs  3m46.0s/5m30.0s
load-k6-1  | 
load-k6-1  | running (3m47.0s), 40/40 VUs, 33534 complete and 0 interrupted iterations
load-k6-1  | fspiopE2E   [  69% ] 40/40 VUs  3m47.0s/5m30.0s
load-k6-1  | 
load-k6-1  | running (3m48.0s), 40/40 VUs, 33690 complete and 0 interrupted iterations
load-k6-1  | fspiopE2E   [  69% ] 40/40 VUs  3m48.0s/5m30.0s
load-k6-1  | 
load-k6-1  | running (3m49.0s), 40/40 VUs, 33837 complete and 0 interrupted iterations
load-k6-1  | fspiopE2E   [  69% ] 40/40 VUs  3m49.0s/5m30.0s
load-k6-1  | 
load-k6-1  | running (3m50.0s), 40/40 VUs, 33992 complete and 0 interrupted iterations
load-k6-1  | fspiopE2E   [  70% ] 40/40 VUs  3m50.0s/5m30.0s
load-k6-1  | 
load-k6-1  | running (3m51.0s), 40/40 VUs, 34140 complete and 0 interrupted iterations
load-k6-1  | fspiopE2E   [  70% ] 40/40 VUs  3m51.0s/5m30.0s
load-k6-1  | 
load-k6-1  | running (3m52.0s), 40/40 VUs, 34303 complete and 0 interrupted iterations
load-k6-1  | fspiopE2E   [  70% ] 40/40 VUs  3m52.0s/5m30.0s
load-k6-1  | 
load-k6-1  | running (3m53.0s), 40/40 VUs, 34467 complete and 0 interrupted iterations
load-k6-1  | fspiopE2E   [  71% ] 40/40 VUs  3m53.0s/5m30.0s
load-k6-1  | 
load-k6-1  | running (3m54.0s), 40/40 VUs, 34599 complete and 0 interrupted iterations
load-k6-1  | fspiopE2E   [  71% ] 40/40 VUs  3m54.0s/5m30.0s
load-k6-1  | 
load-k6-1  | running (3m55.0s), 40/40 VUs, 34761 complete and 0 interrupted iterations
load-k6-1  | fspiopE2E   [  71% ] 40/40 VUs  3m55.0s/5m30.0s
load-k6-1  | 
load-k6-1  | running (3m56.0s), 40/40 VUs, 34914 complete and 0 interrupted iterations
load-k6-1  | fspiopE2E   [  72% ] 40/40 VUs  3m56.0s/5m30.0s
load-k6-1  | 
load-k6-1  | running (3m57.0s), 40/40 VUs, 35047 complete and 0 interrupted iterations
load-k6-1  | fspiopE2E   [  72% ] 40/40 VUs  3m57.0s/5m30.0s
load-k6-1  | 
load-k6-1  | running (3m58.0s), 40/40 VUs, 35195 complete and 0 interrupted iterations
load-k6-1  | fspiopE2E   [  72% ] 40/40 VUs  3m58.0s/5m30.0s
load-k6-1  | 
load-k6-1  | running (3m59.0s), 40/40 VUs, 35349 complete and 0 interrupted iterations
load-k6-1  | fspiopE2E   [  72% ] 40/40 VUs  3m59.0s/5m30.0s
load-k6-1  | 
load-k6-1  | running (4m00.0s), 40/40 VUs, 35499 complete and 0 interrupted iterations
load-k6-1  | fspiopE2E   [  73% ] 40/40 VUs  4m00.0s/5m30.0s
load-k6-1  | 
load-k6-1  | running (4m01.0s), 40/40 VUs, 35652 complete and 0 interrupted iterations
load-k6-1  | fspiopE2E   [  73% ] 40/40 VUs  4m01.0s/5m30.0s
load-k6-1  | 
load-k6-1  | running (4m02.0s), 40/40 VUs, 35770 complete and 0 interrupted iterations
load-k6-1  | fspiopE2E   [  73% ] 40/40 VUs  4m02.0s/5m30.0s
load-k6-1  | 
load-k6-1  | running (4m03.0s), 40/40 VUs, 35928 complete and 0 interrupted iterations
load-k6-1  | fspiopE2E   [  74% ] 40/40 VUs  4m03.0s/5m30.0s
load-k6-1  | 
load-k6-1  | running (4m04.0s), 40/40 VUs, 36078 complete and 0 interrupted iterations
load-k6-1  | fspiopE2E   [  74% ] 40/40 VUs  4m04.0s/5m30.0s
load-k6-1  | 
load-k6-1  | running (4m05.0s), 40/40 VUs, 36221 complete and 0 interrupted iterations
load-k6-1  | fspiopE2E   [  74% ] 40/40 VUs  4m05.0s/5m30.0s
load-k6-1  | 
load-k6-1  | running (4m06.0s), 40/40 VUs, 36381 complete and 0 interrupted iterations
load-k6-1  | fspiopE2E   [  75% ] 40/40 VUs  4m06.0s/5m30.0s
load-k6-1  | 
load-k6-1  | running (4m07.0s), 40/40 VUs, 36527 complete and 0 interrupted iterations
load-k6-1  | fspiopE2E   [  75% ] 40/40 VUs  4m07.0s/5m30.0s
load-k6-1  | 
load-k6-1  | running (4m08.0s), 40/40 VUs, 36677 complete and 0 interrupted iterations
load-k6-1  | fspiopE2E   [  75% ] 40/40 VUs  4m08.0s/5m30.0s
load-k6-1  | 
load-k6-1  | running (4m09.0s), 40/40 VUs, 36827 complete and 0 interrupted iterations
load-k6-1  | fspiopE2E   [  75% ] 40/40 VUs  4m09.0s/5m30.0s
load-k6-1  | 
load-k6-1  | running (4m10.0s), 40/40 VUs, 36983 complete and 0 interrupted iterations
load-k6-1  | fspiopE2E   [  76% ] 40/40 VUs  4m10.0s/5m30.0s
load-k6-1  | 
load-k6-1  | running (4m11.0s), 40/40 VUs, 37135 complete and 0 interrupted iterations
load-k6-1  | fspiopE2E   [  76% ] 40/40 VUs  4m11.0s/5m30.0s
load-k6-1  | 
load-k6-1  | running (4m12.0s), 40/40 VUs, 37300 complete and 0 interrupted iterations
load-k6-1  | fspiopE2E   [  76% ] 40/40 VUs  4m12.0s/5m30.0s
load-k6-1  | 
load-k6-1  | running (4m13.0s), 40/40 VUs, 37445 complete and 0 interrupted iterations
load-k6-1  | fspiopE2E   [  77% ] 40/40 VUs  4m13.0s/5m30.0s
load-k6-1  | 
load-k6-1  | running (4m14.0s), 40/40 VUs, 37592 complete and 0 interrupted iterations
load-k6-1  | fspiopE2E   [  77% ] 40/40 VUs  4m14.0s/5m30.0s
load-k6-1  | 
load-k6-1  | running (4m15.0s), 40/40 VUs, 37733 complete and 0 interrupted iterations
load-k6-1  | fspiopE2E   [  77% ] 40/40 VUs  4m15.0s/5m30.0s
load-k6-1  | 
load-k6-1  | running (4m16.0s), 40/40 VUs, 37880 complete and 0 interrupted iterations
load-k6-1  | fspiopE2E   [  78% ] 40/40 VUs  4m16.0s/5m30.0s
load-k6-1  | 
load-k6-1  | running (4m17.0s), 40/40 VUs, 38029 complete and 0 interrupted iterations
load-k6-1  | fspiopE2E   [  78% ] 40/40 VUs  4m17.0s/5m30.0s
load-k6-1  | 
load-k6-1  | running (4m18.0s), 40/40 VUs, 38148 complete and 0 interrupted iterations
load-k6-1  | fspiopE2E   [  78% ] 40/40 VUs  4m18.0s/5m30.0s
load-k6-1  | 
load-k6-1  | running (4m19.0s), 40/40 VUs, 38299 complete and 0 interrupted iterations
load-k6-1  | fspiopE2E   [  78% ] 40/40 VUs  4m19.0s/5m30.0s
load-k6-1  | 
load-k6-1  | running (4m20.0s), 40/40 VUs, 38440 complete and 0 interrupted iterations
load-k6-1  | fspiopE2E   [  79% ] 40/40 VUs  4m20.0s/5m30.0s
load-k6-1  | 
load-k6-1  | running (4m21.0s), 40/40 VUs, 38593 complete and 0 interrupted iterations
load-k6-1  | fspiopE2E   [  79% ] 40/40 VUs  4m21.0s/5m30.0s
load-k6-1  | 
load-k6-1  | running (4m22.0s), 40/40 VUs, 38733 complete and 0 interrupted iterations
load-k6-1  | fspiopE2E   [  79% ] 40/40 VUs  4m22.0s/5m30.0s
load-k6-1  | 
load-k6-1  | running (4m23.0s), 40/40 VUs, 38853 complete and 0 interrupted iterations
load-k6-1  | fspiopE2E   [  80% ] 40/40 VUs  4m23.0s/5m30.0s
load-k6-1  | 
load-k6-1  | running (4m24.0s), 40/40 VUs, 39009 complete and 0 interrupted iterations
load-k6-1  | fspiopE2E   [  80% ] 40/40 VUs  4m24.0s/5m30.0s
load-k6-1  | 
load-k6-1  | running (4m25.0s), 40/40 VUs, 39170 complete and 0 interrupted iterations
load-k6-1  | fspiopE2E   [  80% ] 40/40 VUs  4m25.0s/5m30.0s
load-k6-1  | 
load-k6-1  | running (4m26.0s), 40/40 VUs, 39316 complete and 0 interrupted iterations
load-k6-1  | fspiopE2E   [  81% ] 40/40 VUs  4m26.0s/5m30.0s
load-k6-1  | 
load-k6-1  | running (4m27.0s), 40/40 VUs, 39470 complete and 0 interrupted iterations
load-k6-1  | fspiopE2E   [  81% ] 40/40 VUs  4m27.0s/5m30.0s
load-k6-1  | 
load-k6-1  | running (4m28.0s), 40/40 VUs, 39627 complete and 0 interrupted iterations
load-k6-1  | fspiopE2E   [  81% ] 40/40 VUs  4m28.0s/5m30.0s
load-k6-1  | 
load-k6-1  | running (4m29.0s), 40/40 VUs, 39773 complete and 0 interrupted iterations
load-k6-1  | fspiopE2E   [  82% ] 40/40 VUs  4m29.0s/5m30.0s
load-k6-1  | 
load-k6-1  | running (4m30.0s), 40/40 VUs, 39923 complete and 0 interrupted iterations
load-k6-1  | fspiopE2E   [  82% ] 40/40 VUs  4m30.0s/5m30.0s
load-k6-1  | 
load-k6-1  | running (4m31.0s), 40/40 VUs, 40073 complete and 0 interrupted iterations
load-k6-1  | fspiopE2E   [  82% ] 40/40 VUs  4m31.0s/5m30.0s
load-k6-1  | 
load-k6-1  | running (4m32.0s), 40/40 VUs, 40234 complete and 0 interrupted iterations
load-k6-1  | fspiopE2E   [  82% ] 40/40 VUs  4m32.0s/5m30.0s
load-k6-1  | 
load-k6-1  | running (4m33.0s), 40/40 VUs, 40391 complete and 0 interrupted iterations
load-k6-1  | fspiopE2E   [  83% ] 40/40 VUs  4m33.0s/5m30.0s
load-k6-1  | 
load-k6-1  | running (4m34.0s), 40/40 VUs, 40542 complete and 0 interrupted iterations
load-k6-1  | fspiopE2E   [  83% ] 40/40 VUs  4m34.0s/5m30.0s
load-k6-1  | 
load-k6-1  | running (4m35.0s), 40/40 VUs, 40687 complete and 0 interrupted iterations
load-k6-1  | fspiopE2E   [  83% ] 40/40 VUs  4m35.0s/5m30.0s
load-k6-1  | 
load-k6-1  | running (4m36.0s), 40/40 VUs, 40848 complete and 0 interrupted iterations
load-k6-1  | fspiopE2E   [  84% ] 40/40 VUs  4m36.0s/5m30.0s
load-k6-1  | 
load-k6-1  | running (4m37.0s), 40/40 VUs, 41000 complete and 0 interrupted iterations
load-k6-1  | fspiopE2E   [  84% ] 40/40 VUs  4m37.0s/5m30.0s
load-k6-1  | 
load-k6-1  | running (4m38.0s), 40/40 VUs, 41150 complete and 0 interrupted iterations
load-k6-1  | fspiopE2E   [  84% ] 40/40 VUs  4m38.0s/5m30.0s
load-k6-1  | 
load-k6-1  | running (4m39.0s), 40/40 VUs, 41302 complete and 0 interrupted iterations
load-k6-1  | fspiopE2E   [  85% ] 40/40 VUs  4m39.0s/5m30.0s
load-k6-1  | 
load-k6-1  | running (4m40.0s), 40/40 VUs, 41455 complete and 0 interrupted iterations
load-k6-1  | fspiopE2E   [  85% ] 40/40 VUs  4m40.0s/5m30.0s
load-k6-1  | 
load-k6-1  | running (4m41.0s), 40/40 VUs, 41592 complete and 0 interrupted iterations
load-k6-1  | fspiopE2E   [  85% ] 40/40 VUs  4m41.0s/5m30.0s
load-k6-1  | 
load-k6-1  | running (4m42.0s), 40/40 VUs, 41742 complete and 0 interrupted iterations
load-k6-1  | fspiopE2E   [  85% ] 40/40 VUs  4m42.0s/5m30.0s
load-k6-1  | 
load-k6-1  | running (4m43.0s), 40/40 VUs, 41887 complete and 0 interrupted iterations
load-k6-1  | fspiopE2E   [  86% ] 40/40 VUs  4m43.0s/5m30.0s
load-k6-1  | 
load-k6-1  | running (4m44.0s), 40/40 VUs, 42040 complete and 0 interrupted iterations
load-k6-1  | fspiopE2E   [  86% ] 40/40 VUs  4m44.0s/5m30.0s
load-k6-1  | 
load-k6-1  | running (4m45.0s), 40/40 VUs, 42198 complete and 0 interrupted iterations
load-k6-1  | fspiopE2E   [  86% ] 40/40 VUs  4m45.0s/5m30.0s
load-k6-1  | 
load-k6-1  | running (4m46.0s), 40/40 VUs, 42342 complete and 0 interrupted iterations
load-k6-1  | fspiopE2E   [  87% ] 40/40 VUs  4m46.0s/5m30.0s
load-k6-1  | 
load-k6-1  | running (4m47.0s), 40/40 VUs, 42505 complete and 0 interrupted iterations
load-k6-1  | fspiopE2E   [  87% ] 40/40 VUs  4m47.0s/5m30.0s
load-k6-1  | 
load-k6-1  | running (4m48.0s), 40/40 VUs, 42654 complete and 0 interrupted iterations
load-k6-1  | fspiopE2E   [  87% ] 40/40 VUs  4m48.0s/5m30.0s
load-k6-1  | 
load-k6-1  | running (4m49.0s), 40/40 VUs, 42813 complete and 0 interrupted iterations
load-k6-1  | fspiopE2E   [  88% ] 40/40 VUs  4m49.0s/5m30.0s
load-k6-1  | 
load-k6-1  | running (4m50.0s), 40/40 VUs, 42975 complete and 0 interrupted iterations
load-k6-1  | fspiopE2E   [  88% ] 40/40 VUs  4m50.0s/5m30.0s
load-k6-1  | 
load-k6-1  | running (4m51.0s), 40/40 VUs, 43136 complete and 0 interrupted iterations
load-k6-1  | fspiopE2E   [  88% ] 40/40 VUs  4m51.0s/5m30.0s
load-k6-1  | 
load-k6-1  | running (4m52.0s), 40/40 VUs, 43291 complete and 0 interrupted iterations
load-k6-1  | fspiopE2E   [  88% ] 40/40 VUs  4m52.0s/5m30.0s
load-k6-1  | 
load-k6-1  | running (4m53.0s), 40/40 VUs, 43437 complete and 0 interrupted iterations
load-k6-1  | fspiopE2E   [  89% ] 40/40 VUs  4m53.0s/5m30.0s
load-k6-1  | 
load-k6-1  | running (4m54.0s), 40/40 VUs, 43588 complete and 0 interrupted iterations
load-k6-1  | fspiopE2E   [  89% ] 40/40 VUs  4m54.0s/5m30.0s
load-k6-1  | 
load-k6-1  | running (4m55.0s), 40/40 VUs, 43747 complete and 0 interrupted iterations
load-k6-1  | fspiopE2E   [  89% ] 40/40 VUs  4m55.0s/5m30.0s
load-k6-1  | 
load-k6-1  | running (4m56.0s), 40/40 VUs, 43900 complete and 0 interrupted iterations
load-k6-1  | fspiopE2E   [  90% ] 40/40 VUs  4m56.0s/5m30.0s
load-k6-1  | 
load-k6-1  | running (4m57.0s), 40/40 VUs, 44041 complete and 0 interrupted iterations
load-k6-1  | fspiopE2E   [  90% ] 40/40 VUs  4m57.0s/5m30.0s
load-k6-1  | 
load-k6-1  | running (4m58.0s), 40/40 VUs, 44182 complete and 0 interrupted iterations
load-k6-1  | fspiopE2E   [  90% ] 40/40 VUs  4m58.0s/5m30.0s
load-k6-1  | 
load-k6-1  | running (4m59.0s), 40/40 VUs, 44342 complete and 0 interrupted iterations
load-k6-1  | fspiopE2E   [  91% ] 40/40 VUs  4m59.0s/5m30.0s
load-k6-1  | 
load-k6-1  | running (5m00.0s), 40/40 VUs, 44492 complete and 0 interrupted iterations
load-k6-1  | fspiopE2E   [  91% ] 40/40 VUs  5m00.0s/5m30.0s
load-k6-1  | 
load-k6-1  | running (5m01.0s), 40/40 VUs, 44631 complete and 0 interrupted iterations
load-k6-1  | fspiopE2E   [  91% ] 40/40 VUs  5m01.0s/5m30.0s
load-k6-1  | 
load-k6-1  | running (5m02.0s), 40/40 VUs, 44784 complete and 0 interrupted iterations
load-k6-1  | fspiopE2E   [  92% ] 40/40 VUs  5m02.0s/5m30.0s
load-k6-1  | 
load-k6-1  | running (5m03.0s), 40/40 VUs, 44939 complete and 0 interrupted iterations
load-k6-1  | fspiopE2E   [  92% ] 40/40 VUs  5m03.0s/5m30.0s
load-k6-1  | 
load-k6-1  | running (5m04.0s), 40/40 VUs, 45062 complete and 0 interrupted iterations
load-k6-1  | fspiopE2E   [  92% ] 40/40 VUs  5m04.0s/5m30.0s
load-k6-1  | 
load-k6-1  | running (5m05.0s), 40/40 VUs, 45220 complete and 0 interrupted iterations
load-k6-1  | fspiopE2E   [  92% ] 40/40 VUs  5m05.0s/5m30.0s
load-k6-1  | 
load-k6-1  | running (5m06.0s), 40/40 VUs, 45370 complete and 0 interrupted iterations
load-k6-1  | fspiopE2E   [  93% ] 40/40 VUs  5m06.0s/5m30.0s
load-k6-1  | 
load-k6-1  | running (5m07.0s), 40/40 VUs, 45520 complete and 0 interrupted iterations
load-k6-1  | fspiopE2E   [  93% ] 40/40 VUs  5m07.0s/5m30.0s
load-k6-1  | 
load-k6-1  | running (5m08.0s), 40/40 VUs, 45658 complete and 0 interrupted iterations
load-k6-1  | fspiopE2E   [  93% ] 40/40 VUs  5m08.0s/5m30.0s
load-k6-1  | 
load-k6-1  | running (5m09.0s), 40/40 VUs, 45807 complete and 0 interrupted iterations
load-k6-1  | fspiopE2E   [  94% ] 40/40 VUs  5m09.0s/5m30.0s
load-k6-1  | 
load-k6-1  | running (5m10.0s), 40/40 VUs, 45958 complete and 0 interrupted iterations
load-k6-1  | fspiopE2E   [  94% ] 40/40 VUs  5m10.0s/5m30.0s
load-k6-1  | 
load-k6-1  | running (5m11.0s), 40/40 VUs, 46118 complete and 0 interrupted iterations
load-k6-1  | fspiopE2E   [  94% ] 40/40 VUs  5m11.0s/5m30.0s
load-k6-1  | 
load-k6-1  | running (5m12.0s), 40/40 VUs, 46274 complete and 0 interrupted iterations
load-k6-1  | fspiopE2E   [  95% ] 40/40 VUs  5m12.0s/5m30.0s
load-k6-1  | 
load-k6-1  | running (5m13.0s), 40/40 VUs, 46436 complete and 0 interrupted iterations
load-k6-1  | fspiopE2E   [  95% ] 40/40 VUs  5m13.0s/5m30.0s
load-k6-1  | 
load-k6-1  | running (5m14.0s), 40/40 VUs, 46569 complete and 0 interrupted iterations
load-k6-1  | fspiopE2E   [  95% ] 40/40 VUs  5m14.0s/5m30.0s
load-k6-1  | 
load-k6-1  | running (5m15.0s), 40/40 VUs, 46712 complete and 0 interrupted iterations
load-k6-1  | fspiopE2E   [  95% ] 40/40 VUs  5m15.0s/5m30.0s
load-k6-1  | 
load-k6-1  | running (5m16.0s), 40/40 VUs, 46864 complete and 0 interrupted iterations
load-k6-1  | fspiopE2E   [  96% ] 40/40 VUs  5m16.0s/5m30.0s
load-k6-1  | 
load-k6-1  | running (5m17.0s), 40/40 VUs, 47006 complete and 0 interrupted iterations
load-k6-1  | fspiopE2E   [  96% ] 40/40 VUs  5m17.0s/5m30.0s
load-k6-1  | 
load-k6-1  | running (5m18.0s), 40/40 VUs, 47170 complete and 0 interrupted iterations
load-k6-1  | fspiopE2E   [  96% ] 40/40 VUs  5m18.0s/5m30.0s
load-k6-1  | 
load-k6-1  | running (5m19.0s), 40/40 VUs, 47322 complete and 0 interrupted iterations
load-k6-1  | fspiopE2E   [  97% ] 40/40 VUs  5m19.0s/5m30.0s
load-k6-1  | 
load-k6-1  | running (5m20.0s), 40/40 VUs, 47471 complete and 0 interrupted iterations
load-k6-1  | fspiopE2E   [  97% ] 40/40 VUs  5m20.0s/5m30.0s
load-k6-1  | 
load-k6-1  | running (5m21.0s), 40/40 VUs, 47621 complete and 0 interrupted iterations
load-k6-1  | fspiopE2E   [  97% ] 40/40 VUs  5m21.0s/5m30.0s
load-k6-1  | 
load-k6-1  | running (5m22.0s), 40/40 VUs, 47768 complete and 0 interrupted iterations
load-k6-1  | fspiopE2E   [  98% ] 40/40 VUs  5m22.0s/5m30.0s
load-k6-1  | 
load-k6-1  | running (5m23.0s), 40/40 VUs, 47918 complete and 0 interrupted iterations
load-k6-1  | fspiopE2E   [  98% ] 40/40 VUs  5m23.0s/5m30.0s
load-k6-1  | 
load-k6-1  | running (5m24.0s), 40/40 VUs, 48069 complete and 0 interrupted iterations
load-k6-1  | fspiopE2E   [  98% ] 40/40 VUs  5m24.0s/5m30.0s
load-k6-1  | 
load-k6-1  | running (5m25.0s), 40/40 VUs, 48238 complete and 0 interrupted iterations
load-k6-1  | fspiopE2E   [  98% ] 40/40 VUs  5m25.0s/5m30.0s
load-k6-1  | 
load-k6-1  | running (5m26.0s), 40/40 VUs, 48390 complete and 0 interrupted iterations
load-k6-1  | fspiopE2E   [  99% ] 40/40 VUs  5m26.0s/5m30.0s
load-k6-1  | 
load-k6-1  | running (5m27.0s), 40/40 VUs, 48555 complete and 0 interrupted iterations
load-k6-1  | fspiopE2E   [  99% ] 40/40 VUs  5m27.0s/5m30.0s
load-k6-1  | 
load-k6-1  | running (5m28.0s), 40/40 VUs, 48715 complete and 0 interrupted iterations
load-k6-1  | fspiopE2E   [  99% ] 40/40 VUs  5m28.0s/5m30.0s
load-k6-1  | 
load-k6-1  | running (5m29.0s), 40/40 VUs, 48856 complete and 0 interrupted iterations
load-k6-1  | fspiopE2E   [ 100% ] 40/40 VUs  5m29.0s/5m30.0s
load-k6-1  | 
load-k6-1  | running (5m30.0s), 40/40 VUs, 48990 complete and 0 interrupted iterations
load-k6-1  | fspiopE2E   [ 100% ] 40/40 VUs  5m30.0s/5m30.0s
load-k6-1  | 
load-k6-1  |      ✓ ALS_FSPIOP_GET_PARTIES_RESPONSE_IS_202
load-k6-1  |      ✓ ALS_E2E_FSPIOP_GET_PARTIES_SUCCESS
load-k6-1  |      ✓ QUOTES_FSPIOP_POST_QUOTES_RESPONSE_IS_202
load-k6-1  |      ✓ QUOTES_E2E_FSPIOP_POST_QUOTES_SUCCESS
load-k6-1  |      ✓ TRANSFERS_FSPIOP_POST_TRANSFERS_RESPONSE_IS_202
load-k6-1  |      ✓ TRANSFERS_E2E_FSPIOP_POST_TRANSFERS_SUCCESS
load-k6-1  | 
load-k6-1  |      █ E2E
load-k6-1  | 
load-k6-1  |      checks.........................: 100.00% ✓ 294210     ✗ 0     
load-k6-1  |      data_received..................: 46 MB   139 kB/s
load-k6-1  |      data_sent......................: 195 MB  590 kB/s
load-k6-1  |      group_duration.................: avg=315.29µs min=164.61µs med=286.14µs max=20.64ms  p(90)=367.14µs p(95)=420.58µs
load-k6-1  |      http_req_blocked...............: avg=7.81µs   min=2.6µs    med=6.52µs   max=5.09ms   p(90)=9.09µs   p(95)=9.83µs  
load-k6-1  |      http_req_connecting............: avg=166ns    min=0s       med=0s       max=3.3ms    p(90)=0s       p(95)=0s      
load-k6-1  |    ✓ http_req_duration..............: avg=4.22ms   min=807.97µs med=2.99ms   max=90.35ms  p(90)=8.76ms   p(95)=11.08ms 
load-k6-1  |        { expected_response:true }...: avg=4.22ms   min=807.97µs med=2.99ms   max=90.35ms  p(90)=8.76ms   p(95)=11.08ms 
load-k6-1  |    ✓ http_req_failed................: 0.00%   ✓ 0          ✗ 147105
load-k6-1  |      http_req_receiving.............: avg=48.2µs   min=7.73µs   med=38.24µs  max=14.57ms  p(90)=76.09µs  p(95)=87.41µs 
load-k6-1  |      http_req_sending...............: avg=28.51µs  min=10.1µs   med=24.25µs  max=15.35ms  p(90)=38.58µs  p(95)=43.76µs 
load-k6-1  |      http_req_tls_handshaking.......: avg=0s       min=0s       med=0s       max=0s       p(90)=0s       p(95)=0s      
load-k6-1  |      http_req_waiting...............: avg=4.14ms   min=771.8µs  med=2.91ms   max=90.27ms  p(90)=8.68ms   p(95)=10.99ms 
load-k6-1  |      http_reqs......................: 147105  445.493679/s
load-k6-1  |    ✓ iteration_duration.............: avg=257.01ms min=104.2ms  med=247.54ms max=693.44ms p(90)=347.9ms  p(95)=383ms   
load-k6-1  |      iterations.....................: 49035   148.497893/s
load-k6-1  |      vus............................: 40      min=2        max=40  
load-k6-1  |      vus_max........................: 40      min=40       max=40  
load-k6-1  |      ws_connecting..................: avg=1.01ms   min=272.77µs med=792.4µs  max=57.79ms  p(90)=1.7ms    p(95)=2.2ms   
load-k6-1  |      ws_msgs_received...............: 147105  445.493679/s
load-k6-1  |      ws_msgs_sent...................: 147105  445.493679/s
load-k6-1  |      ws_session_duration............: avg=86.02ms  min=12.81ms  med=84.48ms  max=402.94ms p(90)=142.15ms p(95)=164.43ms
load-k6-1  |      ws_sessions....................: 147105  445.493679/s
load-k6-1  | 
load-k6-1  | 
load-k6-1  | running (5m30.2s), 00/40 VUs, 49035 complete and 0 interrupted iterations
load-k6-1  | fspiopE2E ✓ [ 100% ] 00/40 VUs  5m30s
load-k6-1 exited with code 0
