Attaching to load-k6-1
load-k6-1  | 
load-k6-1  |           /\      |‾‾| /‾‾/   /‾‾/   
load-k6-1  |      /\  /  \     |  |/  /   /  /    
load-k6-1  |     /  \/    \    |     (   /   ‾‾\  
load-k6-1  |    /          \   |  |\  \ |  (‾)  | 
load-k6-1  |   / __________ \  |__| \__\ \_____/ .io
load-k6-1  | 
load-k6-1  | 
load-k6-1  |   execution: local
load-k6-1  |      script: /scripts/index.js
load-k6-1  |      output: Prometheus remote write (http://prometheus:9090/api/v1/write)
load-k6-1  | 
load-k6-1  |   scenarios: (100.00%) 1 scenario, 6 max VUs, 6m0s max duration (incl. graceful stop):
load-k6-1  |            * fspiopTransfers: Up to 6 looping VUs for 5m30s over 2 stages (gracefulRampDown: 30s, exec: fspiopTransfersScenarios, gracefulStop: 30s)
load-k6-1  | 
load-k6-1  | 
load-k6-1  | 
load-k6-1  | running (0m01.0s), 1/6 VUs, 0 complete and 0 interrupted iterations
load-k6-1  | fspiopTransfers   [   0% ] 1/6 VUs  0m01.0s/5m30.0s
load-k6-1  | 
load-k6-1  | 
load-k6-1  | running (0m02.0s), 1/6 VUs, 0 complete and 0 interrupted iterations
load-k6-1  | fspiopTransfers   [   1% ] 1/6 VUs  0m02.0s/5m30.0s
load-k6-1  | 
load-k6-1  | 
load-k6-1  | running (0m03.0s), 1/6 VUs, 0 complete and 0 interrupted iterations
load-k6-1  | fspiopTransfers   [   1% ] 1/6 VUs  0m03.0s/5m30.0s
load-k6-1  | 
load-k6-1  | 
load-k6-1  | running (0m04.0s), 1/6 VUs, 0 complete and 0 interrupted iterations
load-k6-1  | fspiopTransfers   [   1% ] 1/6 VUs  0m04.0s/5m30.0s
load-k6-1  | 
load-k6-1  | 
load-k6-1  | running (0m05.0s), 1/6 VUs, 0 complete and 0 interrupted iterations
load-k6-1  | fspiopTransfers   [   2% ] 1/6 VUs  0m05.0s/5m30.0s
load-k6-1  | 
load-k6-1  | 
load-k6-1  | running (0m06.0s), 1/6 VUs, 1 complete and 0 interrupted iterations
load-k6-1  | fspiopTransfers   [   2% ] 1/6 VUs  0m06.0s/5m30.0s
load-k6-1  | 
load-k6-1  | 
load-k6-1  | running (0m07.0s), 2/6 VUs, 1 complete and 0 interrupted iterations
load-k6-1  | fspiopTransfers   [   2% ] 2/6 VUs  0m07.0s/5m30.0s
load-k6-1  | 
load-k6-1  | 
load-k6-1  | running (0m08.0s), 2/6 VUs, 1 complete and 0 interrupted iterations
load-k6-1  | fspiopTransfers   [   2% ] 2/6 VUs  0m08.0s/5m30.0s
load-k6-1  | 
load-k6-1  | 
load-k6-1  | running (0m09.0s), 2/6 VUs, 3 complete and 0 interrupted iterations
load-k6-1  | fspiopTransfers   [   3% ] 2/6 VUs  0m09.0s/5m30.0s
load-k6-1  | 
load-k6-1  | 
load-k6-1  | running (0m10.0s), 2/6 VUs, 3 complete and 0 interrupted iterations
load-k6-1  | fspiopTransfers   [   3% ] 2/6 VUs  0m10.0s/5m30.0s
load-k6-1  | 
load-k6-1  | 
load-k6-1  | running (0m11.0s), 2/6 VUs, 5 complete and 0 interrupted iterations
load-k6-1  | fspiopTransfers   [   3% ] 2/6 VUs  0m11.0s/5m30.0s
load-k6-1  | 
load-k6-1  | 
load-k6-1  | running (0m12.0s), 2/6 VUs, 5 complete and 0 interrupted iterations
load-k6-1  | fspiopTransfers   [   4% ] 2/6 VUs  0m12.0s/5m30.0s
load-k6-1  | 
load-k6-1  | 
load-k6-1  | running (0m13.0s), 3/6 VUs, 5 complete and 0 interrupted iterations
load-k6-1  | fspiopTransfers   [   4% ] 3/6 VUs  0m13.0s/5m30.0s
load-k6-1  | 
load-k6-1  | 
load-k6-1  | running (0m14.0s), 3/6 VUs, 7 complete and 0 interrupted iterations
load-k6-1  | fspiopTransfers   [   4% ] 3/6 VUs  0m14.0s/5m30.0s
load-k6-1  | 
load-k6-1  | 
load-k6-1  | running (0m15.0s), 3/6 VUs, 8 complete and 0 interrupted iterations
load-k6-1  | fspiopTransfers   [   5% ] 3/6 VUs  0m15.0s/5m30.0s
load-k6-1  | 
load-k6-1  | 
load-k6-1  | running (0m16.0s), 3/6 VUs, 10 complete and 0 interrupted iterations
load-k6-1  | fspiopTransfers   [   5% ] 3/6 VUs  0m16.0s/5m30.0s
load-k6-1  | 
load-k6-1  | 
load-k6-1  | running (0m17.0s), 3/6 VUs, 11 complete and 0 interrupted iterations
load-k6-1  | fspiopTransfers   [   5% ] 3/6 VUs  0m17.0s/5m30.0s
load-k6-1  | 
load-k6-1  | 
load-k6-1  | running (0m18.0s), 3/6 VUs, 13 complete and 0 interrupted iterations
load-k6-1  | fspiopTransfers   [   5% ] 3/6 VUs  0m18.0s/5m30.0s
load-k6-1  | 
load-k6-1  | 
load-k6-1  | running (0m19.0s), 4/6 VUs, 50 complete and 0 interrupted iterations
load-k6-1  | fspiopTransfers   [   6% ] 4/6 VUs  0m19.0s/5m30.0s
load-k6-1  | 
load-k6-1  | 
load-k6-1  | running (0m20.0s), 4/6 VUs, 93 complete and 0 interrupted iterations
load-k6-1  | fspiopTransfers   [   6% ] 4/6 VUs  0m20.0s/5m30.0s
load-k6-1  | 
load-k6-1  | 
load-k6-1  | running (0m21.0s), 4/6 VUs, 134 complete and 0 interrupted iterations
load-k6-1  | fspiopTransfers   [   6% ] 4/6 VUs  0m21.0s/5m30.0s
load-k6-1  | 
load-k6-1  | 
load-k6-1  | running (0m22.0s), 4/6 VUs, 178 complete and 0 interrupted iterations
load-k6-1  | fspiopTransfers   [   7% ] 4/6 VUs  0m22.0s/5m30.0s
load-k6-1  | 
load-k6-1  | 
load-k6-1  | running (0m23.0s), 4/6 VUs, 221 complete and 0 interrupted iterations
load-k6-1  | fspiopTransfers   [   7% ] 4/6 VUs  0m23.0s/5m30.0s
load-k6-1  | 
load-k6-1  | 
load-k6-1  | running (0m24.0s), 4/6 VUs, 265 complete and 0 interrupted iterations
load-k6-1  | fspiopTransfers   [   7% ] 4/6 VUs  0m24.0s/5m30.0s
load-k6-1  | 
load-k6-1  | 
load-k6-1  | running (0m25.0s), 5/6 VUs, 314 complete and 0 interrupted iterations
load-k6-1  | fspiopTransfers   [   8% ] 5/6 VUs  0m25.0s/5m30.0s
load-k6-1  | 
load-k6-1  | 
load-k6-1  | running (0m26.0s), 5/6 VUs, 366 complete and 0 interrupted iterations
load-k6-1  | fspiopTransfers   [   8% ] 5/6 VUs  0m26.0s/5m30.0s
load-k6-1  | 
load-k6-1  | 
load-k6-1  | running (0m27.0s), 5/6 VUs, 418 complete and 0 interrupted iterations
load-k6-1  | fspiopTransfers   [   8% ] 5/6 VUs  0m27.0s/5m30.0s
load-k6-1  | 
load-k6-1  | 
load-k6-1  | running (0m28.0s), 5/6 VUs, 470 complete and 0 interrupted iterations
load-k6-1  | fspiopTransfers   [   8% ] 5/6 VUs  0m28.0s/5m30.0s
load-k6-1  | 
load-k6-1  | 
load-k6-1  | running (0m29.0s), 5/6 VUs, 520 complete and 0 interrupted iterations
load-k6-1  | fspiopTransfers   [   9% ] 5/6 VUs  0m29.0s/5m30.0s
load-k6-1  | 
load-k6-1  | 
load-k6-1  | running (0m30.0s), 5/6 VUs, 576 complete and 0 interrupted iterations
load-k6-1  | fspiopTransfers   [   9% ] 5/6 VUs  0m30.0s/5m30.0s
load-k6-1  | 
load-k6-1  | 
load-k6-1  | running (0m31.0s), 6/6 VUs, 636 complete and 0 interrupted iterations
load-k6-1  | fspiopTransfers   [   9% ] 6/6 VUs  0m31.0s/5m30.0s
load-k6-1  | 
load-k6-1  | 
load-k6-1  | running (0m32.0s), 6/6 VUs, 698 complete and 0 interrupted iterations
load-k6-1  | fspiopTransfers   [  10% ] 6/6 VUs  0m32.0s/5m30.0s
load-k6-1  | 
load-k6-1  | 
load-k6-1  | running (0m33.0s), 6/6 VUs, 758 complete and 0 interrupted iterations
load-k6-1  | fspiopTransfers   [  10% ] 6/6 VUs  0m33.0s/5m30.0s
load-k6-1  | 
load-k6-1  | 
load-k6-1  | running (0m34.0s), 6/6 VUs, 819 complete and 0 interrupted iterations
load-k6-1  | fspiopTransfers   [  10% ] 6/6 VUs  0m34.0s/5m30.0s
load-k6-1  | 
load-k6-1  | 
load-k6-1  | running (0m35.0s), 6/6 VUs, 880 complete and 0 interrupted iterations
load-k6-1  | fspiopTransfers   [  11% ] 6/6 VUs  0m35.0s/5m30.0s
load-k6-1  | 
load-k6-1  | 
load-k6-1  | running (0m36.0s), 6/6 VUs, 942 complete and 0 interrupted iterations
load-k6-1  | fspiopTransfers   [  11% ] 6/6 VUs  0m36.0s/5m30.0s
load-k6-1  | 
load-k6-1  | 
load-k6-1  | running (0m37.0s), 6/6 VUs, 999 complete and 0 interrupted iterations
load-k6-1  | fspiopTransfers   [  11% ] 6/6 VUs  0m37.0s/5m30.0s
load-k6-1  | 
load-k6-1  | 
load-k6-1  | running (0m38.0s), 6/6 VUs, 1062 complete and 0 interrupted iterations
load-k6-1  | fspiopTransfers   [  12% ] 6/6 VUs  0m38.0s/5m30.0s
load-k6-1  | 
load-k6-1  | 
load-k6-1  | running (0m39.0s), 6/6 VUs, 1123 complete and 0 interrupted iterations
load-k6-1  | fspiopTransfers   [  12% ] 6/6 VUs  0m39.0s/5m30.0s
load-k6-1  | 
load-k6-1  | 
load-k6-1  | running (0m40.0s), 6/6 VUs, 1187 complete and 0 interrupted iterations
load-k6-1  | fspiopTransfers   [  12% ] 6/6 VUs  0m40.0s/5m30.0s
load-k6-1  | 
load-k6-1  | 
load-k6-1  | running (0m41.0s), 6/6 VUs, 1249 complete and 0 interrupted iterations
load-k6-1  | fspiopTransfers   [  12% ] 6/6 VUs  0m41.0s/5m30.0s
load-k6-1  | 
load-k6-1  | 
load-k6-1  | running (0m42.0s), 6/6 VUs, 1310 complete and 0 interrupted iterations
load-k6-1  | fspiopTransfers   [  13% ] 6/6 VUs  0m42.0s/5m30.0s
load-k6-1  | 
load-k6-1  | 
load-k6-1  | running (0m43.0s), 6/6 VUs, 1372 complete and 0 interrupted iterations
load-k6-1  | fspiopTransfers   [  13% ] 6/6 VUs  0m43.0s/5m30.0s
load-k6-1  | 
load-k6-1  | 
load-k6-1  | running (0m44.0s), 6/6 VUs, 1435 complete and 0 interrupted iterations
load-k6-1  | fspiopTransfers   [  13% ] 6/6 VUs  0m44.0s/5m30.0s
load-k6-1  | 
load-k6-1  | 
load-k6-1  | running (0m45.0s), 6/6 VUs, 1499 complete and 0 interrupted iterations
load-k6-1  | fspiopTransfers   [  14% ] 6/6 VUs  0m45.0s/5m30.0s
load-k6-1  | 
load-k6-1  | 
load-k6-1  | running (0m46.0s), 6/6 VUs, 1563 complete and 0 interrupted iterations
load-k6-1  | fspiopTransfers   [  14% ] 6/6 VUs  0m46.0s/5m30.0s
load-k6-1  | 
load-k6-1  | 
load-k6-1  | running (0m47.0s), 6/6 VUs, 1627 complete and 0 interrupted iterations
load-k6-1  | fspiopTransfers   [  14% ] 6/6 VUs  0m47.0s/5m30.0s
load-k6-1  | 
load-k6-1  | 
load-k6-1  | running (0m48.0s), 6/6 VUs, 1693 complete and 0 interrupted iterations
load-k6-1  | fspiopTransfers   [  15% ] 6/6 VUs  0m48.0s/5m30.0s
load-k6-1  | 
load-k6-1  | 
load-k6-1  | running (0m49.0s), 6/6 VUs, 1762 complete and 0 interrupted iterations
load-k6-1  | fspiopTransfers   [  15% ] 6/6 VUs  0m49.0s/5m30.0s
load-k6-1  | 
load-k6-1  | 
load-k6-1  | running (0m50.0s), 6/6 VUs, 1831 complete and 0 interrupted iterations
load-k6-1  | fspiopTransfers   [  15% ] 6/6 VUs  0m50.0s/5m30.0s
load-k6-1  | 
load-k6-1  | 
load-k6-1  | running (0m51.0s), 6/6 VUs, 1899 complete and 0 interrupted iterations
load-k6-1  | fspiopTransfers   [  15% ] 6/6 VUs  0m51.0s/5m30.0s
load-k6-1  | 
load-k6-1  | 
load-k6-1  | running (0m52.0s), 6/6 VUs, 1963 complete and 0 interrupted iterations
load-k6-1  | fspiopTransfers   [  16% ] 6/6 VUs  0m52.0s/5m30.0s
load-k6-1  | 
load-k6-1  | 
load-k6-1  | running (0m53.0s), 6/6 VUs, 2026 complete and 0 interrupted iterations
load-k6-1  | fspiopTransfers   [  16% ] 6/6 VUs  0m53.0s/5m30.0s
load-k6-1  | 
load-k6-1  | 
load-k6-1  | running (0m54.0s), 6/6 VUs, 2094 complete and 0 interrupted iterations
load-k6-1  | fspiopTransfers   [  16% ] 6/6 VUs  0m54.0s/5m30.0s
load-k6-1  | 
load-k6-1  | 
load-k6-1  | running (0m55.0s), 6/6 VUs, 2159 complete and 0 interrupted iterations
load-k6-1  | fspiopTransfers   [  17% ] 6/6 VUs  0m55.0s/5m30.0s
load-k6-1  | 
load-k6-1  | 
load-k6-1  | running (0m56.0s), 6/6 VUs, 2230 complete and 0 interrupted iterations
load-k6-1  | fspiopTransfers   [  17% ] 6/6 VUs  0m56.0s/5m30.0s
load-k6-1  | 
load-k6-1  | 
load-k6-1  | running (0m57.0s), 6/6 VUs, 2298 complete and 0 interrupted iterations
load-k6-1  | fspiopTransfers   [  17% ] 6/6 VUs  0m57.0s/5m30.0s
load-k6-1  | 
load-k6-1  | 
load-k6-1  | running (0m58.0s), 6/6 VUs, 2370 complete and 0 interrupted iterations
load-k6-1  | fspiopTransfers   [  18% ] 6/6 VUs  0m58.0s/5m30.0s
load-k6-1  | 
load-k6-1  | 
load-k6-1  | running (0m59.0s), 6/6 VUs, 2437 complete and 0 interrupted iterations
load-k6-1  | fspiopTransfers   [  18% ] 6/6 VUs  0m59.0s/5m30.0s
load-k6-1  | 
load-k6-1  | 
load-k6-1  | running (1m00.0s), 6/6 VUs, 2504 complete and 0 interrupted iterations
load-k6-1  | fspiopTransfers   [  18% ] 6/6 VUs  1m00.0s/5m30.0s
load-k6-1  | 
load-k6-1  | 
load-k6-1  | running (1m01.0s), 6/6 VUs, 2569 complete and 0 interrupted iterations
load-k6-1  | fspiopTransfers   [  18% ] 6/6 VUs  1m01.0s/5m30.0s
load-k6-1  | 
load-k6-1  | 
load-k6-1  | running (1m02.0s), 6/6 VUs, 2636 complete and 0 interrupted iterations
load-k6-1  | fspiopTransfers   [  19% ] 6/6 VUs  1m02.0s/5m30.0s
load-k6-1  | 
load-k6-1  | 
load-k6-1  | running (1m03.0s), 6/6 VUs, 2705 complete and 0 interrupted iterations
load-k6-1  | fspiopTransfers   [  19% ] 6/6 VUs  1m03.0s/5m30.0s
load-k6-1  | 
load-k6-1  | 
load-k6-1  | running (1m04.0s), 6/6 VUs, 2771 complete and 0 interrupted iterations
load-k6-1  | fspiopTransfers   [  19% ] 6/6 VUs  1m04.0s/5m30.0s
load-k6-1  | 
load-k6-1  | 
load-k6-1  | running (1m05.0s), 6/6 VUs, 2836 complete and 0 interrupted iterations
load-k6-1  | fspiopTransfers   [  20% ] 6/6 VUs  1m05.0s/5m30.0s
load-k6-1  | 
load-k6-1  | 
load-k6-1  | running (1m06.0s), 6/6 VUs, 2900 complete and 0 interrupted iterations
load-k6-1  | fspiopTransfers   [  20% ] 6/6 VUs  1m06.0s/5m30.0s
load-k6-1  | 
load-k6-1  | 
load-k6-1  | running (1m07.0s), 6/6 VUs, 2966 complete and 0 interrupted iterations
load-k6-1  | fspiopTransfers   [  20% ] 6/6 VUs  1m07.0s/5m30.0s
load-k6-1  | 
load-k6-1  | 
load-k6-1  | running (1m08.0s), 6/6 VUs, 3032 complete and 0 interrupted iterations
load-k6-1  | fspiopTransfers   [  21% ] 6/6 VUs  1m08.0s/5m30.0s
load-k6-1  | 
load-k6-1  | 
load-k6-1  | running (1m09.0s), 6/6 VUs, 3094 complete and 0 interrupted iterations
load-k6-1  | fspiopTransfers   [  21% ] 6/6 VUs  1m09.0s/5m30.0s
load-k6-1  | 
load-k6-1  | 
load-k6-1  | running (1m10.0s), 6/6 VUs, 3162 complete and 0 interrupted iterations
load-k6-1  | fspiopTransfers   [  21% ] 6/6 VUs  1m10.0s/5m30.0s
load-k6-1  | 
load-k6-1  | 
load-k6-1  | running (1m11.0s), 6/6 VUs, 3228 complete and 0 interrupted iterations
load-k6-1  | fspiopTransfers   [  22% ] 6/6 VUs  1m11.0s/5m30.0s
load-k6-1  | 
load-k6-1  | 
load-k6-1  | running (1m12.0s), 6/6 VUs, 3295 complete and 0 interrupted iterations
load-k6-1  | fspiopTransfers   [  22% ] 6/6 VUs  1m12.0s/5m30.0s
load-k6-1  | 
load-k6-1  | 
load-k6-1  | running (1m13.0s), 6/6 VUs, 3360 complete and 0 interrupted iterations
load-k6-1  | fspiopTransfers   [  22% ] 6/6 VUs  1m13.0s/5m30.0s
load-k6-1  | 
load-k6-1  | 
load-k6-1  | running (1m14.0s), 6/6 VUs, 3428 complete and 0 interrupted iterations
load-k6-1  | fspiopTransfers   [  22% ] 6/6 VUs  1m14.0s/5m30.0s
load-k6-1  | 
load-k6-1  | 
load-k6-1  | running (1m15.0s), 6/6 VUs, 3496 complete and 0 interrupted iterations
load-k6-1  | fspiopTransfers   [  23% ] 6/6 VUs  1m15.0s/5m30.0s
load-k6-1  | 
load-k6-1  | 
load-k6-1  | running (1m16.0s), 6/6 VUs, 3561 complete and 0 interrupted iterations
load-k6-1  | fspiopTransfers   [  23% ] 6/6 VUs  1m16.0s/5m30.0s
load-k6-1  | 
load-k6-1  | 
load-k6-1  | running (1m17.0s), 6/6 VUs, 3627 complete and 0 interrupted iterations
load-k6-1  | fspiopTransfers   [  23% ] 6/6 VUs  1m17.0s/5m30.0s
load-k6-1  | 
load-k6-1  | 
load-k6-1  | running (1m18.0s), 6/6 VUs, 3694 complete and 0 interrupted iterations
load-k6-1  | fspiopTransfers   [  24% ] 6/6 VUs  1m18.0s/5m30.0s
load-k6-1  | 
load-k6-1  | 
load-k6-1  | running (1m19.0s), 6/6 VUs, 3760 complete and 0 interrupted iterations
load-k6-1  | fspiopTransfers   [  24% ] 6/6 VUs  1m19.0s/5m30.0s
load-k6-1  | 
load-k6-1  | 
load-k6-1  | running (1m20.0s), 6/6 VUs, 3824 complete and 0 interrupted iterations
load-k6-1  | fspiopTransfers   [  24% ] 6/6 VUs  1m20.0s/5m30.0s
load-k6-1  | 
load-k6-1  | 
load-k6-1  | running (1m21.0s), 6/6 VUs, 3888 complete and 0 interrupted iterations
load-k6-1  | fspiopTransfers   [  25% ] 6/6 VUs  1m21.0s/5m30.0s
load-k6-1  | 
load-k6-1  | 
load-k6-1  | running (1m22.0s), 6/6 VUs, 3954 complete and 0 interrupted iterations
load-k6-1  | fspiopTransfers   [  25% ] 6/6 VUs  1m22.0s/5m30.0s
load-k6-1  | 
load-k6-1  | 
load-k6-1  | running (1m23.0s), 6/6 VUs, 4023 complete and 0 interrupted iterations
load-k6-1  | fspiopTransfers   [  25% ] 6/6 VUs  1m23.0s/5m30.0s
load-k6-1  | 
load-k6-1  | 
load-k6-1  | running (1m24.0s), 6/6 VUs, 4092 complete and 0 interrupted iterations
load-k6-1  | fspiopTransfers   [  25% ] 6/6 VUs  1m24.0s/5m30.0s
load-k6-1  | 
load-k6-1  | 
load-k6-1  | running (1m25.0s), 6/6 VUs, 4163 complete and 0 interrupted iterations
load-k6-1  | fspiopTransfers   [  26% ] 6/6 VUs  1m25.0s/5m30.0s
load-k6-1  | 
load-k6-1  | 
load-k6-1  | running (1m26.0s), 6/6 VUs, 4231 complete and 0 interrupted iterations
load-k6-1  | fspiopTransfers   [  26% ] 6/6 VUs  1m26.0s/5m30.0s
load-k6-1  | 
load-k6-1  | 
load-k6-1  | running (1m27.0s), 6/6 VUs, 4302 complete and 0 interrupted iterations
load-k6-1  | fspiopTransfers   [  26% ] 6/6 VUs  1m27.0s/5m30.0s
load-k6-1  | 
load-k6-1  | 
load-k6-1  | running (1m28.0s), 6/6 VUs, 4371 complete and 0 interrupted iterations
load-k6-1  | fspiopTransfers   [  27% ] 6/6 VUs  1m28.0s/5m30.0s
load-k6-1  | 
load-k6-1  | 
load-k6-1  | running (1m29.0s), 6/6 VUs, 4438 complete and 0 interrupted iterations
load-k6-1  | fspiopTransfers   [  27% ] 6/6 VUs  1m29.0s/5m30.0s
load-k6-1  | 
load-k6-1  | 
load-k6-1  | running (1m30.0s), 6/6 VUs, 4510 complete and 0 interrupted iterations
load-k6-1  | fspiopTransfers   [  27% ] 6/6 VUs  1m30.0s/5m30.0s
load-k6-1  | 
load-k6-1  | 
load-k6-1  | running (1m31.0s), 6/6 VUs, 4580 complete and 0 interrupted iterations
load-k6-1  | fspiopTransfers   [  28% ] 6/6 VUs  1m31.0s/5m30.0s
load-k6-1  | 
load-k6-1  | 
load-k6-1  | running (1m32.0s), 6/6 VUs, 4645 complete and 0 interrupted iterations
load-k6-1  | fspiopTransfers   [  28% ] 6/6 VUs  1m32.0s/5m30.0s
load-k6-1  | 
load-k6-1  | 
load-k6-1  | running (1m33.0s), 6/6 VUs, 4714 complete and 0 interrupted iterations
load-k6-1  | fspiopTransfers   [  28% ] 6/6 VUs  1m33.0s/5m30.0s
load-k6-1  | 
load-k6-1  | 
load-k6-1  | running (1m34.0s), 6/6 VUs, 4778 complete and 0 interrupted iterations
load-k6-1  | fspiopTransfers   [  28% ] 6/6 VUs  1m34.0s/5m30.0s
load-k6-1  | 
load-k6-1  | 
load-k6-1  | running (1m35.0s), 6/6 VUs, 4845 complete and 0 interrupted iterations
load-k6-1  | fspiopTransfers   [  29% ] 6/6 VUs  1m35.0s/5m30.0s
load-k6-1  | 
load-k6-1  | 
load-k6-1  | running (1m36.0s), 6/6 VUs, 4906 complete and 0 interrupted iterations
load-k6-1  | fspiopTransfers   [  29% ] 6/6 VUs  1m36.0s/5m30.0s
load-k6-1  | 
load-k6-1  | 
load-k6-1  | running (1m37.0s), 6/6 VUs, 4973 complete and 0 interrupted iterations
load-k6-1  | fspiopTransfers   [  29% ] 6/6 VUs  1m37.0s/5m30.0s
load-k6-1  | 
load-k6-1  | 
load-k6-1  | running (1m38.0s), 6/6 VUs, 5039 complete and 0 interrupted iterations
load-k6-1  | fspiopTransfers   [  30% ] 6/6 VUs  1m38.0s/5m30.0s
load-k6-1  | 
load-k6-1  | 
load-k6-1  | running (1m39.0s), 6/6 VUs, 5104 complete and 0 interrupted iterations
load-k6-1  | fspiopTransfers   [  30% ] 6/6 VUs  1m39.0s/5m30.0s
load-k6-1  | 
load-k6-1  | 
load-k6-1  | running (1m40.0s), 6/6 VUs, 5168 complete and 0 interrupted iterations
load-k6-1  | fspiopTransfers   [  30% ] 6/6 VUs  1m40.0s/5m30.0s
load-k6-1  | 
load-k6-1  | 
load-k6-1  | running (1m41.0s), 6/6 VUs, 5234 complete and 0 interrupted iterations
load-k6-1  | fspiopTransfers   [  31% ] 6/6 VUs  1m41.0s/5m30.0s
load-k6-1  | 
load-k6-1  | 
load-k6-1  | running (1m42.0s), 6/6 VUs, 5303 complete and 0 interrupted iterations
load-k6-1  | fspiopTransfers   [  31% ] 6/6 VUs  1m42.0s/5m30.0s
load-k6-1  | 
load-k6-1  | 
load-k6-1  | running (1m43.0s), 6/6 VUs, 5369 complete and 0 interrupted iterations
load-k6-1  | fspiopTransfers   [  31% ] 6/6 VUs  1m43.0s/5m30.0s
load-k6-1  | 
load-k6-1  | 
load-k6-1  | running (1m44.0s), 6/6 VUs, 5439 complete and 0 interrupted iterations
load-k6-1  | fspiopTransfers   [  32% ] 6/6 VUs  1m44.0s/5m30.0s
load-k6-1  | 
load-k6-1  | 
load-k6-1  | running (1m45.0s), 6/6 VUs, 5509 complete and 0 interrupted iterations
load-k6-1  | fspiopTransfers   [  32% ] 6/6 VUs  1m45.0s/5m30.0s
load-k6-1  | 
load-k6-1  | 
load-k6-1  | running (1m46.0s), 6/6 VUs, 5576 complete and 0 interrupted iterations
load-k6-1  | fspiopTransfers   [  32% ] 6/6 VUs  1m46.0s/5m30.0s
load-k6-1  | 
load-k6-1  | 
load-k6-1  | running (1m47.0s), 6/6 VUs, 5640 complete and 0 interrupted iterations
load-k6-1  | fspiopTransfers   [  32% ] 6/6 VUs  1m47.0s/5m30.0s
load-k6-1  | 
load-k6-1  | 
load-k6-1  | running (1m48.0s), 6/6 VUs, 5705 complete and 0 interrupted iterations
load-k6-1  | fspiopTransfers   [  33% ] 6/6 VUs  1m48.0s/5m30.0s
load-k6-1  | 
load-k6-1  | 
load-k6-1  | running (1m49.0s), 6/6 VUs, 5774 complete and 0 interrupted iterations
load-k6-1  | fspiopTransfers   [  33% ] 6/6 VUs  1m49.0s/5m30.0s
load-k6-1  | 
load-k6-1  | 
load-k6-1  | running (1m50.0s), 6/6 VUs, 5840 complete and 0 interrupted iterations
load-k6-1  | fspiopTransfers   [  33% ] 6/6 VUs  1m50.0s/5m30.0s
load-k6-1  | 
load-k6-1  | 
load-k6-1  | running (1m51.0s), 6/6 VUs, 5908 complete and 0 interrupted iterations
load-k6-1  | fspiopTransfers   [  34% ] 6/6 VUs  1m51.0s/5m30.0s
load-k6-1  | 
load-k6-1  | 
load-k6-1  | running (1m52.0s), 6/6 VUs, 5974 complete and 0 interrupted iterations
load-k6-1  | fspiopTransfers   [  34% ] 6/6 VUs  1m52.0s/5m30.0s
load-k6-1  | 
load-k6-1  | 
load-k6-1  | running (1m53.0s), 6/6 VUs, 6038 complete and 0 interrupted iterations
load-k6-1  | fspiopTransfers   [  34% ] 6/6 VUs  1m53.0s/5m30.0s
load-k6-1  | 
load-k6-1  | 
load-k6-1  | running (1m54.0s), 6/6 VUs, 6107 complete and 0 interrupted iterations
load-k6-1  | fspiopTransfers   [  35% ] 6/6 VUs  1m54.0s/5m30.0s
load-k6-1  | 
load-k6-1  | 
load-k6-1  | running (1m55.0s), 6/6 VUs, 6172 complete and 0 interrupted iterations
load-k6-1  | fspiopTransfers   [  35% ] 6/6 VUs  1m55.0s/5m30.0s
load-k6-1  | 
load-k6-1  | 
load-k6-1  | running (1m56.0s), 6/6 VUs, 6239 complete and 0 interrupted iterations
load-k6-1  | fspiopTransfers   [  35% ] 6/6 VUs  1m56.0s/5m30.0s
load-k6-1  | 
load-k6-1  | 
load-k6-1  | running (1m57.0s), 6/6 VUs, 6308 complete and 0 interrupted iterations
load-k6-1  | fspiopTransfers   [  35% ] 6/6 VUs  1m57.0s/5m30.0s
load-k6-1  | 
load-k6-1  | 
load-k6-1  | running (1m58.0s), 6/6 VUs, 6377 complete and 0 interrupted iterations
load-k6-1  | fspiopTransfers   [  36% ] 6/6 VUs  1m58.0s/5m30.0s
load-k6-1  | 
load-k6-1  | 
load-k6-1  | running (1m59.0s), 6/6 VUs, 6452 complete and 0 interrupted iterations
load-k6-1  | fspiopTransfers   [  36% ] 6/6 VUs  1m59.0s/5m30.0s
load-k6-1  | 
load-k6-1  | 
load-k6-1  | running (2m00.0s), 6/6 VUs, 6520 complete and 0 interrupted iterations
load-k6-1  | fspiopTransfers   [  36% ] 6/6 VUs  2m00.0s/5m30.0s
load-k6-1  | 
load-k6-1  | 
load-k6-1  | running (2m01.0s), 6/6 VUs, 6586 complete and 0 interrupted iterations
load-k6-1  | fspiopTransfers   [  37% ] 6/6 VUs  2m01.0s/5m30.0s
load-k6-1  | 
load-k6-1  | 
load-k6-1  | running (2m02.0s), 6/6 VUs, 6652 complete and 0 interrupted iterations
load-k6-1  | fspiopTransfers   [  37% ] 6/6 VUs  2m02.0s/5m30.0s
load-k6-1  | 
load-k6-1  | 
load-k6-1  | running (2m03.0s), 6/6 VUs, 6720 complete and 0 interrupted iterations
load-k6-1  | fspiopTransfers   [  37% ] 6/6 VUs  2m03.0s/5m30.0s
load-k6-1  | 
load-k6-1  | 
load-k6-1  | running (2m04.0s), 6/6 VUs, 6789 complete and 0 interrupted iterations
load-k6-1  | fspiopTransfers   [  38% ] 6/6 VUs  2m04.0s/5m30.0s
load-k6-1  | 
load-k6-1  | 
load-k6-1  | running (2m05.0s), 6/6 VUs, 6856 complete and 0 interrupted iterations
load-k6-1  | fspiopTransfers   [  38% ] 6/6 VUs  2m05.0s/5m30.0s
load-k6-1  | 
load-k6-1  | 
load-k6-1  | running (2m06.0s), 6/6 VUs, 6919 complete and 0 interrupted iterations
load-k6-1  | fspiopTransfers   [  38% ] 6/6 VUs  2m06.0s/5m30.0s
load-k6-1  | 
load-k6-1  | 
load-k6-1  | running (2m07.0s), 6/6 VUs, 6986 complete and 0 interrupted iterations
load-k6-1  | fspiopTransfers   [  38% ] 6/6 VUs  2m07.0s/5m30.0s
load-k6-1  | 
load-k6-1  | 
load-k6-1  | running (2m08.0s), 6/6 VUs, 7053 complete and 0 interrupted iterations
load-k6-1  | fspiopTransfers   [  39% ] 6/6 VUs  2m08.0s/5m30.0s
load-k6-1  | 
load-k6-1  | 
load-k6-1  | running (2m09.0s), 6/6 VUs, 7118 complete and 0 interrupted iterations
load-k6-1  | fspiopTransfers   [  39% ] 6/6 VUs  2m09.0s/5m30.0s
load-k6-1  | 
load-k6-1  | 
load-k6-1  | running (2m10.0s), 6/6 VUs, 7184 complete and 0 interrupted iterations
load-k6-1  | fspiopTransfers   [  39% ] 6/6 VUs  2m10.0s/5m30.0s
load-k6-1  | 
load-k6-1  | 
load-k6-1  | running (2m11.0s), 6/6 VUs, 7253 complete and 0 interrupted iterations
load-k6-1  | fspiopTransfers   [  40% ] 6/6 VUs  2m11.0s/5m30.0s
load-k6-1  | 
load-k6-1  | 
load-k6-1  | running (2m12.0s), 6/6 VUs, 7316 complete and 0 interrupted iterations
load-k6-1  | fspiopTransfers   [  40% ] 6/6 VUs  2m12.0s/5m30.0s
load-k6-1  | 
load-k6-1  | 
load-k6-1  | running (2m13.0s), 6/6 VUs, 7382 complete and 0 interrupted iterations
load-k6-1  | fspiopTransfers   [  40% ] 6/6 VUs  2m13.0s/5m30.0s
load-k6-1  | 
load-k6-1  | 
load-k6-1  | running (2m14.0s), 6/6 VUs, 7449 complete and 0 interrupted iterations
load-k6-1  | fspiopTransfers   [  41% ] 6/6 VUs  2m14.0s/5m30.0s
load-k6-1  | 
load-k6-1  | 
load-k6-1  | running (2m15.0s), 6/6 VUs, 7515 complete and 0 interrupted iterations
load-k6-1  | fspiopTransfers   [  41% ] 6/6 VUs  2m15.0s/5m30.0s
load-k6-1  | 
load-k6-1  | 
load-k6-1  | running (2m16.0s), 6/6 VUs, 7578 complete and 0 interrupted iterations
load-k6-1  | fspiopTransfers   [  41% ] 6/6 VUs  2m16.0s/5m30.0s
load-k6-1  | 
load-k6-1  | 
load-k6-1  | running (2m17.0s), 6/6 VUs, 7642 complete and 0 interrupted iterations
load-k6-1  | fspiopTransfers   [  42% ] 6/6 VUs  2m17.0s/5m30.0s
load-k6-1  | 
load-k6-1  | 
load-k6-1  | running (2m18.0s), 6/6 VUs, 7706 complete and 0 interrupted iterations
load-k6-1  | fspiopTransfers   [  42% ] 6/6 VUs  2m18.0s/5m30.0s
load-k6-1  | 
load-k6-1  | 
load-k6-1  | running (2m19.0s), 6/6 VUs, 7774 complete and 0 interrupted iterations
load-k6-1  | fspiopTransfers   [  42% ] 6/6 VUs  2m19.0s/5m30.0s
load-k6-1  | 
load-k6-1  | 
load-k6-1  | running (2m20.0s), 6/6 VUs, 7844 complete and 0 interrupted iterations
load-k6-1  | fspiopTransfers   [  42% ] 6/6 VUs  2m20.0s/5m30.0s
load-k6-1  | 
load-k6-1  | 
load-k6-1  | running (2m21.0s), 6/6 VUs, 7911 complete and 0 interrupted iterations
load-k6-1  | fspiopTransfers   [  43% ] 6/6 VUs  2m21.0s/5m30.0s
load-k6-1  | 
load-k6-1  | 
load-k6-1  | running (2m22.0s), 6/6 VUs, 7975 complete and 0 interrupted iterations
load-k6-1  | fspiopTransfers   [  43% ] 6/6 VUs  2m22.0s/5m30.0s
load-k6-1  | 
load-k6-1  | 
load-k6-1  | running (2m23.0s), 6/6 VUs, 8042 complete and 0 interrupted iterations
load-k6-1  | fspiopTransfers   [  43% ] 6/6 VUs  2m23.0s/5m30.0s
load-k6-1  | 
load-k6-1  | 
load-k6-1  | running (2m24.0s), 6/6 VUs, 8107 complete and 0 interrupted iterations
load-k6-1  | fspiopTransfers   [  44% ] 6/6 VUs  2m24.0s/5m30.0s
load-k6-1  | 
load-k6-1  | 
load-k6-1  | running (2m25.0s), 6/6 VUs, 8174 complete and 0 interrupted iterations
load-k6-1  | fspiopTransfers   [  44% ] 6/6 VUs  2m25.0s/5m30.0s
load-k6-1  | 
load-k6-1  | 
load-k6-1  | running (2m26.0s), 6/6 VUs, 8240 complete and 0 interrupted iterations
load-k6-1  | fspiopTransfers   [  44% ] 6/6 VUs  2m26.0s/5m30.0s
load-k6-1  | 
load-k6-1  | 
load-k6-1  | running (2m27.0s), 6/6 VUs, 8304 complete and 0 interrupted iterations
load-k6-1  | fspiopTransfers   [  45% ] 6/6 VUs  2m27.0s/5m30.0s
load-k6-1  | 
load-k6-1  | 
load-k6-1  | running (2m28.0s), 6/6 VUs, 8372 complete and 0 interrupted iterations
load-k6-1  | fspiopTransfers   [  45% ] 6/6 VUs  2m28.0s/5m30.0s
load-k6-1  | 
load-k6-1  | 
load-k6-1  | running (2m29.0s), 6/6 VUs, 8437 complete and 0 interrupted iterations
load-k6-1  | fspiopTransfers   [  45% ] 6/6 VUs  2m29.0s/5m30.0s
load-k6-1  | 
load-k6-1  | 
load-k6-1  | running (2m30.0s), 6/6 VUs, 8504 complete and 0 interrupted iterations
load-k6-1  | fspiopTransfers   [  45% ] 6/6 VUs  2m30.0s/5m30.0s
load-k6-1  | 
load-k6-1  | 
load-k6-1  | running (2m31.0s), 6/6 VUs, 8569 complete and 0 interrupted iterations
load-k6-1  | fspiopTransfers   [  46% ] 6/6 VUs  2m31.0s/5m30.0s
load-k6-1  | 
load-k6-1  | 
load-k6-1  | running (2m32.0s), 6/6 VUs, 8637 complete and 0 interrupted iterations
load-k6-1  | fspiopTransfers   [  46% ] 6/6 VUs  2m32.0s/5m30.0s
load-k6-1  | 
load-k6-1  | 
load-k6-1  | running (2m33.0s), 6/6 VUs, 8703 complete and 0 interrupted iterations
load-k6-1  | fspiopTransfers   [  46% ] 6/6 VUs  2m33.0s/5m30.0s
load-k6-1  | 
load-k6-1  | 
load-k6-1  | running (2m34.0s), 6/6 VUs, 8771 complete and 0 interrupted iterations
load-k6-1  | fspiopTransfers   [  47% ] 6/6 VUs  2m34.0s/5m30.0s
load-k6-1  | 
load-k6-1  | 
load-k6-1  | running (2m35.0s), 6/6 VUs, 8839 complete and 0 interrupted iterations
load-k6-1  | fspiopTransfers   [  47% ] 6/6 VUs  2m35.0s/5m30.0s
load-k6-1  | 
load-k6-1  | 
load-k6-1  | running (2m36.0s), 6/6 VUs, 8904 complete and 0 interrupted iterations
load-k6-1  | fspiopTransfers   [  47% ] 6/6 VUs  2m36.0s/5m30.0s
load-k6-1  | 
load-k6-1  | 
load-k6-1  | running (2m37.0s), 6/6 VUs, 8971 complete and 0 interrupted iterations
load-k6-1  | fspiopTransfers   [  48% ] 6/6 VUs  2m37.0s/5m30.0s
load-k6-1  | 
load-k6-1  | 
load-k6-1  | running (2m38.0s), 6/6 VUs, 9036 complete and 0 interrupted iterations
load-k6-1  | fspiopTransfers   [  48% ] 6/6 VUs  2m38.0s/5m30.0s
load-k6-1  | 
load-k6-1  | 
load-k6-1  | running (2m39.0s), 6/6 VUs, 9103 complete and 0 interrupted iterations
load-k6-1  | fspiopTransfers   [  48% ] 6/6 VUs  2m39.0s/5m30.0s
load-k6-1  | 
load-k6-1  | 
load-k6-1  | running (2m40.0s), 6/6 VUs, 9168 complete and 0 interrupted iterations
load-k6-1  | fspiopTransfers   [  48% ] 6/6 VUs  2m40.0s/5m30.0s
load-k6-1  | 
load-k6-1  | 
load-k6-1  | running (2m41.0s), 6/6 VUs, 9234 complete and 0 interrupted iterations
load-k6-1  | fspiopTransfers   [  49% ] 6/6 VUs  2m41.0s/5m30.0s
load-k6-1  | 
load-k6-1  | 
load-k6-1  | running (2m42.0s), 6/6 VUs, 9301 complete and 0 interrupted iterations
load-k6-1  | fspiopTransfers   [  49% ] 6/6 VUs  2m42.0s/5m30.0s
load-k6-1  | 
load-k6-1  | 
load-k6-1  | running (2m43.0s), 6/6 VUs, 9362 complete and 0 interrupted iterations
load-k6-1  | fspiopTransfers   [  49% ] 6/6 VUs  2m43.0s/5m30.0s
load-k6-1  | 
load-k6-1  | 
load-k6-1  | running (2m44.0s), 6/6 VUs, 9427 complete and 0 interrupted iterations
load-k6-1  | fspiopTransfers   [  50% ] 6/6 VUs  2m44.0s/5m30.0s
load-k6-1  | 
load-k6-1  | 
load-k6-1  | running (2m45.0s), 6/6 VUs, 9493 complete and 0 interrupted iterations
load-k6-1  | fspiopTransfers   [  50% ] 6/6 VUs  2m45.0s/5m30.0s
load-k6-1  | 
load-k6-1  | 
load-k6-1  | running (2m46.0s), 6/6 VUs, 9558 complete and 0 interrupted iterations
load-k6-1  | fspiopTransfers   [  50% ] 6/6 VUs  2m46.0s/5m30.0s
load-k6-1  | 
load-k6-1  | 
load-k6-1  | running (2m47.0s), 6/6 VUs, 9626 complete and 0 interrupted iterations
load-k6-1  | fspiopTransfers   [  51% ] 6/6 VUs  2m47.0s/5m30.0s
load-k6-1  | 
load-k6-1  | 
load-k6-1  | running (2m48.0s), 6/6 VUs, 9691 complete and 0 interrupted iterations
load-k6-1  | fspiopTransfers   [  51% ] 6/6 VUs  2m48.0s/5m30.0s
load-k6-1  | 
load-k6-1  | 
load-k6-1  | running (2m49.0s), 6/6 VUs, 9756 complete and 0 interrupted iterations
load-k6-1  | fspiopTransfers   [  51% ] 6/6 VUs  2m49.0s/5m30.0s
load-k6-1  | 
load-k6-1  | 
load-k6-1  | running (2m50.0s), 6/6 VUs, 9820 complete and 0 interrupted iterations
load-k6-1  | fspiopTransfers   [  52% ] 6/6 VUs  2m50.0s/5m30.0s
load-k6-1  | 
load-k6-1  | 
load-k6-1  | running (2m51.0s), 6/6 VUs, 9881 complete and 0 interrupted iterations
load-k6-1  | fspiopTransfers   [  52% ] 6/6 VUs  2m51.0s/5m30.0s
load-k6-1  | 
load-k6-1  | 
load-k6-1  | running (2m52.0s), 6/6 VUs, 9945 complete and 0 interrupted iterations
load-k6-1  | fspiopTransfers   [  52% ] 6/6 VUs  2m52.0s/5m30.0s
load-k6-1  | 
load-k6-1  | 
load-k6-1  | running (2m53.0s), 6/6 VUs, 10008 complete and 0 interrupted iterations
load-k6-1  | fspiopTransfers   [  52% ] 6/6 VUs  2m53.0s/5m30.0s
load-k6-1  | 
load-k6-1  | 
load-k6-1  | running (2m54.0s), 6/6 VUs, 10074 complete and 0 interrupted iterations
load-k6-1  | fspiopTransfers   [  53% ] 6/6 VUs  2m54.0s/5m30.0s
load-k6-1  | 
load-k6-1  | 
load-k6-1  | running (2m55.0s), 6/6 VUs, 10136 complete and 0 interrupted iterations
load-k6-1  | fspiopTransfers   [  53% ] 6/6 VUs  2m55.0s/5m30.0s
load-k6-1  | 
load-k6-1  | 
load-k6-1  | running (2m56.0s), 6/6 VUs, 10200 complete and 0 interrupted iterations
load-k6-1  | fspiopTransfers   [  53% ] 6/6 VUs  2m56.0s/5m30.0s
load-k6-1  | 
load-k6-1  | 
load-k6-1  | running (2m57.0s), 6/6 VUs, 10263 complete and 0 interrupted iterations
load-k6-1  | fspiopTransfers   [  54% ] 6/6 VUs  2m57.0s/5m30.0s
load-k6-1  | 
load-k6-1  | 
load-k6-1  | running (2m58.0s), 6/6 VUs, 10330 complete and 0 interrupted iterations
load-k6-1  | fspiopTransfers   [  54% ] 6/6 VUs  2m58.0s/5m30.0s
load-k6-1  | 
load-k6-1  | 
load-k6-1  | running (2m59.0s), 6/6 VUs, 10390 complete and 0 interrupted iterations
load-k6-1  | fspiopTransfers   [  54% ] 6/6 VUs  2m59.0s/5m30.0s
load-k6-1  | 
load-k6-1  | 
load-k6-1  | running (3m00.0s), 6/6 VUs, 10454 complete and 0 interrupted iterations
load-k6-1  | fspiopTransfers   [  55% ] 6/6 VUs  3m00.0s/5m30.0s
load-k6-1  | 
load-k6-1  | 
load-k6-1  | running (3m01.0s), 6/6 VUs, 10515 complete and 0 interrupted iterations
load-k6-1  | fspiopTransfers   [  55% ] 6/6 VUs  3m01.0s/5m30.0s
load-k6-1  | 
load-k6-1  | 
load-k6-1  | running (3m02.0s), 6/6 VUs, 10580 complete and 0 interrupted iterations
load-k6-1  | fspiopTransfers   [  55% ] 6/6 VUs  3m02.0s/5m30.0s
load-k6-1  | 
load-k6-1  | 
load-k6-1  | running (3m03.0s), 6/6 VUs, 10640 complete and 0 interrupted iterations
load-k6-1  | fspiopTransfers   [  55% ] 6/6 VUs  3m03.0s/5m30.0s
load-k6-1  | 
load-k6-1  | 
load-k6-1  | running (3m04.0s), 6/6 VUs, 10705 complete and 0 interrupted iterations
load-k6-1  | fspiopTransfers   [  56% ] 6/6 VUs  3m04.0s/5m30.0s
load-k6-1  | 
load-k6-1  | 
load-k6-1  | running (3m05.0s), 6/6 VUs, 10768 complete and 0 interrupted iterations
load-k6-1  | fspiopTransfers   [  56% ] 6/6 VUs  3m05.0s/5m30.0s
load-k6-1  | 
load-k6-1  | 
load-k6-1  | running (3m06.0s), 6/6 VUs, 10833 complete and 0 interrupted iterations
load-k6-1  | fspiopTransfers   [  56% ] 6/6 VUs  3m06.0s/5m30.0s
load-k6-1  | 
load-k6-1  | 
load-k6-1  | running (3m07.0s), 6/6 VUs, 10893 complete and 0 interrupted iterations
load-k6-1  | fspiopTransfers   [  57% ] 6/6 VUs  3m07.0s/5m30.0s
load-k6-1  | 
load-k6-1  | 
load-k6-1  | running (3m08.0s), 6/6 VUs, 10958 complete and 0 interrupted iterations
load-k6-1  | fspiopTransfers   [  57% ] 6/6 VUs  3m08.0s/5m30.0s
load-k6-1  | 
load-k6-1  | 
load-k6-1  | running (3m09.0s), 6/6 VUs, 11020 complete and 0 interrupted iterations
load-k6-1  | fspiopTransfers   [  57% ] 6/6 VUs  3m09.0s/5m30.0s
load-k6-1  | 
load-k6-1  | 
load-k6-1  | running (3m10.0s), 6/6 VUs, 11084 complete and 0 interrupted iterations
load-k6-1  | fspiopTransfers   [  58% ] 6/6 VUs  3m10.0s/5m30.0s
load-k6-1  | 
load-k6-1  | 
load-k6-1  | running (3m11.0s), 6/6 VUs, 11149 complete and 0 interrupted iterations
load-k6-1  | fspiopTransfers   [  58% ] 6/6 VUs  3m11.0s/5m30.0s
load-k6-1  | 
load-k6-1  | 
load-k6-1  | running (3m12.0s), 6/6 VUs, 11212 complete and 0 interrupted iterations
load-k6-1  | fspiopTransfers   [  58% ] 6/6 VUs  3m12.0s/5m30.0s
load-k6-1  | 
load-k6-1  | 
load-k6-1  | running (3m13.0s), 6/6 VUs, 11278 complete and 0 interrupted iterations
load-k6-1  | fspiopTransfers   [  58% ] 6/6 VUs  3m13.0s/5m30.0s
load-k6-1  | 
load-k6-1  | 
load-k6-1  | running (3m14.0s), 6/6 VUs, 11344 complete and 0 interrupted iterations
load-k6-1  | fspiopTransfers   [  59% ] 6/6 VUs  3m14.0s/5m30.0s
load-k6-1  | 
load-k6-1  | 
load-k6-1  | running (3m15.0s), 6/6 VUs, 11408 complete and 0 interrupted iterations
load-k6-1  | fspiopTransfers   [  59% ] 6/6 VUs  3m15.0s/5m30.0s
load-k6-1  | 
load-k6-1  | 
load-k6-1  | running (3m16.0s), 6/6 VUs, 11473 complete and 0 interrupted iterations
load-k6-1  | fspiopTransfers   [  59% ] 6/6 VUs  3m16.0s/5m30.0s
load-k6-1  | 
load-k6-1  | 
load-k6-1  | running (3m17.0s), 6/6 VUs, 11538 complete and 0 interrupted iterations
load-k6-1  | fspiopTransfers   [  60% ] 6/6 VUs  3m17.0s/5m30.0s
load-k6-1  | 
load-k6-1  | 
load-k6-1  | running (3m18.0s), 6/6 VUs, 11600 complete and 0 interrupted iterations
load-k6-1  | fspiopTransfers   [  60% ] 6/6 VUs  3m18.0s/5m30.0s
load-k6-1  | 
load-k6-1  | 
load-k6-1  | running (3m19.0s), 6/6 VUs, 11663 complete and 0 interrupted iterations
load-k6-1  | fspiopTransfers   [  60% ] 6/6 VUs  3m19.0s/5m30.0s
load-k6-1  | 
load-k6-1  | 
load-k6-1  | running (3m20.0s), 6/6 VUs, 11728 complete and 0 interrupted iterations
load-k6-1  | fspiopTransfers   [  61% ] 6/6 VUs  3m20.0s/5m30.0s
load-k6-1  | 
load-k6-1  | 
load-k6-1  | running (3m21.0s), 6/6 VUs, 11793 complete and 0 interrupted iterations
load-k6-1  | fspiopTransfers   [  61% ] 6/6 VUs  3m21.0s/5m30.0s
load-k6-1  | 
load-k6-1  | 
load-k6-1  | running (3m22.0s), 6/6 VUs, 11858 complete and 0 interrupted iterations
load-k6-1  | fspiopTransfers   [  61% ] 6/6 VUs  3m22.0s/5m30.0s
load-k6-1  | 
load-k6-1  | 
load-k6-1  | running (3m23.0s), 6/6 VUs, 11924 complete and 0 interrupted iterations
load-k6-1  | fspiopTransfers   [  62% ] 6/6 VUs  3m23.0s/5m30.0s
load-k6-1  | 
load-k6-1  | 
load-k6-1  | running (3m24.0s), 6/6 VUs, 11988 complete and 0 interrupted iterations
load-k6-1  | fspiopTransfers   [  62% ] 6/6 VUs  3m24.0s/5m30.0s
load-k6-1  | 
load-k6-1  | 
load-k6-1  | running (3m25.0s), 6/6 VUs, 12053 complete and 0 interrupted iterations
load-k6-1  | fspiopTransfers   [  62% ] 6/6 VUs  3m25.0s/5m30.0s
load-k6-1  | 
load-k6-1  | 
load-k6-1  | running (3m26.0s), 6/6 VUs, 12118 complete and 0 interrupted iterations
load-k6-1  | fspiopTransfers   [  62% ] 6/6 VUs  3m26.0s/5m30.0s
load-k6-1  | 
load-k6-1  | 
load-k6-1  | running (3m27.0s), 6/6 VUs, 12182 complete and 0 interrupted iterations
load-k6-1  | fspiopTransfers   [  63% ] 6/6 VUs  3m27.0s/5m30.0s
load-k6-1  | 
load-k6-1  | 
load-k6-1  | running (3m28.0s), 6/6 VUs, 12244 complete and 0 interrupted iterations
load-k6-1  | fspiopTransfers   [  63% ] 6/6 VUs  3m28.0s/5m30.0s
load-k6-1  | 
load-k6-1  | 
load-k6-1  | running (3m29.0s), 6/6 VUs, 12304 complete and 0 interrupted iterations
load-k6-1  | fspiopTransfers   [  63% ] 6/6 VUs  3m29.0s/5m30.0s
load-k6-1  | 
load-k6-1  | 
load-k6-1  | running (3m30.0s), 6/6 VUs, 12364 complete and 0 interrupted iterations
load-k6-1  | fspiopTransfers   [  64% ] 6/6 VUs  3m30.0s/5m30.0s
load-k6-1  | 
load-k6-1  | 
load-k6-1  | running (3m31.0s), 6/6 VUs, 12427 complete and 0 interrupted iterations
load-k6-1  | fspiopTransfers   [  64% ] 6/6 VUs  3m31.0s/5m30.0s
load-k6-1  | 
load-k6-1  | 
load-k6-1  | running (3m32.0s), 6/6 VUs, 12487 complete and 0 interrupted iterations
load-k6-1  | fspiopTransfers   [  64% ] 6/6 VUs  3m32.0s/5m30.0s
load-k6-1  | 
load-k6-1  | 
load-k6-1  | running (3m33.0s), 6/6 VUs, 12548 complete and 0 interrupted iterations
load-k6-1  | fspiopTransfers   [  65% ] 6/6 VUs  3m33.0s/5m30.0s
load-k6-1  | 
load-k6-1  | 
load-k6-1  | running (3m34.0s), 6/6 VUs, 12610 complete and 0 interrupted iterations
load-k6-1  | fspiopTransfers   [  65% ] 6/6 VUs  3m34.0s/5m30.0s
load-k6-1  | 
load-k6-1  | 
load-k6-1  | running (3m35.0s), 6/6 VUs, 12672 complete and 0 interrupted iterations
load-k6-1  | fspiopTransfers   [  65% ] 6/6 VUs  3m35.0s/5m30.0s
load-k6-1  | 
load-k6-1  | 
load-k6-1  | running (3m36.0s), 6/6 VUs, 12733 complete and 0 interrupted iterations
load-k6-1  | fspiopTransfers   [  65% ] 6/6 VUs  3m36.0s/5m30.0s
load-k6-1  | 
load-k6-1  | 
load-k6-1  | running (3m37.0s), 6/6 VUs, 12798 complete and 0 interrupted iterations
load-k6-1  | fspiopTransfers   [  66% ] 6/6 VUs  3m37.0s/5m30.0s
load-k6-1  | 
load-k6-1  | 
load-k6-1  | running (3m38.0s), 6/6 VUs, 12858 complete and 0 interrupted iterations
load-k6-1  | fspiopTransfers   [  66% ] 6/6 VUs  3m38.0s/5m30.0s
load-k6-1  | 
load-k6-1  | 
load-k6-1  | running (3m39.0s), 6/6 VUs, 12917 complete and 0 interrupted iterations
load-k6-1  | fspiopTransfers   [  66% ] 6/6 VUs  3m39.0s/5m30.0s
load-k6-1  | 
load-k6-1  | 
load-k6-1  | running (3m40.0s), 6/6 VUs, 12982 complete and 0 interrupted iterations
load-k6-1  | fspiopTransfers   [  67% ] 6/6 VUs  3m40.0s/5m30.0s
load-k6-1  | 
load-k6-1  | 
load-k6-1  | running (3m41.0s), 6/6 VUs, 13046 complete and 0 interrupted iterations
load-k6-1  | fspiopTransfers   [  67% ] 6/6 VUs  3m41.0s/5m30.0s
load-k6-1  | 
load-k6-1  | 
load-k6-1  | running (3m42.0s), 6/6 VUs, 13112 complete and 0 interrupted iterations
load-k6-1  | fspiopTransfers   [  67% ] 6/6 VUs  3m42.0s/5m30.0s
load-k6-1  | 
load-k6-1  | 
load-k6-1  | running (3m43.0s), 6/6 VUs, 13174 complete and 0 interrupted iterations
load-k6-1  | fspiopTransfers   [  68% ] 6/6 VUs  3m43.0s/5m30.0s
load-k6-1  | 
load-k6-1  | 
load-k6-1  | running (3m44.0s), 6/6 VUs, 13242 complete and 0 interrupted iterations
load-k6-1  | fspiopTransfers   [  68% ] 6/6 VUs  3m44.0s/5m30.0s
load-k6-1  | 
load-k6-1  | 
load-k6-1  | running (3m45.0s), 6/6 VUs, 13310 complete and 0 interrupted iterations
load-k6-1  | fspiopTransfers   [  68% ] 6/6 VUs  3m45.0s/5m30.0s
load-k6-1  | 
load-k6-1  | 
load-k6-1  | running (3m46.0s), 6/6 VUs, 13372 complete and 0 interrupted iterations
load-k6-1  | fspiopTransfers   [  68% ] 6/6 VUs  3m46.0s/5m30.0s
load-k6-1  | 
load-k6-1  | 
load-k6-1  | running (3m47.0s), 6/6 VUs, 13438 complete and 0 interrupted iterations
load-k6-1  | fspiopTransfers   [  69% ] 6/6 VUs  3m47.0s/5m30.0s
load-k6-1  | 
load-k6-1  | 
load-k6-1  | running (3m48.0s), 6/6 VUs, 13504 complete and 0 interrupted iterations
load-k6-1  | fspiopTransfers   [  69% ] 6/6 VUs  3m48.0s/5m30.0s
load-k6-1  | 
load-k6-1  | 
load-k6-1  | running (3m49.0s), 6/6 VUs, 13568 complete and 0 interrupted iterations
load-k6-1  | fspiopTransfers   [  69% ] 6/6 VUs  3m49.0s/5m30.0s
load-k6-1  | 
load-k6-1  | 
load-k6-1  | running (3m50.0s), 6/6 VUs, 13633 complete and 0 interrupted iterations
load-k6-1  | fspiopTransfers   [  70% ] 6/6 VUs  3m50.0s/5m30.0s
load-k6-1  | 
load-k6-1  | 
load-k6-1  | running (3m51.0s), 6/6 VUs, 13700 complete and 0 interrupted iterations
load-k6-1  | fspiopTransfers   [  70% ] 6/6 VUs  3m51.0s/5m30.0s
load-k6-1  | 
load-k6-1  | 
load-k6-1  | running (3m52.0s), 6/6 VUs, 13768 complete and 0 interrupted iterations
load-k6-1  | fspiopTransfers   [  70% ] 6/6 VUs  3m52.0s/5m30.0s
load-k6-1  | 
load-k6-1  | 
load-k6-1  | running (3m53.0s), 6/6 VUs, 13830 complete and 0 interrupted iterations
load-k6-1  | fspiopTransfers   [  71% ] 6/6 VUs  3m53.0s/5m30.0s
load-k6-1  | 
load-k6-1  | 
load-k6-1  | running (3m54.0s), 6/6 VUs, 13896 complete and 0 interrupted iterations
load-k6-1  | fspiopTransfers   [  71% ] 6/6 VUs  3m54.0s/5m30.0s
load-k6-1  | 
load-k6-1  | 
load-k6-1  | running (3m55.0s), 6/6 VUs, 13962 complete and 0 interrupted iterations
load-k6-1  | fspiopTransfers   [  71% ] 6/6 VUs  3m55.0s/5m30.0s
load-k6-1  | 
load-k6-1  | 
load-k6-1  | running (3m56.0s), 6/6 VUs, 14033 complete and 0 interrupted iterations
load-k6-1  | fspiopTransfers   [  72% ] 6/6 VUs  3m56.0s/5m30.0s
load-k6-1  | 
load-k6-1  | 
load-k6-1  | running (3m57.0s), 6/6 VUs, 14098 complete and 0 interrupted iterations
load-k6-1  | fspiopTransfers   [  72% ] 6/6 VUs  3m57.0s/5m30.0s
load-k6-1  | 
load-k6-1  | 
load-k6-1  | running (3m58.0s), 6/6 VUs, 14161 complete and 0 interrupted iterations
load-k6-1  | fspiopTransfers   [  72% ] 6/6 VUs  3m58.0s/5m30.0s
load-k6-1  | 
load-k6-1  | 
load-k6-1  | running (3m59.0s), 6/6 VUs, 14222 complete and 0 interrupted iterations
load-k6-1  | fspiopTransfers   [  72% ] 6/6 VUs  3m59.0s/5m30.0s
load-k6-1  | 
load-k6-1  | 
load-k6-1  | running (4m00.0s), 6/6 VUs, 14285 complete and 0 interrupted iterations
load-k6-1  | fspiopTransfers   [  73% ] 6/6 VUs  4m00.0s/5m30.0s
load-k6-1  | 
load-k6-1  | 
load-k6-1  | running (4m01.0s), 6/6 VUs, 14345 complete and 0 interrupted iterations
load-k6-1  | fspiopTransfers   [  73% ] 6/6 VUs  4m01.0s/5m30.0s
load-k6-1  | 
load-k6-1  | 
load-k6-1  | running (4m02.0s), 6/6 VUs, 14405 complete and 0 interrupted iterations
load-k6-1  | fspiopTransfers   [  73% ] 6/6 VUs  4m02.0s/5m30.0s
load-k6-1  | 
load-k6-1  | 
load-k6-1  | running (4m03.0s), 6/6 VUs, 14470 complete and 0 interrupted iterations
load-k6-1  | fspiopTransfers   [  74% ] 6/6 VUs  4m03.0s/5m30.0s
load-k6-1  | 
load-k6-1  | 
load-k6-1  | running (4m04.0s), 6/6 VUs, 14534 complete and 0 interrupted iterations
load-k6-1  | fspiopTransfers   [  74% ] 6/6 VUs  4m04.0s/5m30.0s
load-k6-1  | 
load-k6-1  | 
load-k6-1  | running (4m05.0s), 6/6 VUs, 14595 complete and 0 interrupted iterations
load-k6-1  | fspiopTransfers   [  74% ] 6/6 VUs  4m05.0s/5m30.0s
load-k6-1  | 
load-k6-1  | 
load-k6-1  | running (4m06.0s), 6/6 VUs, 14655 complete and 0 interrupted iterations
load-k6-1  | fspiopTransfers   [  75% ] 6/6 VUs  4m06.0s/5m30.0s
load-k6-1  | 
load-k6-1  | 
load-k6-1  | running (4m07.0s), 6/6 VUs, 14718 complete and 0 interrupted iterations
load-k6-1  | fspiopTransfers   [  75% ] 6/6 VUs  4m07.0s/5m30.0s
load-k6-1  | 
load-k6-1  | 
load-k6-1  | running (4m08.0s), 6/6 VUs, 14779 complete and 0 interrupted iterations
load-k6-1  | fspiopTransfers   [  75% ] 6/6 VUs  4m08.0s/5m30.0s
load-k6-1  | 
load-k6-1  | 
load-k6-1  | running (4m09.0s), 6/6 VUs, 14840 complete and 0 interrupted iterations
load-k6-1  | fspiopTransfers   [  75% ] 6/6 VUs  4m09.0s/5m30.0s
load-k6-1  | 
load-k6-1  | 
load-k6-1  | running (4m10.0s), 6/6 VUs, 14909 complete and 0 interrupted iterations
load-k6-1  | fspiopTransfers   [  76% ] 6/6 VUs  4m10.0s/5m30.0s
load-k6-1  | 
load-k6-1  | 
load-k6-1  | running (4m11.0s), 6/6 VUs, 14971 complete and 0 interrupted iterations
load-k6-1  | fspiopTransfers   [  76% ] 6/6 VUs  4m11.0s/5m30.0s
load-k6-1  | 
load-k6-1  | 
load-k6-1  | running (4m12.0s), 6/6 VUs, 15036 complete and 0 interrupted iterations
load-k6-1  | fspiopTransfers   [  76% ] 6/6 VUs  4m12.0s/5m30.0s
load-k6-1  | 
load-k6-1  | 
load-k6-1  | running (4m13.0s), 6/6 VUs, 15098 complete and 0 interrupted iterations
load-k6-1  | fspiopTransfers   [  77% ] 6/6 VUs  4m13.0s/5m30.0s
load-k6-1  | 
load-k6-1  | 
load-k6-1  | running (4m14.0s), 6/6 VUs, 15161 complete and 0 interrupted iterations
load-k6-1  | fspiopTransfers   [  77% ] 6/6 VUs  4m14.0s/5m30.0s
load-k6-1  | 
load-k6-1  | 
load-k6-1  | running (4m15.0s), 6/6 VUs, 15225 complete and 0 interrupted iterations
load-k6-1  | fspiopTransfers   [  77% ] 6/6 VUs  4m15.0s/5m30.0s
load-k6-1  | 
load-k6-1  | 
load-k6-1  | running (4m16.0s), 6/6 VUs, 15288 complete and 0 interrupted iterations
load-k6-1  | fspiopTransfers   [  78% ] 6/6 VUs  4m16.0s/5m30.0s
load-k6-1  | 
load-k6-1  | 
load-k6-1  | running (4m17.0s), 6/6 VUs, 15350 complete and 0 interrupted iterations
load-k6-1  | fspiopTransfers   [  78% ] 6/6 VUs  4m17.0s/5m30.0s
load-k6-1  | 
load-k6-1  | 
load-k6-1  | running (4m18.0s), 6/6 VUs, 15415 complete and 0 interrupted iterations
load-k6-1  | fspiopTransfers   [  78% ] 6/6 VUs  4m18.0s/5m30.0s
load-k6-1  | 
load-k6-1  | 
load-k6-1  | running (4m19.0s), 6/6 VUs, 15478 complete and 0 interrupted iterations
load-k6-1  | fspiopTransfers   [  78% ] 6/6 VUs  4m19.0s/5m30.0s
load-k6-1  | 
load-k6-1  | 
load-k6-1  | running (4m20.0s), 6/6 VUs, 15543 complete and 0 interrupted iterations
load-k6-1  | fspiopTransfers   [  79% ] 6/6 VUs  4m20.0s/5m30.0s
load-k6-1  | 
load-k6-1  | 
load-k6-1  | running (4m21.0s), 6/6 VUs, 15608 complete and 0 interrupted iterations
load-k6-1  | fspiopTransfers   [  79% ] 6/6 VUs  4m21.0s/5m30.0s
load-k6-1  | 
load-k6-1  | 
load-k6-1  | running (4m22.0s), 6/6 VUs, 15674 complete and 0 interrupted iterations
load-k6-1  | fspiopTransfers   [  79% ] 6/6 VUs  4m22.0s/5m30.0s
load-k6-1  | 
load-k6-1  | 
load-k6-1  | running (4m23.0s), 6/6 VUs, 15740 complete and 0 interrupted iterations
load-k6-1  | fspiopTransfers   [  80% ] 6/6 VUs  4m23.0s/5m30.0s
load-k6-1  | 
load-k6-1  | 
load-k6-1  | running (4m24.0s), 6/6 VUs, 15806 complete and 0 interrupted iterations
load-k6-1  | fspiopTransfers   [  80% ] 6/6 VUs  4m24.0s/5m30.0s
load-k6-1  | 
load-k6-1  | 
load-k6-1  | running (4m25.0s), 6/6 VUs, 15873 complete and 0 interrupted iterations
load-k6-1  | fspiopTransfers   [  80% ] 6/6 VUs  4m25.0s/5m30.0s
load-k6-1  | 
load-k6-1  | 
load-k6-1  | running (4m26.0s), 6/6 VUs, 15937 complete and 0 interrupted iterations
load-k6-1  | fspiopTransfers   [  81% ] 6/6 VUs  4m26.0s/5m30.0s
load-k6-1  | 
load-k6-1  | 
load-k6-1  | running (4m27.0s), 6/6 VUs, 16002 complete and 0 interrupted iterations
load-k6-1  | fspiopTransfers   [  81% ] 6/6 VUs  4m27.0s/5m30.0s
load-k6-1  | 
load-k6-1  | 
load-k6-1  | running (4m28.0s), 6/6 VUs, 16066 complete and 0 interrupted iterations
load-k6-1  | fspiopTransfers   [  81% ] 6/6 VUs  4m28.0s/5m30.0s
load-k6-1  | 
load-k6-1  | 
load-k6-1  | running (4m29.0s), 6/6 VUs, 16127 complete and 0 interrupted iterations
load-k6-1  | fspiopTransfers   [  82% ] 6/6 VUs  4m29.0s/5m30.0s
load-k6-1  | 
load-k6-1  | 
load-k6-1  | running (4m30.0s), 6/6 VUs, 16191 complete and 0 interrupted iterations
load-k6-1  | fspiopTransfers   [  82% ] 6/6 VUs  4m30.0s/5m30.0s
load-k6-1  | 
load-k6-1  | 
load-k6-1  | running (4m31.0s), 6/6 VUs, 16249 complete and 0 interrupted iterations
load-k6-1  | fspiopTransfers   [  82% ] 6/6 VUs  4m31.0s/5m30.0s
load-k6-1  | 
load-k6-1  | 
load-k6-1  | running (4m32.0s), 6/6 VUs, 16311 complete and 0 interrupted iterations
load-k6-1  | fspiopTransfers   [  82% ] 6/6 VUs  4m32.0s/5m30.0s
load-k6-1  | 
load-k6-1  | 
load-k6-1  | running (4m33.0s), 6/6 VUs, 16381 complete and 0 interrupted iterations
load-k6-1  | fspiopTransfers   [  83% ] 6/6 VUs  4m33.0s/5m30.0s
load-k6-1  | 
load-k6-1  | 
load-k6-1  | running (4m34.0s), 6/6 VUs, 16444 complete and 0 interrupted iterations
load-k6-1  | fspiopTransfers   [  83% ] 6/6 VUs  4m34.0s/5m30.0s
load-k6-1  | 
load-k6-1  | 
load-k6-1  | running (4m35.0s), 6/6 VUs, 16507 complete and 0 interrupted iterations
load-k6-1  | fspiopTransfers   [  83% ] 6/6 VUs  4m35.0s/5m30.0s
load-k6-1  | 
load-k6-1  | 
load-k6-1  | running (4m36.0s), 6/6 VUs, 16566 complete and 0 interrupted iterations
load-k6-1  | fspiopTransfers   [  84% ] 6/6 VUs  4m36.0s/5m30.0s
load-k6-1  | 
load-k6-1  | 
load-k6-1  | running (4m37.0s), 6/6 VUs, 16628 complete and 0 interrupted iterations
load-k6-1  | fspiopTransfers   [  84% ] 6/6 VUs  4m37.0s/5m30.0s
load-k6-1  | 
load-k6-1  | 
load-k6-1  | running (4m38.0s), 6/6 VUs, 16692 complete and 0 interrupted iterations
load-k6-1  | fspiopTransfers   [  84% ] 6/6 VUs  4m38.0s/5m30.0s
load-k6-1  | 
load-k6-1  | 
load-k6-1  | running (4m39.0s), 6/6 VUs, 16758 complete and 0 interrupted iterations
load-k6-1  | fspiopTransfers   [  85% ] 6/6 VUs  4m39.0s/5m30.0s
load-k6-1  | 
load-k6-1  | 
load-k6-1  | running (4m40.0s), 6/6 VUs, 16823 complete and 0 interrupted iterations
load-k6-1  | fspiopTransfers   [  85% ] 6/6 VUs  4m40.0s/5m30.0s
load-k6-1  | 
load-k6-1  | 
load-k6-1  | running (4m41.0s), 6/6 VUs, 16890 complete and 0 interrupted iterations
load-k6-1  | fspiopTransfers   [  85% ] 6/6 VUs  4m41.0s/5m30.0s
load-k6-1  | 
load-k6-1  | 
load-k6-1  | running (4m42.0s), 6/6 VUs, 16954 complete and 0 interrupted iterations
load-k6-1  | fspiopTransfers   [  85% ] 6/6 VUs  4m42.0s/5m30.0s
load-k6-1  | 
load-k6-1  | 
load-k6-1  | running (4m43.0s), 6/6 VUs, 17020 complete and 0 interrupted iterations
load-k6-1  | fspiopTransfers   [  86% ] 6/6 VUs  4m43.0s/5m30.0s
load-k6-1  | 
load-k6-1  | 
load-k6-1  | running (4m44.0s), 6/6 VUs, 17087 complete and 0 interrupted iterations
load-k6-1  | fspiopTransfers   [  86% ] 6/6 VUs  4m44.0s/5m30.0s
load-k6-1  | 
load-k6-1  | 
load-k6-1  | running (4m45.0s), 6/6 VUs, 17149 complete and 0 interrupted iterations
load-k6-1  | fspiopTransfers   [  86% ] 6/6 VUs  4m45.0s/5m30.0s
load-k6-1  | 
load-k6-1  | 
load-k6-1  | running (4m46.0s), 6/6 VUs, 17217 complete and 0 interrupted iterations
load-k6-1  | fspiopTransfers   [  87% ] 6/6 VUs  4m46.0s/5m30.0s
load-k6-1  | 
load-k6-1  | 
load-k6-1  | running (4m47.0s), 6/6 VUs, 17282 complete and 0 interrupted iterations
load-k6-1  | fspiopTransfers   [  87% ] 6/6 VUs  4m47.0s/5m30.0s
load-k6-1  | 
load-k6-1  | 
load-k6-1  | running (4m48.0s), 6/6 VUs, 17349 complete and 0 interrupted iterations
load-k6-1  | fspiopTransfers   [  87% ] 6/6 VUs  4m48.0s/5m30.0s
load-k6-1  | 
load-k6-1  | 
load-k6-1  | running (4m49.0s), 6/6 VUs, 17408 complete and 0 interrupted iterations
load-k6-1  | fspiopTransfers   [  88% ] 6/6 VUs  4m49.0s/5m30.0s
load-k6-1  | 
load-k6-1  | 
load-k6-1  | running (4m50.0s), 6/6 VUs, 17470 complete and 0 interrupted iterations
load-k6-1  | fspiopTransfers   [  88% ] 6/6 VUs  4m50.0s/5m30.0s
load-k6-1  | 
load-k6-1  | 
load-k6-1  | running (4m51.0s), 6/6 VUs, 17535 complete and 0 interrupted iterations
load-k6-1  | fspiopTransfers   [  88% ] 6/6 VUs  4m51.0s/5m30.0s
load-k6-1  | 
load-k6-1  | 
load-k6-1  | running (4m52.0s), 6/6 VUs, 17599 complete and 0 interrupted iterations
load-k6-1  | fspiopTransfers   [  88% ] 6/6 VUs  4m52.0s/5m30.0s
load-k6-1  | 
load-k6-1  | 
load-k6-1  | running (4m53.0s), 6/6 VUs, 17666 complete and 0 interrupted iterations
load-k6-1  | fspiopTransfers   [  89% ] 6/6 VUs  4m53.0s/5m30.0s
load-k6-1  | 
load-k6-1  | 
load-k6-1  | running (4m54.0s), 6/6 VUs, 17729 complete and 0 interrupted iterations
load-k6-1  | fspiopTransfers   [  89% ] 6/6 VUs  4m54.0s/5m30.0s
load-k6-1  | 
load-k6-1  | 
load-k6-1  | running (4m55.0s), 6/6 VUs, 17794 complete and 0 interrupted iterations
load-k6-1  | fspiopTransfers   [  89% ] 6/6 VUs  4m55.0s/5m30.0s
load-k6-1  | 
load-k6-1  | 
load-k6-1  | running (4m56.0s), 6/6 VUs, 17862 complete and 0 interrupted iterations
load-k6-1  | fspiopTransfers   [  90% ] 6/6 VUs  4m56.0s/5m30.0s
load-k6-1  | 
load-k6-1  | 
load-k6-1  | running (4m57.0s), 6/6 VUs, 17930 complete and 0 interrupted iterations
load-k6-1  | fspiopTransfers   [  90% ] 6/6 VUs  4m57.0s/5m30.0s
load-k6-1  | 
load-k6-1  | 
load-k6-1  | running (4m58.0s), 6/6 VUs, 17997 complete and 0 interrupted iterations
load-k6-1  | fspiopTransfers   [  90% ] 6/6 VUs  4m58.0s/5m30.0s
load-k6-1  | 
load-k6-1  | 
load-k6-1  | running (4m59.0s), 6/6 VUs, 18064 complete and 0 interrupted iterations
load-k6-1  | fspiopTransfers   [  91% ] 6/6 VUs  4m59.0s/5m30.0s
load-k6-1  | 
load-k6-1  | 
load-k6-1  | running (5m00.0s), 6/6 VUs, 18127 complete and 0 interrupted iterations
load-k6-1  | fspiopTransfers   [  91% ] 6/6 VUs  5m00.0s/5m30.0s
load-k6-1  | 
load-k6-1  | 
load-k6-1  | running (5m01.0s), 6/6 VUs, 18192 complete and 0 interrupted iterations
load-k6-1  | fspiopTransfers   [  91% ] 6/6 VUs  5m01.0s/5m30.0s
load-k6-1  | 
load-k6-1  | 
load-k6-1  | running (5m02.0s), 6/6 VUs, 18259 complete and 0 interrupted iterations
load-k6-1  | fspiopTransfers   [  92% ] 6/6 VUs  5m02.0s/5m30.0s
load-k6-1  | 
load-k6-1  | 
load-k6-1  | running (5m03.0s), 6/6 VUs, 18326 complete and 0 interrupted iterations
load-k6-1  | fspiopTransfers   [  92% ] 6/6 VUs  5m03.0s/5m30.0s
load-k6-1  | 
load-k6-1  | 
load-k6-1  | running (5m04.0s), 6/6 VUs, 18392 complete and 0 interrupted iterations
load-k6-1  | fspiopTransfers   [  92% ] 6/6 VUs  5m04.0s/5m30.0s
load-k6-1  | 
load-k6-1  | 
load-k6-1  | running (5m05.0s), 6/6 VUs, 18458 complete and 0 interrupted iterations
load-k6-1  | fspiopTransfers   [  92% ] 6/6 VUs  5m05.0s/5m30.0s
load-k6-1  | 
load-k6-1  | 
load-k6-1  | running (5m06.0s), 6/6 VUs, 18521 complete and 0 interrupted iterations
load-k6-1  | fspiopTransfers   [  93% ] 6/6 VUs  5m06.0s/5m30.0s
load-k6-1  | 
load-k6-1  | 
load-k6-1  | running (5m07.0s), 6/6 VUs, 18588 complete and 0 interrupted iterations
load-k6-1  | fspiopTransfers   [  93% ] 6/6 VUs  5m07.0s/5m30.0s
load-k6-1  | 
load-k6-1  | 
load-k6-1  | running (5m08.0s), 6/6 VUs, 18649 complete and 0 interrupted iterations
load-k6-1  | fspiopTransfers   [  93% ] 6/6 VUs  5m08.0s/5m30.0s
load-k6-1  | 
load-k6-1  | 
load-k6-1  | running (5m09.0s), 6/6 VUs, 18713 complete and 0 interrupted iterations
load-k6-1  | fspiopTransfers   [  94% ] 6/6 VUs  5m09.0s/5m30.0s
load-k6-1  | 
load-k6-1  | 
load-k6-1  | running (5m10.0s), 6/6 VUs, 18775 complete and 0 interrupted iterations
load-k6-1  | fspiopTransfers   [  94% ] 6/6 VUs  5m10.0s/5m30.0s
load-k6-1  | 
load-k6-1  | 
load-k6-1  | running (5m11.0s), 6/6 VUs, 18843 complete and 0 interrupted iterations
load-k6-1  | fspiopTransfers   [  94% ] 6/6 VUs  5m11.0s/5m30.0s
load-k6-1  | 
load-k6-1  | 
load-k6-1  | running (5m12.0s), 6/6 VUs, 18906 complete and 0 interrupted iterations
load-k6-1  | fspiopTransfers   [  95% ] 6/6 VUs  5m12.0s/5m30.0s
load-k6-1  | 
load-k6-1  | 
load-k6-1  | running (5m13.0s), 6/6 VUs, 18970 complete and 0 interrupted iterations
load-k6-1  | fspiopTransfers   [  95% ] 6/6 VUs  5m13.0s/5m30.0s
load-k6-1  | 
load-k6-1  | 
load-k6-1  | running (5m14.0s), 6/6 VUs, 19038 complete and 0 interrupted iterations
load-k6-1  | fspiopTransfers   [  95% ] 6/6 VUs  5m14.0s/5m30.0s
load-k6-1  | 
load-k6-1  | 
load-k6-1  | running (5m15.0s), 6/6 VUs, 19101 complete and 0 interrupted iterations
load-k6-1  | fspiopTransfers   [  95% ] 6/6 VUs  5m15.0s/5m30.0s
load-k6-1  | 
load-k6-1  | 
load-k6-1  | running (5m16.0s), 6/6 VUs, 19164 complete and 0 interrupted iterations
load-k6-1  | fspiopTransfers   [  96% ] 6/6 VUs  5m16.0s/5m30.0s
load-k6-1  | 
load-k6-1  | 
load-k6-1  | running (5m17.0s), 6/6 VUs, 19232 complete and 0 interrupted iterations
load-k6-1  | fspiopTransfers   [  96% ] 6/6 VUs  5m17.0s/5m30.0s
load-k6-1  | 
load-k6-1  | 
load-k6-1  | running (5m18.0s), 6/6 VUs, 19297 complete and 0 interrupted iterations
load-k6-1  | fspiopTransfers   [  96% ] 6/6 VUs  5m18.0s/5m30.0s
load-k6-1  | 
load-k6-1  | 
load-k6-1  | running (5m19.0s), 6/6 VUs, 19363 complete and 0 interrupted iterations
load-k6-1  | fspiopTransfers   [  97% ] 6/6 VUs  5m19.0s/5m30.0s
load-k6-1  | 
load-k6-1  | 
load-k6-1  | running (5m20.0s), 6/6 VUs, 19430 complete and 0 interrupted iterations
load-k6-1  | fspiopTransfers   [  97% ] 6/6 VUs  5m20.0s/5m30.0s
load-k6-1  | 
load-k6-1  | 
load-k6-1  | running (5m21.0s), 6/6 VUs, 19495 complete and 0 interrupted iterations
load-k6-1  | fspiopTransfers   [  97% ] 6/6 VUs  5m21.0s/5m30.0s
load-k6-1  | 
load-k6-1  | 
load-k6-1  | running (5m22.0s), 6/6 VUs, 19560 complete and 0 interrupted iterations
load-k6-1  | fspiopTransfers   [  98% ] 6/6 VUs  5m22.0s/5m30.0s
load-k6-1  | 
load-k6-1  | 
load-k6-1  | running (5m23.0s), 6/6 VUs, 19625 complete and 0 interrupted iterations
load-k6-1  | fspiopTransfers   [  98% ] 6/6 VUs  5m23.0s/5m30.0s
load-k6-1  | 
load-k6-1  | 
load-k6-1  | running (5m24.0s), 6/6 VUs, 19688 complete and 0 interrupted iterations
load-k6-1  | fspiopTransfers   [  98% ] 6/6 VUs  5m24.0s/5m30.0s
load-k6-1  | 
load-k6-1  | 
load-k6-1  | running (5m25.0s), 6/6 VUs, 19754 complete and 0 interrupted iterations
load-k6-1  | fspiopTransfers   [  98% ] 6/6 VUs  5m25.0s/5m30.0s
load-k6-1  | 
load-k6-1  | 
load-k6-1  | running (5m26.0s), 6/6 VUs, 19819 complete and 0 interrupted iterations
load-k6-1  | fspiopTransfers   [  99% ] 6/6 VUs  5m26.0s/5m30.0s
load-k6-1  | 
load-k6-1  | 
load-k6-1  | running (5m27.0s), 6/6 VUs, 19889 complete and 0 interrupted iterations
load-k6-1  | fspiopTransfers   [  99% ] 6/6 VUs  5m27.0s/5m30.0s
load-k6-1  | 
load-k6-1  | 
load-k6-1  | running (5m28.0s), 6/6 VUs, 19958 complete and 0 interrupted iterations
load-k6-1  | fspiopTransfers   [  99% ] 6/6 VUs  5m28.0s/5m30.0s
load-k6-1  | 
load-k6-1  | 
load-k6-1  | running (5m29.0s), 6/6 VUs, 20022 complete and 0 interrupted iterations
load-k6-1  | fspiopTransfers   [ 100% ] 6/6 VUs  5m29.0s/5m30.0s
load-k6-1  | 
load-k6-1  | 
load-k6-1  | running (5m30.0s), 6/6 VUs, 20088 complete and 0 interrupted iterations
load-k6-1  | fspiopTransfers   [ 100% ] 6/6 VUs  5m30.0s/5m30.0s
load-k6-1  | 
load-k6-1  | 
load-k6-1  | running (5m31.0s), 2/6 VUs, 20093 complete and 0 interrupted iterations
load-k6-1  | fspiopTransfers ↓ [ 100% ] 6/6 VUs  5m30s
load-k6-1  | 
load-k6-1  | 
load-k6-1  | running (5m32.0s), 1/6 VUs, 20094 complete and 0 interrupted iterations
load-k6-1  | fspiopTransfers ↓ [ 100% ] 6/6 VUs  5m30s
load-k6-1  | 
load-k6-1  | 
load-k6-1  |      ✓ TRANSFERS_FSPIOP_POST_TRANSFERS_RESPONSE_IS_202
load-k6-1  |      ✗ TRANSFERS_E2E_FSPIOP_POST_TRANSFERS_SUCCESS
load-k6-1  |       ↳  99% — ✓ 20094 / ✗ 1
load-k6-1  | 
load-k6-1  |      █ Post Transfers
load-k6-1  | 
load-k6-1  |      checks.........................: 99.99% ✓ 40189     ✗ 1    
load-k6-1  |      data_received..................: 6.3 MB 19 kB/s
load-k6-1  |      data_sent......................: 42 MB  125 kB/s
load-k6-1  |      group_duration.................: avg=214.16µs min=129.16µs med=208.15µs max=2.26ms   p(90)=266.14µs p(95)=284.86µs
load-k6-1  |      http_req_blocked...............: avg=4.34µs   min=1.54µs   med=4.08µs   max=372.05µs p(90)=5.46µs   p(95)=5.9µs   
load-k6-1  |      http_req_connecting............: avg=38ns     min=0s       med=0s       max=160.11µs p(90)=0s       p(95)=0s      
load-k6-1  |    ✓ http_req_duration..............: avg=2.89ms   min=1.07ms   med=2.77ms   max=19.47ms  p(90)=3.78ms   p(95)=4.18ms  
load-k6-1  |        { expected_response:true }...: avg=2.89ms   min=1.07ms   med=2.77ms   max=19.47ms  p(90)=3.78ms   p(95)=4.18ms  
load-k6-1  |    ✓ http_req_failed................: 0.00%  ✓ 0         ✗ 20095
load-k6-1  |      http_req_receiving.............: avg=30.17µs  min=8.73µs   med=29.55µs  max=774.18µs p(90)=41.19µs  p(95)=45.51µs 
load-k6-1  |      http_req_sending...............: avg=22.13µs  min=9.55µs   med=21.68µs  max=1.25ms   p(90)=27.77µs  p(95)=29.65µs 
load-k6-1  |      http_req_tls_handshaking.......: avg=0s       min=0s       med=0s       max=0s       p(90)=0s       p(95)=0s      
load-k6-1  |      http_req_waiting...............: avg=2.83ms   min=1.02ms   med=2.72ms   max=19.38ms  p(90)=3.73ms   p(95)=4.13ms  
load-k6-1  |      http_reqs......................: 20095  60.500899/s
load-k6-1  |    ✓ iteration_duration.............: avg=94.19ms  min=46.28ms  med=91.22ms  max=5.02s    p(90)=127.23ms p(95)=131.29ms
load-k6-1  |      iterations.....................: 20095  60.500899/s
load-k6-1  |      vus............................: 1      min=1       max=6  
load-k6-1  |      vus_max........................: 6      min=6       max=6  
load-k6-1  |      ws_connecting..................: avg=503.1µs  min=195.18µs med=422.87µs max=15.57ms  p(90)=731.65µs p(95)=981.51µs
load-k6-1  |      ws_msgs_received...............: 20094  60.497888/s
load-k6-1  |      ws_msgs_sent...................: 20095  60.500899/s
load-k6-1  |      ws_session_duration............: avg=93.89ms  min=46ms     med=90.94ms  max=5.02s    p(90)=126.95ms p(95)=130.99ms
load-k6-1  |      ws_sessions....................: 20095  60.500899/s
load-k6-1  | 
load-k6-1  | 
load-k6-1  | running (5m32.1s), 0/6 VUs, 20095 complete and 0 interrupted iterations
load-k6-1  | fspiopTransfers ✓ [ 100% ] 0/6 VUs  5m30s
load-k6-1  | 
load-k6-1 exited with code 0
