Attaching to load-k6-1
load-k6-1  | 
load-k6-1  |           /\      |‾‾| /‾‾/   /‾‾/   
load-k6-1  |      /\  /  \     |  |/  /   /  /    
load-k6-1  |     /  \/    \    |     (   /   ‾‾\  
load-k6-1  |    /          \   |  |\  \ |  (‾)  | 
load-k6-1  |   / __________ \  |__| \__\ \_____/ .io
load-k6-1  | 
load-k6-1  | 
load-k6-1  |   execution: local
load-k6-1  |      script: /scripts/index.js
load-k6-1  |      output: Prometheus remote write (http://prometheus:9090/api/v1/write)
load-k6-1  | 
load-k6-1  |   scenarios: (100.00%) 1 scenario, 30 max VUs, 6m0s max duration (incl. graceful stop):
load-k6-1  |            * fspiopTransfers: Up to 30 looping VUs for 5m30s over 2 stages (gracefulRampDown: 30s, exec: fspiopTransfersScenarios, gracefulStop: 30s)
load-k6-1  | 
load-k6-1  | 
load-k6-1  | 
load-k6-1  | running (0m01.0s), 01/30 VUs, 4 complete and 0 interrupted iterations
load-k6-1  | fspiopTransfers   [   0% ] 01/30 VUs  0m01.0s/5m30.0s
load-k6-1  | 
load-k6-1  | 
load-k6-1  | running (0m02.0s), 02/30 VUs, 22 complete and 0 interrupted iterations
load-k6-1  | fspiopTransfers   [   1% ] 02/30 VUs  0m02.0s/5m30.0s
load-k6-1  | 
load-k6-1  | 
load-k6-1  | running (0m03.0s), 03/30 VUs, 58 complete and 0 interrupted iterations
load-k6-1  | fspiopTransfers   [   1% ] 03/30 VUs  0m03.0s/5m30.0s
load-k6-1  | 
load-k6-1  | 
load-k6-1  | running (0m04.0s), 04/30 VUs, 108 complete and 0 interrupted iterations
load-k6-1  | fspiopTransfers   [   1% ] 04/30 VUs  0m04.0s/5m30.0s
load-k6-1  | 
load-k6-1  | 
load-k6-1  | running (0m05.0s), 05/30 VUs, 170 complete and 0 interrupted iterations
load-k6-1  | fspiopTransfers   [   2% ] 05/30 VUs  0m05.0s/5m30.0s
load-k6-1  | 
load-k6-1  | 
load-k6-1  | running (0m06.0s), 06/30 VUs, 241 complete and 0 interrupted iterations
load-k6-1  | fspiopTransfers   [   2% ] 06/30 VUs  0m06.0s/5m30.0s
load-k6-1  | 
load-k6-1  | 
load-k6-1  | running (0m07.0s), 07/30 VUs, 327 complete and 0 interrupted iterations
load-k6-1  | fspiopTransfers   [   2% ] 07/30 VUs  0m07.0s/5m30.0s
load-k6-1  | 
load-k6-1  | 
load-k6-1  | running (0m08.0s), 08/30 VUs, 424 complete and 0 interrupted iterations
load-k6-1  | fspiopTransfers   [   2% ] 08/30 VUs  0m08.0s/5m30.0s
load-k6-1  | 
load-k6-1  | 
load-k6-1  | running (0m09.0s), 09/30 VUs, 532 complete and 0 interrupted iterations
load-k6-1  | fspiopTransfers   [   3% ] 09/30 VUs  0m09.0s/5m30.0s
load-k6-1  | 
load-k6-1  | 
load-k6-1  | running (0m10.0s), 10/30 VUs, 648 complete and 0 interrupted iterations
load-k6-1  | fspiopTransfers   [   3% ] 10/30 VUs  0m10.0s/5m30.0s
load-k6-1  | 
load-k6-1  | 
load-k6-1  | running (0m11.0s), 11/30 VUs, 771 complete and 0 interrupted iterations
load-k6-1  | fspiopTransfers   [   3% ] 11/30 VUs  0m11.0s/5m30.0s
load-k6-1  | 
load-k6-1  | 
load-k6-1  | running (0m12.0s), 12/30 VUs, 902 complete and 0 interrupted iterations
load-k6-1  | fspiopTransfers   [   4% ] 12/30 VUs  0m12.0s/5m30.0s
load-k6-1  | 
load-k6-1  | 
load-k6-1  | running (0m13.0s), 13/30 VUs, 1040 complete and 0 interrupted iterations
load-k6-1  | fspiopTransfers   [   4% ] 13/30 VUs  0m13.0s/5m30.0s
load-k6-1  | 
load-k6-1  | 
load-k6-1  | running (0m14.0s), 14/30 VUs, 1183 complete and 0 interrupted iterations
load-k6-1  | fspiopTransfers   [   4% ] 14/30 VUs  0m14.0s/5m30.0s
load-k6-1  | 
load-k6-1  | 
load-k6-1  | running (0m15.0s), 15/30 VUs, 1334 complete and 0 interrupted iterations
load-k6-1  | fspiopTransfers   [   5% ] 15/30 VUs  0m15.0s/5m30.0s
load-k6-1  | 
load-k6-1  | 
load-k6-1  | running (0m16.0s), 16/30 VUs, 1491 complete and 0 interrupted iterations
load-k6-1  | fspiopTransfers   [   5% ] 16/30 VUs  0m16.0s/5m30.0s
load-k6-1  | 
load-k6-1  | 
load-k6-1  | running (0m17.0s), 17/30 VUs, 1655 complete and 0 interrupted iterations
load-k6-1  | fspiopTransfers   [   5% ] 17/30 VUs  0m17.0s/5m30.0s
load-k6-1  | 
load-k6-1  | 
load-k6-1  | running (0m18.0s), 18/30 VUs, 1826 complete and 0 interrupted iterations
load-k6-1  | fspiopTransfers   [   5% ] 18/30 VUs  0m18.0s/5m30.0s
load-k6-1  | 
load-k6-1  | 
load-k6-1  | running (0m19.0s), 19/30 VUs, 2001 complete and 0 interrupted iterations
load-k6-1  | fspiopTransfers   [   6% ] 19/30 VUs  0m19.0s/5m30.0s
load-k6-1  | 
load-k6-1  | 
load-k6-1  | running (0m20.0s), 20/30 VUs, 2175 complete and 0 interrupted iterations
load-k6-1  | fspiopTransfers   [   6% ] 20/30 VUs  0m20.0s/5m30.0s
load-k6-1  | 
load-k6-1  | 
load-k6-1  | running (0m21.0s), 21/30 VUs, 2348 complete and 0 interrupted iterations
load-k6-1  | fspiopTransfers   [   6% ] 21/30 VUs  0m21.0s/5m30.0s
load-k6-1  | 
load-k6-1  | 
load-k6-1  | running (0m22.0s), 22/30 VUs, 2529 complete and 0 interrupted iterations
load-k6-1  | fspiopTransfers   [   7% ] 22/30 VUs  0m22.0s/5m30.0s
load-k6-1  | 
load-k6-1  | 
load-k6-1  | running (0m23.0s), 23/30 VUs, 2713 complete and 0 interrupted iterations
load-k6-1  | fspiopTransfers   [   7% ] 23/30 VUs  0m23.0s/5m30.0s
load-k6-1  | 
load-k6-1  | 
load-k6-1  | running (0m24.0s), 24/30 VUs, 2911 complete and 0 interrupted iterations
load-k6-1  | fspiopTransfers   [   7% ] 24/30 VUs  0m24.0s/5m30.0s
load-k6-1  | 
load-k6-1  | 
load-k6-1  | running (0m25.0s), 25/30 VUs, 3113 complete and 0 interrupted iterations
load-k6-1  | fspiopTransfers   [   8% ] 25/30 VUs  0m25.0s/5m30.0s
load-k6-1  | 
load-k6-1  | 
load-k6-1  | running (0m26.0s), 26/30 VUs, 3305 complete and 0 interrupted iterations
load-k6-1  | fspiopTransfers   [   8% ] 26/30 VUs  0m26.0s/5m30.0s
load-k6-1  | 
load-k6-1  | 
load-k6-1  | running (0m27.0s), 27/30 VUs, 3506 complete and 0 interrupted iterations
load-k6-1  | fspiopTransfers   [   8% ] 27/30 VUs  0m27.0s/5m30.0s
load-k6-1  | 
load-k6-1  | 
load-k6-1  | running (0m28.0s), 28/30 VUs, 3721 complete and 0 interrupted iterations
load-k6-1  | fspiopTransfers   [   8% ] 28/30 VUs  0m28.0s/5m30.0s
load-k6-1  | 
load-k6-1  | 
load-k6-1  | running (0m29.0s), 29/30 VUs, 3931 complete and 0 interrupted iterations
load-k6-1  | fspiopTransfers   [   9% ] 29/30 VUs  0m29.0s/5m30.0s
load-k6-1  | 
load-k6-1  | 
load-k6-1  | running (0m30.0s), 29/30 VUs, 4151 complete and 0 interrupted iterations
load-k6-1  | fspiopTransfers   [   9% ] 29/30 VUs  0m30.0s/5m30.0s
load-k6-1  | 
load-k6-1  | 
load-k6-1  | running (0m31.0s), 30/30 VUs, 4368 complete and 0 interrupted iterations
load-k6-1  | fspiopTransfers   [   9% ] 30/30 VUs  0m31.0s/5m30.0s
load-k6-1  | 
load-k6-1  | 
load-k6-1  | running (0m32.0s), 30/30 VUs, 4587 complete and 0 interrupted iterations
load-k6-1  | fspiopTransfers   [  10% ] 30/30 VUs  0m32.0s/5m30.0s
load-k6-1  | 
load-k6-1  | 
load-k6-1  | running (0m33.0s), 30/30 VUs, 4800 complete and 0 interrupted iterations
load-k6-1  | fspiopTransfers   [  10% ] 30/30 VUs  0m33.0s/5m30.0s
load-k6-1  | 
load-k6-1  | 
load-k6-1  | running (0m34.0s), 30/30 VUs, 5006 complete and 0 interrupted iterations
load-k6-1  | fspiopTransfers   [  10% ] 30/30 VUs  0m34.0s/5m30.0s
load-k6-1  | 
load-k6-1  | 
load-k6-1  | running (0m35.0s), 30/30 VUs, 5209 complete and 0 interrupted iterations
load-k6-1  | fspiopTransfers   [  11% ] 30/30 VUs  0m35.0s/5m30.0s
load-k6-1  | 
load-k6-1  | 
load-k6-1  | running (0m36.0s), 30/30 VUs, 5417 complete and 0 interrupted iterations
load-k6-1  | fspiopTransfers   [  11% ] 30/30 VUs  0m36.0s/5m30.0s
load-k6-1  | 
load-k6-1  | 
load-k6-1  | running (0m37.0s), 30/30 VUs, 5617 complete and 0 interrupted iterations
load-k6-1  | fspiopTransfers   [  11% ] 30/30 VUs  0m37.0s/5m30.0s
load-k6-1  | 
load-k6-1  | 
load-k6-1  | running (0m38.0s), 30/30 VUs, 5809 complete and 0 interrupted iterations
load-k6-1  | fspiopTransfers   [  12% ] 30/30 VUs  0m38.0s/5m30.0s
load-k6-1  | 
load-k6-1  | 
load-k6-1  | running (0m39.0s), 30/30 VUs, 6017 complete and 0 interrupted iterations
load-k6-1  | fspiopTransfers   [  12% ] 30/30 VUs  0m39.0s/5m30.0s
load-k6-1  | 
load-k6-1  | 
load-k6-1  | running (0m40.0s), 30/30 VUs, 6230 complete and 0 interrupted iterations
load-k6-1  | fspiopTransfers   [  12% ] 30/30 VUs  0m40.0s/5m30.0s
load-k6-1  | 
load-k6-1  | 
load-k6-1  | running (0m41.0s), 30/30 VUs, 6439 complete and 0 interrupted iterations
load-k6-1  | fspiopTransfers   [  12% ] 30/30 VUs  0m41.0s/5m30.0s
load-k6-1  | 
load-k6-1  | 
load-k6-1  | running (0m42.0s), 30/30 VUs, 6653 complete and 0 interrupted iterations
load-k6-1  | fspiopTransfers   [  13% ] 30/30 VUs  0m42.0s/5m30.0s
load-k6-1  | 
load-k6-1  | 
load-k6-1  | running (0m43.0s), 30/30 VUs, 6866 complete and 0 interrupted iterations
load-k6-1  | fspiopTransfers   [  13% ] 30/30 VUs  0m43.0s/5m30.0s
load-k6-1  | 
load-k6-1  | 
load-k6-1  | running (0m44.0s), 30/30 VUs, 7086 complete and 0 interrupted iterations
load-k6-1  | fspiopTransfers   [  13% ] 30/30 VUs  0m44.0s/5m30.0s
load-k6-1  | 
load-k6-1  | 
load-k6-1  | running (0m45.0s), 30/30 VUs, 7307 complete and 0 interrupted iterations
load-k6-1  | fspiopTransfers   [  14% ] 30/30 VUs  0m45.0s/5m30.0s
load-k6-1  | 
load-k6-1  | 
load-k6-1  | running (0m46.0s), 30/30 VUs, 7514 complete and 0 interrupted iterations
load-k6-1  | fspiopTransfers   [  14% ] 30/30 VUs  0m46.0s/5m30.0s
load-k6-1  | 
load-k6-1  | 
load-k6-1  | running (0m47.0s), 30/30 VUs, 7716 complete and 0 interrupted iterations
load-k6-1  | fspiopTransfers   [  14% ] 30/30 VUs  0m47.0s/5m30.0s
load-k6-1  | 
load-k6-1  | 
load-k6-1  | running (0m48.0s), 30/30 VUs, 7929 complete and 0 interrupted iterations
load-k6-1  | fspiopTransfers   [  15% ] 30/30 VUs  0m48.0s/5m30.0s
load-k6-1  | 
load-k6-1  | 
load-k6-1  | running (0m49.0s), 30/30 VUs, 8150 complete and 0 interrupted iterations
load-k6-1  | fspiopTransfers   [  15% ] 30/30 VUs  0m49.0s/5m30.0s
load-k6-1  | 
load-k6-1  | 
load-k6-1  | running (0m50.0s), 30/30 VUs, 8361 complete and 0 interrupted iterations
load-k6-1  | fspiopTransfers   [  15% ] 30/30 VUs  0m50.0s/5m30.0s
load-k6-1  | 
load-k6-1  | 
load-k6-1  | running (0m51.0s), 30/30 VUs, 8582 complete and 0 interrupted iterations
load-k6-1  | fspiopTransfers   [  15% ] 30/30 VUs  0m51.0s/5m30.0s
load-k6-1  | 
load-k6-1  | 
load-k6-1  | running (0m52.0s), 30/30 VUs, 8807 complete and 0 interrupted iterations
load-k6-1  | fspiopTransfers   [  16% ] 30/30 VUs  0m52.0s/5m30.0s
load-k6-1  | 
load-k6-1  | 
load-k6-1  | running (0m53.0s), 30/30 VUs, 9031 complete and 0 interrupted iterations
load-k6-1  | fspiopTransfers   [  16% ] 30/30 VUs  0m53.0s/5m30.0s
load-k6-1  | 
load-k6-1  | 
load-k6-1  | running (0m54.0s), 30/30 VUs, 9247 complete and 0 interrupted iterations
load-k6-1  | fspiopTransfers   [  16% ] 30/30 VUs  0m54.0s/5m30.0s
load-k6-1  | 
load-k6-1  | 
load-k6-1  | running (0m55.0s), 30/30 VUs, 9463 complete and 0 interrupted iterations
load-k6-1  | fspiopTransfers   [  17% ] 30/30 VUs  0m55.0s/5m30.0s
load-k6-1  | 
load-k6-1  | 
load-k6-1  | running (0m56.0s), 30/30 VUs, 9668 complete and 0 interrupted iterations
load-k6-1  | fspiopTransfers   [  17% ] 30/30 VUs  0m56.0s/5m30.0s
load-k6-1  | 
load-k6-1  | 
load-k6-1  | running (0m57.0s), 30/30 VUs, 9891 complete and 0 interrupted iterations
load-k6-1  | fspiopTransfers   [  17% ] 30/30 VUs  0m57.0s/5m30.0s
load-k6-1  | 
load-k6-1  | 
load-k6-1  | running (0m58.0s), 30/30 VUs, 10122 complete and 0 interrupted iterations
load-k6-1  | fspiopTransfers   [  18% ] 30/30 VUs  0m58.0s/5m30.0s
load-k6-1  | 
load-k6-1  | 
load-k6-1  | running (0m59.0s), 30/30 VUs, 10345 complete and 0 interrupted iterations
load-k6-1  | fspiopTransfers   [  18% ] 30/30 VUs  0m59.0s/5m30.0s
load-k6-1  | 
load-k6-1  | 
load-k6-1  | running (1m00.0s), 30/30 VUs, 10575 complete and 0 interrupted iterations
load-k6-1  | fspiopTransfers   [  18% ] 30/30 VUs  1m00.0s/5m30.0s
load-k6-1  | 
load-k6-1  | 
load-k6-1  | running (1m01.0s), 30/30 VUs, 10803 complete and 0 interrupted iterations
load-k6-1  | fspiopTransfers   [  18% ] 30/30 VUs  1m01.0s/5m30.0s
load-k6-1  | 
load-k6-1  | 
load-k6-1  | running (1m02.0s), 30/30 VUs, 11026 complete and 0 interrupted iterations
load-k6-1  | fspiopTransfers   [  19% ] 30/30 VUs  1m02.0s/5m30.0s
load-k6-1  | 
load-k6-1  | 
load-k6-1  | running (1m03.0s), 30/30 VUs, 11247 complete and 0 interrupted iterations
load-k6-1  | fspiopTransfers   [  19% ] 30/30 VUs  1m03.0s/5m30.0s
load-k6-1  | 
load-k6-1  | 
load-k6-1  | running (1m04.0s), 30/30 VUs, 11458 complete and 0 interrupted iterations
load-k6-1  | fspiopTransfers   [  19% ] 30/30 VUs  1m04.0s/5m30.0s
load-k6-1  | 
load-k6-1  | 
load-k6-1  | running (1m05.0s), 30/30 VUs, 11682 complete and 0 interrupted iterations
load-k6-1  | fspiopTransfers   [  20% ] 30/30 VUs  1m05.0s/5m30.0s
load-k6-1  | 
load-k6-1  | 
load-k6-1  | running (1m06.0s), 30/30 VUs, 11897 complete and 0 interrupted iterations
load-k6-1  | fspiopTransfers   [  20% ] 30/30 VUs  1m06.0s/5m30.0s
load-k6-1  | 
load-k6-1  | 
load-k6-1  | running (1m07.0s), 30/30 VUs, 12125 complete and 0 interrupted iterations
load-k6-1  | fspiopTransfers   [  20% ] 30/30 VUs  1m07.0s/5m30.0s
load-k6-1  | 
load-k6-1  | 
load-k6-1  | running (1m08.0s), 30/30 VUs, 12341 complete and 0 interrupted iterations
load-k6-1  | fspiopTransfers   [  21% ] 30/30 VUs  1m08.0s/5m30.0s
load-k6-1  | 
load-k6-1  | 
load-k6-1  | running (1m09.0s), 30/30 VUs, 12565 complete and 0 interrupted iterations
load-k6-1  | fspiopTransfers   [  21% ] 30/30 VUs  1m09.0s/5m30.0s
load-k6-1  | 
load-k6-1  | 
load-k6-1  | running (1m10.0s), 30/30 VUs, 12778 complete and 0 interrupted iterations
load-k6-1  | fspiopTransfers   [  21% ] 30/30 VUs  1m10.0s/5m30.0s
load-k6-1  | 
load-k6-1  | 
load-k6-1  | running (1m11.0s), 30/30 VUs, 12990 complete and 0 interrupted iterations
load-k6-1  | fspiopTransfers   [  22% ] 30/30 VUs  1m11.0s/5m30.0s
load-k6-1  | 
load-k6-1  | 
load-k6-1  | running (1m12.0s), 30/30 VUs, 13218 complete and 0 interrupted iterations
load-k6-1  | fspiopTransfers   [  22% ] 30/30 VUs  1m12.0s/5m30.0s
load-k6-1  | 
load-k6-1  | 
load-k6-1  | running (1m13.0s), 30/30 VUs, 13438 complete and 0 interrupted iterations
load-k6-1  | fspiopTransfers   [  22% ] 30/30 VUs  1m13.0s/5m30.0s
load-k6-1  | 
load-k6-1  | 
load-k6-1  | running (1m14.0s), 30/30 VUs, 13661 complete and 0 interrupted iterations
load-k6-1  | fspiopTransfers   [  22% ] 30/30 VUs  1m14.0s/5m30.0s
load-k6-1  | 
load-k6-1  | 
load-k6-1  | running (1m15.0s), 30/30 VUs, 13878 complete and 0 interrupted iterations
load-k6-1  | fspiopTransfers   [  23% ] 30/30 VUs  1m15.0s/5m30.0s
load-k6-1  | 
load-k6-1  | 
load-k6-1  | running (1m16.0s), 30/30 VUs, 14102 complete and 0 interrupted iterations
load-k6-1  | fspiopTransfers   [  23% ] 30/30 VUs  1m16.0s/5m30.0s
load-k6-1  | 
load-k6-1  | 
load-k6-1  | running (1m17.0s), 30/30 VUs, 14332 complete and 0 interrupted iterations
load-k6-1  | fspiopTransfers   [  23% ] 30/30 VUs  1m17.0s/5m30.0s
load-k6-1  | 
load-k6-1  | 
load-k6-1  | running (1m18.0s), 30/30 VUs, 14552 complete and 0 interrupted iterations
load-k6-1  | fspiopTransfers   [  24% ] 30/30 VUs  1m18.0s/5m30.0s
load-k6-1  | 
load-k6-1  | 
load-k6-1  | running (1m19.0s), 30/30 VUs, 14790 complete and 0 interrupted iterations
load-k6-1  | fspiopTransfers   [  24% ] 30/30 VUs  1m19.0s/5m30.0s
load-k6-1  | 
load-k6-1  | running (1m20.0s), 30/30 VUs, 15020 complete and 0 interrupted iterations
load-k6-1  | fspiopTransfers   [  24% ] 30/30 VUs  1m20.0s/5m30.0s
load-k6-1  | 
load-k6-1  | 
load-k6-1  | running (1m21.0s), 30/30 VUs, 15253 complete and 0 interrupted iterations
load-k6-1  | fspiopTransfers   [  25% ] 30/30 VUs  1m21.0s/5m30.0s
load-k6-1  | 
load-k6-1  | 
load-k6-1  | running (1m22.0s), 30/30 VUs, 15481 complete and 0 interrupted iterations
load-k6-1  | fspiopTransfers   [  25% ] 30/30 VUs  1m22.0s/5m30.0s
load-k6-1  | 
load-k6-1  | 
load-k6-1  | running (1m23.0s), 30/30 VUs, 15703 complete and 0 interrupted iterations
load-k6-1  | fspiopTransfers   [  25% ] 30/30 VUs  1m23.0s/5m30.0s
load-k6-1  | 
load-k6-1  | 
load-k6-1  | running (1m24.0s), 30/30 VUs, 15930 complete and 0 interrupted iterations
load-k6-1  | fspiopTransfers   [  25% ] 30/30 VUs  1m24.0s/5m30.0s
load-k6-1  | 
load-k6-1  | 
load-k6-1  | running (1m25.0s), 30/30 VUs, 16161 complete and 0 interrupted iterations
load-k6-1  | fspiopTransfers   [  26% ] 30/30 VUs  1m25.0s/5m30.0s
load-k6-1  | 
load-k6-1  | 
load-k6-1  | running (1m26.0s), 30/30 VUs, 16392 complete and 0 interrupted iterations
load-k6-1  | fspiopTransfers   [  26% ] 30/30 VUs  1m26.0s/5m30.0s
load-k6-1  | 
load-k6-1  | 
load-k6-1  | running (1m27.0s), 30/30 VUs, 16622 complete and 0 interrupted iterations
load-k6-1  | fspiopTransfers   [  26% ] 30/30 VUs  1m27.0s/5m30.0s
load-k6-1  | 
load-k6-1  | 
load-k6-1  | running (1m28.0s), 30/30 VUs, 16851 complete and 0 interrupted iterations
load-k6-1  | fspiopTransfers   [  27% ] 30/30 VUs  1m28.0s/5m30.0s
load-k6-1  | 
load-k6-1  | 
load-k6-1  | running (1m29.0s), 30/30 VUs, 17081 complete and 0 interrupted iterations
load-k6-1  | fspiopTransfers   [  27% ] 30/30 VUs  1m29.0s/5m30.0s
load-k6-1  | 
load-k6-1  | 
load-k6-1  | running (1m30.0s), 30/30 VUs, 17309 complete and 0 interrupted iterations
load-k6-1  | fspiopTransfers   [  27% ] 30/30 VUs  1m30.0s/5m30.0s
load-k6-1  | 
load-k6-1  | 
load-k6-1  | running (1m31.0s), 30/30 VUs, 17525 complete and 0 interrupted iterations
load-k6-1  | fspiopTransfers   [  28% ] 30/30 VUs  1m31.0s/5m30.0s
load-k6-1  | 
load-k6-1  | 
load-k6-1  | running (1m32.0s), 30/30 VUs, 17748 complete and 0 interrupted iterations
load-k6-1  | fspiopTransfers   [  28% ] 30/30 VUs  1m32.0s/5m30.0s
load-k6-1  | 
load-k6-1  | 
load-k6-1  | running (1m33.0s), 30/30 VUs, 17976 complete and 0 interrupted iterations
load-k6-1  | fspiopTransfers   [  28% ] 30/30 VUs  1m33.0s/5m30.0s
load-k6-1  | 
load-k6-1  | 
load-k6-1  | running (1m34.0s), 30/30 VUs, 18193 complete and 0 interrupted iterations
load-k6-1  | fspiopTransfers   [  28% ] 30/30 VUs  1m34.0s/5m30.0s
load-k6-1  | 
load-k6-1  | 
load-k6-1  | running (1m35.0s), 30/30 VUs, 18414 complete and 0 interrupted iterations
load-k6-1  | fspiopTransfers   [  29% ] 30/30 VUs  1m35.0s/5m30.0s
load-k6-1  | 
load-k6-1  | 
load-k6-1  | running (1m36.0s), 30/30 VUs, 18638 complete and 0 interrupted iterations
load-k6-1  | fspiopTransfers   [  29% ] 30/30 VUs  1m36.0s/5m30.0s
load-k6-1  | 
load-k6-1  | 
load-k6-1  | running (1m37.0s), 30/30 VUs, 18866 complete and 0 interrupted iterations
load-k6-1  | fspiopTransfers   [  29% ] 30/30 VUs  1m37.0s/5m30.0s
load-k6-1  | 
load-k6-1  | 
load-k6-1  | running (1m38.0s), 30/30 VUs, 19089 complete and 0 interrupted iterations
load-k6-1  | fspiopTransfers   [  30% ] 30/30 VUs  1m38.0s/5m30.0s
load-k6-1  | 
load-k6-1  | 
load-k6-1  | running (1m39.0s), 30/30 VUs, 19317 complete and 0 interrupted iterations
load-k6-1  | fspiopTransfers   [  30% ] 30/30 VUs  1m39.0s/5m30.0s
load-k6-1  | 
load-k6-1  | 
load-k6-1  | running (1m40.0s), 30/30 VUs, 19549 complete and 0 interrupted iterations
load-k6-1  | fspiopTransfers   [  30% ] 30/30 VUs  1m40.0s/5m30.0s
load-k6-1  | 
load-k6-1  | 
load-k6-1  | running (1m41.0s), 30/30 VUs, 19786 complete and 0 interrupted iterations
load-k6-1  | fspiopTransfers   [  31% ] 30/30 VUs  1m41.0s/5m30.0s
load-k6-1  | 
load-k6-1  | 
load-k6-1  | running (1m42.0s), 30/30 VUs, 20012 complete and 0 interrupted iterations
load-k6-1  | fspiopTransfers   [  31% ] 30/30 VUs  1m42.0s/5m30.0s
load-k6-1  | 
load-k6-1  | 
load-k6-1  | running (1m43.0s), 30/30 VUs, 20228 complete and 0 interrupted iterations
load-k6-1  | fspiopTransfers   [  31% ] 30/30 VUs  1m43.0s/5m30.0s
load-k6-1  | 
load-k6-1  | 
load-k6-1  | running (1m44.0s), 30/30 VUs, 20460 complete and 0 interrupted iterations
load-k6-1  | fspiopTransfers   [  32% ] 30/30 VUs  1m44.0s/5m30.0s
load-k6-1  | 
load-k6-1  | 
load-k6-1  | running (1m45.0s), 30/30 VUs, 20683 complete and 0 interrupted iterations
load-k6-1  | fspiopTransfers   [  32% ] 30/30 VUs  1m45.0s/5m30.0s
load-k6-1  | 
load-k6-1  | 
load-k6-1  | running (1m46.0s), 30/30 VUs, 20908 complete and 0 interrupted iterations
load-k6-1  | fspiopTransfers   [  32% ] 30/30 VUs  1m46.0s/5m30.0s
load-k6-1  | 
load-k6-1  | 
load-k6-1  | running (1m47.0s), 30/30 VUs, 21133 complete and 0 interrupted iterations
load-k6-1  | fspiopTransfers   [  32% ] 30/30 VUs  1m47.0s/5m30.0s
load-k6-1  | 
load-k6-1  | 
load-k6-1  | running (1m48.0s), 30/30 VUs, 21358 complete and 0 interrupted iterations
load-k6-1  | fspiopTransfers   [  33% ] 30/30 VUs  1m48.0s/5m30.0s
load-k6-1  | 
load-k6-1  | 
load-k6-1  | running (1m49.0s), 30/30 VUs, 21593 complete and 0 interrupted iterations
load-k6-1  | fspiopTransfers   [  33% ] 30/30 VUs  1m49.0s/5m30.0s
load-k6-1  | 
load-k6-1  | 
load-k6-1  | running (1m50.0s), 30/30 VUs, 21821 complete and 0 interrupted iterations
load-k6-1  | fspiopTransfers   [  33% ] 30/30 VUs  1m50.0s/5m30.0s
load-k6-1  | 
load-k6-1  | 
load-k6-1  | running (1m51.0s), 30/30 VUs, 22041 complete and 0 interrupted iterations
load-k6-1  | fspiopTransfers   [  34% ] 30/30 VUs  1m51.0s/5m30.0s
load-k6-1  | 
load-k6-1  | 
load-k6-1  | running (1m52.0s), 30/30 VUs, 22258 complete and 0 interrupted iterations
load-k6-1  | fspiopTransfers   [  34% ] 30/30 VUs  1m52.0s/5m30.0s
load-k6-1  | 
load-k6-1  | 
load-k6-1  | running (1m53.0s), 30/30 VUs, 22490 complete and 0 interrupted iterations
load-k6-1  | fspiopTransfers   [  34% ] 30/30 VUs  1m53.0s/5m30.0s
load-k6-1  | 
load-k6-1  | 
load-k6-1  | running (1m54.0s), 30/30 VUs, 22731 complete and 0 interrupted iterations
load-k6-1  | fspiopTransfers   [  35% ] 30/30 VUs  1m54.0s/5m30.0s
load-k6-1  | 
load-k6-1  | 
load-k6-1  | running (1m55.0s), 30/30 VUs, 22961 complete and 0 interrupted iterations
load-k6-1  | fspiopTransfers   [  35% ] 30/30 VUs  1m55.0s/5m30.0s
load-k6-1  | 
load-k6-1  | 
load-k6-1  | running (1m56.0s), 30/30 VUs, 23190 complete and 0 interrupted iterations
load-k6-1  | fspiopTransfers   [  35% ] 30/30 VUs  1m56.0s/5m30.0s
load-k6-1  | 
load-k6-1  | 
load-k6-1  | running (1m57.0s), 30/30 VUs, 23422 complete and 0 interrupted iterations
load-k6-1  | fspiopTransfers   [  35% ] 30/30 VUs  1m57.0s/5m30.0s
load-k6-1  | 
load-k6-1  | 
load-k6-1  | running (1m58.0s), 30/30 VUs, 23649 complete and 0 interrupted iterations
load-k6-1  | fspiopTransfers   [  36% ] 30/30 VUs  1m58.0s/5m30.0s
load-k6-1  | 
load-k6-1  | 
load-k6-1  | running (1m59.0s), 30/30 VUs, 23880 complete and 0 interrupted iterations
load-k6-1  | fspiopTransfers   [  36% ] 30/30 VUs  1m59.0s/5m30.0s
load-k6-1  | 
load-k6-1  | 
load-k6-1  | running (2m00.0s), 30/30 VUs, 24097 complete and 0 interrupted iterations
load-k6-1  | fspiopTransfers   [  36% ] 30/30 VUs  2m00.0s/5m30.0s
load-k6-1  | 
load-k6-1  | 
load-k6-1  | running (2m01.0s), 30/30 VUs, 24330 complete and 0 interrupted iterations
load-k6-1  | fspiopTransfers   [  37% ] 30/30 VUs  2m01.0s/5m30.0s
load-k6-1  | 
load-k6-1  | 
load-k6-1  | running (2m02.0s), 30/30 VUs, 24562 complete and 0 interrupted iterations
load-k6-1  | fspiopTransfers   [  37% ] 30/30 VUs  2m02.0s/5m30.0s
load-k6-1  | 
load-k6-1  | 
load-k6-1  | running (2m03.0s), 30/30 VUs, 24786 complete and 0 interrupted iterations
load-k6-1  | fspiopTransfers   [  37% ] 30/30 VUs  2m03.0s/5m30.0s
load-k6-1  | 
load-k6-1  | 
load-k6-1  | running (2m04.0s), 30/30 VUs, 25016 complete and 0 interrupted iterations
load-k6-1  | fspiopTransfers   [  38% ] 30/30 VUs  2m04.0s/5m30.0s
load-k6-1  | 
load-k6-1  | 
load-k6-1  | running (2m05.0s), 30/30 VUs, 25248 complete and 0 interrupted iterations
load-k6-1  | fspiopTransfers   [  38% ] 30/30 VUs  2m05.0s/5m30.0s
load-k6-1  | 
load-k6-1  | 
load-k6-1  | running (2m06.0s), 30/30 VUs, 25467 complete and 0 interrupted iterations
load-k6-1  | fspiopTransfers   [  38% ] 30/30 VUs  2m06.0s/5m30.0s
load-k6-1  | 
load-k6-1  | 
load-k6-1  | running (2m07.0s), 30/30 VUs, 25700 complete and 0 interrupted iterations
load-k6-1  | fspiopTransfers   [  38% ] 30/30 VUs  2m07.0s/5m30.0s
load-k6-1  | 
load-k6-1  | 
load-k6-1  | running (2m08.0s), 30/30 VUs, 25947 complete and 0 interrupted iterations
load-k6-1  | fspiopTransfers   [  39% ] 30/30 VUs  2m08.0s/5m30.0s
load-k6-1  | 
load-k6-1  | 
load-k6-1  | running (2m09.0s), 30/30 VUs, 26158 complete and 0 interrupted iterations
load-k6-1  | fspiopTransfers   [  39% ] 30/30 VUs  2m09.0s/5m30.0s
load-k6-1  | 
load-k6-1  | 
load-k6-1  | running (2m10.0s), 30/30 VUs, 26398 complete and 0 interrupted iterations
load-k6-1  | fspiopTransfers   [  39% ] 30/30 VUs  2m10.0s/5m30.0s
load-k6-1  | 
load-k6-1  | 
load-k6-1  | running (2m11.0s), 30/30 VUs, 26630 complete and 0 interrupted iterations
load-k6-1  | fspiopTransfers   [  40% ] 30/30 VUs  2m11.0s/5m30.0s
load-k6-1  | 
load-k6-1  | 
load-k6-1  | running (2m12.0s), 30/30 VUs, 26859 complete and 0 interrupted iterations
load-k6-1  | fspiopTransfers   [  40% ] 30/30 VUs  2m12.0s/5m30.0s
load-k6-1  | 
load-k6-1  | 
load-k6-1  | running (2m13.0s), 30/30 VUs, 27095 complete and 0 interrupted iterations
load-k6-1  | fspiopTransfers   [  40% ] 30/30 VUs  2m13.0s/5m30.0s
load-k6-1  | 
load-k6-1  | 
load-k6-1  | running (2m14.0s), 30/30 VUs, 27325 complete and 0 interrupted iterations
load-k6-1  | fspiopTransfers   [  41% ] 30/30 VUs  2m14.0s/5m30.0s
load-k6-1  | 
load-k6-1  | 
load-k6-1  | running (2m15.0s), 30/30 VUs, 27532 complete and 0 interrupted iterations
load-k6-1  | fspiopTransfers   [  41% ] 30/30 VUs  2m15.0s/5m30.0s
load-k6-1  | 
load-k6-1  | 
load-k6-1  | running (2m16.0s), 30/30 VUs, 27748 complete and 0 interrupted iterations
load-k6-1  | fspiopTransfers   [  41% ] 30/30 VUs  2m16.0s/5m30.0s
load-k6-1  | 
load-k6-1  | 
load-k6-1  | running (2m17.0s), 30/30 VUs, 27973 complete and 0 interrupted iterations
load-k6-1  | fspiopTransfers   [  42% ] 30/30 VUs  2m17.0s/5m30.0s
load-k6-1  | 
load-k6-1  | 
load-k6-1  | running (2m18.0s), 30/30 VUs, 28206 complete and 0 interrupted iterations
load-k6-1  | fspiopTransfers   [  42% ] 30/30 VUs  2m18.0s/5m30.0s
load-k6-1  | 
load-k6-1  | 
load-k6-1  | running (2m19.0s), 30/30 VUs, 28439 complete and 0 interrupted iterations
load-k6-1  | fspiopTransfers   [  42% ] 30/30 VUs  2m19.0s/5m30.0s
load-k6-1  | 
load-k6-1  | 
load-k6-1  | running (2m20.0s), 30/30 VUs, 28679 complete and 0 interrupted iterations
load-k6-1  | fspiopTransfers   [  42% ] 30/30 VUs  2m20.0s/5m30.0s
load-k6-1  | 
load-k6-1  | 
load-k6-1  | running (2m21.0s), 30/30 VUs, 28908 complete and 0 interrupted iterations
load-k6-1  | fspiopTransfers   [  43% ] 30/30 VUs  2m21.0s/5m30.0s
load-k6-1  | 
load-k6-1  | 
load-k6-1  | running (2m22.0s), 30/30 VUs, 29147 complete and 0 interrupted iterations
load-k6-1  | fspiopTransfers   [  43% ] 30/30 VUs  2m22.0s/5m30.0s
load-k6-1  | 
load-k6-1  | 
load-k6-1  | running (2m23.0s), 30/30 VUs, 29370 complete and 0 interrupted iterations
load-k6-1  | fspiopTransfers   [  43% ] 30/30 VUs  2m23.0s/5m30.0s
load-k6-1  | 
load-k6-1  | 
load-k6-1  | running (2m24.0s), 30/30 VUs, 29606 complete and 0 interrupted iterations
load-k6-1  | fspiopTransfers   [  44% ] 30/30 VUs  2m24.0s/5m30.0s
load-k6-1  | 
load-k6-1  | 
load-k6-1  | running (2m25.0s), 30/30 VUs, 29841 complete and 0 interrupted iterations
load-k6-1  | fspiopTransfers   [  44% ] 30/30 VUs  2m25.0s/5m30.0s
load-k6-1  | 
load-k6-1  | 
load-k6-1  | running (2m26.0s), 30/30 VUs, 30070 complete and 0 interrupted iterations
load-k6-1  | fspiopTransfers   [  44% ] 30/30 VUs  2m26.0s/5m30.0s
load-k6-1  | 
load-k6-1  | 
load-k6-1  | running (2m27.0s), 30/30 VUs, 30302 complete and 0 interrupted iterations
load-k6-1  | fspiopTransfers   [  45% ] 30/30 VUs  2m27.0s/5m30.0s
load-k6-1  | 
load-k6-1  | 
load-k6-1  | running (2m28.0s), 30/30 VUs, 30532 complete and 0 interrupted iterations
load-k6-1  | fspiopTransfers   [  45% ] 30/30 VUs  2m28.0s/5m30.0s
load-k6-1  | 
load-k6-1  | 
load-k6-1  | running (2m29.0s), 30/30 VUs, 30766 complete and 0 interrupted iterations
load-k6-1  | fspiopTransfers   [  45% ] 30/30 VUs  2m29.0s/5m30.0s
load-k6-1  | 
load-k6-1  | 
load-k6-1  | running (2m30.0s), 30/30 VUs, 31008 complete and 0 interrupted iterations
load-k6-1  | fspiopTransfers   [  45% ] 30/30 VUs  2m30.0s/5m30.0s
load-k6-1  | 
load-k6-1  | 
load-k6-1  | running (2m31.0s), 30/30 VUs, 31238 complete and 0 interrupted iterations
load-k6-1  | fspiopTransfers   [  46% ] 30/30 VUs  2m31.0s/5m30.0s
load-k6-1  | 
load-k6-1  | 
load-k6-1  | running (2m32.0s), 30/30 VUs, 31475 complete and 0 interrupted iterations
load-k6-1  | fspiopTransfers   [  46% ] 30/30 VUs  2m32.0s/5m30.0s
load-k6-1  | 
load-k6-1  | 
load-k6-1  | running (2m33.0s), 30/30 VUs, 31704 complete and 0 interrupted iterations
load-k6-1  | fspiopTransfers   [  46% ] 30/30 VUs  2m33.0s/5m30.0s
load-k6-1  | 
load-k6-1  | 
load-k6-1  | running (2m34.0s), 30/30 VUs, 31930 complete and 0 interrupted iterations
load-k6-1  | fspiopTransfers   [  47% ] 30/30 VUs  2m34.0s/5m30.0s
load-k6-1  | 
load-k6-1  | 
load-k6-1  | running (2m35.0s), 30/30 VUs, 32160 complete and 0 interrupted iterations
load-k6-1  | fspiopTransfers   [  47% ] 30/30 VUs  2m35.0s/5m30.0s
load-k6-1  | 
load-k6-1  | 
load-k6-1  | running (2m36.0s), 30/30 VUs, 32384 complete and 0 interrupted iterations
load-k6-1  | fspiopTransfers   [  47% ] 30/30 VUs  2m36.0s/5m30.0s
load-k6-1  | 
load-k6-1  | 
load-k6-1  | running (2m37.0s), 30/30 VUs, 32623 complete and 0 interrupted iterations
load-k6-1  | fspiopTransfers   [  48% ] 30/30 VUs  2m37.0s/5m30.0s
load-k6-1  | 
load-k6-1  | 
load-k6-1  | running (2m38.0s), 30/30 VUs, 32856 complete and 0 interrupted iterations
load-k6-1  | fspiopTransfers   [  48% ] 30/30 VUs  2m38.0s/5m30.0s
load-k6-1  | 
load-k6-1  | 
load-k6-1  | running (2m39.0s), 30/30 VUs, 33085 complete and 0 interrupted iterations
load-k6-1  | fspiopTransfers   [  48% ] 30/30 VUs  2m39.0s/5m30.0s
load-k6-1  | 
load-k6-1  | 
load-k6-1  | running (2m40.0s), 30/30 VUs, 33326 complete and 0 interrupted iterations
load-k6-1  | fspiopTransfers   [  48% ] 30/30 VUs  2m40.0s/5m30.0s
load-k6-1  | 
load-k6-1  | 
load-k6-1  | running (2m41.0s), 30/30 VUs, 33545 complete and 0 interrupted iterations
load-k6-1  | fspiopTransfers   [  49% ] 30/30 VUs  2m41.0s/5m30.0s
load-k6-1  | 
load-k6-1  | 
load-k6-1  | running (2m42.0s), 30/30 VUs, 33783 complete and 0 interrupted iterations
load-k6-1  | fspiopTransfers   [  49% ] 30/30 VUs  2m42.0s/5m30.0s
load-k6-1  | 
load-k6-1  | 
load-k6-1  | running (2m43.0s), 30/30 VUs, 34021 complete and 0 interrupted iterations
load-k6-1  | fspiopTransfers   [  49% ] 30/30 VUs  2m43.0s/5m30.0s
load-k6-1  | 
load-k6-1  | 
load-k6-1  | running (2m44.0s), 30/30 VUs, 34254 complete and 0 interrupted iterations
load-k6-1  | fspiopTransfers   [  50% ] 30/30 VUs  2m44.0s/5m30.0s
load-k6-1  | 
load-k6-1  | 
load-k6-1  | running (2m45.0s), 30/30 VUs, 34490 complete and 0 interrupted iterations
load-k6-1  | fspiopTransfers   [  50% ] 30/30 VUs  2m45.0s/5m30.0s
load-k6-1  | 
load-k6-1  | 
load-k6-1  | running (2m46.0s), 30/30 VUs, 34705 complete and 0 interrupted iterations
load-k6-1  | fspiopTransfers   [  50% ] 30/30 VUs  2m46.0s/5m30.0s
load-k6-1  | 
load-k6-1  | 
load-k6-1  | running (2m47.0s), 30/30 VUs, 34922 complete and 0 interrupted iterations
load-k6-1  | fspiopTransfers   [  51% ] 30/30 VUs  2m47.0s/5m30.0s
load-k6-1  | 
load-k6-1  | 
load-k6-1  | running (2m48.0s), 30/30 VUs, 35132 complete and 0 interrupted iterations
load-k6-1  | fspiopTransfers   [  51% ] 30/30 VUs  2m48.0s/5m30.0s
load-k6-1  | 
load-k6-1  | 
load-k6-1  | running (2m49.0s), 30/30 VUs, 35357 complete and 0 interrupted iterations
load-k6-1  | fspiopTransfers   [  51% ] 30/30 VUs  2m49.0s/5m30.0s
load-k6-1  | 
load-k6-1  | 
load-k6-1  | running (2m50.0s), 30/30 VUs, 35580 complete and 0 interrupted iterations
load-k6-1  | fspiopTransfers   [  52% ] 30/30 VUs  2m50.0s/5m30.0s
load-k6-1  | 
load-k6-1  | 
load-k6-1  | running (2m51.0s), 30/30 VUs, 35815 complete and 0 interrupted iterations
load-k6-1  | fspiopTransfers   [  52% ] 30/30 VUs  2m51.0s/5m30.0s
load-k6-1  | 
load-k6-1  | 
load-k6-1  | running (2m52.0s), 30/30 VUs, 36043 complete and 0 interrupted iterations
load-k6-1  | fspiopTransfers   [  52% ] 30/30 VUs  2m52.0s/5m30.0s
load-k6-1  | 
load-k6-1  | 
load-k6-1  | running (2m53.0s), 30/30 VUs, 36286 complete and 0 interrupted iterations
load-k6-1  | fspiopTransfers   [  52% ] 30/30 VUs  2m53.0s/5m30.0s
load-k6-1  | 
load-k6-1  | 
load-k6-1  | running (2m54.0s), 30/30 VUs, 36516 complete and 0 interrupted iterations
load-k6-1  | fspiopTransfers   [  53% ] 30/30 VUs  2m54.0s/5m30.0s
load-k6-1  | 
load-k6-1  | 
load-k6-1  | running (2m55.0s), 30/30 VUs, 36738 complete and 0 interrupted iterations
load-k6-1  | fspiopTransfers   [  53% ] 30/30 VUs  2m55.0s/5m30.0s
load-k6-1  | 
load-k6-1  | 
load-k6-1  | running (2m56.0s), 30/30 VUs, 36956 complete and 0 interrupted iterations
load-k6-1  | fspiopTransfers   [  53% ] 30/30 VUs  2m56.0s/5m30.0s
load-k6-1  | 
load-k6-1  | 
load-k6-1  | running (2m57.0s), 30/30 VUs, 37187 complete and 0 interrupted iterations
load-k6-1  | fspiopTransfers   [  54% ] 30/30 VUs  2m57.0s/5m30.0s
load-k6-1  | 
load-k6-1  | 
load-k6-1  | running (2m58.0s), 30/30 VUs, 37420 complete and 0 interrupted iterations
load-k6-1  | fspiopTransfers   [  54% ] 30/30 VUs  2m58.0s/5m30.0s
load-k6-1  | 
load-k6-1  | 
load-k6-1  | running (2m59.0s), 30/30 VUs, 37666 complete and 0 interrupted iterations
load-k6-1  | fspiopTransfers   [  54% ] 30/30 VUs  2m59.0s/5m30.0s
load-k6-1  | 
load-k6-1  | 
load-k6-1  | running (3m00.0s), 30/30 VUs, 37902 complete and 0 interrupted iterations
load-k6-1  | fspiopTransfers   [  55% ] 30/30 VUs  3m00.0s/5m30.0s
load-k6-1  | 
load-k6-1  | 
load-k6-1  | running (3m01.0s), 30/30 VUs, 38135 complete and 0 interrupted iterations
load-k6-1  | fspiopTransfers   [  55% ] 30/30 VUs  3m01.0s/5m30.0s
load-k6-1  | 
load-k6-1  | 
load-k6-1  | running (3m02.0s), 30/30 VUs, 38364 complete and 0 interrupted iterations
load-k6-1  | fspiopTransfers   [  55% ] 30/30 VUs  3m02.0s/5m30.0s
load-k6-1  | 
load-k6-1  | 
load-k6-1  | running (3m03.0s), 30/30 VUs, 38597 complete and 0 interrupted iterations
load-k6-1  | fspiopTransfers   [  55% ] 30/30 VUs  3m03.0s/5m30.0s
load-k6-1  | 
load-k6-1  | 
load-k6-1  | running (3m04.0s), 30/30 VUs, 38824 complete and 0 interrupted iterations
load-k6-1  | fspiopTransfers   [  56% ] 30/30 VUs  3m04.0s/5m30.0s
load-k6-1  | 
load-k6-1  | 
load-k6-1  | running (3m05.0s), 30/30 VUs, 39056 complete and 0 interrupted iterations
load-k6-1  | fspiopTransfers   [  56% ] 30/30 VUs  3m05.0s/5m30.0s
load-k6-1  | 
load-k6-1  | 
load-k6-1  | running (3m06.0s), 30/30 VUs, 39252 complete and 0 interrupted iterations
load-k6-1  | fspiopTransfers   [  56% ] 30/30 VUs  3m06.0s/5m30.0s
load-k6-1  | 
load-k6-1  | 
load-k6-1  | running (3m07.0s), 30/30 VUs, 39479 complete and 0 interrupted iterations
load-k6-1  | fspiopTransfers   [  57% ] 30/30 VUs  3m07.0s/5m30.0s
load-k6-1  | 
load-k6-1  | 
load-k6-1  | running (3m08.0s), 30/30 VUs, 39720 complete and 0 interrupted iterations
load-k6-1  | fspiopTransfers   [  57% ] 30/30 VUs  3m08.0s/5m30.0s
load-k6-1  | 
load-k6-1  | 
load-k6-1  | running (3m09.0s), 30/30 VUs, 39958 complete and 0 interrupted iterations
load-k6-1  | fspiopTransfers   [  57% ] 30/30 VUs  3m09.0s/5m30.0s
load-k6-1  | 
load-k6-1  | 
load-k6-1  | running (3m10.0s), 30/30 VUs, 40195 complete and 0 interrupted iterations
load-k6-1  | fspiopTransfers   [  58% ] 30/30 VUs  3m10.0s/5m30.0s
load-k6-1  | 
load-k6-1  | 
load-k6-1  | running (3m11.0s), 30/30 VUs, 40426 complete and 0 interrupted iterations
load-k6-1  | fspiopTransfers   [  58% ] 30/30 VUs  3m11.0s/5m30.0s
load-k6-1  | 
load-k6-1  | 
load-k6-1  | running (3m12.0s), 30/30 VUs, 40656 complete and 0 interrupted iterations
load-k6-1  | fspiopTransfers   [  58% ] 30/30 VUs  3m12.0s/5m30.0s
load-k6-1  | 
load-k6-1  | 
load-k6-1  | running (3m13.0s), 30/30 VUs, 40896 complete and 0 interrupted iterations
load-k6-1  | fspiopTransfers   [  58% ] 30/30 VUs  3m13.0s/5m30.0s
load-k6-1  | 
load-k6-1  | 
load-k6-1  | running (3m14.0s), 30/30 VUs, 41130 complete and 0 interrupted iterations
load-k6-1  | fspiopTransfers   [  59% ] 30/30 VUs  3m14.0s/5m30.0s
load-k6-1  | 
load-k6-1  | 
load-k6-1  | running (3m15.0s), 30/30 VUs, 41362 complete and 0 interrupted iterations
load-k6-1  | fspiopTransfers   [  59% ] 30/30 VUs  3m15.0s/5m30.0s
load-k6-1  | 
load-k6-1  | 
load-k6-1  | running (3m16.0s), 30/30 VUs, 41589 complete and 0 interrupted iterations
load-k6-1  | fspiopTransfers   [  59% ] 30/30 VUs  3m16.0s/5m30.0s
load-k6-1  | 
load-k6-1  | 
load-k6-1  | running (3m17.0s), 30/30 VUs, 41809 complete and 0 interrupted iterations
load-k6-1  | fspiopTransfers   [  60% ] 30/30 VUs  3m17.0s/5m30.0s
load-k6-1  | 
load-k6-1  | 
load-k6-1  | running (3m18.0s), 30/30 VUs, 42031 complete and 0 interrupted iterations
load-k6-1  | fspiopTransfers   [  60% ] 30/30 VUs  3m18.0s/5m30.0s
load-k6-1  | 
load-k6-1  | 
load-k6-1  | running (3m19.0s), 30/30 VUs, 42257 complete and 0 interrupted iterations
load-k6-1  | fspiopTransfers   [  60% ] 30/30 VUs  3m19.0s/5m30.0s
load-k6-1  | 
load-k6-1  | 
load-k6-1  | running (3m20.0s), 30/30 VUs, 42462 complete and 0 interrupted iterations
load-k6-1  | fspiopTransfers   [  61% ] 30/30 VUs  3m20.0s/5m30.0s
load-k6-1  | 
load-k6-1  | 
load-k6-1  | running (3m21.0s), 30/30 VUs, 42679 complete and 0 interrupted iterations
load-k6-1  | fspiopTransfers   [  61% ] 30/30 VUs  3m21.0s/5m30.0s
load-k6-1  | 
load-k6-1  | 
load-k6-1  | running (3m22.0s), 30/30 VUs, 42912 complete and 0 interrupted iterations
load-k6-1  | fspiopTransfers   [  61% ] 30/30 VUs  3m22.0s/5m30.0s
load-k6-1  | 
load-k6-1  | 
load-k6-1  | running (3m23.0s), 30/30 VUs, 43145 complete and 0 interrupted iterations
load-k6-1  | fspiopTransfers   [  62% ] 30/30 VUs  3m23.0s/5m30.0s
load-k6-1  | 
load-k6-1  | 
load-k6-1  | running (3m24.0s), 30/30 VUs, 43372 complete and 0 interrupted iterations
load-k6-1  | fspiopTransfers   [  62% ] 30/30 VUs  3m24.0s/5m30.0s
load-k6-1  | 
load-k6-1  | 
load-k6-1  | running (3m25.0s), 30/30 VUs, 43590 complete and 0 interrupted iterations
load-k6-1  | fspiopTransfers   [  62% ] 30/30 VUs  3m25.0s/5m30.0s
load-k6-1  | 
load-k6-1  | 
load-k6-1  | running (3m26.0s), 30/30 VUs, 43826 complete and 0 interrupted iterations
load-k6-1  | fspiopTransfers   [  62% ] 30/30 VUs  3m26.0s/5m30.0s
load-k6-1  | 
load-k6-1  | 
load-k6-1  | running (3m27.0s), 30/30 VUs, 44051 complete and 0 interrupted iterations
load-k6-1  | fspiopTransfers   [  63% ] 30/30 VUs  3m27.0s/5m30.0s
load-k6-1  | 
load-k6-1  | 
load-k6-1  | running (3m28.0s), 30/30 VUs, 44279 complete and 0 interrupted iterations
load-k6-1  | fspiopTransfers   [  63% ] 30/30 VUs  3m28.0s/5m30.0s
load-k6-1  | 
load-k6-1  | 
load-k6-1  | running (3m29.0s), 30/30 VUs, 44500 complete and 0 interrupted iterations
load-k6-1  | fspiopTransfers   [  63% ] 30/30 VUs  3m29.0s/5m30.0s
load-k6-1  | 
load-k6-1  | 
load-k6-1  | running (3m30.0s), 30/30 VUs, 44730 complete and 0 interrupted iterations
load-k6-1  | fspiopTransfers   [  64% ] 30/30 VUs  3m30.0s/5m30.0s
load-k6-1  | 
load-k6-1  | 
load-k6-1  | running (3m31.0s), 30/30 VUs, 44959 complete and 0 interrupted iterations
load-k6-1  | fspiopTransfers   [  64% ] 30/30 VUs  3m31.0s/5m30.0s
load-k6-1  | 
load-k6-1  | 
load-k6-1  | running (3m32.0s), 30/30 VUs, 45186 complete and 0 interrupted iterations
load-k6-1  | fspiopTransfers   [  64% ] 30/30 VUs  3m32.0s/5m30.0s
load-k6-1  | 
load-k6-1  | 
load-k6-1  | running (3m33.0s), 30/30 VUs, 45424 complete and 0 interrupted iterations
load-k6-1  | fspiopTransfers   [  65% ] 30/30 VUs  3m33.0s/5m30.0s
load-k6-1  | 
load-k6-1  | 
load-k6-1  | running (3m34.0s), 30/30 VUs, 45654 complete and 0 interrupted iterations
load-k6-1  | fspiopTransfers   [  65% ] 30/30 VUs  3m34.0s/5m30.0s
load-k6-1  | 
load-k6-1  | 
load-k6-1  | running (3m35.0s), 30/30 VUs, 45878 complete and 0 interrupted iterations
load-k6-1  | fspiopTransfers   [  65% ] 30/30 VUs  3m35.0s/5m30.0s
load-k6-1  | 
load-k6-1  | 
load-k6-1  | running (3m36.0s), 30/30 VUs, 46106 complete and 0 interrupted iterations
load-k6-1  | fspiopTransfers   [  65% ] 30/30 VUs  3m36.0s/5m30.0s
load-k6-1  | 
load-k6-1  | 
load-k6-1  | running (3m37.0s), 30/30 VUs, 46336 complete and 0 interrupted iterations
load-k6-1  | fspiopTransfers   [  66% ] 30/30 VUs  3m37.0s/5m30.0s
load-k6-1  | 
load-k6-1  | 
load-k6-1  | running (3m38.0s), 30/30 VUs, 46544 complete and 0 interrupted iterations
load-k6-1  | fspiopTransfers   [  66% ] 30/30 VUs  3m38.0s/5m30.0s
load-k6-1  | 
load-k6-1  | 
load-k6-1  | running (3m39.0s), 30/30 VUs, 46776 complete and 0 interrupted iterations
load-k6-1  | fspiopTransfers   [  66% ] 30/30 VUs  3m39.0s/5m30.0s
load-k6-1  | 
load-k6-1  | 
load-k6-1  | running (3m40.0s), 30/30 VUs, 47014 complete and 0 interrupted iterations
load-k6-1  | fspiopTransfers   [  67% ] 30/30 VUs  3m40.0s/5m30.0s
load-k6-1  | 
load-k6-1  | 
load-k6-1  | running (3m41.0s), 30/30 VUs, 47245 complete and 0 interrupted iterations
load-k6-1  | fspiopTransfers   [  67% ] 30/30 VUs  3m41.0s/5m30.0s
load-k6-1  | 
load-k6-1  | 
load-k6-1  | running (3m42.0s), 30/30 VUs, 47479 complete and 0 interrupted iterations
load-k6-1  | fspiopTransfers   [  67% ] 30/30 VUs  3m42.0s/5m30.0s
load-k6-1  | 
load-k6-1  | 
load-k6-1  | running (3m43.0s), 30/30 VUs, 47703 complete and 0 interrupted iterations
load-k6-1  | fspiopTransfers   [  68% ] 30/30 VUs  3m43.0s/5m30.0s
load-k6-1  | 
load-k6-1  | 
load-k6-1  | running (3m44.0s), 30/30 VUs, 47933 complete and 0 interrupted iterations
load-k6-1  | fspiopTransfers   [  68% ] 30/30 VUs  3m44.0s/5m30.0s
load-k6-1  | 
load-k6-1  | 
load-k6-1  | running (3m45.0s), 30/30 VUs, 48161 complete and 0 interrupted iterations
load-k6-1  | fspiopTransfers   [  68% ] 30/30 VUs  3m45.0s/5m30.0s
load-k6-1  | 
load-k6-1  | 
load-k6-1  | running (3m46.0s), 30/30 VUs, 48383 complete and 0 interrupted iterations
load-k6-1  | fspiopTransfers   [  68% ] 30/30 VUs  3m46.0s/5m30.0s
load-k6-1  | 
load-k6-1  | 
load-k6-1  | running (3m47.0s), 30/30 VUs, 48602 complete and 0 interrupted iterations
load-k6-1  | fspiopTransfers   [  69% ] 30/30 VUs  3m47.0s/5m30.0s
load-k6-1  | 
load-k6-1  | 
load-k6-1  | running (3m48.0s), 30/30 VUs, 48824 complete and 0 interrupted iterations
load-k6-1  | fspiopTransfers   [  69% ] 30/30 VUs  3m48.0s/5m30.0s
load-k6-1  | 
load-k6-1  | 
load-k6-1  | running (3m49.0s), 30/30 VUs, 49046 complete and 0 interrupted iterations
load-k6-1  | fspiopTransfers   [  69% ] 30/30 VUs  3m49.0s/5m30.0s
load-k6-1  | 
load-k6-1  | 
load-k6-1  | running (3m50.0s), 30/30 VUs, 49285 complete and 0 interrupted iterations
load-k6-1  | fspiopTransfers   [  70% ] 30/30 VUs  3m50.0s/5m30.0s
load-k6-1  | 
load-k6-1  | 
load-k6-1  | running (3m51.0s), 30/30 VUs, 49503 complete and 0 interrupted iterations
load-k6-1  | fspiopTransfers   [  70% ] 30/30 VUs  3m51.0s/5m30.0s
load-k6-1  | 
load-k6-1  | 
load-k6-1  | running (3m52.0s), 30/30 VUs, 49720 complete and 0 interrupted iterations
load-k6-1  | fspiopTransfers   [  70% ] 30/30 VUs  3m52.0s/5m30.0s
load-k6-1  | 
load-k6-1  | 
load-k6-1  | running (3m53.0s), 30/30 VUs, 49945 complete and 0 interrupted iterations
load-k6-1  | fspiopTransfers   [  71% ] 30/30 VUs  3m53.0s/5m30.0s
load-k6-1  | 
load-k6-1  | 
load-k6-1  | running (3m54.0s), 30/30 VUs, 50180 complete and 0 interrupted iterations
load-k6-1  | fspiopTransfers   [  71% ] 30/30 VUs  3m54.0s/5m30.0s
load-k6-1  | 
load-k6-1  | 
load-k6-1  | running (3m55.0s), 30/30 VUs, 50414 complete and 0 interrupted iterations
load-k6-1  | fspiopTransfers   [  71% ] 30/30 VUs  3m55.0s/5m30.0s
load-k6-1  | 
load-k6-1  | 
load-k6-1  | running (3m56.0s), 30/30 VUs, 50647 complete and 0 interrupted iterations
load-k6-1  | fspiopTransfers   [  72% ] 30/30 VUs  3m56.0s/5m30.0s
load-k6-1  | 
load-k6-1  | 
load-k6-1  | running (3m57.0s), 30/30 VUs, 50884 complete and 0 interrupted iterations
load-k6-1  | fspiopTransfers   [  72% ] 30/30 VUs  3m57.0s/5m30.0s
load-k6-1  | 
load-k6-1  | 
load-k6-1  | running (3m58.0s), 30/30 VUs, 51119 complete and 0 interrupted iterations
load-k6-1  | fspiopTransfers   [  72% ] 30/30 VUs  3m58.0s/5m30.0s
load-k6-1  | 
load-k6-1  | 
load-k6-1  | running (3m59.0s), 30/30 VUs, 51347 complete and 0 interrupted iterations
load-k6-1  | fspiopTransfers   [  72% ] 30/30 VUs  3m59.0s/5m30.0s
load-k6-1  | 
load-k6-1  | 
load-k6-1  | running (4m00.0s), 30/30 VUs, 51588 complete and 0 interrupted iterations
load-k6-1  | fspiopTransfers   [  73% ] 30/30 VUs  4m00.0s/5m30.0s
load-k6-1  | 
load-k6-1  | 
load-k6-1  | running (4m01.0s), 30/30 VUs, 51823 complete and 0 interrupted iterations
load-k6-1  | fspiopTransfers   [  73% ] 30/30 VUs  4m01.0s/5m30.0s
load-k6-1  | 
load-k6-1  | 
load-k6-1  | running (4m02.0s), 30/30 VUs, 52062 complete and 0 interrupted iterations
load-k6-1  | fspiopTransfers   [  73% ] 30/30 VUs  4m02.0s/5m30.0s
load-k6-1  | 
load-k6-1  | 
load-k6-1  | running (4m03.0s), 30/30 VUs, 52304 complete and 0 interrupted iterations
load-k6-1  | fspiopTransfers   [  74% ] 30/30 VUs  4m03.0s/5m30.0s
load-k6-1  | 
load-k6-1  | 
load-k6-1  | running (4m04.0s), 30/30 VUs, 52542 complete and 0 interrupted iterations
load-k6-1  | fspiopTransfers   [  74% ] 30/30 VUs  4m04.0s/5m30.0s
load-k6-1  | 
load-k6-1  | 
load-k6-1  | running (4m05.0s), 30/30 VUs, 52781 complete and 0 interrupted iterations
load-k6-1  | fspiopTransfers   [  74% ] 30/30 VUs  4m05.0s/5m30.0s
load-k6-1  | 
load-k6-1  | 
load-k6-1  | running (4m06.0s), 30/30 VUs, 53003 complete and 0 interrupted iterations
load-k6-1  | fspiopTransfers   [  75% ] 30/30 VUs  4m06.0s/5m30.0s
load-k6-1  | 
load-k6-1  | 
load-k6-1  | running (4m07.0s), 30/30 VUs, 53240 complete and 0 interrupted iterations
load-k6-1  | fspiopTransfers   [  75% ] 30/30 VUs  4m07.0s/5m30.0s
load-k6-1  | 
load-k6-1  | 
load-k6-1  | running (4m08.0s), 30/30 VUs, 53468 complete and 0 interrupted iterations
load-k6-1  | fspiopTransfers   [  75% ] 30/30 VUs  4m08.0s/5m30.0s
load-k6-1  | 
load-k6-1  | 
load-k6-1  | running (4m09.0s), 30/30 VUs, 53697 complete and 0 interrupted iterations
load-k6-1  | fspiopTransfers   [  75% ] 30/30 VUs  4m09.0s/5m30.0s
load-k6-1  | 
load-k6-1  | 
load-k6-1  | running (4m10.0s), 30/30 VUs, 53933 complete and 0 interrupted iterations
load-k6-1  | fspiopTransfers   [  76% ] 30/30 VUs  4m10.0s/5m30.0s
load-k6-1  | 
load-k6-1  | 
load-k6-1  | running (4m11.0s), 30/30 VUs, 54167 complete and 0 interrupted iterations
load-k6-1  | fspiopTransfers   [  76% ] 30/30 VUs  4m11.0s/5m30.0s
load-k6-1  | 
load-k6-1  | 
load-k6-1  | running (4m12.0s), 30/30 VUs, 54404 complete and 0 interrupted iterations
load-k6-1  | fspiopTransfers   [  76% ] 30/30 VUs  4m12.0s/5m30.0s
load-k6-1  | 
load-k6-1  | 
load-k6-1  | running (4m13.0s), 30/30 VUs, 54634 complete and 0 interrupted iterations
load-k6-1  | fspiopTransfers   [  77% ] 30/30 VUs  4m13.0s/5m30.0s
load-k6-1  | 
load-k6-1  | 
load-k6-1  | running (4m14.0s), 30/30 VUs, 54868 complete and 0 interrupted iterations
load-k6-1  | fspiopTransfers   [  77% ] 30/30 VUs  4m14.0s/5m30.0s
load-k6-1  | 
load-k6-1  | 
load-k6-1  | running (4m15.0s), 30/30 VUs, 55098 complete and 0 interrupted iterations
load-k6-1  | fspiopTransfers   [  77% ] 30/30 VUs  4m15.0s/5m30.0s
load-k6-1  | 
load-k6-1  | 
load-k6-1  | running (4m16.0s), 30/30 VUs, 55332 complete and 0 interrupted iterations
load-k6-1  | fspiopTransfers   [  78% ] 30/30 VUs  4m16.0s/5m30.0s
load-k6-1  | 
load-k6-1  | 
load-k6-1  | running (4m17.0s), 30/30 VUs, 55563 complete and 0 interrupted iterations
load-k6-1  | fspiopTransfers   [  78% ] 30/30 VUs  4m17.0s/5m30.0s
load-k6-1  | 
load-k6-1  | 
load-k6-1  | running (4m18.0s), 30/30 VUs, 55803 complete and 0 interrupted iterations
load-k6-1  | fspiopTransfers   [  78% ] 30/30 VUs  4m18.0s/5m30.0s
load-k6-1  | 
load-k6-1  | 
load-k6-1  | running (4m19.0s), 30/30 VUs, 56038 complete and 0 interrupted iterations
load-k6-1  | fspiopTransfers   [  78% ] 30/30 VUs  4m19.0s/5m30.0s
load-k6-1  | 
load-k6-1  | 
load-k6-1  | running (4m20.0s), 30/30 VUs, 56261 complete and 0 interrupted iterations
load-k6-1  | fspiopTransfers   [  79% ] 30/30 VUs  4m20.0s/5m30.0s
load-k6-1  | 
load-k6-1  | 
load-k6-1  | running (4m21.0s), 30/30 VUs, 56490 complete and 0 interrupted iterations
load-k6-1  | fspiopTransfers   [  79% ] 30/30 VUs  4m21.0s/5m30.0s
load-k6-1  | 
load-k6-1  | 
load-k6-1  | running (4m22.0s), 30/30 VUs, 56730 complete and 0 interrupted iterations
load-k6-1  | fspiopTransfers   [  79% ] 30/30 VUs  4m22.0s/5m30.0s
load-k6-1  | 
load-k6-1  | 
load-k6-1  | running (4m23.0s), 30/30 VUs, 56960 complete and 0 interrupted iterations
load-k6-1  | fspiopTransfers   [  80% ] 30/30 VUs  4m23.0s/5m30.0s
load-k6-1  | 
load-k6-1  | 
load-k6-1  | running (4m24.0s), 30/30 VUs, 57177 complete and 0 interrupted iterations
load-k6-1  | fspiopTransfers   [  80% ] 30/30 VUs  4m24.0s/5m30.0s
load-k6-1  | 
load-k6-1  | 
load-k6-1  | running (4m25.0s), 30/30 VUs, 57404 complete and 0 interrupted iterations
load-k6-1  | fspiopTransfers   [  80% ] 30/30 VUs  4m25.0s/5m30.0s
load-k6-1  | 
load-k6-1  | 
load-k6-1  | running (4m26.0s), 30/30 VUs, 57624 complete and 0 interrupted iterations
load-k6-1  | fspiopTransfers   [  81% ] 30/30 VUs  4m26.0s/5m30.0s
load-k6-1  | 
load-k6-1  | 
load-k6-1  | running (4m27.0s), 30/30 VUs, 57863 complete and 0 interrupted iterations
load-k6-1  | fspiopTransfers   [  81% ] 30/30 VUs  4m27.0s/5m30.0s
load-k6-1  | 
load-k6-1  | 
load-k6-1  | running (4m28.0s), 30/30 VUs, 58091 complete and 0 interrupted iterations
load-k6-1  | fspiopTransfers   [  81% ] 30/30 VUs  4m28.0s/5m30.0s
load-k6-1  | 
load-k6-1  | 
load-k6-1  | running (4m29.0s), 30/30 VUs, 58317 complete and 0 interrupted iterations
load-k6-1  | fspiopTransfers   [  82% ] 30/30 VUs  4m29.0s/5m30.0s
load-k6-1  | 
load-k6-1  | 
load-k6-1  | running (4m30.0s), 30/30 VUs, 58553 complete and 0 interrupted iterations
load-k6-1  | fspiopTransfers   [  82% ] 30/30 VUs  4m30.0s/5m30.0s
load-k6-1  | 
load-k6-1  | 
load-k6-1  | running (4m31.0s), 30/30 VUs, 58786 complete and 0 interrupted iterations
load-k6-1  | fspiopTransfers   [  82% ] 30/30 VUs  4m31.0s/5m30.0s
load-k6-1  | 
load-k6-1  | 
load-k6-1  | running (4m32.0s), 30/30 VUs, 58998 complete and 0 interrupted iterations
load-k6-1  | fspiopTransfers   [  82% ] 30/30 VUs  4m32.0s/5m30.0s
load-k6-1  | 
load-k6-1  | 
load-k6-1  | running (4m33.0s), 30/30 VUs, 59228 complete and 0 interrupted iterations
load-k6-1  | fspiopTransfers   [  83% ] 30/30 VUs  4m33.0s/5m30.0s
load-k6-1  | 
load-k6-1  | 
load-k6-1  | running (4m34.0s), 30/30 VUs, 59466 complete and 0 interrupted iterations
load-k6-1  | fspiopTransfers   [  83% ] 30/30 VUs  4m34.0s/5m30.0s
load-k6-1  | 
load-k6-1  | 
load-k6-1  | running (4m35.0s), 30/30 VUs, 59696 complete and 0 interrupted iterations
load-k6-1  | fspiopTransfers   [  83% ] 30/30 VUs  4m35.0s/5m30.0s
load-k6-1  | 
load-k6-1  | 
load-k6-1  | running (4m36.0s), 30/30 VUs, 59927 complete and 0 interrupted iterations
load-k6-1  | fspiopTransfers   [  84% ] 30/30 VUs  4m36.0s/5m30.0s
load-k6-1  | 
load-k6-1  | 
load-k6-1  | running (4m37.0s), 30/30 VUs, 60169 complete and 0 interrupted iterations
load-k6-1  | fspiopTransfers   [  84% ] 30/30 VUs  4m37.0s/5m30.0s
load-k6-1  | 
load-k6-1  | 
load-k6-1  | running (4m38.0s), 30/30 VUs, 60396 complete and 0 interrupted iterations
load-k6-1  | fspiopTransfers   [  84% ] 30/30 VUs  4m38.0s/5m30.0s
load-k6-1  | 
load-k6-1  | 
load-k6-1  | running (4m39.0s), 30/30 VUs, 60627 complete and 0 interrupted iterations
load-k6-1  | fspiopTransfers   [  85% ] 30/30 VUs  4m39.0s/5m30.0s
load-k6-1  | 
load-k6-1  | 
load-k6-1  | running (4m40.0s), 30/30 VUs, 60854 complete and 0 interrupted iterations
load-k6-1  | fspiopTransfers   [  85% ] 30/30 VUs  4m40.0s/5m30.0s
load-k6-1  | 
load-k6-1  | 
load-k6-1  | running (4m41.0s), 30/30 VUs, 61085 complete and 0 interrupted iterations
load-k6-1  | fspiopTransfers   [  85% ] 30/30 VUs  4m41.0s/5m30.0s
load-k6-1  | 
load-k6-1  | 
load-k6-1  | running (4m42.0s), 30/30 VUs, 61325 complete and 0 interrupted iterations
load-k6-1  | fspiopTransfers   [  85% ] 30/30 VUs  4m42.0s/5m30.0s
load-k6-1  | 
load-k6-1  | 
load-k6-1  | running (4m43.0s), 30/30 VUs, 61556 complete and 0 interrupted iterations
load-k6-1  | fspiopTransfers   [  86% ] 30/30 VUs  4m43.0s/5m30.0s
load-k6-1  | 
load-k6-1  | 
load-k6-1  | running (4m44.0s), 30/30 VUs, 61791 complete and 0 interrupted iterations
load-k6-1  | fspiopTransfers   [  86% ] 30/30 VUs  4m44.0s/5m30.0s
load-k6-1  | 
load-k6-1  | 
load-k6-1  | running (4m45.0s), 30/30 VUs, 62004 complete and 0 interrupted iterations
load-k6-1  | fspiopTransfers   [  86% ] 30/30 VUs  4m45.0s/5m30.0s
load-k6-1  | 
load-k6-1  | 
load-k6-1  | running (4m46.0s), 30/30 VUs, 62205 complete and 0 interrupted iterations
load-k6-1  | fspiopTransfers   [  87% ] 30/30 VUs  4m46.0s/5m30.0s
load-k6-1  | 
load-k6-1  | 
load-k6-1  | running (4m47.0s), 30/30 VUs, 62436 complete and 0 interrupted iterations
load-k6-1  | fspiopTransfers   [  87% ] 30/30 VUs  4m47.0s/5m30.0s
load-k6-1  | 
load-k6-1  | 
load-k6-1  | running (4m48.0s), 30/30 VUs, 62672 complete and 0 interrupted iterations
load-k6-1  | fspiopTransfers   [  87% ] 30/30 VUs  4m48.0s/5m30.0s
load-k6-1  | 
load-k6-1  | 
load-k6-1  | running (4m49.0s), 30/30 VUs, 62908 complete and 0 interrupted iterations
load-k6-1  | fspiopTransfers   [  88% ] 30/30 VUs  4m49.0s/5m30.0s
load-k6-1  | 
load-k6-1  | 
load-k6-1  | running (4m50.0s), 30/30 VUs, 63147 complete and 0 interrupted iterations
load-k6-1  | fspiopTransfers   [  88% ] 30/30 VUs  4m50.0s/5m30.0s
load-k6-1  | 
load-k6-1  | 
load-k6-1  | running (4m51.0s), 30/30 VUs, 63334 complete and 0 interrupted iterations
load-k6-1  | fspiopTransfers   [  88% ] 30/30 VUs  4m51.0s/5m30.0s
load-k6-1  | 
load-k6-1  | 
load-k6-1  | running (4m52.0s), 30/30 VUs, 63566 complete and 0 interrupted iterations
load-k6-1  | fspiopTransfers   [  88% ] 30/30 VUs  4m52.0s/5m30.0s
load-k6-1  | 
load-k6-1  | 
load-k6-1  | running (4m53.0s), 30/30 VUs, 63787 complete and 0 interrupted iterations
load-k6-1  | fspiopTransfers   [  89% ] 30/30 VUs  4m53.0s/5m30.0s
load-k6-1  | 
load-k6-1  | 
load-k6-1  | running (4m54.0s), 30/30 VUs, 64020 complete and 0 interrupted iterations
load-k6-1  | fspiopTransfers   [  89% ] 30/30 VUs  4m54.0s/5m30.0s
load-k6-1  | 
load-k6-1  | 
load-k6-1  | running (4m55.0s), 30/30 VUs, 64244 complete and 0 interrupted iterations
load-k6-1  | fspiopTransfers   [  89% ] 30/30 VUs  4m55.0s/5m30.0s
load-k6-1  | 
load-k6-1  | 
load-k6-1  | running (4m56.0s), 30/30 VUs, 64459 complete and 0 interrupted iterations
load-k6-1  | fspiopTransfers   [  90% ] 30/30 VUs  4m56.0s/5m30.0s
load-k6-1  | 
load-k6-1  | 
load-k6-1  | running (4m57.0s), 30/30 VUs, 64680 complete and 0 interrupted iterations
load-k6-1  | fspiopTransfers   [  90% ] 30/30 VUs  4m57.0s/5m30.0s
load-k6-1  | 
load-k6-1  | 
load-k6-1  | running (4m58.0s), 30/30 VUs, 64895 complete and 0 interrupted iterations
load-k6-1  | fspiopTransfers   [  90% ] 30/30 VUs  4m58.0s/5m30.0s
load-k6-1  | 
load-k6-1  | 
load-k6-1  | running (4m59.0s), 30/30 VUs, 65116 complete and 0 interrupted iterations
load-k6-1  | fspiopTransfers   [  91% ] 30/30 VUs  4m59.0s/5m30.0s
load-k6-1  | 
load-k6-1  | 
load-k6-1  | running (5m00.0s), 30/30 VUs, 65342 complete and 0 interrupted iterations
load-k6-1  | fspiopTransfers   [  91% ] 30/30 VUs  5m00.0s/5m30.0s
load-k6-1  | 
load-k6-1  | 
load-k6-1  | running (5m01.0s), 30/30 VUs, 65575 complete and 0 interrupted iterations
load-k6-1  | fspiopTransfers   [  91% ] 30/30 VUs  5m01.0s/5m30.0s
load-k6-1  | 
load-k6-1  | 
load-k6-1  | running (5m02.0s), 30/30 VUs, 65819 complete and 0 interrupted iterations
load-k6-1  | fspiopTransfers   [  92% ] 30/30 VUs  5m02.0s/5m30.0s
load-k6-1  | 
load-k6-1  | 
load-k6-1  | running (5m03.0s), 30/30 VUs, 66054 complete and 0 interrupted iterations
load-k6-1  | fspiopTransfers   [  92% ] 30/30 VUs  5m03.0s/5m30.0s
load-k6-1  | 
load-k6-1  | 
load-k6-1  | running (5m04.0s), 30/30 VUs, 66299 complete and 0 interrupted iterations
load-k6-1  | fspiopTransfers   [  92% ] 30/30 VUs  5m04.0s/5m30.0s
load-k6-1  | 
load-k6-1  | 
load-k6-1  | running (5m05.0s), 30/30 VUs, 66528 complete and 0 interrupted iterations
load-k6-1  | fspiopTransfers   [  92% ] 30/30 VUs  5m05.0s/5m30.0s
load-k6-1  | 
load-k6-1  | 
load-k6-1  | running (5m06.0s), 30/30 VUs, 66756 complete and 0 interrupted iterations
load-k6-1  | fspiopTransfers   [  93% ] 30/30 VUs  5m06.0s/5m30.0s
load-k6-1  | 
load-k6-1  | 
load-k6-1  | running (5m07.0s), 30/30 VUs, 66994 complete and 0 interrupted iterations
load-k6-1  | fspiopTransfers   [  93% ] 30/30 VUs  5m07.0s/5m30.0s
load-k6-1  | 
load-k6-1  | 
load-k6-1  | running (5m08.0s), 30/30 VUs, 67221 complete and 0 interrupted iterations
load-k6-1  | fspiopTransfers   [  93% ] 30/30 VUs  5m08.0s/5m30.0s
load-k6-1  | 
load-k6-1  | 
load-k6-1  | running (5m09.0s), 30/30 VUs, 67453 complete and 0 interrupted iterations
load-k6-1  | fspiopTransfers   [  94% ] 30/30 VUs  5m09.0s/5m30.0s
load-k6-1  | 
load-k6-1  | 
load-k6-1  | running (5m10.0s), 30/30 VUs, 67690 complete and 0 interrupted iterations
load-k6-1  | fspiopTransfers   [  94% ] 30/30 VUs  5m10.0s/5m30.0s
load-k6-1  | 
load-k6-1  | 
load-k6-1  | running (5m11.0s), 30/30 VUs, 67893 complete and 0 interrupted iterations
load-k6-1  | fspiopTransfers   [  94% ] 30/30 VUs  5m11.0s/5m30.0s
load-k6-1  | 
load-k6-1  | 
load-k6-1  | running (5m12.0s), 30/30 VUs, 68132 complete and 0 interrupted iterations
load-k6-1  | fspiopTransfers   [  95% ] 30/30 VUs  5m12.0s/5m30.0s
load-k6-1  | 
load-k6-1  | 
load-k6-1  | running (5m13.0s), 30/30 VUs, 68363 complete and 0 interrupted iterations
load-k6-1  | fspiopTransfers   [  95% ] 30/30 VUs  5m13.0s/5m30.0s
load-k6-1  | 
load-k6-1  | 
load-k6-1  | running (5m14.0s), 30/30 VUs, 68599 complete and 0 interrupted iterations
load-k6-1  | fspiopTransfers   [  95% ] 30/30 VUs  5m14.0s/5m30.0s
load-k6-1  | 
load-k6-1  | 
load-k6-1  | running (5m15.0s), 30/30 VUs, 68835 complete and 0 interrupted iterations
load-k6-1  | fspiopTransfers   [  95% ] 30/30 VUs  5m15.0s/5m30.0s
load-k6-1  | 
load-k6-1  | 
load-k6-1  | running (5m16.0s), 30/30 VUs, 69063 complete and 0 interrupted iterations
load-k6-1  | fspiopTransfers   [  96% ] 30/30 VUs  5m16.0s/5m30.0s
load-k6-1  | 
load-k6-1  | 
load-k6-1  | running (5m17.0s), 30/30 VUs, 69290 complete and 0 interrupted iterations
load-k6-1  | fspiopTransfers   [  96% ] 30/30 VUs  5m17.0s/5m30.0s
load-k6-1  | 
load-k6-1  | 
load-k6-1  | running (5m18.0s), 30/30 VUs, 69520 complete and 0 interrupted iterations
load-k6-1  | fspiopTransfers   [  96% ] 30/30 VUs  5m18.0s/5m30.0s
load-k6-1  | 
load-k6-1  | 
load-k6-1  | running (5m19.0s), 30/30 VUs, 69758 complete and 0 interrupted iterations
load-k6-1  | fspiopTransfers   [  97% ] 30/30 VUs  5m19.0s/5m30.0s
load-k6-1  | 
load-k6-1  | 
load-k6-1  | running (5m20.0s), 30/30 VUs, 69987 complete and 0 interrupted iterations
load-k6-1  | fspiopTransfers   [  97% ] 30/30 VUs  5m20.0s/5m30.0s
load-k6-1  | 
load-k6-1  | 
load-k6-1  | running (5m21.0s), 30/30 VUs, 70220 complete and 0 interrupted iterations
load-k6-1  | fspiopTransfers   [  97% ] 30/30 VUs  5m21.0s/5m30.0s
load-k6-1  | 
load-k6-1  | 
load-k6-1  | running (5m22.0s), 30/30 VUs, 70451 complete and 0 interrupted iterations
load-k6-1  | fspiopTransfers   [  98% ] 30/30 VUs  5m22.0s/5m30.0s
load-k6-1  | 
load-k6-1  | 
load-k6-1  | running (5m23.0s), 30/30 VUs, 70682 complete and 0 interrupted iterations
load-k6-1  | fspiopTransfers   [  98% ] 30/30 VUs  5m23.0s/5m30.0s
load-k6-1  | 
load-k6-1  | 
load-k6-1  | running (5m24.0s), 30/30 VUs, 70915 complete and 0 interrupted iterations
load-k6-1  | fspiopTransfers   [  98% ] 30/30 VUs  5m24.0s/5m30.0s
load-k6-1  | 
load-k6-1  | 
load-k6-1  | running (5m25.0s), 30/30 VUs, 71123 complete and 0 interrupted iterations
load-k6-1  | fspiopTransfers   [  98% ] 30/30 VUs  5m25.0s/5m30.0s
load-k6-1  | 
load-k6-1  | 
load-k6-1  | running (5m26.0s), 30/30 VUs, 71353 complete and 0 interrupted iterations
load-k6-1  | fspiopTransfers   [  99% ] 30/30 VUs  5m26.0s/5m30.0s
load-k6-1  | 
load-k6-1  | 
load-k6-1  | running (5m27.0s), 30/30 VUs, 71584 complete and 0 interrupted iterations
load-k6-1  | fspiopTransfers   [  99% ] 30/30 VUs  5m27.0s/5m30.0s
load-k6-1  | 
load-k6-1  | 
load-k6-1  | running (5m28.0s), 30/30 VUs, 71814 complete and 0 interrupted iterations
load-k6-1  | fspiopTransfers   [  99% ] 30/30 VUs  5m28.0s/5m30.0s
load-k6-1  | 
load-k6-1  | 
load-k6-1  | running (5m29.0s), 30/30 VUs, 72030 complete and 0 interrupted iterations
load-k6-1  | fspiopTransfers   [ 100% ] 30/30 VUs  5m29.0s/5m30.0s
load-k6-1  | 
load-k6-1  | 
load-k6-1  | running (5m30.0s), 30/30 VUs, 72268 complete and 0 interrupted iterations
load-k6-1  | fspiopTransfers   [ 100% ] 30/30 VUs  5m30.0s/5m30.0s
load-k6-1  | 
load-k6-1  | 
load-k6-1  |      ✓ TRANSFERS_FSPIOP_POST_TRANSFERS_RESPONSE_IS_202
load-k6-1  |      ✓ TRANSFERS_E2E_FSPIOP_POST_TRANSFERS_SUCCESS
load-k6-1  | 
load-k6-1  |      █ Post Transfers
load-k6-1  | 
load-k6-1  |      checks.........................: 100.00% ✓ 144600     ✗ 0    
load-k6-1  |      data_received..................: 23 MB   69 kB/s
load-k6-1  |      data_sent......................: 150 MB  454 kB/s
load-k6-1  |      group_duration.................: avg=266.25µs min=143.28µs med=253.73µs max=8.88ms   p(90)=300.61µs p(95)=335.47µs
load-k6-1  |      http_req_blocked...............: avg=6.23µs   min=1.68µs   med=4.41µs   max=87.57ms  p(90)=5.5µs    p(95)=5.93µs  
load-k6-1  |      http_req_connecting............: avg=1.27µs   min=0s       med=0s       max=87.51ms  p(90)=0s       p(95)=0s      
load-k6-1  |    ✓ http_req_duration..............: avg=1.86ms   min=803.5µs  med=1.68ms   max=39.88ms  p(90)=2.51ms   p(95)=2.96ms  
load-k6-1  |        { expected_response:true }...: avg=1.86ms   min=803.5µs  med=1.68ms   max=39.88ms  p(90)=2.51ms   p(95)=2.96ms  
load-k6-1  |    ✓ http_req_failed................: 0.00%   ✓ 0          ✗ 72300
load-k6-1  |      http_req_receiving.............: avg=35.32µs  min=9.83µs   med=32.02µs  max=19.29ms  p(90)=43.68µs  p(95)=47.89µs 
load-k6-1  |      http_req_sending...............: avg=25.04µs  min=9.01µs   med=21.63µs  max=36.45ms  p(90)=28.66µs  p(95)=32.41µs 
load-k6-1  |      http_req_tls_handshaking.......: avg=0s       min=0s       med=0s       max=0s       p(90)=0s       p(95)=0s      
load-k6-1  |      http_req_waiting...............: avg=1.8ms    min=759.29µs med=1.63ms   max=30.68ms  p(90)=2.45ms   p(95)=2.89ms  
load-k6-1  |      http_reqs......................: 72300   218.999755/s
load-k6-1  |    ✓ iteration_duration.............: avg=130.71ms min=66.69ms  med=127.16ms max=403.42ms p(90)=173.59ms p(95)=188.31ms
load-k6-1  |      iterations.....................: 72300   218.999755/s
load-k6-1  |      vus............................: 30      min=1        max=30 
load-k6-1  |      vus_max........................: 30      min=30       max=30 
load-k6-1  |      ws_connecting..................: avg=821.13µs min=248.06µs med=651.02µs max=28.2ms   p(90)=1.33ms   p(95)=1.71ms  
load-k6-1  |      ws_msgs_received...............: 72300   218.999755/s
load-k6-1  |      ws_msgs_sent...................: 72300   218.999755/s
load-k6-1  |      ws_session_duration............: avg=130.34ms min=66.33ms  med=126.79ms max=403.15ms p(90)=173.22ms p(95)=187.93ms
load-k6-1  |      ws_sessions....................: 72300   218.999755/s
load-k6-1  | 
load-k6-1  | 
load-k6-1  | running (5m30.1s), 00/30 VUs, 72300 complete and 0 interrupted iterations
load-k6-1  | fspiopTransfers ✓ [ 100% ] 00/30 VUs  5m30s
load-k6-1  | 
load-k6-1 exited with code 0
