Attaching to load-k6-1
load-k6-1  | 
load-k6-1  |           /\      |‾‾| /‾‾/   /‾‾/   
load-k6-1  |      /\  /  \     |  |/  /   /  /    
load-k6-1  |     /  \/    \    |     (   /   ‾‾\  
load-k6-1  |    /          \   |  |\  \ |  (‾)  | 
load-k6-1  |   / __________ \  |__| \__\ \_____/ .io
load-k6-1  | 
load-k6-1  | 
load-k6-1  |   execution: local
load-k6-1  |      script: /scripts/index.js
load-k6-1  |      output: Prometheus remote write (http://prometheus:9090/api/v1/write)
load-k6-1  | 
load-k6-1  |   scenarios: (100.00%) 1 scenario, 20 max VUs, 6m0s max duration (incl. graceful stop):
load-k6-1  |            * fspiopTransfers: Up to 20 looping VUs for 5m30s over 2 stages (gracefulRampDown: 30s, exec: fspiopTransfersScenarios, gracefulStop: 30s)
load-k6-1  | 
load-k6-1  | 
load-k6-1  | 
load-k6-1  | running (0m01.0s), 01/20 VUs, 9 complete and 0 interrupted iterations
load-k6-1  | fspiopTransfers   [   0% ] 01/20 VUs  0m01.0s/5m30.0s
load-k6-1  | 
load-k6-1  | 
load-k6-1  | running (0m02.0s), 02/20 VUs, 26 complete and 0 interrupted iterations
load-k6-1  | fspiopTransfers   [   1% ] 02/20 VUs  0m02.0s/5m30.0s
load-k6-1  | 
load-k6-1  | 
load-k6-1  | running (0m03.0s), 02/20 VUs, 54 complete and 0 interrupted iterations
load-k6-1  | fspiopTransfers   [   1% ] 02/20 VUs  0m03.0s/5m30.0s
load-k6-1  | 
load-k6-1  | 
load-k6-1  | running (0m04.0s), 03/20 VUs, 92 complete and 0 interrupted iterations
load-k6-1  | fspiopTransfers   [   1% ] 03/20 VUs  0m04.0s/5m30.0s
load-k6-1  | 
load-k6-1  | 
load-k6-1  | running (0m05.0s), 04/20 VUs, 136 complete and 0 interrupted iterations
load-k6-1  | fspiopTransfers   [   2% ] 04/20 VUs  0m05.0s/5m30.0s
load-k6-1  | 
load-k6-1  | 
load-k6-1  | running (0m06.0s), 04/20 VUs, 190 complete and 0 interrupted iterations
load-k6-1  | fspiopTransfers   [   2% ] 04/20 VUs  0m06.0s/5m30.0s
load-k6-1  | 
load-k6-1  | 
load-k6-1  | running (0m07.0s), 05/20 VUs, 251 complete and 0 interrupted iterations
load-k6-1  | fspiopTransfers   [   2% ] 05/20 VUs  0m07.0s/5m30.0s
load-k6-1  | 
load-k6-1  | 
load-k6-1  | running (0m08.0s), 06/20 VUs, 319 complete and 0 interrupted iterations
load-k6-1  | fspiopTransfers   [   2% ] 06/20 VUs  0m08.0s/5m30.0s
load-k6-1  | 
load-k6-1  | 
load-k6-1  | running (0m09.0s), 06/20 VUs, 402 complete and 0 interrupted iterations
load-k6-1  | fspiopTransfers   [   3% ] 06/20 VUs  0m09.0s/5m30.0s
load-k6-1  | 
load-k6-1  | 
load-k6-1  | running (0m10.0s), 07/20 VUs, 489 complete and 0 interrupted iterations
load-k6-1  | fspiopTransfers   [   3% ] 07/20 VUs  0m10.0s/5m30.0s
load-k6-1  | 
load-k6-1  | 
load-k6-1  | running (0m11.0s), 07/20 VUs, 582 complete and 0 interrupted iterations
load-k6-1  | fspiopTransfers   [   3% ] 07/20 VUs  0m11.0s/5m30.0s
load-k6-1  | 
load-k6-1  | 
load-k6-1  | running (0m12.0s), 08/20 VUs, 683 complete and 0 interrupted iterations
load-k6-1  | fspiopTransfers   [   4% ] 08/20 VUs  0m12.0s/5m30.0s
load-k6-1  | 
load-k6-1  | 
load-k6-1  | running (0m13.0s), 09/20 VUs, 790 complete and 0 interrupted iterations
load-k6-1  | fspiopTransfers   [   4% ] 09/20 VUs  0m13.0s/5m30.0s
load-k6-1  | 
load-k6-1  | 
load-k6-1  | running (0m14.0s), 09/20 VUs, 904 complete and 0 interrupted iterations
load-k6-1  | fspiopTransfers   [   4% ] 09/20 VUs  0m14.0s/5m30.0s
load-k6-1  | 
load-k6-1  | 
load-k6-1  | running (0m15.0s), 10/20 VUs, 1024 complete and 0 interrupted iterations
load-k6-1  | fspiopTransfers   [   5% ] 10/20 VUs  0m15.0s/5m30.0s
load-k6-1  | 
load-k6-1  | 
load-k6-1  | running (0m16.0s), 11/20 VUs, 1150 complete and 0 interrupted iterations
load-k6-1  | fspiopTransfers   [   5% ] 11/20 VUs  0m16.0s/5m30.0s
load-k6-1  | 
load-k6-1  | 
load-k6-1  | running (0m17.0s), 11/20 VUs, 1285 complete and 0 interrupted iterations
load-k6-1  | fspiopTransfers   [   5% ] 11/20 VUs  0m17.0s/5m30.0s
load-k6-1  | 
load-k6-1  | 
load-k6-1  | running (0m18.0s), 12/20 VUs, 1428 complete and 0 interrupted iterations
load-k6-1  | fspiopTransfers   [   5% ] 12/20 VUs  0m18.0s/5m30.0s
load-k6-1  | 
load-k6-1  | 
load-k6-1  | running (0m19.0s), 13/20 VUs, 1575 complete and 0 interrupted iterations
load-k6-1  | fspiopTransfers   [   6% ] 13/20 VUs  0m19.0s/5m30.0s
load-k6-1  | 
load-k6-1  | 
load-k6-1  | running (0m20.0s), 13/20 VUs, 1727 complete and 0 interrupted iterations
load-k6-1  | fspiopTransfers   [   6% ] 13/20 VUs  0m20.0s/5m30.0s
load-k6-1  | 
load-k6-1  | 
load-k6-1  | running (0m21.0s), 14/20 VUs, 1879 complete and 0 interrupted iterations
load-k6-1  | fspiopTransfers   [   6% ] 14/20 VUs  0m21.0s/5m30.0s
load-k6-1  | 
load-k6-1  | 
load-k6-1  | running (0m22.0s), 14/20 VUs, 2030 complete and 0 interrupted iterations
load-k6-1  | fspiopTransfers   [   7% ] 14/20 VUs  0m22.0s/5m30.0s
load-k6-1  | 
load-k6-1  | 
load-k6-1  | running (0m23.0s), 15/20 VUs, 2182 complete and 0 interrupted iterations
load-k6-1  | fspiopTransfers   [   7% ] 15/20 VUs  0m23.0s/5m30.0s
load-k6-1  | 
load-k6-1  | 
load-k6-1  | running (0m24.0s), 16/20 VUs, 2332 complete and 0 interrupted iterations
load-k6-1  | fspiopTransfers   [   7% ] 16/20 VUs  0m24.0s/5m30.0s
load-k6-1  | 
load-k6-1  | 
load-k6-1  | running (0m25.0s), 16/20 VUs, 2489 complete and 0 interrupted iterations
load-k6-1  | fspiopTransfers   [   8% ] 16/20 VUs  0m25.0s/5m30.0s
load-k6-1  | 
load-k6-1  | 
load-k6-1  | running (0m26.0s), 17/20 VUs, 2643 complete and 0 interrupted iterations
load-k6-1  | fspiopTransfers   [   8% ] 17/20 VUs  0m26.0s/5m30.0s
load-k6-1  | 
load-k6-1  | 
load-k6-1  | running (0m27.0s), 18/20 VUs, 2798 complete and 0 interrupted iterations
load-k6-1  | fspiopTransfers   [   8% ] 18/20 VUs  0m27.0s/5m30.0s
load-k6-1  | 
load-k6-1  | 
load-k6-1  | running (0m28.0s), 18/20 VUs, 2964 complete and 0 interrupted iterations
load-k6-1  | fspiopTransfers   [   8% ] 18/20 VUs  0m28.0s/5m30.0s
load-k6-1  | 
load-k6-1  | 
load-k6-1  | running (0m29.0s), 19/20 VUs, 3131 complete and 0 interrupted iterations
load-k6-1  | fspiopTransfers   [   9% ] 19/20 VUs  0m29.0s/5m30.0s
load-k6-1  | 
load-k6-1  | 
load-k6-1  | running (0m30.0s), 20/20 VUs, 3300 complete and 0 interrupted iterations
load-k6-1  | fspiopTransfers   [   9% ] 20/20 VUs  0m30.0s/5m30.0s
load-k6-1  | 
load-k6-1  | 
load-k6-1  | running (0m31.0s), 20/20 VUs, 3448 complete and 0 interrupted iterations
load-k6-1  | fspiopTransfers   [   9% ] 20/20 VUs  0m31.0s/5m30.0s
load-k6-1  | 
load-k6-1  | 
load-k6-1  | running (0m32.0s), 20/20 VUs, 3625 complete and 0 interrupted iterations
load-k6-1  | fspiopTransfers   [  10% ] 20/20 VUs  0m32.0s/5m30.0s
load-k6-1  | 
load-k6-1  | 
load-k6-1  | running (0m33.0s), 20/20 VUs, 3807 complete and 0 interrupted iterations
load-k6-1  | fspiopTransfers   [  10% ] 20/20 VUs  0m33.0s/5m30.0s
load-k6-1  | 
load-k6-1  | 
load-k6-1  | running (0m34.0s), 20/20 VUs, 3969 complete and 0 interrupted iterations
load-k6-1  | fspiopTransfers   [  10% ] 20/20 VUs  0m34.0s/5m30.0s
load-k6-1  | 
load-k6-1  | 
load-k6-1  | running (0m35.0s), 20/20 VUs, 4152 complete and 0 interrupted iterations
load-k6-1  | fspiopTransfers   [  11% ] 20/20 VUs  0m35.0s/5m30.0s
load-k6-1  | 
load-k6-1  | 
load-k6-1  | running (0m36.0s), 20/20 VUs, 4333 complete and 0 interrupted iterations
load-k6-1  | fspiopTransfers   [  11% ] 20/20 VUs  0m36.0s/5m30.0s
load-k6-1  | 
load-k6-1  | 
load-k6-1  | running (0m37.0s), 20/20 VUs, 4511 complete and 0 interrupted iterations
load-k6-1  | fspiopTransfers   [  11% ] 20/20 VUs  0m37.0s/5m30.0s
load-k6-1  | 
load-k6-1  | 
load-k6-1  | running (0m38.0s), 20/20 VUs, 4694 complete and 0 interrupted iterations
load-k6-1  | fspiopTransfers   [  12% ] 20/20 VUs  0m38.0s/5m30.0s
load-k6-1  | 
load-k6-1  | 
load-k6-1  | running (0m39.0s), 20/20 VUs, 4873 complete and 0 interrupted iterations
load-k6-1  | fspiopTransfers   [  12% ] 20/20 VUs  0m39.0s/5m30.0s
load-k6-1  | 
load-k6-1  | 
load-k6-1  | running (0m40.0s), 20/20 VUs, 5051 complete and 0 interrupted iterations
load-k6-1  | fspiopTransfers   [  12% ] 20/20 VUs  0m40.0s/5m30.0s
load-k6-1  | 
load-k6-1  | 
load-k6-1  | running (0m41.0s), 20/20 VUs, 5234 complete and 0 interrupted iterations
load-k6-1  | fspiopTransfers   [  12% ] 20/20 VUs  0m41.0s/5m30.0s
load-k6-1  | 
load-k6-1  | 
load-k6-1  | running (0m42.0s), 20/20 VUs, 5421 complete and 0 interrupted iterations
load-k6-1  | fspiopTransfers   [  13% ] 20/20 VUs  0m42.0s/5m30.0s
load-k6-1  | 
load-k6-1  | 
load-k6-1  | running (0m43.0s), 20/20 VUs, 5611 complete and 0 interrupted iterations
load-k6-1  | fspiopTransfers   [  13% ] 20/20 VUs  0m43.0s/5m30.0s
load-k6-1  | 
load-k6-1  | 
load-k6-1  | running (0m44.0s), 20/20 VUs, 5786 complete and 0 interrupted iterations
load-k6-1  | fspiopTransfers   [  13% ] 20/20 VUs  0m44.0s/5m30.0s
load-k6-1  | 
load-k6-1  | 
load-k6-1  | running (0m45.0s), 20/20 VUs, 5974 complete and 0 interrupted iterations
load-k6-1  | fspiopTransfers   [  14% ] 20/20 VUs  0m45.0s/5m30.0s
load-k6-1  | 
load-k6-1  | 
load-k6-1  | running (0m46.0s), 20/20 VUs, 6156 complete and 0 interrupted iterations
load-k6-1  | fspiopTransfers   [  14% ] 20/20 VUs  0m46.0s/5m30.0s
load-k6-1  | 
load-k6-1  | 
load-k6-1  | running (0m47.0s), 20/20 VUs, 6347 complete and 0 interrupted iterations
load-k6-1  | fspiopTransfers   [  14% ] 20/20 VUs  0m47.0s/5m30.0s
load-k6-1  | 
load-k6-1  | 
load-k6-1  | running (0m48.0s), 20/20 VUs, 6544 complete and 0 interrupted iterations
load-k6-1  | fspiopTransfers   [  15% ] 20/20 VUs  0m48.0s/5m30.0s
load-k6-1  | 
load-k6-1  | 
load-k6-1  | running (0m49.0s), 20/20 VUs, 6737 complete and 0 interrupted iterations
load-k6-1  | fspiopTransfers   [  15% ] 20/20 VUs  0m49.0s/5m30.0s
load-k6-1  | 
load-k6-1  | 
load-k6-1  | running (0m50.0s), 20/20 VUs, 6934 complete and 0 interrupted iterations
load-k6-1  | fspiopTransfers   [  15% ] 20/20 VUs  0m50.0s/5m30.0s
load-k6-1  | 
load-k6-1  | 
load-k6-1  | running (0m51.0s), 20/20 VUs, 7126 complete and 0 interrupted iterations
load-k6-1  | fspiopTransfers   [  15% ] 20/20 VUs  0m51.0s/5m30.0s
load-k6-1  | 
load-k6-1  | 
load-k6-1  | running (0m52.0s), 20/20 VUs, 7318 complete and 0 interrupted iterations
load-k6-1  | fspiopTransfers   [  16% ] 20/20 VUs  0m52.0s/5m30.0s
load-k6-1  | 
load-k6-1  | 
load-k6-1  | running (0m53.0s), 20/20 VUs, 7503 complete and 0 interrupted iterations
load-k6-1  | fspiopTransfers   [  16% ] 20/20 VUs  0m53.0s/5m30.0s
load-k6-1  | 
load-k6-1  | 
load-k6-1  | running (0m54.0s), 20/20 VUs, 7681 complete and 0 interrupted iterations
load-k6-1  | fspiopTransfers   [  16% ] 20/20 VUs  0m54.0s/5m30.0s
load-k6-1  | 
load-k6-1  | 
load-k6-1  | running (0m55.0s), 20/20 VUs, 7857 complete and 0 interrupted iterations
load-k6-1  | fspiopTransfers   [  17% ] 20/20 VUs  0m55.0s/5m30.0s
load-k6-1  | 
load-k6-1  | 
load-k6-1  | running (0m56.0s), 20/20 VUs, 8041 complete and 0 interrupted iterations
load-k6-1  | fspiopTransfers   [  17% ] 20/20 VUs  0m56.0s/5m30.0s
load-k6-1  | 
load-k6-1  | 
load-k6-1  | running (0m57.0s), 20/20 VUs, 8226 complete and 0 interrupted iterations
load-k6-1  | fspiopTransfers   [  17% ] 20/20 VUs  0m57.0s/5m30.0s
load-k6-1  | 
load-k6-1  | 
load-k6-1  | running (0m58.0s), 20/20 VUs, 8416 complete and 0 interrupted iterations
load-k6-1  | fspiopTransfers   [  18% ] 20/20 VUs  0m58.0s/5m30.0s
load-k6-1  | 
load-k6-1  | 
load-k6-1  | running (0m59.0s), 20/20 VUs, 8610 complete and 0 interrupted iterations
load-k6-1  | fspiopTransfers   [  18% ] 20/20 VUs  0m59.0s/5m30.0s
load-k6-1  | 
load-k6-1  | 
load-k6-1  | running (1m00.0s), 20/20 VUs, 8793 complete and 0 interrupted iterations
load-k6-1  | fspiopTransfers   [  18% ] 20/20 VUs  1m00.0s/5m30.0s
load-k6-1  | 
load-k6-1  | 
load-k6-1  | running (1m01.0s), 20/20 VUs, 8975 complete and 0 interrupted iterations
load-k6-1  | fspiopTransfers   [  18% ] 20/20 VUs  1m01.0s/5m30.0s
load-k6-1  | 
load-k6-1  | 
load-k6-1  | running (1m02.0s), 20/20 VUs, 9165 complete and 0 interrupted iterations
load-k6-1  | fspiopTransfers   [  19% ] 20/20 VUs  1m02.0s/5m30.0s
load-k6-1  | 
load-k6-1  | 
load-k6-1  | running (1m03.0s), 20/20 VUs, 9342 complete and 0 interrupted iterations
load-k6-1  | fspiopTransfers   [  19% ] 20/20 VUs  1m03.0s/5m30.0s
load-k6-1  | 
load-k6-1  | 
load-k6-1  | running (1m04.0s), 20/20 VUs, 9532 complete and 0 interrupted iterations
load-k6-1  | fspiopTransfers   [  19% ] 20/20 VUs  1m04.0s/5m30.0s
load-k6-1  | 
load-k6-1  | 
load-k6-1  | running (1m05.0s), 20/20 VUs, 9723 complete and 0 interrupted iterations
load-k6-1  | fspiopTransfers   [  20% ] 20/20 VUs  1m05.0s/5m30.0s
load-k6-1  | 
load-k6-1  | 
load-k6-1  | running (1m06.0s), 20/20 VUs, 9912 complete and 0 interrupted iterations
load-k6-1  | fspiopTransfers   [  20% ] 20/20 VUs  1m06.0s/5m30.0s
load-k6-1  | 
load-k6-1  | 
load-k6-1  | running (1m07.0s), 20/20 VUs, 10096 complete and 0 interrupted iterations
load-k6-1  | fspiopTransfers   [  20% ] 20/20 VUs  1m07.0s/5m30.0s
load-k6-1  | 
load-k6-1  | 
load-k6-1  | running (1m08.0s), 20/20 VUs, 10287 complete and 0 interrupted iterations
load-k6-1  | fspiopTransfers   [  21% ] 20/20 VUs  1m08.0s/5m30.0s
load-k6-1  | 
load-k6-1  | 
load-k6-1  | running (1m09.0s), 20/20 VUs, 10470 complete and 0 interrupted iterations
load-k6-1  | fspiopTransfers   [  21% ] 20/20 VUs  1m09.0s/5m30.0s
load-k6-1  | 
load-k6-1  | 
load-k6-1  | running (1m10.0s), 20/20 VUs, 10661 complete and 0 interrupted iterations
load-k6-1  | fspiopTransfers   [  21% ] 20/20 VUs  1m10.0s/5m30.0s
load-k6-1  | 
load-k6-1  | 
load-k6-1  | running (1m11.0s), 20/20 VUs, 10843 complete and 0 interrupted iterations
load-k6-1  | fspiopTransfers   [  22% ] 20/20 VUs  1m11.0s/5m30.0s
load-k6-1  | 
load-k6-1  | 
load-k6-1  | running (1m12.0s), 20/20 VUs, 11010 complete and 0 interrupted iterations
load-k6-1  | fspiopTransfers   [  22% ] 20/20 VUs  1m12.0s/5m30.0s
load-k6-1  | 
load-k6-1  | 
load-k6-1  | running (1m13.0s), 20/20 VUs, 11185 complete and 0 interrupted iterations
load-k6-1  | fspiopTransfers   [  22% ] 20/20 VUs  1m13.0s/5m30.0s
load-k6-1  | 
load-k6-1  | 
load-k6-1  | running (1m14.0s), 20/20 VUs, 11376 complete and 0 interrupted iterations
load-k6-1  | fspiopTransfers   [  22% ] 20/20 VUs  1m14.0s/5m30.0s
load-k6-1  | 
load-k6-1  | 
load-k6-1  | running (1m15.0s), 20/20 VUs, 11568 complete and 0 interrupted iterations
load-k6-1  | fspiopTransfers   [  23% ] 20/20 VUs  1m15.0s/5m30.0s
load-k6-1  | 
load-k6-1  | 
load-k6-1  | running (1m16.0s), 20/20 VUs, 11749 complete and 0 interrupted iterations
load-k6-1  | fspiopTransfers   [  23% ] 20/20 VUs  1m16.0s/5m30.0s
load-k6-1  | 
load-k6-1  | 
load-k6-1  | running (1m17.0s), 20/20 VUs, 11940 complete and 0 interrupted iterations
load-k6-1  | fspiopTransfers   [  23% ] 20/20 VUs  1m17.0s/5m30.0s
load-k6-1  | 
load-k6-1  | 
load-k6-1  | running (1m18.0s), 20/20 VUs, 12133 complete and 0 interrupted iterations
load-k6-1  | fspiopTransfers   [  24% ] 20/20 VUs  1m18.0s/5m30.0s
load-k6-1  | 
load-k6-1  | 
load-k6-1  | running (1m19.0s), 20/20 VUs, 12328 complete and 0 interrupted iterations
load-k6-1  | fspiopTransfers   [  24% ] 20/20 VUs  1m19.0s/5m30.0s
load-k6-1  | 
load-k6-1  | 
load-k6-1  | running (1m20.0s), 20/20 VUs, 12517 complete and 0 interrupted iterations
load-k6-1  | fspiopTransfers   [  24% ] 20/20 VUs  1m20.0s/5m30.0s
load-k6-1  | 
load-k6-1  | 
load-k6-1  | running (1m21.0s), 20/20 VUs, 12705 complete and 0 interrupted iterations
load-k6-1  | fspiopTransfers   [  25% ] 20/20 VUs  1m21.0s/5m30.0s
load-k6-1  | 
load-k6-1  | 
load-k6-1  | running (1m22.0s), 20/20 VUs, 12891 complete and 0 interrupted iterations
load-k6-1  | fspiopTransfers   [  25% ] 20/20 VUs  1m22.0s/5m30.0s
load-k6-1  | 
load-k6-1  | 
load-k6-1  | running (1m23.0s), 20/20 VUs, 13084 complete and 0 interrupted iterations
load-k6-1  | fspiopTransfers   [  25% ] 20/20 VUs  1m23.0s/5m30.0s
load-k6-1  | 
load-k6-1  | 
load-k6-1  | running (1m24.0s), 20/20 VUs, 13255 complete and 0 interrupted iterations
load-k6-1  | fspiopTransfers   [  25% ] 20/20 VUs  1m24.0s/5m30.0s
load-k6-1  | 
load-k6-1  | 
load-k6-1  | running (1m25.0s), 20/20 VUs, 13447 complete and 0 interrupted iterations
load-k6-1  | fspiopTransfers   [  26% ] 20/20 VUs  1m25.0s/5m30.0s
load-k6-1  | 
load-k6-1  | 
load-k6-1  | running (1m26.0s), 20/20 VUs, 13642 complete and 0 interrupted iterations
load-k6-1  | fspiopTransfers   [  26% ] 20/20 VUs  1m26.0s/5m30.0s
load-k6-1  | 
load-k6-1  | 
load-k6-1  | running (1m27.0s), 20/20 VUs, 13831 complete and 0 interrupted iterations
load-k6-1  | fspiopTransfers   [  26% ] 20/20 VUs  1m27.0s/5m30.0s
load-k6-1  | 
load-k6-1  | 
load-k6-1  | running (1m28.0s), 20/20 VUs, 14018 complete and 0 interrupted iterations
load-k6-1  | fspiopTransfers   [  27% ] 20/20 VUs  1m28.0s/5m30.0s
load-k6-1  | 
load-k6-1  | 
load-k6-1  | running (1m29.0s), 20/20 VUs, 14196 complete and 0 interrupted iterations
load-k6-1  | fspiopTransfers   [  27% ] 20/20 VUs  1m29.0s/5m30.0s
load-k6-1  | 
load-k6-1  | 
load-k6-1  | running (1m30.0s), 20/20 VUs, 14376 complete and 0 interrupted iterations
load-k6-1  | fspiopTransfers   [  27% ] 20/20 VUs  1m30.0s/5m30.0s
load-k6-1  | 
load-k6-1  | 
load-k6-1  | running (1m31.0s), 20/20 VUs, 14551 complete and 0 interrupted iterations
load-k6-1  | fspiopTransfers   [  28% ] 20/20 VUs  1m31.0s/5m30.0s
load-k6-1  | 
load-k6-1  | 
load-k6-1  | running (1m32.0s), 20/20 VUs, 14742 complete and 0 interrupted iterations
load-k6-1  | fspiopTransfers   [  28% ] 20/20 VUs  1m32.0s/5m30.0s
load-k6-1  | 
load-k6-1  | 
load-k6-1  | running (1m33.0s), 20/20 VUs, 14925 complete and 0 interrupted iterations
load-k6-1  | fspiopTransfers   [  28% ] 20/20 VUs  1m33.0s/5m30.0s
load-k6-1  | 
load-k6-1  | 
load-k6-1  | running (1m34.0s), 20/20 VUs, 15109 complete and 0 interrupted iterations
load-k6-1  | fspiopTransfers   [  28% ] 20/20 VUs  1m34.0s/5m30.0s
load-k6-1  | 
load-k6-1  | 
load-k6-1  | running (1m35.0s), 20/20 VUs, 15291 complete and 0 interrupted iterations
load-k6-1  | fspiopTransfers   [  29% ] 20/20 VUs  1m35.0s/5m30.0s
load-k6-1  | 
load-k6-1  | 
load-k6-1  | running (1m36.0s), 20/20 VUs, 15470 complete and 0 interrupted iterations
load-k6-1  | fspiopTransfers   [  29% ] 20/20 VUs  1m36.0s/5m30.0s
load-k6-1  | 
load-k6-1  | 
load-k6-1  | running (1m37.0s), 20/20 VUs, 15646 complete and 0 interrupted iterations
load-k6-1  | fspiopTransfers   [  29% ] 20/20 VUs  1m37.0s/5m30.0s
load-k6-1  | 
load-k6-1  | 
load-k6-1  | running (1m38.0s), 20/20 VUs, 15827 complete and 0 interrupted iterations
load-k6-1  | fspiopTransfers   [  30% ] 20/20 VUs  1m38.0s/5m30.0s
load-k6-1  | 
load-k6-1  | 
load-k6-1  | running (1m39.0s), 20/20 VUs, 16016 complete and 0 interrupted iterations
load-k6-1  | fspiopTransfers   [  30% ] 20/20 VUs  1m39.0s/5m30.0s
load-k6-1  | 
load-k6-1  | 
load-k6-1  | running (1m40.0s), 20/20 VUs, 16210 complete and 0 interrupted iterations
load-k6-1  | fspiopTransfers   [  30% ] 20/20 VUs  1m40.0s/5m30.0s
load-k6-1  | 
load-k6-1  | 
load-k6-1  | running (1m41.0s), 20/20 VUs, 16404 complete and 0 interrupted iterations
load-k6-1  | fspiopTransfers   [  31% ] 20/20 VUs  1m41.0s/5m30.0s
load-k6-1  | 
load-k6-1  | 
load-k6-1  | running (1m42.0s), 20/20 VUs, 16593 complete and 0 interrupted iterations
load-k6-1  | fspiopTransfers   [  31% ] 20/20 VUs  1m42.0s/5m30.0s
load-k6-1  | 
load-k6-1  | 
load-k6-1  | running (1m43.0s), 20/20 VUs, 16779 complete and 0 interrupted iterations
load-k6-1  | fspiopTransfers   [  31% ] 20/20 VUs  1m43.0s/5m30.0s
load-k6-1  | 
load-k6-1  | 
load-k6-1  | running (1m44.0s), 20/20 VUs, 16959 complete and 0 interrupted iterations
load-k6-1  | fspiopTransfers   [  32% ] 20/20 VUs  1m44.0s/5m30.0s
load-k6-1  | 
load-k6-1  | 
load-k6-1  | running (1m45.0s), 20/20 VUs, 17145 complete and 0 interrupted iterations
load-k6-1  | fspiopTransfers   [  32% ] 20/20 VUs  1m45.0s/5m30.0s
load-k6-1  | 
load-k6-1  | 
load-k6-1  | running (1m46.0s), 20/20 VUs, 17333 complete and 0 interrupted iterations
load-k6-1  | fspiopTransfers   [  32% ] 20/20 VUs  1m46.0s/5m30.0s
load-k6-1  | 
load-k6-1  | 
load-k6-1  | running (1m47.0s), 20/20 VUs, 17524 complete and 0 interrupted iterations
load-k6-1  | fspiopTransfers   [  32% ] 20/20 VUs  1m47.0s/5m30.0s
load-k6-1  | 
load-k6-1  | 
load-k6-1  | running (1m48.0s), 20/20 VUs, 17723 complete and 0 interrupted iterations
load-k6-1  | fspiopTransfers   [  33% ] 20/20 VUs  1m48.0s/5m30.0s
load-k6-1  | 
load-k6-1  | 
load-k6-1  | running (1m49.0s), 20/20 VUs, 17909 complete and 0 interrupted iterations
load-k6-1  | fspiopTransfers   [  33% ] 20/20 VUs  1m49.0s/5m30.0s
load-k6-1  | 
load-k6-1  | 
load-k6-1  | running (1m50.0s), 20/20 VUs, 18098 complete and 0 interrupted iterations
load-k6-1  | fspiopTransfers   [  33% ] 20/20 VUs  1m50.0s/5m30.0s
load-k6-1  | 
load-k6-1  | 
load-k6-1  | running (1m51.0s), 20/20 VUs, 18279 complete and 0 interrupted iterations
load-k6-1  | fspiopTransfers   [  34% ] 20/20 VUs  1m51.0s/5m30.0s
load-k6-1  | 
load-k6-1  | 
load-k6-1  | running (1m52.0s), 20/20 VUs, 18468 complete and 0 interrupted iterations
load-k6-1  | fspiopTransfers   [  34% ] 20/20 VUs  1m52.0s/5m30.0s
load-k6-1  | 
load-k6-1  | 
load-k6-1  | running (1m53.0s), 20/20 VUs, 18655 complete and 0 interrupted iterations
load-k6-1  | fspiopTransfers   [  34% ] 20/20 VUs  1m53.0s/5m30.0s
load-k6-1  | 
load-k6-1  | 
load-k6-1  | running (1m54.0s), 20/20 VUs, 18835 complete and 0 interrupted iterations
load-k6-1  | fspiopTransfers   [  35% ] 20/20 VUs  1m54.0s/5m30.0s
load-k6-1  | 
load-k6-1  | 
load-k6-1  | running (1m55.0s), 20/20 VUs, 19030 complete and 0 interrupted iterations
load-k6-1  | fspiopTransfers   [  35% ] 20/20 VUs  1m55.0s/5m30.0s
load-k6-1  | 
load-k6-1  | 
load-k6-1  | running (1m56.0s), 20/20 VUs, 19217 complete and 0 interrupted iterations
load-k6-1  | fspiopTransfers   [  35% ] 20/20 VUs  1m56.0s/5m30.0s
load-k6-1  | 
load-k6-1  | 
load-k6-1  | running (1m57.0s), 20/20 VUs, 19414 complete and 0 interrupted iterations
load-k6-1  | fspiopTransfers   [  35% ] 20/20 VUs  1m57.0s/5m30.0s
load-k6-1  | 
load-k6-1  | 
load-k6-1  | running (1m58.0s), 20/20 VUs, 19618 complete and 0 interrupted iterations
load-k6-1  | fspiopTransfers   [  36% ] 20/20 VUs  1m58.0s/5m30.0s
load-k6-1  | 
load-k6-1  | 
load-k6-1  | running (1m59.0s), 20/20 VUs, 19804 complete and 0 interrupted iterations
load-k6-1  | fspiopTransfers   [  36% ] 20/20 VUs  1m59.0s/5m30.0s
load-k6-1  | 
load-k6-1  | 
load-k6-1  | running (2m00.0s), 20/20 VUs, 19998 complete and 0 interrupted iterations
load-k6-1  | fspiopTransfers   [  36% ] 20/20 VUs  2m00.0s/5m30.0s
load-k6-1  | 
load-k6-1  | 
load-k6-1  | running (2m01.0s), 20/20 VUs, 20188 complete and 0 interrupted iterations
load-k6-1  | fspiopTransfers   [  37% ] 20/20 VUs  2m01.0s/5m30.0s
load-k6-1  | 
load-k6-1  | 
load-k6-1  | running (2m02.0s), 20/20 VUs, 20375 complete and 0 interrupted iterations
load-k6-1  | fspiopTransfers   [  37% ] 20/20 VUs  2m02.0s/5m30.0s
load-k6-1  | 
load-k6-1  | 
load-k6-1  | running (2m03.0s), 20/20 VUs, 20568 complete and 0 interrupted iterations
load-k6-1  | fspiopTransfers   [  37% ] 20/20 VUs  2m03.0s/5m30.0s
load-k6-1  | 
load-k6-1  | 
load-k6-1  | running (2m04.0s), 20/20 VUs, 20754 complete and 0 interrupted iterations
load-k6-1  | fspiopTransfers   [  38% ] 20/20 VUs  2m04.0s/5m30.0s
load-k6-1  | 
load-k6-1  | 
load-k6-1  | running (2m05.0s), 20/20 VUs, 20954 complete and 0 interrupted iterations
load-k6-1  | fspiopTransfers   [  38% ] 20/20 VUs  2m05.0s/5m30.0s
load-k6-1  | 
load-k6-1  | 
load-k6-1  | running (2m06.0s), 20/20 VUs, 21146 complete and 0 interrupted iterations
load-k6-1  | fspiopTransfers   [  38% ] 20/20 VUs  2m06.0s/5m30.0s
load-k6-1  | 
load-k6-1  | 
load-k6-1  | running (2m07.0s), 20/20 VUs, 21341 complete and 0 interrupted iterations
load-k6-1  | fspiopTransfers   [  38% ] 20/20 VUs  2m07.0s/5m30.0s
load-k6-1  | 
load-k6-1  | 
load-k6-1  | running (2m08.0s), 20/20 VUs, 21536 complete and 0 interrupted iterations
load-k6-1  | fspiopTransfers   [  39% ] 20/20 VUs  2m08.0s/5m30.0s
load-k6-1  | 
load-k6-1  | 
load-k6-1  | running (2m09.0s), 20/20 VUs, 21734 complete and 0 interrupted iterations
load-k6-1  | fspiopTransfers   [  39% ] 20/20 VUs  2m09.0s/5m30.0s
load-k6-1  | 
load-k6-1  | 
load-k6-1  | running (2m10.0s), 20/20 VUs, 21933 complete and 0 interrupted iterations
load-k6-1  | fspiopTransfers   [  39% ] 20/20 VUs  2m10.0s/5m30.0s
load-k6-1  | 
load-k6-1  | 
load-k6-1  | running (2m11.0s), 20/20 VUs, 22126 complete and 0 interrupted iterations
load-k6-1  | fspiopTransfers   [  40% ] 20/20 VUs  2m11.0s/5m30.0s
load-k6-1  | 
load-k6-1  | 
load-k6-1  | running (2m12.0s), 20/20 VUs, 22309 complete and 0 interrupted iterations
load-k6-1  | fspiopTransfers   [  40% ] 20/20 VUs  2m12.0s/5m30.0s
load-k6-1  | 
load-k6-1  | 
load-k6-1  | running (2m13.0s), 20/20 VUs, 22507 complete and 0 interrupted iterations
load-k6-1  | fspiopTransfers   [  40% ] 20/20 VUs  2m13.0s/5m30.0s
load-k6-1  | 
load-k6-1  | 
load-k6-1  | running (2m14.0s), 20/20 VUs, 22702 complete and 0 interrupted iterations
load-k6-1  | fspiopTransfers   [  41% ] 20/20 VUs  2m14.0s/5m30.0s
load-k6-1  | 
load-k6-1  | 
load-k6-1  | running (2m15.0s), 20/20 VUs, 22898 complete and 0 interrupted iterations
load-k6-1  | fspiopTransfers   [  41% ] 20/20 VUs  2m15.0s/5m30.0s
load-k6-1  | 
load-k6-1  | 
load-k6-1  | running (2m16.0s), 20/20 VUs, 23074 complete and 0 interrupted iterations
load-k6-1  | fspiopTransfers   [  41% ] 20/20 VUs  2m16.0s/5m30.0s
load-k6-1  | 
load-k6-1  | 
load-k6-1  | running (2m17.0s), 20/20 VUs, 23255 complete and 0 interrupted iterations
load-k6-1  | fspiopTransfers   [  42% ] 20/20 VUs  2m17.0s/5m30.0s
load-k6-1  | 
load-k6-1  | 
load-k6-1  | running (2m18.0s), 20/20 VUs, 23449 complete and 0 interrupted iterations
load-k6-1  | fspiopTransfers   [  42% ] 20/20 VUs  2m18.0s/5m30.0s
load-k6-1  | 
load-k6-1  | 
load-k6-1  | running (2m19.0s), 20/20 VUs, 23640 complete and 0 interrupted iterations
load-k6-1  | fspiopTransfers   [  42% ] 20/20 VUs  2m19.0s/5m30.0s
load-k6-1  | 
load-k6-1  | 
load-k6-1  | running (2m20.0s), 20/20 VUs, 23836 complete and 0 interrupted iterations
load-k6-1  | fspiopTransfers   [  42% ] 20/20 VUs  2m20.0s/5m30.0s
load-k6-1  | 
load-k6-1  | 
load-k6-1  | running (2m21.0s), 20/20 VUs, 24028 complete and 0 interrupted iterations
load-k6-1  | fspiopTransfers   [  43% ] 20/20 VUs  2m21.0s/5m30.0s
load-k6-1  | 
load-k6-1  | 
load-k6-1  | running (2m22.0s), 20/20 VUs, 24224 complete and 0 interrupted iterations
load-k6-1  | fspiopTransfers   [  43% ] 20/20 VUs  2m22.0s/5m30.0s
load-k6-1  | 
load-k6-1  | 
load-k6-1  | running (2m23.0s), 20/20 VUs, 24427 complete and 0 interrupted iterations
load-k6-1  | fspiopTransfers   [  43% ] 20/20 VUs  2m23.0s/5m30.0s
load-k6-1  | 
load-k6-1  | 
load-k6-1  | running (2m24.0s), 20/20 VUs, 24624 complete and 0 interrupted iterations
load-k6-1  | fspiopTransfers   [  44% ] 20/20 VUs  2m24.0s/5m30.0s
load-k6-1  | 
load-k6-1  | 
load-k6-1  | running (2m25.0s), 20/20 VUs, 24822 complete and 0 interrupted iterations
load-k6-1  | fspiopTransfers   [  44% ] 20/20 VUs  2m25.0s/5m30.0s
load-k6-1  | 
load-k6-1  | 
load-k6-1  | running (2m26.0s), 20/20 VUs, 25013 complete and 0 interrupted iterations
load-k6-1  | fspiopTransfers   [  44% ] 20/20 VUs  2m26.0s/5m30.0s
load-k6-1  | 
load-k6-1  | 
load-k6-1  | running (2m27.0s), 20/20 VUs, 25211 complete and 0 interrupted iterations
load-k6-1  | fspiopTransfers   [  45% ] 20/20 VUs  2m27.0s/5m30.0s
load-k6-1  | 
load-k6-1  | 
load-k6-1  | running (2m28.0s), 20/20 VUs, 25417 complete and 0 interrupted iterations
load-k6-1  | fspiopTransfers   [  45% ] 20/20 VUs  2m28.0s/5m30.0s
load-k6-1  | 
load-k6-1  | 
load-k6-1  | running (2m29.0s), 20/20 VUs, 25617 complete and 0 interrupted iterations
load-k6-1  | fspiopTransfers   [  45% ] 20/20 VUs  2m29.0s/5m30.0s
load-k6-1  | 
load-k6-1  | 
load-k6-1  | running (2m30.0s), 20/20 VUs, 25822 complete and 0 interrupted iterations
load-k6-1  | fspiopTransfers   [  45% ] 20/20 VUs  2m30.0s/5m30.0s
load-k6-1  | 
load-k6-1  | 
load-k6-1  | running (2m31.0s), 20/20 VUs, 26000 complete and 0 interrupted iterations
load-k6-1  | fspiopTransfers   [  46% ] 20/20 VUs  2m31.0s/5m30.0s
load-k6-1  | 
load-k6-1  | 
load-k6-1  | running (2m32.0s), 20/20 VUs, 26181 complete and 0 interrupted iterations
load-k6-1  | fspiopTransfers   [  46% ] 20/20 VUs  2m32.0s/5m30.0s
load-k6-1  | 
load-k6-1  | 
load-k6-1  | running (2m33.0s), 20/20 VUs, 26382 complete and 0 interrupted iterations
load-k6-1  | fspiopTransfers   [  46% ] 20/20 VUs  2m33.0s/5m30.0s
load-k6-1  | 
load-k6-1  | 
load-k6-1  | running (2m34.0s), 20/20 VUs, 26578 complete and 0 interrupted iterations
load-k6-1  | fspiopTransfers   [  47% ] 20/20 VUs  2m34.0s/5m30.0s
load-k6-1  | 
load-k6-1  | 
load-k6-1  | running (2m35.0s), 20/20 VUs, 26784 complete and 0 interrupted iterations
load-k6-1  | fspiopTransfers   [  47% ] 20/20 VUs  2m35.0s/5m30.0s
load-k6-1  | 
load-k6-1  | 
load-k6-1  | running (2m36.0s), 20/20 VUs, 26979 complete and 0 interrupted iterations
load-k6-1  | fspiopTransfers   [  47% ] 20/20 VUs  2m36.0s/5m30.0s
load-k6-1  | 
load-k6-1  | 
load-k6-1  | running (2m37.0s), 20/20 VUs, 27190 complete and 0 interrupted iterations
load-k6-1  | fspiopTransfers   [  48% ] 20/20 VUs  2m37.0s/5m30.0s
load-k6-1  | 
load-k6-1  | 
load-k6-1  | running (2m38.0s), 20/20 VUs, 27386 complete and 0 interrupted iterations
load-k6-1  | fspiopTransfers   [  48% ] 20/20 VUs  2m38.0s/5m30.0s
load-k6-1  | 
load-k6-1  | 
load-k6-1  | running (2m39.0s), 20/20 VUs, 27588 complete and 0 interrupted iterations
load-k6-1  | fspiopTransfers   [  48% ] 20/20 VUs  2m39.0s/5m30.0s
load-k6-1  | 
load-k6-1  | 
load-k6-1  | running (2m40.0s), 20/20 VUs, 27801 complete and 0 interrupted iterations
load-k6-1  | fspiopTransfers   [  48% ] 20/20 VUs  2m40.0s/5m30.0s
load-k6-1  | 
load-k6-1  | 
load-k6-1  | running (2m41.0s), 20/20 VUs, 27997 complete and 0 interrupted iterations
load-k6-1  | fspiopTransfers   [  49% ] 20/20 VUs  2m41.0s/5m30.0s
load-k6-1  | 
load-k6-1  | 
load-k6-1  | running (2m42.0s), 20/20 VUs, 28196 complete and 0 interrupted iterations
load-k6-1  | fspiopTransfers   [  49% ] 20/20 VUs  2m42.0s/5m30.0s
load-k6-1  | 
load-k6-1  | 
load-k6-1  | running (2m43.0s), 20/20 VUs, 28395 complete and 0 interrupted iterations
load-k6-1  | fspiopTransfers   [  49% ] 20/20 VUs  2m43.0s/5m30.0s
load-k6-1  | 
load-k6-1  | 
load-k6-1  | running (2m44.0s), 20/20 VUs, 28593 complete and 0 interrupted iterations
load-k6-1  | fspiopTransfers   [  50% ] 20/20 VUs  2m44.0s/5m30.0s
load-k6-1  | 
load-k6-1  | 
load-k6-1  | running (2m45.0s), 20/20 VUs, 28792 complete and 0 interrupted iterations
load-k6-1  | fspiopTransfers   [  50% ] 20/20 VUs  2m45.0s/5m30.0s
load-k6-1  | 
load-k6-1  | 
load-k6-1  | running (2m46.0s), 20/20 VUs, 28990 complete and 0 interrupted iterations
load-k6-1  | fspiopTransfers   [  50% ] 20/20 VUs  2m46.0s/5m30.0s
load-k6-1  | 
load-k6-1  | 
load-k6-1  | running (2m47.0s), 20/20 VUs, 29185 complete and 0 interrupted iterations
load-k6-1  | fspiopTransfers   [  51% ] 20/20 VUs  2m47.0s/5m30.0s
load-k6-1  | 
load-k6-1  | 
load-k6-1  | running (2m48.0s), 20/20 VUs, 29385 complete and 0 interrupted iterations
load-k6-1  | fspiopTransfers   [  51% ] 20/20 VUs  2m48.0s/5m30.0s
load-k6-1  | 
load-k6-1  | 
load-k6-1  | running (2m49.0s), 20/20 VUs, 29581 complete and 0 interrupted iterations
load-k6-1  | fspiopTransfers   [  51% ] 20/20 VUs  2m49.0s/5m30.0s
load-k6-1  | 
load-k6-1  | 
load-k6-1  | running (2m50.0s), 20/20 VUs, 29782 complete and 0 interrupted iterations
load-k6-1  | fspiopTransfers   [  52% ] 20/20 VUs  2m50.0s/5m30.0s
load-k6-1  | 
load-k6-1  | 
load-k6-1  | running (2m51.0s), 20/20 VUs, 29981 complete and 0 interrupted iterations
load-k6-1  | fspiopTransfers   [  52% ] 20/20 VUs  2m51.0s/5m30.0s
load-k6-1  | 
load-k6-1  | 
load-k6-1  | running (2m52.0s), 20/20 VUs, 30171 complete and 0 interrupted iterations
load-k6-1  | fspiopTransfers   [  52% ] 20/20 VUs  2m52.0s/5m30.0s
load-k6-1  | 
load-k6-1  | 
load-k6-1  | running (2m53.0s), 20/20 VUs, 30367 complete and 0 interrupted iterations
load-k6-1  | fspiopTransfers   [  52% ] 20/20 VUs  2m53.0s/5m30.0s
load-k6-1  | 
load-k6-1  | 
load-k6-1  | running (2m54.0s), 20/20 VUs, 30566 complete and 0 interrupted iterations
load-k6-1  | fspiopTransfers   [  53% ] 20/20 VUs  2m54.0s/5m30.0s
load-k6-1  | 
load-k6-1  | 
load-k6-1  | running (2m55.0s), 20/20 VUs, 30769 complete and 0 interrupted iterations
load-k6-1  | fspiopTransfers   [  53% ] 20/20 VUs  2m55.0s/5m30.0s
load-k6-1  | 
load-k6-1  | 
load-k6-1  | running (2m56.0s), 20/20 VUs, 30967 complete and 0 interrupted iterations
load-k6-1  | fspiopTransfers   [  53% ] 20/20 VUs  2m56.0s/5m30.0s
load-k6-1  | 
load-k6-1  | 
load-k6-1  | running (2m57.0s), 20/20 VUs, 31178 complete and 0 interrupted iterations
load-k6-1  | fspiopTransfers   [  54% ] 20/20 VUs  2m57.0s/5m30.0s
load-k6-1  | 
load-k6-1  | 
load-k6-1  | running (2m58.0s), 20/20 VUs, 31382 complete and 0 interrupted iterations
load-k6-1  | fspiopTransfers   [  54% ] 20/20 VUs  2m58.0s/5m30.0s
load-k6-1  | 
load-k6-1  | 
load-k6-1  | running (2m59.0s), 20/20 VUs, 31570 complete and 0 interrupted iterations
load-k6-1  | fspiopTransfers   [  54% ] 20/20 VUs  2m59.0s/5m30.0s
load-k6-1  | 
load-k6-1  | 
load-k6-1  | running (3m00.0s), 20/20 VUs, 31767 complete and 0 interrupted iterations
load-k6-1  | fspiopTransfers   [  55% ] 20/20 VUs  3m00.0s/5m30.0s
load-k6-1  | 
load-k6-1  | 
load-k6-1  | running (3m01.0s), 20/20 VUs, 31959 complete and 0 interrupted iterations
load-k6-1  | fspiopTransfers   [  55% ] 20/20 VUs  3m01.0s/5m30.0s
load-k6-1  | 
load-k6-1  | 
load-k6-1  | running (3m02.0s), 20/20 VUs, 32159 complete and 0 interrupted iterations
load-k6-1  | fspiopTransfers   [  55% ] 20/20 VUs  3m02.0s/5m30.0s
load-k6-1  | 
load-k6-1  | 
load-k6-1  | running (3m03.0s), 20/20 VUs, 32359 complete and 0 interrupted iterations
load-k6-1  | fspiopTransfers   [  55% ] 20/20 VUs  3m03.0s/5m30.0s
load-k6-1  | 
load-k6-1  | 
load-k6-1  | running (3m04.0s), 20/20 VUs, 32561 complete and 0 interrupted iterations
load-k6-1  | fspiopTransfers   [  56% ] 20/20 VUs  3m04.0s/5m30.0s
load-k6-1  | 
load-k6-1  | 
load-k6-1  | running (3m05.0s), 20/20 VUs, 32766 complete and 0 interrupted iterations
load-k6-1  | fspiopTransfers   [  56% ] 20/20 VUs  3m05.0s/5m30.0s
load-k6-1  | 
load-k6-1  | 
load-k6-1  | running (3m06.0s), 20/20 VUs, 32963 complete and 0 interrupted iterations
load-k6-1  | fspiopTransfers   [  56% ] 20/20 VUs  3m06.0s/5m30.0s
load-k6-1  | 
load-k6-1  | 
load-k6-1  | running (3m07.0s), 20/20 VUs, 33154 complete and 0 interrupted iterations
load-k6-1  | fspiopTransfers   [  57% ] 20/20 VUs  3m07.0s/5m30.0s
load-k6-1  | 
load-k6-1  | 
load-k6-1  | running (3m08.0s), 20/20 VUs, 33343 complete and 0 interrupted iterations
load-k6-1  | fspiopTransfers   [  57% ] 20/20 VUs  3m08.0s/5m30.0s
load-k6-1  | 
load-k6-1  | 
load-k6-1  | running (3m09.0s), 20/20 VUs, 33546 complete and 0 interrupted iterations
load-k6-1  | fspiopTransfers   [  57% ] 20/20 VUs  3m09.0s/5m30.0s
load-k6-1  | 
load-k6-1  | 
load-k6-1  | running (3m10.0s), 20/20 VUs, 33750 complete and 0 interrupted iterations
load-k6-1  | fspiopTransfers   [  58% ] 20/20 VUs  3m10.0s/5m30.0s
load-k6-1  | 
load-k6-1  | 
load-k6-1  | running (3m11.0s), 20/20 VUs, 33956 complete and 0 interrupted iterations
load-k6-1  | fspiopTransfers   [  58% ] 20/20 VUs  3m11.0s/5m30.0s
load-k6-1  | 
load-k6-1  | 
load-k6-1  | running (3m12.0s), 20/20 VUs, 34156 complete and 0 interrupted iterations
load-k6-1  | fspiopTransfers   [  58% ] 20/20 VUs  3m12.0s/5m30.0s
load-k6-1  | 
load-k6-1  | 
load-k6-1  | running (3m13.0s), 20/20 VUs, 34350 complete and 0 interrupted iterations
load-k6-1  | fspiopTransfers   [  58% ] 20/20 VUs  3m13.0s/5m30.0s
load-k6-1  | 
load-k6-1  | 
load-k6-1  | running (3m14.0s), 20/20 VUs, 34543 complete and 0 interrupted iterations
load-k6-1  | fspiopTransfers   [  59% ] 20/20 VUs  3m14.0s/5m30.0s
load-k6-1  | 
load-k6-1  | 
load-k6-1  | running (3m15.0s), 20/20 VUs, 34745 complete and 0 interrupted iterations
load-k6-1  | fspiopTransfers   [  59% ] 20/20 VUs  3m15.0s/5m30.0s
load-k6-1  | 
load-k6-1  | 
load-k6-1  | running (3m16.0s), 20/20 VUs, 34934 complete and 0 interrupted iterations
load-k6-1  | fspiopTransfers   [  59% ] 20/20 VUs  3m16.0s/5m30.0s
load-k6-1  | 
load-k6-1  | 
load-k6-1  | running (3m17.0s), 20/20 VUs, 35134 complete and 0 interrupted iterations
load-k6-1  | fspiopTransfers   [  60% ] 20/20 VUs  3m17.0s/5m30.0s
load-k6-1  | 
load-k6-1  | 
load-k6-1  | running (3m18.0s), 20/20 VUs, 35333 complete and 0 interrupted iterations
load-k6-1  | fspiopTransfers   [  60% ] 20/20 VUs  3m18.0s/5m30.0s
load-k6-1  | 
load-k6-1  | 
load-k6-1  | running (3m19.0s), 20/20 VUs, 35542 complete and 0 interrupted iterations
load-k6-1  | fspiopTransfers   [  60% ] 20/20 VUs  3m19.0s/5m30.0s
load-k6-1  | 
load-k6-1  | 
load-k6-1  | running (3m20.0s), 20/20 VUs, 35735 complete and 0 interrupted iterations
load-k6-1  | fspiopTransfers   [  61% ] 20/20 VUs  3m20.0s/5m30.0s
load-k6-1  | 
load-k6-1  | 
load-k6-1  | running (3m21.0s), 20/20 VUs, 35927 complete and 0 interrupted iterations
load-k6-1  | fspiopTransfers   [  61% ] 20/20 VUs  3m21.0s/5m30.0s
load-k6-1  | 
load-k6-1  | 
load-k6-1  | running (3m22.0s), 20/20 VUs, 36126 complete and 0 interrupted iterations
load-k6-1  | fspiopTransfers   [  61% ] 20/20 VUs  3m22.0s/5m30.0s
load-k6-1  | 
load-k6-1  | 
load-k6-1  | running (3m23.0s), 20/20 VUs, 36324 complete and 0 interrupted iterations
load-k6-1  | fspiopTransfers   [  62% ] 20/20 VUs  3m23.0s/5m30.0s
load-k6-1  | 
load-k6-1  | 
load-k6-1  | running (3m24.0s), 20/20 VUs, 36523 complete and 0 interrupted iterations
load-k6-1  | fspiopTransfers   [  62% ] 20/20 VUs  3m24.0s/5m30.0s
load-k6-1  | 
load-k6-1  | 
load-k6-1  | running (3m25.0s), 20/20 VUs, 36719 complete and 0 interrupted iterations
load-k6-1  | fspiopTransfers   [  62% ] 20/20 VUs  3m25.0s/5m30.0s
load-k6-1  | 
load-k6-1  | 
load-k6-1  | running (3m26.0s), 20/20 VUs, 36917 complete and 0 interrupted iterations
load-k6-1  | fspiopTransfers   [  62% ] 20/20 VUs  3m26.0s/5m30.0s
load-k6-1  | 
load-k6-1  | 
load-k6-1  | running (3m27.0s), 20/20 VUs, 37120 complete and 0 interrupted iterations
load-k6-1  | fspiopTransfers   [  63% ] 20/20 VUs  3m27.0s/5m30.0s
load-k6-1  | 
load-k6-1  | 
load-k6-1  | running (3m28.0s), 20/20 VUs, 37321 complete and 0 interrupted iterations
load-k6-1  | fspiopTransfers   [  63% ] 20/20 VUs  3m28.0s/5m30.0s
load-k6-1  | 
load-k6-1  | 
load-k6-1  | running (3m29.0s), 20/20 VUs, 37525 complete and 0 interrupted iterations
load-k6-1  | fspiopTransfers   [  63% ] 20/20 VUs  3m29.0s/5m30.0s
load-k6-1  | 
load-k6-1  | 
load-k6-1  | running (3m30.0s), 20/20 VUs, 37724 complete and 0 interrupted iterations
load-k6-1  | fspiopTransfers   [  64% ] 20/20 VUs  3m30.0s/5m30.0s
load-k6-1  | 
load-k6-1  | 
load-k6-1  | running (3m31.0s), 20/20 VUs, 37926 complete and 0 interrupted iterations
load-k6-1  | fspiopTransfers   [  64% ] 20/20 VUs  3m31.0s/5m30.0s
load-k6-1  | 
load-k6-1  | 
load-k6-1  | running (3m32.0s), 20/20 VUs, 38117 complete and 0 interrupted iterations
load-k6-1  | fspiopTransfers   [  64% ] 20/20 VUs  3m32.0s/5m30.0s
load-k6-1  | 
load-k6-1  | 
load-k6-1  | running (3m33.0s), 20/20 VUs, 38305 complete and 0 interrupted iterations
load-k6-1  | fspiopTransfers   [  65% ] 20/20 VUs  3m33.0s/5m30.0s
load-k6-1  | 
load-k6-1  | 
load-k6-1  | running (3m34.0s), 20/20 VUs, 38508 complete and 0 interrupted iterations
load-k6-1  | fspiopTransfers   [  65% ] 20/20 VUs  3m34.0s/5m30.0s
load-k6-1  | 
load-k6-1  | 
load-k6-1  | running (3m35.0s), 20/20 VUs, 38708 complete and 0 interrupted iterations
load-k6-1  | fspiopTransfers   [  65% ] 20/20 VUs  3m35.0s/5m30.0s
load-k6-1  | 
load-k6-1  | 
load-k6-1  | running (3m36.0s), 20/20 VUs, 38909 complete and 0 interrupted iterations
load-k6-1  | fspiopTransfers   [  65% ] 20/20 VUs  3m36.0s/5m30.0s
load-k6-1  | 
load-k6-1  | 
load-k6-1  | running (3m37.0s), 20/20 VUs, 39112 complete and 0 interrupted iterations
load-k6-1  | fspiopTransfers   [  66% ] 20/20 VUs  3m37.0s/5m30.0s
load-k6-1  | 
load-k6-1  | 
load-k6-1  | running (3m38.0s), 20/20 VUs, 39312 complete and 0 interrupted iterations
load-k6-1  | fspiopTransfers   [  66% ] 20/20 VUs  3m38.0s/5m30.0s
load-k6-1  | 
load-k6-1  | 
load-k6-1  | running (3m39.0s), 20/20 VUs, 39500 complete and 0 interrupted iterations
load-k6-1  | fspiopTransfers   [  66% ] 20/20 VUs  3m39.0s/5m30.0s
load-k6-1  | 
load-k6-1  | 
load-k6-1  | running (3m40.0s), 20/20 VUs, 39695 complete and 0 interrupted iterations
load-k6-1  | fspiopTransfers   [  67% ] 20/20 VUs  3m40.0s/5m30.0s
load-k6-1  | 
load-k6-1  | 
load-k6-1  | running (3m41.0s), 20/20 VUs, 39900 complete and 0 interrupted iterations
load-k6-1  | fspiopTransfers   [  67% ] 20/20 VUs  3m41.0s/5m30.0s
load-k6-1  | 
load-k6-1  | 
load-k6-1  | running (3m42.0s), 20/20 VUs, 40090 complete and 0 interrupted iterations
load-k6-1  | fspiopTransfers   [  67% ] 20/20 VUs  3m42.0s/5m30.0s
load-k6-1  | 
load-k6-1  | 
load-k6-1  | running (3m43.0s), 20/20 VUs, 40289 complete and 0 interrupted iterations
load-k6-1  | fspiopTransfers   [  68% ] 20/20 VUs  3m43.0s/5m30.0s
load-k6-1  | 
load-k6-1  | 
load-k6-1  | running (3m44.0s), 20/20 VUs, 40482 complete and 0 interrupted iterations
load-k6-1  | fspiopTransfers   [  68% ] 20/20 VUs  3m44.0s/5m30.0s
load-k6-1  | 
load-k6-1  | 
load-k6-1  | running (3m45.0s), 20/20 VUs, 40685 complete and 0 interrupted iterations
load-k6-1  | fspiopTransfers   [  68% ] 20/20 VUs  3m45.0s/5m30.0s
load-k6-1  | 
load-k6-1  | 
load-k6-1  | running (3m46.0s), 20/20 VUs, 40887 complete and 0 interrupted iterations
load-k6-1  | fspiopTransfers   [  68% ] 20/20 VUs  3m46.0s/5m30.0s
load-k6-1  | 
load-k6-1  | 
load-k6-1  | running (3m47.0s), 20/20 VUs, 41087 complete and 0 interrupted iterations
load-k6-1  | fspiopTransfers   [  69% ] 20/20 VUs  3m47.0s/5m30.0s
load-k6-1  | 
load-k6-1  | 
load-k6-1  | running (3m48.0s), 20/20 VUs, 41290 complete and 0 interrupted iterations
load-k6-1  | fspiopTransfers   [  69% ] 20/20 VUs  3m48.0s/5m30.0s
load-k6-1  | 
load-k6-1  | 
load-k6-1  | running (3m49.0s), 20/20 VUs, 41496 complete and 0 interrupted iterations
load-k6-1  | fspiopTransfers   [  69% ] 20/20 VUs  3m49.0s/5m30.0s
load-k6-1  | 
load-k6-1  | 
load-k6-1  | running (3m50.0s), 20/20 VUs, 41702 complete and 0 interrupted iterations
load-k6-1  | fspiopTransfers   [  70% ] 20/20 VUs  3m50.0s/5m30.0s
load-k6-1  | 
load-k6-1  | 
load-k6-1  | running (3m51.0s), 20/20 VUs, 41902 complete and 0 interrupted iterations
load-k6-1  | fspiopTransfers   [  70% ] 20/20 VUs  3m51.0s/5m30.0s
load-k6-1  | 
load-k6-1  | 
load-k6-1  | running (3m52.0s), 20/20 VUs, 42087 complete and 0 interrupted iterations
load-k6-1  | fspiopTransfers   [  70% ] 20/20 VUs  3m52.0s/5m30.0s
load-k6-1  | 
load-k6-1  | 
load-k6-1  | running (3m53.0s), 20/20 VUs, 42278 complete and 0 interrupted iterations
load-k6-1  | fspiopTransfers   [  71% ] 20/20 VUs  3m53.0s/5m30.0s
load-k6-1  | 
load-k6-1  | 
load-k6-1  | running (3m54.0s), 20/20 VUs, 42474 complete and 0 interrupted iterations
load-k6-1  | fspiopTransfers   [  71% ] 20/20 VUs  3m54.0s/5m30.0s
load-k6-1  | 
load-k6-1  | 
load-k6-1  | running (3m55.0s), 20/20 VUs, 42684 complete and 0 interrupted iterations
load-k6-1  | fspiopTransfers   [  71% ] 20/20 VUs  3m55.0s/5m30.0s
load-k6-1  | 
load-k6-1  | 
load-k6-1  | running (3m56.0s), 20/20 VUs, 42887 complete and 0 interrupted iterations
load-k6-1  | fspiopTransfers   [  72% ] 20/20 VUs  3m56.0s/5m30.0s
load-k6-1  | 
load-k6-1  | 
load-k6-1  | running (3m57.0s), 20/20 VUs, 43091 complete and 0 interrupted iterations
load-k6-1  | fspiopTransfers   [  72% ] 20/20 VUs  3m57.0s/5m30.0s
load-k6-1  | 
load-k6-1  | 
load-k6-1  | running (3m58.0s), 20/20 VUs, 43285 complete and 0 interrupted iterations
load-k6-1  | fspiopTransfers   [  72% ] 20/20 VUs  3m58.0s/5m30.0s
load-k6-1  | 
load-k6-1  | 
load-k6-1  | running (3m59.0s), 20/20 VUs, 43495 complete and 0 interrupted iterations
load-k6-1  | fspiopTransfers   [  72% ] 20/20 VUs  3m59.0s/5m30.0s
load-k6-1  | 
load-k6-1  | 
load-k6-1  | running (4m00.0s), 20/20 VUs, 43695 complete and 0 interrupted iterations
load-k6-1  | fspiopTransfers   [  73% ] 20/20 VUs  4m00.0s/5m30.0s
load-k6-1  | 
load-k6-1  | 
load-k6-1  | running (4m01.0s), 20/20 VUs, 43889 complete and 0 interrupted iterations
load-k6-1  | fspiopTransfers   [  73% ] 20/20 VUs  4m01.0s/5m30.0s
load-k6-1  | 
load-k6-1  | 
load-k6-1  | running (4m02.0s), 20/20 VUs, 44093 complete and 0 interrupted iterations
load-k6-1  | fspiopTransfers   [  73% ] 20/20 VUs  4m02.0s/5m30.0s
load-k6-1  | 
load-k6-1  | 
load-k6-1  | running (4m03.0s), 20/20 VUs, 44291 complete and 0 interrupted iterations
load-k6-1  | fspiopTransfers   [  74% ] 20/20 VUs  4m03.0s/5m30.0s
load-k6-1  | 
load-k6-1  | 
load-k6-1  | running (4m04.0s), 20/20 VUs, 44492 complete and 0 interrupted iterations
load-k6-1  | fspiopTransfers   [  74% ] 20/20 VUs  4m04.0s/5m30.0s
load-k6-1  | 
load-k6-1  | 
load-k6-1  | running (4m05.0s), 20/20 VUs, 44688 complete and 0 interrupted iterations
load-k6-1  | fspiopTransfers   [  74% ] 20/20 VUs  4m05.0s/5m30.0s
load-k6-1  | 
load-k6-1  | 
load-k6-1  | running (4m06.0s), 20/20 VUs, 44893 complete and 0 interrupted iterations
load-k6-1  | fspiopTransfers   [  75% ] 20/20 VUs  4m06.0s/5m30.0s
load-k6-1  | 
load-k6-1  | 
load-k6-1  | running (4m07.0s), 20/20 VUs, 45096 complete and 0 interrupted iterations
load-k6-1  | fspiopTransfers   [  75% ] 20/20 VUs  4m07.0s/5m30.0s
load-k6-1  | 
load-k6-1  | 
load-k6-1  | running (4m08.0s), 20/20 VUs, 45283 complete and 0 interrupted iterations
load-k6-1  | fspiopTransfers   [  75% ] 20/20 VUs  4m08.0s/5m30.0s
load-k6-1  | 
load-k6-1  | 
load-k6-1  | running (4m09.0s), 20/20 VUs, 45481 complete and 0 interrupted iterations
load-k6-1  | fspiopTransfers   [  75% ] 20/20 VUs  4m09.0s/5m30.0s
load-k6-1  | 
load-k6-1  | 
load-k6-1  | running (4m10.0s), 20/20 VUs, 45678 complete and 0 interrupted iterations
load-k6-1  | fspiopTransfers   [  76% ] 20/20 VUs  4m10.0s/5m30.0s
load-k6-1  | 
load-k6-1  | 
load-k6-1  | running (4m11.0s), 20/20 VUs, 45883 complete and 0 interrupted iterations
load-k6-1  | fspiopTransfers   [  76% ] 20/20 VUs  4m11.0s/5m30.0s
load-k6-1  | 
load-k6-1  | 
load-k6-1  | running (4m12.0s), 20/20 VUs, 46067 complete and 0 interrupted iterations
load-k6-1  | fspiopTransfers   [  76% ] 20/20 VUs  4m12.0s/5m30.0s
load-k6-1  | 
load-k6-1  | 
load-k6-1  | running (4m13.0s), 20/20 VUs, 46266 complete and 0 interrupted iterations
load-k6-1  | fspiopTransfers   [  77% ] 20/20 VUs  4m13.0s/5m30.0s
load-k6-1  | 
load-k6-1  | 
load-k6-1  | running (4m14.0s), 20/20 VUs, 46465 complete and 0 interrupted iterations
load-k6-1  | fspiopTransfers   [  77% ] 20/20 VUs  4m14.0s/5m30.0s
load-k6-1  | 
load-k6-1  | 
load-k6-1  | running (4m15.0s), 20/20 VUs, 46667 complete and 0 interrupted iterations
load-k6-1  | fspiopTransfers   [  77% ] 20/20 VUs  4m15.0s/5m30.0s
load-k6-1  | 
load-k6-1  | 
load-k6-1  | running (4m16.0s), 20/20 VUs, 46867 complete and 0 interrupted iterations
load-k6-1  | fspiopTransfers   [  78% ] 20/20 VUs  4m16.0s/5m30.0s
load-k6-1  | 
load-k6-1  | 
load-k6-1  | running (4m17.0s), 20/20 VUs, 47065 complete and 0 interrupted iterations
load-k6-1  | fspiopTransfers   [  78% ] 20/20 VUs  4m17.0s/5m30.0s
load-k6-1  | 
load-k6-1  | 
load-k6-1  | running (4m18.0s), 20/20 VUs, 47270 complete and 0 interrupted iterations
load-k6-1  | fspiopTransfers   [  78% ] 20/20 VUs  4m18.0s/5m30.0s
load-k6-1  | 
load-k6-1  | 
load-k6-1  | running (4m19.0s), 20/20 VUs, 47475 complete and 0 interrupted iterations
load-k6-1  | fspiopTransfers   [  78% ] 20/20 VUs  4m19.0s/5m30.0s
load-k6-1  | 
load-k6-1  | 
load-k6-1  | running (4m20.0s), 20/20 VUs, 47676 complete and 0 interrupted iterations
load-k6-1  | fspiopTransfers   [  79% ] 20/20 VUs  4m20.0s/5m30.0s
load-k6-1  | 
load-k6-1  | 
load-k6-1  | running (4m21.0s), 20/20 VUs, 47870 complete and 0 interrupted iterations
load-k6-1  | fspiopTransfers   [  79% ] 20/20 VUs  4m21.0s/5m30.0s
load-k6-1  | 
load-k6-1  | 
load-k6-1  | running (4m22.0s), 20/20 VUs, 48071 complete and 0 interrupted iterations
load-k6-1  | fspiopTransfers   [  79% ] 20/20 VUs  4m22.0s/5m30.0s
load-k6-1  | 
load-k6-1  | 
load-k6-1  | running (4m23.0s), 20/20 VUs, 48271 complete and 0 interrupted iterations
load-k6-1  | fspiopTransfers   [  80% ] 20/20 VUs  4m23.0s/5m30.0s
load-k6-1  | 
load-k6-1  | 
load-k6-1  | running (4m24.0s), 20/20 VUs, 48449 complete and 0 interrupted iterations
load-k6-1  | fspiopTransfers   [  80% ] 20/20 VUs  4m24.0s/5m30.0s
load-k6-1  | 
load-k6-1  | 
load-k6-1  | running (4m25.0s), 20/20 VUs, 48637 complete and 0 interrupted iterations
load-k6-1  | fspiopTransfers   [  80% ] 20/20 VUs  4m25.0s/5m30.0s
load-k6-1  | 
load-k6-1  | 
load-k6-1  | running (4m26.0s), 20/20 VUs, 48841 complete and 0 interrupted iterations
load-k6-1  | fspiopTransfers   [  81% ] 20/20 VUs  4m26.0s/5m30.0s
load-k6-1  | 
load-k6-1  | 
load-k6-1  | running (4m27.0s), 20/20 VUs, 49042 complete and 0 interrupted iterations
load-k6-1  | fspiopTransfers   [  81% ] 20/20 VUs  4m27.0s/5m30.0s
load-k6-1  | 
load-k6-1  | 
load-k6-1  | running (4m28.0s), 20/20 VUs, 49251 complete and 0 interrupted iterations
load-k6-1  | fspiopTransfers   [  81% ] 20/20 VUs  4m28.0s/5m30.0s
load-k6-1  | 
load-k6-1  | 
load-k6-1  | running (4m29.0s), 20/20 VUs, 49454 complete and 0 interrupted iterations
load-k6-1  | fspiopTransfers   [  82% ] 20/20 VUs  4m29.0s/5m30.0s
load-k6-1  | 
load-k6-1  | 
load-k6-1  | running (4m30.0s), 20/20 VUs, 49650 complete and 0 interrupted iterations
load-k6-1  | fspiopTransfers   [  82% ] 20/20 VUs  4m30.0s/5m30.0s
load-k6-1  | 
load-k6-1  | 
load-k6-1  | running (4m31.0s), 20/20 VUs, 49850 complete and 0 interrupted iterations
load-k6-1  | fspiopTransfers   [  82% ] 20/20 VUs  4m31.0s/5m30.0s
load-k6-1  | 
load-k6-1  | 
load-k6-1  | running (4m32.0s), 20/20 VUs, 50042 complete and 0 interrupted iterations
load-k6-1  | fspiopTransfers   [  82% ] 20/20 VUs  4m32.0s/5m30.0s
load-k6-1  | 
load-k6-1  | 
load-k6-1  | running (4m33.0s), 20/20 VUs, 50224 complete and 0 interrupted iterations
load-k6-1  | fspiopTransfers   [  83% ] 20/20 VUs  4m33.0s/5m30.0s
load-k6-1  | 
load-k6-1  | 
load-k6-1  | running (4m34.0s), 20/20 VUs, 50422 complete and 0 interrupted iterations
load-k6-1  | fspiopTransfers   [  83% ] 20/20 VUs  4m34.0s/5m30.0s
load-k6-1  | 
load-k6-1  | 
load-k6-1  | running (4m35.0s), 20/20 VUs, 50628 complete and 0 interrupted iterations
load-k6-1  | fspiopTransfers   [  83% ] 20/20 VUs  4m35.0s/5m30.0s
load-k6-1  | 
load-k6-1  | 
load-k6-1  | running (4m36.0s), 20/20 VUs, 50811 complete and 0 interrupted iterations
load-k6-1  | fspiopTransfers   [  84% ] 20/20 VUs  4m36.0s/5m30.0s
load-k6-1  | 
load-k6-1  | 
load-k6-1  | running (4m37.0s), 20/20 VUs, 51016 complete and 0 interrupted iterations
load-k6-1  | fspiopTransfers   [  84% ] 20/20 VUs  4m37.0s/5m30.0s
load-k6-1  | 
load-k6-1  | 
load-k6-1  | running (4m38.0s), 20/20 VUs, 51221 complete and 0 interrupted iterations
load-k6-1  | fspiopTransfers   [  84% ] 20/20 VUs  4m38.0s/5m30.0s
load-k6-1  | 
load-k6-1  | 
load-k6-1  | running (4m39.0s), 20/20 VUs, 51421 complete and 0 interrupted iterations
load-k6-1  | fspiopTransfers   [  85% ] 20/20 VUs  4m39.0s/5m30.0s
load-k6-1  | 
load-k6-1  | 
load-k6-1  | running (4m40.0s), 20/20 VUs, 51627 complete and 0 interrupted iterations
load-k6-1  | fspiopTransfers   [  85% ] 20/20 VUs  4m40.0s/5m30.0s
load-k6-1  | 
load-k6-1  | 
load-k6-1  | running (4m41.0s), 20/20 VUs, 51829 complete and 0 interrupted iterations
load-k6-1  | fspiopTransfers   [  85% ] 20/20 VUs  4m41.0s/5m30.0s
load-k6-1  | 
load-k6-1  | 
load-k6-1  | running (4m42.0s), 20/20 VUs, 52028 complete and 0 interrupted iterations
load-k6-1  | fspiopTransfers   [  85% ] 20/20 VUs  4m42.0s/5m30.0s
load-k6-1  | 
load-k6-1  | 
load-k6-1  | running (4m43.0s), 20/20 VUs, 52225 complete and 0 interrupted iterations
load-k6-1  | fspiopTransfers   [  86% ] 20/20 VUs  4m43.0s/5m30.0s
load-k6-1  | 
load-k6-1  | 
load-k6-1  | running (4m44.0s), 20/20 VUs, 52423 complete and 0 interrupted iterations
load-k6-1  | fspiopTransfers   [  86% ] 20/20 VUs  4m44.0s/5m30.0s
load-k6-1  | 
load-k6-1  | 
load-k6-1  | running (4m45.0s), 20/20 VUs, 52628 complete and 0 interrupted iterations
load-k6-1  | fspiopTransfers   [  86% ] 20/20 VUs  4m45.0s/5m30.0s
load-k6-1  | 
load-k6-1  | 
load-k6-1  | running (4m46.0s), 20/20 VUs, 52832 complete and 0 interrupted iterations
load-k6-1  | fspiopTransfers   [  87% ] 20/20 VUs  4m46.0s/5m30.0s
load-k6-1  | 
load-k6-1  | 
load-k6-1  | running (4m47.0s), 20/20 VUs, 53018 complete and 0 interrupted iterations
load-k6-1  | fspiopTransfers   [  87% ] 20/20 VUs  4m47.0s/5m30.0s
load-k6-1  | 
load-k6-1  | 
load-k6-1  | running (4m48.0s), 20/20 VUs, 53226 complete and 0 interrupted iterations
load-k6-1  | fspiopTransfers   [  87% ] 20/20 VUs  4m48.0s/5m30.0s
load-k6-1  | 
load-k6-1  | 
load-k6-1  | running (4m49.0s), 20/20 VUs, 53422 complete and 0 interrupted iterations
load-k6-1  | fspiopTransfers   [  88% ] 20/20 VUs  4m49.0s/5m30.0s
load-k6-1  | 
load-k6-1  | 
load-k6-1  | running (4m50.0s), 20/20 VUs, 53620 complete and 0 interrupted iterations
load-k6-1  | fspiopTransfers   [  88% ] 20/20 VUs  4m50.0s/5m30.0s
load-k6-1  | 
load-k6-1  | 
load-k6-1  | running (4m51.0s), 20/20 VUs, 53821 complete and 0 interrupted iterations
load-k6-1  | fspiopTransfers   [  88% ] 20/20 VUs  4m51.0s/5m30.0s
load-k6-1  | 
load-k6-1  | 
load-k6-1  | running (4m52.0s), 20/20 VUs, 54028 complete and 0 interrupted iterations
load-k6-1  | fspiopTransfers   [  88% ] 20/20 VUs  4m52.0s/5m30.0s
load-k6-1  | 
load-k6-1  | 
load-k6-1  | running (4m53.0s), 20/20 VUs, 54234 complete and 0 interrupted iterations
load-k6-1  | fspiopTransfers   [  89% ] 20/20 VUs  4m53.0s/5m30.0s
load-k6-1  | 
load-k6-1  | 
load-k6-1  | running (4m54.0s), 20/20 VUs, 54432 complete and 0 interrupted iterations
load-k6-1  | fspiopTransfers   [  89% ] 20/20 VUs  4m54.0s/5m30.0s
load-k6-1  | 
load-k6-1  | 
load-k6-1  | running (4m55.0s), 20/20 VUs, 54636 complete and 0 interrupted iterations
load-k6-1  | fspiopTransfers   [  89% ] 20/20 VUs  4m55.0s/5m30.0s
load-k6-1  | 
load-k6-1  | 
load-k6-1  | running (4m56.0s), 20/20 VUs, 54838 complete and 0 interrupted iterations
load-k6-1  | fspiopTransfers   [  90% ] 20/20 VUs  4m56.0s/5m30.0s
load-k6-1  | 
load-k6-1  | 
load-k6-1  | running (4m57.0s), 20/20 VUs, 55028 complete and 0 interrupted iterations
load-k6-1  | fspiopTransfers   [  90% ] 20/20 VUs  4m57.0s/5m30.0s
load-k6-1  | 
load-k6-1  | 
load-k6-1  | running (4m58.0s), 20/20 VUs, 55233 complete and 0 interrupted iterations
load-k6-1  | fspiopTransfers   [  90% ] 20/20 VUs  4m58.0s/5m30.0s
load-k6-1  | 
load-k6-1  | 
load-k6-1  | running (4m59.0s), 20/20 VUs, 55426 complete and 0 interrupted iterations
load-k6-1  | fspiopTransfers   [  91% ] 20/20 VUs  4m59.0s/5m30.0s
load-k6-1  | 
load-k6-1  | 
load-k6-1  | running (5m00.0s), 20/20 VUs, 55623 complete and 0 interrupted iterations
load-k6-1  | fspiopTransfers   [  91% ] 20/20 VUs  5m00.0s/5m30.0s
load-k6-1  | 
load-k6-1  | 
load-k6-1  | running (5m01.0s), 20/20 VUs, 55830 complete and 0 interrupted iterations
load-k6-1  | fspiopTransfers   [  91% ] 20/20 VUs  5m01.0s/5m30.0s
load-k6-1  | 
load-k6-1  | 
load-k6-1  | running (5m02.0s), 20/20 VUs, 56030 complete and 0 interrupted iterations
load-k6-1  | fspiopTransfers   [  92% ] 20/20 VUs  5m02.0s/5m30.0s
load-k6-1  | 
load-k6-1  | 
load-k6-1  | running (5m03.0s), 20/20 VUs, 56227 complete and 0 interrupted iterations
load-k6-1  | fspiopTransfers   [  92% ] 20/20 VUs  5m03.0s/5m30.0s
load-k6-1  | 
load-k6-1  | 
load-k6-1  | running (5m04.0s), 20/20 VUs, 56422 complete and 0 interrupted iterations
load-k6-1  | fspiopTransfers   [  92% ] 20/20 VUs  5m04.0s/5m30.0s
load-k6-1  | 
load-k6-1  | 
load-k6-1  | running (5m05.0s), 20/20 VUs, 56613 complete and 0 interrupted iterations
load-k6-1  | fspiopTransfers   [  92% ] 20/20 VUs  5m05.0s/5m30.0s
load-k6-1  | 
load-k6-1  | 
load-k6-1  | running (5m06.0s), 20/20 VUs, 56812 complete and 0 interrupted iterations
load-k6-1  | fspiopTransfers   [  93% ] 20/20 VUs  5m06.0s/5m30.0s
load-k6-1  | 
load-k6-1  | 
load-k6-1  | running (5m07.0s), 20/20 VUs, 57010 complete and 0 interrupted iterations
load-k6-1  | fspiopTransfers   [  93% ] 20/20 VUs  5m07.0s/5m30.0s
load-k6-1  | 
load-k6-1  | 
load-k6-1  | running (5m08.0s), 20/20 VUs, 57223 complete and 0 interrupted iterations
load-k6-1  | fspiopTransfers   [  93% ] 20/20 VUs  5m08.0s/5m30.0s
load-k6-1  | 
load-k6-1  | 
load-k6-1  | running (5m09.0s), 20/20 VUs, 57426 complete and 0 interrupted iterations
load-k6-1  | fspiopTransfers   [  94% ] 20/20 VUs  5m09.0s/5m30.0s
load-k6-1  | 
load-k6-1  | 
load-k6-1  | running (5m10.0s), 20/20 VUs, 57625 complete and 0 interrupted iterations
load-k6-1  | fspiopTransfers   [  94% ] 20/20 VUs  5m10.0s/5m30.0s
load-k6-1  | 
load-k6-1  | 
load-k6-1  | running (5m11.0s), 20/20 VUs, 57829 complete and 0 interrupted iterations
load-k6-1  | fspiopTransfers   [  94% ] 20/20 VUs  5m11.0s/5m30.0s
load-k6-1  | 
load-k6-1  | 
load-k6-1  | running (5m12.0s), 20/20 VUs, 58013 complete and 0 interrupted iterations
load-k6-1  | fspiopTransfers   [  95% ] 20/20 VUs  5m12.0s/5m30.0s
load-k6-1  | 
load-k6-1  | 
load-k6-1  | running (5m13.0s), 20/20 VUs, 58211 complete and 0 interrupted iterations
load-k6-1  | fspiopTransfers   [  95% ] 20/20 VUs  5m13.0s/5m30.0s
load-k6-1  | 
load-k6-1  | 
load-k6-1  | running (5m14.0s), 20/20 VUs, 58404 complete and 0 interrupted iterations
load-k6-1  | fspiopTransfers   [  95% ] 20/20 VUs  5m14.0s/5m30.0s
load-k6-1  | 
load-k6-1  | 
load-k6-1  | running (5m15.0s), 20/20 VUs, 58599 complete and 0 interrupted iterations
load-k6-1  | fspiopTransfers   [  95% ] 20/20 VUs  5m15.0s/5m30.0s
load-k6-1  | 
load-k6-1  | 
load-k6-1  | running (5m16.0s), 20/20 VUs, 58808 complete and 0 interrupted iterations
load-k6-1  | fspiopTransfers   [  96% ] 20/20 VUs  5m16.0s/5m30.0s
load-k6-1  | 
load-k6-1  | 
load-k6-1  | running (5m17.0s), 20/20 VUs, 59007 complete and 0 interrupted iterations
load-k6-1  | fspiopTransfers   [  96% ] 20/20 VUs  5m17.0s/5m30.0s
load-k6-1  | 
load-k6-1  | 
load-k6-1  | running (5m18.0s), 20/20 VUs, 59206 complete and 0 interrupted iterations
load-k6-1  | fspiopTransfers   [  96% ] 20/20 VUs  5m18.0s/5m30.0s
load-k6-1  | 
load-k6-1  | 
load-k6-1  | running (5m19.0s), 20/20 VUs, 59409 complete and 0 interrupted iterations
load-k6-1  | fspiopTransfers   [  97% ] 20/20 VUs  5m19.0s/5m30.0s
load-k6-1  | 
load-k6-1  | 
load-k6-1  | running (5m20.0s), 20/20 VUs, 59610 complete and 0 interrupted iterations
load-k6-1  | fspiopTransfers   [  97% ] 20/20 VUs  5m20.0s/5m30.0s
load-k6-1  | 
load-k6-1  | 
load-k6-1  | running (5m21.0s), 20/20 VUs, 59812 complete and 0 interrupted iterations
load-k6-1  | fspiopTransfers   [  97% ] 20/20 VUs  5m21.0s/5m30.0s
load-k6-1  | 
load-k6-1  | 
load-k6-1  | running (5m22.0s), 20/20 VUs, 60014 complete and 0 interrupted iterations
load-k6-1  | fspiopTransfers   [  98% ] 20/20 VUs  5m22.0s/5m30.0s
load-k6-1  | 
load-k6-1  | 
load-k6-1  | running (5m23.0s), 20/20 VUs, 60216 complete and 0 interrupted iterations
load-k6-1  | fspiopTransfers   [  98% ] 20/20 VUs  5m23.0s/5m30.0s
load-k6-1  | 
load-k6-1  | 
load-k6-1  | running (5m24.0s), 20/20 VUs, 60410 complete and 0 interrupted iterations
load-k6-1  | fspiopTransfers   [  98% ] 20/20 VUs  5m24.0s/5m30.0s
load-k6-1  | 
load-k6-1  | 
load-k6-1  | running (5m25.0s), 20/20 VUs, 60610 complete and 0 interrupted iterations
load-k6-1  | fspiopTransfers   [  98% ] 20/20 VUs  5m25.0s/5m30.0s
load-k6-1  | 
load-k6-1  | 
load-k6-1  | running (5m26.0s), 20/20 VUs, 60797 complete and 0 interrupted iterations
load-k6-1  | fspiopTransfers   [  99% ] 20/20 VUs  5m26.0s/5m30.0s
load-k6-1  | 
load-k6-1  | 
load-k6-1  | running (5m27.0s), 20/20 VUs, 61004 complete and 0 interrupted iterations
load-k6-1  | fspiopTransfers   [  99% ] 20/20 VUs  5m27.0s/5m30.0s
load-k6-1  | 
load-k6-1  | 
load-k6-1  | running (5m28.0s), 20/20 VUs, 61197 complete and 0 interrupted iterations
load-k6-1  | fspiopTransfers   [  99% ] 20/20 VUs  5m28.0s/5m30.0s
load-k6-1  | 
load-k6-1  | 
load-k6-1  | running (5m29.0s), 20/20 VUs, 61384 complete and 0 interrupted iterations
load-k6-1  | fspiopTransfers   [ 100% ] 20/20 VUs  5m29.0s/5m30.0s
load-k6-1  | 
load-k6-1  | 
load-k6-1  | running (5m30.0s), 20/20 VUs, 61587 complete and 0 interrupted iterations
load-k6-1  | fspiopTransfers   [ 100% ] 20/20 VUs  5m30.0s/5m30.0s
load-k6-1  | 
load-k6-1  | 
load-k6-1  |      ✓ TRANSFERS_FSPIOP_POST_TRANSFERS_RESPONSE_IS_202
load-k6-1  |      ✓ TRANSFERS_E2E_FSPIOP_POST_TRANSFERS_SUCCESS
load-k6-1  | 
load-k6-1  |      █ Post Transfers
load-k6-1  | 
load-k6-1  |      checks.........................: 100.00% ✓ 123214     ✗ 0    
load-k6-1  |      data_received..................: 19 MB   58 kB/s
load-k6-1  |      data_sent......................: 128 MB  387 kB/s
load-k6-1  |      group_duration.................: avg=278.35µs min=144.77µs med=267.61µs max=22.07ms  p(90)=317.17µs p(95)=346.15µs
load-k6-1  |      http_req_blocked...............: avg=5.38µs   min=1.89µs   med=4.75µs   max=2.65ms   p(90)=5.93µs   p(95)=6.47µs  
load-k6-1  |      http_req_connecting............: avg=49ns     min=0s       med=0s       max=302.99µs p(90)=0s       p(95)=0s      
load-k6-1  |    ✓ http_req_duration..............: avg=1.76ms   min=838.37µs med=1.65ms   max=32.76ms  p(90)=2.27ms   p(95)=2.66ms  
load-k6-1  |        { expected_response:true }...: avg=1.76ms   min=838.37µs med=1.65ms   max=32.76ms  p(90)=2.27ms   p(95)=2.66ms  
load-k6-1  |    ✓ http_req_failed................: 0.00%   ✓ 0          ✗ 61607
load-k6-1  |      http_req_receiving.............: avg=38.47µs  min=10.47µs  med=35.8µs   max=15.27ms  p(90)=49.36µs  p(95)=54.56µs 
load-k6-1  |      http_req_sending...............: avg=25.41µs  min=10.79µs  med=23.52µs  max=3.65ms   p(90)=30.48µs  p(95)=34.27µs 
load-k6-1  |      http_req_tls_handshaking.......: avg=0s       min=0s       med=0s       max=0s       p(90)=0s       p(95)=0s      
load-k6-1  |      http_req_waiting...............: avg=1.7ms    min=798.97µs med=1.59ms   max=32.69ms  p(90)=2.21ms   p(95)=2.59ms  
load-k6-1  |      http_reqs......................: 61607   186.644471/s
load-k6-1  |    ✓ iteration_duration.............: avg=102.25ms min=65.04ms  med=99.46ms  max=314.36ms p(90)=125.71ms p(95)=135.74ms
load-k6-1  |      iterations.....................: 61607   186.644471/s
load-k6-1  |      vus............................: 20      min=1        max=20 
load-k6-1  |      vus_max........................: 20      min=20       max=20 
load-k6-1  |      ws_connecting..................: avg=698.76µs min=258.68µs med=579.88µs max=32.13ms  p(90)=1.05ms   p(95)=1.34ms  
load-k6-1  |      ws_msgs_received...............: 61607   186.644471/s
load-k6-1  |      ws_msgs_sent...................: 61607   186.644471/s
load-k6-1  |      ws_session_duration............: avg=101.87ms min=64.63ms  med=99.08ms  max=313.95ms p(90)=125.33ms p(95)=135.3ms 
load-k6-1  |      ws_sessions....................: 61607   186.644471/s
load-k6-1  | 
load-k6-1  | 
load-k6-1  | running (5m30.1s), 00/20 VUs, 61607 complete and 0 interrupted iterations
load-k6-1  | fspiopTransfers ✓ [ 100% ] 00/20 VUs  5m30s
load-k6-1  | 
load-k6-1 exited with code 0
