Attaching to load-k6-1
load-k6-1  | 
load-k6-1  |           /\      |‾‾| /‾‾/   /‾‾/   
load-k6-1  |      /\  /  \     |  |/  /   /  /    
load-k6-1  |     /  \/    \    |     (   /   ‾‾\  
load-k6-1  |    /          \   |  |\  \ |  (‾)  | 
load-k6-1  |   / __________ \  |__| \__\ \_____/ .io
load-k6-1  | 
load-k6-1  | 
load-k6-1  |   execution: local
load-k6-1  |      script: /scripts/index.js
load-k6-1  |      output: Prometheus remote write (http://prometheus:9090/api/v1/write)
load-k6-1  | 
load-k6-1  |   scenarios: (100.00%) 1 scenario, 6 max VUs, 6m0s max duration (incl. graceful stop):
load-k6-1  |            * fspiopTransfers: Up to 6 looping VUs for 5m30s over 2 stages (gracefulRampDown: 30s, exec: fspiopTransfersScenarios, gracefulStop: 30s)
load-k6-1  | 
load-k6-1  | 
load-k6-1  | 
load-k6-1  | running (0m01.0s), 1/6 VUs, 15 complete and 0 interrupted iterations
load-k6-1  | fspiopTransfers   [   0% ] 1/6 VUs  0m01.0s/5m30.0s
load-k6-1  | 
load-k6-1  | 
load-k6-1  | running (0m02.0s), 1/6 VUs, 31 complete and 0 interrupted iterations
load-k6-1  | fspiopTransfers   [   1% ] 1/6 VUs  0m02.0s/5m30.0s
load-k6-1  | 
load-k6-1  | 
load-k6-1  | running (0m03.0s), 1/6 VUs, 47 complete and 0 interrupted iterations
load-k6-1  | fspiopTransfers   [   1% ] 1/6 VUs  0m03.0s/5m30.0s
load-k6-1  | 
load-k6-1  | 
load-k6-1  | running (0m04.0s), 1/6 VUs, 64 complete and 0 interrupted iterations
load-k6-1  | fspiopTransfers   [   1% ] 1/6 VUs  0m04.0s/5m30.0s
load-k6-1  | 
load-k6-1  | 
load-k6-1  | running (0m05.0s), 1/6 VUs, 81 complete and 0 interrupted iterations
load-k6-1  | fspiopTransfers   [   2% ] 1/6 VUs  0m05.0s/5m30.0s
load-k6-1  | 
load-k6-1  | 
load-k6-1  | running (0m06.0s), 1/6 VUs, 99 complete and 0 interrupted iterations
load-k6-1  | fspiopTransfers   [   2% ] 1/6 VUs  0m06.0s/5m30.0s
load-k6-1  | 
load-k6-1  | 
load-k6-1  | running (0m07.0s), 2/6 VUs, 132 complete and 0 interrupted iterations
load-k6-1  | fspiopTransfers   [   2% ] 2/6 VUs  0m07.0s/5m30.0s
load-k6-1  | 
load-k6-1  | 
load-k6-1  | running (0m08.0s), 2/6 VUs, 165 complete and 0 interrupted iterations
load-k6-1  | fspiopTransfers   [   2% ] 2/6 VUs  0m08.0s/5m30.0s
load-k6-1  | 
load-k6-1  | 
load-k6-1  | running (0m09.0s), 2/6 VUs, 199 complete and 0 interrupted iterations
load-k6-1  | fspiopTransfers   [   3% ] 2/6 VUs  0m09.0s/5m30.0s
load-k6-1  | 
load-k6-1  | 
load-k6-1  | running (0m10.0s), 2/6 VUs, 232 complete and 0 interrupted iterations
load-k6-1  | fspiopTransfers   [   3% ] 2/6 VUs  0m10.0s/5m30.0s
load-k6-1  | 
load-k6-1  | 
load-k6-1  | running (0m11.0s), 2/6 VUs, 267 complete and 0 interrupted iterations
load-k6-1  | fspiopTransfers   [   3% ] 2/6 VUs  0m11.0s/5m30.0s
load-k6-1  | 
load-k6-1  | 
load-k6-1  | running (0m12.0s), 2/6 VUs, 299 complete and 0 interrupted iterations
load-k6-1  | fspiopTransfers   [   4% ] 2/6 VUs  0m12.0s/5m30.0s
load-k6-1  | 
load-k6-1  | 
load-k6-1  | running (0m13.0s), 3/6 VUs, 348 complete and 0 interrupted iterations
load-k6-1  | fspiopTransfers   [   4% ] 3/6 VUs  0m13.0s/5m30.0s
load-k6-1  | 
load-k6-1  | 
load-k6-1  | running (0m14.0s), 3/6 VUs, 397 complete and 0 interrupted iterations
load-k6-1  | fspiopTransfers   [   4% ] 3/6 VUs  0m14.0s/5m30.0s
load-k6-1  | 
load-k6-1  | 
load-k6-1  | running (0m15.0s), 3/6 VUs, 448 complete and 0 interrupted iterations
load-k6-1  | fspiopTransfers   [   5% ] 3/6 VUs  0m15.0s/5m30.0s
load-k6-1  | 
load-k6-1  | 
load-k6-1  | running (0m16.0s), 3/6 VUs, 496 complete and 0 interrupted iterations
load-k6-1  | fspiopTransfers   [   5% ] 3/6 VUs  0m16.0s/5m30.0s
load-k6-1  | 
load-k6-1  | 
load-k6-1  | running (0m17.0s), 3/6 VUs, 544 complete and 0 interrupted iterations
load-k6-1  | fspiopTransfers   [   5% ] 3/6 VUs  0m17.0s/5m30.0s
load-k6-1  | 
load-k6-1  | 
load-k6-1  | running (0m18.0s), 3/6 VUs, 593 complete and 0 interrupted iterations
load-k6-1  | fspiopTransfers   [   5% ] 3/6 VUs  0m18.0s/5m30.0s
load-k6-1  | 
load-k6-1  | 
load-k6-1  | running (0m19.0s), 4/6 VUs, 659 complete and 0 interrupted iterations
load-k6-1  | fspiopTransfers   [   6% ] 4/6 VUs  0m19.0s/5m30.0s
load-k6-1  | 
load-k6-1  | 
load-k6-1  | running (0m20.0s), 4/6 VUs, 723 complete and 0 interrupted iterations
load-k6-1  | fspiopTransfers   [   6% ] 4/6 VUs  0m20.0s/5m30.0s
load-k6-1  | 
load-k6-1  | 
load-k6-1  | running (0m21.0s), 4/6 VUs, 791 complete and 0 interrupted iterations
load-k6-1  | fspiopTransfers   [   6% ] 4/6 VUs  0m21.0s/5m30.0s
load-k6-1  | 
load-k6-1  | 
load-k6-1  | running (0m22.0s), 4/6 VUs, 857 complete and 0 interrupted iterations
load-k6-1  | fspiopTransfers   [   7% ] 4/6 VUs  0m22.0s/5m30.0s
load-k6-1  | 
load-k6-1  | 
load-k6-1  | running (0m23.0s), 4/6 VUs, 927 complete and 0 interrupted iterations
load-k6-1  | fspiopTransfers   [   7% ] 4/6 VUs  0m23.0s/5m30.0s
load-k6-1  | 
load-k6-1  | 
load-k6-1  | running (0m24.0s), 4/6 VUs, 993 complete and 0 interrupted iterations
load-k6-1  | fspiopTransfers   [   7% ] 4/6 VUs  0m24.0s/5m30.0s
load-k6-1  | 
load-k6-1  | 
load-k6-1  | running (0m25.0s), 5/6 VUs, 1074 complete and 0 interrupted iterations
load-k6-1  | fspiopTransfers   [   8% ] 5/6 VUs  0m25.0s/5m30.0s
load-k6-1  | 
load-k6-1  | 
load-k6-1  | running (0m26.0s), 5/6 VUs, 1155 complete and 0 interrupted iterations
load-k6-1  | fspiopTransfers   [   8% ] 5/6 VUs  0m26.0s/5m30.0s
load-k6-1  | 
load-k6-1  | 
load-k6-1  | running (0m27.0s), 5/6 VUs, 1237 complete and 0 interrupted iterations
load-k6-1  | fspiopTransfers   [   8% ] 5/6 VUs  0m27.0s/5m30.0s
load-k6-1  | 
load-k6-1  | 
load-k6-1  | running (0m28.0s), 5/6 VUs, 1319 complete and 0 interrupted iterations
load-k6-1  | fspiopTransfers   [   8% ] 5/6 VUs  0m28.0s/5m30.0s
load-k6-1  | 
load-k6-1  | 
load-k6-1  | running (0m29.0s), 5/6 VUs, 1400 complete and 0 interrupted iterations
load-k6-1  | fspiopTransfers   [   9% ] 5/6 VUs  0m29.0s/5m30.0s
load-k6-1  | 
load-k6-1  | 
load-k6-1  | running (0m30.0s), 5/6 VUs, 1486 complete and 0 interrupted iterations
load-k6-1  | fspiopTransfers   [   9% ] 5/6 VUs  0m30.0s/5m30.0s
load-k6-1  | 
load-k6-1  | 
load-k6-1  | running (0m31.0s), 6/6 VUs, 1582 complete and 0 interrupted iterations
load-k6-1  | fspiopTransfers   [   9% ] 6/6 VUs  0m31.0s/5m30.0s
load-k6-1  | 
load-k6-1  | 
load-k6-1  | running (0m32.0s), 6/6 VUs, 1676 complete and 0 interrupted iterations
load-k6-1  | fspiopTransfers   [  10% ] 6/6 VUs  0m32.0s/5m30.0s
load-k6-1  | 
load-k6-1  | 
load-k6-1  | running (0m33.0s), 6/6 VUs, 1767 complete and 0 interrupted iterations
load-k6-1  | fspiopTransfers   [  10% ] 6/6 VUs  0m33.0s/5m30.0s
load-k6-1  | 
load-k6-1  | 
load-k6-1  | running (0m34.0s), 6/6 VUs, 1858 complete and 0 interrupted iterations
load-k6-1  | fspiopTransfers   [  10% ] 6/6 VUs  0m34.0s/5m30.0s
load-k6-1  | 
load-k6-1  | 
load-k6-1  | running (0m35.0s), 6/6 VUs, 1948 complete and 0 interrupted iterations
load-k6-1  | fspiopTransfers   [  11% ] 6/6 VUs  0m35.0s/5m30.0s
load-k6-1  | 
load-k6-1  | 
load-k6-1  | running (0m36.0s), 6/6 VUs, 2038 complete and 0 interrupted iterations
load-k6-1  | fspiopTransfers   [  11% ] 6/6 VUs  0m36.0s/5m30.0s
load-k6-1  | 
load-k6-1  | 
load-k6-1  | running (0m37.0s), 6/6 VUs, 2130 complete and 0 interrupted iterations
load-k6-1  | fspiopTransfers   [  11% ] 6/6 VUs  0m37.0s/5m30.0s
load-k6-1  | 
load-k6-1  | 
load-k6-1  | running (0m38.0s), 6/6 VUs, 2220 complete and 0 interrupted iterations
load-k6-1  | fspiopTransfers   [  12% ] 6/6 VUs  0m38.0s/5m30.0s
load-k6-1  | 
load-k6-1  | 
load-k6-1  | running (0m39.0s), 6/6 VUs, 2313 complete and 0 interrupted iterations
load-k6-1  | fspiopTransfers   [  12% ] 6/6 VUs  0m39.0s/5m30.0s
load-k6-1  | 
load-k6-1  | 
load-k6-1  | running (0m40.0s), 6/6 VUs, 2406 complete and 0 interrupted iterations
load-k6-1  | fspiopTransfers   [  12% ] 6/6 VUs  0m40.0s/5m30.0s
load-k6-1  | 
load-k6-1  | 
load-k6-1  | running (0m41.0s), 6/6 VUs, 2498 complete and 0 interrupted iterations
load-k6-1  | fspiopTransfers   [  12% ] 6/6 VUs  0m41.0s/5m30.0s
load-k6-1  | 
load-k6-1  | 
load-k6-1  | running (0m42.0s), 6/6 VUs, 2592 complete and 0 interrupted iterations
load-k6-1  | fspiopTransfers   [  13% ] 6/6 VUs  0m42.0s/5m30.0s
load-k6-1  | 
load-k6-1  | 
load-k6-1  | running (0m43.0s), 6/6 VUs, 2685 complete and 0 interrupted iterations
load-k6-1  | fspiopTransfers   [  13% ] 6/6 VUs  0m43.0s/5m30.0s
load-k6-1  | 
load-k6-1  | 
load-k6-1  | running (0m44.0s), 6/6 VUs, 2772 complete and 0 interrupted iterations
load-k6-1  | fspiopTransfers   [  13% ] 6/6 VUs  0m44.0s/5m30.0s
load-k6-1  | 
load-k6-1  | 
load-k6-1  | running (0m45.0s), 6/6 VUs, 2866 complete and 0 interrupted iterations
load-k6-1  | fspiopTransfers   [  14% ] 6/6 VUs  0m45.0s/5m30.0s
load-k6-1  | 
load-k6-1  | 
load-k6-1  | running (0m46.0s), 6/6 VUs, 2960 complete and 0 interrupted iterations
load-k6-1  | fspiopTransfers   [  14% ] 6/6 VUs  0m46.0s/5m30.0s
load-k6-1  | 
load-k6-1  | 
load-k6-1  | running (0m47.0s), 6/6 VUs, 3052 complete and 0 interrupted iterations
load-k6-1  | fspiopTransfers   [  14% ] 6/6 VUs  0m47.0s/5m30.0s
load-k6-1  | 
load-k6-1  | 
load-k6-1  | running (0m48.0s), 6/6 VUs, 3141 complete and 0 interrupted iterations
load-k6-1  | fspiopTransfers   [  15% ] 6/6 VUs  0m48.0s/5m30.0s
load-k6-1  | 
load-k6-1  | 
load-k6-1  | running (0m49.0s), 6/6 VUs, 3229 complete and 0 interrupted iterations
load-k6-1  | fspiopTransfers   [  15% ] 6/6 VUs  0m49.0s/5m30.0s
load-k6-1  | 
load-k6-1  | 
load-k6-1  | running (0m50.0s), 6/6 VUs, 3317 complete and 0 interrupted iterations
load-k6-1  | fspiopTransfers   [  15% ] 6/6 VUs  0m50.0s/5m30.0s
load-k6-1  | 
load-k6-1  | 
load-k6-1  | running (0m51.0s), 6/6 VUs, 3406 complete and 0 interrupted iterations
load-k6-1  | fspiopTransfers   [  15% ] 6/6 VUs  0m51.0s/5m30.0s
load-k6-1  | 
load-k6-1  | 
load-k6-1  | running (0m52.0s), 6/6 VUs, 3496 complete and 0 interrupted iterations
load-k6-1  | fspiopTransfers   [  16% ] 6/6 VUs  0m52.0s/5m30.0s
load-k6-1  | 
load-k6-1  | 
load-k6-1  | running (0m53.0s), 6/6 VUs, 3588 complete and 0 interrupted iterations
load-k6-1  | fspiopTransfers   [  16% ] 6/6 VUs  0m53.0s/5m30.0s
load-k6-1  | 
load-k6-1  | 
load-k6-1  | running (0m54.0s), 6/6 VUs, 3680 complete and 0 interrupted iterations
load-k6-1  | fspiopTransfers   [  16% ] 6/6 VUs  0m54.0s/5m30.0s
load-k6-1  | 
load-k6-1  | 
load-k6-1  | running (0m55.0s), 6/6 VUs, 3772 complete and 0 interrupted iterations
load-k6-1  | fspiopTransfers   [  17% ] 6/6 VUs  0m55.0s/5m30.0s
load-k6-1  | 
load-k6-1  | 
load-k6-1  | running (0m56.0s), 6/6 VUs, 3866 complete and 0 interrupted iterations
load-k6-1  | fspiopTransfers   [  17% ] 6/6 VUs  0m56.0s/5m30.0s
load-k6-1  | 
load-k6-1  | 
load-k6-1  | running (0m57.0s), 6/6 VUs, 3961 complete and 0 interrupted iterations
load-k6-1  | fspiopTransfers   [  17% ] 6/6 VUs  0m57.0s/5m30.0s
load-k6-1  | 
load-k6-1  | 
load-k6-1  | running (0m58.0s), 6/6 VUs, 4053 complete and 0 interrupted iterations
load-k6-1  | fspiopTransfers   [  18% ] 6/6 VUs  0m58.0s/5m30.0s
load-k6-1  | 
load-k6-1  | 
load-k6-1  | running (0m59.0s), 6/6 VUs, 4146 complete and 0 interrupted iterations
load-k6-1  | fspiopTransfers   [  18% ] 6/6 VUs  0m59.0s/5m30.0s
load-k6-1  | 
load-k6-1  | 
load-k6-1  | running (1m00.0s), 6/6 VUs, 4236 complete and 0 interrupted iterations
load-k6-1  | fspiopTransfers   [  18% ] 6/6 VUs  1m00.0s/5m30.0s
load-k6-1  | 
load-k6-1  | 
load-k6-1  | running (1m01.0s), 6/6 VUs, 4327 complete and 0 interrupted iterations
load-k6-1  | fspiopTransfers   [  18% ] 6/6 VUs  1m01.0s/5m30.0s
load-k6-1  | 
load-k6-1  | 
load-k6-1  | running (1m02.0s), 6/6 VUs, 4424 complete and 0 interrupted iterations
load-k6-1  | fspiopTransfers   [  19% ] 6/6 VUs  1m02.0s/5m30.0s
load-k6-1  | 
load-k6-1  | 
load-k6-1  | running (1m03.0s), 6/6 VUs, 4523 complete and 0 interrupted iterations
load-k6-1  | fspiopTransfers   [  19% ] 6/6 VUs  1m03.0s/5m30.0s
load-k6-1  | 
load-k6-1  | 
load-k6-1  | running (1m04.0s), 6/6 VUs, 4621 complete and 0 interrupted iterations
load-k6-1  | fspiopTransfers   [  19% ] 6/6 VUs  1m04.0s/5m30.0s
load-k6-1  | 
load-k6-1  | 
load-k6-1  | running (1m05.0s), 6/6 VUs, 4718 complete and 0 interrupted iterations
load-k6-1  | fspiopTransfers   [  20% ] 6/6 VUs  1m05.0s/5m30.0s
load-k6-1  | 
load-k6-1  | 
load-k6-1  | running (1m06.0s), 6/6 VUs, 4817 complete and 0 interrupted iterations
load-k6-1  | fspiopTransfers   [  20% ] 6/6 VUs  1m06.0s/5m30.0s
load-k6-1  | 
load-k6-1  | 
load-k6-1  | running (1m07.0s), 6/6 VUs, 4915 complete and 0 interrupted iterations
load-k6-1  | fspiopTransfers   [  20% ] 6/6 VUs  1m07.0s/5m30.0s
load-k6-1  | 
load-k6-1  | 
load-k6-1  | running (1m08.0s), 6/6 VUs, 5015 complete and 0 interrupted iterations
load-k6-1  | fspiopTransfers   [  21% ] 6/6 VUs  1m08.0s/5m30.0s
load-k6-1  | 
load-k6-1  | 
load-k6-1  | running (1m09.0s), 6/6 VUs, 5113 complete and 0 interrupted iterations
load-k6-1  | fspiopTransfers   [  21% ] 6/6 VUs  1m09.0s/5m30.0s
load-k6-1  | 
load-k6-1  | 
load-k6-1  | running (1m10.0s), 6/6 VUs, 5209 complete and 0 interrupted iterations
load-k6-1  | fspiopTransfers   [  21% ] 6/6 VUs  1m10.0s/5m30.0s
load-k6-1  | 
load-k6-1  | 
load-k6-1  | running (1m11.0s), 6/6 VUs, 5300 complete and 0 interrupted iterations
load-k6-1  | fspiopTransfers   [  22% ] 6/6 VUs  1m11.0s/5m30.0s
load-k6-1  | 
load-k6-1  | 
load-k6-1  | running (1m12.0s), 6/6 VUs, 5393 complete and 0 interrupted iterations
load-k6-1  | fspiopTransfers   [  22% ] 6/6 VUs  1m12.0s/5m30.0s
load-k6-1  | 
load-k6-1  | 
load-k6-1  | running (1m13.0s), 6/6 VUs, 5485 complete and 0 interrupted iterations
load-k6-1  | fspiopTransfers   [  22% ] 6/6 VUs  1m13.0s/5m30.0s
load-k6-1  | 
load-k6-1  | 
load-k6-1  | running (1m14.0s), 6/6 VUs, 5578 complete and 0 interrupted iterations
load-k6-1  | fspiopTransfers   [  22% ] 6/6 VUs  1m14.0s/5m30.0s
load-k6-1  | 
load-k6-1  | 
load-k6-1  | running (1m15.0s), 6/6 VUs, 5669 complete and 0 interrupted iterations
load-k6-1  | fspiopTransfers   [  23% ] 6/6 VUs  1m15.0s/5m30.0s
load-k6-1  | 
load-k6-1  | 
load-k6-1  | running (1m16.0s), 6/6 VUs, 5759 complete and 0 interrupted iterations
load-k6-1  | fspiopTransfers   [  23% ] 6/6 VUs  1m16.0s/5m30.0s
load-k6-1  | 
load-k6-1  | 
load-k6-1  | running (1m17.0s), 6/6 VUs, 5852 complete and 0 interrupted iterations
load-k6-1  | fspiopTransfers   [  23% ] 6/6 VUs  1m17.0s/5m30.0s
load-k6-1  | 
load-k6-1  | 
load-k6-1  | running (1m18.0s), 6/6 VUs, 5945 complete and 0 interrupted iterations
load-k6-1  | fspiopTransfers   [  24% ] 6/6 VUs  1m18.0s/5m30.0s
load-k6-1  | 
load-k6-1  | 
load-k6-1  | running (1m19.0s), 6/6 VUs, 6039 complete and 0 interrupted iterations
load-k6-1  | fspiopTransfers   [  24% ] 6/6 VUs  1m19.0s/5m30.0s
load-k6-1  | 
load-k6-1  | 
load-k6-1  | running (1m20.0s), 6/6 VUs, 6131 complete and 0 interrupted iterations
load-k6-1  | fspiopTransfers   [  24% ] 6/6 VUs  1m20.0s/5m30.0s
load-k6-1  | 
load-k6-1  | 
load-k6-1  | running (1m21.0s), 6/6 VUs, 6221 complete and 0 interrupted iterations
load-k6-1  | fspiopTransfers   [  25% ] 6/6 VUs  1m21.0s/5m30.0s
load-k6-1  | 
load-k6-1  | 
load-k6-1  | running (1m22.0s), 6/6 VUs, 6316 complete and 0 interrupted iterations
load-k6-1  | fspiopTransfers   [  25% ] 6/6 VUs  1m22.0s/5m30.0s
load-k6-1  | 
load-k6-1  | 
load-k6-1  | running (1m23.0s), 6/6 VUs, 6411 complete and 0 interrupted iterations
load-k6-1  | fspiopTransfers   [  25% ] 6/6 VUs  1m23.0s/5m30.0s
load-k6-1  | 
load-k6-1  | 
load-k6-1  | running (1m24.0s), 6/6 VUs, 6506 complete and 0 interrupted iterations
load-k6-1  | fspiopTransfers   [  25% ] 6/6 VUs  1m24.0s/5m30.0s
load-k6-1  | 
load-k6-1  | 
load-k6-1  | running (1m25.0s), 6/6 VUs, 6600 complete and 0 interrupted iterations
load-k6-1  | fspiopTransfers   [  26% ] 6/6 VUs  1m25.0s/5m30.0s
load-k6-1  | 
load-k6-1  | 
load-k6-1  | running (1m26.0s), 6/6 VUs, 6691 complete and 0 interrupted iterations
load-k6-1  | fspiopTransfers   [  26% ] 6/6 VUs  1m26.0s/5m30.0s
load-k6-1  | 
load-k6-1  | 
load-k6-1  | running (1m27.0s), 6/6 VUs, 6782 complete and 0 interrupted iterations
load-k6-1  | fspiopTransfers   [  26% ] 6/6 VUs  1m27.0s/5m30.0s
load-k6-1  | 
load-k6-1  | 
load-k6-1  | running (1m28.0s), 6/6 VUs, 6875 complete and 0 interrupted iterations
load-k6-1  | fspiopTransfers   [  27% ] 6/6 VUs  1m28.0s/5m30.0s
load-k6-1  | 
load-k6-1  | 
load-k6-1  | running (1m29.0s), 6/6 VUs, 6968 complete and 0 interrupted iterations
load-k6-1  | fspiopTransfers   [  27% ] 6/6 VUs  1m29.0s/5m30.0s
load-k6-1  | 
load-k6-1  | 
load-k6-1  | running (1m30.0s), 6/6 VUs, 7061 complete and 0 interrupted iterations
load-k6-1  | fspiopTransfers   [  27% ] 6/6 VUs  1m30.0s/5m30.0s
load-k6-1  | 
load-k6-1  | 
load-k6-1  | running (1m31.0s), 6/6 VUs, 7154 complete and 0 interrupted iterations
load-k6-1  | fspiopTransfers   [  28% ] 6/6 VUs  1m31.0s/5m30.0s
load-k6-1  | 
load-k6-1  | 
load-k6-1  | running (1m32.0s), 6/6 VUs, 7251 complete and 0 interrupted iterations
load-k6-1  | fspiopTransfers   [  28% ] 6/6 VUs  1m32.0s/5m30.0s
load-k6-1  | 
load-k6-1  | 
load-k6-1  | running (1m33.0s), 6/6 VUs, 7346 complete and 0 interrupted iterations
load-k6-1  | fspiopTransfers   [  28% ] 6/6 VUs  1m33.0s/5m30.0s
load-k6-1  | 
load-k6-1  | 
load-k6-1  | running (1m34.0s), 6/6 VUs, 7442 complete and 0 interrupted iterations
load-k6-1  | fspiopTransfers   [  28% ] 6/6 VUs  1m34.0s/5m30.0s
load-k6-1  | 
load-k6-1  | 
load-k6-1  | running (1m35.0s), 6/6 VUs, 7533 complete and 0 interrupted iterations
load-k6-1  | fspiopTransfers   [  29% ] 6/6 VUs  1m35.0s/5m30.0s
load-k6-1  | 
load-k6-1  | 
load-k6-1  | running (1m36.0s), 6/6 VUs, 7625 complete and 0 interrupted iterations
load-k6-1  | fspiopTransfers   [  29% ] 6/6 VUs  1m36.0s/5m30.0s
load-k6-1  | 
load-k6-1  | 
load-k6-1  | running (1m37.0s), 6/6 VUs, 7720 complete and 0 interrupted iterations
load-k6-1  | fspiopTransfers   [  29% ] 6/6 VUs  1m37.0s/5m30.0s
load-k6-1  | 
load-k6-1  | 
load-k6-1  | running (1m38.0s), 6/6 VUs, 7815 complete and 0 interrupted iterations
load-k6-1  | fspiopTransfers   [  30% ] 6/6 VUs  1m38.0s/5m30.0s
load-k6-1  | 
load-k6-1  | 
load-k6-1  | running (1m39.0s), 6/6 VUs, 7907 complete and 0 interrupted iterations
load-k6-1  | fspiopTransfers   [  30% ] 6/6 VUs  1m39.0s/5m30.0s
load-k6-1  | 
load-k6-1  | 
load-k6-1  | running (1m40.0s), 6/6 VUs, 8001 complete and 0 interrupted iterations
load-k6-1  | fspiopTransfers   [  30% ] 6/6 VUs  1m40.0s/5m30.0s
load-k6-1  | 
load-k6-1  | 
load-k6-1  | running (1m41.0s), 6/6 VUs, 8093 complete and 0 interrupted iterations
load-k6-1  | fspiopTransfers   [  31% ] 6/6 VUs  1m41.0s/5m30.0s
load-k6-1  | 
load-k6-1  | 
load-k6-1  | running (1m42.0s), 6/6 VUs, 8191 complete and 0 interrupted iterations
load-k6-1  | fspiopTransfers   [  31% ] 6/6 VUs  1m42.0s/5m30.0s
load-k6-1  | 
load-k6-1  | 
load-k6-1  | running (1m43.0s), 6/6 VUs, 8283 complete and 0 interrupted iterations
load-k6-1  | fspiopTransfers   [  31% ] 6/6 VUs  1m43.0s/5m30.0s
load-k6-1  | 
load-k6-1  | 
load-k6-1  | running (1m44.0s), 6/6 VUs, 8377 complete and 0 interrupted iterations
load-k6-1  | fspiopTransfers   [  32% ] 6/6 VUs  1m44.0s/5m30.0s
load-k6-1  | 
load-k6-1  | 
load-k6-1  | running (1m45.0s), 6/6 VUs, 8469 complete and 0 interrupted iterations
load-k6-1  | fspiopTransfers   [  32% ] 6/6 VUs  1m45.0s/5m30.0s
load-k6-1  | 
load-k6-1  | 
load-k6-1  | running (1m46.0s), 6/6 VUs, 8559 complete and 0 interrupted iterations
load-k6-1  | fspiopTransfers   [  32% ] 6/6 VUs  1m46.0s/5m30.0s
load-k6-1  | 
load-k6-1  | 
load-k6-1  | running (1m47.0s), 6/6 VUs, 8649 complete and 0 interrupted iterations
load-k6-1  | fspiopTransfers   [  32% ] 6/6 VUs  1m47.0s/5m30.0s
load-k6-1  | 
load-k6-1  | 
load-k6-1  | running (1m48.0s), 6/6 VUs, 8740 complete and 0 interrupted iterations
load-k6-1  | fspiopTransfers   [  33% ] 6/6 VUs  1m48.0s/5m30.0s
load-k6-1  | 
load-k6-1  | 
load-k6-1  | running (1m49.0s), 6/6 VUs, 8837 complete and 0 interrupted iterations
load-k6-1  | fspiopTransfers   [  33% ] 6/6 VUs  1m49.0s/5m30.0s
load-k6-1  | 
load-k6-1  | 
load-k6-1  | running (1m50.0s), 6/6 VUs, 8932 complete and 0 interrupted iterations
load-k6-1  | fspiopTransfers   [  33% ] 6/6 VUs  1m50.0s/5m30.0s
load-k6-1  | 
load-k6-1  | 
load-k6-1  | running (1m51.0s), 6/6 VUs, 9028 complete and 0 interrupted iterations
load-k6-1  | fspiopTransfers   [  34% ] 6/6 VUs  1m51.0s/5m30.0s
load-k6-1  | 
load-k6-1  | 
load-k6-1  | running (1m52.0s), 6/6 VUs, 9125 complete and 0 interrupted iterations
load-k6-1  | fspiopTransfers   [  34% ] 6/6 VUs  1m52.0s/5m30.0s
load-k6-1  | 
load-k6-1  | 
load-k6-1  | running (1m53.0s), 6/6 VUs, 9218 complete and 0 interrupted iterations
load-k6-1  | fspiopTransfers   [  34% ] 6/6 VUs  1m53.0s/5m30.0s
load-k6-1  | 
load-k6-1  | 
load-k6-1  | running (1m54.0s), 6/6 VUs, 9315 complete and 0 interrupted iterations
load-k6-1  | fspiopTransfers   [  35% ] 6/6 VUs  1m54.0s/5m30.0s
load-k6-1  | 
load-k6-1  | 
load-k6-1  | running (1m55.0s), 6/6 VUs, 9412 complete and 0 interrupted iterations
load-k6-1  | fspiopTransfers   [  35% ] 6/6 VUs  1m55.0s/5m30.0s
load-k6-1  | 
load-k6-1  | 
load-k6-1  | running (1m56.0s), 6/6 VUs, 9508 complete and 0 interrupted iterations
load-k6-1  | fspiopTransfers   [  35% ] 6/6 VUs  1m56.0s/5m30.0s
load-k6-1  | 
load-k6-1  | 
load-k6-1  | running (1m57.0s), 6/6 VUs, 9604 complete and 0 interrupted iterations
load-k6-1  | fspiopTransfers   [  35% ] 6/6 VUs  1m57.0s/5m30.0s
load-k6-1  | 
load-k6-1  | 
load-k6-1  | running (1m58.0s), 6/6 VUs, 9700 complete and 0 interrupted iterations
load-k6-1  | fspiopTransfers   [  36% ] 6/6 VUs  1m58.0s/5m30.0s
load-k6-1  | 
load-k6-1  | 
load-k6-1  | running (1m59.0s), 6/6 VUs, 9795 complete and 0 interrupted iterations
load-k6-1  | fspiopTransfers   [  36% ] 6/6 VUs  1m59.0s/5m30.0s
load-k6-1  | 
load-k6-1  | 
load-k6-1  | running (2m00.0s), 6/6 VUs, 9889 complete and 0 interrupted iterations
load-k6-1  | fspiopTransfers   [  36% ] 6/6 VUs  2m00.0s/5m30.0s
load-k6-1  | 
load-k6-1  | 
load-k6-1  | running (2m01.0s), 6/6 VUs, 9985 complete and 0 interrupted iterations
load-k6-1  | fspiopTransfers   [  37% ] 6/6 VUs  2m01.0s/5m30.0s
load-k6-1  | 
load-k6-1  | 
load-k6-1  | running (2m02.0s), 6/6 VUs, 10077 complete and 0 interrupted iterations
load-k6-1  | fspiopTransfers   [  37% ] 6/6 VUs  2m02.0s/5m30.0s
load-k6-1  | 
load-k6-1  | 
load-k6-1  | running (2m03.0s), 6/6 VUs, 10167 complete and 0 interrupted iterations
load-k6-1  | fspiopTransfers   [  37% ] 6/6 VUs  2m03.0s/5m30.0s
load-k6-1  | 
load-k6-1  | 
load-k6-1  | running (2m04.0s), 6/6 VUs, 10262 complete and 0 interrupted iterations
load-k6-1  | fspiopTransfers   [  38% ] 6/6 VUs  2m04.0s/5m30.0s
load-k6-1  | 
load-k6-1  | 
load-k6-1  | running (2m05.0s), 6/6 VUs, 10356 complete and 0 interrupted iterations
load-k6-1  | fspiopTransfers   [  38% ] 6/6 VUs  2m05.0s/5m30.0s
load-k6-1  | 
load-k6-1  | 
load-k6-1  | running (2m06.0s), 6/6 VUs, 10448 complete and 0 interrupted iterations
load-k6-1  | fspiopTransfers   [  38% ] 6/6 VUs  2m06.0s/5m30.0s
load-k6-1  | 
load-k6-1  | 
load-k6-1  | running (2m07.0s), 6/6 VUs, 10538 complete and 0 interrupted iterations
load-k6-1  | fspiopTransfers   [  38% ] 6/6 VUs  2m07.0s/5m30.0s
load-k6-1  | 
load-k6-1  | 
load-k6-1  | running (2m08.0s), 6/6 VUs, 10628 complete and 0 interrupted iterations
load-k6-1  | fspiopTransfers   [  39% ] 6/6 VUs  2m08.0s/5m30.0s
load-k6-1  | 
load-k6-1  | 
load-k6-1  | running (2m09.0s), 6/6 VUs, 10724 complete and 0 interrupted iterations
load-k6-1  | fspiopTransfers   [  39% ] 6/6 VUs  2m09.0s/5m30.0s
load-k6-1  | 
load-k6-1  | 
load-k6-1  | running (2m10.0s), 6/6 VUs, 10818 complete and 0 interrupted iterations
load-k6-1  | fspiopTransfers   [  39% ] 6/6 VUs  2m10.0s/5m30.0s
load-k6-1  | 
load-k6-1  | 
load-k6-1  | running (2m11.0s), 6/6 VUs, 10912 complete and 0 interrupted iterations
load-k6-1  | fspiopTransfers   [  40% ] 6/6 VUs  2m11.0s/5m30.0s
load-k6-1  | 
load-k6-1  | 
load-k6-1  | running (2m12.0s), 6/6 VUs, 11008 complete and 0 interrupted iterations
load-k6-1  | fspiopTransfers   [  40% ] 6/6 VUs  2m12.0s/5m30.0s
load-k6-1  | 
load-k6-1  | 
load-k6-1  | running (2m13.0s), 6/6 VUs, 11102 complete and 0 interrupted iterations
load-k6-1  | fspiopTransfers   [  40% ] 6/6 VUs  2m13.0s/5m30.0s
load-k6-1  | 
load-k6-1  | 
load-k6-1  | running (2m14.0s), 6/6 VUs, 11195 complete and 0 interrupted iterations
load-k6-1  | fspiopTransfers   [  41% ] 6/6 VUs  2m14.0s/5m30.0s
load-k6-1  | 
load-k6-1  | 
load-k6-1  | running (2m15.0s), 6/6 VUs, 11289 complete and 0 interrupted iterations
load-k6-1  | fspiopTransfers   [  41% ] 6/6 VUs  2m15.0s/5m30.0s
load-k6-1  | 
load-k6-1  | 
load-k6-1  | running (2m16.0s), 6/6 VUs, 11383 complete and 0 interrupted iterations
load-k6-1  | fspiopTransfers   [  41% ] 6/6 VUs  2m16.0s/5m30.0s
load-k6-1  | 
load-k6-1  | 
load-k6-1  | running (2m17.0s), 6/6 VUs, 11477 complete and 0 interrupted iterations
load-k6-1  | fspiopTransfers   [  42% ] 6/6 VUs  2m17.0s/5m30.0s
load-k6-1  | 
load-k6-1  | 
load-k6-1  | running (2m18.0s), 6/6 VUs, 11573 complete and 0 interrupted iterations
load-k6-1  | fspiopTransfers   [  42% ] 6/6 VUs  2m18.0s/5m30.0s
load-k6-1  | 
load-k6-1  | 
load-k6-1  | running (2m19.0s), 6/6 VUs, 11663 complete and 0 interrupted iterations
load-k6-1  | fspiopTransfers   [  42% ] 6/6 VUs  2m19.0s/5m30.0s
load-k6-1  | 
load-k6-1  | 
load-k6-1  | running (2m20.0s), 6/6 VUs, 11759 complete and 0 interrupted iterations
load-k6-1  | fspiopTransfers   [  42% ] 6/6 VUs  2m20.0s/5m30.0s
load-k6-1  | 
load-k6-1  | 
load-k6-1  | running (2m21.0s), 6/6 VUs, 11854 complete and 0 interrupted iterations
load-k6-1  | fspiopTransfers   [  43% ] 6/6 VUs  2m21.0s/5m30.0s
load-k6-1  | 
load-k6-1  | 
load-k6-1  | running (2m22.0s), 6/6 VUs, 11950 complete and 0 interrupted iterations
load-k6-1  | fspiopTransfers   [  43% ] 6/6 VUs  2m22.0s/5m30.0s
load-k6-1  | 
load-k6-1  | 
load-k6-1  | running (2m23.0s), 6/6 VUs, 12046 complete and 0 interrupted iterations
load-k6-1  | fspiopTransfers   [  43% ] 6/6 VUs  2m23.0s/5m30.0s
load-k6-1  | 
load-k6-1  | 
load-k6-1  | running (2m24.0s), 6/6 VUs, 12144 complete and 0 interrupted iterations
load-k6-1  | fspiopTransfers   [  44% ] 6/6 VUs  2m24.0s/5m30.0s
load-k6-1  | 
load-k6-1  | 
load-k6-1  | running (2m25.0s), 6/6 VUs, 12242 complete and 0 interrupted iterations
load-k6-1  | fspiopTransfers   [  44% ] 6/6 VUs  2m25.0s/5m30.0s
load-k6-1  | 
load-k6-1  | 
load-k6-1  | running (2m26.0s), 6/6 VUs, 12338 complete and 0 interrupted iterations
load-k6-1  | fspiopTransfers   [  44% ] 6/6 VUs  2m26.0s/5m30.0s
load-k6-1  | 
load-k6-1  | 
load-k6-1  | running (2m27.0s), 6/6 VUs, 12435 complete and 0 interrupted iterations
load-k6-1  | fspiopTransfers   [  45% ] 6/6 VUs  2m27.0s/5m30.0s
load-k6-1  | 
load-k6-1  | 
load-k6-1  | running (2m28.0s), 6/6 VUs, 12534 complete and 0 interrupted iterations
load-k6-1  | fspiopTransfers   [  45% ] 6/6 VUs  2m28.0s/5m30.0s
load-k6-1  | 
load-k6-1  | 
load-k6-1  | running (2m29.0s), 6/6 VUs, 12633 complete and 0 interrupted iterations
load-k6-1  | fspiopTransfers   [  45% ] 6/6 VUs  2m29.0s/5m30.0s
load-k6-1  | 
load-k6-1  | 
load-k6-1  | running (2m30.0s), 6/6 VUs, 12731 complete and 0 interrupted iterations
load-k6-1  | fspiopTransfers   [  45% ] 6/6 VUs  2m30.0s/5m30.0s
load-k6-1  | 
load-k6-1  | 
load-k6-1  | running (2m31.0s), 6/6 VUs, 12825 complete and 0 interrupted iterations
load-k6-1  | fspiopTransfers   [  46% ] 6/6 VUs  2m31.0s/5m30.0s
load-k6-1  | 
load-k6-1  | 
load-k6-1  | running (2m32.0s), 6/6 VUs, 12919 complete and 0 interrupted iterations
load-k6-1  | fspiopTransfers   [  46% ] 6/6 VUs  2m32.0s/5m30.0s
load-k6-1  | 
load-k6-1  | 
load-k6-1  | running (2m33.0s), 6/6 VUs, 13011 complete and 0 interrupted iterations
load-k6-1  | fspiopTransfers   [  46% ] 6/6 VUs  2m33.0s/5m30.0s
load-k6-1  | 
load-k6-1  | 
load-k6-1  | running (2m34.0s), 6/6 VUs, 13105 complete and 0 interrupted iterations
load-k6-1  | fspiopTransfers   [  47% ] 6/6 VUs  2m34.0s/5m30.0s
load-k6-1  | 
load-k6-1  | 
load-k6-1  | running (2m35.0s), 6/6 VUs, 13195 complete and 0 interrupted iterations
load-k6-1  | fspiopTransfers   [  47% ] 6/6 VUs  2m35.0s/5m30.0s
load-k6-1  | 
load-k6-1  | 
load-k6-1  | running (2m36.0s), 6/6 VUs, 13285 complete and 0 interrupted iterations
load-k6-1  | fspiopTransfers   [  47% ] 6/6 VUs  2m36.0s/5m30.0s
load-k6-1  | 
load-k6-1  | 
load-k6-1  | running (2m37.0s), 6/6 VUs, 13375 complete and 0 interrupted iterations
load-k6-1  | fspiopTransfers   [  48% ] 6/6 VUs  2m37.0s/5m30.0s
load-k6-1  | 
load-k6-1  | 
load-k6-1  | running (2m38.0s), 6/6 VUs, 13465 complete and 0 interrupted iterations
load-k6-1  | fspiopTransfers   [  48% ] 6/6 VUs  2m38.0s/5m30.0s
load-k6-1  | 
load-k6-1  | 
load-k6-1  | running (2m39.0s), 6/6 VUs, 13555 complete and 0 interrupted iterations
load-k6-1  | fspiopTransfers   [  48% ] 6/6 VUs  2m39.0s/5m30.0s
load-k6-1  | 
load-k6-1  | 
load-k6-1  | running (2m40.0s), 6/6 VUs, 13645 complete and 0 interrupted iterations
load-k6-1  | fspiopTransfers   [  48% ] 6/6 VUs  2m40.0s/5m30.0s
load-k6-1  | 
load-k6-1  | 
load-k6-1  | running (2m41.0s), 6/6 VUs, 13740 complete and 0 interrupted iterations
load-k6-1  | fspiopTransfers   [  49% ] 6/6 VUs  2m41.0s/5m30.0s
load-k6-1  | 
load-k6-1  | 
load-k6-1  | running (2m42.0s), 6/6 VUs, 13840 complete and 0 interrupted iterations
load-k6-1  | fspiopTransfers   [  49% ] 6/6 VUs  2m42.0s/5m30.0s
load-k6-1  | 
load-k6-1  | 
load-k6-1  | running (2m43.0s), 6/6 VUs, 13941 complete and 0 interrupted iterations
load-k6-1  | fspiopTransfers   [  49% ] 6/6 VUs  2m43.0s/5m30.0s
load-k6-1  | 
load-k6-1  | 
load-k6-1  | running (2m44.0s), 6/6 VUs, 14037 complete and 0 interrupted iterations
load-k6-1  | fspiopTransfers   [  50% ] 6/6 VUs  2m44.0s/5m30.0s
load-k6-1  | 
load-k6-1  | 
load-k6-1  | running (2m45.0s), 6/6 VUs, 14133 complete and 0 interrupted iterations
load-k6-1  | fspiopTransfers   [  50% ] 6/6 VUs  2m45.0s/5m30.0s
load-k6-1  | 
load-k6-1  | 
load-k6-1  | running (2m46.0s), 6/6 VUs, 14228 complete and 0 interrupted iterations
load-k6-1  | fspiopTransfers   [  50% ] 6/6 VUs  2m46.0s/5m30.0s
load-k6-1  | 
load-k6-1  | 
load-k6-1  | running (2m47.0s), 6/6 VUs, 14324 complete and 0 interrupted iterations
load-k6-1  | fspiopTransfers   [  51% ] 6/6 VUs  2m47.0s/5m30.0s
load-k6-1  | 
load-k6-1  | 
load-k6-1  | running (2m48.0s), 6/6 VUs, 14420 complete and 0 interrupted iterations
load-k6-1  | fspiopTransfers   [  51% ] 6/6 VUs  2m48.0s/5m30.0s
load-k6-1  | 
load-k6-1  | 
load-k6-1  | running (2m49.0s), 6/6 VUs, 14514 complete and 0 interrupted iterations
load-k6-1  | fspiopTransfers   [  51% ] 6/6 VUs  2m49.0s/5m30.0s
load-k6-1  | 
load-k6-1  | 
load-k6-1  | running (2m50.0s), 6/6 VUs, 14607 complete and 0 interrupted iterations
load-k6-1  | fspiopTransfers   [  52% ] 6/6 VUs  2m50.0s/5m30.0s
load-k6-1  | 
load-k6-1  | 
load-k6-1  | running (2m51.0s), 6/6 VUs, 14698 complete and 0 interrupted iterations
load-k6-1  | fspiopTransfers   [  52% ] 6/6 VUs  2m51.0s/5m30.0s
load-k6-1  | 
load-k6-1  | 
load-k6-1  | running (2m52.0s), 6/6 VUs, 14792 complete and 0 interrupted iterations
load-k6-1  | fspiopTransfers   [  52% ] 6/6 VUs  2m52.0s/5m30.0s
load-k6-1  | 
load-k6-1  | 
load-k6-1  | running (2m53.0s), 6/6 VUs, 14887 complete and 0 interrupted iterations
load-k6-1  | fspiopTransfers   [  52% ] 6/6 VUs  2m53.0s/5m30.0s
load-k6-1  | 
load-k6-1  | 
load-k6-1  | running (2m54.0s), 6/6 VUs, 14982 complete and 0 interrupted iterations
load-k6-1  | fspiopTransfers   [  53% ] 6/6 VUs  2m54.0s/5m30.0s
load-k6-1  | 
load-k6-1  | 
load-k6-1  | running (2m55.0s), 6/6 VUs, 15077 complete and 0 interrupted iterations
load-k6-1  | fspiopTransfers   [  53% ] 6/6 VUs  2m55.0s/5m30.0s
load-k6-1  | 
load-k6-1  | 
load-k6-1  | running (2m56.0s), 6/6 VUs, 15173 complete and 0 interrupted iterations
load-k6-1  | fspiopTransfers   [  53% ] 6/6 VUs  2m56.0s/5m30.0s
load-k6-1  | 
load-k6-1  | 
load-k6-1  | running (2m57.0s), 6/6 VUs, 15271 complete and 0 interrupted iterations
load-k6-1  | fspiopTransfers   [  54% ] 6/6 VUs  2m57.0s/5m30.0s
load-k6-1  | 
load-k6-1  | 
load-k6-1  | running (2m58.0s), 6/6 VUs, 15366 complete and 0 interrupted iterations
load-k6-1  | fspiopTransfers   [  54% ] 6/6 VUs  2m58.0s/5m30.0s
load-k6-1  | 
load-k6-1  | 
load-k6-1  | running (2m59.0s), 6/6 VUs, 15459 complete and 0 interrupted iterations
load-k6-1  | fspiopTransfers   [  54% ] 6/6 VUs  2m59.0s/5m30.0s
load-k6-1  | 
load-k6-1  | 
load-k6-1  | running (3m00.0s), 6/6 VUs, 15555 complete and 0 interrupted iterations
load-k6-1  | fspiopTransfers   [  55% ] 6/6 VUs  3m00.0s/5m30.0s
load-k6-1  | 
load-k6-1  | 
load-k6-1  | running (3m01.0s), 6/6 VUs, 15647 complete and 0 interrupted iterations
load-k6-1  | fspiopTransfers   [  55% ] 6/6 VUs  3m01.0s/5m30.0s
load-k6-1  | 
load-k6-1  | 
load-k6-1  | running (3m02.0s), 6/6 VUs, 15741 complete and 0 interrupted iterations
load-k6-1  | fspiopTransfers   [  55% ] 6/6 VUs  3m02.0s/5m30.0s
load-k6-1  | 
load-k6-1  | 
load-k6-1  | running (3m03.0s), 6/6 VUs, 15836 complete and 0 interrupted iterations
load-k6-1  | fspiopTransfers   [  55% ] 6/6 VUs  3m03.0s/5m30.0s
load-k6-1  | 
load-k6-1  | 
load-k6-1  | running (3m04.0s), 6/6 VUs, 15928 complete and 0 interrupted iterations
load-k6-1  | fspiopTransfers   [  56% ] 6/6 VUs  3m04.0s/5m30.0s
load-k6-1  | 
load-k6-1  | 
load-k6-1  | running (3m05.0s), 6/6 VUs, 16019 complete and 0 interrupted iterations
load-k6-1  | fspiopTransfers   [  56% ] 6/6 VUs  3m05.0s/5m30.0s
load-k6-1  | 
load-k6-1  | 
load-k6-1  | running (3m06.0s), 6/6 VUs, 16113 complete and 0 interrupted iterations
load-k6-1  | fspiopTransfers   [  56% ] 6/6 VUs  3m06.0s/5m30.0s
load-k6-1  | 
load-k6-1  | 
load-k6-1  | running (3m07.0s), 6/6 VUs, 16206 complete and 0 interrupted iterations
load-k6-1  | fspiopTransfers   [  57% ] 6/6 VUs  3m07.0s/5m30.0s
load-k6-1  | 
load-k6-1  | 
load-k6-1  | running (3m08.0s), 6/6 VUs, 16302 complete and 0 interrupted iterations
load-k6-1  | fspiopTransfers   [  57% ] 6/6 VUs  3m08.0s/5m30.0s
load-k6-1  | 
load-k6-1  | 
load-k6-1  | running (3m09.0s), 6/6 VUs, 16397 complete and 0 interrupted iterations
load-k6-1  | fspiopTransfers   [  57% ] 6/6 VUs  3m09.0s/5m30.0s
load-k6-1  | 
load-k6-1  | 
load-k6-1  | running (3m10.0s), 6/6 VUs, 16491 complete and 0 interrupted iterations
load-k6-1  | fspiopTransfers   [  58% ] 6/6 VUs  3m10.0s/5m30.0s
load-k6-1  | 
load-k6-1  | 
load-k6-1  | running (3m11.0s), 6/6 VUs, 16585 complete and 0 interrupted iterations
load-k6-1  | fspiopTransfers   [  58% ] 6/6 VUs  3m11.0s/5m30.0s
load-k6-1  | 
load-k6-1  | 
load-k6-1  | running (3m12.0s), 6/6 VUs, 16679 complete and 0 interrupted iterations
load-k6-1  | fspiopTransfers   [  58% ] 6/6 VUs  3m12.0s/5m30.0s
load-k6-1  | 
load-k6-1  | 
load-k6-1  | running (3m13.0s), 6/6 VUs, 16772 complete and 0 interrupted iterations
load-k6-1  | fspiopTransfers   [  58% ] 6/6 VUs  3m13.0s/5m30.0s
load-k6-1  | 
load-k6-1  | 
load-k6-1  | running (3m14.0s), 6/6 VUs, 16867 complete and 0 interrupted iterations
load-k6-1  | fspiopTransfers   [  59% ] 6/6 VUs  3m14.0s/5m30.0s
load-k6-1  | 
load-k6-1  | 
load-k6-1  | running (3m15.0s), 6/6 VUs, 16960 complete and 0 interrupted iterations
load-k6-1  | fspiopTransfers   [  59% ] 6/6 VUs  3m15.0s/5m30.0s
load-k6-1  | 
load-k6-1  | 
load-k6-1  | running (3m16.0s), 6/6 VUs, 17052 complete and 0 interrupted iterations
load-k6-1  | fspiopTransfers   [  59% ] 6/6 VUs  3m16.0s/5m30.0s
load-k6-1  | 
load-k6-1  | 
load-k6-1  | running (3m17.0s), 6/6 VUs, 17142 complete and 0 interrupted iterations
load-k6-1  | fspiopTransfers   [  60% ] 6/6 VUs  3m17.0s/5m30.0s
load-k6-1  | 
load-k6-1  | 
load-k6-1  | running (3m18.0s), 6/6 VUs, 17234 complete and 0 interrupted iterations
load-k6-1  | fspiopTransfers   [  60% ] 6/6 VUs  3m18.0s/5m30.0s
load-k6-1  | 
load-k6-1  | 
load-k6-1  | running (3m19.0s), 6/6 VUs, 17324 complete and 0 interrupted iterations
load-k6-1  | fspiopTransfers   [  60% ] 6/6 VUs  3m19.0s/5m30.0s
load-k6-1  | 
load-k6-1  | 
load-k6-1  | running (3m20.0s), 6/6 VUs, 17416 complete and 0 interrupted iterations
load-k6-1  | fspiopTransfers   [  61% ] 6/6 VUs  3m20.0s/5m30.0s
load-k6-1  | 
load-k6-1  | 
load-k6-1  | running (3m21.0s), 6/6 VUs, 17509 complete and 0 interrupted iterations
load-k6-1  | fspiopTransfers   [  61% ] 6/6 VUs  3m21.0s/5m30.0s
load-k6-1  | 
load-k6-1  | 
load-k6-1  | running (3m22.0s), 6/6 VUs, 17597 complete and 0 interrupted iterations
load-k6-1  | fspiopTransfers   [  61% ] 6/6 VUs  3m22.0s/5m30.0s
load-k6-1  | 
load-k6-1  | 
load-k6-1  | running (3m23.0s), 6/6 VUs, 17688 complete and 0 interrupted iterations
load-k6-1  | fspiopTransfers   [  62% ] 6/6 VUs  3m23.0s/5m30.0s
load-k6-1  | 
load-k6-1  | 
load-k6-1  | running (3m24.0s), 6/6 VUs, 17776 complete and 0 interrupted iterations
load-k6-1  | fspiopTransfers   [  62% ] 6/6 VUs  3m24.0s/5m30.0s
load-k6-1  | 
load-k6-1  | 
load-k6-1  | running (3m25.0s), 6/6 VUs, 17861 complete and 0 interrupted iterations
load-k6-1  | fspiopTransfers   [  62% ] 6/6 VUs  3m25.0s/5m30.0s
load-k6-1  | 
load-k6-1  | 
load-k6-1  | running (3m26.0s), 6/6 VUs, 17948 complete and 0 interrupted iterations
load-k6-1  | fspiopTransfers   [  62% ] 6/6 VUs  3m26.0s/5m30.0s
load-k6-1  | 
load-k6-1  | 
load-k6-1  | running (3m27.0s), 6/6 VUs, 18035 complete and 0 interrupted iterations
load-k6-1  | fspiopTransfers   [  63% ] 6/6 VUs  3m27.0s/5m30.0s
load-k6-1  | 
load-k6-1  | 
load-k6-1  | running (3m28.0s), 6/6 VUs, 18124 complete and 0 interrupted iterations
load-k6-1  | fspiopTransfers   [  63% ] 6/6 VUs  3m28.0s/5m30.0s
load-k6-1  | 
load-k6-1  | 
load-k6-1  | running (3m29.0s), 6/6 VUs, 18216 complete and 0 interrupted iterations
load-k6-1  | fspiopTransfers   [  63% ] 6/6 VUs  3m29.0s/5m30.0s
load-k6-1  | 
load-k6-1  | 
load-k6-1  | running (3m30.0s), 6/6 VUs, 18307 complete and 0 interrupted iterations
load-k6-1  | fspiopTransfers   [  64% ] 6/6 VUs  3m30.0s/5m30.0s
load-k6-1  | 
load-k6-1  | 
load-k6-1  | running (3m31.0s), 6/6 VUs, 18397 complete and 0 interrupted iterations
load-k6-1  | fspiopTransfers   [  64% ] 6/6 VUs  3m31.0s/5m30.0s
load-k6-1  | 
load-k6-1  | 
load-k6-1  | running (3m32.0s), 6/6 VUs, 18488 complete and 0 interrupted iterations
load-k6-1  | fspiopTransfers   [  64% ] 6/6 VUs  3m32.0s/5m30.0s
load-k6-1  | 
load-k6-1  | 
load-k6-1  | running (3m33.0s), 6/6 VUs, 18581 complete and 0 interrupted iterations
load-k6-1  | fspiopTransfers   [  65% ] 6/6 VUs  3m33.0s/5m30.0s
load-k6-1  | 
load-k6-1  | 
load-k6-1  | running (3m34.0s), 6/6 VUs, 18671 complete and 0 interrupted iterations
load-k6-1  | fspiopTransfers   [  65% ] 6/6 VUs  3m34.0s/5m30.0s
load-k6-1  | 
load-k6-1  | 
load-k6-1  | running (3m35.0s), 6/6 VUs, 18763 complete and 0 interrupted iterations
load-k6-1  | fspiopTransfers   [  65% ] 6/6 VUs  3m35.0s/5m30.0s
load-k6-1  | 
load-k6-1  | 
load-k6-1  | running (3m36.0s), 6/6 VUs, 18858 complete and 0 interrupted iterations
load-k6-1  | fspiopTransfers   [  65% ] 6/6 VUs  3m36.0s/5m30.0s
load-k6-1  | 
load-k6-1  | 
load-k6-1  | running (3m37.0s), 6/6 VUs, 18954 complete and 0 interrupted iterations
load-k6-1  | fspiopTransfers   [  66% ] 6/6 VUs  3m37.0s/5m30.0s
load-k6-1  | 
load-k6-1  | 
load-k6-1  | running (3m38.0s), 6/6 VUs, 19045 complete and 0 interrupted iterations
load-k6-1  | fspiopTransfers   [  66% ] 6/6 VUs  3m38.0s/5m30.0s
load-k6-1  | 
load-k6-1  | 
load-k6-1  | running (3m39.0s), 6/6 VUs, 19135 complete and 0 interrupted iterations
load-k6-1  | fspiopTransfers   [  66% ] 6/6 VUs  3m39.0s/5m30.0s
load-k6-1  | 
load-k6-1  | 
load-k6-1  | running (3m40.0s), 6/6 VUs, 19225 complete and 0 interrupted iterations
load-k6-1  | fspiopTransfers   [  67% ] 6/6 VUs  3m40.0s/5m30.0s
load-k6-1  | 
load-k6-1  | 
load-k6-1  | running (3m41.0s), 6/6 VUs, 19313 complete and 0 interrupted iterations
load-k6-1  | fspiopTransfers   [  67% ] 6/6 VUs  3m41.0s/5m30.0s
load-k6-1  | 
load-k6-1  | 
load-k6-1  | running (3m42.0s), 6/6 VUs, 19402 complete and 0 interrupted iterations
load-k6-1  | fspiopTransfers   [  67% ] 6/6 VUs  3m42.0s/5m30.0s
load-k6-1  | 
load-k6-1  | 
load-k6-1  | running (3m43.0s), 6/6 VUs, 19495 complete and 0 interrupted iterations
load-k6-1  | fspiopTransfers   [  68% ] 6/6 VUs  3m43.0s/5m30.0s
load-k6-1  | 
load-k6-1  | 
load-k6-1  | running (3m44.0s), 6/6 VUs, 19586 complete and 0 interrupted iterations
load-k6-1  | fspiopTransfers   [  68% ] 6/6 VUs  3m44.0s/5m30.0s
load-k6-1  | 
load-k6-1  | 
load-k6-1  | running (3m45.0s), 6/6 VUs, 19681 complete and 0 interrupted iterations
load-k6-1  | fspiopTransfers   [  68% ] 6/6 VUs  3m45.0s/5m30.0s
load-k6-1  | 
load-k6-1  | 
load-k6-1  | running (3m46.0s), 6/6 VUs, 19772 complete and 0 interrupted iterations
load-k6-1  | fspiopTransfers   [  68% ] 6/6 VUs  3m46.0s/5m30.0s
load-k6-1  | 
load-k6-1  | 
load-k6-1  | running (3m47.0s), 6/6 VUs, 19862 complete and 0 interrupted iterations
load-k6-1  | fspiopTransfers   [  69% ] 6/6 VUs  3m47.0s/5m30.0s
load-k6-1  | 
load-k6-1  | 
load-k6-1  | running (3m48.0s), 6/6 VUs, 19952 complete and 0 interrupted iterations
load-k6-1  | fspiopTransfers   [  69% ] 6/6 VUs  3m48.0s/5m30.0s
load-k6-1  | 
load-k6-1  | 
load-k6-1  | running (3m49.0s), 6/6 VUs, 20045 complete and 0 interrupted iterations
load-k6-1  | fspiopTransfers   [  69% ] 6/6 VUs  3m49.0s/5m30.0s
load-k6-1  | 
load-k6-1  | 
load-k6-1  | running (3m50.0s), 6/6 VUs, 20139 complete and 0 interrupted iterations
load-k6-1  | fspiopTransfers   [  70% ] 6/6 VUs  3m50.0s/5m30.0s
load-k6-1  | 
load-k6-1  | 
load-k6-1  | running (3m51.0s), 6/6 VUs, 20233 complete and 0 interrupted iterations
load-k6-1  | fspiopTransfers   [  70% ] 6/6 VUs  3m51.0s/5m30.0s
load-k6-1  | 
load-k6-1  | 
load-k6-1  | running (3m52.0s), 6/6 VUs, 20325 complete and 0 interrupted iterations
load-k6-1  | fspiopTransfers   [  70% ] 6/6 VUs  3m52.0s/5m30.0s
load-k6-1  | 
load-k6-1  | 
load-k6-1  | running (3m53.0s), 6/6 VUs, 20412 complete and 0 interrupted iterations
load-k6-1  | fspiopTransfers   [  71% ] 6/6 VUs  3m53.0s/5m30.0s
load-k6-1  | 
load-k6-1  | 
load-k6-1  | running (3m54.0s), 6/6 VUs, 20501 complete and 0 interrupted iterations
load-k6-1  | fspiopTransfers   [  71% ] 6/6 VUs  3m54.0s/5m30.0s
load-k6-1  | 
load-k6-1  | 
load-k6-1  | running (3m55.0s), 6/6 VUs, 20593 complete and 0 interrupted iterations
load-k6-1  | fspiopTransfers   [  71% ] 6/6 VUs  3m55.0s/5m30.0s
load-k6-1  | 
load-k6-1  | 
load-k6-1  | running (3m56.0s), 6/6 VUs, 20687 complete and 0 interrupted iterations
load-k6-1  | fspiopTransfers   [  72% ] 6/6 VUs  3m56.0s/5m30.0s
load-k6-1  | 
load-k6-1  | 
load-k6-1  | running (3m57.0s), 6/6 VUs, 20783 complete and 0 interrupted iterations
load-k6-1  | fspiopTransfers   [  72% ] 6/6 VUs  3m57.0s/5m30.0s
load-k6-1  | 
load-k6-1  | 
load-k6-1  | running (3m58.0s), 6/6 VUs, 20877 complete and 0 interrupted iterations
load-k6-1  | fspiopTransfers   [  72% ] 6/6 VUs  3m58.0s/5m30.0s
load-k6-1  | 
load-k6-1  | 
load-k6-1  | running (3m59.0s), 6/6 VUs, 20968 complete and 0 interrupted iterations
load-k6-1  | fspiopTransfers   [  72% ] 6/6 VUs  3m59.0s/5m30.0s
load-k6-1  | 
load-k6-1  | 
load-k6-1  | running (4m00.0s), 6/6 VUs, 21059 complete and 0 interrupted iterations
load-k6-1  | fspiopTransfers   [  73% ] 6/6 VUs  4m00.0s/5m30.0s
load-k6-1  | 
load-k6-1  | 
load-k6-1  | running (4m01.0s), 6/6 VUs, 21149 complete and 0 interrupted iterations
load-k6-1  | fspiopTransfers   [  73% ] 6/6 VUs  4m01.0s/5m30.0s
load-k6-1  | 
load-k6-1  | 
load-k6-1  | running (4m02.0s), 6/6 VUs, 21239 complete and 0 interrupted iterations
load-k6-1  | fspiopTransfers   [  73% ] 6/6 VUs  4m02.0s/5m30.0s
load-k6-1  | 
load-k6-1  | 
load-k6-1  | running (4m03.0s), 6/6 VUs, 21333 complete and 0 interrupted iterations
load-k6-1  | fspiopTransfers   [  74% ] 6/6 VUs  4m03.0s/5m30.0s
load-k6-1  | 
load-k6-1  | 
load-k6-1  | running (4m04.0s), 6/6 VUs, 21426 complete and 0 interrupted iterations
load-k6-1  | fspiopTransfers   [  74% ] 6/6 VUs  4m04.0s/5m30.0s
load-k6-1  | 
load-k6-1  | 
load-k6-1  | running (4m05.0s), 6/6 VUs, 21517 complete and 0 interrupted iterations
load-k6-1  | fspiopTransfers   [  74% ] 6/6 VUs  4m05.0s/5m30.0s
load-k6-1  | 
load-k6-1  | 
load-k6-1  | running (4m06.0s), 6/6 VUs, 21607 complete and 0 interrupted iterations
load-k6-1  | fspiopTransfers   [  75% ] 6/6 VUs  4m06.0s/5m30.0s
load-k6-1  | 
load-k6-1  | 
load-k6-1  | running (4m07.0s), 6/6 VUs, 21697 complete and 0 interrupted iterations
load-k6-1  | fspiopTransfers   [  75% ] 6/6 VUs  4m07.0s/5m30.0s
load-k6-1  | 
load-k6-1  | 
load-k6-1  | running (4m08.0s), 6/6 VUs, 21787 complete and 0 interrupted iterations
load-k6-1  | fspiopTransfers   [  75% ] 6/6 VUs  4m08.0s/5m30.0s
load-k6-1  | 
load-k6-1  | 
load-k6-1  | running (4m09.0s), 6/6 VUs, 21878 complete and 0 interrupted iterations
load-k6-1  | fspiopTransfers   [  75% ] 6/6 VUs  4m09.0s/5m30.0s
load-k6-1  | 
load-k6-1  | 
load-k6-1  | running (4m10.0s), 6/6 VUs, 21973 complete and 0 interrupted iterations
load-k6-1  | fspiopTransfers   [  76% ] 6/6 VUs  4m10.0s/5m30.0s
load-k6-1  | 
load-k6-1  | 
load-k6-1  | running (4m11.0s), 6/6 VUs, 22063 complete and 0 interrupted iterations
load-k6-1  | fspiopTransfers   [  76% ] 6/6 VUs  4m11.0s/5m30.0s
load-k6-1  | 
load-k6-1  | 
load-k6-1  | running (4m12.0s), 6/6 VUs, 22154 complete and 0 interrupted iterations
load-k6-1  | fspiopTransfers   [  76% ] 6/6 VUs  4m12.0s/5m30.0s
load-k6-1  | 
load-k6-1  | 
load-k6-1  | running (4m13.0s), 6/6 VUs, 22246 complete and 0 interrupted iterations
load-k6-1  | fspiopTransfers   [  77% ] 6/6 VUs  4m13.0s/5m30.0s
load-k6-1  | 
load-k6-1  | 
load-k6-1  | running (4m14.0s), 6/6 VUs, 22336 complete and 0 interrupted iterations
load-k6-1  | fspiopTransfers   [  77% ] 6/6 VUs  4m14.0s/5m30.0s
load-k6-1  | 
load-k6-1  | 
load-k6-1  | running (4m15.0s), 6/6 VUs, 22429 complete and 0 interrupted iterations
load-k6-1  | fspiopTransfers   [  77% ] 6/6 VUs  4m15.0s/5m30.0s
load-k6-1  | 
load-k6-1  | 
load-k6-1  | running (4m16.0s), 6/6 VUs, 22519 complete and 0 interrupted iterations
load-k6-1  | fspiopTransfers   [  78% ] 6/6 VUs  4m16.0s/5m30.0s
load-k6-1  | 
load-k6-1  | 
load-k6-1  | running (4m17.0s), 6/6 VUs, 22608 complete and 0 interrupted iterations
load-k6-1  | fspiopTransfers   [  78% ] 6/6 VUs  4m17.0s/5m30.0s
load-k6-1  | 
load-k6-1  | 
load-k6-1  | running (4m18.0s), 6/6 VUs, 22697 complete and 0 interrupted iterations
load-k6-1  | fspiopTransfers   [  78% ] 6/6 VUs  4m18.0s/5m30.0s
load-k6-1  | 
load-k6-1  | 
load-k6-1  | running (4m19.0s), 6/6 VUs, 22783 complete and 0 interrupted iterations
load-k6-1  | fspiopTransfers   [  78% ] 6/6 VUs  4m19.0s/5m30.0s
load-k6-1  | 
load-k6-1  | 
load-k6-1  | running (4m20.0s), 6/6 VUs, 22873 complete and 0 interrupted iterations
load-k6-1  | fspiopTransfers   [  79% ] 6/6 VUs  4m20.0s/5m30.0s
load-k6-1  | 
load-k6-1  | 
load-k6-1  | running (4m21.0s), 6/6 VUs, 22961 complete and 0 interrupted iterations
load-k6-1  | fspiopTransfers   [  79% ] 6/6 VUs  4m21.0s/5m30.0s
load-k6-1  | 
load-k6-1  | 
load-k6-1  | running (4m22.0s), 6/6 VUs, 23052 complete and 0 interrupted iterations
load-k6-1  | fspiopTransfers   [  79% ] 6/6 VUs  4m22.0s/5m30.0s
load-k6-1  | 
load-k6-1  | 
load-k6-1  | running (4m23.0s), 6/6 VUs, 23142 complete and 0 interrupted iterations
load-k6-1  | fspiopTransfers   [  80% ] 6/6 VUs  4m23.0s/5m30.0s
load-k6-1  | 
load-k6-1  | 
load-k6-1  | running (4m24.0s), 6/6 VUs, 23233 complete and 0 interrupted iterations
load-k6-1  | fspiopTransfers   [  80% ] 6/6 VUs  4m24.0s/5m30.0s
load-k6-1  | 
load-k6-1  | 
load-k6-1  | running (4m25.0s), 6/6 VUs, 23320 complete and 0 interrupted iterations
load-k6-1  | fspiopTransfers   [  80% ] 6/6 VUs  4m25.0s/5m30.0s
load-k6-1  | 
load-k6-1  | 
load-k6-1  | running (4m26.0s), 6/6 VUs, 23410 complete and 0 interrupted iterations
load-k6-1  | fspiopTransfers   [  81% ] 6/6 VUs  4m26.0s/5m30.0s
load-k6-1  | 
load-k6-1  | 
load-k6-1  | running (4m27.0s), 6/6 VUs, 23503 complete and 0 interrupted iterations
load-k6-1  | fspiopTransfers   [  81% ] 6/6 VUs  4m27.0s/5m30.0s
load-k6-1  | 
load-k6-1  | 
load-k6-1  | running (4m28.0s), 6/6 VUs, 23598 complete and 0 interrupted iterations
load-k6-1  | fspiopTransfers   [  81% ] 6/6 VUs  4m28.0s/5m30.0s
load-k6-1  | 
load-k6-1  | 
load-k6-1  | running (4m29.0s), 6/6 VUs, 23690 complete and 0 interrupted iterations
load-k6-1  | fspiopTransfers   [  82% ] 6/6 VUs  4m29.0s/5m30.0s
load-k6-1  | 
load-k6-1  | 
load-k6-1  | running (4m30.0s), 6/6 VUs, 23785 complete and 0 interrupted iterations
load-k6-1  | fspiopTransfers   [  82% ] 6/6 VUs  4m30.0s/5m30.0s
load-k6-1  | 
load-k6-1  | 
load-k6-1  | running (4m31.0s), 6/6 VUs, 23881 complete and 0 interrupted iterations
load-k6-1  | fspiopTransfers   [  82% ] 6/6 VUs  4m31.0s/5m30.0s
load-k6-1  | 
load-k6-1  | 
load-k6-1  | running (4m32.0s), 6/6 VUs, 23977 complete and 0 interrupted iterations
load-k6-1  | fspiopTransfers   [  82% ] 6/6 VUs  4m32.0s/5m30.0s
load-k6-1  | 
load-k6-1  | 
load-k6-1  | running (4m33.0s), 6/6 VUs, 24074 complete and 0 interrupted iterations
load-k6-1  | fspiopTransfers   [  83% ] 6/6 VUs  4m33.0s/5m30.0s
load-k6-1  | 
load-k6-1  | 
load-k6-1  | running (4m34.0s), 6/6 VUs, 24172 complete and 0 interrupted iterations
load-k6-1  | fspiopTransfers   [  83% ] 6/6 VUs  4m34.0s/5m30.0s
load-k6-1  | 
load-k6-1  | 
load-k6-1  | running (4m35.0s), 6/6 VUs, 24266 complete and 0 interrupted iterations
load-k6-1  | fspiopTransfers   [  83% ] 6/6 VUs  4m35.0s/5m30.0s
load-k6-1  | 
load-k6-1  | 
load-k6-1  | running (4m36.0s), 6/6 VUs, 24355 complete and 0 interrupted iterations
load-k6-1  | fspiopTransfers   [  84% ] 6/6 VUs  4m36.0s/5m30.0s
load-k6-1  | 
load-k6-1  | 
load-k6-1  | running (4m37.0s), 6/6 VUs, 24451 complete and 0 interrupted iterations
load-k6-1  | fspiopTransfers   [  84% ] 6/6 VUs  4m37.0s/5m30.0s
load-k6-1  | 
load-k6-1  | 
load-k6-1  | running (4m38.0s), 6/6 VUs, 24541 complete and 0 interrupted iterations
load-k6-1  | fspiopTransfers   [  84% ] 6/6 VUs  4m38.0s/5m30.0s
load-k6-1  | 
load-k6-1  | 
load-k6-1  | running (4m39.0s), 6/6 VUs, 24632 complete and 0 interrupted iterations
load-k6-1  | fspiopTransfers   [  85% ] 6/6 VUs  4m39.0s/5m30.0s
load-k6-1  | 
load-k6-1  | 
load-k6-1  | running (4m40.0s), 6/6 VUs, 24727 complete and 0 interrupted iterations
load-k6-1  | fspiopTransfers   [  85% ] 6/6 VUs  4m40.0s/5m30.0s
load-k6-1  | 
load-k6-1  | 
load-k6-1  | running (4m41.0s), 6/6 VUs, 24822 complete and 0 interrupted iterations
load-k6-1  | fspiopTransfers   [  85% ] 6/6 VUs  4m41.0s/5m30.0s
load-k6-1  | 
load-k6-1  | 
load-k6-1  | running (4m42.0s), 6/6 VUs, 24914 complete and 0 interrupted iterations
load-k6-1  | fspiopTransfers   [  85% ] 6/6 VUs  4m42.0s/5m30.0s
load-k6-1  | 
load-k6-1  | 
load-k6-1  | running (4m43.0s), 6/6 VUs, 25009 complete and 0 interrupted iterations
load-k6-1  | fspiopTransfers   [  86% ] 6/6 VUs  4m43.0s/5m30.0s
load-k6-1  | 
load-k6-1  | 
load-k6-1  | running (4m44.0s), 6/6 VUs, 25100 complete and 0 interrupted iterations
load-k6-1  | fspiopTransfers   [  86% ] 6/6 VUs  4m44.0s/5m30.0s
load-k6-1  | 
load-k6-1  | 
load-k6-1  | running (4m45.0s), 6/6 VUs, 25193 complete and 0 interrupted iterations
load-k6-1  | fspiopTransfers   [  86% ] 6/6 VUs  4m45.0s/5m30.0s
load-k6-1  | 
load-k6-1  | 
load-k6-1  | running (4m46.0s), 6/6 VUs, 25287 complete and 0 interrupted iterations
load-k6-1  | fspiopTransfers   [  87% ] 6/6 VUs  4m46.0s/5m30.0s
load-k6-1  | 
load-k6-1  | 
load-k6-1  | running (4m47.0s), 6/6 VUs, 25380 complete and 0 interrupted iterations
load-k6-1  | fspiopTransfers   [  87% ] 6/6 VUs  4m47.0s/5m30.0s
load-k6-1  | 
load-k6-1  | 
load-k6-1  | running (4m48.0s), 6/6 VUs, 25475 complete and 0 interrupted iterations
load-k6-1  | fspiopTransfers   [  87% ] 6/6 VUs  4m48.0s/5m30.0s
load-k6-1  | 
load-k6-1  | 
load-k6-1  | running (4m49.0s), 6/6 VUs, 25566 complete and 0 interrupted iterations
load-k6-1  | fspiopTransfers   [  88% ] 6/6 VUs  4m49.0s/5m30.0s
load-k6-1  | 
load-k6-1  | 
load-k6-1  | running (4m50.0s), 6/6 VUs, 25661 complete and 0 interrupted iterations
load-k6-1  | fspiopTransfers   [  88% ] 6/6 VUs  4m50.0s/5m30.0s
load-k6-1  | 
load-k6-1  | 
load-k6-1  | running (4m51.0s), 6/6 VUs, 25752 complete and 0 interrupted iterations
load-k6-1  | fspiopTransfers   [  88% ] 6/6 VUs  4m51.0s/5m30.0s
load-k6-1  | 
load-k6-1  | 
load-k6-1  | running (4m52.0s), 6/6 VUs, 25844 complete and 0 interrupted iterations
load-k6-1  | fspiopTransfers   [  88% ] 6/6 VUs  4m52.0s/5m30.0s
load-k6-1  | 
load-k6-1  | 
load-k6-1  | running (4m53.0s), 6/6 VUs, 25932 complete and 0 interrupted iterations
load-k6-1  | fspiopTransfers   [  89% ] 6/6 VUs  4m53.0s/5m30.0s
load-k6-1  | 
load-k6-1  | 
load-k6-1  | running (4m54.0s), 6/6 VUs, 26023 complete and 0 interrupted iterations
load-k6-1  | fspiopTransfers   [  89% ] 6/6 VUs  4m54.0s/5m30.0s
load-k6-1  | 
load-k6-1  | 
load-k6-1  | running (4m55.0s), 6/6 VUs, 26119 complete and 0 interrupted iterations
load-k6-1  | fspiopTransfers   [  89% ] 6/6 VUs  4m55.0s/5m30.0s
load-k6-1  | 
load-k6-1  | 
load-k6-1  | running (4m56.0s), 6/6 VUs, 26209 complete and 0 interrupted iterations
load-k6-1  | fspiopTransfers   [  90% ] 6/6 VUs  4m56.0s/5m30.0s
load-k6-1  | 
load-k6-1  | 
load-k6-1  | running (4m57.0s), 6/6 VUs, 26299 complete and 0 interrupted iterations
load-k6-1  | fspiopTransfers   [  90% ] 6/6 VUs  4m57.0s/5m30.0s
load-k6-1  | 
load-k6-1  | 
load-k6-1  | running (4m58.0s), 6/6 VUs, 26395 complete and 0 interrupted iterations
load-k6-1  | fspiopTransfers   [  90% ] 6/6 VUs  4m58.0s/5m30.0s
load-k6-1  | 
load-k6-1  | 
load-k6-1  | running (4m59.0s), 6/6 VUs, 26494 complete and 0 interrupted iterations
load-k6-1  | fspiopTransfers   [  91% ] 6/6 VUs  4m59.0s/5m30.0s
load-k6-1  | 
load-k6-1  | 
load-k6-1  | running (5m00.0s), 6/6 VUs, 26593 complete and 0 interrupted iterations
load-k6-1  | fspiopTransfers   [  91% ] 6/6 VUs  5m00.0s/5m30.0s
load-k6-1  | 
load-k6-1  | 
load-k6-1  | running (5m01.0s), 6/6 VUs, 26690 complete and 0 interrupted iterations
load-k6-1  | fspiopTransfers   [  91% ] 6/6 VUs  5m01.0s/5m30.0s
load-k6-1  | 
load-k6-1  | 
load-k6-1  | running (5m02.0s), 6/6 VUs, 26789 complete and 0 interrupted iterations
load-k6-1  | fspiopTransfers   [  92% ] 6/6 VUs  5m02.0s/5m30.0s
load-k6-1  | 
load-k6-1  | 
load-k6-1  | running (5m03.0s), 6/6 VUs, 26884 complete and 0 interrupted iterations
load-k6-1  | fspiopTransfers   [  92% ] 6/6 VUs  5m03.0s/5m30.0s
load-k6-1  | 
load-k6-1  | 
load-k6-1  | running (5m04.0s), 6/6 VUs, 26985 complete and 0 interrupted iterations
load-k6-1  | fspiopTransfers   [  92% ] 6/6 VUs  5m04.0s/5m30.0s
load-k6-1  | 
load-k6-1  | 
load-k6-1  | running (5m05.0s), 6/6 VUs, 27080 complete and 0 interrupted iterations
load-k6-1  | fspiopTransfers   [  92% ] 6/6 VUs  5m05.0s/5m30.0s
load-k6-1  | 
load-k6-1  | 
load-k6-1  | running (5m06.0s), 6/6 VUs, 27172 complete and 0 interrupted iterations
load-k6-1  | fspiopTransfers   [  93% ] 6/6 VUs  5m06.0s/5m30.0s
load-k6-1  | 
load-k6-1  | 
load-k6-1  | running (5m07.0s), 6/6 VUs, 27268 complete and 0 interrupted iterations
load-k6-1  | fspiopTransfers   [  93% ] 6/6 VUs  5m07.0s/5m30.0s
load-k6-1  | 
load-k6-1  | 
load-k6-1  | running (5m08.0s), 6/6 VUs, 27364 complete and 0 interrupted iterations
load-k6-1  | fspiopTransfers   [  93% ] 6/6 VUs  5m08.0s/5m30.0s
load-k6-1  | 
load-k6-1  | 
load-k6-1  | running (5m09.0s), 6/6 VUs, 27453 complete and 0 interrupted iterations
load-k6-1  | fspiopTransfers   [  94% ] 6/6 VUs  5m09.0s/5m30.0s
load-k6-1  | 
load-k6-1  | 
load-k6-1  | running (5m10.0s), 6/6 VUs, 27545 complete and 0 interrupted iterations
load-k6-1  | fspiopTransfers   [  94% ] 6/6 VUs  5m10.0s/5m30.0s
load-k6-1  | 
load-k6-1  | 
load-k6-1  | running (5m11.0s), 6/6 VUs, 27640 complete and 0 interrupted iterations
load-k6-1  | fspiopTransfers   [  94% ] 6/6 VUs  5m11.0s/5m30.0s
load-k6-1  | 
load-k6-1  | 
load-k6-1  | running (5m12.0s), 6/6 VUs, 27730 complete and 0 interrupted iterations
load-k6-1  | fspiopTransfers   [  95% ] 6/6 VUs  5m12.0s/5m30.0s
load-k6-1  | 
load-k6-1  | 
load-k6-1  | running (5m13.0s), 6/6 VUs, 27820 complete and 0 interrupted iterations
load-k6-1  | fspiopTransfers   [  95% ] 6/6 VUs  5m13.0s/5m30.0s
load-k6-1  | 
load-k6-1  | 
load-k6-1  | running (5m14.0s), 6/6 VUs, 27910 complete and 0 interrupted iterations
load-k6-1  | fspiopTransfers   [  95% ] 6/6 VUs  5m14.0s/5m30.0s
load-k6-1  | 
load-k6-1  | 
load-k6-1  | running (5m15.0s), 6/6 VUs, 28000 complete and 0 interrupted iterations
load-k6-1  | fspiopTransfers   [  95% ] 6/6 VUs  5m15.0s/5m30.0s
load-k6-1  | 
load-k6-1  | 
load-k6-1  | running (5m16.0s), 6/6 VUs, 28090 complete and 0 interrupted iterations
load-k6-1  | fspiopTransfers   [  96% ] 6/6 VUs  5m16.0s/5m30.0s
load-k6-1  | 
load-k6-1  | 
load-k6-1  | running (5m17.0s), 6/6 VUs, 28180 complete and 0 interrupted iterations
load-k6-1  | fspiopTransfers   [  96% ] 6/6 VUs  5m17.0s/5m30.0s
load-k6-1  | 
load-k6-1  | 
load-k6-1  | running (5m18.0s), 6/6 VUs, 28270 complete and 0 interrupted iterations
load-k6-1  | fspiopTransfers   [  96% ] 6/6 VUs  5m18.0s/5m30.0s
load-k6-1  | 
load-k6-1  | 
load-k6-1  | running (5m19.0s), 6/6 VUs, 28362 complete and 0 interrupted iterations
load-k6-1  | fspiopTransfers   [  97% ] 6/6 VUs  5m19.0s/5m30.0s
load-k6-1  | 
load-k6-1  | 
load-k6-1  | running (5m20.0s), 6/6 VUs, 28456 complete and 0 interrupted iterations
load-k6-1  | fspiopTransfers   [  97% ] 6/6 VUs  5m20.0s/5m30.0s
load-k6-1  | 
load-k6-1  | 
load-k6-1  | running (5m21.0s), 6/6 VUs, 28549 complete and 0 interrupted iterations
load-k6-1  | fspiopTransfers   [  97% ] 6/6 VUs  5m21.0s/5m30.0s
load-k6-1  | 
load-k6-1  | 
load-k6-1  | running (5m22.0s), 6/6 VUs, 28640 complete and 0 interrupted iterations
load-k6-1  | fspiopTransfers   [  98% ] 6/6 VUs  5m22.0s/5m30.0s
load-k6-1  | 
load-k6-1  | 
load-k6-1  | running (5m23.0s), 6/6 VUs, 28731 complete and 0 interrupted iterations
load-k6-1  | fspiopTransfers   [  98% ] 6/6 VUs  5m23.0s/5m30.0s
load-k6-1  | 
load-k6-1  | 
load-k6-1  | running (5m24.0s), 6/6 VUs, 28825 complete and 0 interrupted iterations
load-k6-1  | fspiopTransfers   [  98% ] 6/6 VUs  5m24.0s/5m30.0s
load-k6-1  | 
load-k6-1  | 
load-k6-1  | running (5m25.0s), 6/6 VUs, 28924 complete and 0 interrupted iterations
load-k6-1  | fspiopTransfers   [  98% ] 6/6 VUs  5m25.0s/5m30.0s
load-k6-1  | 
load-k6-1  | 
load-k6-1  | running (5m26.0s), 6/6 VUs, 29021 complete and 0 interrupted iterations
load-k6-1  | fspiopTransfers   [  99% ] 6/6 VUs  5m26.0s/5m30.0s
load-k6-1  | 
load-k6-1  | 
load-k6-1  | running (5m27.0s), 6/6 VUs, 29118 complete and 0 interrupted iterations
load-k6-1  | fspiopTransfers   [  99% ] 6/6 VUs  5m27.0s/5m30.0s
load-k6-1  | 
load-k6-1  | 
load-k6-1  | running (5m28.0s), 6/6 VUs, 29208 complete and 0 interrupted iterations
load-k6-1  | fspiopTransfers   [  99% ] 6/6 VUs  5m28.0s/5m30.0s
load-k6-1  | 
load-k6-1  | 
load-k6-1  | running (5m29.0s), 6/6 VUs, 29304 complete and 0 interrupted iterations
load-k6-1  | fspiopTransfers   [ 100% ] 6/6 VUs  5m29.0s/5m30.0s
load-k6-1  | 
load-k6-1  | 
load-k6-1  | running (5m30.0s), 6/6 VUs, 29403 complete and 0 interrupted iterations
load-k6-1  | fspiopTransfers   [ 100% ] 6/6 VUs  5m30.0s/5m30.0s
load-k6-1  | 
load-k6-1  | 
load-k6-1  |      ✓ TRANSFERS_FSPIOP_POST_TRANSFERS_RESPONSE_IS_202
load-k6-1  |      ✓ TRANSFERS_E2E_FSPIOP_POST_TRANSFERS_SUCCESS
load-k6-1  | 
load-k6-1  |      █ Post Transfers
load-k6-1  | 
load-k6-1  |      checks.........................: 100.00% ✓ 58818     ✗ 0    
load-k6-1  |      data_received..................: 9.2 MB  28 kB/s
load-k6-1  |      data_sent......................: 61 MB   185 kB/s
load-k6-1  |      group_duration.................: avg=207.7µs  min=142.2µs  med=199.74µs max=9.71ms   p(90)=255.6µs  p(95)=271.77µs
load-k6-1  |      http_req_blocked...............: avg=4.29µs   min=2µs      med=4.1µs    max=364.12µs p(90)=5.19µs   p(95)=5.61µs  
load-k6-1  |      http_req_connecting............: avg=23ns     min=0s       med=0s       max=144.6µs  p(90)=0s       p(95)=0s      
load-k6-1  |    ✓ http_req_duration..............: avg=1.01ms   min=729.6µs  med=988.03µs max=13.05ms  p(90)=1.17ms   p(95)=1.24ms  
load-k6-1  |        { expected_response:true }...: avg=1.01ms   min=729.6µs  med=988.03µs max=13.05ms  p(90)=1.17ms   p(95)=1.24ms  
load-k6-1  |    ✓ http_req_failed................: 0.00%   ✓ 0         ✗ 29409
load-k6-1  |      http_req_receiving.............: avg=28.62µs  min=16.41µs  med=27.77µs  max=1.01ms   p(90)=35.1µs   p(95)=37.77µs 
load-k6-1  |      http_req_sending...............: avg=22.27µs  min=12.21µs  med=21.67µs  max=1.04ms   p(90)=26.68µs  p(95)=28.37µs 
load-k6-1  |      http_req_tls_handshaking.......: avg=0s       min=0s       med=0s       max=0s       p(90)=0s       p(95)=0s      
load-k6-1  |      http_req_waiting...............: avg=965.6µs  min=691.13µs med=936.75µs max=12.78ms  p(90)=1.12ms   p(95)=1.18ms  
load-k6-1  |      http_reqs......................: 29409   89.097688/s
load-k6-1  |    ✓ iteration_duration.............: avg=64.25ms  min=53.03ms  med=63.71ms  max=111.27ms p(90)=68.72ms  p(95)=70.85ms 
load-k6-1  |      iterations.....................: 29409   89.097688/s
load-k6-1  |      vus............................: 6       min=1       max=6  
load-k6-1  |      vus_max........................: 6       min=6       max=6  
load-k6-1  |      ws_connecting..................: avg=347.57µs min=218.36µs med=334.17µs max=15.56ms  p(90)=401.83µs p(95)=426.91µs
load-k6-1  |      ws_msgs_received...............: 29409   89.097688/s
load-k6-1  |      ws_msgs_sent...................: 29409   89.097688/s
load-k6-1  |      ws_session_duration............: avg=63.96ms  min=52.8ms   med=63.42ms  max=110.99ms p(90)=68.42ms  p(95)=70.54ms 
load-k6-1  |      ws_sessions....................: 29409   89.097688/s
load-k6-1  | 
load-k6-1  | 
load-k6-1  | 
load-k6-1  | running (5m30.1s), 0/6 VUs, 29409 complete and 0 interrupted iterations
load-k6-1  | fspiopTransfers ✓ [ 100% ] 0/6 VUs  5m30s
load-k6-1  | 
load-k6-1 exited with code 0
