Attaching to k6-1
k6-1  | 
k6-1  |           /\      |‾‾| /‾‾/   /‾‾/   
k6-1  |      /\  /  \     |  |/  /   /  /    
k6-1  |     /  \/    \    |     (   /   ‾‾\  
k6-1  |    /          \   |  |\  \ |  (‾)  | 
k6-1  |   / __________ \  |__| \__\ \_____/ .io
k6-1  | 
k6-1  |   execution: local
k6-1  |      script: /scripts/index.js
k6-1  |      output: Prometheus remote write (http://prometheus:9090/api/v1/write)
k6-1  | 
k6-1  |   scenarios: (100.00%) 1 scenario, 100 max VUs, 5m30s max duration (incl. graceful stop):
k6-1  |            * outboundSDKTransfers: Up to 100 looping VUs for 5m0s over 2 stages (gracefulRampDown: 30s, exec: outboundSDKTransfersScenarios, gracefulStop: 30s)
k6-1  | 
k6-1  | 
k6-1  | running (0m00.9s), 002/100 VUs, 7 complete and 0 interrupted iterations
k6-1  | outboundSDKTransfers   [   0% ] 002/100 VUs  0m00.9s/5m00.0s
k6-1  | 
k6-1  | running (0m01.9s), 004/100 VUs, 19 complete and 0 interrupted iterations
k6-1  | outboundSDKTransfers   [   1% ] 004/100 VUs  0m01.9s/5m00.0s
k6-1  | 
k6-1  | running (0m02.9s), 005/100 VUs, 33 complete and 0 interrupted iterations
k6-1  | outboundSDKTransfers   [   1% ] 005/100 VUs  0m02.9s/5m00.0s
k6-1  | 
k6-1  | running (0m03.9s), 007/100 VUs, 49 complete and 0 interrupted iterations
k6-1  | outboundSDKTransfers   [   1% ] 007/100 VUs  0m03.9s/5m00.0s
k6-1  | 
k6-1  | running (0m04.9s), 009/100 VUs, 64 complete and 0 interrupted iterations
k6-1  | outboundSDKTransfers   [   2% ] 009/100 VUs  0m04.9s/5m00.0s
k6-1  | 
k6-1  | running (0m05.9s), 010/100 VUs, 77 complete and 0 interrupted iterations
k6-1  | outboundSDKTransfers   [   2% ] 010/100 VUs  0m05.9s/5m00.0s
k6-1  | 
k6-1  | running (0m06.9s), 012/100 VUs, 94 complete and 0 interrupted iterations
k6-1  | outboundSDKTransfers   [   2% ] 012/100 VUs  0m06.9s/5m00.0s
k6-1  | 
k6-1  | running (0m07.9s), 014/100 VUs, 106 complete and 0 interrupted iterations
k6-1  | outboundSDKTransfers   [   3% ] 014/100 VUs  0m07.9s/5m00.0s
k6-1  | 
k6-1  | running (0m08.9s), 015/100 VUs, 121 complete and 0 interrupted iterations
k6-1  | outboundSDKTransfers   [   3% ] 015/100 VUs  0m08.9s/5m00.0s
k6-1  | 
k6-1  | running (0m09.9s), 017/100 VUs, 136 complete and 0 interrupted iterations
k6-1  | outboundSDKTransfers   [   3% ] 017/100 VUs  0m09.9s/5m00.0s
k6-1  | 
k6-1  | running (0m10.9s), 019/100 VUs, 153 complete and 0 interrupted iterations
k6-1  | outboundSDKTransfers   [   4% ] 019/100 VUs  0m10.9s/5m00.0s
k6-1  | 
k6-1  | running (0m11.9s), 020/100 VUs, 168 complete and 0 interrupted iterations
k6-1  | outboundSDKTransfers   [   4% ] 020/100 VUs  0m11.9s/5m00.0s
k6-1  | 
k6-1  | running (0m12.9s), 022/100 VUs, 185 complete and 0 interrupted iterations
k6-1  | outboundSDKTransfers   [   4% ] 022/100 VUs  0m12.9s/5m00.0s
k6-1  | 
k6-1  | running (0m13.9s), 024/100 VUs, 195 complete and 0 interrupted iterations
k6-1  | outboundSDKTransfers   [   5% ] 024/100 VUs  0m13.9s/5m00.0s
k6-1  | 
k6-1  | running (0m14.9s), 025/100 VUs, 213 complete and 0 interrupted iterations
k6-1  | outboundSDKTransfers   [   5% ] 025/100 VUs  0m14.9s/5m00.0s
k6-1  | 
k6-1  | running (0m15.9s), 027/100 VUs, 228 complete and 0 interrupted iterations
k6-1  | outboundSDKTransfers   [   5% ] 027/100 VUs  0m15.9s/5m00.0s
k6-1  | 
k6-1  | running (0m16.9s), 028/100 VUs, 242 complete and 0 interrupted iterations
k6-1  | outboundSDKTransfers   [   6% ] 028/100 VUs  0m16.9s/5m00.0s
k6-1  | 
k6-1  | running (0m17.9s), 030/100 VUs, 257 complete and 0 interrupted iterations
k6-1  | outboundSDKTransfers   [   6% ] 030/100 VUs  0m17.9s/5m00.0s
k6-1  | 
k6-1  | running (0m18.9s), 032/100 VUs, 272 complete and 0 interrupted iterations
k6-1  | outboundSDKTransfers   [   6% ] 032/100 VUs  0m18.9s/5m00.0s
k6-1  | 
k6-1  | running (0m19.9s), 033/100 VUs, 286 complete and 0 interrupted iterations
k6-1  | outboundSDKTransfers   [   7% ] 033/100 VUs  0m19.9s/5m00.0s
k6-1  | 
k6-1  | running (0m20.9s), 035/100 VUs, 300 complete and 0 interrupted iterations
k6-1  | outboundSDKTransfers   [   7% ] 035/100 VUs  0m20.9s/5m00.0s
k6-1  | 
k6-1  | running (0m21.9s), 037/100 VUs, 318 complete and 0 interrupted iterations
k6-1  | outboundSDKTransfers   [   7% ] 037/100 VUs  0m21.9s/5m00.0s
k6-1  | 
k6-1  | running (0m22.9s), 038/100 VUs, 331 complete and 0 interrupted iterations
k6-1  | outboundSDKTransfers   [   8% ] 038/100 VUs  0m22.9s/5m00.0s
k6-1  | 
k6-1  | running (0m23.9s), 040/100 VUs, 347 complete and 0 interrupted iterations
k6-1  | outboundSDKTransfers   [   8% ] 040/100 VUs  0m23.9s/5m00.0s
k6-1  | 
k6-1  | running (0m24.9s), 042/100 VUs, 363 complete and 0 interrupted iterations
k6-1  | outboundSDKTransfers   [   8% ] 042/100 VUs  0m24.9s/5m00.0s
k6-1  | 
k6-1  | running (0m25.9s), 043/100 VUs, 378 complete and 0 interrupted iterations
k6-1  | outboundSDKTransfers   [   9% ] 043/100 VUs  0m25.9s/5m00.0s
k6-1  | 
k6-1  | running (0m26.9s), 045/100 VUs, 390 complete and 0 interrupted iterations
k6-1  | outboundSDKTransfers   [   9% ] 045/100 VUs  0m26.9s/5m00.0s
k6-1  | 
k6-1  | running (0m27.9s), 047/100 VUs, 405 complete and 0 interrupted iterations
k6-1  | outboundSDKTransfers   [   9% ] 047/100 VUs  0m27.9s/5m00.0s
k6-1  | 
k6-1  | running (0m28.9s), 048/100 VUs, 421 complete and 0 interrupted iterations
k6-1  | outboundSDKTransfers   [  10% ] 048/100 VUs  0m28.9s/5m00.0s
k6-1  | 
k6-1  | running (0m29.9s), 050/100 VUs, 435 complete and 0 interrupted iterations
k6-1  | outboundSDKTransfers   [  10% ] 050/100 VUs  0m29.9s/5m00.0s
k6-1  | 
k6-1  | running (0m30.9s), 052/100 VUs, 448 complete and 0 interrupted iterations
k6-1  | outboundSDKTransfers   [  10% ] 052/100 VUs  0m30.9s/5m00.0s
k6-1  | 
k6-1  | running (0m31.9s), 053/100 VUs, 465 complete and 0 interrupted iterations
k6-1  | outboundSDKTransfers   [  11% ] 053/100 VUs  0m31.9s/5m00.0s
k6-1  | 
k6-1  | running (0m32.9s), 055/100 VUs, 481 complete and 0 interrupted iterations
k6-1  | outboundSDKTransfers   [  11% ] 055/100 VUs  0m32.9s/5m00.0s
k6-1  | 
k6-1  | running (0m33.9s), 057/100 VUs, 491 complete and 0 interrupted iterations
k6-1  | outboundSDKTransfers   [  11% ] 057/100 VUs  0m33.9s/5m00.0s
k6-1  | 
k6-1  | running (0m34.9s), 058/100 VUs, 510 complete and 0 interrupted iterations
k6-1  | outboundSDKTransfers   [  12% ] 058/100 VUs  0m34.9s/5m00.0s
k6-1  | 
k6-1  | running (0m35.9s), 060/100 VUs, 524 complete and 0 interrupted iterations
k6-1  | outboundSDKTransfers   [  12% ] 060/100 VUs  0m35.9s/5m00.0s
k6-1  | 
k6-1  | running (0m36.9s), 061/100 VUs, 537 complete and 0 interrupted iterations
k6-1  | outboundSDKTransfers   [  12% ] 061/100 VUs  0m36.9s/5m00.0s
k6-1  | 
k6-1  | running (0m37.9s), 063/100 VUs, 556 complete and 0 interrupted iterations
k6-1  | outboundSDKTransfers   [  13% ] 063/100 VUs  0m37.9s/5m00.0s
k6-1  | 
k6-1  | running (0m38.9s), 065/100 VUs, 567 complete and 0 interrupted iterations
k6-1  | outboundSDKTransfers   [  13% ] 065/100 VUs  0m38.9s/5m00.0s
k6-1  | 
k6-1  | running (0m39.9s), 066/100 VUs, 578 complete and 0 interrupted iterations
k6-1  | outboundSDKTransfers   [  13% ] 066/100 VUs  0m39.9s/5m00.0s
k6-1  | 
k6-1  | running (0m40.9s), 068/100 VUs, 592 complete and 0 interrupted iterations
k6-1  | outboundSDKTransfers   [  14% ] 068/100 VUs  0m40.9s/5m00.0s
k6-1  | 
k6-1  | running (0m41.9s), 070/100 VUs, 610 complete and 0 interrupted iterations
k6-1  | outboundSDKTransfers   [  14% ] 070/100 VUs  0m41.9s/5m00.0s
k6-1  | 
k6-1  | running (0m42.9s), 071/100 VUs, 621 complete and 0 interrupted iterations
k6-1  | outboundSDKTransfers   [  14% ] 071/100 VUs  0m42.9s/5m00.0s
k6-1  | 
k6-1  | running (0m43.9s), 073/100 VUs, 640 complete and 0 interrupted iterations
k6-1  | outboundSDKTransfers   [  15% ] 073/100 VUs  0m43.9s/5m00.0s
k6-1  | 
k6-1  | running (0m44.9s), 075/100 VUs, 649 complete and 0 interrupted iterations
k6-1  | outboundSDKTransfers   [  15% ] 075/100 VUs  0m44.9s/5m00.0s
k6-1  | 
k6-1  | running (0m45.9s), 076/100 VUs, 669 complete and 0 interrupted iterations
k6-1  | outboundSDKTransfers   [  15% ] 076/100 VUs  0m45.9s/5m00.0s
k6-1  | 
k6-1  | running (0m46.9s), 078/100 VUs, 682 complete and 0 interrupted iterations
k6-1  | outboundSDKTransfers   [  16% ] 078/100 VUs  0m46.9s/5m00.0s
k6-1  | 
k6-1  | running (0m47.9s), 080/100 VUs, 696 complete and 0 interrupted iterations
k6-1  | outboundSDKTransfers   [  16% ] 080/100 VUs  0m47.9s/5m00.0s
k6-1  | 
k6-1  | running (0m48.9s), 081/100 VUs, 706 complete and 0 interrupted iterations
k6-1  | outboundSDKTransfers   [  16% ] 081/100 VUs  0m48.9s/5m00.0s
k6-1  | 
k6-1  | running (0m49.9s), 083/100 VUs, 725 complete and 0 interrupted iterations
k6-1  | outboundSDKTransfers   [  17% ] 083/100 VUs  0m49.9s/5m00.0s
k6-1  | 
k6-1  | running (0m50.9s), 085/100 VUs, 738 complete and 0 interrupted iterations
k6-1  | outboundSDKTransfers   [  17% ] 085/100 VUs  0m50.9s/5m00.0s
k6-1  | 
k6-1  | running (0m51.9s), 086/100 VUs, 754 complete and 0 interrupted iterations
k6-1  | outboundSDKTransfers   [  17% ] 086/100 VUs  0m51.9s/5m00.0s
k6-1  | 
k6-1  | running (0m52.9s), 088/100 VUs, 759 complete and 0 interrupted iterations
k6-1  | outboundSDKTransfers   [  18% ] 088/100 VUs  0m52.9s/5m00.0s
k6-1  | 
k6-1  | running (0m53.9s), 090/100 VUs, 786 complete and 0 interrupted iterations
k6-1  | outboundSDKTransfers   [  18% ] 090/100 VUs  0m53.9s/5m00.0s
k6-1  | 
k6-1  | running (0m54.9s), 091/100 VUs, 798 complete and 0 interrupted iterations
k6-1  | outboundSDKTransfers   [  18% ] 091/100 VUs  0m54.9s/5m00.0s
k6-1  | 
k6-1  | running (0m55.9s), 093/100 VUs, 818 complete and 0 interrupted iterations
k6-1  | outboundSDKTransfers   [  19% ] 093/100 VUs  0m55.9s/5m00.0s
k6-1  | 
k6-1  | running (0m56.9s), 094/100 VUs, 833 complete and 0 interrupted iterations
k6-1  | outboundSDKTransfers   [  19% ] 094/100 VUs  0m56.9s/5m00.0s
k6-1  | 
k6-1  | running (0m57.9s), 096/100 VUs, 838 complete and 0 interrupted iterations
k6-1  | outboundSDKTransfers   [  19% ] 096/100 VUs  0m57.9s/5m00.0s
k6-1  | 
k6-1  | running (0m58.9s), 098/100 VUs, 861 complete and 0 interrupted iterations
k6-1  | outboundSDKTransfers   [  20% ] 098/100 VUs  0m58.9s/5m00.0s
k6-1  | 
k6-1  | running (0m59.9s), 099/100 VUs, 880 complete and 0 interrupted iterations
k6-1  | outboundSDKTransfers   [  20% ] 099/100 VUs  0m59.9s/5m00.0s
k6-1  | 
k6-1  | running (1m00.9s), 100/100 VUs, 895 complete and 0 interrupted iterations
k6-1  | outboundSDKTransfers   [  20% ] 100/100 VUs  1m00.9s/5m00.0s
k6-1  | 
k6-1  | running (1m01.9s), 100/100 VUs, 914 complete and 0 interrupted iterations
k6-1  | outboundSDKTransfers   [  21% ] 100/100 VUs  1m01.9s/5m00.0s
k6-1  | 
k6-1  | running (1m02.9s), 100/100 VUs, 927 complete and 0 interrupted iterations
k6-1  | outboundSDKTransfers   [  21% ] 100/100 VUs  1m02.9s/5m00.0s
k6-1  | 
k6-1  | running (1m03.9s), 100/100 VUs, 933 complete and 0 interrupted iterations
k6-1  | outboundSDKTransfers   [  21% ] 100/100 VUs  1m03.9s/5m00.0s
k6-1  | 
k6-1  | running (1m04.9s), 100/100 VUs, 946 complete and 0 interrupted iterations
k6-1  | outboundSDKTransfers   [  22% ] 100/100 VUs  1m04.9s/5m00.0s
k6-1  | 
k6-1  | running (1m05.9s), 100/100 VUs, 977 complete and 0 interrupted iterations
k6-1  | outboundSDKTransfers   [  22% ] 100/100 VUs  1m05.9s/5m00.0s
k6-1  | 
k6-1  | running (1m06.9s), 100/100 VUs, 995 complete and 0 interrupted iterations
k6-1  | outboundSDKTransfers   [  22% ] 100/100 VUs  1m06.9s/5m00.0s
k6-1  | 
k6-1  | running (1m07.9s), 100/100 VUs, 1008 complete and 0 interrupted iterations
k6-1  | outboundSDKTransfers   [  23% ] 100/100 VUs  1m07.9s/5m00.0s
k6-1  | 
k6-1  | running (1m08.9s), 100/100 VUs, 1027 complete and 0 interrupted iterations
k6-1  | outboundSDKTransfers   [  23% ] 100/100 VUs  1m08.9s/5m00.0s
k6-1  | 
k6-1  | running (1m09.9s), 100/100 VUs, 1032 complete and 0 interrupted iterations
k6-1  | outboundSDKTransfers   [  23% ] 100/100 VUs  1m09.9s/5m00.0s
k6-1  | 
k6-1  | running (1m10.9s), 100/100 VUs, 1046 complete and 0 interrupted iterations
k6-1  | outboundSDKTransfers   [  24% ] 100/100 VUs  1m10.9s/5m00.0s
k6-1  | 
k6-1  | running (1m11.9s), 100/100 VUs, 1080 complete and 0 interrupted iterations
k6-1  | outboundSDKTransfers   [  24% ] 100/100 VUs  1m11.9s/5m00.0s
k6-1  | 
k6-1  | running (1m12.9s), 100/100 VUs, 1091 complete and 0 interrupted iterations
k6-1  | outboundSDKTransfers   [  24% ] 100/100 VUs  1m12.9s/5m00.0s
k6-1  | 
k6-1  | running (1m13.9s), 100/100 VUs, 1105 complete and 0 interrupted iterations
k6-1  | outboundSDKTransfers   [  25% ] 100/100 VUs  1m13.9s/5m00.0s
k6-1  | 
k6-1  | running (1m14.9s), 100/100 VUs, 1123 complete and 0 interrupted iterations
k6-1  | outboundSDKTransfers   [  25% ] 100/100 VUs  1m14.9s/5m00.0s
k6-1  | 
k6-1  | running (1m15.9s), 100/100 VUs, 1133 complete and 0 interrupted iterations
k6-1  | outboundSDKTransfers   [  25% ] 100/100 VUs  1m15.9s/5m00.0s
k6-1  | 
k6-1  | running (1m16.9s), 100/100 VUs, 1163 complete and 0 interrupted iterations
k6-1  | outboundSDKTransfers   [  26% ] 100/100 VUs  1m16.9s/5m00.0s
k6-1  | 
k6-1  | running (1m17.9s), 100/100 VUs, 1172 complete and 0 interrupted iterations
k6-1  | outboundSDKTransfers   [  26% ] 100/100 VUs  1m17.9s/5m00.0s
k6-1  | 
k6-1  | running (1m18.9s), 100/100 VUs, 1193 complete and 0 interrupted iterations
k6-1  | outboundSDKTransfers   [  26% ] 100/100 VUs  1m18.9s/5m00.0s
k6-1  | 
k6-1  | running (1m19.9s), 100/100 VUs, 1213 complete and 0 interrupted iterations
k6-1  | outboundSDKTransfers   [  27% ] 100/100 VUs  1m19.9s/5m00.0s
k6-1  | 
k6-1  | running (1m20.9s), 100/100 VUs, 1219 complete and 0 interrupted iterations
k6-1  | outboundSDKTransfers   [  27% ] 100/100 VUs  1m20.9s/5m00.0s
k6-1  | 
k6-1  | running (1m21.9s), 100/100 VUs, 1241 complete and 0 interrupted iterations
k6-1  | outboundSDKTransfers   [  27% ] 100/100 VUs  1m21.9s/5m00.0s
k6-1  | 
k6-1  | running (1m22.9s), 100/100 VUs, 1246 complete and 0 interrupted iterations
k6-1  | outboundSDKTransfers   [  28% ] 100/100 VUs  1m22.9s/5m00.0s
k6-1  | 
k6-1  | running (1m23.9s), 100/100 VUs, 1280 complete and 0 interrupted iterations
k6-1  | outboundSDKTransfers   [  28% ] 100/100 VUs  1m23.9s/5m00.0s
k6-1  | 
k6-1  | running (1m24.9s), 100/100 VUs, 1293 complete and 0 interrupted iterations
k6-1  | outboundSDKTransfers   [  28% ] 100/100 VUs  1m24.9s/5m00.0s
k6-1  | 
k6-1  | running (1m25.9s), 100/100 VUs, 1303 complete and 0 interrupted iterations
k6-1  | outboundSDKTransfers   [  29% ] 100/100 VUs  1m25.9s/5m00.0s
k6-1  | 
k6-1  | running (1m26.9s), 100/100 VUs, 1319 complete and 0 interrupted iterations
k6-1  | outboundSDKTransfers   [  29% ] 100/100 VUs  1m26.9s/5m00.0s
k6-1  | 
k6-1  | running (1m27.9s), 100/100 VUs, 1334 complete and 0 interrupted iterations
k6-1  | outboundSDKTransfers   [  29% ] 100/100 VUs  1m27.9s/5m00.0s
k6-1  | 
k6-1  | running (1m28.9s), 100/100 VUs, 1352 complete and 0 interrupted iterations
k6-1  | outboundSDKTransfers   [  30% ] 100/100 VUs  1m28.9s/5m00.0s
k6-1  | 
k6-1  | running (1m29.9s), 100/100 VUs, 1372 complete and 0 interrupted iterations
k6-1  | outboundSDKTransfers   [  30% ] 100/100 VUs  1m29.9s/5m00.0s
k6-1  | 
k6-1  | running (1m30.9s), 100/100 VUs, 1395 complete and 0 interrupted iterations
k6-1  | outboundSDKTransfers   [  30% ] 100/100 VUs  1m30.9s/5m00.0s
k6-1  | 
k6-1  | running (1m31.9s), 100/100 VUs, 1407 complete and 0 interrupted iterations
k6-1  | outboundSDKTransfers   [  31% ] 100/100 VUs  1m31.9s/5m00.0s
k6-1  | 
k6-1  | running (1m32.9s), 100/100 VUs, 1420 complete and 0 interrupted iterations
k6-1  | outboundSDKTransfers   [  31% ] 100/100 VUs  1m32.9s/5m00.0s
k6-1  | 
k6-1  | running (1m33.9s), 100/100 VUs, 1430 complete and 0 interrupted iterations
k6-1  | outboundSDKTransfers   [  31% ] 100/100 VUs  1m33.9s/5m00.0s
k6-1  | 
k6-1  | running (1m34.9s), 100/100 VUs, 1452 complete and 0 interrupted iterations
k6-1  | outboundSDKTransfers   [  32% ] 100/100 VUs  1m34.9s/5m00.0s
k6-1  | 
k6-1  | running (1m35.9s), 100/100 VUs, 1478 complete and 0 interrupted iterations
k6-1  | outboundSDKTransfers   [  32% ] 100/100 VUs  1m35.9s/5m00.0s
k6-1  | 
k6-1  | running (1m36.9s), 100/100 VUs, 1501 complete and 0 interrupted iterations
k6-1  | outboundSDKTransfers   [  32% ] 100/100 VUs  1m36.9s/5m00.0s
k6-1  | 
k6-1  | running (1m37.9s), 100/100 VUs, 1511 complete and 0 interrupted iterations
k6-1  | outboundSDKTransfers   [  33% ] 100/100 VUs  1m37.9s/5m00.0s
k6-1  | 
k6-1  | running (1m38.9s), 100/100 VUs, 1519 complete and 0 interrupted iterations
k6-1  | outboundSDKTransfers   [  33% ] 100/100 VUs  1m38.9s/5m00.0s
k6-1  | 
k6-1  | running (1m39.9s), 100/100 VUs, 1531 complete and 0 interrupted iterations
k6-1  | outboundSDKTransfers   [  33% ] 100/100 VUs  1m39.9s/5m00.0s
k6-1  | 
k6-1  | running (1m40.9s), 100/100 VUs, 1560 complete and 0 interrupted iterations
k6-1  | outboundSDKTransfers   [  34% ] 100/100 VUs  1m40.9s/5m00.0s
k6-1  | 
k6-1  | running (1m41.9s), 100/100 VUs, 1582 complete and 0 interrupted iterations
k6-1  | outboundSDKTransfers   [  34% ] 100/100 VUs  1m41.9s/5m00.0s
k6-1  | 
k6-1  | running (1m42.9s), 100/100 VUs, 1587 complete and 0 interrupted iterations
k6-1  | outboundSDKTransfers   [  34% ] 100/100 VUs  1m42.9s/5m00.0s
k6-1  | 
k6-1  | running (1m43.9s), 100/100 VUs, 1612 complete and 0 interrupted iterations
k6-1  | outboundSDKTransfers   [  35% ] 100/100 VUs  1m43.9s/5m00.0s
k6-1  | 
k6-1  | running (1m44.9s), 100/100 VUs, 1612 complete and 0 interrupted iterations
k6-1  | outboundSDKTransfers   [  35% ] 100/100 VUs  1m44.9s/5m00.0s
k6-1  | 
k6-1  | running (1m45.9s), 100/100 VUs, 1631 complete and 0 interrupted iterations
k6-1  | outboundSDKTransfers   [  35% ] 100/100 VUs  1m45.9s/5m00.0s
k6-1  | 
k6-1  | running (1m46.9s), 100/100 VUs, 1661 complete and 0 interrupted iterations
k6-1  | outboundSDKTransfers   [  36% ] 100/100 VUs  1m46.9s/5m00.0s
k6-1  | 
k6-1  | running (1m47.9s), 100/100 VUs, 1672 complete and 0 interrupted iterations
k6-1  | outboundSDKTransfers   [  36% ] 100/100 VUs  1m47.9s/5m00.0s
k6-1  | 
k6-1  | running (1m48.9s), 100/100 VUs, 1703 complete and 0 interrupted iterations
k6-1  | outboundSDKTransfers   [  36% ] 100/100 VUs  1m48.9s/5m00.0s
k6-1  | 
k6-1  | running (1m49.9s), 100/100 VUs, 1704 complete and 0 interrupted iterations
k6-1  | outboundSDKTransfers   [  37% ] 100/100 VUs  1m49.9s/5m00.0s
k6-1  | 
k6-1  | running (1m50.9s), 100/100 VUs, 1712 complete and 0 interrupted iterations
k6-1  | outboundSDKTransfers   [  37% ] 100/100 VUs  1m50.9s/5m00.0s
k6-1  | 
k6-1  | running (1m51.9s), 100/100 VUs, 1738 complete and 0 interrupted iterations
k6-1  | outboundSDKTransfers   [  37% ] 100/100 VUs  1m51.9s/5m00.0s
k6-1  | 
k6-1  | running (1m52.9s), 100/100 VUs, 1750 complete and 0 interrupted iterations
k6-1  | outboundSDKTransfers   [  38% ] 100/100 VUs  1m52.9s/5m00.0s
k6-1  | 
k6-1  | running (1m53.9s), 100/100 VUs, 1782 complete and 0 interrupted iterations
k6-1  | outboundSDKTransfers   [  38% ] 100/100 VUs  1m53.9s/5m00.0s
k6-1  | 
k6-1  | running (1m54.9s), 100/100 VUs, 1790 complete and 0 interrupted iterations
k6-1  | outboundSDKTransfers   [  38% ] 100/100 VUs  1m54.9s/5m00.0s
k6-1  | 
k6-1  | running (1m55.9s), 100/100 VUs, 1804 complete and 0 interrupted iterations
k6-1  | outboundSDKTransfers   [  39% ] 100/100 VUs  1m55.9s/5m00.0s
k6-1  | 
k6-1  | running (1m56.9s), 100/100 VUs, 1811 complete and 0 interrupted iterations
k6-1  | outboundSDKTransfers   [  39% ] 100/100 VUs  1m56.9s/5m00.0s
k6-1  | 
k6-1  | running (1m57.9s), 100/100 VUs, 1838 complete and 0 interrupted iterations
k6-1  | outboundSDKTransfers   [  39% ] 100/100 VUs  1m57.9s/5m00.0s
k6-1  | 
k6-1  | running (1m58.9s), 100/100 VUs, 1849 complete and 0 interrupted iterations
k6-1  | outboundSDKTransfers   [  40% ] 100/100 VUs  1m58.9s/5m00.0s
k6-1  | 
k6-1  | running (1m59.9s), 100/100 VUs, 1877 complete and 0 interrupted iterations
k6-1  | outboundSDKTransfers   [  40% ] 100/100 VUs  1m59.9s/5m00.0s
k6-1  | 
k6-1  | running (2m00.9s), 100/100 VUs, 1897 complete and 0 interrupted iterations
k6-1  | outboundSDKTransfers   [  40% ] 100/100 VUs  2m00.9s/5m00.0s
k6-1  | 
k6-1  | running (2m01.9s), 100/100 VUs, 1903 complete and 0 interrupted iterations
k6-1  | outboundSDKTransfers   [  41% ] 100/100 VUs  2m01.9s/5m00.0s
k6-1  | 
k6-1  | running (2m02.9s), 100/100 VUs, 1911 complete and 0 interrupted iterations
k6-1  | outboundSDKTransfers   [  41% ] 100/100 VUs  2m02.9s/5m00.0s
k6-1  | 
k6-1  | running (2m03.9s), 100/100 VUs, 1936 complete and 0 interrupted iterations
k6-1  | outboundSDKTransfers   [  41% ] 100/100 VUs  2m03.9s/5m00.0s
k6-1  | 
k6-1  | running (2m04.9s), 100/100 VUs, 1944 complete and 0 interrupted iterations
k6-1  | outboundSDKTransfers   [  42% ] 100/100 VUs  2m04.9s/5m00.0s
k6-1  | 
k6-1  | running (2m05.9s), 100/100 VUs, 1971 complete and 0 interrupted iterations
k6-1  | outboundSDKTransfers   [  42% ] 100/100 VUs  2m05.9s/5m00.0s
k6-1  | 
k6-1  | running (2m06.9s), 100/100 VUs, 1985 complete and 0 interrupted iterations
k6-1  | outboundSDKTransfers   [  42% ] 100/100 VUs  2m06.9s/5m00.0s
k6-1  | 
k6-1  | running (2m07.9s), 100/100 VUs, 1998 complete and 0 interrupted iterations
k6-1  | outboundSDKTransfers   [  43% ] 100/100 VUs  2m07.9s/5m00.0s
k6-1  | 
k6-1  | running (2m08.9s), 100/100 VUs, 2008 complete and 0 interrupted iterations
k6-1  | outboundSDKTransfers   [  43% ] 100/100 VUs  2m08.9s/5m00.0s
k6-1  | 
k6-1  | running (2m09.9s), 100/100 VUs, 2023 complete and 0 interrupted iterations
k6-1  | outboundSDKTransfers   [  43% ] 100/100 VUs  2m09.9s/5m00.0s
k6-1  | 
k6-1  | running (2m10.9s), 100/100 VUs, 2043 complete and 0 interrupted iterations
k6-1  | outboundSDKTransfers   [  44% ] 100/100 VUs  2m10.9s/5m00.0s
k6-1  | 
k6-1  | running (2m11.9s), 100/100 VUs, 2070 complete and 0 interrupted iterations
k6-1  | outboundSDKTransfers   [  44% ] 100/100 VUs  2m11.9s/5m00.0s
k6-1  | 
k6-1  | running (2m12.9s), 100/100 VUs, 2083 complete and 0 interrupted iterations
k6-1  | outboundSDKTransfers   [  44% ] 100/100 VUs  2m12.9s/5m00.0s
k6-1  | 
k6-1  | running (2m13.9s), 100/100 VUs, 2097 complete and 0 interrupted iterations
k6-1  | outboundSDKTransfers   [  45% ] 100/100 VUs  2m13.9s/5m00.0s
k6-1  | 
k6-1  | running (2m14.9s), 100/100 VUs, 2103 complete and 0 interrupted iterations
k6-1  | outboundSDKTransfers   [  45% ] 100/100 VUs  2m14.9s/5m00.0s
k6-1  | 
k6-1  | running (2m15.9s), 100/100 VUs, 2122 complete and 0 interrupted iterations
k6-1  | outboundSDKTransfers   [  45% ] 100/100 VUs  2m15.9s/5m00.0s
k6-1  | 
k6-1  | running (2m16.9s), 100/100 VUs, 2147 complete and 0 interrupted iterations
k6-1  | outboundSDKTransfers   [  46% ] 100/100 VUs  2m16.9s/5m00.0s
k6-1  | 
k6-1  | running (2m17.9s), 100/100 VUs, 2166 complete and 0 interrupted iterations
k6-1  | outboundSDKTransfers   [  46% ] 100/100 VUs  2m17.9s/5m00.0s
k6-1  | 
k6-1  | running (2m18.9s), 100/100 VUs, 2183 complete and 0 interrupted iterations
k6-1  | outboundSDKTransfers   [  46% ] 100/100 VUs  2m18.9s/5m00.0s
k6-1  | 
k6-1  | running (2m19.9s), 100/100 VUs, 2189 complete and 0 interrupted iterations
k6-1  | outboundSDKTransfers   [  47% ] 100/100 VUs  2m19.9s/5m00.0s
k6-1  | 
k6-1  | running (2m20.9s), 100/100 VUs, 2200 complete and 0 interrupted iterations
k6-1  | outboundSDKTransfers   [  47% ] 100/100 VUs  2m20.9s/5m00.0s
k6-1  | 
k6-1  | running (2m21.9s), 100/100 VUs, 2219 complete and 0 interrupted iterations
k6-1  | outboundSDKTransfers   [  47% ] 100/100 VUs  2m21.9s/5m00.0s
k6-1  | 
k6-1  | running (2m22.9s), 100/100 VUs, 2245 complete and 0 interrupted iterations
k6-1  | outboundSDKTransfers   [  48% ] 100/100 VUs  2m22.9s/5m00.0s
k6-1  | 
k6-1  | running (2m23.9s), 100/100 VUs, 2264 complete and 0 interrupted iterations
k6-1  | outboundSDKTransfers   [  48% ] 100/100 VUs  2m23.9s/5m00.0s
k6-1  | 
k6-1  | running (2m24.9s), 100/100 VUs, 2281 complete and 0 interrupted iterations
k6-1  | outboundSDKTransfers   [  48% ] 100/100 VUs  2m24.9s/5m00.0s
k6-1  | 
k6-1  | running (2m25.9s), 100/100 VUs, 2285 complete and 0 interrupted iterations
k6-1  | outboundSDKTransfers   [  49% ] 100/100 VUs  2m25.9s/5m00.0s
k6-1  | 
k6-1  | running (2m26.9s), 100/100 VUs, 2299 complete and 0 interrupted iterations
k6-1  | outboundSDKTransfers   [  49% ] 100/100 VUs  2m26.9s/5m00.0s
k6-1  | 
k6-1  | running (2m27.9s), 100/100 VUs, 2317 complete and 0 interrupted iterations
k6-1  | outboundSDKTransfers   [  49% ] 100/100 VUs  2m27.9s/5m00.0s
k6-1  | 
k6-1  | running (2m28.9s), 100/100 VUs, 2340 complete and 0 interrupted iterations
k6-1  | outboundSDKTransfers   [  50% ] 100/100 VUs  2m28.9s/5m00.0s
k6-1  | 
k6-1  | running (2m29.9s), 100/100 VUs, 2358 complete and 0 interrupted iterations
k6-1  | outboundSDKTransfers   [  50% ] 100/100 VUs  2m29.9s/5m00.0s
k6-1  | 
k6-1  | running (2m30.9s), 100/100 VUs, 2377 complete and 0 interrupted iterations
k6-1  | outboundSDKTransfers   [  50% ] 100/100 VUs  2m30.9s/5m00.0s
k6-1  | 
k6-1  | running (2m31.9s), 100/100 VUs, 2383 complete and 0 interrupted iterations
k6-1  | outboundSDKTransfers   [  51% ] 100/100 VUs  2m31.9s/5m00.0s
k6-1  | 
k6-1  | running (2m32.9s), 100/100 VUs, 2397 complete and 0 interrupted iterations
k6-1  | outboundSDKTransfers   [  51% ] 100/100 VUs  2m32.9s/5m00.0s
k6-1  | 
k6-1  | running (2m33.9s), 100/100 VUs, 2412 complete and 0 interrupted iterations
k6-1  | outboundSDKTransfers   [  51% ] 100/100 VUs  2m33.9s/5m00.0s
k6-1  | 
k6-1  | running (2m34.9s), 100/100 VUs, 2441 complete and 0 interrupted iterations
k6-1  | outboundSDKTransfers   [  52% ] 100/100 VUs  2m34.9s/5m00.0s
k6-1  | 
k6-1  | running (2m35.9s), 100/100 VUs, 2457 complete and 0 interrupted iterations
k6-1  | outboundSDKTransfers   [  52% ] 100/100 VUs  2m35.9s/5m00.0s
k6-1  | 
k6-1  | running (2m36.9s), 100/100 VUs, 2475 complete and 0 interrupted iterations
k6-1  | outboundSDKTransfers   [  52% ] 100/100 VUs  2m36.9s/5m00.0s
k6-1  | 
k6-1  | running (2m37.9s), 100/100 VUs, 2483 complete and 0 interrupted iterations
k6-1  | outboundSDKTransfers   [  53% ] 100/100 VUs  2m37.9s/5m00.0s
k6-1  | 
k6-1  | running (2m38.9s), 100/100 VUs, 2492 complete and 0 interrupted iterations
k6-1  | outboundSDKTransfers   [  53% ] 100/100 VUs  2m38.9s/5m00.0s
k6-1  | 
k6-1  | running (2m39.9s), 100/100 VUs, 2513 complete and 0 interrupted iterations
k6-1  | outboundSDKTransfers   [  53% ] 100/100 VUs  2m39.9s/5m00.0s
k6-1  | 
k6-1  | running (2m40.9s), 100/100 VUs, 2533 complete and 0 interrupted iterations
k6-1  | outboundSDKTransfers   [  54% ] 100/100 VUs  2m40.9s/5m00.0s
k6-1  | 
k6-1  | running (2m41.9s), 100/100 VUs, 2557 complete and 0 interrupted iterations
k6-1  | outboundSDKTransfers   [  54% ] 100/100 VUs  2m41.9s/5m00.0s
k6-1  | 
k6-1  | running (2m42.9s), 100/100 VUs, 2569 complete and 0 interrupted iterations
k6-1  | outboundSDKTransfers   [  54% ] 100/100 VUs  2m42.9s/5m00.0s
k6-1  | 
k6-1  | running (2m43.9s), 100/100 VUs, 2582 complete and 0 interrupted iterations
k6-1  | outboundSDKTransfers   [  55% ] 100/100 VUs  2m43.9s/5m00.0s
k6-1  | 
k6-1  | running (2m44.9s), 100/100 VUs, 2588 complete and 0 interrupted iterations
k6-1  | outboundSDKTransfers   [  55% ] 100/100 VUs  2m44.9s/5m00.0s
k6-1  | 
k6-1  | running (2m45.9s), 100/100 VUs, 2612 complete and 0 interrupted iterations
k6-1  | outboundSDKTransfers   [  55% ] 100/100 VUs  2m45.9s/5m00.0s
k6-1  | 
k6-1  | running (2m46.9s), 100/100 VUs, 2631 complete and 0 interrupted iterations
k6-1  | outboundSDKTransfers   [  56% ] 100/100 VUs  2m46.9s/5m00.0s
k6-1  | 
k6-1  | running (2m47.9s), 100/100 VUs, 2656 complete and 0 interrupted iterations
k6-1  | outboundSDKTransfers   [  56% ] 100/100 VUs  2m47.9s/5m00.0s
k6-1  | 
k6-1  | running (2m48.9s), 100/100 VUs, 2667 complete and 0 interrupted iterations
k6-1  | outboundSDKTransfers   [  56% ] 100/100 VUs  2m48.9s/5m00.0s
k6-1  | 
k6-1  | running (2m49.9s), 100/100 VUs, 2680 complete and 0 interrupted iterations
k6-1  | outboundSDKTransfers   [  57% ] 100/100 VUs  2m49.9s/5m00.0s
k6-1  | 
k6-1  | running (2m50.9s), 100/100 VUs, 2688 complete and 0 interrupted iterations
k6-1  | outboundSDKTransfers   [  57% ] 100/100 VUs  2m50.9s/5m00.0s
k6-1  | 
k6-1  | running (2m51.9s), 100/100 VUs, 2709 complete and 0 interrupted iterations
k6-1  | outboundSDKTransfers   [  57% ] 100/100 VUs  2m51.9s/5m00.0s
k6-1  | 
k6-1  | running (2m52.9s), 100/100 VUs, 2729 complete and 0 interrupted iterations
k6-1  | outboundSDKTransfers   [  58% ] 100/100 VUs  2m52.9s/5m00.0s
k6-1  | 
k6-1  | running (2m53.9s), 100/100 VUs, 2748 complete and 0 interrupted iterations
k6-1  | outboundSDKTransfers   [  58% ] 100/100 VUs  2m53.9s/5m00.0s
k6-1  | 
k6-1  | running (2m54.9s), 100/100 VUs, 2767 complete and 0 interrupted iterations
k6-1  | outboundSDKTransfers   [  58% ] 100/100 VUs  2m54.9s/5m00.0s
k6-1  | 
k6-1  | running (2m55.9s), 100/100 VUs, 2775 complete and 0 interrupted iterations
k6-1  | outboundSDKTransfers   [  59% ] 100/100 VUs  2m55.9s/5m00.0s
k6-1  | 
k6-1  | running (2m56.9s), 100/100 VUs, 2782 complete and 0 interrupted iterations
k6-1  | outboundSDKTransfers   [  59% ] 100/100 VUs  2m56.9s/5m00.0s
k6-1  | 
k6-1  | running (2m57.9s), 100/100 VUs, 2806 complete and 0 interrupted iterations
k6-1  | outboundSDKTransfers   [  59% ] 100/100 VUs  2m57.9s/5m00.0s
k6-1  | 
k6-1  | running (2m58.9s), 100/100 VUs, 2831 complete and 0 interrupted iterations
k6-1  | outboundSDKTransfers   [  60% ] 100/100 VUs  2m58.9s/5m00.0s
k6-1  | 
k6-1  | running (2m59.9s), 100/100 VUs, 2850 complete and 0 interrupted iterations
k6-1  | outboundSDKTransfers   [  60% ] 100/100 VUs  2m59.9s/5m00.0s
k6-1  | 
k6-1  | running (3m00.9s), 100/100 VUs, 2871 complete and 0 interrupted iterations
k6-1  | outboundSDKTransfers   [  60% ] 100/100 VUs  3m00.9s/5m00.0s
k6-1  | 
k6-1  | running (3m01.9s), 100/100 VUs, 2875 complete and 0 interrupted iterations
k6-1  | outboundSDKTransfers   [  61% ] 100/100 VUs  3m01.9s/5m00.0s
k6-1  | 
k6-1  | running (3m02.9s), 100/100 VUs, 2883 complete and 0 interrupted iterations
k6-1  | outboundSDKTransfers   [  61% ] 100/100 VUs  3m02.9s/5m00.0s
k6-1  | 
k6-1  | running (3m03.9s), 100/100 VUs, 2902 complete and 0 interrupted iterations
k6-1  | outboundSDKTransfers   [  61% ] 100/100 VUs  3m03.9s/5m00.0s
k6-1  | 
k6-1  | running (3m04.9s), 100/100 VUs, 2931 complete and 0 interrupted iterations
k6-1  | outboundSDKTransfers   [  62% ] 100/100 VUs  3m04.9s/5m00.0s
k6-1  | 
k6-1  | running (3m05.9s), 100/100 VUs, 2956 complete and 0 interrupted iterations
k6-1  | outboundSDKTransfers   [  62% ] 100/100 VUs  3m05.9s/5m00.0s
k6-1  | 
k6-1  | running (3m06.9s), 100/100 VUs, 2970 complete and 0 interrupted iterations
k6-1  | outboundSDKTransfers   [  62% ] 100/100 VUs  3m06.9s/5m00.0s
k6-1  | 
k6-1  | running (3m07.9s), 100/100 VUs, 2975 complete and 0 interrupted iterations
k6-1  | outboundSDKTransfers   [  63% ] 100/100 VUs  3m07.9s/5m00.0s
k6-1  | 
k6-1  | running (3m08.9s), 100/100 VUs, 2979 complete and 0 interrupted iterations
k6-1  | outboundSDKTransfers   [  63% ] 100/100 VUs  3m08.9s/5m00.0s
k6-1  | 
k6-1  | running (3m09.9s), 100/100 VUs, 2999 complete and 0 interrupted iterations
k6-1  | outboundSDKTransfers   [  63% ] 100/100 VUs  3m09.9s/5m00.0s
k6-1  | 
k6-1  | running (3m10.9s), 100/100 VUs, 3021 complete and 0 interrupted iterations
k6-1  | outboundSDKTransfers   [  64% ] 100/100 VUs  3m10.9s/5m00.0s
k6-1  | 
k6-1  | running (3m11.9s), 100/100 VUs, 3049 complete and 0 interrupted iterations
k6-1  | outboundSDKTransfers   [  64% ] 100/100 VUs  3m11.9s/5m00.0s
k6-1  | 
k6-1  | running (3m12.9s), 100/100 VUs, 3066 complete and 0 interrupted iterations
k6-1  | outboundSDKTransfers   [  64% ] 100/100 VUs  3m12.9s/5m00.0s
k6-1  | 
k6-1  | running (3m13.9s), 100/100 VUs, 3075 complete and 0 interrupted iterations
k6-1  | outboundSDKTransfers   [  65% ] 100/100 VUs  3m13.9s/5m00.0s
k6-1  | 
k6-1  | running (3m14.9s), 100/100 VUs, 3082 complete and 0 interrupted iterations
k6-1  | outboundSDKTransfers   [  65% ] 100/100 VUs  3m14.9s/5m00.0s
k6-1  | 
k6-1  | running (3m15.9s), 100/100 VUs, 3102 complete and 0 interrupted iterations
k6-1  | outboundSDKTransfers   [  65% ] 100/100 VUs  3m15.9s/5m00.0s
k6-1  | 
k6-1  | running (3m16.9s), 100/100 VUs, 3127 complete and 0 interrupted iterations
k6-1  | outboundSDKTransfers   [  66% ] 100/100 VUs  3m16.9s/5m00.0s
k6-1  | 
k6-1  | running (3m17.9s), 100/100 VUs, 3150 complete and 0 interrupted iterations
k6-1  | outboundSDKTransfers   [  66% ] 100/100 VUs  3m17.9s/5m00.0s
k6-1  | 
k6-1  | running (3m18.9s), 100/100 VUs, 3167 complete and 0 interrupted iterations
k6-1  | outboundSDKTransfers   [  66% ] 100/100 VUs  3m18.9s/5m00.0s
k6-1  | 
k6-1  | running (3m19.9s), 100/100 VUs, 3174 complete and 0 interrupted iterations
k6-1  | outboundSDKTransfers   [  67% ] 100/100 VUs  3m19.9s/5m00.0s
k6-1  | 
k6-1  | running (3m20.9s), 100/100 VUs, 3179 complete and 0 interrupted iterations
k6-1  | outboundSDKTransfers   [  67% ] 100/100 VUs  3m20.9s/5m00.0s
k6-1  | 
k6-1  | running (3m21.9s), 100/100 VUs, 3201 complete and 0 interrupted iterations
k6-1  | outboundSDKTransfers   [  67% ] 100/100 VUs  3m21.9s/5m00.0s
k6-1  | 
k6-1  | running (3m22.9s), 100/100 VUs, 3228 complete and 0 interrupted iterations
k6-1  | outboundSDKTransfers   [  68% ] 100/100 VUs  3m22.9s/5m00.0s
k6-1  | 
k6-1  | running (3m23.9s), 100/100 VUs, 3256 complete and 0 interrupted iterations
k6-1  | outboundSDKTransfers   [  68% ] 100/100 VUs  3m23.9s/5m00.0s
k6-1  | 
k6-1  | running (3m24.9s), 100/100 VUs, 3269 complete and 0 interrupted iterations
k6-1  | outboundSDKTransfers   [  68% ] 100/100 VUs  3m24.9s/5m00.0s
k6-1  | 
k6-1  | running (3m25.9s), 100/100 VUs, 3274 complete and 0 interrupted iterations
k6-1  | outboundSDKTransfers   [  69% ] 100/100 VUs  3m25.9s/5m00.0s
k6-1  | 
k6-1  | running (3m26.9s), 100/100 VUs, 3283 complete and 0 interrupted iterations
k6-1  | outboundSDKTransfers   [  69% ] 100/100 VUs  3m26.9s/5m00.0s
k6-1  | 
k6-1  | running (3m27.9s), 100/100 VUs, 3306 complete and 0 interrupted iterations
k6-1  | outboundSDKTransfers   [  69% ] 100/100 VUs  3m27.9s/5m00.0s
k6-1  | 
k6-1  | running (3m28.9s), 100/100 VUs, 3327 complete and 0 interrupted iterations
k6-1  | outboundSDKTransfers   [  70% ] 100/100 VUs  3m28.9s/5m00.0s
k6-1  | 
k6-1  | running (3m29.9s), 100/100 VUs, 3347 complete and 0 interrupted iterations
k6-1  | outboundSDKTransfers   [  70% ] 100/100 VUs  3m29.9s/5m00.0s
k6-1  | 
k6-1  | running (3m30.9s), 100/100 VUs, 3368 complete and 0 interrupted iterations
k6-1  | outboundSDKTransfers   [  70% ] 100/100 VUs  3m30.9s/5m00.0s
k6-1  | 
k6-1  | running (3m31.9s), 100/100 VUs, 3373 complete and 0 interrupted iterations
k6-1  | outboundSDKTransfers   [  71% ] 100/100 VUs  3m31.9s/5m00.0s
k6-1  | 
k6-1  | running (3m32.9s), 100/100 VUs, 3380 complete and 0 interrupted iterations
k6-1  | outboundSDKTransfers   [  71% ] 100/100 VUs  3m32.9s/5m00.0s
k6-1  | 
k6-1  | running (3m33.9s), 100/100 VUs, 3405 complete and 0 interrupted iterations
k6-1  | outboundSDKTransfers   [  71% ] 100/100 VUs  3m33.9s/5m00.0s
k6-1  | 
k6-1  | running (3m34.9s), 100/100 VUs, 3424 complete and 0 interrupted iterations
k6-1  | outboundSDKTransfers   [  72% ] 100/100 VUs  3m34.9s/5m00.0s
k6-1  | 
k6-1  | running (3m35.9s), 100/100 VUs, 3456 complete and 0 interrupted iterations
k6-1  | outboundSDKTransfers   [  72% ] 100/100 VUs  3m35.9s/5m00.0s
k6-1  | 
k6-1  | running (3m36.9s), 100/100 VUs, 3469 complete and 0 interrupted iterations
k6-1  | outboundSDKTransfers   [  72% ] 100/100 VUs  3m36.9s/5m00.0s
k6-1  | 
k6-1  | running (3m37.9s), 100/100 VUs, 3471 complete and 0 interrupted iterations
k6-1  | outboundSDKTransfers   [  73% ] 100/100 VUs  3m37.9s/5m00.0s
k6-1  | 
k6-1  | running (3m38.9s), 100/100 VUs, 3489 complete and 0 interrupted iterations
k6-1  | outboundSDKTransfers   [  73% ] 100/100 VUs  3m38.9s/5m00.0s
k6-1  | 
k6-1  | running (3m39.9s), 100/100 VUs, 3501 complete and 0 interrupted iterations
k6-1  | outboundSDKTransfers   [  73% ] 100/100 VUs  3m39.9s/5m00.0s
k6-1  | 
k6-1  | running (3m40.9s), 100/100 VUs, 3527 complete and 0 interrupted iterations
k6-1  | outboundSDKTransfers   [  74% ] 100/100 VUs  3m40.9s/5m00.0s
k6-1  | 
k6-1  | running (3m41.9s), 100/100 VUs, 3550 complete and 0 interrupted iterations
k6-1  | outboundSDKTransfers   [  74% ] 100/100 VUs  3m41.9s/5m00.0s
k6-1  | 
k6-1  | running (3m42.9s), 100/100 VUs, 3566 complete and 0 interrupted iterations
k6-1  | outboundSDKTransfers   [  74% ] 100/100 VUs  3m42.9s/5m00.0s
k6-1  | 
k6-1  | running (3m43.9s), 100/100 VUs, 3570 complete and 0 interrupted iterations
k6-1  | outboundSDKTransfers   [  75% ] 100/100 VUs  3m43.9s/5m00.0s
k6-1  | 
k6-1  | running (3m44.9s), 100/100 VUs, 3584 complete and 0 interrupted iterations
k6-1  | outboundSDKTransfers   [  75% ] 100/100 VUs  3m44.9s/5m00.0s
k6-1  | 
k6-1  | running (3m45.9s), 100/100 VUs, 3607 complete and 0 interrupted iterations
k6-1  | outboundSDKTransfers   [  75% ] 100/100 VUs  3m45.9s/5m00.0s
k6-1  | 
k6-1  | running (3m46.9s), 100/100 VUs, 3625 complete and 0 interrupted iterations
k6-1  | outboundSDKTransfers   [  76% ] 100/100 VUs  3m46.9s/5m00.0s
k6-1  | 
k6-1  | running (3m47.9s), 100/100 VUs, 3652 complete and 0 interrupted iterations
k6-1  | outboundSDKTransfers   [  76% ] 100/100 VUs  3m47.9s/5m00.0s
k6-1  | 
k6-1  | running (3m48.9s), 100/100 VUs, 3660 complete and 0 interrupted iterations
k6-1  | outboundSDKTransfers   [  76% ] 100/100 VUs  3m48.9s/5m00.0s
k6-1  | 
k6-1  | running (3m49.9s), 100/100 VUs, 3669 complete and 0 interrupted iterations
k6-1  | outboundSDKTransfers   [  77% ] 100/100 VUs  3m49.9s/5m00.0s
k6-1  | 
k6-1  | running (3m50.9s), 100/100 VUs, 3678 complete and 0 interrupted iterations
k6-1  | outboundSDKTransfers   [  77% ] 100/100 VUs  3m50.9s/5m00.0s
k6-1  | 
k6-1  | running (3m51.9s), 100/100 VUs, 3702 complete and 0 interrupted iterations
k6-1  | outboundSDKTransfers   [  77% ] 100/100 VUs  3m51.9s/5m00.0s
k6-1  | 
k6-1  | running (3m52.9s), 100/100 VUs, 3720 complete and 0 interrupted iterations
k6-1  | outboundSDKTransfers   [  78% ] 100/100 VUs  3m52.9s/5m00.0s
k6-1  | 
k6-1  | running (3m53.9s), 100/100 VUs, 3749 complete and 0 interrupted iterations
k6-1  | outboundSDKTransfers   [  78% ] 100/100 VUs  3m53.9s/5m00.0s
k6-1  | 
k6-1  | running (3m54.9s), 100/100 VUs, 3757 complete and 0 interrupted iterations
k6-1  | outboundSDKTransfers   [  78% ] 100/100 VUs  3m54.9s/5m00.0s
k6-1  | 
k6-1  | running (3m55.9s), 100/100 VUs, 3769 complete and 0 interrupted iterations
k6-1  | outboundSDKTransfers   [  79% ] 100/100 VUs  3m55.9s/5m00.0s
k6-1  | 
k6-1  | running (3m56.9s), 100/100 VUs, 3781 complete and 0 interrupted iterations
k6-1  | outboundSDKTransfers   [  79% ] 100/100 VUs  3m56.9s/5m00.0s
k6-1  | 
k6-1  | running (3m57.9s), 100/100 VUs, 3803 complete and 0 interrupted iterations
k6-1  | outboundSDKTransfers   [  79% ] 100/100 VUs  3m57.9s/5m00.0s
k6-1  | 
k6-1  | running (3m58.9s), 100/100 VUs, 3818 complete and 0 interrupted iterations
k6-1  | outboundSDKTransfers   [  80% ] 100/100 VUs  3m58.9s/5m00.0s
k6-1  | 
k6-1  | running (3m59.9s), 100/100 VUs, 3848 complete and 0 interrupted iterations
k6-1  | outboundSDKTransfers   [  80% ] 100/100 VUs  3m59.9s/5m00.0s
k6-1  | 
k6-1  | running (4m00.9s), 100/100 VUs, 3858 complete and 0 interrupted iterations
k6-1  | outboundSDKTransfers   [  80% ] 100/100 VUs  4m00.9s/5m00.0s
k6-1  | 
k6-1  | running (4m01.9s), 100/100 VUs, 3868 complete and 0 interrupted iterations
k6-1  | outboundSDKTransfers   [  81% ] 100/100 VUs  4m01.9s/5m00.0s
k6-1  | 
k6-1  | running (4m02.9s), 100/100 VUs, 3880 complete and 0 interrupted iterations
k6-1  | outboundSDKTransfers   [  81% ] 100/100 VUs  4m02.9s/5m00.0s
k6-1  | 
k6-1  | running (4m03.9s), 100/100 VUs, 3903 complete and 0 interrupted iterations
k6-1  | outboundSDKTransfers   [  81% ] 100/100 VUs  4m03.9s/5m00.0s
k6-1  | 
k6-1  | running (4m04.9s), 100/100 VUs, 3924 complete and 0 interrupted iterations
k6-1  | outboundSDKTransfers   [  82% ] 100/100 VUs  4m04.9s/5m00.0s
k6-1  | 
k6-1  | running (4m05.9s), 100/100 VUs, 3945 complete and 0 interrupted iterations
k6-1  | outboundSDKTransfers   [  82% ] 100/100 VUs  4m05.9s/5m00.0s
k6-1  | 
k6-1  | running (4m06.9s), 100/100 VUs, 3957 complete and 0 interrupted iterations
k6-1  | outboundSDKTransfers   [  82% ] 100/100 VUs  4m06.9s/5m00.0s
k6-1  | 
k6-1  | running (4m07.9s), 100/100 VUs, 3971 complete and 0 interrupted iterations
k6-1  | outboundSDKTransfers   [  83% ] 100/100 VUs  4m07.9s/5m00.0s
k6-1  | 
k6-1  | running (4m08.9s), 100/100 VUs, 3981 complete and 0 interrupted iterations
k6-1  | outboundSDKTransfers   [  83% ] 100/100 VUs  4m08.9s/5m00.0s
k6-1  | 
k6-1  | running (4m09.9s), 100/100 VUs, 4006 complete and 0 interrupted iterations
k6-1  | outboundSDKTransfers   [  83% ] 100/100 VUs  4m09.9s/5m00.0s
k6-1  | 
k6-1  | running (4m10.9s), 100/100 VUs, 4026 complete and 0 interrupted iterations
k6-1  | outboundSDKTransfers   [  84% ] 100/100 VUs  4m10.9s/5m00.0s
k6-1  | 
k6-1  | running (4m11.9s), 100/100 VUs, 4040 complete and 0 interrupted iterations
k6-1  | outboundSDKTransfers   [  84% ] 100/100 VUs  4m11.9s/5m00.0s
k6-1  | 
k6-1  | running (4m12.9s), 100/100 VUs, 4057 complete and 0 interrupted iterations
k6-1  | outboundSDKTransfers   [  84% ] 100/100 VUs  4m12.9s/5m00.0s
k6-1  | 
k6-1  | running (4m13.9s), 100/100 VUs, 4068 complete and 0 interrupted iterations
k6-1  | outboundSDKTransfers   [  85% ] 100/100 VUs  4m13.9s/5m00.0s
k6-1  | 
k6-1  | running (4m14.9s), 100/100 VUs, 4075 complete and 0 interrupted iterations
k6-1  | outboundSDKTransfers   [  85% ] 100/100 VUs  4m14.9s/5m00.0s
k6-1  | 
k6-1  | running (4m15.9s), 100/100 VUs, 4104 complete and 0 interrupted iterations
k6-1  | outboundSDKTransfers   [  85% ] 100/100 VUs  4m15.9s/5m00.0s
k6-1  | 
k6-1  | running (4m16.9s), 100/100 VUs, 4126 complete and 0 interrupted iterations
k6-1  | outboundSDKTransfers   [  86% ] 100/100 VUs  4m16.9s/5m00.0s
k6-1  | 
k6-1  | running (4m17.9s), 100/100 VUs, 4138 complete and 0 interrupted iterations
k6-1  | outboundSDKTransfers   [  86% ] 100/100 VUs  4m17.9s/5m00.0s
k6-1  | 
k6-1  | running (4m18.9s), 100/100 VUs, 4156 complete and 0 interrupted iterations
k6-1  | outboundSDKTransfers   [  86% ] 100/100 VUs  4m18.9s/5m00.0s
k6-1  | 
k6-1  | running (4m19.9s), 100/100 VUs, 4166 complete and 0 interrupted iterations
k6-1  | outboundSDKTransfers   [  87% ] 100/100 VUs  4m19.9s/5m00.0s
k6-1  | 
k6-1  | running (4m20.9s), 100/100 VUs, 4177 complete and 0 interrupted iterations
k6-1  | outboundSDKTransfers   [  87% ] 100/100 VUs  4m20.9s/5m00.0s
k6-1  | 
k6-1  | running (4m21.9s), 100/100 VUs, 4206 complete and 0 interrupted iterations
k6-1  | outboundSDKTransfers   [  87% ] 100/100 VUs  4m21.9s/5m00.0s
k6-1  | 
k6-1  | running (4m22.9s), 100/100 VUs, 4226 complete and 0 interrupted iterations
k6-1  | outboundSDKTransfers   [  88% ] 100/100 VUs  4m22.9s/5m00.0s
k6-1  | 
k6-1  | running (4m23.9s), 100/100 VUs, 4245 complete and 0 interrupted iterations
k6-1  | outboundSDKTransfers   [  88% ] 100/100 VUs  4m23.9s/5m00.0s
k6-1  | 
k6-1  | running (4m24.9s), 100/100 VUs, 4253 complete and 0 interrupted iterations
k6-1  | outboundSDKTransfers   [  88% ] 100/100 VUs  4m24.9s/5m00.0s
k6-1  | 
k6-1  | running (4m25.9s), 100/100 VUs, 4260 complete and 0 interrupted iterations
k6-1  | outboundSDKTransfers   [  89% ] 100/100 VUs  4m25.9s/5m00.0s
k6-1  | 
k6-1  | running (4m26.9s), 100/100 VUs, 4282 complete and 0 interrupted iterations
k6-1  | outboundSDKTransfers   [  89% ] 100/100 VUs  4m26.9s/5m00.0s
k6-1  | 
k6-1  | running (4m27.9s), 100/100 VUs, 4304 complete and 0 interrupted iterations
k6-1  | outboundSDKTransfers   [  89% ] 100/100 VUs  4m27.9s/5m00.0s
k6-1  | 
k6-1  | running (4m28.9s), 100/100 VUs, 4323 complete and 0 interrupted iterations
k6-1  | outboundSDKTransfers   [  90% ] 100/100 VUs  4m28.9s/5m00.0s
k6-1  | 
k6-1  | running (4m29.9s), 100/100 VUs, 4341 complete and 0 interrupted iterations
k6-1  | outboundSDKTransfers   [  90% ] 100/100 VUs  4m29.9s/5m00.0s
k6-1  | 
k6-1  | running (4m30.9s), 100/100 VUs, 4353 complete and 0 interrupted iterations
k6-1  | outboundSDKTransfers   [  90% ] 100/100 VUs  4m30.9s/5m00.0s
k6-1  | 
k6-1  | running (4m31.9s), 100/100 VUs, 4363 complete and 0 interrupted iterations
k6-1  | outboundSDKTransfers   [  91% ] 100/100 VUs  4m31.9s/5m00.0s
k6-1  | 
k6-1  | running (4m32.9s), 100/100 VUs, 4384 complete and 0 interrupted iterations
k6-1  | outboundSDKTransfers   [  91% ] 100/100 VUs  4m32.9s/5m00.0s
k6-1  | 
k6-1  | running (4m33.9s), 100/100 VUs, 4401 complete and 0 interrupted iterations
k6-1  | outboundSDKTransfers   [  91% ] 100/100 VUs  4m33.9s/5m00.0s
k6-1  | 
k6-1  | running (4m34.9s), 100/100 VUs, 4427 complete and 0 interrupted iterations
k6-1  | outboundSDKTransfers   [  92% ] 100/100 VUs  4m34.9s/5m00.0s
k6-1  | 
k6-1  | running (4m35.9s), 100/100 VUs, 4441 complete and 0 interrupted iterations
k6-1  | outboundSDKTransfers   [  92% ] 100/100 VUs  4m35.9s/5m00.0s
k6-1  | 
k6-1  | running (4m36.9s), 100/100 VUs, 4452 complete and 0 interrupted iterations
k6-1  | outboundSDKTransfers   [  92% ] 100/100 VUs  4m36.9s/5m00.0s
k6-1  | 
k6-1  | running (4m37.9s), 100/100 VUs, 4466 complete and 0 interrupted iterations
k6-1  | outboundSDKTransfers   [  93% ] 100/100 VUs  4m37.9s/5m00.0s
k6-1  | 
k6-1  | running (4m38.9s), 100/100 VUs, 4483 complete and 0 interrupted iterations
k6-1  | outboundSDKTransfers   [  93% ] 100/100 VUs  4m38.9s/5m00.0s
k6-1  | 
k6-1  | running (4m39.9s), 100/100 VUs, 4501 complete and 0 interrupted iterations
k6-1  | outboundSDKTransfers   [  93% ] 100/100 VUs  4m39.9s/5m00.0s
k6-1  | 
k6-1  | running (4m40.9s), 100/100 VUs, 4519 complete and 0 interrupted iterations
k6-1  | outboundSDKTransfers   [  94% ] 100/100 VUs  4m40.9s/5m00.0s
k6-1  | 
k6-1  | running (4m41.9s), 100/100 VUs, 4533 complete and 0 interrupted iterations
k6-1  | outboundSDKTransfers   [  94% ] 100/100 VUs  4m41.9s/5m00.0s
k6-1  | 
k6-1  | running (4m42.9s), 100/100 VUs, 4545 complete and 0 interrupted iterations
k6-1  | outboundSDKTransfers   [  94% ] 100/100 VUs  4m42.9s/5m00.0s
k6-1  | 
k6-1  | running (4m43.9s), 100/100 VUs, 4559 complete and 0 interrupted iterations
k6-1  | outboundSDKTransfers   [  95% ] 100/100 VUs  4m43.9s/5m00.0s
k6-1  | 
k6-1  | running (4m44.9s), 100/100 VUs, 4576 complete and 0 interrupted iterations
k6-1  | outboundSDKTransfers   [  95% ] 100/100 VUs  4m44.9s/5m00.0s
k6-1  | 
k6-1  | running (4m45.9s), 100/100 VUs, 4594 complete and 0 interrupted iterations
k6-1  | outboundSDKTransfers   [  95% ] 100/100 VUs  4m45.9s/5m00.0s
k6-1  | 
k6-1  | running (4m46.9s), 100/100 VUs, 4615 complete and 0 interrupted iterations
k6-1  | outboundSDKTransfers   [  96% ] 100/100 VUs  4m46.9s/5m00.0s
k6-1  | 
k6-1  | running (4m47.9s), 100/100 VUs, 4630 complete and 0 interrupted iterations
k6-1  | outboundSDKTransfers   [  96% ] 100/100 VUs  4m47.9s/5m00.0s
k6-1  | 
k6-1  | running (4m48.9s), 100/100 VUs, 4644 complete and 0 interrupted iterations
k6-1  | outboundSDKTransfers   [  96% ] 100/100 VUs  4m48.9s/5m00.0s
k6-1  | 
k6-1  | running (4m49.9s), 100/100 VUs, 4660 complete and 0 interrupted iterations
k6-1  | outboundSDKTransfers   [  97% ] 100/100 VUs  4m49.9s/5m00.0s
k6-1  | 
k6-1  | running (4m50.9s), 100/100 VUs, 4673 complete and 0 interrupted iterations
k6-1  | outboundSDKTransfers   [  97% ] 100/100 VUs  4m50.9s/5m00.0s
k6-1  | 
k6-1  | running (4m51.9s), 100/100 VUs, 4696 complete and 0 interrupted iterations
k6-1  | outboundSDKTransfers   [  97% ] 100/100 VUs  4m51.9s/5m00.0s
k6-1  | 
k6-1  | running (4m52.9s), 100/100 VUs, 4710 complete and 0 interrupted iterations
k6-1  | outboundSDKTransfers   [  98% ] 100/100 VUs  4m52.9s/5m00.0s
k6-1  | 
k6-1  | running (4m53.9s), 100/100 VUs, 4726 complete and 0 interrupted iterations
k6-1  | outboundSDKTransfers   [  98% ] 100/100 VUs  4m53.9s/5m00.0s
k6-1  | 
k6-1  | running (4m54.9s), 100/100 VUs, 4740 complete and 0 interrupted iterations
k6-1  | outboundSDKTransfers   [  98% ] 100/100 VUs  4m54.9s/5m00.0s
k6-1  | 
k6-1  | running (4m55.9s), 100/100 VUs, 4755 complete and 0 interrupted iterations
k6-1  | outboundSDKTransfers   [  99% ] 100/100 VUs  4m55.9s/5m00.0s
k6-1  | 
k6-1  | running (4m56.9s), 100/100 VUs, 4769 complete and 0 interrupted iterations
k6-1  | outboundSDKTransfers   [  99% ] 100/100 VUs  4m56.9s/5m00.0s
k6-1  | 
k6-1  | running (4m57.9s), 100/100 VUs, 4790 complete and 0 interrupted iterations
k6-1  | outboundSDKTransfers   [  99% ] 100/100 VUs  4m57.9s/5m00.0s
k6-1  | 
k6-1  | running (4m58.9s), 100/100 VUs, 4810 complete and 0 interrupted iterations
k6-1  | outboundSDKTransfers   [ 100% ] 100/100 VUs  4m58.9s/5m00.0s
k6-1  | 
k6-1  | running (4m59.9s), 100/100 VUs, 4819 complete and 0 interrupted iterations
k6-1  | outboundSDKTransfers   [ 100% ] 100/100 VUs  4m59.9s/5m00.0s
k6-1  | 
k6-1  | running (5m00.9s), 073/100 VUs, 4847 complete and 0 interrupted iterations
k6-1  | outboundSDKTransfers ↓ [ 100% ] 100/100 VUs  5m0s
k6-1  | 
k6-1  | running (5m01.9s), 038/100 VUs, 4882 complete and 0 interrupted iterations
k6-1  | outboundSDKTransfers ↓ [ 100% ] 100/100 VUs  5m0s
k6-1  | 
k6-1  |      █ Post Transfers
k6-1  | 
k6-1  |        ✓ TRANSFERS__POST_TRANSFERS_RESPONSE_IS_200
k6-1  |        ✓ TRANSFERS__PUT_TRANSFERS_ACCEPT_PARTY_RESPONSE_IS_200
k6-1  |        ✓ TRANSFERS__PUT_TRANSFERS_ACCEPT_QUOTE_RESPONSE_IS_200
k6-1  | 
k6-1  |      checks.........................: 100.00% ✓ 14760     ✗ 0    
k6-1  |      data_received..................: 97 MB   319 kB/s
k6-1  |      data_sent......................: 5.3 MB  18 kB/s
k6-1  |      group_duration.................: avg=5.51s   min=125.63ms med=6.01s   max=7.17s   p(90)=6.36s    p(95)=6.47s   
k6-1  |      http_req_blocked...............: avg=7.85µs  min=942ns    med=2.79µs  max=30.74ms p(90)=4.47µs   p(95)=5.26µs  
k6-1  |      http_req_connecting............: avg=3.97µs  min=0s       med=0s      max=30.63ms p(90)=0s       p(95)=0s      
k6-1  |    ✗ http_req_duration..............: avg=1.83s   min=39.37ms  med=2.23s   max=3.6s    p(90)=2.94s    p(95)=3.07s   
k6-1  |        { expected_response:true }...: avg=1.83s   min=39.37ms  med=2.23s   max=3.6s    p(90)=2.94s    p(95)=3.07s   
k6-1  |    ✓ http_req_failed................: 0.00%   ✓ 0         ✗ 14760
k6-1  |      http_req_receiving.............: avg=86.89µs min=20µs     med=78.88µs max=1.21ms  p(90)=134.48µs p(95)=149.84µs
k6-1  |      http_req_sending...............: avg=25.7µs  min=7.91µs   med=23.96µs max=1.47ms  p(90)=37.4µs   p(95)=41.27µs 
k6-1  |      http_req_tls_handshaking.......: avg=0s      min=0s       med=0s      max=0s      p(90)=0s       p(95)=0s      
k6-1  |      http_req_waiting...............: avg=1.83s   min=39.28ms  med=2.23s   max=3.6s    p(90)=2.94s    p(95)=3.07s   
k6-1  |      http_reqs......................: 14760   48.80149/s
k6-1  |    ✗ iteration_duration.............: avg=5.51s   min=125.66ms med=6.01s   max=7.17s   p(90)=6.36s    p(95)=6.47s   
k6-1  |      iterations.....................: 4920    16.267163/s
k6-1  |      vus............................: 38      min=2       max=100
k6-1  |      vus_max........................: 100     min=100     max=100
k6-1  | 
k6-1  | 
k6-1  | running (5m02.4s), 000/100 VUs, 4920 complete and 0 interrupted iterations
k6-1  | outboundSDKTransfers ✓ [ 100% ] 000/100 VUs  5m0s
k6-1 exited with code 99
