Attaching to load-k6-1
load-k6-1  | 
load-k6-1  |           /\      |‾‾| /‾‾/   /‾‾/   
load-k6-1  |      /\  /  \     |  |/  /   /  /    
load-k6-1  |     /  \/    \    |     (   /   ‾‾\  
load-k6-1  |    /          \   |  |\  \ |  (‾)  | 
load-k6-1  |   / __________ \  |__| \__\ \_____/ .io
load-k6-1  | 
load-k6-1  | 
load-k6-1  |   execution: local
load-k6-1  |      script: /scripts/index.js
load-k6-1  |      output: Prometheus remote write (http://prometheus:9090/api/v1/write)
load-k6-1  | 
load-k6-1  |   scenarios: (100.00%) 1 scenario, 50 max VUs, 6m0s max duration (incl. graceful stop):
load-k6-1  |            * fspiopQuotes: Up to 50 looping VUs for 5m30s over 2 stages (gracefulRampDown: 30s, exec: fspiopQuotesScenarios, gracefulStop: 30s)
load-k6-1  | 
load-k6-1  | 
load-k6-1  | 
load-k6-1  | running (0m01.0s), 02/50 VUs, 56 complete and 0 interrupted iterations
load-k6-1  | fspiopQuotes   [   0% ] 02/50 VUs  0m01.0s/5m30.0s
load-k6-1  | 
load-k6-1  | 
load-k6-1  | running (0m02.0s), 04/50 VUs, 184 complete and 0 interrupted iterations
load-k6-1  | fspiopQuotes   [   1% ] 04/50 VUs  0m02.0s/5m30.0s
load-k6-1  | 
load-k6-1  | 
load-k6-1  | running (0m03.0s), 05/50 VUs, 355 complete and 0 interrupted iterations
load-k6-1  | fspiopQuotes   [   1% ] 05/50 VUs  0m03.0s/5m30.0s
load-k6-1  | 
load-k6-1  | 
load-k6-1  | running (0m04.0s), 07/50 VUs, 580 complete and 0 interrupted iterations
load-k6-1  | fspiopQuotes   [   1% ] 07/50 VUs  0m04.0s/5m30.0s
load-k6-1  | 
load-k6-1  | 
load-k6-1  | running (0m05.0s), 09/50 VUs, 814 complete and 0 interrupted iterations
load-k6-1  | fspiopQuotes   [   2% ] 09/50 VUs  0m05.0s/5m30.0s
load-k6-1  | 
load-k6-1  | 
load-k6-1  | running (0m06.0s), 10/50 VUs, 1074 complete and 0 interrupted iterations
load-k6-1  | fspiopQuotes   [   2% ] 10/50 VUs  0m06.0s/5m30.0s
load-k6-1  | 
load-k6-1  | 
load-k6-1  | running (0m07.0s), 12/50 VUs, 1323 complete and 0 interrupted iterations
load-k6-1  | fspiopQuotes   [   2% ] 12/50 VUs  0m07.0s/5m30.0s
load-k6-1  | 
load-k6-1  | 
load-k6-1  | running (0m08.0s), 14/50 VUs, 1612 complete and 0 interrupted iterations
load-k6-1  | fspiopQuotes   [   2% ] 14/50 VUs  0m08.0s/5m30.0s
load-k6-1  | 
load-k6-1  | 
load-k6-1  | running (0m09.0s), 15/50 VUs, 1905 complete and 0 interrupted iterations
load-k6-1  | fspiopQuotes   [   3% ] 15/50 VUs  0m09.0s/5m30.0s
load-k6-1  | 
load-k6-1  | 
load-k6-1  | running (0m10.0s), 17/50 VUs, 2207 complete and 0 interrupted iterations
load-k6-1  | fspiopQuotes   [   3% ] 17/50 VUs  0m10.0s/5m30.0s
load-k6-1  | 
load-k6-1  | 
load-k6-1  | running (0m11.0s), 18/50 VUs, 2522 complete and 0 interrupted iterations
load-k6-1  | fspiopQuotes   [   3% ] 18/50 VUs  0m11.0s/5m30.0s
load-k6-1  | 
load-k6-1  | 
load-k6-1  | running (0m12.0s), 20/50 VUs, 2869 complete and 0 interrupted iterations
load-k6-1  | fspiopQuotes   [   4% ] 20/50 VUs  0m12.0s/5m30.0s
load-k6-1  | 
load-k6-1  | 
load-k6-1  | running (0m13.0s), 22/50 VUs, 3209 complete and 0 interrupted iterations
load-k6-1  | fspiopQuotes   [   4% ] 22/50 VUs  0m13.0s/5m30.0s
load-k6-1  | 
load-k6-1  | 
load-k6-1  | running (0m14.0s), 23/50 VUs, 3560 complete and 0 interrupted iterations
load-k6-1  | fspiopQuotes   [   4% ] 23/50 VUs  0m14.0s/5m30.0s
load-k6-1  | 
load-k6-1  | 
load-k6-1  | running (0m15.0s), 25/50 VUs, 3911 complete and 0 interrupted iterations
load-k6-1  | fspiopQuotes   [   5% ] 25/50 VUs  0m15.0s/5m30.0s
load-k6-1  | 
load-k6-1  | 
load-k6-1  | running (0m16.0s), 27/50 VUs, 4287 complete and 0 interrupted iterations
load-k6-1  | fspiopQuotes   [   5% ] 27/50 VUs  0m16.0s/5m30.0s
load-k6-1  | 
load-k6-1  | 
load-k6-1  | running (0m17.0s), 28/50 VUs, 4661 complete and 0 interrupted iterations
load-k6-1  | fspiopQuotes   [   5% ] 28/50 VUs  0m17.0s/5m30.0s
load-k6-1  | 
load-k6-1  | 
load-k6-1  | running (0m18.0s), 30/50 VUs, 5046 complete and 0 interrupted iterations
load-k6-1  | fspiopQuotes   [   5% ] 30/50 VUs  0m18.0s/5m30.0s
load-k6-1  | 
load-k6-1  | 
load-k6-1  | running (0m19.0s), 32/50 VUs, 5434 complete and 0 interrupted iterations
load-k6-1  | fspiopQuotes   [   6% ] 32/50 VUs  0m19.0s/5m30.0s
load-k6-1  | 
load-k6-1  | 
load-k6-1  | running (0m20.0s), 33/50 VUs, 5816 complete and 0 interrupted iterations
load-k6-1  | fspiopQuotes   [   6% ] 33/50 VUs  0m20.0s/5m30.0s
load-k6-1  | 
load-k6-1  | 
load-k6-1  | running (0m21.0s), 35/50 VUs, 6218 complete and 0 interrupted iterations
load-k6-1  | fspiopQuotes   [   6% ] 35/50 VUs  0m21.0s/5m30.0s
load-k6-1  | 
load-k6-1  | 
load-k6-1  | running (0m22.0s), 36/50 VUs, 6608 complete and 0 interrupted iterations
load-k6-1  | fspiopQuotes   [   7% ] 36/50 VUs  0m22.0s/5m30.0s
load-k6-1  | 
load-k6-1  | 
load-k6-1  | running (0m23.0s), 38/50 VUs, 7018 complete and 0 interrupted iterations
load-k6-1  | fspiopQuotes   [   7% ] 38/50 VUs  0m23.0s/5m30.0s
load-k6-1  | 
load-k6-1  | 
load-k6-1  | running (0m24.0s), 40/50 VUs, 7430 complete and 0 interrupted iterations
load-k6-1  | fspiopQuotes   [   7% ] 40/50 VUs  0m24.0s/5m30.0s
load-k6-1  | 
load-k6-1  | 
load-k6-1  | running (0m25.0s), 41/50 VUs, 7798 complete and 0 interrupted iterations
load-k6-1  | fspiopQuotes   [   8% ] 41/50 VUs  0m25.0s/5m30.0s
load-k6-1  | 
load-k6-1  | 
load-k6-1  | running (0m26.0s), 43/50 VUs, 8195 complete and 0 interrupted iterations
load-k6-1  | fspiopQuotes   [   8% ] 43/50 VUs  0m26.0s/5m30.0s
load-k6-1  | 
load-k6-1  | 
load-k6-1  | running (0m27.0s), 45/50 VUs, 8614 complete and 0 interrupted iterations
load-k6-1  | fspiopQuotes   [   8% ] 45/50 VUs  0m27.0s/5m30.0s
load-k6-1  | 
load-k6-1  | 
load-k6-1  | running (0m28.0s), 46/50 VUs, 9042 complete and 0 interrupted iterations
load-k6-1  | fspiopQuotes   [   8% ] 46/50 VUs  0m28.0s/5m30.0s
load-k6-1  | 
load-k6-1  | 
load-k6-1  | running (0m29.0s), 48/50 VUs, 9489 complete and 0 interrupted iterations
load-k6-1  | fspiopQuotes   [   9% ] 48/50 VUs  0m29.0s/5m30.0s
load-k6-1  | 
load-k6-1  | 
load-k6-1  | running (0m30.0s), 49/50 VUs, 9899 complete and 0 interrupted iterations
load-k6-1  | fspiopQuotes   [   9% ] 49/50 VUs  0m30.0s/5m30.0s
load-k6-1  | 
load-k6-1  | 
load-k6-1  | running (0m31.0s), 50/50 VUs, 10311 complete and 0 interrupted iterations
load-k6-1  | fspiopQuotes   [   9% ] 50/50 VUs  0m31.0s/5m30.0s
load-k6-1  | 
load-k6-1  | 
load-k6-1  | running (0m32.0s), 50/50 VUs, 10725 complete and 0 interrupted iterations
load-k6-1  | fspiopQuotes   [  10% ] 50/50 VUs  0m32.0s/5m30.0s
load-k6-1  | 
load-k6-1  | 
load-k6-1  | running (0m33.0s), 50/50 VUs, 11154 complete and 0 interrupted iterations
load-k6-1  | fspiopQuotes   [  10% ] 50/50 VUs  0m33.0s/5m30.0s
load-k6-1  | 
load-k6-1  | 
load-k6-1  | running (0m34.0s), 50/50 VUs, 11557 complete and 0 interrupted iterations
load-k6-1  | fspiopQuotes   [  10% ] 50/50 VUs  0m34.0s/5m30.0s
load-k6-1  | 
load-k6-1  | 
load-k6-1  | running (0m35.0s), 50/50 VUs, 11946 complete and 0 interrupted iterations
load-k6-1  | fspiopQuotes   [  11% ] 50/50 VUs  0m35.0s/5m30.0s
load-k6-1  | 
load-k6-1  | 
load-k6-1  | running (0m36.0s), 50/50 VUs, 12362 complete and 0 interrupted iterations
load-k6-1  | fspiopQuotes   [  11% ] 50/50 VUs  0m36.0s/5m30.0s
load-k6-1  | 
load-k6-1  | 
load-k6-1  | running (0m37.0s), 50/50 VUs, 12788 complete and 0 interrupted iterations
load-k6-1  | fspiopQuotes   [  11% ] 50/50 VUs  0m37.0s/5m30.0s
load-k6-1  | 
load-k6-1  | 
load-k6-1  | running (0m38.0s), 50/50 VUs, 13195 complete and 0 interrupted iterations
load-k6-1  | fspiopQuotes   [  12% ] 50/50 VUs  0m38.0s/5m30.0s
load-k6-1  | 
load-k6-1  | 
load-k6-1  | running (0m39.0s), 50/50 VUs, 13572 complete and 0 interrupted iterations
load-k6-1  | fspiopQuotes   [  12% ] 50/50 VUs  0m39.0s/5m30.0s
load-k6-1  | 
load-k6-1  | 
load-k6-1  | running (0m40.0s), 50/50 VUs, 13957 complete and 0 interrupted iterations
load-k6-1  | fspiopQuotes   [  12% ] 50/50 VUs  0m40.0s/5m30.0s
load-k6-1  | 
load-k6-1  | 
load-k6-1  | running (0m41.0s), 50/50 VUs, 14374 complete and 0 interrupted iterations
load-k6-1  | fspiopQuotes   [  12% ] 50/50 VUs  0m41.0s/5m30.0s
load-k6-1  | 
load-k6-1  | 
load-k6-1  | running (0m42.0s), 50/50 VUs, 14750 complete and 0 interrupted iterations
load-k6-1  | fspiopQuotes   [  13% ] 50/50 VUs  0m42.0s/5m30.0s
load-k6-1  | 
load-k6-1  | 
load-k6-1  | running (0m43.0s), 50/50 VUs, 15153 complete and 0 interrupted iterations
load-k6-1  | fspiopQuotes   [  13% ] 50/50 VUs  0m43.0s/5m30.0s
load-k6-1  | 
load-k6-1  | 
load-k6-1  | running (0m44.0s), 50/50 VUs, 15530 complete and 0 interrupted iterations
load-k6-1  | fspiopQuotes   [  13% ] 50/50 VUs  0m44.0s/5m30.0s
load-k6-1  | 
load-k6-1  | 
load-k6-1  | running (0m45.0s), 50/50 VUs, 15910 complete and 0 interrupted iterations
load-k6-1  | fspiopQuotes   [  14% ] 50/50 VUs  0m45.0s/5m30.0s
load-k6-1  | 
load-k6-1  | 
load-k6-1  | running (0m46.0s), 50/50 VUs, 16281 complete and 0 interrupted iterations
load-k6-1  | fspiopQuotes   [  14% ] 50/50 VUs  0m46.0s/5m30.0s
load-k6-1  | 
load-k6-1  | 
load-k6-1  | running (0m47.0s), 50/50 VUs, 16621 complete and 0 interrupted iterations
load-k6-1  | fspiopQuotes   [  14% ] 50/50 VUs  0m47.0s/5m30.0s
load-k6-1  | 
load-k6-1  | 
load-k6-1  | running (0m48.0s), 50/50 VUs, 16939 complete and 0 interrupted iterations
load-k6-1  | fspiopQuotes   [  15% ] 50/50 VUs  0m48.0s/5m30.0s
load-k6-1  | 
load-k6-1  | 
load-k6-1  | running (0m49.0s), 50/50 VUs, 17297 complete and 0 interrupted iterations
load-k6-1  | fspiopQuotes   [  15% ] 50/50 VUs  0m49.0s/5m30.0s
load-k6-1  | 
load-k6-1  | 
load-k6-1  | running (0m50.0s), 50/50 VUs, 17647 complete and 0 interrupted iterations
load-k6-1  | fspiopQuotes   [  15% ] 50/50 VUs  0m50.0s/5m30.0s
load-k6-1  | 
load-k6-1  | 
load-k6-1  | running (0m51.0s), 50/50 VUs, 18045 complete and 0 interrupted iterations
load-k6-1  | fspiopQuotes   [  15% ] 50/50 VUs  0m51.0s/5m30.0s
load-k6-1  | 
load-k6-1  | 
load-k6-1  | running (0m52.0s), 50/50 VUs, 18405 complete and 0 interrupted iterations
load-k6-1  | fspiopQuotes   [  16% ] 50/50 VUs  0m52.0s/5m30.0s
load-k6-1  | 
load-k6-1  | 
load-k6-1  | running (0m53.0s), 50/50 VUs, 18825 complete and 0 interrupted iterations
load-k6-1  | fspiopQuotes   [  16% ] 50/50 VUs  0m53.0s/5m30.0s
load-k6-1  | 
load-k6-1  | 
load-k6-1  | running (0m54.0s), 50/50 VUs, 19280 complete and 0 interrupted iterations
load-k6-1  | fspiopQuotes   [  16% ] 50/50 VUs  0m54.0s/5m30.0s
load-k6-1  | 
load-k6-1  | 
load-k6-1  | running (0m55.0s), 50/50 VUs, 19656 complete and 0 interrupted iterations
load-k6-1  | fspiopQuotes   [  17% ] 50/50 VUs  0m55.0s/5m30.0s
load-k6-1  | 
load-k6-1  | 
load-k6-1  | running (0m56.0s), 50/50 VUs, 19968 complete and 0 interrupted iterations
load-k6-1  | fspiopQuotes   [  17% ] 50/50 VUs  0m56.0s/5m30.0s
load-k6-1  | 
load-k6-1  | 
load-k6-1  | running (0m57.0s), 50/50 VUs, 20276 complete and 0 interrupted iterations
load-k6-1  | fspiopQuotes   [  17% ] 50/50 VUs  0m57.0s/5m30.0s
load-k6-1  | 
load-k6-1  | 
load-k6-1  | running (0m58.0s), 50/50 VUs, 20611 complete and 0 interrupted iterations
load-k6-1  | fspiopQuotes   [  18% ] 50/50 VUs  0m58.0s/5m30.0s
load-k6-1  | 
load-k6-1  | 
load-k6-1  | running (0m59.0s), 50/50 VUs, 20927 complete and 0 interrupted iterations
load-k6-1  | fspiopQuotes   [  18% ] 50/50 VUs  0m59.0s/5m30.0s
load-k6-1  | 
load-k6-1  | 
load-k6-1  | running (1m00.0s), 50/50 VUs, 21234 complete and 0 interrupted iterations
load-k6-1  | fspiopQuotes   [  18% ] 50/50 VUs  1m00.0s/5m30.0s
load-k6-1  | 
load-k6-1  | 
load-k6-1  | running (1m01.0s), 50/50 VUs, 21541 complete and 0 interrupted iterations
load-k6-1  | fspiopQuotes   [  18% ] 50/50 VUs  1m01.0s/5m30.0s
load-k6-1  | 
load-k6-1  | 
load-k6-1  | running (1m02.0s), 50/50 VUs, 21888 complete and 0 interrupted iterations
load-k6-1  | fspiopQuotes   [  19% ] 50/50 VUs  1m02.0s/5m30.0s
load-k6-1  | 
load-k6-1  | 
load-k6-1  | running (1m03.0s), 50/50 VUs, 22253 complete and 0 interrupted iterations
load-k6-1  | fspiopQuotes   [  19% ] 50/50 VUs  1m03.0s/5m30.0s
load-k6-1  | 
load-k6-1  | 
load-k6-1  | running (1m04.0s), 50/50 VUs, 22591 complete and 0 interrupted iterations
load-k6-1  | fspiopQuotes   [  19% ] 50/50 VUs  1m04.0s/5m30.0s
load-k6-1  | 
load-k6-1  | 
load-k6-1  | running (1m05.0s), 50/50 VUs, 22862 complete and 0 interrupted iterations
load-k6-1  | fspiopQuotes   [  20% ] 50/50 VUs  1m05.0s/5m30.0s
load-k6-1  | 
load-k6-1  | 
load-k6-1  | running (1m06.0s), 50/50 VUs, 23132 complete and 0 interrupted iterations
load-k6-1  | fspiopQuotes   [  20% ] 50/50 VUs  1m06.0s/5m30.0s
load-k6-1  | 
load-k6-1  | 
load-k6-1  | running (1m07.0s), 50/50 VUs, 23530 complete and 0 interrupted iterations
load-k6-1  | fspiopQuotes   [  20% ] 50/50 VUs  1m07.0s/5m30.0s
load-k6-1  | 
load-k6-1  | 
load-k6-1  | running (1m08.0s), 50/50 VUs, 23925 complete and 0 interrupted iterations
load-k6-1  | fspiopQuotes   [  21% ] 50/50 VUs  1m08.0s/5m30.0s
load-k6-1  | 
load-k6-1  | 
load-k6-1  | running (1m09.0s), 50/50 VUs, 24308 complete and 0 interrupted iterations
load-k6-1  | fspiopQuotes   [  21% ] 50/50 VUs  1m09.0s/5m30.0s
load-k6-1  | 
load-k6-1  | 
load-k6-1  | running (1m10.0s), 50/50 VUs, 24617 complete and 0 interrupted iterations
load-k6-1  | fspiopQuotes   [  21% ] 50/50 VUs  1m10.0s/5m30.0s
load-k6-1  | 
load-k6-1  | 
load-k6-1  | running (1m11.0s), 50/50 VUs, 24963 complete and 0 interrupted iterations
load-k6-1  | fspiopQuotes   [  22% ] 50/50 VUs  1m11.0s/5m30.0s
load-k6-1  | 
load-k6-1  | 
load-k6-1  | running (1m12.0s), 50/50 VUs, 25323 complete and 0 interrupted iterations
load-k6-1  | fspiopQuotes   [  22% ] 50/50 VUs  1m12.0s/5m30.0s
load-k6-1  | 
load-k6-1  | 
load-k6-1  | running (1m13.0s), 50/50 VUs, 25748 complete and 0 interrupted iterations
load-k6-1  | fspiopQuotes   [  22% ] 50/50 VUs  1m13.0s/5m30.0s
load-k6-1  | 
load-k6-1  | 
load-k6-1  | running (1m14.0s), 50/50 VUs, 26164 complete and 0 interrupted iterations
load-k6-1  | fspiopQuotes   [  22% ] 50/50 VUs  1m14.0s/5m30.0s
load-k6-1  | 
load-k6-1  | 
load-k6-1  | running (1m15.0s), 50/50 VUs, 26497 complete and 0 interrupted iterations
load-k6-1  | fspiopQuotes   [  23% ] 50/50 VUs  1m15.0s/5m30.0s
load-k6-1  | 
load-k6-1  | 
load-k6-1  | running (1m16.0s), 50/50 VUs, 26849 complete and 0 interrupted iterations
load-k6-1  | fspiopQuotes   [  23% ] 50/50 VUs  1m16.0s/5m30.0s
load-k6-1  | 
load-k6-1  | 
load-k6-1  | running (1m17.0s), 50/50 VUs, 27178 complete and 0 interrupted iterations
load-k6-1  | fspiopQuotes   [  23% ] 50/50 VUs  1m17.0s/5m30.0s
load-k6-1  | 
load-k6-1  | 
load-k6-1  | running (1m18.0s), 50/50 VUs, 27486 complete and 0 interrupted iterations
load-k6-1  | fspiopQuotes   [  24% ] 50/50 VUs  1m18.0s/5m30.0s
load-k6-1  | 
load-k6-1  | 
load-k6-1  | running (1m19.0s), 50/50 VUs, 27762 complete and 0 interrupted iterations
load-k6-1  | fspiopQuotes   [  24% ] 50/50 VUs  1m19.0s/5m30.0s
load-k6-1  | 
load-k6-1  | 
load-k6-1  | running (1m20.0s), 50/50 VUs, 28057 complete and 0 interrupted iterations
load-k6-1  | fspiopQuotes   [  24% ] 50/50 VUs  1m20.0s/5m30.0s
load-k6-1  | 
load-k6-1  | 
load-k6-1  | running (1m21.0s), 50/50 VUs, 28355 complete and 0 interrupted iterations
load-k6-1  | fspiopQuotes   [  25% ] 50/50 VUs  1m21.0s/5m30.0s
load-k6-1  | 
load-k6-1  | 
load-k6-1  | running (1m22.0s), 50/50 VUs, 28646 complete and 0 interrupted iterations
load-k6-1  | fspiopQuotes   [  25% ] 50/50 VUs  1m22.0s/5m30.0s
load-k6-1  | 
load-k6-1  | 
load-k6-1  | running (1m23.0s), 50/50 VUs, 28946 complete and 0 interrupted iterations
load-k6-1  | fspiopQuotes   [  25% ] 50/50 VUs  1m23.0s/5m30.0s
load-k6-1  | 
load-k6-1  | 
load-k6-1  | running (1m24.0s), 50/50 VUs, 29276 complete and 0 interrupted iterations
load-k6-1  | fspiopQuotes   [  25% ] 50/50 VUs  1m24.0s/5m30.0s
load-k6-1  | 
load-k6-1  | 
load-k6-1  | running (1m25.0s), 50/50 VUs, 29595 complete and 0 interrupted iterations
load-k6-1  | fspiopQuotes   [  26% ] 50/50 VUs  1m25.0s/5m30.0s
load-k6-1  | 
load-k6-1  | 
load-k6-1  | running (1m26.0s), 50/50 VUs, 29888 complete and 0 interrupted iterations
load-k6-1  | fspiopQuotes   [  26% ] 50/50 VUs  1m26.0s/5m30.0s
load-k6-1  | 
load-k6-1  | 
load-k6-1  | running (1m27.0s), 50/50 VUs, 30197 complete and 0 interrupted iterations
load-k6-1  | fspiopQuotes   [  26% ] 50/50 VUs  1m27.0s/5m30.0s
load-k6-1  | 
load-k6-1  | 
load-k6-1  | running (1m28.0s), 50/50 VUs, 30507 complete and 0 interrupted iterations
load-k6-1  | fspiopQuotes   [  27% ] 50/50 VUs  1m28.0s/5m30.0s
load-k6-1  | 
load-k6-1  | 
load-k6-1  | running (1m29.0s), 50/50 VUs, 30797 complete and 0 interrupted iterations
load-k6-1  | fspiopQuotes   [  27% ] 50/50 VUs  1m29.0s/5m30.0s
load-k6-1  | 
load-k6-1  | 
load-k6-1  | running (1m30.0s), 50/50 VUs, 31133 complete and 0 interrupted iterations
load-k6-1  | fspiopQuotes   [  27% ] 50/50 VUs  1m30.0s/5m30.0s
load-k6-1  | 
load-k6-1  | 
load-k6-1  | running (1m31.0s), 50/50 VUs, 31433 complete and 0 interrupted iterations
load-k6-1  | fspiopQuotes   [  28% ] 50/50 VUs  1m31.0s/5m30.0s
load-k6-1  | 
load-k6-1  | 
load-k6-1  | running (1m32.0s), 50/50 VUs, 31717 complete and 0 interrupted iterations
load-k6-1  | fspiopQuotes   [  28% ] 50/50 VUs  1m32.0s/5m30.0s
load-k6-1  | 
load-k6-1  | 
load-k6-1  | running (1m33.0s), 50/50 VUs, 32055 complete and 0 interrupted iterations
load-k6-1  | fspiopQuotes   [  28% ] 50/50 VUs  1m33.0s/5m30.0s
load-k6-1  | 
load-k6-1  | 
load-k6-1  | running (1m34.0s), 50/50 VUs, 32354 complete and 0 interrupted iterations
load-k6-1  | fspiopQuotes   [  28% ] 50/50 VUs  1m34.0s/5m30.0s
load-k6-1  | 
load-k6-1  | 
load-k6-1  | running (1m35.0s), 50/50 VUs, 32665 complete and 0 interrupted iterations
load-k6-1  | fspiopQuotes   [  29% ] 50/50 VUs  1m35.0s/5m30.0s
load-k6-1  | 
load-k6-1  | 
load-k6-1  | running (1m36.0s), 50/50 VUs, 32958 complete and 0 interrupted iterations
load-k6-1  | fspiopQuotes   [  29% ] 50/50 VUs  1m36.0s/5m30.0s
load-k6-1  | 
load-k6-1  | 
load-k6-1  | running (1m37.0s), 50/50 VUs, 33327 complete and 0 interrupted iterations
load-k6-1  | fspiopQuotes   [  29% ] 50/50 VUs  1m37.0s/5m30.0s
load-k6-1  | 
load-k6-1  | 
load-k6-1  | running (1m38.0s), 50/50 VUs, 33661 complete and 0 interrupted iterations
load-k6-1  | fspiopQuotes   [  30% ] 50/50 VUs  1m38.0s/5m30.0s
load-k6-1  | 
load-k6-1  | 
load-k6-1  | running (1m39.0s), 50/50 VUs, 33981 complete and 0 interrupted iterations
load-k6-1  | fspiopQuotes   [  30% ] 50/50 VUs  1m39.0s/5m30.0s
load-k6-1  | 
load-k6-1  | 
load-k6-1  | running (1m40.0s), 50/50 VUs, 34338 complete and 0 interrupted iterations
load-k6-1  | fspiopQuotes   [  30% ] 50/50 VUs  1m40.0s/5m30.0s
load-k6-1  | 
load-k6-1  | 
load-k6-1  | running (1m41.0s), 50/50 VUs, 34698 complete and 0 interrupted iterations
load-k6-1  | fspiopQuotes   [  31% ] 50/50 VUs  1m41.0s/5m30.0s
load-k6-1  | 
load-k6-1  | 
load-k6-1  | running (1m42.0s), 50/50 VUs, 35083 complete and 0 interrupted iterations
load-k6-1  | fspiopQuotes   [  31% ] 50/50 VUs  1m42.0s/5m30.0s
load-k6-1  | 
load-k6-1  | 
load-k6-1  | running (1m43.0s), 50/50 VUs, 35388 complete and 0 interrupted iterations
load-k6-1  | fspiopQuotes   [  31% ] 50/50 VUs  1m43.0s/5m30.0s
load-k6-1  | 
load-k6-1  | 
load-k6-1  | running (1m44.0s), 50/50 VUs, 35765 complete and 0 interrupted iterations
load-k6-1  | fspiopQuotes   [  32% ] 50/50 VUs  1m44.0s/5m30.0s
load-k6-1  | 
load-k6-1  | 
load-k6-1  | running (1m45.0s), 50/50 VUs, 36119 complete and 0 interrupted iterations
load-k6-1  | fspiopQuotes   [  32% ] 50/50 VUs  1m45.0s/5m30.0s
load-k6-1  | 
load-k6-1  | 
load-k6-1  | running (1m46.0s), 50/50 VUs, 36418 complete and 0 interrupted iterations
load-k6-1  | fspiopQuotes   [  32% ] 50/50 VUs  1m46.0s/5m30.0s
load-k6-1  | 
load-k6-1  | 
load-k6-1  | running (1m47.0s), 50/50 VUs, 36751 complete and 0 interrupted iterations
load-k6-1  | fspiopQuotes   [  32% ] 50/50 VUs  1m47.0s/5m30.0s
load-k6-1  | 
load-k6-1  | 
load-k6-1  | running (1m48.0s), 50/50 VUs, 37081 complete and 0 interrupted iterations
load-k6-1  | fspiopQuotes   [  33% ] 50/50 VUs  1m48.0s/5m30.0s
load-k6-1  | 
load-k6-1  | 
load-k6-1  | running (1m49.0s), 50/50 VUs, 37408 complete and 0 interrupted iterations
load-k6-1  | fspiopQuotes   [  33% ] 50/50 VUs  1m49.0s/5m30.0s
load-k6-1  | 
load-k6-1  | 
load-k6-1  | running (1m50.0s), 50/50 VUs, 37732 complete and 0 interrupted iterations
load-k6-1  | fspiopQuotes   [  33% ] 50/50 VUs  1m50.0s/5m30.0s
load-k6-1  | 
load-k6-1  | 
load-k6-1  | running (1m51.0s), 50/50 VUs, 38046 complete and 0 interrupted iterations
load-k6-1  | fspiopQuotes   [  34% ] 50/50 VUs  1m51.0s/5m30.0s
load-k6-1  | 
load-k6-1  | 
load-k6-1  | running (1m52.0s), 50/50 VUs, 38368 complete and 0 interrupted iterations
load-k6-1  | fspiopQuotes   [  34% ] 50/50 VUs  1m52.0s/5m30.0s
load-k6-1  | 
load-k6-1  | 
load-k6-1  | running (1m53.0s), 50/50 VUs, 38695 complete and 0 interrupted iterations
load-k6-1  | fspiopQuotes   [  34% ] 50/50 VUs  1m53.0s/5m30.0s
load-k6-1  | 
load-k6-1  | 
load-k6-1  | running (1m54.0s), 50/50 VUs, 39049 complete and 0 interrupted iterations
load-k6-1  | fspiopQuotes   [  35% ] 50/50 VUs  1m54.0s/5m30.0s
load-k6-1  | 
load-k6-1  | 
load-k6-1  | running (1m55.0s), 50/50 VUs, 39440 complete and 0 interrupted iterations
load-k6-1  | fspiopQuotes   [  35% ] 50/50 VUs  1m55.0s/5m30.0s
load-k6-1  | 
load-k6-1  | 
load-k6-1  | running (1m56.0s), 50/50 VUs, 39822 complete and 0 interrupted iterations
load-k6-1  | fspiopQuotes   [  35% ] 50/50 VUs  1m56.0s/5m30.0s
load-k6-1  | 
load-k6-1  | 
load-k6-1  | running (1m57.0s), 50/50 VUs, 40172 complete and 0 interrupted iterations
load-k6-1  | fspiopQuotes   [  35% ] 50/50 VUs  1m57.0s/5m30.0s
load-k6-1  | 
load-k6-1  | 
load-k6-1  | running (1m58.0s), 50/50 VUs, 40472 complete and 0 interrupted iterations
load-k6-1  | fspiopQuotes   [  36% ] 50/50 VUs  1m58.0s/5m30.0s
load-k6-1  | 
load-k6-1  | 
load-k6-1  | running (1m59.0s), 50/50 VUs, 40816 complete and 0 interrupted iterations
load-k6-1  | fspiopQuotes   [  36% ] 50/50 VUs  1m59.0s/5m30.0s
load-k6-1  | 
load-k6-1  | 
load-k6-1  | running (2m00.0s), 50/50 VUs, 41134 complete and 0 interrupted iterations
load-k6-1  | fspiopQuotes   [  36% ] 50/50 VUs  2m00.0s/5m30.0s
load-k6-1  | 
load-k6-1  | 
load-k6-1  | running (2m01.0s), 50/50 VUs, 41444 complete and 0 interrupted iterations
load-k6-1  | fspiopQuotes   [  37% ] 50/50 VUs  2m01.0s/5m30.0s
load-k6-1  | 
load-k6-1  | 
load-k6-1  | running (2m02.0s), 50/50 VUs, 41832 complete and 0 interrupted iterations
load-k6-1  | fspiopQuotes   [  37% ] 50/50 VUs  2m02.0s/5m30.0s
load-k6-1  | 
load-k6-1  | 
load-k6-1  | running (2m03.0s), 50/50 VUs, 42246 complete and 0 interrupted iterations
load-k6-1  | fspiopQuotes   [  37% ] 50/50 VUs  2m03.0s/5m30.0s
load-k6-1  | 
load-k6-1  | 
load-k6-1  | running (2m04.0s), 50/50 VUs, 42582 complete and 0 interrupted iterations
load-k6-1  | fspiopQuotes   [  38% ] 50/50 VUs  2m04.0s/5m30.0s
load-k6-1  | 
load-k6-1  | 
load-k6-1  | running (2m05.0s), 50/50 VUs, 42901 complete and 0 interrupted iterations
load-k6-1  | fspiopQuotes   [  38% ] 50/50 VUs  2m05.0s/5m30.0s
load-k6-1  | 
load-k6-1  | 
load-k6-1  | running (2m06.0s), 50/50 VUs, 43282 complete and 0 interrupted iterations
load-k6-1  | fspiopQuotes   [  38% ] 50/50 VUs  2m06.0s/5m30.0s
load-k6-1  | 
load-k6-1  | 
load-k6-1  | running (2m07.0s), 50/50 VUs, 43691 complete and 0 interrupted iterations
load-k6-1  | fspiopQuotes   [  38% ] 50/50 VUs  2m07.0s/5m30.0s
load-k6-1  | 
load-k6-1  | 
load-k6-1  | running (2m08.0s), 50/50 VUs, 44147 complete and 0 interrupted iterations
load-k6-1  | fspiopQuotes   [  39% ] 50/50 VUs  2m08.0s/5m30.0s
load-k6-1  | 
load-k6-1  | 
load-k6-1  | running (2m09.0s), 50/50 VUs, 44559 complete and 0 interrupted iterations
load-k6-1  | fspiopQuotes   [  39% ] 50/50 VUs  2m09.0s/5m30.0s
load-k6-1  | 
load-k6-1  | 
load-k6-1  | running (2m10.0s), 50/50 VUs, 44953 complete and 0 interrupted iterations
load-k6-1  | fspiopQuotes   [  39% ] 50/50 VUs  2m10.0s/5m30.0s
load-k6-1  | 
load-k6-1  | 
load-k6-1  | running (2m11.0s), 50/50 VUs, 45305 complete and 0 interrupted iterations
load-k6-1  | fspiopQuotes   [  40% ] 50/50 VUs  2m11.0s/5m30.0s
load-k6-1  | 
load-k6-1  | 
load-k6-1  | running (2m12.0s), 50/50 VUs, 45712 complete and 0 interrupted iterations
load-k6-1  | fspiopQuotes   [  40% ] 50/50 VUs  2m12.0s/5m30.0s
load-k6-1  | 
load-k6-1  | 
load-k6-1  | running (2m13.0s), 50/50 VUs, 46063 complete and 0 interrupted iterations
load-k6-1  | fspiopQuotes   [  40% ] 50/50 VUs  2m13.0s/5m30.0s
load-k6-1  | 
load-k6-1  | 
load-k6-1  | running (2m14.0s), 50/50 VUs, 46456 complete and 0 interrupted iterations
load-k6-1  | fspiopQuotes   [  41% ] 50/50 VUs  2m14.0s/5m30.0s
load-k6-1  | 
load-k6-1  | 
load-k6-1  | running (2m15.0s), 50/50 VUs, 46836 complete and 0 interrupted iterations
load-k6-1  | fspiopQuotes   [  41% ] 50/50 VUs  2m15.0s/5m30.0s
load-k6-1  | 
load-k6-1  | 
load-k6-1  | running (2m16.0s), 50/50 VUs, 47262 complete and 0 interrupted iterations
load-k6-1  | fspiopQuotes   [  41% ] 50/50 VUs  2m16.0s/5m30.0s
load-k6-1  | 
load-k6-1  | 
load-k6-1  | running (2m17.0s), 50/50 VUs, 47676 complete and 0 interrupted iterations
load-k6-1  | fspiopQuotes   [  42% ] 50/50 VUs  2m17.0s/5m30.0s
load-k6-1  | 
load-k6-1  | 
load-k6-1  | running (2m18.0s), 50/50 VUs, 48056 complete and 0 interrupted iterations
load-k6-1  | fspiopQuotes   [  42% ] 50/50 VUs  2m18.0s/5m30.0s
load-k6-1  | 
load-k6-1  | 
load-k6-1  | running (2m19.0s), 50/50 VUs, 48387 complete and 0 interrupted iterations
load-k6-1  | fspiopQuotes   [  42% ] 50/50 VUs  2m19.0s/5m30.0s
load-k6-1  | 
load-k6-1  | 
load-k6-1  | running (2m20.0s), 50/50 VUs, 48775 complete and 0 interrupted iterations
load-k6-1  | fspiopQuotes   [  42% ] 50/50 VUs  2m20.0s/5m30.0s
load-k6-1  | 
load-k6-1  | 
load-k6-1  | running (2m21.0s), 50/50 VUs, 49189 complete and 0 interrupted iterations
load-k6-1  | fspiopQuotes   [  43% ] 50/50 VUs  2m21.0s/5m30.0s
load-k6-1  | 
load-k6-1  | 
load-k6-1  | running (2m22.0s), 50/50 VUs, 49609 complete and 0 interrupted iterations
load-k6-1  | fspiopQuotes   [  43% ] 50/50 VUs  2m22.0s/5m30.0s
load-k6-1  | 
load-k6-1  | 
load-k6-1  | running (2m23.0s), 50/50 VUs, 49939 complete and 0 interrupted iterations
load-k6-1  | fspiopQuotes   [  43% ] 50/50 VUs  2m23.0s/5m30.0s
load-k6-1  | 
load-k6-1  | 
load-k6-1  | running (2m24.0s), 50/50 VUs, 50371 complete and 0 interrupted iterations
load-k6-1  | fspiopQuotes   [  44% ] 50/50 VUs  2m24.0s/5m30.0s
load-k6-1  | 
load-k6-1  | 
load-k6-1  | running (2m25.0s), 50/50 VUs, 50777 complete and 0 interrupted iterations
load-k6-1  | fspiopQuotes   [  44% ] 50/50 VUs  2m25.0s/5m30.0s
load-k6-1  | 
load-k6-1  | 
load-k6-1  | running (2m26.0s), 50/50 VUs, 51150 complete and 0 interrupted iterations
load-k6-1  | fspiopQuotes   [  44% ] 50/50 VUs  2m26.0s/5m30.0s
load-k6-1  | 
load-k6-1  | 
load-k6-1  | running (2m27.0s), 50/50 VUs, 51493 complete and 0 interrupted iterations
load-k6-1  | fspiopQuotes   [  45% ] 50/50 VUs  2m27.0s/5m30.0s
load-k6-1  | 
load-k6-1  | 
load-k6-1  | running (2m28.0s), 50/50 VUs, 51850 complete and 0 interrupted iterations
load-k6-1  | fspiopQuotes   [  45% ] 50/50 VUs  2m28.0s/5m30.0s
load-k6-1  | 
load-k6-1  | 
load-k6-1  | running (2m29.0s), 50/50 VUs, 52254 complete and 0 interrupted iterations
load-k6-1  | fspiopQuotes   [  45% ] 50/50 VUs  2m29.0s/5m30.0s
load-k6-1  | 
load-k6-1  | 
load-k6-1  | running (2m30.0s), 50/50 VUs, 52591 complete and 0 interrupted iterations
load-k6-1  | fspiopQuotes   [  45% ] 50/50 VUs  2m30.0s/5m30.0s
load-k6-1  | 
load-k6-1  | 
load-k6-1  | running (2m31.0s), 50/50 VUs, 52931 complete and 0 interrupted iterations
load-k6-1  | fspiopQuotes   [  46% ] 50/50 VUs  2m31.0s/5m30.0s
load-k6-1  | 
load-k6-1  | 
load-k6-1  | running (2m32.0s), 50/50 VUs, 53269 complete and 0 interrupted iterations
load-k6-1  | fspiopQuotes   [  46% ] 50/50 VUs  2m32.0s/5m30.0s
load-k6-1  | 
load-k6-1  | 
load-k6-1  | running (2m33.0s), 50/50 VUs, 53624 complete and 0 interrupted iterations
load-k6-1  | fspiopQuotes   [  46% ] 50/50 VUs  2m33.0s/5m30.0s
load-k6-1  | 
load-k6-1  | 
load-k6-1  | running (2m34.0s), 50/50 VUs, 54038 complete and 0 interrupted iterations
load-k6-1  | fspiopQuotes   [  47% ] 50/50 VUs  2m34.0s/5m30.0s
load-k6-1  | 
load-k6-1  | 
load-k6-1  | running (2m35.0s), 50/50 VUs, 54408 complete and 0 interrupted iterations
load-k6-1  | fspiopQuotes   [  47% ] 50/50 VUs  2m35.0s/5m30.0s
load-k6-1  | 
load-k6-1  | 
load-k6-1  | running (2m36.0s), 50/50 VUs, 54758 complete and 0 interrupted iterations
load-k6-1  | fspiopQuotes   [  47% ] 50/50 VUs  2m36.0s/5m30.0s
load-k6-1  | 
load-k6-1  | 
load-k6-1  | running (2m37.0s), 50/50 VUs, 55112 complete and 0 interrupted iterations
load-k6-1  | fspiopQuotes   [  48% ] 50/50 VUs  2m37.0s/5m30.0s
load-k6-1  | 
load-k6-1  | 
load-k6-1  | running (2m38.0s), 50/50 VUs, 55489 complete and 0 interrupted iterations
load-k6-1  | fspiopQuotes   [  48% ] 50/50 VUs  2m38.0s/5m30.0s
load-k6-1  | 
load-k6-1  | 
load-k6-1  | running (2m39.0s), 50/50 VUs, 55824 complete and 0 interrupted iterations
load-k6-1  | fspiopQuotes   [  48% ] 50/50 VUs  2m39.0s/5m30.0s
load-k6-1  | 
load-k6-1  | 
load-k6-1  | running (2m40.0s), 50/50 VUs, 56148 complete and 0 interrupted iterations
load-k6-1  | fspiopQuotes   [  48% ] 50/50 VUs  2m40.0s/5m30.0s
load-k6-1  | 
load-k6-1  | 
load-k6-1  | running (2m41.0s), 50/50 VUs, 56558 complete and 0 interrupted iterations
load-k6-1  | fspiopQuotes   [  49% ] 50/50 VUs  2m41.0s/5m30.0s
load-k6-1  | 
load-k6-1  | 
load-k6-1  | running (2m42.0s), 50/50 VUs, 56939 complete and 0 interrupted iterations
load-k6-1  | fspiopQuotes   [  49% ] 50/50 VUs  2m42.0s/5m30.0s
load-k6-1  | 
load-k6-1  | 
load-k6-1  | running (2m43.0s), 50/50 VUs, 57229 complete and 0 interrupted iterations
load-k6-1  | fspiopQuotes   [  49% ] 50/50 VUs  2m43.0s/5m30.0s
load-k6-1  | 
load-k6-1  | 
load-k6-1  | running (2m44.0s), 50/50 VUs, 57525 complete and 0 interrupted iterations
load-k6-1  | fspiopQuotes   [  50% ] 50/50 VUs  2m44.0s/5m30.0s
load-k6-1  | 
load-k6-1  | 
load-k6-1  | running (2m45.0s), 50/50 VUs, 57817 complete and 0 interrupted iterations
load-k6-1  | fspiopQuotes   [  50% ] 50/50 VUs  2m45.0s/5m30.0s
load-k6-1  | 
load-k6-1  | 
load-k6-1  | running (2m46.0s), 50/50 VUs, 58135 complete and 0 interrupted iterations
load-k6-1  | fspiopQuotes   [  50% ] 50/50 VUs  2m46.0s/5m30.0s
load-k6-1  | 
load-k6-1  | 
load-k6-1  | running (2m47.0s), 50/50 VUs, 58506 complete and 0 interrupted iterations
load-k6-1  | fspiopQuotes   [  51% ] 50/50 VUs  2m47.0s/5m30.0s
load-k6-1  | 
load-k6-1  | 
load-k6-1  | running (2m48.0s), 50/50 VUs, 58927 complete and 0 interrupted iterations
load-k6-1  | fspiopQuotes   [  51% ] 50/50 VUs  2m48.0s/5m30.0s
load-k6-1  | 
load-k6-1  | 
load-k6-1  | running (2m49.0s), 50/50 VUs, 59215 complete and 0 interrupted iterations
load-k6-1  | fspiopQuotes   [  51% ] 50/50 VUs  2m49.0s/5m30.0s
load-k6-1  | 
load-k6-1  | 
load-k6-1  | running (2m50.0s), 50/50 VUs, 59564 complete and 0 interrupted iterations
load-k6-1  | fspiopQuotes   [  52% ] 50/50 VUs  2m50.0s/5m30.0s
load-k6-1  | 
load-k6-1  | 
load-k6-1  | running (2m51.0s), 50/50 VUs, 59953 complete and 0 interrupted iterations
load-k6-1  | fspiopQuotes   [  52% ] 50/50 VUs  2m51.0s/5m30.0s
load-k6-1  | 
load-k6-1  | 
load-k6-1  | running (2m52.0s), 50/50 VUs, 60306 complete and 0 interrupted iterations
load-k6-1  | fspiopQuotes   [  52% ] 50/50 VUs  2m52.0s/5m30.0s
load-k6-1  | 
load-k6-1  | 
load-k6-1  | running (2m53.0s), 50/50 VUs, 60732 complete and 0 interrupted iterations
load-k6-1  | fspiopQuotes   [  52% ] 50/50 VUs  2m53.0s/5m30.0s
load-k6-1  | 
load-k6-1  | 
load-k6-1  | running (2m54.0s), 50/50 VUs, 61140 complete and 0 interrupted iterations
load-k6-1  | fspiopQuotes   [  53% ] 50/50 VUs  2m54.0s/5m30.0s
load-k6-1  | 
load-k6-1  | 
load-k6-1  | running (2m55.0s), 50/50 VUs, 61534 complete and 0 interrupted iterations
load-k6-1  | fspiopQuotes   [  53% ] 50/50 VUs  2m55.0s/5m30.0s
load-k6-1  | 
load-k6-1  | 
load-k6-1  | running (2m56.0s), 50/50 VUs, 61944 complete and 0 interrupted iterations
load-k6-1  | fspiopQuotes   [  53% ] 50/50 VUs  2m56.0s/5m30.0s
load-k6-1  | 
load-k6-1  | 
load-k6-1  | running (2m57.0s), 50/50 VUs, 62310 complete and 0 interrupted iterations
load-k6-1  | fspiopQuotes   [  54% ] 50/50 VUs  2m57.0s/5m30.0s
load-k6-1  | 
load-k6-1  | 
load-k6-1  | running (2m58.0s), 50/50 VUs, 62724 complete and 0 interrupted iterations
load-k6-1  | fspiopQuotes   [  54% ] 50/50 VUs  2m58.0s/5m30.0s
load-k6-1  | 
load-k6-1  | 
load-k6-1  | running (2m59.0s), 50/50 VUs, 63107 complete and 0 interrupted iterations
load-k6-1  | fspiopQuotes   [  54% ] 50/50 VUs  2m59.0s/5m30.0s
load-k6-1  | 
load-k6-1  | 
load-k6-1  | running (3m00.0s), 50/50 VUs, 63484 complete and 0 interrupted iterations
load-k6-1  | fspiopQuotes   [  55% ] 50/50 VUs  3m00.0s/5m30.0s
load-k6-1  | 
load-k6-1  | 
load-k6-1  | running (3m01.0s), 50/50 VUs, 63869 complete and 0 interrupted iterations
load-k6-1  | fspiopQuotes   [  55% ] 50/50 VUs  3m01.0s/5m30.0s
load-k6-1  | 
load-k6-1  | 
load-k6-1  | running (3m02.0s), 50/50 VUs, 64290 complete and 0 interrupted iterations
load-k6-1  | fspiopQuotes   [  55% ] 50/50 VUs  3m02.0s/5m30.0s
load-k6-1  | 
load-k6-1  | 
load-k6-1  | running (3m03.0s), 50/50 VUs, 64728 complete and 0 interrupted iterations
load-k6-1  | fspiopQuotes   [  55% ] 50/50 VUs  3m03.0s/5m30.0s
load-k6-1  | 
load-k6-1  | 
load-k6-1  | running (3m04.0s), 50/50 VUs, 65157 complete and 0 interrupted iterations
load-k6-1  | fspiopQuotes   [  56% ] 50/50 VUs  3m04.0s/5m30.0s
load-k6-1  | 
load-k6-1  | 
load-k6-1  | running (3m05.0s), 50/50 VUs, 65531 complete and 0 interrupted iterations
load-k6-1  | fspiopQuotes   [  56% ] 50/50 VUs  3m05.0s/5m30.0s
load-k6-1  | 
load-k6-1  | 
load-k6-1  | running (3m06.0s), 50/50 VUs, 65954 complete and 0 interrupted iterations
load-k6-1  | fspiopQuotes   [  56% ] 50/50 VUs  3m06.0s/5m30.0s
load-k6-1  | 
load-k6-1  | 
load-k6-1  | running (3m07.0s), 50/50 VUs, 66371 complete and 0 interrupted iterations
load-k6-1  | fspiopQuotes   [  57% ] 50/50 VUs  3m07.0s/5m30.0s
load-k6-1  | 
load-k6-1  | 
load-k6-1  | running (3m08.0s), 50/50 VUs, 66792 complete and 0 interrupted iterations
load-k6-1  | fspiopQuotes   [  57% ] 50/50 VUs  3m08.0s/5m30.0s
load-k6-1  | 
load-k6-1  | 
load-k6-1  | running (3m09.0s), 50/50 VUs, 67214 complete and 0 interrupted iterations
load-k6-1  | fspiopQuotes   [  57% ] 50/50 VUs  3m09.0s/5m30.0s
load-k6-1  | 
load-k6-1  | 
load-k6-1  | running (3m10.0s), 50/50 VUs, 67629 complete and 0 interrupted iterations
load-k6-1  | fspiopQuotes   [  58% ] 50/50 VUs  3m10.0s/5m30.0s
load-k6-1  | 
load-k6-1  | 
load-k6-1  | running (3m11.0s), 50/50 VUs, 68046 complete and 0 interrupted iterations
load-k6-1  | fspiopQuotes   [  58% ] 50/50 VUs  3m11.0s/5m30.0s
load-k6-1  | 
load-k6-1  | 
load-k6-1  | running (3m12.0s), 50/50 VUs, 68443 complete and 0 interrupted iterations
load-k6-1  | fspiopQuotes   [  58% ] 50/50 VUs  3m12.0s/5m30.0s
load-k6-1  | 
load-k6-1  | 
load-k6-1  | running (3m13.0s), 50/50 VUs, 68882 complete and 0 interrupted iterations
load-k6-1  | fspiopQuotes   [  58% ] 50/50 VUs  3m13.0s/5m30.0s
load-k6-1  | 
load-k6-1  | 
load-k6-1  | running (3m14.0s), 50/50 VUs, 69297 complete and 0 interrupted iterations
load-k6-1  | fspiopQuotes   [  59% ] 50/50 VUs  3m14.0s/5m30.0s
load-k6-1  | 
load-k6-1  | 
load-k6-1  | running (3m15.0s), 50/50 VUs, 69634 complete and 0 interrupted iterations
load-k6-1  | fspiopQuotes   [  59% ] 50/50 VUs  3m15.0s/5m30.0s
load-k6-1  | 
load-k6-1  | 
load-k6-1  | running (3m16.0s), 50/50 VUs, 70032 complete and 0 interrupted iterations
load-k6-1  | fspiopQuotes   [  59% ] 50/50 VUs  3m16.0s/5m30.0s
load-k6-1  | 
load-k6-1  | 
load-k6-1  | running (3m17.0s), 50/50 VUs, 70455 complete and 0 interrupted iterations
load-k6-1  | fspiopQuotes   [  60% ] 50/50 VUs  3m17.0s/5m30.0s
load-k6-1  | 
load-k6-1  | 
load-k6-1  | running (3m18.0s), 50/50 VUs, 70859 complete and 0 interrupted iterations
load-k6-1  | fspiopQuotes   [  60% ] 50/50 VUs  3m18.0s/5m30.0s
load-k6-1  | 
load-k6-1  | 
load-k6-1  | running (3m19.0s), 50/50 VUs, 71261 complete and 0 interrupted iterations
load-k6-1  | fspiopQuotes   [  60% ] 50/50 VUs  3m19.0s/5m30.0s
load-k6-1  | 
load-k6-1  | 
load-k6-1  | running (3m20.0s), 50/50 VUs, 71687 complete and 0 interrupted iterations
load-k6-1  | fspiopQuotes   [  61% ] 50/50 VUs  3m20.0s/5m30.0s
load-k6-1  | 
load-k6-1  | 
load-k6-1  | running (3m21.0s), 50/50 VUs, 72088 complete and 0 interrupted iterations
load-k6-1  | fspiopQuotes   [  61% ] 50/50 VUs  3m21.0s/5m30.0s
load-k6-1  | 
load-k6-1  | 
load-k6-1  | running (3m22.0s), 50/50 VUs, 72515 complete and 0 interrupted iterations
load-k6-1  | fspiopQuotes   [  61% ] 50/50 VUs  3m22.0s/5m30.0s
load-k6-1  | 
load-k6-1  | 
load-k6-1  | running (3m23.0s), 50/50 VUs, 72933 complete and 0 interrupted iterations
load-k6-1  | fspiopQuotes   [  62% ] 50/50 VUs  3m23.0s/5m30.0s
load-k6-1  | 
load-k6-1  | 
load-k6-1  | running (3m24.0s), 50/50 VUs, 73347 complete and 0 interrupted iterations
load-k6-1  | fspiopQuotes   [  62% ] 50/50 VUs  3m24.0s/5m30.0s
load-k6-1  | 
load-k6-1  | 
load-k6-1  | running (3m25.0s), 50/50 VUs, 73725 complete and 0 interrupted iterations
load-k6-1  | fspiopQuotes   [  62% ] 50/50 VUs  3m25.0s/5m30.0s
load-k6-1  | 
load-k6-1  | 
load-k6-1  | running (3m26.0s), 50/50 VUs, 74165 complete and 0 interrupted iterations
load-k6-1  | fspiopQuotes   [  62% ] 50/50 VUs  3m26.0s/5m30.0s
load-k6-1  | 
load-k6-1  | 
load-k6-1  | running (3m27.0s), 50/50 VUs, 74598 complete and 0 interrupted iterations
load-k6-1  | fspiopQuotes   [  63% ] 50/50 VUs  3m27.0s/5m30.0s
load-k6-1  | 
load-k6-1  | 
load-k6-1  | running (3m28.0s), 50/50 VUs, 75037 complete and 0 interrupted iterations
load-k6-1  | fspiopQuotes   [  63% ] 50/50 VUs  3m28.0s/5m30.0s
load-k6-1  | 
load-k6-1  | 
load-k6-1  | running (3m29.0s), 50/50 VUs, 75424 complete and 0 interrupted iterations
load-k6-1  | fspiopQuotes   [  63% ] 50/50 VUs  3m29.0s/5m30.0s
load-k6-1  | 
load-k6-1  | 
load-k6-1  | running (3m30.0s), 50/50 VUs, 75827 complete and 0 interrupted iterations
load-k6-1  | fspiopQuotes   [  64% ] 50/50 VUs  3m30.0s/5m30.0s
load-k6-1  | 
load-k6-1  | 
load-k6-1  | running (3m31.0s), 50/50 VUs, 76238 complete and 0 interrupted iterations
load-k6-1  | fspiopQuotes   [  64% ] 50/50 VUs  3m31.0s/5m30.0s
load-k6-1  | 
load-k6-1  | 
load-k6-1  | running (3m32.0s), 50/50 VUs, 76620 complete and 0 interrupted iterations
load-k6-1  | fspiopQuotes   [  64% ] 50/50 VUs  3m32.0s/5m30.0s
load-k6-1  | 
load-k6-1  | 
load-k6-1  | running (3m33.0s), 50/50 VUs, 77036 complete and 0 interrupted iterations
load-k6-1  | fspiopQuotes   [  65% ] 50/50 VUs  3m33.0s/5m30.0s
load-k6-1  | 
load-k6-1  | 
load-k6-1  | running (3m34.0s), 50/50 VUs, 77463 complete and 0 interrupted iterations
load-k6-1  | fspiopQuotes   [  65% ] 50/50 VUs  3m34.0s/5m30.0s
load-k6-1  | 
load-k6-1  | 
load-k6-1  | running (3m35.0s), 50/50 VUs, 77883 complete and 0 interrupted iterations
load-k6-1  | fspiopQuotes   [  65% ] 50/50 VUs  3m35.0s/5m30.0s
load-k6-1  | 
load-k6-1  | 
load-k6-1  | running (3m36.0s), 50/50 VUs, 78286 complete and 0 interrupted iterations
load-k6-1  | fspiopQuotes   [  65% ] 50/50 VUs  3m36.0s/5m30.0s
load-k6-1  | 
load-k6-1  | 
load-k6-1  | running (3m37.0s), 50/50 VUs, 78717 complete and 0 interrupted iterations
load-k6-1  | fspiopQuotes   [  66% ] 50/50 VUs  3m37.0s/5m30.0s
load-k6-1  | 
load-k6-1  | 
load-k6-1  | running (3m38.0s), 50/50 VUs, 79108 complete and 0 interrupted iterations
load-k6-1  | fspiopQuotes   [  66% ] 50/50 VUs  3m38.0s/5m30.0s
load-k6-1  | 
load-k6-1  | 
load-k6-1  | running (3m39.0s), 50/50 VUs, 79536 complete and 0 interrupted iterations
load-k6-1  | fspiopQuotes   [  66% ] 50/50 VUs  3m39.0s/5m30.0s
load-k6-1  | 
load-k6-1  | 
load-k6-1  | running (3m40.0s), 50/50 VUs, 79981 complete and 0 interrupted iterations
load-k6-1  | fspiopQuotes   [  67% ] 50/50 VUs  3m40.0s/5m30.0s
load-k6-1  | 
load-k6-1  | 
load-k6-1  | running (3m41.0s), 50/50 VUs, 80394 complete and 0 interrupted iterations
load-k6-1  | fspiopQuotes   [  67% ] 50/50 VUs  3m41.0s/5m30.0s
load-k6-1  | 
load-k6-1  | 
load-k6-1  | running (3m42.0s), 50/50 VUs, 80812 complete and 0 interrupted iterations
load-k6-1  | fspiopQuotes   [  67% ] 50/50 VUs  3m42.0s/5m30.0s
load-k6-1  | 
load-k6-1  | 
load-k6-1  | running (3m43.0s), 50/50 VUs, 81220 complete and 0 interrupted iterations
load-k6-1  | fspiopQuotes   [  68% ] 50/50 VUs  3m43.0s/5m30.0s
load-k6-1  | 
load-k6-1  | 
load-k6-1  | running (3m44.0s), 50/50 VUs, 81620 complete and 0 interrupted iterations
load-k6-1  | fspiopQuotes   [  68% ] 50/50 VUs  3m44.0s/5m30.0s
load-k6-1  | 
load-k6-1  | 
load-k6-1  | running (3m45.0s), 50/50 VUs, 82043 complete and 0 interrupted iterations
load-k6-1  | fspiopQuotes   [  68% ] 50/50 VUs  3m45.0s/5m30.0s
load-k6-1  | 
load-k6-1  | 
load-k6-1  | running (3m46.0s), 50/50 VUs, 82473 complete and 0 interrupted iterations
load-k6-1  | fspiopQuotes   [  68% ] 50/50 VUs  3m46.0s/5m30.0s
load-k6-1  | 
load-k6-1  | 
load-k6-1  | running (3m47.0s), 50/50 VUs, 82858 complete and 0 interrupted iterations
load-k6-1  | fspiopQuotes   [  69% ] 50/50 VUs  3m47.0s/5m30.0s
load-k6-1  | 
load-k6-1  | 
load-k6-1  | running (3m48.0s), 50/50 VUs, 83258 complete and 0 interrupted iterations
load-k6-1  | fspiopQuotes   [  69% ] 50/50 VUs  3m48.0s/5m30.0s
load-k6-1  | 
load-k6-1  | 
load-k6-1  | running (3m49.0s), 50/50 VUs, 83633 complete and 0 interrupted iterations
load-k6-1  | fspiopQuotes   [  69% ] 50/50 VUs  3m49.0s/5m30.0s
load-k6-1  | 
load-k6-1  | 
load-k6-1  | running (3m50.0s), 50/50 VUs, 84075 complete and 0 interrupted iterations
load-k6-1  | fspiopQuotes   [  70% ] 50/50 VUs  3m50.0s/5m30.0s
load-k6-1  | 
load-k6-1  | 
load-k6-1  | running (3m51.0s), 50/50 VUs, 84481 complete and 0 interrupted iterations
load-k6-1  | fspiopQuotes   [  70% ] 50/50 VUs  3m51.0s/5m30.0s
load-k6-1  | 
load-k6-1  | 
load-k6-1  | running (3m52.0s), 50/50 VUs, 84882 complete and 0 interrupted iterations
load-k6-1  | fspiopQuotes   [  70% ] 50/50 VUs  3m52.0s/5m30.0s
load-k6-1  | 
load-k6-1  | 
load-k6-1  | running (3m53.0s), 50/50 VUs, 85238 complete and 0 interrupted iterations
load-k6-1  | fspiopQuotes   [  71% ] 50/50 VUs  3m53.0s/5m30.0s
load-k6-1  | 
load-k6-1  | 
load-k6-1  | running (3m54.0s), 50/50 VUs, 85554 complete and 0 interrupted iterations
load-k6-1  | fspiopQuotes   [  71% ] 50/50 VUs  3m54.0s/5m30.0s
load-k6-1  | 
load-k6-1  | 
load-k6-1  | running (3m55.0s), 50/50 VUs, 85958 complete and 0 interrupted iterations
load-k6-1  | fspiopQuotes   [  71% ] 50/50 VUs  3m55.0s/5m30.0s
load-k6-1  | 
load-k6-1  | 
load-k6-1  | running (3m56.0s), 50/50 VUs, 86323 complete and 0 interrupted iterations
load-k6-1  | fspiopQuotes   [  72% ] 50/50 VUs  3m56.0s/5m30.0s
load-k6-1  | 
load-k6-1  | 
load-k6-1  | running (3m57.0s), 50/50 VUs, 86692 complete and 0 interrupted iterations
load-k6-1  | fspiopQuotes   [  72% ] 50/50 VUs  3m57.0s/5m30.0s
load-k6-1  | 
load-k6-1  | 
load-k6-1  | running (3m58.0s), 50/50 VUs, 87107 complete and 0 interrupted iterations
load-k6-1  | fspiopQuotes   [  72% ] 50/50 VUs  3m58.0s/5m30.0s
load-k6-1  | 
load-k6-1  | 
load-k6-1  | running (3m59.0s), 50/50 VUs, 87479 complete and 0 interrupted iterations
load-k6-1  | fspiopQuotes   [  72% ] 50/50 VUs  3m59.0s/5m30.0s
load-k6-1  | 
load-k6-1  | 
load-k6-1  | running (4m00.0s), 50/50 VUs, 87874 complete and 0 interrupted iterations
load-k6-1  | fspiopQuotes   [  73% ] 50/50 VUs  4m00.0s/5m30.0s
load-k6-1  | 
load-k6-1  | 
load-k6-1  | running (4m01.0s), 50/50 VUs, 88286 complete and 0 interrupted iterations
load-k6-1  | fspiopQuotes   [  73% ] 50/50 VUs  4m01.0s/5m30.0s
load-k6-1  | 
load-k6-1  | 
load-k6-1  | running (4m02.0s), 50/50 VUs, 88676 complete and 0 interrupted iterations
load-k6-1  | fspiopQuotes   [  73% ] 50/50 VUs  4m02.0s/5m30.0s
load-k6-1  | 
load-k6-1  | 
load-k6-1  | running (4m03.0s), 50/50 VUs, 89004 complete and 0 interrupted iterations
load-k6-1  | fspiopQuotes   [  74% ] 50/50 VUs  4m03.0s/5m30.0s
load-k6-1  | 
load-k6-1  | 
load-k6-1  | running (4m04.0s), 50/50 VUs, 89324 complete and 0 interrupted iterations
load-k6-1  | fspiopQuotes   [  74% ] 50/50 VUs  4m04.0s/5m30.0s
load-k6-1  | 
load-k6-1  | 
load-k6-1  | running (4m05.0s), 50/50 VUs, 89680 complete and 0 interrupted iterations
load-k6-1  | fspiopQuotes   [  74% ] 50/50 VUs  4m05.0s/5m30.0s
load-k6-1  | 
load-k6-1  | 
load-k6-1  | running (4m06.0s), 50/50 VUs, 90055 complete and 0 interrupted iterations
load-k6-1  | fspiopQuotes   [  75% ] 50/50 VUs  4m06.0s/5m30.0s
load-k6-1  | 
load-k6-1  | 
load-k6-1  | running (4m07.0s), 50/50 VUs, 90367 complete and 0 interrupted iterations
load-k6-1  | fspiopQuotes   [  75% ] 50/50 VUs  4m07.0s/5m30.0s
load-k6-1  | 
load-k6-1  | 
load-k6-1  | running (4m08.0s), 50/50 VUs, 90678 complete and 0 interrupted iterations
load-k6-1  | fspiopQuotes   [  75% ] 50/50 VUs  4m08.0s/5m30.0s
load-k6-1  | 
load-k6-1  | 
load-k6-1  | running (4m09.0s), 50/50 VUs, 91030 complete and 0 interrupted iterations
load-k6-1  | fspiopQuotes   [  75% ] 50/50 VUs  4m09.0s/5m30.0s
load-k6-1  | 
load-k6-1  | 
load-k6-1  | running (4m10.0s), 50/50 VUs, 91364 complete and 0 interrupted iterations
load-k6-1  | fspiopQuotes   [  76% ] 50/50 VUs  4m10.0s/5m30.0s
load-k6-1  | 
load-k6-1  | 
load-k6-1  | running (4m11.0s), 50/50 VUs, 91651 complete and 0 interrupted iterations
load-k6-1  | fspiopQuotes   [  76% ] 50/50 VUs  4m11.0s/5m30.0s
load-k6-1  | 
load-k6-1  | 
load-k6-1  | running (4m12.0s), 50/50 VUs, 91911 complete and 0 interrupted iterations
load-k6-1  | fspiopQuotes   [  76% ] 50/50 VUs  4m12.0s/5m30.0s
load-k6-1  | 
load-k6-1  | 
load-k6-1  | running (4m13.0s), 50/50 VUs, 92256 complete and 0 interrupted iterations
load-k6-1  | fspiopQuotes   [  77% ] 50/50 VUs  4m13.0s/5m30.0s
load-k6-1  | 
load-k6-1  | 
load-k6-1  | running (4m14.0s), 50/50 VUs, 92593 complete and 0 interrupted iterations
load-k6-1  | fspiopQuotes   [  77% ] 50/50 VUs  4m14.0s/5m30.0s
load-k6-1  | 
load-k6-1  | 
load-k6-1  | running (4m15.0s), 50/50 VUs, 92970 complete and 0 interrupted iterations
load-k6-1  | fspiopQuotes   [  77% ] 50/50 VUs  4m15.0s/5m30.0s
load-k6-1  | 
load-k6-1  | 
load-k6-1  | running (4m16.0s), 50/50 VUs, 93321 complete and 0 interrupted iterations
load-k6-1  | fspiopQuotes   [  78% ] 50/50 VUs  4m16.0s/5m30.0s
load-k6-1  | 
load-k6-1  | 
load-k6-1  | running (4m17.0s), 50/50 VUs, 93678 complete and 0 interrupted iterations
load-k6-1  | fspiopQuotes   [  78% ] 50/50 VUs  4m17.0s/5m30.0s
load-k6-1  | 
load-k6-1  | 
load-k6-1  | running (4m18.0s), 50/50 VUs, 93985 complete and 0 interrupted iterations
load-k6-1  | fspiopQuotes   [  78% ] 50/50 VUs  4m18.0s/5m30.0s
load-k6-1  | 
load-k6-1  | 
load-k6-1  | running (4m19.0s), 50/50 VUs, 94393 complete and 0 interrupted iterations
load-k6-1  | fspiopQuotes   [  78% ] 50/50 VUs  4m19.0s/5m30.0s
load-k6-1  | 
load-k6-1  | 
load-k6-1  | running (4m20.0s), 50/50 VUs, 94739 complete and 0 interrupted iterations
load-k6-1  | fspiopQuotes   [  79% ] 50/50 VUs  4m20.0s/5m30.0s
load-k6-1  | 
load-k6-1  | 
load-k6-1  | running (4m21.0s), 50/50 VUs, 95104 complete and 0 interrupted iterations
load-k6-1  | fspiopQuotes   [  79% ] 50/50 VUs  4m21.0s/5m30.0s
load-k6-1  | 
load-k6-1  | 
load-k6-1  | running (4m22.0s), 50/50 VUs, 95390 complete and 0 interrupted iterations
load-k6-1  | fspiopQuotes   [  79% ] 50/50 VUs  4m22.0s/5m30.0s
load-k6-1  | 
load-k6-1  | 
load-k6-1  | running (4m23.0s), 50/50 VUs, 95682 complete and 0 interrupted iterations
load-k6-1  | fspiopQuotes   [  80% ] 50/50 VUs  4m23.0s/5m30.0s
load-k6-1  | 
load-k6-1  | 
load-k6-1  | running (4m24.0s), 50/50 VUs, 95984 complete and 0 interrupted iterations
load-k6-1  | fspiopQuotes   [  80% ] 50/50 VUs  4m24.0s/5m30.0s
load-k6-1  | 
load-k6-1  | 
load-k6-1  | running (4m25.0s), 50/50 VUs, 96329 complete and 0 interrupted iterations
load-k6-1  | fspiopQuotes   [  80% ] 50/50 VUs  4m25.0s/5m30.0s
load-k6-1  | 
load-k6-1  | 
load-k6-1  | running (4m26.0s), 50/50 VUs, 96647 complete and 0 interrupted iterations
load-k6-1  | fspiopQuotes   [  81% ] 50/50 VUs  4m26.0s/5m30.0s
load-k6-1  | 
load-k6-1  | 
load-k6-1  | running (4m27.0s), 50/50 VUs, 96954 complete and 0 interrupted iterations
load-k6-1  | fspiopQuotes   [  81% ] 50/50 VUs  4m27.0s/5m30.0s
load-k6-1  | 
load-k6-1  | 
load-k6-1  | running (4m28.0s), 50/50 VUs, 97298 complete and 0 interrupted iterations
load-k6-1  | fspiopQuotes   [  81% ] 50/50 VUs  4m28.0s/5m30.0s
load-k6-1  | 
load-k6-1  | 
load-k6-1  | running (4m29.0s), 50/50 VUs, 97659 complete and 0 interrupted iterations
load-k6-1  | fspiopQuotes   [  82% ] 50/50 VUs  4m29.0s/5m30.0s
load-k6-1  | 
load-k6-1  | 
load-k6-1  | running (4m30.0s), 50/50 VUs, 97973 complete and 0 interrupted iterations
load-k6-1  | fspiopQuotes   [  82% ] 50/50 VUs  4m30.0s/5m30.0s
load-k6-1  | 
load-k6-1  | 
load-k6-1  | running (4m31.0s), 50/50 VUs, 98258 complete and 0 interrupted iterations
load-k6-1  | fspiopQuotes   [  82% ] 50/50 VUs  4m31.0s/5m30.0s
load-k6-1  | 
load-k6-1  | 
load-k6-1  | running (4m32.0s), 50/50 VUs, 98548 complete and 0 interrupted iterations
load-k6-1  | fspiopQuotes   [  82% ] 50/50 VUs  4m32.0s/5m30.0s
load-k6-1  | 
load-k6-1  | 
load-k6-1  | running (4m33.0s), 50/50 VUs, 98867 complete and 0 interrupted iterations
load-k6-1  | fspiopQuotes   [  83% ] 50/50 VUs  4m33.0s/5m30.0s
load-k6-1  | 
load-k6-1  | 
load-k6-1  | running (4m34.0s), 50/50 VUs, 99201 complete and 0 interrupted iterations
load-k6-1  | fspiopQuotes   [  83% ] 50/50 VUs  4m34.0s/5m30.0s
load-k6-1  | 
load-k6-1  | 
load-k6-1  | running (4m35.0s), 50/50 VUs, 99526 complete and 0 interrupted iterations
load-k6-1  | fspiopQuotes   [  83% ] 50/50 VUs  4m35.0s/5m30.0s
load-k6-1  | 
load-k6-1  | 
load-k6-1  | running (4m36.0s), 50/50 VUs, 99868 complete and 0 interrupted iterations
load-k6-1  | fspiopQuotes   [  84% ] 50/50 VUs  4m36.0s/5m30.0s
load-k6-1  | 
load-k6-1  | 
load-k6-1  | running (4m37.0s), 50/50 VUs, 100161 complete and 0 interrupted iterations
load-k6-1  | fspiopQuotes   [  84% ] 50/50 VUs  4m37.0s/5m30.0s
load-k6-1  | 
load-k6-1  | 
load-k6-1  | running (4m38.0s), 50/50 VUs, 100505 complete and 0 interrupted iterations
load-k6-1  | fspiopQuotes   [  84% ] 50/50 VUs  4m38.0s/5m30.0s
load-k6-1  | 
load-k6-1  | 
load-k6-1  | running (4m39.0s), 50/50 VUs, 100812 complete and 0 interrupted iterations
load-k6-1  | fspiopQuotes   [  85% ] 50/50 VUs  4m39.0s/5m30.0s
load-k6-1  | 
load-k6-1  | 
load-k6-1  | running (4m40.0s), 50/50 VUs, 101107 complete and 0 interrupted iterations
load-k6-1  | fspiopQuotes   [  85% ] 50/50 VUs  4m40.0s/5m30.0s
load-k6-1  | 
load-k6-1  | 
load-k6-1  | running (4m41.0s), 50/50 VUs, 101490 complete and 0 interrupted iterations
load-k6-1  | fspiopQuotes   [  85% ] 50/50 VUs  4m41.0s/5m30.0s
load-k6-1  | 
load-k6-1  | 
load-k6-1  | running (4m42.0s), 50/50 VUs, 101827 complete and 0 interrupted iterations
load-k6-1  | fspiopQuotes   [  85% ] 50/50 VUs  4m42.0s/5m30.0s
load-k6-1  | 
load-k6-1  | 
load-k6-1  | running (4m43.0s), 50/50 VUs, 102158 complete and 0 interrupted iterations
load-k6-1  | fspiopQuotes   [  86% ] 50/50 VUs  4m43.0s/5m30.0s
load-k6-1  | 
load-k6-1  | 
load-k6-1  | running (4m44.0s), 50/50 VUs, 102505 complete and 0 interrupted iterations
load-k6-1  | fspiopQuotes   [  86% ] 50/50 VUs  4m44.0s/5m30.0s
load-k6-1  | 
load-k6-1  | 
load-k6-1  | running (4m45.0s), 50/50 VUs, 102874 complete and 0 interrupted iterations
load-k6-1  | fspiopQuotes   [  86% ] 50/50 VUs  4m45.0s/5m30.0s
load-k6-1  | 
load-k6-1  | 
load-k6-1  | running (4m46.0s), 50/50 VUs, 103282 complete and 0 interrupted iterations
load-k6-1  | fspiopQuotes   [  87% ] 50/50 VUs  4m46.0s/5m30.0s
load-k6-1  | 
load-k6-1  | 
load-k6-1  | running (4m47.0s), 50/50 VUs, 103567 complete and 0 interrupted iterations
load-k6-1  | fspiopQuotes   [  87% ] 50/50 VUs  4m47.0s/5m30.0s
load-k6-1  | 
load-k6-1  | 
load-k6-1  | running (4m48.0s), 50/50 VUs, 103875 complete and 0 interrupted iterations
load-k6-1  | fspiopQuotes   [  87% ] 50/50 VUs  4m48.0s/5m30.0s
load-k6-1  | 
load-k6-1  | 
load-k6-1  | running (4m49.0s), 50/50 VUs, 104176 complete and 0 interrupted iterations
load-k6-1  | fspiopQuotes   [  88% ] 50/50 VUs  4m49.0s/5m30.0s
load-k6-1  | 
load-k6-1  | 
load-k6-1  | running (4m50.0s), 50/50 VUs, 104526 complete and 0 interrupted iterations
load-k6-1  | fspiopQuotes   [  88% ] 50/50 VUs  4m50.0s/5m30.0s
load-k6-1  | 
load-k6-1  | 
load-k6-1  | running (4m51.0s), 50/50 VUs, 104827 complete and 0 interrupted iterations
load-k6-1  | fspiopQuotes   [  88% ] 50/50 VUs  4m51.0s/5m30.0s
load-k6-1  | 
load-k6-1  | 
load-k6-1  | running (4m52.0s), 50/50 VUs, 105141 complete and 0 interrupted iterations
load-k6-1  | fspiopQuotes   [  88% ] 50/50 VUs  4m52.0s/5m30.0s
load-k6-1  | 
load-k6-1  | 
load-k6-1  | running (4m53.0s), 50/50 VUs, 105500 complete and 0 interrupted iterations
load-k6-1  | fspiopQuotes   [  89% ] 50/50 VUs  4m53.0s/5m30.0s
load-k6-1  | 
load-k6-1  | 
load-k6-1  | running (4m54.0s), 50/50 VUs, 105824 complete and 0 interrupted iterations
load-k6-1  | fspiopQuotes   [  89% ] 50/50 VUs  4m54.0s/5m30.0s
load-k6-1  | 
load-k6-1  | 
load-k6-1  | running (4m55.0s), 50/50 VUs, 106162 complete and 0 interrupted iterations
load-k6-1  | fspiopQuotes   [  89% ] 50/50 VUs  4m55.0s/5m30.0s
load-k6-1  | 
load-k6-1  | 
load-k6-1  | running (4m56.0s), 50/50 VUs, 106541 complete and 0 interrupted iterations
load-k6-1  | fspiopQuotes   [  90% ] 50/50 VUs  4m56.0s/5m30.0s
load-k6-1  | 
load-k6-1  | 
load-k6-1  | running (4m57.0s), 50/50 VUs, 106839 complete and 0 interrupted iterations
load-k6-1  | fspiopQuotes   [  90% ] 50/50 VUs  4m57.0s/5m30.0s
load-k6-1  | 
load-k6-1  | 
load-k6-1  | running (4m58.0s), 50/50 VUs, 107206 complete and 0 interrupted iterations
load-k6-1  | fspiopQuotes   [  90% ] 50/50 VUs  4m58.0s/5m30.0s
load-k6-1  | 
load-k6-1  | 
load-k6-1  | running (4m59.0s), 50/50 VUs, 107571 complete and 0 interrupted iterations
load-k6-1  | fspiopQuotes   [  91% ] 50/50 VUs  4m59.0s/5m30.0s
load-k6-1  | 
load-k6-1  | 
load-k6-1  | running (5m00.0s), 50/50 VUs, 107949 complete and 0 interrupted iterations
load-k6-1  | fspiopQuotes   [  91% ] 50/50 VUs  5m00.0s/5m30.0s
load-k6-1  | 
load-k6-1  | 
load-k6-1  | running (5m01.0s), 50/50 VUs, 108331 complete and 0 interrupted iterations
load-k6-1  | fspiopQuotes   [  91% ] 50/50 VUs  5m01.0s/5m30.0s
load-k6-1  | 
load-k6-1  | 
load-k6-1  | running (5m02.0s), 50/50 VUs, 108715 complete and 0 interrupted iterations
load-k6-1  | fspiopQuotes   [  92% ] 50/50 VUs  5m02.0s/5m30.0s
load-k6-1  | 
load-k6-1  | 
load-k6-1  | running (5m03.0s), 50/50 VUs, 109131 complete and 0 interrupted iterations
load-k6-1  | fspiopQuotes   [  92% ] 50/50 VUs  5m03.0s/5m30.0s
load-k6-1  | 
load-k6-1  | 
load-k6-1  | running (5m04.0s), 50/50 VUs, 109498 complete and 0 interrupted iterations
load-k6-1  | fspiopQuotes   [  92% ] 50/50 VUs  5m04.0s/5m30.0s
load-k6-1  | 
load-k6-1  | 
load-k6-1  | running (5m05.0s), 50/50 VUs, 109846 complete and 0 interrupted iterations
load-k6-1  | fspiopQuotes   [  92% ] 50/50 VUs  5m05.0s/5m30.0s
load-k6-1  | 
load-k6-1  | 
load-k6-1  | running (5m06.0s), 50/50 VUs, 110261 complete and 0 interrupted iterations
load-k6-1  | fspiopQuotes   [  93% ] 50/50 VUs  5m06.0s/5m30.0s
load-k6-1  | 
load-k6-1  | 
load-k6-1  | running (5m07.0s), 50/50 VUs, 110633 complete and 0 interrupted iterations
load-k6-1  | fspiopQuotes   [  93% ] 50/50 VUs  5m07.0s/5m30.0s
load-k6-1  | 
load-k6-1  | 
load-k6-1  | running (5m08.0s), 50/50 VUs, 110993 complete and 0 interrupted iterations
load-k6-1  | fspiopQuotes   [  93% ] 50/50 VUs  5m08.0s/5m30.0s
load-k6-1  | 
load-k6-1  | 
load-k6-1  | running (5m09.0s), 50/50 VUs, 111348 complete and 0 interrupted iterations
load-k6-1  | fspiopQuotes   [  94% ] 50/50 VUs  5m09.0s/5m30.0s
load-k6-1  | 
load-k6-1  | 
load-k6-1  | running (5m10.0s), 50/50 VUs, 111702 complete and 0 interrupted iterations
load-k6-1  | fspiopQuotes   [  94% ] 50/50 VUs  5m10.0s/5m30.0s
load-k6-1  | 
load-k6-1  | 
load-k6-1  | running (5m11.0s), 50/50 VUs, 112037 complete and 0 interrupted iterations
load-k6-1  | fspiopQuotes   [  94% ] 50/50 VUs  5m11.0s/5m30.0s
load-k6-1  | 
load-k6-1  | 
load-k6-1  | running (5m12.0s), 50/50 VUs, 112352 complete and 0 interrupted iterations
load-k6-1  | fspiopQuotes   [  95% ] 50/50 VUs  5m12.0s/5m30.0s
load-k6-1  | 
load-k6-1  | 
load-k6-1  | running (5m13.0s), 50/50 VUs, 112712 complete and 0 interrupted iterations
load-k6-1  | fspiopQuotes   [  95% ] 50/50 VUs  5m13.0s/5m30.0s
load-k6-1  | 
load-k6-1  | 
load-k6-1  | running (5m14.0s), 50/50 VUs, 113063 complete and 0 interrupted iterations
load-k6-1  | fspiopQuotes   [  95% ] 50/50 VUs  5m14.0s/5m30.0s
load-k6-1  | 
load-k6-1  | 
load-k6-1  | running (5m15.0s), 50/50 VUs, 113343 complete and 0 interrupted iterations
load-k6-1  | fspiopQuotes   [  95% ] 50/50 VUs  5m15.0s/5m30.0s
load-k6-1  | 
load-k6-1  | 
load-k6-1  | running (5m16.0s), 50/50 VUs, 113648 complete and 0 interrupted iterations
load-k6-1  | fspiopQuotes   [  96% ] 50/50 VUs  5m16.0s/5m30.0s
load-k6-1  | 
load-k6-1  | 
load-k6-1  | running (5m17.0s), 50/50 VUs, 113951 complete and 0 interrupted iterations
load-k6-1  | fspiopQuotes   [  96% ] 50/50 VUs  5m17.0s/5m30.0s
load-k6-1  | 
load-k6-1  | 
load-k6-1  | running (5m18.0s), 50/50 VUs, 114241 complete and 0 interrupted iterations
load-k6-1  | fspiopQuotes   [  96% ] 50/50 VUs  5m18.0s/5m30.0s
load-k6-1  | 
load-k6-1  | 
load-k6-1  | running (5m19.0s), 50/50 VUs, 114624 complete and 0 interrupted iterations
load-k6-1  | fspiopQuotes   [  97% ] 50/50 VUs  5m19.0s/5m30.0s
load-k6-1  | 
load-k6-1  | 
load-k6-1  | running (5m20.0s), 50/50 VUs, 114960 complete and 0 interrupted iterations
load-k6-1  | fspiopQuotes   [  97% ] 50/50 VUs  5m20.0s/5m30.0s
load-k6-1  | 
load-k6-1  | 
load-k6-1  | running (5m21.0s), 50/50 VUs, 115249 complete and 0 interrupted iterations
load-k6-1  | fspiopQuotes   [  97% ] 50/50 VUs  5m21.0s/5m30.0s
load-k6-1  | 
load-k6-1  | 
load-k6-1  | running (5m22.0s), 50/50 VUs, 115536 complete and 0 interrupted iterations
load-k6-1  | fspiopQuotes   [  98% ] 50/50 VUs  5m22.0s/5m30.0s
load-k6-1  | 
load-k6-1  | 
load-k6-1  | running (5m23.0s), 50/50 VUs, 115824 complete and 0 interrupted iterations
load-k6-1  | fspiopQuotes   [  98% ] 50/50 VUs  5m23.0s/5m30.0s
load-k6-1  | 
load-k6-1  | 
load-k6-1  | running (5m24.0s), 50/50 VUs, 116225 complete and 0 interrupted iterations
load-k6-1  | fspiopQuotes   [  98% ] 50/50 VUs  5m24.0s/5m30.0s
load-k6-1  | 
load-k6-1  | 
load-k6-1  | running (5m25.0s), 50/50 VUs, 116552 complete and 0 interrupted iterations
load-k6-1  | fspiopQuotes   [  98% ] 50/50 VUs  5m25.0s/5m30.0s
load-k6-1  | 
load-k6-1  | 
load-k6-1  | running (5m26.0s), 50/50 VUs, 116856 complete and 0 interrupted iterations
load-k6-1  | fspiopQuotes   [  99% ] 50/50 VUs  5m26.0s/5m30.0s
load-k6-1  | 
load-k6-1  | 
load-k6-1  | running (5m27.0s), 50/50 VUs, 117204 complete and 0 interrupted iterations
load-k6-1  | fspiopQuotes   [  99% ] 50/50 VUs  5m27.0s/5m30.0s
load-k6-1  | 
load-k6-1  | 
load-k6-1  | running (5m28.0s), 50/50 VUs, 117459 complete and 0 interrupted iterations
load-k6-1  | fspiopQuotes   [  99% ] 50/50 VUs  5m28.0s/5m30.0s
load-k6-1  | 
load-k6-1  | 
load-k6-1  | running (5m29.0s), 50/50 VUs, 117735 complete and 0 interrupted iterations
load-k6-1  | fspiopQuotes   [ 100% ] 50/50 VUs  5m29.0s/5m30.0s
load-k6-1  | 
load-k6-1  | 
load-k6-1  | running (5m30.0s), 50/50 VUs, 118019 complete and 0 interrupted iterations
load-k6-1  | fspiopQuotes   [ 100% ] 50/50 VUs  5m30.0s/5m30.0s
load-k6-1  | 
load-k6-1  | 
load-k6-1  |      ✓ QUOTES_FSPIOP_POST_QUOTES_RESPONSE_IS_202
load-k6-1  |      ✓ QUOTES_E2E_FSPIOP_POST_QUOTES_SUCCESS
load-k6-1  | 
load-k6-1  |      █ Post Quotes
load-k6-1  | 
load-k6-1  |      checks.........................: 100.00% ✓ 236140    ✗ 0     
load-k6-1  |      data_received..................: 37 MB   112 kB/s
load-k6-1  |      data_sent......................: 142 MB  429 kB/s
load-k6-1  |      group_duration.................: avg=223.38µs min=126.37µs med=216.31µs max=28.56ms  p(90)=265.58µs p(95)=282.47µs
load-k6-1  |      http_req_blocked...............: avg=4.71µs   min=1.35µs   med=3.84µs   max=70.78ms  p(90)=4.86µs   p(95)=5.32µs  
load-k6-1  |      http_req_connecting............: avg=644ns    min=0s       med=0s       max=70.73ms  p(90)=0s       p(95)=0s      
load-k6-1  |    ✓ http_req_duration..............: avg=4.46ms   min=1.11ms   med=3.18ms   max=107.12ms p(90)=9.36ms   p(95)=11.21ms 
load-k6-1  |        { expected_response:true }...: avg=4.46ms   min=1.11ms   med=3.18ms   max=107.12ms p(90)=9.36ms   p(95)=11.21ms 
load-k6-1  |    ✓ http_req_failed................: 0.00%   ✓ 0         ✗ 118070
load-k6-1  |      http_req_receiving.............: avg=29.98µs  min=8.17µs   med=27.84µs  max=13.86ms  p(90)=36.54µs  p(95)=40.64µs 
load-k6-1  |      http_req_sending...............: avg=21.59µs  min=8.5µs    med=20.78µs  max=11.01ms  p(90)=26.19µs  p(95)=28.01µs 
load-k6-1  |      http_req_tls_handshaking.......: avg=0s       min=0s       med=0s       max=0s       p(90)=0s       p(95)=0s      
load-k6-1  |      http_req_waiting...............: avg=4.4ms    min=1.06ms   med=3.13ms   max=107.08ms p(90)=9.3ms    p(95)=11.16ms 
load-k6-1  |      http_reqs......................: 118070  357.66067/s
load-k6-1  |    ✓ iteration_duration.............: avg=133.4ms  min=9.92ms   med=144.26ms max=637.12ms p(90)=206.7ms  p(95)=305.55ms
load-k6-1  |      iterations.....................: 118070  357.66067/s
load-k6-1  |      vus............................: 50      min=2       max=50  
load-k6-1  |      vus_max........................: 50      min=50      max=50  
load-k6-1  |      ws_connecting..................: avg=701.14µs min=186.19µs med=398.59µs max=48.11ms  p(90)=1.48ms   p(95)=2.01ms  
load-k6-1  |      ws_msgs_received...............: 118070  357.66067/s
load-k6-1  |      ws_msgs_sent...................: 118070  357.66067/s
load-k6-1  |      ws_session_duration............: avg=133.1ms  min=9.61ms   med=143.96ms max=636.86ms p(90)=206.41ms p(95)=305.25ms
load-k6-1  |      ws_sessions....................: 118070  357.66067/s
load-k6-1  | 
load-k6-1  | 
load-k6-1  | running (5m30.1s), 00/50 VUs, 118070 complete and 0 interrupted iterations
load-k6-1  | fspiopQuotes ✓ [ 100% ] 00/50 VUs  5m30s
load-k6-1  | 
load-k6-1 exited with code 0
